Log file open, 07/25/19 22:54:12
LogWindows: Failed to load 'aqProf.dll' (GetLastError=126)
LogWindows: File 'aqProf.dll' does not exist
LogWindows: Failed to load 'VtuneApi.dll' (GetLastError=126)
LogWindows: File 'VtuneApi.dll' does not exist
LogWindows: Failed to load 'VtuneApi32e.dll' (GetLastError=126)
LogWindows: File 'VtuneApi32e.dll' does not exist
LogInit: Display: Running engine for game: Project_Tether
LogPlatformFile: Not using cached read wrapper
LogTaskGraph: Started task graph with 5 named threads and 35 total threads with 3 sets of task threads.
LogStats: Stats thread started at 0.397524
LogD3D11RHI: Loaded GFSDK_Aftermath_Lib.x64.dll
LogICUInternationalization: Display: ICU TimeZone Detection - Raw Offset: -5:00, Platform Override: ''
LogPluginManager: Mounting plugin Paper2D
LogPluginManager: Mounting plugin AISupport
LogPluginManager: Mounting plugin LightPropagationVolume
LogPluginManager: Mounting plugin CLionSourceCodeAccess
LogPluginManager: Mounting plugin CodeLiteSourceCodeAccess
LogPluginManager: Mounting plugin GitSourceControl
LogPluginManager: Mounting plugin KDevelopSourceCodeAccess
LogPluginManager: Mounting plugin NullSourceCodeAccess
LogPluginManager: Mounting plugin PerforceSourceControl
LogPluginManager: Mounting plugin SubversionSourceControl
LogPluginManager: Mounting plugin UObjectPlugin
LogPluginManager: Mounting plugin VisualStudioCodeSourceCodeAccess
LogPluginManager: Mounting plugin VisualStudioSourceCodeAccess
LogPluginManager: Mounting plugin XCodeSourceCodeAccess
LogPluginManager: Mounting plugin AssetManagerEditor
LogPluginManager: Mounting plugin CryptoKeys
LogPluginManager: Mounting plugin DataValidation
LogPluginManager: Mounting plugin FacialAnimation
LogPluginManager: Mounting plugin GameplayTagsEditor
LogPluginManager: Mounting plugin MacGraphicsSwitching
LogPluginManager: Mounting plugin MeshEditor
LogPluginManager: Mounting plugin MobileLauncherProfileWizard
LogPluginManager: Mounting plugin PluginBrowser
LogPluginManager: Mounting plugin SpeedTreeImporter
LogPluginManager: Mounting plugin DatasmithContent
LogPluginManager: Mounting plugin AlembicImporter
LogPluginManager: Mounting plugin AppleImageUtils
LogPluginManager: Mounting plugin AppleVision
LogPluginManager: Mounting plugin BackChannel
LogPluginManager: Mounting plugin CharacterAI
LogPluginManager: Mounting plugin GeometryCache
LogPluginManager: Mounting plugin HTML5Networking
LogPluginManager: Mounting plugin ProxyLODPlugin
LogPluginManager: Mounting plugin MagicLeap
LogPluginManager: Mounting plugin MagicLeapEmulator
LogPluginManager: Mounting plugin MagicLeapMedia
LogPluginManager: Mounting plugin AndroidMedia
LogPluginManager: Mounting plugin AvfMedia
LogPluginManager: Mounting plugin ImgMedia
LogPluginManager: Mounting plugin LinearTimecode
LogPluginManager: Mounting plugin MediaCompositing
LogPluginManager: Mounting plugin MediaPlayerEditor
LogPluginManager: Mounting plugin WmfMedia
LogPluginManager: Mounting plugin TcpMessaging
LogPluginManager: Mounting plugin UdpMessaging
LogPluginManager: Mounting plugin ActorSequence
LogPluginManager: Mounting plugin LevelSequenceEditor
LogPluginManager: Mounting plugin MatineeToLevelSequence
LogPluginManager: Mounting plugin NetcodeUnitTest
LogPluginManager: Mounting plugin NUTUnrealEngine4
LogPluginManager: Mounting plugin OnlineSubsystemGooglePlay
LogPluginManager: Mounting plugin OnlineSubsystemIOS
LogPluginManager: Mounting plugin OnlineSubsystem
LogPluginManager: Mounting plugin OnlineSubsystemNull
LogPluginManager: Mounting plugin OnlineSubsystemUtils
LogPluginManager: Mounting plugin LauncherChunkInstaller
LogPluginManager: Mounting plugin AndroidDeviceProfileSelector
LogPluginManager: Mounting plugin AndroidMoviePlayer
LogPluginManager: Mounting plugin AndroidPermission
LogPluginManager: Mounting plugin AppleMoviePlayer
LogPluginManager: Mounting plugin ArchVisCharacter
LogPluginManager: Mounting plugin AudioCapture
LogPluginManager: Mounting plugin CableComponent
LogPluginManager: Mounting plugin CustomMeshComponent
LogPluginManager: Mounting plugin EditableMesh
LogPluginManager: Mounting plugin ExampleDeviceProfileSelector
LogPluginManager: Mounting plugin GoogleCloudMessaging
LogPluginManager: Mounting plugin ImmediatePhysics
LogPluginManager: Mounting plugin IOSDeviceProfileSelector
LogPluginManager: Mounting plugin LinuxDeviceProfileSelector
LogPluginManager: Mounting plugin LocationServicesBPLibrary
LogPluginManager: Mounting plugin MobilePatchingUtils
LogPluginManager: Mounting plugin OculusVR
LogPluginManager: Plugin shader directory ../../../Engine/Plugins/Runtime/Oculus/OculusVR/Shaders found
LogPluginManager: Mapping shader source directory ../../../Engine/Plugins/Runtime/Oculus/OculusVR/Shaders to virtual directory /Plugin/OculusVR
LogPluginManager: Mounting plugin PhysXVehicles
LogPluginManager: Mounting plugin ProceduralMeshComponent
LogPluginManager: Mounting plugin RuntimePhysXCooking
LogPluginManager: Mounting plugin SteamVR
LogPluginManager: Mounting plugin WindowsMoviePlayer
LogStreaming: Display: Took  0.073s to configure plugins.
LogInit: Using libcurl 7.55.1-DEV
LogInit:  - built for x86_64-pc-win32
LogInit:  - supports SSL with OpenSSL/1.0.2h
LogInit:  - supports HTTP deflate (compression) using libz 1.2.8
LogInit:  - other features:
LogInit:      CURL_VERSION_SSL
LogInit:      CURL_VERSION_LIBZ
LogInit:      CURL_VERSION_IPV6
LogInit:      CURL_VERSION_ASYNCHDNS
LogInit:      CURL_VERSION_LARGEFILE
LogInit:      CURL_VERSION_IDN
LogInit:  CurlRequestOptions (configurable via config and command line):
LogInit:  - bVerifyPeer = false  - Libcurl will NOT verify peer certificate
LogInit:  - bUseHttpProxy = false  - Libcurl will NOT use HTTP proxy
LogInit:  - bDontReuseConnections = false  - Libcurl will reuse connections
LogInit:  - CertBundlePath = nullptr  - Libcurl will use whatever was configured at build time.
LogInit:  - MaxHostConnections = 16  - Libcurl will limit the number of connections to a host
LogInit:  - LocalHostAddr = Default
LogInit:  - BufferSize = 65536
LogInit: WinSock: version 1.1 (2.2), MaxSocks=32767, MaxUdp=65467
LogInit: Build: ++UE4+Release-4.20-CL-4369336
LogInit: Engine Version: 4.20.3-4369336+++UE4+Release-4.20
LogInit: Compatible Engine Version: 4.20.0-4212847+++UE4+Release-4.20
LogInit: Net CL: 4212847
LogInit: OS: Windows 10 (), CPU: Intel(R) Core(TM) i7-8700K CPU @ 3.70GHz, GPU: NVIDIA GeForce GTX 1060 6GB
LogInit: Compiled (64-bit): Sep 17 2018 12:26:19
LogInit: Compiled with Visual C++: 19.13.26129.00
LogInit: Build Configuration: Development
LogInit: Branch Name: ++UE4+Release-4.20
LogInit: Command Line: 
LogInit: Base Directory: E:/Epic Games Games/UE_4.20/Engine/Binaries/Win64/
LogInit: Installed Engine Build: 1
LogDevObjectVersion: Number of dev versions registered: 20
LogDevObjectVersion:   Dev-Blueprints (B0D832E4-1F89-4F0D-ACCF-7EB736FD4AA2): 10
LogDevObjectVersion:   Dev-Build (E1C64328-A22C-4D53-A36C-8E866417BD8C): 0
LogDevObjectVersion:   Dev-Core (375EC13C-06E4-48FB-B500-84F0262A717E): 2
LogDevObjectVersion:   Dev-Editor (E4B068ED-F494-42E9-A231-DA0B2E46BB41): 24
LogDevObjectVersion:   Dev-Framework (CFFC743F-43B0-4480-9391-14DF171D2073): 34
LogDevObjectVersion:   Dev-Mobile (B02B49B5-BB20-44E9-A304-32B752E40360): 2
LogDevObjectVersion:   Dev-Networking (A4E4105C-59A1-49B5-A7C5-40C4547EDFEE): 0
LogDevObjectVersion:   Dev-Online (39C831C9-5AE6-47DC-9A44-9C173E1C8E7C): 0
LogDevObjectVersion:   Dev-Physics (78F01B33-EBEA-4F98-B9B4-84EACCB95AA2): 0
LogDevObjectVersion:   Dev-Platform (6631380F-2D4D-43E0-8009-CF276956A95A): 0
LogDevObjectVersion:   Dev-Rendering (12F88B9F-8875-4AFC-A67C-D90C383ABD29): 26
LogDevObjectVersion:   Dev-Sequencer (7B5AE74C-D270-4C10-A958-57980B212A5A): 9
LogDevObjectVersion:   Dev-VR (D7296918-1DD6-4BDD-9DE2-64A83CC13884): 2
LogDevObjectVersion:   Dev-LoadTimes (C2A15278-BFE7-4AFE-6C17-90FF531DF755): 1
LogDevObjectVersion:   Private-Geometry (6EACA3D4-40EC-4CC1-B786-8BED09428FC5): 3
LogDevObjectVersion:   Dev-AnimPhys (29E575DD-E0A3-4627-9D10-D276232CDCEA): 17
LogDevObjectVersion:   Dev-ReflectionCapture (6B266CEC-1EC7-4B8F-A30B-E4D90942FC07): 1
LogDevObjectVersion:   Dev-Automation (0DF73D61-A23F-47EA-B727-89E90C41499A): 1
LogDevObjectVersion:   FortniteMain (601D1886-AC64-4F84-AA16-D3DE0DEAC7D6): 12
LogDevObjectVersion:   Dev-Enterprise (9DFFBCD6-494F-0158-E221-12823C92A888): 1
LogStreaming: Display: Took  0.001s to delete old logs.
LogInit: Presizing for max 8388607 objects, including 0 objects not considered by GC, pre-allocating 0 bytes for permanent pool.
LogInit: Object subsystem initialized
[2019.07.26-02.54.12:557][  0]LogInit: Selected Device Profile: [Windows]
[2019.07.26-02.54.12:557][  0]LogInit: Applying CVar settings loaded from the selected device profile: [Windows]
[2019.07.26-02.54.12:590][  0]LogHAL: Display: Platform has ~ 16 GB [17121992704 / 17179869184 / 16], which maps to Larger [LargestMinGB=32, LargerMinGB=12, DefaultMinGB=8, SmallerMinGB=6, SmallestMinGB=0)
[2019.07.26-02.54.12:590][  0]LogInit: Setting Device Profile CVar: [[r.Vulkan.UseRealUBs:1]]
[2019.07.26-02.54.12:590][  0]LogInit: Going up to parent DeviceProfile []
[2019.07.26-02.54.12:590][  0]LogInit: Computer: AARONS-DESKTOP
[2019.07.26-02.54.12:590][  0]LogInit: User: AaronsDesktop
[2019.07.26-02.54.12:590][  0]LogInit: CPU Page size=4096, Cores=6
[2019.07.26-02.54.12:590][  0]LogInit: High frequency timer resolution =3.609376 MHz
[2019.07.26-02.54.12:591][  0]LogMemory: Memory total: Physical=15.9GB (16GB approx)
[2019.07.26-02.54.12:591][  0]LogMemory: Platform Memory Stats for Windows
[2019.07.26-02.54.12:591][  0]LogMemory: Process Physical Memory: 102.38 MB used, 102.38 MB peak
[2019.07.26-02.54.12:591][  0]LogMemory: Process Virtual Memory: 98.41 MB used, 98.41 MB peak
[2019.07.26-02.54.12:591][  0]LogMemory: Physical Memory: 7304.61 MB used,  9024.20 MB free, 16328.80 MB total
[2019.07.26-02.54.12:591][  0]LogMemory: Virtual Memory: 4669.73 MB used,  9024.20 MB free, 134217728.00 MB total
[2019.07.26-02.54.12:620][  0]LogInit: Using OS detected language (en-US).
[2019.07.26-02.54.12:620][  0]LogInit: Using OS detected locale (en-US).
[2019.07.26-02.54.12:621][  0]LogTextLocalizationManager: No specific localization for 'en-US' exists, so the 'en' localization will be used.
[2019.07.26-02.54.12:905][  0]LogStreaming: Display: Took  0.284s to InitEngineTextLocalization.
[2019.07.26-02.54.12:906][  0]LogInit: Setting process to per monitor DPI aware
[2019.07.26-02.54.12:931][  0]LogSlate: New Slate User Created.  User Index 0, Is Virtual User: 0
[2019.07.26-02.54.12:931][  0]LogSlate: Slate User Registered.  User Index 0, Is Virtual User: 0
[2019.07.26-02.54.13:083][  0]LogHMD: Failed to initialize OpenVR with code 110
[2019.07.26-02.54.13:083][  0]LogD3D11RHI: D3D11 adapters:
[2019.07.26-02.54.13:145][  0]LogD3D11RHI:    0. 'NVIDIA GeForce GTX 1060 6GB' (Feature Level 11_0)
[2019.07.26-02.54.13:145][  0]LogD3D11RHI:       6052/0/8164 MB DedicatedVideo/DedicatedSystem/SharedSystem, Outputs:2, VendorId:0x10de
[2019.07.26-02.54.13:147][  0]LogD3D11RHI:    1. 'Microsoft Basic Render Driver' (Feature Level 11_0)
[2019.07.26-02.54.13:147][  0]LogD3D11RHI:       0/0/8164 MB DedicatedVideo/DedicatedSystem/SharedSystem, Outputs:0, VendorId:0x1414
[2019.07.26-02.54.13:147][  0]LogD3D11RHI: Chosen D3D11 Adapter: 0
[2019.07.26-02.54.13:153][  0]LogD3D11RHI: Creating new Direct3DDevice
[2019.07.26-02.54.13:153][  0]LogD3D11RHI:     GPU DeviceId: 0x1c03 (for the marketing name, search the web for "GPU Device Id")
[2019.07.26-02.54.13:153][  0]LogWindows: EnumDisplayDevices:
[2019.07.26-02.54.13:154][  0]LogWindows:    0. 'NVIDIA GeForce GTX 1060 6GB' (P:1 D:1)
[2019.07.26-02.54.13:154][  0]LogWindows:    1. 'NVIDIA GeForce GTX 1060 6GB' (P:0 D:1)
[2019.07.26-02.54.13:154][  0]LogWindows:    2. 'NVIDIA GeForce GTX 1060 6GB' (P:0 D:0)
[2019.07.26-02.54.13:154][  0]LogWindows:    3. 'NVIDIA GeForce GTX 1060 6GB' (P:0 D:0)
[2019.07.26-02.54.13:154][  0]LogWindows: DebugString: FoundDriverCount:4 
[2019.07.26-02.54.13:154][  0]LogD3D11RHI:     Adapter Name: NVIDIA GeForce GTX 1060 6GB
[2019.07.26-02.54.13:154][  0]LogD3D11RHI:   Driver Version: 418.81 (internal:25.21.14.1881, unified:418.81)
[2019.07.26-02.54.13:154][  0]LogD3D11RHI:      Driver Date: 1-30-2019
[2019.07.26-02.54.13:154][  0]LogRHI: Texture pool is 4236 MB (70% of 6052 MB)
[2019.07.26-02.54.13:187][  0]LogD3D11RHI: Async texture creation enabled
[2019.07.26-02.54.13:214][  0]LogD3D11RHI: GPU Timing Frequency: 1000.000000 (Debug: 2 1)
[2019.07.26-02.54.13:311][  0]LogShaderCompilers: Guid format shader working directory is -14 characters bigger than the processId version (../../../../../Projects/IronForgedGames/Project_Tether/Project_Tether/Intermediate/Shaders/WorkingDirectory/17436/).
[2019.07.26-02.54.13:311][  0]LogShaderCompilers: Cleaned the shader compiler working directory 'C:/Users/Aaron's Desktop/AppData/Local/Temp/UnrealShaderWorkingDir/4D5726A94A2C11CF9E8579808355BAC0/'.
[2019.07.26-02.54.13:668][  0]LogTemp: Display: Loaded TP AllDesktopTargetPlatform
[2019.07.26-02.54.13:681][  0]LogTemp: Display: Loaded TP MacClientTargetPlatform
[2019.07.26-02.54.13:692][  0]LogTemp: Display: Loaded TP MacNoEditorTargetPlatform
[2019.07.26-02.54.13:702][  0]LogTemp: Display: Loaded TP MacServerTargetPlatform
[2019.07.26-02.54.13:712][  0]LogTemp: Display: Loaded TP MacTargetPlatform
[2019.07.26-02.54.13:721][  0]LogTemp: Display: Loaded TP WindowsClientTargetPlatform
[2019.07.26-02.54.13:732][  0]LogTemp: Display: Loaded TP WindowsNoEditorTargetPlatform
[2019.07.26-02.54.13:742][  0]LogTemp: Display: Loaded TP WindowsServerTargetPlatform
[2019.07.26-02.54.13:747][  0]LogTemp: Display: Loaded TP WindowsTargetPlatform
[2019.07.26-02.54.13:817][  0]LogTemp: Display: Loaded TP AndroidTargetPlatform
[2019.07.26-02.54.13:817][  0]LogTemp: Display: Loaded TP AndroidTargetPlatform
[2019.07.26-02.54.13:817][  0]LogTemp: Display: Loaded TP AndroidTargetPlatform
[2019.07.26-02.54.13:817][  0]LogTemp: Display: Loaded TP AndroidTargetPlatform
[2019.07.26-02.54.13:817][  0]LogTemp: Display: Loaded TP AndroidTargetPlatform
[2019.07.26-02.54.13:817][  0]LogTemp: Display: Loaded TP AndroidTargetPlatform
[2019.07.26-02.54.13:817][  0]LogTemp: Display: Loaded TP AndroidTargetPlatform
[2019.07.26-02.54.13:817][  0]LogTemp: Display: Loaded TP AndroidTargetPlatform
[2019.07.26-02.54.13:817][  0]LogTemp: Display: Loaded TP AndroidTargetPlatform
[2019.07.26-02.54.13:817][  0]LogTemp: Display: Loaded TP AndroidTargetPlatform
[2019.07.26-02.54.13:817][  0]LogTemp: Display: Loaded TP AndroidTargetPlatform
[2019.07.26-02.54.13:817][  0]LogTemp: Display: Loaded TP AndroidTargetPlatform
[2019.07.26-02.54.13:817][  0]LogTemp: Display: Loaded TP AndroidTargetPlatform
[2019.07.26-02.54.13:817][  0]LogTemp: Display: Loaded TP AndroidTargetPlatform
[2019.07.26-02.54.13:817][  0]LogTemp: Display: Loaded TP AndroidTargetPlatform
[2019.07.26-02.54.13:817][  0]LogTemp: Display: Loaded TP AndroidTargetPlatform
[2019.07.26-02.54.13:817][  0]LogTemp: Display: Loaded TP AndroidTargetPlatform
[2019.07.26-02.54.13:817][  0]LogTemp: Display: Loaded TP AndroidTargetPlatform
[2019.07.26-02.54.13:819][  0]LogTemp: Display: Loaded TP HTML5TargetPlatform
[2019.07.26-02.54.13:876][  0]LogTemp: Display: Loaded TP IOSTargetPlatform
[2019.07.26-02.54.13:876][  0]LogTemp: Display: Loaded TP IOSTargetPlatform
[2019.07.26-02.54.13:897][  0]LogTemp: Display: Loaded TP TVOSTargetPlatform
[2019.07.26-02.54.13:897][  0]LogTemp: Display: Loaded TP TVOSTargetPlatform
[2019.07.26-02.54.13:913][  0]LogTemp: Display: Loaded TP LinuxClientTargetPlatform
[2019.07.26-02.54.13:928][  0]LogTemp: Display: Loaded TP LinuxNoEditorTargetPlatform
[2019.07.26-02.54.13:943][  0]LogTemp: Display: Loaded TP LinuxServerTargetPlatform
[2019.07.26-02.54.13:954][  0]LogTemp: Display: Loaded TP LinuxTargetPlatform
[2019.07.26-02.54.13:962][  0]LogTemp: Display: Loaded TP LuminTargetPlatform
[2019.07.26-02.54.13:962][  0]LogTargetPlatformManager: Display: Building Assets For Windows
[2019.07.26-02.54.14:010][  0]LogXGEController: Cleaning working directory: C:/Users/Aaron's Desktop/AppData/Local/Temp/UnrealXGEWorkingDir/
[2019.07.26-02.54.14:010][  0]LogXGEController: Cannot use XGE Controller as Incredibuild is not installed on this machine.
[2019.07.26-02.54.14:010][  0]LogShaderCompilers: Cannot use XGE Shader Compiler as Incredibuild is not installed on this machine.
[2019.07.26-02.54.14:010][  0]LogShaderCompilers: Display: Using Local Shader Compiler.
[2019.07.26-02.54.14:604][  0]LogDerivedDataCache: Display: Max Cache Size: 512 MB
[2019.07.26-02.54.14:650][  0]LogDerivedDataCache: Loaded boot cache 0.05s 71MB C:/Users/Aaron's Desktop/AppData/Local/UnrealEngine/4.20/DerivedDataCache/Boot.ddc.
[2019.07.26-02.54.14:650][  0]LogDerivedDataCache: Display: Loaded Boot cache: C:/Users/Aaron's Desktop/AppData/Local/UnrealEngine/4.20/DerivedDataCache/Boot.ddc
[2019.07.26-02.54.14:650][  0]LogDerivedDataCache: FDerivedDataBackendGraph:  Pak pak cache file ../../../../../Projects/IronForgedGames/Project_Tether/Project_Tether/DerivedDataCache/DDC.ddp not found, will not use a pak cache.
[2019.07.26-02.54.14:650][  0]LogDerivedDataCache: Unable to find inner node Pak for hierarchical cache Hierarchy.
[2019.07.26-02.54.14:650][  0]LogDerivedDataCache: FDerivedDataBackendGraph:  CompressedPak pak cache file ../../../../../Projects/IronForgedGames/Project_Tether/Project_Tether/DerivedDataCache/Compressed.ddp not found, will not use a pak cache.
[2019.07.26-02.54.14:650][  0]LogDerivedDataCache: Unable to find inner node CompressedPak for hierarchical cache Hierarchy.
[2019.07.26-02.54.14:662][  0]LogDerivedDataCache: Display: Pak cache opened for reading ../../../Engine/DerivedDataCache/Compressed.ddp.
[2019.07.26-02.54.14:674][  0]LogDerivedDataCache: Using Local data cache path C:/Users/Aaron's Desktop/AppData/Local/UnrealEngine/Common/DerivedDataCache: Writable
[2019.07.26-02.54.14:674][  0]LogDerivedDataCache: Shared data cache path not found in *engine.ini, will not use an Shared cache.
[2019.07.26-02.54.14:674][  0]LogDerivedDataCache: Unable to find inner node Shared for hierarchical cache Hierarchy.
[2019.07.26-02.54.14:687][  0]LogMaterial: Verifying Global Shaders for PCD3D_SM5
[2019.07.26-02.54.14:689][  0]LogSlate: Using FreeType 2.6.0
[2019.07.26-02.54.14:689][  0]LogSlate: SlateFontServices - WITH_FREETYPE: 1, WITH_HARFBUZZ: 1
[2019.07.26-02.54.14:752][  0]LogAssetRegistry: FAssetRegistry took 0.0246 seconds to start up
[2019.07.26-02.54.14:993][  0]LogInit: Selected Device Profile: [Windows]
[2019.07.26-02.54.15:092][  0]LogSimplygon: Simplygon DLL not present - disabling.
[2019.07.26-02.54.15:094][  0]LogMeshReduction: Using SimplygonSwarm for distributed automatic mesh merging
[2019.07.26-02.54.15:094][  0]LogMeshReduction: Using ProxyLODMeshReduction for automatic mesh merging
[2019.07.26-02.54.15:094][  0]LogMeshReduction: Using QuadricMeshReduction for automatic static mesh reduction
[2019.07.26-02.54.15:094][  0]LogMeshReduction: No automatic skeletal mesh reduction module available
[2019.07.26-02.54.15:109][  0]LogNetVersion: Project_Tether 1.0.0, NetCL: 4212847, EngineNetVer: 5, GameNetVer: 0 (Checksum: 2290113244)
[2019.07.26-02.54.15:547][  0]LogPackageLocalizationCache: Processed 11 localized package path(s) for 2 prioritized culture(s) in 0.075041 seconds
[2019.07.26-02.54.15:552][  0]LogUObjectArray: 38425 objects as part of root set at end of initial load.
[2019.07.26-02.54.15:552][  0]LogUObjectAllocator: 6690872 out of 0 bytes used by permanent object pool.
[2019.07.26-02.54.15:552][  0]LogUObjectArray: CloseDisregardForGC: 0/0 objects in disregard for GC pool
[2019.07.26-02.54.16:304][  0]LogTcpMessaging: Initializing TcpMessaging bridge
[2019.07.26-02.54.16:317][  0]LogUdpMessaging: Initializing bridge on interface 0.0.0.0:0 to multicast group 230.0.0.1:6666.
[2019.07.26-02.54.16:427][  0]LogLinker: Warning: Can't find file '/Game/ThirdPersonCPP/Blueprints/ThirdPersonCharacter'
[2019.07.26-02.54.16:427][  0]LogLinker: Warning: Can't find file '/Game/ThirdPersonCPP/Blueprints/ThirdPersonCharacter'
[2019.07.26-02.54.16:427][  0]LogUObjectGlobals: Warning: Failed to find object 'Class /Game/ThirdPersonCPP/Blueprints/ThirdPersonCharacter.ThirdPersonCharacter_C'
[2019.07.26-02.54.16:427][  0]Error: CDO Constructor (Project_TetherGameMode): Failed to find /Game/ThirdPersonCPP/Blueprints/ThirdPersonCharacter.ThirdPersonCharacter_C

[2019.07.26-02.54.16:427][  0]LogUObjectBase: Warning: -------------- Default Property warnings and errors:
[2019.07.26-02.54.16:427][  0]LogUObjectBase: Warning: Error: CDO Constructor (Project_TetherGameMode): Failed to find /Game/ThirdPersonCPP/Blueprints/ThirdPersonCharacter.ThirdPersonCharacter_C

[2019.07.26-02.54.18:476][  0]LogWindowsTextInputMethodSystem: Display: IME system now deactivated.
[2019.07.26-02.54.18:509][  0]SourceControl: Source control is disabled
[2019.07.26-02.54.18:509][  0]SourceControl: Source control is disabled
[2019.07.26-02.54.18:510][  0]SourceControl: Source control is disabled
[2019.07.26-02.54.18:511][  0]SourceControl: Source control is disabled
[2019.07.26-02.54.18:658][  0]LogAndroidPermission: UAndroidPermissionCallbackProxy::GetInstance
[2019.07.26-02.54.18:730][  0]LogOcInput: OculusInput pre-init called
[2019.07.26-02.54.18:777][  0]LogEngine: Initializing Engine...
[2019.07.26-02.54.18:778][  0]LogHMD: Failed to initialize OpenVR with code 110
[2019.07.26-02.54.18:779][  0]LogStats: UGameplayTagsManager::ConstructGameplayTagTree: ImportINI prefixes -  0.000 s
[2019.07.26-02.54.18:779][  0]LogStats: UGameplayTagsManager::ConstructGameplayTagTree: Construct from data asset -  0.000 s
[2019.07.26-02.54.18:779][  0]LogStats: UGameplayTagsManager::ConstructGameplayTagTree: ImportINI -  0.000 s
[2019.07.26-02.54.18:779][  0]LogStats: UGameplayTagsManager::ConstructGameplayTagTree: GameplayTagTreeChangedEvent.Broadcast -  0.000 s
[2019.07.26-02.54.18:946][  0]LogInit: Initializing FReadOnlyCVARCache
[2019.07.26-02.54.18:954][  0]LogAIModule: Creating AISystem for world Untitled
[2019.07.26-02.54.19:024][  0]LogInit: XAudio2 using 'G257HL (NVIDIA High Definition Audio)' : 2 channels at 48 kHz using 16 bits per sample (channel mask 0x3)
[2019.07.26-02.54.19:197][  0]LogInit: FAudioDevice initialized.
[2019.07.26-02.54.19:197][  0]LogNetVersion: Set ProjectVersion to 1.0.0.0. Version Checksum will be recalculated on next use.
[2019.07.26-02.54.19:251][  0]LogDerivedDataCache: Saved boot cache 0.05s 71MB C:/Users/Aaron's Desktop/AppData/Local/UnrealEngine/4.20/DerivedDataCache/Boot.ddc.
[2019.07.26-02.54.19:261][  0]LogInit: Texture streaming: Enabled
[2019.07.26-02.54.19:274][  0]LogEngineSessionManager: EngineSessionManager initialized
[2019.07.26-02.54.19:274][  0]LogEngineSessionManager: EngineSessionManager sent abnormal shutdown report. Type=Crashed, SessionId={3EFA32DA-4E6D-FD51-6142-069B77603163}
[2019.07.26-02.54.19:283][  0]LogInit: Transaction tracking system initialized
[2019.07.26-02.54.19:296][  0]BlueprintLog: New page: Editor Load
[2019.07.26-02.54.19:349][  0]LocalizationService: Localization service is disabled
[2019.07.26-02.54.19:570][  0]LogCook: Display: Max memory allowance for cook 16384mb min free memory 0mb
[2019.07.26-02.54.19:570][  0]LogCook: Display: Mobile HDR setting 1
[2019.07.26-02.54.19:570][  0]LogGameplayTags: Display: UGameplayTagsManager::DoneAddingNativeTags. DelegateIsBound: 0
[2019.07.26-02.54.19:570][  0]LogStats: UGameplayTagsManager::ConstructGameplayTagTree: ImportINI prefixes -  0.000 s
[2019.07.26-02.54.19:570][  0]LogStats: UGameplayTagsManager::ConstructGameplayTagTree: Construct from data asset -  0.000 s
[2019.07.26-02.54.19:570][  0]LogStats: UGameplayTagsManager::ConstructGameplayTagTree: ImportINI -  0.000 s
[2019.07.26-02.54.19:570][  0]LogStats: UGameplayTagsManager::ConstructGameplayTagTree: GameplayTagTreeChangedEvent.Broadcast -  0.000 s
[2019.07.26-02.54.19:669][  0]LogFileCache: Scanning file cache for directory 'E:/Projects/IronForgedGames/Project_Tether/Project_Tether/Content/' took 0.02s
[2019.07.26-02.54.19:669][  0]SourceControl: Source control is disabled
[2019.07.26-02.54.19:670][  0]LightingResults: New page: Lighting Build
[2019.07.26-02.54.19:671][  0]MapCheck: New page: Map Check
[2019.07.26-02.54.19:671][  0]LightingResults: New page: Lighting Build
[2019.07.26-02.54.20:036][  0]LogAIModule: Creating AISystem for world ThirdPersonExampleMap
[2019.07.26-02.54.20:043][  0]LogEditorServer: Finished looking for orphan Actors (0.000 secs)
[2019.07.26-02.54.20:067][  0]Cmd: MAP CHECKDEP NOCLEARLOG
[2019.07.26-02.54.20:116][  0]MapCheck: Map check complete: 0 Error(s), 0 Warning(s), took 48.787ms to complete.
[2019.07.26-02.54.20:116][  0]LogFileHelpers: Loading map 'ThirdPersonExampleMap' took 0.447
[2019.07.26-02.54.20:195][  0]LogWindowsTextInputMethodSystem: Display: IME system now deactivated.
[2019.07.26-02.54.20:272][  0]LogSlate: Updating window title bar state: overlay mode, drag disabled, window buttons hidden, title bar hidden
[2019.07.26-02.54.20:279][  0]LogSlate: Updating window title bar state: overlay mode, drag disabled, window buttons hidden, title bar hidden
[2019.07.26-02.54.20:286][  0]LogSlate: Updating window title bar state: overlay mode, drag disabled, window buttons hidden, title bar hidden
[2019.07.26-02.54.20:292][  0]LogSlate: Updating window title bar state: overlay mode, drag disabled, window buttons hidden, title bar hidden
[2019.07.26-02.54.20:295][  0]LogCollectionManager: Loaded 0 collections in 0.000642 seconds
[2019.07.26-02.54.20:338][  0]LogFileCache: Scanning file cache for directory 'E:/Projects/IronForgedGames/Project_Tether/Project_Tether/Saved/Collections/' took 0.01s
[2019.07.26-02.54.20:338][  0]LogFileCache: Scanning file cache for directory 'E:/Projects/IronForgedGames/Project_Tether/Project_Tether/Content/Developers/AaronsDesktop/Collections/' took 0.01s
[2019.07.26-02.54.20:338][  0]LogFileCache: Scanning file cache for directory 'E:/Projects/IronForgedGames/Project_Tether/Project_Tether/Content/Collections/' took 0.01s
[2019.07.26-02.54.20:338][  0]LogCollectionManager: Rebuilt the GUID cache for 0 collections in 0.000000 seconds
[2019.07.26-02.54.20:346][  0]LogContentBrowser: Native class hierarchy populated in 0.0079 seconds. Added 2600 classes and 618 folders.
[2019.07.26-02.54.20:350][  0]LogContentBrowser: Native class hierarchy updated for 'WidgetCarousel' in 0.0003 seconds. Added 0 classes and 0 folders.
[2019.07.26-02.54.20:382][  0]LogContentBrowser: Native class hierarchy updated for 'AddContentDialog' in 0.0004 seconds. Added 0 classes and 0 folders.
[2019.07.26-02.54.20:387][  0]LogContentBrowser: Native class hierarchy updated for 'SceneOutliner' in 0.0003 seconds. Added 1 classes and 2 folders.
[2019.07.26-02.54.21:423][  0]LogSlate: Only BGRA pngs, bmps or icos are supported in by External Image Picker
[2019.07.26-02.54.21:453][  0]LogSlate: Took 0.000220 seconds to synchronously load lazily loaded font '../../../Engine/Content/Slate/Fonts/Roboto-Regular.ttf' (155K)
[2019.07.26-02.54.21:455][  0]LogSlate: Took 0.000204 seconds to synchronously load lazily loaded font '../../../Engine/Content/Slate/Fonts/Roboto-Bold.ttf' (160K)
[2019.07.26-02.54.21:462][  0]LogSlate: Took 0.000278 seconds to synchronously load lazily loaded font '../../../Engine/Content/Editor/Slate/Fonts/FontAwesome.ttf' (139K)
[2019.07.26-02.54.21:465][  0]LogSlate: Took 0.000138 seconds to synchronously load lazily loaded font '../../../Engine/Content/Slate/Fonts/DroidSansMono.ttf' (77K)
[2019.07.26-02.54.21:563][  0]LogTemp: Executing iPhonePackager certificates Engine -bundlename com.YourCompany.ProjectTether
[2019.07.26-02.54.21:564][  0]LogTemp: CWD: E:\Epic Games Games\UE_4.20\Engine\Binaries\DotNET\IOS
[2019.07.26-02.54.21:564][  0]LogTemp: Initial Dir: E:\Epic Games Games\UE_4.20
[2019.07.26-02.54.21:564][  0]LogTemp: Env CWD: E:\Epic Games Games\UE_4.20\Engine\Binaries\DotNET\IOS
[2019.07.26-02.54.21:564][  0]LogTemp: BranchPath = AARONS-DESKTOP/E/Epic Games Games/UE_4.20/Engine/Binaries --- GameBranchPath = AARONS-DESKTOP/E/Epic Games Games/UE_4.20/Engine/Binaries
[2019.07.26-02.54.21:564][  0]LogRenderer: Reallocating scene render targets to support 1232x584 Format 10 NumSamples 1 (Frame:1).
[2019.07.26-02.54.21:699][  0]LogTemp: IPP ERROR: Could not find provision directory 'C:\Users\Aaron's Desktop\AppData\Local/Apple Computer/MobileDevice/Provisioning Profiles/'.
[2019.07.26-02.54.21:714][  0]LogContentBrowser: Native class hierarchy updated for 'HierarchicalLODOutliner' in 0.0004 seconds. Added 0 classes and 0 folders.
[2019.07.26-02.54.21:714][  0]LogLoad: (Engine Initialization) Total time: 10.61 seconds
[2019.07.26-02.54.21:714][  0]LogLoad: (Engine Initialization) Total Blueprint compile time: 0.00 seconds
[2019.07.26-02.54.21:748][  0]LogContentStreaming: Texture pool size now 1000 MB
[2019.07.26-02.54.21:778][  0]LogSlate: Took 0.000127 seconds to synchronously load lazily loaded font '../../../Engine/Content/Slate/Fonts/Roboto-Light.ttf' (167K)
[2019.07.26-02.54.21:812][  1]LogAssetRegistry: Asset discovery search completed in 7.0824 seconds
[2019.07.26-02.54.21:814][  1]LogCollectionManager: Rebuilt the object cache for 0 collections in 0.000001 seconds (found 0 objects)
[2019.07.26-02.54.21:814][  1]LogCollectionManager: Fixed up redirectors for 0 collections in 0.000165 seconds (updated 0 objects)
[2019.07.26-02.54.21:850][  2]LogBlueprintUserMessages: [TopDownAnim_BP_C_0] Pawn does not have AnimBP hook
[2019.07.26-03.01.39:397][511]LogSlate: FSceneViewport::OnFocusLost() reason 0
[2019.07.26-03.01.39:496][521]Candidate modules for hot reload:
[2019.07.26-03.01.39:496][521]  Project_Tether
[2019.07.26-03.01.39:497][521]Launching UnrealBuildTool... [E:/Epic Games Games/UE_4.20/Engine/Binaries/DotNET/UnrealBuildTool.exe  -ModuleWithSuffix=Project_Tether,5160 Win64 Development -TargetType=Editor -Project="../../../../../Projects/IronForgedGames/Project_Tether/Project_Tether/Project_Tether.uproject" -canskiplink "E:/Projects/IronForgedGames/Project_Tether/Project_Tether/Project_Tether.uproject" ]
[2019.07.26-03.01.39:499][521]Warning: Starting HotReload took  0.0s.
[2019.07.26-03.01.41:516][753]LogAssetEditorManager: Opening Asset editor for Blueprint /Game/IronForgedGames/Implementation/Gameplay/PlayerController/Test_TopDown_Controller/Blueprints/TopDownCharacter_BP.TopDownCharacter_BP
[2019.07.26-03.01.41:930][753]LogContentBrowser: Native class hierarchy updated for 'BlueprintGraph' in 0.0007 seconds. Added 116 classes and 0 folders.
[2019.07.26-03.01.42:634][753]LogAssetEditorManager: Opening Asset editor for Blueprint /Game/IronForgedGames/Implementation/Gameplay/PlayerController/Test_TopDown_Controller/Blueprints/TestToolSword.TestToolSword
[2019.07.26-03.01.42:887][753]LogBlueprintUserMessages: [TopDownAnim_BP_C_0] Pawn does not have AnimBP hook
[2019.07.26-03.01.42:892][753]LogSlate: Took 0.000139 seconds to synchronously load lazily loaded font '../../../Engine/Content/Slate/Fonts/Roboto-BoldCondensed.ttf' (158K)
[2019.07.26-03.01.42:977][754]LogSlate: Took 0.000120 seconds to synchronously load lazily loaded font '../../../Engine/Content/Slate/Fonts/Roboto-Italic.ttf' (157K)
[2019.07.26-03.01.45:451][ 43]LogSlate: Window 'TopDownCharacter_BP' being destroyed
[2019.07.26-03.01.56:665][594]CompilerResultsLog: New page: Compilation - Jul 25, 2019, 6:01:56 PM
[2019.07.26-03.01.56:666][594]CompilerResultsLog: Using 'git status' to determine working set for adaptive non-unity build.
[2019.07.26-03.01.56:666][594]CompilerResultsLog: Creating makefile for hot reloading Project_TetherEditor (ini files are newer than UBTMakefile)
[2019.07.26-03.01.56:666][594]CompilerResultsLog: Compiling game modules for hot reload
[2019.07.26-03.01.56:666][594]CompilerResultsLog: Using Visual Studio 2017 14.16.27023 toolchain (C:\Program Files (x86)\Microsoft Visual Studio\2017\Community\VC\Tools\MSVC\14.16.27023) and Windows 10.0.17763.0 SDK (C:\Program Files (x86)\Windows Kits\10).
[2019.07.26-03.01.56:666][594]CompilerResultsLog: Parsing headers for Project_TetherEditor
[2019.07.26-03.01.56:666][594]CompilerResultsLog:   Running UnrealHeaderTool "E:\Projects\IronForgedGames\Project_Tether\Project_Tether\Project_Tether.uproject" "E:\Projects\IronForgedGames\Project_Tether\Project_Tether\Intermediate\Build\Win64\Project_TetherEditor\Development\Project_TetherEditor.uhtmanifest" -LogCmds="loginit warning, logexit warning, logdatabase error" -Unattended -WarningsAsErrors -installed
[2019.07.26-03.01.56:666][594]CompilerResultsLog: Reflection code generated for Project_TetherEditor in 8.2085252 seconds
[2019.07.26-03.01.56:666][594]CompilerResultsLog: Building 5 actions with 12 processes...
[2019.07.26-03.01.56:666][594]CompilerResultsLog:   [1/5] ToolComponent.cpp
[2019.07.26-03.01.56:666][594]CompilerResultsLog:   [2/5] ToolComponent.gen.cpp
[2019.07.26-03.01.56:666][594]CompilerResultsLog:   [3/5] TopDown_E_Character.cpp
[2019.07.26-03.01.56:666][594]CompilerResultsLog:   [4/5] UE4Editor-Project_Tether-5160.lib
[2019.07.26-03.01.56:666][594]CompilerResultsLog:      Creating library E:\Projects\IronForgedGames\Project_Tether\Project_Tether\Intermediate\Build\Win64\UE4Editor\Development\Project_Tether\UE4Editor-Project_Tether-5160.lib and object E:\Projects\IronForgedGames\Project_Tether\Project_Tether\Intermediate\Build\Win64\UE4Editor\Development\Project_Tether\UE4Editor-Project_Tether-5160.exp
[2019.07.26-03.01.56:666][594]CompilerResultsLog:   [5/5] UE4Editor-Project_Tether-5160.dll
[2019.07.26-03.01.56:666][594]CompilerResultsLog:      Creating library E:\Projects\IronForgedGames\Project_Tether\Project_Tether\Intermediate\Build\Win64\UE4Editor\Development\Project_Tether\UE4Editor-Project_Tether-5160.suppressed.lib and object E:\Projects\IronForgedGames\Project_Tether\Project_Tether\Intermediate\Build\Win64\UE4Editor\Development\Project_Tether\UE4Editor-Project_Tether-5160.suppressed.exp
[2019.07.26-03.01.56:666][594]CompilerResultsLog: Total build time: 16.77 seconds (Parallel executor: 4.14 seconds)
[2019.07.26-03.01.56:666][594]LogMainFrame: MainFrame: Module compiling took 17.177 seconds
[2019.07.26-03.01.56:738][594]LogClass: ArmorSlot HotReload.
[2019.07.26-03.01.56:738][594]LogClass: Rarity HotReload.
[2019.07.26-03.01.56:738][594]LogClass: UsageType HotReload.
[2019.07.26-03.01.56:738][594]LogClass: Status HotReload.
[2019.07.26-03.01.56:738][594]LogClass: Slot HotReload.
[2019.07.26-03.01.56:738][594]LogClass: StatModifier HotReload.
[2019.07.26-03.01.56:738][594]LogClass: Stat HotReload.
[2019.07.26-03.01.56:738][594]LogClass: ResistanceModifier HotReload.
[2019.07.26-03.01.56:738][594]LogClass: HealInfo HotReload.
[2019.07.26-03.01.56:738][594]LogClass: DamageInfo HotReload.
[2019.07.26-03.01.56:743][594]Error: CDO Constructor (Project_TetherGameMode): Failed to find /Game/ThirdPersonCPP/Blueprints/ThirdPersonCharacter.ThirdPersonCharacter_C

[2019.07.26-03.01.56:744][594]LogContentBrowser: Native class hierarchy updated for 'Project_Tether' in 0.0004 seconds. Added 28 classes and 15 folders.
[2019.07.26-03.01.56:744][594]Warning: Some classes could not be reloaded:
Error: CDO Constructor (Project_TetherGameMode): Failed to find /Game/ThirdPersonCPP/Blueprints/ThirdPersonCharacter.ThirdPersonCharacter_C


[2019.07.26-03.01.56:747][594]Display: HotReload successful (57 functions remapped  6 scriptstructs remapped)
[2019.07.26-03.01.57:151][594]LogContentBrowser: Native class hierarchy populated in 0.0074 seconds. Added 2601 classes and 620 folders.
[2019.07.26-03.01.57:156][594]Display: HotReload took 17.7s.
[2019.07.26-03.02.12:464][223]BlueprintLog: New page: Compile TopDownCharacter_BP
[2019.07.26-03.02.12:482][223]LogBlueprintUserMessages: [TopDownAnim_BP_C_0] Pawn does not have AnimBP hook
[2019.07.26-03.02.12:486][223]LogBlueprintUserMessages: [TopDownAnim_BP_C_1] Pawn does not have AnimBP hook
[2019.07.26-03.02.12:487][223]LogBlueprintUserMessages: [TopDownAnim_BP_C_0] Pawn does not have AnimBP hook
[2019.07.26-03.02.12:487][223]LogBlueprintUserMessages: [TopDownAnim_BP_C_1] Pawn does not have AnimBP hook
[2019.07.26-03.02.12:487][223]LogBlueprintUserMessages: [TopDownAnim_BP_C_0] Pawn does not have AnimBP hook
[2019.07.26-03.02.12:490][223]LogBlueprintUserMessages: [TopDownAnim_BP_C_1] Pawn does not have AnimBP hook
[2019.07.26-03.02.12:644][223]LogBlueprintUserMessages: [TopDownAnim_BP_C_0] Pawn does not have AnimBP hook
[2019.07.26-03.02.12:726][223]LogSavePackage: Moving '../../../../../Projects/IronForgedGames/Project_Tether/Project_Tether/Saved/TopDownCharacter_BPC59C3CBB438E59D0660900B587E67505.tmp' to '../../../../../Projects/IronForgedGames/Project_Tether/Project_Tether/Content/IronForgedGames/Implementation/Gameplay/PlayerController/Test_TopDown_Controller/Blueprints/TopDownCharacter_BP.uasset'
[2019.07.26-03.02.18:418][896]LogTemp: Repeating last play command: Selected Viewport
[2019.07.26-03.02.18:447][896]LogBlueprintUserMessages: Early PlayInEditor Detection: Level '/Game/IronForgedGames/Core/Entity/Test/ThirdPersonCPP/Maps/ThirdPersonExampleMap.ThirdPersonExampleMap:PersistentLevel' has LevelScriptBlueprint '/Game/IronForgedGames/Core/Entity/Test/ThirdPersonCPP/Maps/ThirdPersonExampleMap.ThirdPersonExampleMap:PersistentLevel.ThirdPersonExampleMap' with GeneratedClass '/Game/IronForgedGames/Core/Entity/Test/ThirdPersonCPP/Maps/ThirdPersonExampleMap.ThirdPersonExampleMap_C' with ClassGeneratedBy '/Game/IronForgedGames/Core/Entity/Test/ThirdPersonCPP/Maps/ThirdPersonExampleMap.ThirdPersonExampleMap:PersistentLevel.ThirdPersonExampleMap'
[2019.07.26-03.02.18:448][896]LogPlayLevel: PlayLevel: No blueprints needed recompiling
[2019.07.26-03.02.18:460][896]PIE: New page: PIE session: ThirdPersonExampleMap (Jul 25, 2019, 6:02:18 PM)
[2019.07.26-03.02.18:460][896]LogPlayLevel: Creating play world package: /Game/IronForgedGames/Core/Entity/Test/ThirdPersonCPP/Maps/UEDPIE_0_ThirdPersonExampleMap
[2019.07.26-03.02.18:477][896]LogPlayLevel: PIE: StaticDuplicateObject took: (0.016685s)
[2019.07.26-03.02.18:478][896]LogAIModule: Creating AISystem for world ThirdPersonExampleMap
[2019.07.26-03.02.18:478][896]LogPlayLevel: PIE: World Init took: (0.000871s)
[2019.07.26-03.02.18:478][896]LogPlayLevel: PIE: Created PIE world by copying editor world from /Game/IronForgedGames/Core/Entity/Test/ThirdPersonCPP/Maps/ThirdPersonExampleMap.ThirdPersonExampleMap to /Game/IronForgedGames/Core/Entity/Test/ThirdPersonCPP/Maps/UEDPIE_0_ThirdPersonExampleMap.ThirdPersonExampleMap (0.018060s)
[2019.07.26-03.02.18:546][896]LogInit: XAudio2 using 'G257HL (NVIDIA High Definition Audio)' : 2 channels at 48 kHz using 16 bits per sample (channel mask 0x3)
[2019.07.26-03.02.18:555][896]LogInit: FAudioDevice initialized.
[2019.07.26-03.02.18:596][896]LogLoad: Game class is 'GameMode'
[2019.07.26-03.02.18:598][896]LogWorld: Bringing World /Game/IronForgedGames/Core/Entity/Test/ThirdPersonCPP/Maps/UEDPIE_0_ThirdPersonExampleMap.ThirdPersonExampleMap up for play (max tick rate 0) at 2019.07.25-23.02.18
[2019.07.26-03.02.18:599][896]LogWorld: Bringing up level for play took: 0.001585
[2019.07.26-03.02.18:624][896]LogContentBrowser: Native class hierarchy updated for 'MovieSceneCapture' in 0.0003 seconds. Added 10 classes and 0 folders.
[2019.07.26-03.02.18:625][896]LogGameMode: Display: Match State Changed from EnteringMap to WaitingToStart
[2019.07.26-03.02.18:625][896]LogGameState: Match State Changed from EnteringMap to WaitingToStart
[2019.07.26-03.02.18:625][896]LogGameMode: Display: Match State Changed from WaitingToStart to InProgress
[2019.07.26-03.02.18:625][896]LogTemp: Error: Health stat was found, the Vitals will not work
[2019.07.26-03.02.18:625][896]LogGameState: Match State Changed from WaitingToStart to InProgress
[2019.07.26-03.02.18:626][896]PIE: Play in editor start time for /Game/IronForgedGames/Core/Entity/Test/ThirdPersonCPP/Maps/UEDPIE_0_ThirdPersonExampleMap 0.443
[2019.07.26-03.02.18:626][896]LogBlueprintUserMessages: Late PlayInEditor Detection: Level '/Game/IronForgedGames/Core/Entity/Test/ThirdPersonCPP/Maps/ThirdPersonExampleMap.ThirdPersonExampleMap:PersistentLevel' has LevelScriptBlueprint '/Game/IronForgedGames/Core/Entity/Test/ThirdPersonCPP/Maps/ThirdPersonExampleMap.ThirdPersonExampleMap:PersistentLevel.ThirdPersonExampleMap' with GeneratedClass '/Game/IronForgedGames/Core/Entity/Test/ThirdPersonCPP/Maps/ThirdPersonExampleMap.ThirdPersonExampleMap_C' with ClassGeneratedBy '/Game/IronForgedGames/Core/Entity/Test/ThirdPersonCPP/Maps/ThirdPersonExampleMap.ThirdPersonExampleMap:PersistentLevel.ThirdPersonExampleMap'
[2019.07.26-03.02.20:299][ 93]LogOutputDevice: Warning: 

Script Stack:
TopDownCharacter_BP_C.ExecuteUbergraph_TopDownCharacter_BP
TopDownCharacter_BP_C.InpActEvt_SpaceBar_K2Node_InputKeyEvent_0

[2019.07.26-03.02.20:300][ 93]LogWindows: Windows GetLastError: The operation completed successfully. (0)
[2019.07.26-03.02.21:312][ 93]LogWindows: Error: === Critical error: ===
[2019.07.26-03.02.21:313][ 93]LogWindows: Error: 
[2019.07.26-03.02.21:313][ 93]LogWindows: Error: Assertion failed: Child [File:D:\Build\++UE4\Sync\Engine\Source\Runtime\CoreUObject\Private\UObject\UObjectGlobals.cpp] [Line: 3106] 
[2019.07.26-03.02.21:313][ 93]LogWindows: Error: NewObject called with a nullptr class object
[2019.07.26-03.02.21:313][ 93]LogWindows: Error: 
[2019.07.26-03.02.21:313][ 93]LogWindows: Error: 
[2019.07.26-03.02.21:313][ 93]LogWindows: Error: [Callstack] 0x00007ffbd372a388 KERNELBASE.dll!UnknownFunction []
[2019.07.26-03.02.21:313][ 93]LogWindows: Error: [Callstack] 0x00007ffbbcf26850 UE4Editor-ApplicationCore.dll!UnknownFunction []
[2019.07.26-03.02.21:313][ 93]LogWindows: Error: [Callstack] 0x00007ffb8fb262fc UE4Editor-Core.dll!UnknownFunction []
[2019.07.26-03.02.21:313][ 93]LogWindows: Error: [Callstack] 0x00007ffb8fab51db UE4Editor-Core.dll!UnknownFunction []
[2019.07.26-03.02.21:313][ 93]LogWindows: Error: [Callstack] 0x00007ffb93d5eae9 UE4Editor-CoreUObject.dll!UnknownFunction []
[2019.07.26-03.02.21:313][ 93]LogWindows: Error: [Callstack] 0x00007ffbbcde3948 UE4Editor-Project_Tether-5160.dll!UToolComponent::ToolPTR() [e:\projects\ironforgedgames\project_tether\project_tether\source\project_tether\public\implementation\gameplay\playercontroller\components\toolcomponent.h:39]
[2019.07.26-03.02.21:313][ 93]LogWindows: Error: [Callstack] 0x00007ffbbcde3c03 UE4Editor-Project_Tether-5160.dll!UToolComponent::execToolPTR() [e:\projects\ironforgedgames\project_tether\project_tether\source\project_tether\public\implementation\gameplay\playercontroller\components\toolcomponent.h:15]
[2019.07.26-03.02.21:313][ 93]LogWindows: Error: [Callstack] 0x00007ffb93ae6467 UE4Editor-CoreUObject.dll!UnknownFunction []
[2019.07.26-03.02.21:313][ 93]LogWindows: Error: [Callstack] 0x00007ffb93cf16ae UE4Editor-CoreUObject.dll!UnknownFunction []
[2019.07.26-03.02.21:313][ 93]LogWindows: Error: [Callstack] 0x00007ffb93d0f499 UE4Editor-CoreUObject.dll!UnknownFunction []
[2019.07.26-03.02.21:313][ 93]LogWindows: Error: [Callstack] 0x00007ffb93d42266 UE4Editor-CoreUObject.dll!UnknownFunction []
[2019.07.26-03.02.21:313][ 93]LogWindows: Error: [Callstack] 0x00007ffb93d11b96 UE4Editor-CoreUObject.dll!UnknownFunction []
[2019.07.26-03.02.21:313][ 93]LogWindows: Error: [Callstack] 0x00007ffb93cf205d UE4Editor-CoreUObject.dll!UnknownFunction []
[2019.07.26-03.02.21:313][ 93]LogWindows: Error: [Callstack] 0x00007ffb93d11b96 UE4Editor-CoreUObject.dll!UnknownFunction []
[2019.07.26-03.02.21:313][ 93]LogWindows: Error: [Callstack] 0x00007ffb93ae6467 UE4Editor-CoreUObject.dll!UnknownFunction []
[2019.07.26-03.02.21:313][ 93]LogWindows: Error: [Callstack] 0x00007ffb93d11133 UE4Editor-CoreUObject.dll!UnknownFunction []
[2019.07.26-03.02.21:313][ 93]LogWindows: Error: [Callstack] 0x00007ffb864e8033 UE4Editor-Engine.dll!UnknownFunction []
[2019.07.26-03.02.21:313][ 93]LogWindows: Error: [Callstack] 0x00007ffb877923a0 UE4Editor-Engine.dll!UnknownFunction []
[2019.07.26-03.02.21:313][ 93]LogWindows: Error: [Callstack] 0x00007ffb877c3f52 UE4Editor-Engine.dll!UnknownFunction []
[2019.07.26-03.02.21:313][ 93]LogWindows: Error: [Callstack] 0x00007ffb8729017c UE4Editor-Engine.dll!UnknownFunction []
[2019.07.26-03.02.21:313][ 93]LogWindows: Error: [Callstack] 0x00007ffb872a4608 UE4Editor-Engine.dll!UnknownFunction []
[2019.07.26-03.02.21:313][ 93]LogWindows: Error: [Callstack] 0x00007ffb8728dbcb UE4Editor-Engine.dll!UnknownFunction []
[2019.07.26-03.02.21:313][ 93]LogWindows: Error: [Callstack] 0x00007ffb872a34c3 UE4Editor-Engine.dll!UnknownFunction []
[2019.07.26-03.02.21:313][ 93]LogWindows: Error: [Callstack] 0x00007ffb864c5630 UE4Editor-Engine.dll!UnknownFunction []
[2019.07.26-03.02.21:313][ 93]LogWindows: Error: [Callstack] 0x00007ffb876c16bd UE4Editor-Engine.dll!UnknownFunction []
[2019.07.26-03.02.21:313][ 93]LogWindows: Error: [Callstack] 0x00007ffb8f941f92 UE4Editor-Core.dll!UnknownFunction []
[2019.07.26-03.02.21:313][ 93]LogWindows: Error: [Callstack] 0x00007ffb8f942456 UE4Editor-Core.dll!UnknownFunction []
[2019.07.26-03.02.21:313][ 93]LogWindows: Error: [Callstack] 0x00007ffb8f956d25 UE4Editor-Core.dll!UnknownFunction []
[2019.07.26-03.02.21:313][ 93]LogWindows: Error: [Callstack] 0x00007ffb87715b04 UE4Editor-Engine.dll!UnknownFunction []
[2019.07.26-03.02.21:313][ 93]LogWindows: Error: [Callstack] 0x00007ffb87724d92 UE4Editor-Engine.dll!UnknownFunction []
[2019.07.26-03.02.21:313][ 93]LogWindows: Error: [Callstack] 0x00007ffb86e287e4 UE4Editor-Engine.dll!UnknownFunction []
[2019.07.26-03.02.21:313][ 93]LogWindows: Error: [Callstack] 0x00007ffb86e34003 UE4Editor-Engine.dll!UnknownFunction []
[2019.07.26-03.02.21:313][ 93]LogWindows: Error: [Callstack] 0x00007ffb8c987335 UE4Editor-UnrealEd.dll!UnknownFunction []
[2019.07.26-03.02.21:313][ 93]LogWindows: Error: [Callstack] 0x00007ffb8d27f666 UE4Editor-UnrealEd.dll!UnknownFunction []
[2019.07.26-03.02.21:313][ 93]LogWindows: Error: [Callstack] 0x00007ff762255cbd UE4Editor.exe!UnknownFunction []
[2019.07.26-03.02.21:313][ 93]LogWindows: Error: [Callstack] 0x00007ff762265b3c UE4Editor.exe!UnknownFunction []
[2019.07.26-03.02.21:313][ 93]LogWindows: Error: [Callstack] 0x00007ff762265bba UE4Editor.exe!UnknownFunction []
[2019.07.26-03.02.21:313][ 93]LogWindows: Error: [Callstack] 0x00007ff762273dac UE4Editor.exe!UnknownFunction []
[2019.07.26-03.02.21:313][ 93]LogWindows: Error: [Callstack] 0x00007ff762275aaa UE4Editor.exe!UnknownFunction []
[2019.07.26-03.02.21:313][ 93]LogWindows: Error: [Callstack] 0x00007ffbd6b64034 KERNEL32.DLL!UnknownFunction []
[2019.07.26-03.02.21:313][ 93]LogWindows: Error: [Callstack] 0x00007ffbd7043691 ntdll.dll!UnknownFunction []
[2019.07.26-03.02.21:313][ 93]LogWindows: Error: 
[2019.07.26-03.02.21:322][ 93]LogExit: Executing StaticShutdownAfterError
[2019.07.26-03.02.21:326][ 93]LogWindows: FPlatformMisc::RequestExit(1)
[2019.07.26-03.02.21:327][ 93]Log file closed, 07/25/19 23:02:21
