Log file open, 07/20/19 16:06:25
LogWindows: Failed to load 'aqProf.dll' (GetLastError=126)
LogWindows: File 'aqProf.dll' does not exist
LogWindows: Failed to load 'VtuneApi.dll' (GetLastError=126)
LogWindows: File 'VtuneApi.dll' does not exist
LogWindows: Failed to load 'VtuneApi32e.dll' (GetLastError=126)
LogWindows: File 'VtuneApi32e.dll' does not exist
LogInit: Display: Running engine for game: Project_Tether
LogPlatformFile: Not using cached read wrapper
LogTaskGraph: Started task graph with 5 named threads and 35 total threads with 3 sets of task threads.
LogStats: Stats thread started at 0.742066
LogD3D11RHI: Loaded GFSDK_Aftermath_Lib.x64.dll
LogICUInternationalization: Display: ICU TimeZone Detection - Raw Offset: -5:00, Platform Override: ''
LogPluginManager: Mounting plugin Paper2D
LogPluginManager: Mounting plugin AISupport
LogPluginManager: Mounting plugin LightPropagationVolume
LogPluginManager: Mounting plugin CLionSourceCodeAccess
LogPluginManager: Mounting plugin CodeLiteSourceCodeAccess
LogPluginManager: Mounting plugin GitSourceControl
LogPluginManager: Mounting plugin KDevelopSourceCodeAccess
LogPluginManager: Mounting plugin NullSourceCodeAccess
LogPluginManager: Mounting plugin PerforceSourceControl
LogPluginManager: Mounting plugin SubversionSourceControl
LogPluginManager: Mounting plugin UObjectPlugin
LogPluginManager: Mounting plugin VisualStudioCodeSourceCodeAccess
LogPluginManager: Mounting plugin VisualStudioSourceCodeAccess
LogPluginManager: Mounting plugin XCodeSourceCodeAccess
LogPluginManager: Mounting plugin AssetManagerEditor
LogPluginManager: Mounting plugin CryptoKeys
LogPluginManager: Mounting plugin DataValidation
LogPluginManager: Mounting plugin FacialAnimation
LogPluginManager: Mounting plugin GameplayTagsEditor
LogPluginManager: Mounting plugin MacGraphicsSwitching
LogPluginManager: Mounting plugin MeshEditor
LogPluginManager: Mounting plugin MobileLauncherProfileWizard
LogPluginManager: Mounting plugin PluginBrowser
LogPluginManager: Mounting plugin SpeedTreeImporter
LogPluginManager: Mounting plugin DatasmithContent
LogPluginManager: Mounting plugin AlembicImporter
LogPluginManager: Mounting plugin AppleImageUtils
LogPluginManager: Mounting plugin AppleVision
LogPluginManager: Mounting plugin BackChannel
LogPluginManager: Mounting plugin CharacterAI
LogPluginManager: Mounting plugin GeometryCache
LogPluginManager: Mounting plugin HTML5Networking
LogPluginManager: Mounting plugin ProxyLODPlugin
LogPluginManager: Mounting plugin MagicLeap
LogPluginManager: Mounting plugin MagicLeapEmulator
LogPluginManager: Mounting plugin MagicLeapMedia
LogPluginManager: Mounting plugin AndroidMedia
LogPluginManager: Mounting plugin AvfMedia
LogPluginManager: Mounting plugin ImgMedia
LogPluginManager: Mounting plugin LinearTimecode
LogPluginManager: Mounting plugin MediaCompositing
LogPluginManager: Mounting plugin MediaPlayerEditor
LogPluginManager: Mounting plugin WmfMedia
LogPluginManager: Mounting plugin TcpMessaging
LogPluginManager: Mounting plugin UdpMessaging
LogPluginManager: Mounting plugin ActorSequence
LogPluginManager: Mounting plugin LevelSequenceEditor
LogPluginManager: Mounting plugin MatineeToLevelSequence
LogPluginManager: Mounting plugin NetcodeUnitTest
LogPluginManager: Mounting plugin NUTUnrealEngine4
LogPluginManager: Mounting plugin OnlineSubsystemGooglePlay
LogPluginManager: Mounting plugin OnlineSubsystemIOS
LogPluginManager: Mounting plugin OnlineSubsystem
LogPluginManager: Mounting plugin OnlineSubsystemNull
LogPluginManager: Mounting plugin OnlineSubsystemUtils
LogPluginManager: Mounting plugin LauncherChunkInstaller
LogPluginManager: Mounting plugin AndroidDeviceProfileSelector
LogPluginManager: Mounting plugin AndroidMoviePlayer
LogPluginManager: Mounting plugin AndroidPermission
LogPluginManager: Mounting plugin AppleMoviePlayer
LogPluginManager: Mounting plugin ArchVisCharacter
LogPluginManager: Mounting plugin AudioCapture
LogPluginManager: Mounting plugin CableComponent
LogPluginManager: Mounting plugin CustomMeshComponent
LogPluginManager: Mounting plugin EditableMesh
LogPluginManager: Mounting plugin ExampleDeviceProfileSelector
LogPluginManager: Mounting plugin GoogleCloudMessaging
LogPluginManager: Mounting plugin ImmediatePhysics
LogPluginManager: Mounting plugin IOSDeviceProfileSelector
LogPluginManager: Mounting plugin LinuxDeviceProfileSelector
LogPluginManager: Mounting plugin LocationServicesBPLibrary
LogPluginManager: Mounting plugin MobilePatchingUtils
LogPluginManager: Mounting plugin OculusVR
LogPluginManager: Plugin shader directory ../../../Engine/Plugins/Runtime/Oculus/OculusVR/Shaders found
LogPluginManager: Mapping shader source directory ../../../Engine/Plugins/Runtime/Oculus/OculusVR/Shaders to virtual directory /Plugin/OculusVR
LogPluginManager: Mounting plugin PhysXVehicles
LogPluginManager: Mounting plugin ProceduralMeshComponent
LogPluginManager: Mounting plugin RuntimePhysXCooking
LogPluginManager: Mounting plugin SteamVR
LogPluginManager: Mounting plugin WindowsMoviePlayer
LogStreaming: Display: Took  0.191s to configure plugins.
LogInit: Using libcurl 7.55.1-DEV
LogInit:  - built for x86_64-pc-win32
LogInit:  - supports SSL with OpenSSL/1.0.2h
LogInit:  - supports HTTP deflate (compression) using libz 1.2.8
LogInit:  - other features:
LogInit:      CURL_VERSION_SSL
LogInit:      CURL_VERSION_LIBZ
LogInit:      CURL_VERSION_IPV6
LogInit:      CURL_VERSION_ASYNCHDNS
LogInit:      CURL_VERSION_LARGEFILE
LogInit:      CURL_VERSION_IDN
LogInit:  CurlRequestOptions (configurable via config and command line):
LogInit:  - bVerifyPeer = false  - Libcurl will NOT verify peer certificate
LogInit:  - bUseHttpProxy = false  - Libcurl will NOT use HTTP proxy
LogInit:  - bDontReuseConnections = false  - Libcurl will reuse connections
LogInit:  - CertBundlePath = nullptr  - Libcurl will use whatever was configured at build time.
LogInit:  - MaxHostConnections = 16  - Libcurl will limit the number of connections to a host
LogInit:  - LocalHostAddr = Default
LogInit:  - BufferSize = 65536
LogInit: WinSock: version 1.1 (2.2), MaxSocks=32767, MaxUdp=65467
LogInit: Build: ++UE4+Release-4.20-CL-4369336
LogInit: Engine Version: 4.20.3-4369336+++UE4+Release-4.20
LogInit: Compatible Engine Version: 4.20.0-4212847+++UE4+Release-4.20
LogInit: Net CL: 4212847
LogInit: OS: Windows 10 (), CPU: Intel(R) Core(TM) i7-8700K CPU @ 3.70GHz, GPU: NVIDIA GeForce GTX 1060 6GB
LogInit: Compiled (64-bit): Sep 17 2018 12:26:19
LogInit: Compiled with Visual C++: 19.13.26129.00
LogInit: Build Configuration: Development
LogInit: Branch Name: ++UE4+Release-4.20
LogInit: Command Line:  -skipcompile
LogInit: Base Directory: E:/Epic Games Games/UE_4.20/Engine/Binaries/Win64/
LogInit: Installed Engine Build: 1
LogDevObjectVersion: Number of dev versions registered: 20
LogDevObjectVersion:   Dev-Blueprints (B0D832E4-1F89-4F0D-ACCF-7EB736FD4AA2): 10
LogDevObjectVersion:   Dev-Build (E1C64328-A22C-4D53-A36C-8E866417BD8C): 0
LogDevObjectVersion:   Dev-Core (375EC13C-06E4-48FB-B500-84F0262A717E): 2
LogDevObjectVersion:   Dev-Editor (E4B068ED-F494-42E9-A231-DA0B2E46BB41): 24
LogDevObjectVersion:   Dev-Framework (CFFC743F-43B0-4480-9391-14DF171D2073): 34
LogDevObjectVersion:   Dev-Mobile (B02B49B5-BB20-44E9-A304-32B752E40360): 2
LogDevObjectVersion:   Dev-Networking (A4E4105C-59A1-49B5-A7C5-40C4547EDFEE): 0
LogDevObjectVersion:   Dev-Online (39C831C9-5AE6-47DC-9A44-9C173E1C8E7C): 0
LogDevObjectVersion:   Dev-Physics (78F01B33-EBEA-4F98-B9B4-84EACCB95AA2): 0
LogDevObjectVersion:   Dev-Platform (6631380F-2D4D-43E0-8009-CF276956A95A): 0
LogDevObjectVersion:   Dev-Rendering (12F88B9F-8875-4AFC-A67C-D90C383ABD29): 26
LogDevObjectVersion:   Dev-Sequencer (7B5AE74C-D270-4C10-A958-57980B212A5A): 9
LogDevObjectVersion:   Dev-VR (D7296918-1DD6-4BDD-9DE2-64A83CC13884): 2
LogDevObjectVersion:   Dev-LoadTimes (C2A15278-BFE7-4AFE-6C17-90FF531DF755): 1
LogDevObjectVersion:   Private-Geometry (6EACA3D4-40EC-4CC1-B786-8BED09428FC5): 3
LogDevObjectVersion:   Dev-AnimPhys (29E575DD-E0A3-4627-9D10-D276232CDCEA): 17
LogDevObjectVersion:   Dev-ReflectionCapture (6B266CEC-1EC7-4B8F-A30B-E4D90942FC07): 1
LogDevObjectVersion:   Dev-Automation (0DF73D61-A23F-47EA-B727-89E90C41499A): 1
LogDevObjectVersion:   FortniteMain (601D1886-AC64-4F84-AA16-D3DE0DEAC7D6): 12
LogDevObjectVersion:   Dev-Enterprise (9DFFBCD6-494F-0158-E221-12823C92A888): 1
LogStreaming: Display: Took  0.010s to delete old logs.
LogInit: Presizing for max 8388607 objects, including 0 objects not considered by GC, pre-allocating 0 bytes for permanent pool.
LogInit: Object subsystem initialized
[2019.07.20-20.06.28:535][  0]LogInit: Selected Device Profile: [Windows]
[2019.07.20-20.06.28:537][  0]LogInit: Applying CVar settings loaded from the selected device profile: [Windows]
[2019.07.20-20.06.28:573][  0]LogHAL: Display: Platform has ~ 16 GB [17121992704 / 17179869184 / 16], which maps to Larger [LargestMinGB=32, LargerMinGB=12, DefaultMinGB=8, SmallerMinGB=6, SmallestMinGB=0)
[2019.07.20-20.06.28:594][  0]LogInit: Setting Device Profile CVar: [[r.Vulkan.UseRealUBs:1]]
[2019.07.20-20.06.28:598][  0]LogInit: Going up to parent DeviceProfile []
[2019.07.20-20.06.28:629][  0]LogInit: Computer: AARONS-DESKTOP
[2019.07.20-20.06.28:629][  0]LogInit: User: AaronsDesktop
[2019.07.20-20.06.28:629][  0]LogInit: CPU Page size=4096, Cores=6
[2019.07.20-20.06.28:629][  0]LogInit: High frequency timer resolution =3.609374 MHz
[2019.07.20-20.06.28:629][  0]LogMemory: Memory total: Physical=15.9GB (16GB approx)
[2019.07.20-20.06.28:629][  0]LogMemory: Platform Memory Stats for Windows
[2019.07.20-20.06.28:629][  0]LogMemory: Process Physical Memory: 102.95 MB used, 102.95 MB peak
[2019.07.20-20.06.28:629][  0]LogMemory: Process Virtual Memory: 94.11 MB used, 94.11 MB peak
[2019.07.20-20.06.28:630][  0]LogMemory: Physical Memory: 6313.75 MB used,  10015.06 MB free, 16328.80 MB total
[2019.07.20-20.06.28:630][  0]LogMemory: Virtual Memory: 4665.73 MB used,  10015.06 MB free, 134217728.00 MB total
[2019.07.20-20.06.29:983][  0]LogInit: Using OS detected language (en-US).
[2019.07.20-20.06.29:983][  0]LogInit: Using OS detected locale (en-US).
[2019.07.20-20.06.30:003][  0]LogTextLocalizationManager: No specific localization for 'en-US' exists, so the 'en' localization will be used.
[2019.07.20-20.06.30:719][  0]LogStreaming: Display: Took  0.734s to InitEngineTextLocalization.
[2019.07.20-20.06.30:729][  0]LogInit: Setting process to per monitor DPI aware
[2019.07.20-20.06.31:293][  0]LogSlate: New Slate User Created.  User Index 0, Is Virtual User: 0
[2019.07.20-20.06.31:293][  0]LogSlate: Slate User Registered.  User Index 0, Is Virtual User: 0
[2019.07.20-20.06.33:185][  0]LogHMD: Failed to initialize OpenVR with code 110
[2019.07.20-20.06.33:185][  0]LogD3D11RHI: D3D11 adapters:
[2019.07.20-20.06.33:333][  0]LogD3D11RHI:    0. 'NVIDIA GeForce GTX 1060 6GB' (Feature Level 11_0)
[2019.07.20-20.06.33:333][  0]LogD3D11RHI:       6052/0/8164 MB DedicatedVideo/DedicatedSystem/SharedSystem, Outputs:2, VendorId:0x10de
[2019.07.20-20.06.33:347][  0]LogD3D11RHI:    1. 'Microsoft Basic Render Driver' (Feature Level 11_0)
[2019.07.20-20.06.33:347][  0]LogD3D11RHI:       0/0/8164 MB DedicatedVideo/DedicatedSystem/SharedSystem, Outputs:0, VendorId:0x1414
[2019.07.20-20.06.33:347][  0]LogD3D11RHI: Chosen D3D11 Adapter: 0
[2019.07.20-20.06.33:356][  0]LogD3D11RHI: Creating new Direct3DDevice
[2019.07.20-20.06.33:357][  0]LogD3D11RHI:     GPU DeviceId: 0x1c03 (for the marketing name, search the web for "GPU Device Id")
[2019.07.20-20.06.33:373][  0]LogWindows: EnumDisplayDevices:
[2019.07.20-20.06.33:373][  0]LogWindows:    0. 'NVIDIA GeForce GTX 1060 6GB' (P:1 D:1)
[2019.07.20-20.06.33:374][  0]LogWindows:    1. 'NVIDIA GeForce GTX 1060 6GB' (P:0 D:1)
[2019.07.20-20.06.33:374][  0]LogWindows:    2. 'NVIDIA GeForce GTX 1060 6GB' (P:0 D:0)
[2019.07.20-20.06.33:374][  0]LogWindows:    3. 'NVIDIA GeForce GTX 1060 6GB' (P:0 D:0)
[2019.07.20-20.06.33:375][  0]LogWindows: DebugString: FoundDriverCount:4 
[2019.07.20-20.06.33:375][  0]LogD3D11RHI:     Adapter Name: NVIDIA GeForce GTX 1060 6GB
[2019.07.20-20.06.33:375][  0]LogD3D11RHI:   Driver Version: 418.81 (internal:25.21.14.1881, unified:418.81)
[2019.07.20-20.06.33:375][  0]LogD3D11RHI:      Driver Date: 1-30-2019
[2019.07.20-20.06.33:375][  0]LogRHI: Texture pool is 4236 MB (70% of 6052 MB)
[2019.07.20-20.06.33:443][  0]LogD3D11RHI: Async texture creation enabled
[2019.07.20-20.06.33:671][  0]LogD3D11RHI: GPU Timing Frequency: 1000.000000 (Debug: 2 1)
[2019.07.20-20.06.33:857][  0]LogShaderCompilers: Guid format shader working directory is -14 characters bigger than the processId version (../../../../../Projects/IronForgedGames/Project_Tether/Project_Tether/Intermediate/Shaders/WorkingDirectory/11752/).
[2019.07.20-20.06.33:857][  0]LogShaderCompilers: Cleaned the shader compiler working directory 'C:/Users/Aaron's Desktop/AppData/Local/Temp/UnrealShaderWorkingDir/78CE2A374F70D3DA59421EA4061A73EA/'.
[2019.07.20-20.06.34:198][  0]LogTemp: Display: Loaded TP AllDesktopTargetPlatform
[2019.07.20-20.06.34:274][  0]LogTemp: Display: Loaded TP MacClientTargetPlatform
[2019.07.20-20.06.34:342][  0]LogTemp: Display: Loaded TP MacNoEditorTargetPlatform
[2019.07.20-20.06.34:389][  0]LogTemp: Display: Loaded TP MacServerTargetPlatform
[2019.07.20-20.06.34:423][  0]LogTemp: Display: Loaded TP MacTargetPlatform
[2019.07.20-20.06.34:481][  0]LogTemp: Display: Loaded TP WindowsClientTargetPlatform
[2019.07.20-20.06.34:582][  0]LogTemp: Display: Loaded TP WindowsNoEditorTargetPlatform
[2019.07.20-20.06.34:631][  0]LogTemp: Display: Loaded TP WindowsServerTargetPlatform
[2019.07.20-20.06.34:673][  0]LogTemp: Display: Loaded TP WindowsTargetPlatform
[2019.07.20-20.06.34:912][  0]LogTemp: Display: Loaded TP AndroidTargetPlatform
[2019.07.20-20.06.34:913][  0]LogTemp: Display: Loaded TP AndroidTargetPlatform
[2019.07.20-20.06.34:913][  0]LogTemp: Display: Loaded TP AndroidTargetPlatform
[2019.07.20-20.06.34:913][  0]LogTemp: Display: Loaded TP AndroidTargetPlatform
[2019.07.20-20.06.34:913][  0]LogTemp: Display: Loaded TP AndroidTargetPlatform
[2019.07.20-20.06.34:913][  0]LogTemp: Display: Loaded TP AndroidTargetPlatform
[2019.07.20-20.06.34:913][  0]LogTemp: Display: Loaded TP AndroidTargetPlatform
[2019.07.20-20.06.34:913][  0]LogTemp: Display: Loaded TP AndroidTargetPlatform
[2019.07.20-20.06.34:914][  0]LogTemp: Display: Loaded TP AndroidTargetPlatform
[2019.07.20-20.06.34:914][  0]LogTemp: Display: Loaded TP AndroidTargetPlatform
[2019.07.20-20.06.34:914][  0]LogTemp: Display: Loaded TP AndroidTargetPlatform
[2019.07.20-20.06.34:914][  0]LogTemp: Display: Loaded TP AndroidTargetPlatform
[2019.07.20-20.06.34:914][  0]LogTemp: Display: Loaded TP AndroidTargetPlatform
[2019.07.20-20.06.34:914][  0]LogTemp: Display: Loaded TP AndroidTargetPlatform
[2019.07.20-20.06.34:914][  0]LogTemp: Display: Loaded TP AndroidTargetPlatform
[2019.07.20-20.06.34:914][  0]LogTemp: Display: Loaded TP AndroidTargetPlatform
[2019.07.20-20.06.34:914][  0]LogTemp: Display: Loaded TP AndroidTargetPlatform
[2019.07.20-20.06.34:914][  0]LogTemp: Display: Loaded TP AndroidTargetPlatform
[2019.07.20-20.06.34:937][  0]LogTemp: Display: Loaded TP HTML5TargetPlatform
[2019.07.20-20.06.35:208][  0]LogTemp: Display: Loaded TP IOSTargetPlatform
[2019.07.20-20.06.35:208][  0]LogTemp: Display: Loaded TP IOSTargetPlatform
[2019.07.20-20.06.35:309][  0]LogTemp: Display: Loaded TP TVOSTargetPlatform
[2019.07.20-20.06.35:309][  0]LogTemp: Display: Loaded TP TVOSTargetPlatform
[2019.07.20-20.06.35:336][  0]LogTemp: Display: Loaded TP LinuxClientTargetPlatform
[2019.07.20-20.06.35:371][  0]LogTemp: Display: Loaded TP LinuxNoEditorTargetPlatform
[2019.07.20-20.06.35:438][  0]LogTemp: Display: Loaded TP LinuxServerTargetPlatform
[2019.07.20-20.06.35:472][  0]LogTemp: Display: Loaded TP LinuxTargetPlatform
[2019.07.20-20.06.35:495][  0]LogTemp: Display: Loaded TP LuminTargetPlatform
[2019.07.20-20.06.35:495][  0]LogTargetPlatformManager: Display: Building Assets For Windows
[2019.07.20-20.06.36:260][  0]LogXGEController: Cleaning working directory: C:/Users/Aaron's Desktop/AppData/Local/Temp/UnrealXGEWorkingDir/
[2019.07.20-20.06.36:261][  0]LogXGEController: Cannot use XGE Controller as Incredibuild is not installed on this machine.
[2019.07.20-20.06.36:261][  0]LogShaderCompilers: Cannot use XGE Shader Compiler as Incredibuild is not installed on this machine.
[2019.07.20-20.06.36:261][  0]LogShaderCompilers: Display: Using Local Shader Compiler.
[2019.07.20-20.06.38:703][  0]LogDerivedDataCache: Display: Max Cache Size: 512 MB
[2019.07.20-20.06.39:351][  0]LogDerivedDataCache: Loaded boot cache 0.65s 71MB C:/Users/Aaron's Desktop/AppData/Local/UnrealEngine/4.20/DerivedDataCache/Boot.ddc.
[2019.07.20-20.06.39:352][  0]LogDerivedDataCache: Display: Loaded Boot cache: C:/Users/Aaron's Desktop/AppData/Local/UnrealEngine/4.20/DerivedDataCache/Boot.ddc
[2019.07.20-20.06.39:352][  0]LogDerivedDataCache: FDerivedDataBackendGraph:  Pak pak cache file ../../../../../Projects/IronForgedGames/Project_Tether/Project_Tether/DerivedDataCache/DDC.ddp not found, will not use a pak cache.
[2019.07.20-20.06.39:352][  0]LogDerivedDataCache: Unable to find inner node Pak for hierarchical cache Hierarchy.
[2019.07.20-20.06.39:352][  0]LogDerivedDataCache: FDerivedDataBackendGraph:  CompressedPak pak cache file ../../../../../Projects/IronForgedGames/Project_Tether/Project_Tether/DerivedDataCache/Compressed.ddp not found, will not use a pak cache.
[2019.07.20-20.06.39:353][  0]LogDerivedDataCache: Unable to find inner node CompressedPak for hierarchical cache Hierarchy.
[2019.07.20-20.06.39:416][  0]LogDerivedDataCache: Display: Pak cache opened for reading ../../../Engine/DerivedDataCache/Compressed.ddp.
[2019.07.20-20.06.39:430][  0]LogDerivedDataCache: Using Local data cache path C:/Users/Aaron's Desktop/AppData/Local/UnrealEngine/Common/DerivedDataCache: Writable
[2019.07.20-20.06.39:430][  0]LogDerivedDataCache: Shared data cache path not found in *engine.ini, will not use an Shared cache.
[2019.07.20-20.06.39:430][  0]LogDerivedDataCache: Unable to find inner node Shared for hierarchical cache Hierarchy.
[2019.07.20-20.06.39:516][  0]LogMaterial: Verifying Global Shaders for PCD3D_SM5
[2019.07.20-20.06.39:597][  0]LogSlate: Using FreeType 2.6.0
[2019.07.20-20.06.39:672][  0]LogSlate: SlateFontServices - WITH_FREETYPE: 1, WITH_HARFBUZZ: 1
[2019.07.20-20.06.40:261][  0]LogAssetRegistry: FAssetRegistry took 0.0521 seconds to start up
[2019.07.20-20.06.45:166][  0]LogInit: Selected Device Profile: [Windows]
[2019.07.20-20.06.47:040][  0]LogSimplygon: Simplygon DLL not present - disabling.
[2019.07.20-20.06.47:252][  0]LogMeshReduction: Using SimplygonSwarm for distributed automatic mesh merging
[2019.07.20-20.06.47:252][  0]LogMeshReduction: Using ProxyLODMeshReduction for automatic mesh merging
[2019.07.20-20.06.47:253][  0]LogMeshReduction: Using QuadricMeshReduction for automatic static mesh reduction
[2019.07.20-20.06.47:253][  0]LogMeshReduction: No automatic skeletal mesh reduction module available
[2019.07.20-20.06.47:753][  0]LogNetVersion: Project_Tether 1.0.0, NetCL: 4212847, EngineNetVer: 5, GameNetVer: 0 (Checksum: 2290113244)
[2019.07.20-20.06.52:191][  0]LogPackageLocalizationCache: Processed 11 localized package path(s) for 2 prioritized culture(s) in 0.142670 seconds
[2019.07.20-20.06.52:243][  0]LogUObjectArray: 38425 objects as part of root set at end of initial load.
[2019.07.20-20.06.52:243][  0]LogUObjectAllocator: 6690864 out of 0 bytes used by permanent object pool.
[2019.07.20-20.06.52:243][  0]LogUObjectArray: CloseDisregardForGC: 0/0 objects in disregard for GC pool
[2019.07.20-20.07.04:189][  0]LogTcpMessaging: Initializing TcpMessaging bridge
[2019.07.20-20.07.04:257][  0]LogUdpMessaging: Initializing bridge on interface 0.0.0.0:0 to multicast group 230.0.0.1:6666.
[2019.07.20-20.07.05:012][  0]LogLinker: Warning: Can't find file '/Game/ThirdPersonCPP/Blueprints/ThirdPersonCharacter'
[2019.07.20-20.07.05:012][  0]LogLinker: Warning: Can't find file '/Game/ThirdPersonCPP/Blueprints/ThirdPersonCharacter'
[2019.07.20-20.07.05:012][  0]LogUObjectGlobals: Warning: Failed to find object 'Class /Game/ThirdPersonCPP/Blueprints/ThirdPersonCharacter.ThirdPersonCharacter_C'
[2019.07.20-20.07.05:028][  0]Error: CDO Constructor (Project_TetherGameMode): Failed to find /Game/ThirdPersonCPP/Blueprints/ThirdPersonCharacter.ThirdPersonCharacter_C

[2019.07.20-20.07.05:029][  0]LogUObjectBase: Warning: -------------- Default Property warnings and errors:
[2019.07.20-20.07.05:029][  0]LogUObjectBase: Warning: Error: CDO Constructor (Project_TetherGameMode): Failed to find /Game/ThirdPersonCPP/Blueprints/ThirdPersonCharacter.ThirdPersonCharacter_C

[2019.07.20-20.07.05:046][  0]LogWindowsTextInputMethodSystem: Display: IME system now deactivated.
[2019.07.20-20.07.12:461][  0]LogWindowsTextInputMethodSystem: Display: IME system now deactivated.
[2019.07.20-20.07.12:462][  0]LogWindowsTextInputMethodSystem: Display: IME system now deactivated.
[2019.07.20-20.07.13:712][  0]SourceControl: Source control is disabled
[2019.07.20-20.07.13:734][  0]SourceControl: Source control is disabled
[2019.07.20-20.07.13:928][  0]SourceControl: Source control is disabled
[2019.07.20-20.07.14:061][  0]SourceControl: Source control is disabled
[2019.07.20-20.07.16:471][  0]LogAndroidPermission: UAndroidPermissionCallbackProxy::GetInstance
[2019.07.20-20.07.16:833][  0]LogOcInput: OculusInput pre-init called
[2019.07.20-20.07.17:526][  0]LogEngine: Initializing Engine...
[2019.07.20-20.07.17:555][  0]LogHMD: Failed to initialize OpenVR with code 110
[2019.07.20-20.07.17:577][  0]LogStats: UGameplayTagsManager::ConstructGameplayTagTree: ImportINI prefixes -  0.000 s
[2019.07.20-20.07.17:578][  0]LogStats: UGameplayTagsManager::ConstructGameplayTagTree: Construct from data asset -  0.000 s
[2019.07.20-20.07.17:578][  0]LogStats: UGameplayTagsManager::ConstructGameplayTagTree: ImportINI -  0.000 s
[2019.07.20-20.07.17:578][  0]LogStats: UGameplayTagsManager::ConstructGameplayTagTree: GameplayTagTreeChangedEvent.Broadcast -  0.000 s
[2019.07.20-20.07.17:840][  0]LogInit: Initializing FReadOnlyCVARCache
[2019.07.20-20.07.18:245][  0]LogAIModule: Creating AISystem for world Untitled
[2019.07.20-20.07.18:571][  0]LogInit: XAudio2 using 'Speakers (2- USB PnP Audio Device)' : 2 channels at 48 kHz using 16 bits per sample (channel mask 0x3)
[2019.07.20-20.07.18:658][  0]LogInit: FAudioDevice initialized.
[2019.07.20-20.07.18:659][  0]LogNetVersion: Set ProjectVersion to 1.0.0.0. Version Checksum will be recalculated on next use.
[2019.07.20-20.07.18:719][  0]LogDerivedDataCache: Saved boot cache 0.06s 71MB C:/Users/Aaron's Desktop/AppData/Local/UnrealEngine/4.20/DerivedDataCache/Boot.ddc.
[2019.07.20-20.07.18:724][  0]LogInit: Texture streaming: Enabled
[2019.07.20-20.07.18:992][  0]LogEngineSessionManager: EngineSessionManager initialized
[2019.07.20-20.07.18:992][  0]LogEngineSessionManager: EngineSessionManager sent abnormal shutdown report. Type=Debugger, SessionId={3D03CB73-4245-8443-5E81-4CB732E7CCBA}
[2019.07.20-20.07.18:992][  0]LogEngineSessionManager: EngineSessionManager sent abnormal shutdown report. Type=Debugger, SessionId={7D7E50CE-4794-5A25-8114-4FB2534EA8A9}
[2019.07.20-20.07.19:227][  0]LogInit: Transaction tracking system initialized
[2019.07.20-20.07.19:770][  0]BlueprintLog: New page: Editor Load
[2019.07.20-20.07.21:303][  0]LocalizationService: Localization service is disabled
[2019.07.20-20.07.22:907][  0]LogFileCache: Scanning file cache for directory 'E:/Projects/IronForgedGames/Project_Tether/Project_Tether/Content/' took 0.05s
[2019.07.20-20.07.22:908][  0]LogCook: Display: Max memory allowance for cook 16384mb min free memory 0mb
[2019.07.20-20.07.22:915][  0]LogCook: Display: Mobile HDR setting 1
[2019.07.20-20.07.22:920][  0]LogGameplayTags: Display: UGameplayTagsManager::DoneAddingNativeTags. DelegateIsBound: 0
[2019.07.20-20.07.22:921][  0]LogStats: UGameplayTagsManager::ConstructGameplayTagTree: ImportINI prefixes -  0.000 s
[2019.07.20-20.07.22:921][  0]LogStats: UGameplayTagsManager::ConstructGameplayTagTree: Construct from data asset -  0.000 s
[2019.07.20-20.07.22:921][  0]LogStats: UGameplayTagsManager::ConstructGameplayTagTree: ImportINI -  0.000 s
[2019.07.20-20.07.22:921][  0]LogStats: UGameplayTagsManager::ConstructGameplayTagTree: GameplayTagTreeChangedEvent.Broadcast -  0.000 s
[2019.07.20-20.07.24:884][  0]SourceControl: Source control is disabled
[2019.07.20-20.07.24:928][  0]LightingResults: New page: Lighting Build
[2019.07.20-20.07.25:100][  0]MapCheck: New page: Map Check
[2019.07.20-20.07.25:101][  0]LightingResults: New page: Lighting Build
[2019.07.20-20.07.27:404][  0]LogAIModule: Creating AISystem for world ThirdPersonExampleMap
[2019.07.20-20.07.27:985][  0]LogEditorServer: Finished looking for orphan Actors (0.000 secs)
[2019.07.20-20.07.28:138][  0]Cmd: MAP CHECKDEP NOCLEARLOG
[2019.07.20-20.07.28:190][  0]MapCheck: Map check complete: 0 Error(s), 0 Warning(s), took 52.531ms to complete.
[2019.07.20-20.07.28:190][  0]LogFileHelpers: Loading map 'ThirdPersonExampleMap' took 3.289
[2019.07.20-20.07.29:887][  0]LogSlate: Updating window title bar state: overlay mode, drag disabled, window buttons hidden, title bar hidden
[2019.07.20-20.07.29:931][  0]LogSlate: Updating window title bar state: overlay mode, drag disabled, window buttons hidden, title bar hidden
[2019.07.20-20.07.29:944][  0]LogSlate: Updating window title bar state: overlay mode, drag disabled, window buttons hidden, title bar hidden
[2019.07.20-20.07.29:956][  0]LogSlate: Updating window title bar state: overlay mode, drag disabled, window buttons hidden, title bar hidden
[2019.07.20-20.07.30:093][  0]LogCollectionManager: Loaded 0 collections in 0.002455 seconds
[2019.07.20-20.07.30:266][  0]LogFileCache: Scanning file cache for directory 'E:/Projects/IronForgedGames/Project_Tether/Project_Tether/Saved/Collections/' took 0.02s
[2019.07.20-20.07.30:267][  0]LogFileCache: Scanning file cache for directory 'E:/Projects/IronForgedGames/Project_Tether/Project_Tether/Content/Developers/AaronsDesktop/Collections/' took 0.02s
[2019.07.20-20.07.30:268][  0]LogFileCache: Scanning file cache for directory 'E:/Projects/IronForgedGames/Project_Tether/Project_Tether/Content/Collections/' took 0.02s
[2019.07.20-20.07.30:268][  0]LogCollectionManager: Rebuilt the GUID cache for 0 collections in 0.000001 seconds
[2019.07.20-20.07.30:328][  0]LogContentBrowser: Native class hierarchy populated in 0.0549 seconds. Added 2589 classes and 615 folders.
[2019.07.20-20.07.30:475][  0]LogContentBrowser: Native class hierarchy updated for 'WidgetCarousel' in 0.0016 seconds. Added 0 classes and 0 folders.
[2019.07.20-20.07.31:342][  0]LogContentBrowser: Native class hierarchy updated for 'AddContentDialog' in 0.0010 seconds. Added 0 classes and 0 folders.
[2019.07.20-20.07.31:483][  0]LogContentBrowser: Native class hierarchy updated for 'SceneOutliner' in 0.0017 seconds. Added 1 classes and 2 folders.
[2019.07.20-20.07.35:444][  0]LogSlate: Only BGRA pngs, bmps or icos are supported in by External Image Picker
[2019.07.20-20.07.35:839][  0]LogTemp: Executing iPhonePackager certificates Engine -bundlename com.YourCompany.ProjectTether
[2019.07.20-20.07.35:840][  0]LogTemp: CWD: E:\Epic Games Games\UE_4.20\Engine\Binaries\DotNET\IOS
[2019.07.20-20.07.35:840][  0]LogTemp: Initial Dir: E:\Epic Games Games\UE_4.20
[2019.07.20-20.07.35:841][  0]LogTemp: Env CWD: E:\Epic Games Games\UE_4.20\Engine\Binaries\DotNET\IOS
[2019.07.20-20.07.35:841][  0]LogTemp: BranchPath = AARONS-DESKTOP/E/Epic Games Games/UE_4.20/Engine/Binaries --- GameBranchPath = AARONS-DESKTOP/E/Epic Games Games/UE_4.20/Engine/Binaries
[2019.07.20-20.07.35:841][  0]LogTemp: IPP ERROR: Could not find provision directory 'C:\Users\Aaron's Desktop\AppData\Local/Apple Computer/MobileDevice/Provisioning Profiles/'.
[2019.07.20-20.07.35:907][  0]LogContentBrowser: Native class hierarchy updated for 'HierarchicalLODOutliner' in 0.0006 seconds. Added 0 classes and 0 folders.
[2019.07.20-20.07.35:907][  0]LogLoad: (Engine Initialization) Total time: 74.08 seconds
[2019.07.20-20.07.35:907][  0]LogLoad: (Engine Initialization) Total Blueprint compile time: 0.00 seconds
[2019.07.20-20.07.36:906][  0]LogRenderer: Reallocating scene render targets to support 64x64 Format 10 NumSamples 1 (Frame:1).
[2019.07.20-20.07.36:906][  0]LogContentStreaming: Texture pool size now 1000 MB
[2019.07.20-20.07.37:337][  0]LogSlate: Took 0.037667 seconds to synchronously load lazily loaded font '../../../Engine/Content/Slate/Fonts/Roboto-Regular.ttf' (155K)
[2019.07.20-20.07.37:407][  0]LogSlate: Took 0.031515 seconds to synchronously load lazily loaded font '../../../Engine/Content/Slate/Fonts/Roboto-Bold.ttf' (160K)
[2019.07.20-20.07.37:559][  0]LogSlate: Took 0.026440 seconds to synchronously load lazily loaded font '../../../Engine/Content/Editor/Slate/Fonts/FontAwesome.ttf' (139K)
[2019.07.20-20.07.37:628][  0]LogSlate: Took 0.032510 seconds to synchronously load lazily loaded font '../../../Engine/Content/Slate/Fonts/DroidSansMono.ttf' (77K)
[2019.07.20-20.07.39:605][  1]LogRenderer: Reallocating scene render targets to support 824x332 Format 10 NumSamples 1 (Frame:1).
[2019.07.20-20.07.40:075][  1]LogSlate: Took 0.025073 seconds to synchronously load lazily loaded font '../../../Engine/Content/Slate/Fonts/Roboto-Light.ttf' (167K)
[2019.07.20-20.07.40:373][  4]LogAssetRegistry: Asset discovery search completed in 60.1425 seconds
[2019.07.20-20.07.40:391][  4]LogCollectionManager: Rebuilt the object cache for 0 collections in 0.000001 seconds (found 0 objects)
[2019.07.20-20.07.40:391][  4]LogCollectionManager: Fixed up redirectors for 0 collections in 0.008636 seconds (updated 0 objects)
[2019.07.20-20.07.46:212][676]LogSlate: FSceneViewport::OnFocusLost() reason 0
[2019.07.20-20.07.46:371][687]LogRenderer: Reallocating scene render targets to support 1240x520 Format 10 NumSamples 1 (Frame:633).
[2019.07.20-20.07.47:914][864]LogTemp: Repeating last play command: Selected Viewport
[2019.07.20-20.07.47:970][864]LogBlueprintUserMessages: Early PlayInEditor Detection: Level '/Game/IronForgedGames/Core/Entity/Test/ThirdPersonCPP/Maps/ThirdPersonExampleMap.ThirdPersonExampleMap:PersistentLevel' has LevelScriptBlueprint '/Game/IronForgedGames/Core/Entity/Test/ThirdPersonCPP/Maps/ThirdPersonExampleMap.ThirdPersonExampleMap:PersistentLevel.ThirdPersonExampleMap' with GeneratedClass '/Game/IronForgedGames/Core/Entity/Test/ThirdPersonCPP/Maps/ThirdPersonExampleMap.ThirdPersonExampleMap_C' with ClassGeneratedBy '/Game/IronForgedGames/Core/Entity/Test/ThirdPersonCPP/Maps/ThirdPersonExampleMap.ThirdPersonExampleMap:PersistentLevel.ThirdPersonExampleMap'
[2019.07.20-20.07.47:984][864]LogPlayLevel: PlayLevel: No blueprints needed recompiling
[2019.07.20-20.07.48:095][864]PIE: New page: PIE session: ThirdPersonExampleMap (Jul 20, 2019, 11:07:48 AM)
[2019.07.20-20.07.48:096][864]LogPlayLevel: Creating play world package: /Game/IronForgedGames/Core/Entity/Test/ThirdPersonCPP/Maps/UEDPIE_0_ThirdPersonExampleMap
[2019.07.20-20.07.48:235][864]LogPlayLevel: PIE: StaticDuplicateObject took: (0.137612s)
[2019.07.20-20.07.48:237][864]LogAIModule: Creating AISystem for world ThirdPersonExampleMap
[2019.07.20-20.07.48:245][864]LogPlayLevel: PIE: World Init took: (0.009988s)
[2019.07.20-20.07.48:258][864]LogPlayLevel: PIE: Created PIE world by copying editor world from /Game/IronForgedGames/Core/Entity/Test/ThirdPersonCPP/Maps/ThirdPersonExampleMap.ThirdPersonExampleMap to /Game/IronForgedGames/Core/Entity/Test/ThirdPersonCPP/Maps/UEDPIE_0_ThirdPersonExampleMap.ThirdPersonExampleMap (0.161749s)
[2019.07.20-20.07.48:368][864]LogInit: XAudio2 using 'Speakers (2- USB PnP Audio Device)' : 2 channels at 48 kHz using 16 bits per sample (channel mask 0x3)
[2019.07.20-20.07.48:383][864]LogInit: FAudioDevice initialized.
[2019.07.20-20.07.48:476][864]LogLoad: Game class is 'E_GameModeBase'
[2019.07.20-20.07.48:602][864]LogWorld: Bringing World /Game/IronForgedGames/Core/Entity/Test/ThirdPersonCPP/Maps/UEDPIE_0_ThirdPersonExampleMap.ThirdPersonExampleMap up for play (max tick rate 0) at 2019.07.20-16.07.48
[2019.07.20-20.07.48:640][864]LogWorld: Bringing up level for play took: 0.064241
[2019.07.20-20.07.48:809][864]LogContentBrowser: Native class hierarchy updated for 'MovieSceneCapture' in 0.0019 seconds. Added 10 classes and 0 folders.
[2019.07.20-20.07.48:859][864]PIE: Play in editor start time for /Game/IronForgedGames/Core/Entity/Test/ThirdPersonCPP/Maps/UEDPIE_0_ThirdPersonExampleMap 0.959
[2019.07.20-20.07.48:873][864]LogBlueprintUserMessages: Late PlayInEditor Detection: Level '/Game/IronForgedGames/Core/Entity/Test/ThirdPersonCPP/Maps/ThirdPersonExampleMap.ThirdPersonExampleMap:PersistentLevel' has LevelScriptBlueprint '/Game/IronForgedGames/Core/Entity/Test/ThirdPersonCPP/Maps/ThirdPersonExampleMap.ThirdPersonExampleMap:PersistentLevel.ThirdPersonExampleMap' with GeneratedClass '/Game/IronForgedGames/Core/Entity/Test/ThirdPersonCPP/Maps/ThirdPersonExampleMap.ThirdPersonExampleMap_C' with ClassGeneratedBy '/Game/IronForgedGames/Core/Entity/Test/ThirdPersonCPP/Maps/ThirdPersonExampleMap.ThirdPersonExampleMap:PersistentLevel.ThirdPersonExampleMap'
[2019.07.20-20.07.57:385][828]LogBlueprintUserMessages: Early EndPlayMap Detection: Level '/Game/IronForgedGames/Core/Entity/Test/ThirdPersonCPP/Maps/ThirdPersonExampleMap.ThirdPersonExampleMap:PersistentLevel' has LevelScriptBlueprint '/Game/IronForgedGames/Core/Entity/Test/ThirdPersonCPP/Maps/ThirdPersonExampleMap.ThirdPersonExampleMap:PersistentLevel.ThirdPersonExampleMap' with GeneratedClass '/Game/IronForgedGames/Core/Entity/Test/ThirdPersonCPP/Maps/ThirdPersonExampleMap.ThirdPersonExampleMap_C' with ClassGeneratedBy '/Game/IronForgedGames/Core/Entity/Test/ThirdPersonCPP/Maps/ThirdPersonExampleMap.ThirdPersonExampleMap:PersistentLevel.ThirdPersonExampleMap'
[2019.07.20-20.07.57:449][828]LogSlate: Updating window title bar state: overlay mode, drag disabled, window buttons hidden, title bar hidden
[2019.07.20-20.07.57:671][828]LogPlayLevel: Display: Shutting down PIE online subsystems
[2019.07.20-20.07.57:673][828]LogBlueprintUserMessages: Late EndPlayMap Detection: Level '/Game/IronForgedGames/Core/Entity/Test/ThirdPersonCPP/Maps/ThirdPersonExampleMap.ThirdPersonExampleMap:PersistentLevel' has LevelScriptBlueprint '/Game/IronForgedGames/Core/Entity/Test/ThirdPersonCPP/Maps/ThirdPersonExampleMap.ThirdPersonExampleMap:PersistentLevel.ThirdPersonExampleMap' with GeneratedClass '/Game/IronForgedGames/Core/Entity/Test/ThirdPersonCPP/Maps/ThirdPersonExampleMap.ThirdPersonExampleMap_C' with ClassGeneratedBy '/Game/IronForgedGames/Core/Entity/Test/ThirdPersonCPP/Maps/ThirdPersonExampleMap.ThirdPersonExampleMap:PersistentLevel.ThirdPersonExampleMap'
[2019.07.20-20.07.57:790][828]LogSlate: Updating window title bar state: overlay mode, drag disabled, window buttons hidden, title bar hidden
[2019.07.20-20.07.57:909][829]LogPlayLevel: Display: Destroying online subsystem :Context_2
