Log file open, 08/03/19 09:15:45
LogWindows: Failed to load 'aqProf.dll' (GetLastError=126)
LogWindows: File 'aqProf.dll' does not exist
LogWindows: Failed to load 'VtuneApi.dll' (GetLastError=126)
LogWindows: File 'VtuneApi.dll' does not exist
LogWindows: Failed to load 'VtuneApi32e.dll' (GetLastError=126)
LogWindows: File 'VtuneApi32e.dll' does not exist
LogInit: Display: Running engine for game: Project_Tether
LogPlatformFile: Not using cached read wrapper
LogTaskGraph: Started task graph with 5 named threads and 35 total threads with 3 sets of task threads.
LogStats: Stats thread started at 0.401263
LogD3D11RHI: Loaded GFSDK_Aftermath_Lib.x64.dll
LogICUInternationalization: Display: ICU TimeZone Detection - Raw Offset: -5:00, Platform Override: ''
LogPluginManager: Mounting plugin Paper2D
LogPluginManager: Mounting plugin AISupport
LogPluginManager: Mounting plugin LightPropagationVolume
LogPluginManager: Mounting plugin CLionSourceCodeAccess
LogPluginManager: Mounting plugin CodeLiteSourceCodeAccess
LogPluginManager: Mounting plugin GitSourceControl
LogPluginManager: Mounting plugin KDevelopSourceCodeAccess
LogPluginManager: Mounting plugin NullSourceCodeAccess
LogPluginManager: Mounting plugin PerforceSourceControl
LogPluginManager: Mounting plugin SubversionSourceControl
LogPluginManager: Mounting plugin UObjectPlugin
LogPluginManager: Mounting plugin VisualStudioCodeSourceCodeAccess
LogPluginManager: Mounting plugin VisualStudioSourceCodeAccess
LogPluginManager: Mounting plugin XCodeSourceCodeAccess
LogPluginManager: Mounting plugin AssetManagerEditor
LogPluginManager: Mounting plugin CryptoKeys
LogPluginManager: Mounting plugin DataValidation
LogPluginManager: Mounting plugin FacialAnimation
LogPluginManager: Mounting plugin GameplayTagsEditor
LogPluginManager: Mounting plugin MacGraphicsSwitching
LogPluginManager: Mounting plugin MeshEditor
LogPluginManager: Mounting plugin MobileLauncherProfileWizard
LogPluginManager: Mounting plugin PluginBrowser
LogPluginManager: Mounting plugin SpeedTreeImporter
LogPluginManager: Mounting plugin DatasmithContent
LogPluginManager: Mounting plugin AlembicImporter
LogPluginManager: Mounting plugin AppleImageUtils
LogPluginManager: Mounting plugin AppleVision
LogPluginManager: Mounting plugin BackChannel
LogPluginManager: Mounting plugin CharacterAI
LogPluginManager: Mounting plugin GeometryCache
LogPluginManager: Mounting plugin HTML5Networking
LogPluginManager: Mounting plugin ProxyLODPlugin
LogPluginManager: Mounting plugin MagicLeap
LogPluginManager: Mounting plugin MagicLeapEmulator
LogPluginManager: Mounting plugin MagicLeapMedia
LogPluginManager: Mounting plugin AndroidMedia
LogPluginManager: Mounting plugin AvfMedia
LogPluginManager: Mounting plugin ImgMedia
LogPluginManager: Mounting plugin LinearTimecode
LogPluginManager: Mounting plugin MediaCompositing
LogPluginManager: Mounting plugin MediaPlayerEditor
LogPluginManager: Mounting plugin WmfMedia
LogPluginManager: Mounting plugin TcpMessaging
LogPluginManager: Mounting plugin UdpMessaging
LogPluginManager: Mounting plugin ActorSequence
LogPluginManager: Mounting plugin LevelSequenceEditor
LogPluginManager: Mounting plugin MatineeToLevelSequence
LogPluginManager: Mounting plugin NetcodeUnitTest
LogPluginManager: Mounting plugin NUTUnrealEngine4
LogPluginManager: Mounting plugin OnlineSubsystemGooglePlay
LogPluginManager: Mounting plugin OnlineSubsystemIOS
LogPluginManager: Mounting plugin OnlineSubsystem
LogPluginManager: Mounting plugin OnlineSubsystemNull
LogPluginManager: Mounting plugin OnlineSubsystemUtils
LogPluginManager: Mounting plugin LauncherChunkInstaller
LogPluginManager: Mounting plugin AndroidDeviceProfileSelector
LogPluginManager: Mounting plugin AndroidMoviePlayer
LogPluginManager: Mounting plugin AndroidPermission
LogPluginManager: Mounting plugin AppleMoviePlayer
LogPluginManager: Mounting plugin ArchVisCharacter
LogPluginManager: Mounting plugin AudioCapture
LogPluginManager: Mounting plugin CableComponent
LogPluginManager: Mounting plugin CustomMeshComponent
LogPluginManager: Mounting plugin EditableMesh
LogPluginManager: Mounting plugin ExampleDeviceProfileSelector
LogPluginManager: Mounting plugin GoogleCloudMessaging
LogPluginManager: Mounting plugin ImmediatePhysics
LogPluginManager: Mounting plugin IOSDeviceProfileSelector
LogPluginManager: Mounting plugin LinuxDeviceProfileSelector
LogPluginManager: Mounting plugin LocationServicesBPLibrary
LogPluginManager: Mounting plugin MobilePatchingUtils
LogPluginManager: Mounting plugin OculusVR
LogPluginManager: Plugin shader directory ../../../Engine/Plugins/Runtime/Oculus/OculusVR/Shaders found
LogPluginManager: Mapping shader source directory ../../../Engine/Plugins/Runtime/Oculus/OculusVR/Shaders to virtual directory /Plugin/OculusVR
LogPluginManager: Mounting plugin PhysXVehicles
LogPluginManager: Mounting plugin ProceduralMeshComponent
LogPluginManager: Mounting plugin RuntimePhysXCooking
LogPluginManager: Mounting plugin SteamVR
LogPluginManager: Mounting plugin WindowsMoviePlayer
LogStreaming: Display: Took  0.070s to configure plugins.
LogInit: Using libcurl 7.55.1-DEV
LogInit:  - built for x86_64-pc-win32
LogInit:  - supports SSL with OpenSSL/1.0.2h
LogInit:  - supports HTTP deflate (compression) using libz 1.2.8
LogInit:  - other features:
LogInit:      CURL_VERSION_SSL
LogInit:      CURL_VERSION_LIBZ
LogInit:      CURL_VERSION_IPV6
LogInit:      CURL_VERSION_ASYNCHDNS
LogInit:      CURL_VERSION_LARGEFILE
LogInit:      CURL_VERSION_IDN
LogInit:  CurlRequestOptions (configurable via config and command line):
LogInit:  - bVerifyPeer = false  - Libcurl will NOT verify peer certificate
LogInit:  - bUseHttpProxy = false  - Libcurl will NOT use HTTP proxy
LogInit:  - bDontReuseConnections = false  - Libcurl will reuse connections
LogInit:  - CertBundlePath = nullptr  - Libcurl will use whatever was configured at build time.
LogInit:  - MaxHostConnections = 16  - Libcurl will limit the number of connections to a host
LogInit:  - LocalHostAddr = Default
LogInit:  - BufferSize = 65536
LogInit: WinSock: version 1.1 (2.2), MaxSocks=32767, MaxUdp=65467
LogInit: Build: ++UE4+Release-4.20-CL-4369336
LogInit: Engine Version: 4.20.3-4369336+++UE4+Release-4.20
LogInit: Compatible Engine Version: 4.20.0-4212847+++UE4+Release-4.20
LogInit: Net CL: 4212847
LogInit: OS: Windows 10 (), CPU: Intel(R) Core(TM) i7-8700K CPU @ 3.70GHz, GPU: NVIDIA GeForce GTX 1060 6GB
LogInit: Compiled (64-bit): Sep 17 2018 12:26:19
LogInit: Compiled with Visual C++: 19.13.26129.00
LogInit: Build Configuration: Development
LogInit: Branch Name: ++UE4+Release-4.20
LogInit: Command Line: 
LogInit: Base Directory: E:/Epic Games Games/UE_4.20/Engine/Binaries/Win64/
LogInit: Installed Engine Build: 1
LogDevObjectVersion: Number of dev versions registered: 20
LogDevObjectVersion:   Dev-Blueprints (B0D832E4-1F89-4F0D-ACCF-7EB736FD4AA2): 10
LogDevObjectVersion:   Dev-Build (E1C64328-A22C-4D53-A36C-8E866417BD8C): 0
LogDevObjectVersion:   Dev-Core (375EC13C-06E4-48FB-B500-84F0262A717E): 2
LogDevObjectVersion:   Dev-Editor (E4B068ED-F494-42E9-A231-DA0B2E46BB41): 24
LogDevObjectVersion:   Dev-Framework (CFFC743F-43B0-4480-9391-14DF171D2073): 34
LogDevObjectVersion:   Dev-Mobile (B02B49B5-BB20-44E9-A304-32B752E40360): 2
LogDevObjectVersion:   Dev-Networking (A4E4105C-59A1-49B5-A7C5-40C4547EDFEE): 0
LogDevObjectVersion:   Dev-Online (39C831C9-5AE6-47DC-9A44-9C173E1C8E7C): 0
LogDevObjectVersion:   Dev-Physics (78F01B33-EBEA-4F98-B9B4-84EACCB95AA2): 0
LogDevObjectVersion:   Dev-Platform (6631380F-2D4D-43E0-8009-CF276956A95A): 0
LogDevObjectVersion:   Dev-Rendering (12F88B9F-8875-4AFC-A67C-D90C383ABD29): 26
LogDevObjectVersion:   Dev-Sequencer (7B5AE74C-D270-4C10-A958-57980B212A5A): 9
LogDevObjectVersion:   Dev-VR (D7296918-1DD6-4BDD-9DE2-64A83CC13884): 2
LogDevObjectVersion:   Dev-LoadTimes (C2A15278-BFE7-4AFE-6C17-90FF531DF755): 1
LogDevObjectVersion:   Private-Geometry (6EACA3D4-40EC-4CC1-B786-8BED09428FC5): 3
LogDevObjectVersion:   Dev-AnimPhys (29E575DD-E0A3-4627-9D10-D276232CDCEA): 17
LogDevObjectVersion:   Dev-ReflectionCapture (6B266CEC-1EC7-4B8F-A30B-E4D90942FC07): 1
LogDevObjectVersion:   Dev-Automation (0DF73D61-A23F-47EA-B727-89E90C41499A): 1
LogDevObjectVersion:   FortniteMain (601D1886-AC64-4F84-AA16-D3DE0DEAC7D6): 12
LogDevObjectVersion:   Dev-Enterprise (9DFFBCD6-494F-0158-E221-12823C92A888): 1
LogStreaming: Display: Took  0.001s to delete old logs.
LogInit: Presizing for max 8388607 objects, including 0 objects not considered by GC, pre-allocating 0 bytes for permanent pool.
LogInit: Object subsystem initialized
[2019.08.03-13.15.45:325][  0]LogInit: Selected Device Profile: [Windows]
[2019.08.03-13.15.45:325][  0]LogInit: Applying CVar settings loaded from the selected device profile: [Windows]
[2019.08.03-13.15.45:346][  0]LogHAL: Display: Platform has ~ 16 GB [17121992704 / 17179869184 / 16], which maps to Larger [LargestMinGB=32, LargerMinGB=12, DefaultMinGB=8, SmallerMinGB=6, SmallestMinGB=0)
[2019.08.03-13.15.45:346][  0]LogInit: Setting Device Profile CVar: [[r.Vulkan.UseRealUBs:1]]
[2019.08.03-13.15.45:346][  0]LogInit: Going up to parent DeviceProfile []
[2019.08.03-13.15.45:347][  0]LogInit: Computer: AARONS-DESKTOP
[2019.08.03-13.15.45:347][  0]LogInit: User: AaronsDesktop
[2019.08.03-13.15.45:347][  0]LogInit: CPU Page size=4096, Cores=6
[2019.08.03-13.15.45:347][  0]LogInit: High frequency timer resolution =3.609376 MHz
[2019.08.03-13.15.45:347][  0]LogMemory: Memory total: Physical=15.9GB (16GB approx)
[2019.08.03-13.15.45:347][  0]LogMemory: Platform Memory Stats for Windows
[2019.08.03-13.15.45:347][  0]LogMemory: Process Physical Memory: 103.12 MB used, 103.12 MB peak
[2019.08.03-13.15.45:347][  0]LogMemory: Process Virtual Memory: 96.71 MB used, 96.71 MB peak
[2019.08.03-13.15.45:347][  0]LogMemory: Physical Memory: 6408.64 MB used,  9920.16 MB free, 16328.80 MB total
[2019.08.03-13.15.45:347][  0]LogMemory: Virtual Memory: 4668.17 MB used,  9920.16 MB free, 134217728.00 MB total
[2019.08.03-13.15.45:368][  0]LogInit: Using OS detected language (en-US).
[2019.08.03-13.15.45:368][  0]LogInit: Using OS detected locale (en-US).
[2019.08.03-13.15.45:369][  0]LogTextLocalizationManager: No specific localization for 'en-US' exists, so the 'en' localization will be used.
[2019.08.03-13.15.45:640][  0]LogStreaming: Display: Took  0.272s to InitEngineTextLocalization.
[2019.08.03-13.15.45:640][  0]LogInit: Setting process to per monitor DPI aware
[2019.08.03-13.15.45:664][  0]LogSlate: New Slate User Created.  User Index 0, Is Virtual User: 0
[2019.08.03-13.15.45:664][  0]LogSlate: Slate User Registered.  User Index 0, Is Virtual User: 0
[2019.08.03-13.15.45:796][  0]LogHMD: Failed to initialize OpenVR with code 110
[2019.08.03-13.15.45:797][  0]LogD3D11RHI: D3D11 adapters:
[2019.08.03-13.15.45:845][  0]LogD3D11RHI:    0. 'NVIDIA GeForce GTX 1060 6GB' (Feature Level 11_0)
[2019.08.03-13.15.45:845][  0]LogD3D11RHI:       6052/0/8164 MB DedicatedVideo/DedicatedSystem/SharedSystem, Outputs:2, VendorId:0x10de
[2019.08.03-13.15.45:847][  0]LogD3D11RHI:    1. 'Microsoft Basic Render Driver' (Feature Level 11_0)
[2019.08.03-13.15.45:847][  0]LogD3D11RHI:       0/0/8164 MB DedicatedVideo/DedicatedSystem/SharedSystem, Outputs:0, VendorId:0x1414
[2019.08.03-13.15.45:847][  0]LogD3D11RHI: Chosen D3D11 Adapter: 0
[2019.08.03-13.15.45:853][  0]LogD3D11RHI: Creating new Direct3DDevice
[2019.08.03-13.15.45:853][  0]LogD3D11RHI:     GPU DeviceId: 0x1c03 (for the marketing name, search the web for "GPU Device Id")
[2019.08.03-13.15.45:853][  0]LogWindows: EnumDisplayDevices:
[2019.08.03-13.15.45:853][  0]LogWindows:    0. 'NVIDIA GeForce GTX 1060 6GB' (P:1 D:1)
[2019.08.03-13.15.45:853][  0]LogWindows:    1. 'NVIDIA GeForce GTX 1060 6GB' (P:0 D:1)
[2019.08.03-13.15.45:853][  0]LogWindows:    2. 'NVIDIA GeForce GTX 1060 6GB' (P:0 D:0)
[2019.08.03-13.15.45:854][  0]LogWindows:    3. 'NVIDIA GeForce GTX 1060 6GB' (P:0 D:0)
[2019.08.03-13.15.45:854][  0]LogWindows: DebugString: FoundDriverCount:4 
[2019.08.03-13.15.45:854][  0]LogD3D11RHI:     Adapter Name: NVIDIA GeForce GTX 1060 6GB
[2019.08.03-13.15.45:854][  0]LogD3D11RHI:   Driver Version: 418.81 (internal:25.21.14.1881, unified:418.81)
[2019.08.03-13.15.45:854][  0]LogD3D11RHI:      Driver Date: 1-30-2019
[2019.08.03-13.15.45:854][  0]LogRHI: Texture pool is 4236 MB (70% of 6052 MB)
[2019.08.03-13.15.45:884][  0]LogD3D11RHI: Async texture creation enabled
[2019.08.03-13.15.45:898][  0]LogD3D11RHI: GPU Timing Frequency: 1000.000000 (Debug: 2 1)
[2019.08.03-13.15.45:999][  0]LogShaderCompilers: Guid format shader working directory is -13 characters bigger than the processId version (../../../../../Projects/IronForgedGames/Project_Tether/Project_Tether/Intermediate/Shaders/WorkingDirectory/9220/).
[2019.08.03-13.15.46:000][  0]LogShaderCompilers: Cleaned the shader compiler working directory 'C:/Users/Aaron's Desktop/AppData/Local/Temp/UnrealShaderWorkingDir/9C313E6D4CC54EE81D3AEE9D3C3F90F2/'.
[2019.08.03-13.15.46:239][  0]LogTemp: Display: Loaded TP AllDesktopTargetPlatform
[2019.08.03-13.15.46:248][  0]LogTemp: Display: Loaded TP MacClientTargetPlatform
[2019.08.03-13.15.46:257][  0]LogTemp: Display: Loaded TP MacNoEditorTargetPlatform
[2019.08.03-13.15.46:267][  0]LogTemp: Display: Loaded TP MacServerTargetPlatform
[2019.08.03-13.15.46:276][  0]LogTemp: Display: Loaded TP MacTargetPlatform
[2019.08.03-13.15.46:286][  0]LogTemp: Display: Loaded TP WindowsClientTargetPlatform
[2019.08.03-13.15.46:296][  0]LogTemp: Display: Loaded TP WindowsNoEditorTargetPlatform
[2019.08.03-13.15.46:306][  0]LogTemp: Display: Loaded TP WindowsServerTargetPlatform
[2019.08.03-13.15.46:310][  0]LogTemp: Display: Loaded TP WindowsTargetPlatform
[2019.08.03-13.15.46:369][  0]LogTemp: Display: Loaded TP AndroidTargetPlatform
[2019.08.03-13.15.46:369][  0]LogTemp: Display: Loaded TP AndroidTargetPlatform
[2019.08.03-13.15.46:369][  0]LogTemp: Display: Loaded TP AndroidTargetPlatform
[2019.08.03-13.15.46:369][  0]LogTemp: Display: Loaded TP AndroidTargetPlatform
[2019.08.03-13.15.46:369][  0]LogTemp: Display: Loaded TP AndroidTargetPlatform
[2019.08.03-13.15.46:369][  0]LogTemp: Display: Loaded TP AndroidTargetPlatform
[2019.08.03-13.15.46:369][  0]LogTemp: Display: Loaded TP AndroidTargetPlatform
[2019.08.03-13.15.46:369][  0]LogTemp: Display: Loaded TP AndroidTargetPlatform
[2019.08.03-13.15.46:369][  0]LogTemp: Display: Loaded TP AndroidTargetPlatform
[2019.08.03-13.15.46:369][  0]LogTemp: Display: Loaded TP AndroidTargetPlatform
[2019.08.03-13.15.46:369][  0]LogTemp: Display: Loaded TP AndroidTargetPlatform
[2019.08.03-13.15.46:369][  0]LogTemp: Display: Loaded TP AndroidTargetPlatform
[2019.08.03-13.15.46:369][  0]LogTemp: Display: Loaded TP AndroidTargetPlatform
[2019.08.03-13.15.46:369][  0]LogTemp: Display: Loaded TP AndroidTargetPlatform
[2019.08.03-13.15.46:369][  0]LogTemp: Display: Loaded TP AndroidTargetPlatform
[2019.08.03-13.15.46:369][  0]LogTemp: Display: Loaded TP AndroidTargetPlatform
[2019.08.03-13.15.46:369][  0]LogTemp: Display: Loaded TP AndroidTargetPlatform
[2019.08.03-13.15.46:369][  0]LogTemp: Display: Loaded TP AndroidTargetPlatform
[2019.08.03-13.15.46:370][  0]LogTemp: Display: Loaded TP HTML5TargetPlatform
[2019.08.03-13.15.46:435][  0]LogTemp: Display: Loaded TP IOSTargetPlatform
[2019.08.03-13.15.46:435][  0]LogTemp: Display: Loaded TP IOSTargetPlatform
[2019.08.03-13.15.46:459][  0]LogTemp: Display: Loaded TP TVOSTargetPlatform
[2019.08.03-13.15.46:459][  0]LogTemp: Display: Loaded TP TVOSTargetPlatform
[2019.08.03-13.15.46:469][  0]LogTemp: Display: Loaded TP LinuxClientTargetPlatform
[2019.08.03-13.15.46:483][  0]LogTemp: Display: Loaded TP LinuxNoEditorTargetPlatform
[2019.08.03-13.15.46:492][  0]LogTemp: Display: Loaded TP LinuxServerTargetPlatform
[2019.08.03-13.15.46:504][  0]LogTemp: Display: Loaded TP LinuxTargetPlatform
[2019.08.03-13.15.46:510][  0]LogTemp: Display: Loaded TP LuminTargetPlatform
[2019.08.03-13.15.46:510][  0]LogTargetPlatformManager: Display: Building Assets For Windows
[2019.08.03-13.15.46:543][  0]LogXGEController: Cleaning working directory: C:/Users/Aaron's Desktop/AppData/Local/Temp/UnrealXGEWorkingDir/
[2019.08.03-13.15.46:543][  0]LogXGEController: Cannot use XGE Controller as Incredibuild is not installed on this machine.
[2019.08.03-13.15.46:544][  0]LogShaderCompilers: Cannot use XGE Shader Compiler as Incredibuild is not installed on this machine.
[2019.08.03-13.15.46:544][  0]LogShaderCompilers: Display: Using Local Shader Compiler.
[2019.08.03-13.15.47:084][  0]LogDerivedDataCache: Display: Max Cache Size: 512 MB
[2019.08.03-13.15.47:127][  0]LogDerivedDataCache: Loaded boot cache 0.04s 71MB C:/Users/Aaron's Desktop/AppData/Local/UnrealEngine/4.20/DerivedDataCache/Boot.ddc.
[2019.08.03-13.15.47:128][  0]LogDerivedDataCache: Display: Loaded Boot cache: C:/Users/Aaron's Desktop/AppData/Local/UnrealEngine/4.20/DerivedDataCache/Boot.ddc
[2019.08.03-13.15.47:128][  0]LogDerivedDataCache: FDerivedDataBackendGraph:  Pak pak cache file ../../../../../Projects/IronForgedGames/Project_Tether/Project_Tether/DerivedDataCache/DDC.ddp not found, will not use a pak cache.
[2019.08.03-13.15.47:128][  0]LogDerivedDataCache: Unable to find inner node Pak for hierarchical cache Hierarchy.
[2019.08.03-13.15.47:128][  0]LogDerivedDataCache: FDerivedDataBackendGraph:  CompressedPak pak cache file ../../../../../Projects/IronForgedGames/Project_Tether/Project_Tether/DerivedDataCache/Compressed.ddp not found, will not use a pak cache.
[2019.08.03-13.15.47:128][  0]LogDerivedDataCache: Unable to find inner node CompressedPak for hierarchical cache Hierarchy.
[2019.08.03-13.15.47:139][  0]LogDerivedDataCache: Display: Pak cache opened for reading ../../../Engine/DerivedDataCache/Compressed.ddp.
[2019.08.03-13.15.47:151][  0]LogDerivedDataCache: Using Local data cache path C:/Users/Aaron's Desktop/AppData/Local/UnrealEngine/Common/DerivedDataCache: Writable
[2019.08.03-13.15.47:151][  0]LogDerivedDataCache: Shared data cache path not found in *engine.ini, will not use an Shared cache.
[2019.08.03-13.15.47:151][  0]LogDerivedDataCache: Unable to find inner node Shared for hierarchical cache Hierarchy.
[2019.08.03-13.15.47:168][  0]LogMaterial: Verifying Global Shaders for PCD3D_SM5
[2019.08.03-13.15.47:169][  0]LogSlate: Using FreeType 2.6.0
[2019.08.03-13.15.47:170][  0]LogSlate: SlateFontServices - WITH_FREETYPE: 1, WITH_HARFBUZZ: 1
[2019.08.03-13.15.47:229][  0]LogAssetRegistry: FAssetRegistry took 0.0250 seconds to start up
[2019.08.03-13.15.47:456][  0]LogInit: Selected Device Profile: [Windows]
[2019.08.03-13.15.47:553][  0]LogSimplygon: Simplygon DLL not present - disabling.
[2019.08.03-13.15.47:556][  0]LogMeshReduction: Using SimplygonSwarm for distributed automatic mesh merging
[2019.08.03-13.15.47:556][  0]LogMeshReduction: Using ProxyLODMeshReduction for automatic mesh merging
[2019.08.03-13.15.47:556][  0]LogMeshReduction: Using QuadricMeshReduction for automatic static mesh reduction
[2019.08.03-13.15.47:556][  0]LogMeshReduction: No automatic skeletal mesh reduction module available
[2019.08.03-13.15.47:569][  0]LogNetVersion: Project_Tether 1.0.0, NetCL: 4212847, EngineNetVer: 5, GameNetVer: 0 (Checksum: 2290113244)
[2019.08.03-13.15.47:934][  0]LogPackageLocalizationCache: Processed 11 localized package path(s) for 2 prioritized culture(s) in 0.068246 seconds
[2019.08.03-13.15.47:939][  0]LogUObjectArray: 38425 objects as part of root set at end of initial load.
[2019.08.03-13.15.47:939][  0]LogUObjectAllocator: 6690872 out of 0 bytes used by permanent object pool.
[2019.08.03-13.15.47:939][  0]LogUObjectArray: CloseDisregardForGC: 0/0 objects in disregard for GC pool
[2019.08.03-13.15.48:543][  0]LogTcpMessaging: Initializing TcpMessaging bridge
[2019.08.03-13.15.48:556][  0]LogUdpMessaging: Initializing bridge on interface 0.0.0.0:0 to multicast group 230.0.0.1:6666.
[2019.08.03-13.15.48:705][  0]LogLinker: Warning: Can't find file '/Game/ThirdPersonCPP/Blueprints/ThirdPersonCharacter'
[2019.08.03-13.15.48:705][  0]LogLinker: Warning: Can't find file '/Game/ThirdPersonCPP/Blueprints/ThirdPersonCharacter'
[2019.08.03-13.15.48:705][  0]LogUObjectGlobals: Warning: Failed to find object 'Class /Game/ThirdPersonCPP/Blueprints/ThirdPersonCharacter.ThirdPersonCharacter_C'
[2019.08.03-13.15.48:705][  0]Error: CDO Constructor (Project_TetherGameMode): Failed to find /Game/ThirdPersonCPP/Blueprints/ThirdPersonCharacter.ThirdPersonCharacter_C

[2019.08.03-13.15.48:705][  0]LogUObjectBase: Warning: -------------- Default Property warnings and errors:
[2019.08.03-13.15.48:705][  0]LogUObjectBase: Warning: Error: CDO Constructor (Project_TetherGameMode): Failed to find /Game/ThirdPersonCPP/Blueprints/ThirdPersonCharacter.ThirdPersonCharacter_C

[2019.08.03-13.15.54:523][  0]LogWindowsTextInputMethodSystem: Display: IME system now deactivated.
[2019.08.03-13.15.54:553][  0]SourceControl: Source control is disabled
[2019.08.03-13.15.54:553][  0]SourceControl: Source control is disabled
[2019.08.03-13.15.54:554][  0]SourceControl: Source control is disabled
[2019.08.03-13.15.54:555][  0]SourceControl: Source control is disabled
[2019.08.03-13.15.54:722][  0]LogAndroidPermission: UAndroidPermissionCallbackProxy::GetInstance
[2019.08.03-13.15.54:798][  0]LogOcInput: OculusInput pre-init called
[2019.08.03-13.15.54:844][  0]LogEngine: Initializing Engine...
[2019.08.03-13.15.54:845][  0]LogHMD: Failed to initialize OpenVR with code 110
[2019.08.03-13.15.54:846][  0]LogStats: UGameplayTagsManager::ConstructGameplayTagTree: ImportINI prefixes -  0.000 s
[2019.08.03-13.15.54:846][  0]LogStats: UGameplayTagsManager::ConstructGameplayTagTree: Construct from data asset -  0.000 s
[2019.08.03-13.15.54:846][  0]LogStats: UGameplayTagsManager::ConstructGameplayTagTree: ImportINI -  0.000 s
[2019.08.03-13.15.54:846][  0]LogStats: UGameplayTagsManager::ConstructGameplayTagTree: GameplayTagTreeChangedEvent.Broadcast -  0.000 s
[2019.08.03-13.15.55:005][  0]LogInit: Initializing FReadOnlyCVARCache
[2019.08.03-13.15.55:013][  0]LogAIModule: Creating AISystem for world Untitled
[2019.08.03-13.15.55:033][  0]LogInit: XAudio2 using 'Speakers (2- USB PnP Audio Device)' : 2 channels at 48 kHz using 16 bits per sample (channel mask 0x3)
[2019.08.03-13.15.55:045][  0]LogInit: FAudioDevice initialized.
[2019.08.03-13.15.55:045][  0]LogNetVersion: Set ProjectVersion to 1.0.0.0. Version Checksum will be recalculated on next use.
[2019.08.03-13.15.55:091][  0]LogDerivedDataCache: Saved boot cache 0.05s 71MB C:/Users/Aaron's Desktop/AppData/Local/UnrealEngine/4.20/DerivedDataCache/Boot.ddc.
[2019.08.03-13.15.55:103][  0]LogInit: Texture streaming: Enabled
[2019.08.03-13.15.55:113][  0]LogEngineSessionManager: EngineSessionManager initialized
[2019.08.03-13.15.55:113][  0]LogEngineSessionManager: EngineSessionManager sent abnormal shutdown report. Type=Crashed, SessionId={6EC7F4BA-4F75-C3FA-D47E-17A2C05920E0}
[2019.08.03-13.15.55:121][  0]LogInit: Transaction tracking system initialized
[2019.08.03-13.15.55:132][  0]BlueprintLog: New page: Editor Load
[2019.08.03-13.15.55:173][  0]LocalizationService: Localization service is disabled
[2019.08.03-13.15.55:374][  0]LogCook: Display: Max memory allowance for cook 16384mb min free memory 0mb
[2019.08.03-13.15.55:374][  0]LogCook: Display: Mobile HDR setting 1
[2019.08.03-13.15.55:374][  0]LogGameplayTags: Display: UGameplayTagsManager::DoneAddingNativeTags. DelegateIsBound: 0
[2019.08.03-13.15.55:374][  0]LogStats: UGameplayTagsManager::ConstructGameplayTagTree: ImportINI prefixes -  0.000 s
[2019.08.03-13.15.55:374][  0]LogStats: UGameplayTagsManager::ConstructGameplayTagTree: Construct from data asset -  0.000 s
[2019.08.03-13.15.55:374][  0]LogStats: UGameplayTagsManager::ConstructGameplayTagTree: ImportINI -  0.000 s
[2019.08.03-13.15.55:374][  0]LogStats: UGameplayTagsManager::ConstructGameplayTagTree: GameplayTagTreeChangedEvent.Broadcast -  0.000 s
[2019.08.03-13.15.55:451][  0]LogFileCache: Scanning file cache for directory 'E:/Projects/IronForgedGames/Project_Tether/Project_Tether/Content/' took 0.02s
[2019.08.03-13.15.55:451][  0]SourceControl: Source control is disabled
[2019.08.03-13.15.55:451][  0]LightingResults: New page: Lighting Build
[2019.08.03-13.15.55:453][  0]MapCheck: New page: Map Check
[2019.08.03-13.15.55:453][  0]LightingResults: New page: Lighting Build
[2019.08.03-13.15.55:819][  0]LogAIModule: Creating AISystem for world ThirdPersonExampleMap
[2019.08.03-13.15.55:828][  0]LogEditorServer: Finished looking for orphan Actors (0.000 secs)
[2019.08.03-13.15.55:851][  0]Cmd: MAP CHECKDEP NOCLEARLOG
[2019.08.03-13.15.55:893][  0]MapCheck: Map check complete: 0 Error(s), 0 Warning(s), took 42.441ms to complete.
[2019.08.03-13.15.55:893][  0]LogFileHelpers: Loading map 'ThirdPersonExampleMap' took 0.442
[2019.08.03-13.15.55:973][  0]LogWindowsTextInputMethodSystem: Display: IME system now deactivated.
[2019.08.03-13.15.56:004][  0]LogSlate: Updating window title bar state: overlay mode, drag disabled, window buttons hidden, title bar hidden
[2019.08.03-13.15.56:010][  0]LogSlate: Updating window title bar state: overlay mode, drag disabled, window buttons hidden, title bar hidden
[2019.08.03-13.15.56:015][  0]LogSlate: Updating window title bar state: overlay mode, drag disabled, window buttons hidden, title bar hidden
[2019.08.03-13.15.56:020][  0]LogSlate: Updating window title bar state: overlay mode, drag disabled, window buttons hidden, title bar hidden
[2019.08.03-13.15.56:023][  0]LogCollectionManager: Loaded 0 collections in 0.000586 seconds
[2019.08.03-13.15.56:066][  0]LogFileCache: Scanning file cache for directory 'E:/Projects/IronForgedGames/Project_Tether/Project_Tether/Saved/Collections/' took 0.01s
[2019.08.03-13.15.56:066][  0]LogFileCache: Scanning file cache for directory 'E:/Projects/IronForgedGames/Project_Tether/Project_Tether/Content/Developers/AaronsDesktop/Collections/' took 0.01s
[2019.08.03-13.15.56:066][  0]LogFileCache: Scanning file cache for directory 'E:/Projects/IronForgedGames/Project_Tether/Project_Tether/Content/Collections/' took 0.01s
[2019.08.03-13.15.56:067][  0]LogCollectionManager: Rebuilt the GUID cache for 0 collections in 0.000001 seconds
[2019.08.03-13.15.56:087][  0]LogContentBrowser: Native class hierarchy populated in 0.0197 seconds. Added 2604 classes and 621 folders.
[2019.08.03-13.15.56:094][  0]LogContentBrowser: Native class hierarchy updated for 'WidgetCarousel' in 0.0004 seconds. Added 0 classes and 0 folders.
[2019.08.03-13.15.56:124][  0]LogContentBrowser: Native class hierarchy updated for 'AddContentDialog' in 0.0004 seconds. Added 0 classes and 0 folders.
[2019.08.03-13.15.56:129][  0]LogContentBrowser: Native class hierarchy updated for 'SceneOutliner' in 0.0004 seconds. Added 1 classes and 2 folders.
[2019.08.03-13.15.56:874][  0]LogSlate: Only BGRA pngs, bmps or icos are supported in by External Image Picker
[2019.08.03-13.15.56:901][  0]LogSlate: Took 0.000202 seconds to synchronously load lazily loaded font '../../../Engine/Content/Slate/Fonts/Roboto-Regular.ttf' (155K)
[2019.08.03-13.15.56:903][  0]LogSlate: Took 0.000204 seconds to synchronously load lazily loaded font '../../../Engine/Content/Slate/Fonts/Roboto-Bold.ttf' (160K)
[2019.08.03-13.15.56:908][  0]LogTemp: Executing iPhonePackager certificates Engine -bundlename com.YourCompany.ProjectTether
[2019.08.03-13.15.56:908][  0]LogTemp: CWD: E:\Epic Games Games\UE_4.20\Engine\Binaries\DotNET\IOS
[2019.08.03-13.15.56:908][  0]LogTemp: Initial Dir: E:\Epic Games Games\UE_4.20
[2019.08.03-13.15.56:908][  0]LogTemp: Env CWD: E:\Epic Games Games\UE_4.20\Engine\Binaries\DotNET\IOS
[2019.08.03-13.15.56:908][  0]LogSlate: Took 0.000162 seconds to synchronously load lazily loaded font '../../../Engine/Content/Editor/Slate/Fonts/FontAwesome.ttf' (139K)
[2019.08.03-13.15.56:910][  0]LogTemp: BranchPath = AARONS-DESKTOP/E/Epic Games Games/UE_4.20/Engine/Binaries --- GameBranchPath = AARONS-DESKTOP/E/Epic Games Games/UE_4.20/Engine/Binaries
[2019.08.03-13.15.56:910][  0]LogSlate: Took 0.000118 seconds to synchronously load lazily loaded font '../../../Engine/Content/Slate/Fonts/DroidSansMono.ttf' (77K)
[2019.08.03-13.15.57:005][  0]LogRenderer: Reallocating scene render targets to support 1232x424 Format 10 NumSamples 1 (Frame:1).
[2019.08.03-13.15.57:106][  0]LogTemp: IPP ERROR: Could not find provision directory 'C:\Users\Aaron's Desktop\AppData\Local/Apple Computer/MobileDevice/Provisioning Profiles/'.
[2019.08.03-13.15.57:121][  0]LogContentBrowser: Native class hierarchy updated for 'HierarchicalLODOutliner' in 0.0004 seconds. Added 0 classes and 0 folders.
[2019.08.03-13.15.57:121][  0]LogLoad: (Engine Initialization) Total time: 13.26 seconds
[2019.08.03-13.15.57:121][  0]LogLoad: (Engine Initialization) Total Blueprint compile time: 0.00 seconds
[2019.08.03-13.15.57:155][  0]LogContentStreaming: Texture pool size now 1000 MB
[2019.08.03-13.15.57:186][  0]LogSlate: Took 0.000104 seconds to synchronously load lazily loaded font '../../../Engine/Content/Slate/Fonts/Roboto-Light.ttf' (167K)
[2019.08.03-13.15.57:206][  1]LogAssetRegistry: Asset discovery search completed in 9.9988 seconds
[2019.08.03-13.15.57:207][  1]LogCollectionManager: Rebuilt the object cache for 0 collections in 0.000000 seconds (found 0 objects)
[2019.08.03-13.15.57:207][  1]LogCollectionManager: Fixed up redirectors for 0 collections in 0.000160 seconds (updated 0 objects)
[2019.08.03-13.16.06:319][ 76]LogSlate: FSceneViewport::OnFocusLost() reason 0
[2019.08.03-13.16.07:815][250]Candidate modules for hot reload:
[2019.08.03-13.16.07:815][250]  Project_Tether
[2019.08.03-13.16.07:816][250]Launching UnrealBuildTool... [E:/Epic Games Games/UE_4.20/Engine/Binaries/DotNET/UnrealBuildTool.exe  -ModuleWithSuffix=Project_Tether,862 Win64 Development -TargetType=Editor -Project="../../../../../Projects/IronForgedGames/Project_Tether/Project_Tether/Project_Tether.uproject" -canskiplink "E:/Projects/IronForgedGames/Project_Tether/Project_Tether/Project_Tether.uproject" ]
[2019.08.03-13.16.07:817][250]Warning: Starting HotReload took  0.0s.
[2019.08.03-13.16.11:692][713]CompilerResultsLog: New page: Compilation - Aug 3, 2019, 4:16:11 AM
[2019.08.03-13.16.11:693][713]CompilerResultsLog: Using 'git status' to determine working set for adaptive non-unity build.
[2019.08.03-13.16.11:693][713]CompilerResultsLog: Creating makefile for hot reloading Project_TetherEditor (ini files are newer than UBTMakefile)
[2019.08.03-13.16.11:693][713]CompilerResultsLog: Compiling game modules for hot reload
[2019.08.03-13.16.11:693][713]CompilerResultsLog: Using Visual Studio 2017 14.16.27023 toolchain (C:\Program Files (x86)\Microsoft Visual Studio\2017\Community\VC\Tools\MSVC\14.16.27023) and Windows 10.0.17763.0 SDK (C:\Program Files (x86)\Windows Kits\10).
[2019.08.03-13.16.11:694][713]CompilerResultsLog: [Adaptive unity build] Disabling PCH for excluded files. Set bAdaptiveUnityDisablesPCH to false in BuildConfiguration.xml to change this behavior.
[2019.08.03-13.16.11:694][713]CompilerResultsLog: [Adaptive unity build] Excluded from Project_Tether unity file: Tool_StaticMeshComponent.cpp, ToolDatabase.cpp, WeaponHandedness.cpp, ToolComponent.cpp
[2019.08.03-13.16.11:694][713]CompilerResultsLog: [Adaptive unity build] Excluded from Project_Tether.gen unity file: ClassType.gen.cpp, Project_Tether.init.gen.cpp, Tool_StaticMeshComponent.gen.cpp, ToolComponent.gen.cpp, WeaponHandedness.gen.cpp
[2019.08.03-13.16.11:695][713]CompilerResultsLog: Target is up to date
[2019.08.03-13.16.11:695][713]CompilerResultsLog: Total build time: 3.69 seconds (NoActionsToExecute executor: 0.00 seconds)
[2019.08.03-13.16.11:695][713]LogMainFrame: MainFrame: Module compiling took 3.886 seconds
[2019.08.03-13.16.11:722][713]LogContentBrowser: Native class hierarchy populated in 0.0072 seconds. Added 2605 classes and 623 folders.
[2019.08.03-13.16.11:725][713]Display: HotReload took  3.9s.
[2019.08.03-13.16.22:844][ 33]LogTemp: Repeating last play command: Selected Viewport
[2019.08.03-13.16.22:863][ 33]LogBlueprintUserMessages: Early PlayInEditor Detection: Level '/Game/IronForgedGames/Core/Entity/Test/ThirdPersonCPP/Maps/ThirdPersonExampleMap.ThirdPersonExampleMap:PersistentLevel' has LevelScriptBlueprint '/Game/IronForgedGames/Core/Entity/Test/ThirdPersonCPP/Maps/ThirdPersonExampleMap.ThirdPersonExampleMap:PersistentLevel.ThirdPersonExampleMap' with GeneratedClass '/Game/IronForgedGames/Core/Entity/Test/ThirdPersonCPP/Maps/ThirdPersonExampleMap.ThirdPersonExampleMap_C' with ClassGeneratedBy '/Game/IronForgedGames/Core/Entity/Test/ThirdPersonCPP/Maps/ThirdPersonExampleMap.ThirdPersonExampleMap:PersistentLevel.ThirdPersonExampleMap'
[2019.08.03-13.16.22:864][ 33]LogPlayLevel: PlayLevel: No blueprints needed recompiling
[2019.08.03-13.16.22:876][ 33]PIE: New page: PIE session: ThirdPersonExampleMap (Aug 3, 2019, 4:16:22 AM)
[2019.08.03-13.16.22:876][ 33]LogPlayLevel: Creating play world package: /Game/IronForgedGames/Core/Entity/Test/ThirdPersonCPP/Maps/UEDPIE_0_ThirdPersonExampleMap
[2019.08.03-13.16.22:899][ 33]LogPlayLevel: PIE: StaticDuplicateObject took: (0.022555s)
[2019.08.03-13.16.22:900][ 33]LogAIModule: Creating AISystem for world ThirdPersonExampleMap
[2019.08.03-13.16.22:900][ 33]LogPlayLevel: PIE: World Init took: (0.001143s)
[2019.08.03-13.16.22:900][ 33]LogPlayLevel: PIE: Created PIE world by copying editor world from /Game/IronForgedGames/Core/Entity/Test/ThirdPersonCPP/Maps/ThirdPersonExampleMap.ThirdPersonExampleMap to /Game/IronForgedGames/Core/Entity/Test/ThirdPersonCPP/Maps/UEDPIE_0_ThirdPersonExampleMap.ThirdPersonExampleMap (0.024401s)
[2019.08.03-13.16.22:939][ 33]LogInit: XAudio2 using 'Speakers (2- USB PnP Audio Device)' : 2 channels at 48 kHz using 16 bits per sample (channel mask 0x3)
[2019.08.03-13.16.22:947][ 33]LogInit: FAudioDevice initialized.
[2019.08.03-13.16.22:988][ 33]LogLoad: Game class is 'GameMode'
[2019.08.03-13.16.22:993][ 33]LogWorld: Bringing World /Game/IronForgedGames/Core/Entity/Test/ThirdPersonCPP/Maps/UEDPIE_0_ThirdPersonExampleMap.ThirdPersonExampleMap up for play (max tick rate 0) at 2019.08.03-09.16.22
[2019.08.03-13.16.22:994][ 33]LogWorld: Bringing up level for play took: 0.003862
[2019.08.03-13.16.23:039][ 33]LogContentBrowser: Native class hierarchy updated for 'MovieSceneCapture' in 0.0005 seconds. Added 10 classes and 0 folders.
[2019.08.03-13.16.23:039][ 33]LogGameMode: Display: Match State Changed from EnteringMap to WaitingToStart
[2019.08.03-13.16.23:039][ 33]LogGameState: Match State Changed from EnteringMap to WaitingToStart
[2019.08.03-13.16.23:039][ 33]LogGameMode: Display: Match State Changed from WaitingToStart to InProgress
[2019.08.03-13.16.23:040][ 33]LogTemp: Error: Health stat was found, the Vitals will not work
[2019.08.03-13.16.23:040][ 33]LogBlueprintUserMessages: [TopDownCharacter_BP_5] Test Sword Tool was equipped 
[2019.08.03-13.16.23:040][ 33]LogBlueprintUserMessages: [TopDownCharacter_BP_5] 3
[2019.08.03-13.16.23:041][ 33]LogGameState: Match State Changed from WaitingToStart to InProgress
[2019.08.03-13.16.23:041][ 33]PIE: Play in editor start time for /Game/IronForgedGames/Core/Entity/Test/ThirdPersonCPP/Maps/UEDPIE_0_ThirdPersonExampleMap -0.576
[2019.08.03-13.16.23:041][ 33]LogBlueprintUserMessages: Late PlayInEditor Detection: Level '/Game/IronForgedGames/Core/Entity/Test/ThirdPersonCPP/Maps/ThirdPersonExampleMap.ThirdPersonExampleMap:PersistentLevel' has LevelScriptBlueprint '/Game/IronForgedGames/Core/Entity/Test/ThirdPersonCPP/Maps/ThirdPersonExampleMap.ThirdPersonExampleMap:PersistentLevel.ThirdPersonExampleMap' with GeneratedClass '/Game/IronForgedGames/Core/Entity/Test/ThirdPersonCPP/Maps/ThirdPersonExampleMap.ThirdPersonExampleMap_C' with ClassGeneratedBy '/Game/IronForgedGames/Core/Entity/Test/ThirdPersonCPP/Maps/ThirdPersonExampleMap.ThirdPersonExampleMap:PersistentLevel.ThirdPersonExampleMap'
[2019.08.03-13.16.28:459][667]LogBlueprintUserMessages: [TopDownCharacter_BP_5] Test Sword Tool was equipped 
[2019.08.03-13.16.28:459][667]LogBlueprintUserMessages: [TopDownCharacter_BP_5] Sword Tool 2 was equipped 
[2019.08.03-13.16.34:269][357]LogBlueprintUserMessages: [TopDownCharacter_BP_5] Sword Tool 2 was equipped 
[2019.08.03-13.16.34:269][357]LogBlueprintUserMessages: [TopDownCharacter_BP_5] Test Sword Tool 3 was equipped 
[2019.08.03-13.16.40:013][ 41]LogBlueprintUserMessages: Early EndPlayMap Detection: Level '/Game/IronForgedGames/Core/Entity/Test/ThirdPersonCPP/Maps/ThirdPersonExampleMap.ThirdPersonExampleMap:PersistentLevel' has LevelScriptBlueprint '/Game/IronForgedGames/Core/Entity/Test/ThirdPersonCPP/Maps/ThirdPersonExampleMap.ThirdPersonExampleMap:PersistentLevel.ThirdPersonExampleMap' with GeneratedClass '/Game/IronForgedGames/Core/Entity/Test/ThirdPersonCPP/Maps/ThirdPersonExampleMap.ThirdPersonExampleMap_C' with ClassGeneratedBy '/Game/IronForgedGames/Core/Entity/Test/ThirdPersonCPP/Maps/ThirdPersonExampleMap.ThirdPersonExampleMap:PersistentLevel.ThirdPersonExampleMap'
[2019.08.03-13.16.40:014][ 41]LogSlate: Updating window title bar state: overlay mode, drag disabled, window buttons hidden, title bar hidden
[2019.08.03-13.16.40:046][ 41]LogPlayLevel: Display: Shutting down PIE online subsystems
[2019.08.03-13.16.40:046][ 41]LogBlueprintUserMessages: Late EndPlayMap Detection: Level '/Game/IronForgedGames/Core/Entity/Test/ThirdPersonCPP/Maps/ThirdPersonExampleMap.ThirdPersonExampleMap:PersistentLevel' has LevelScriptBlueprint '/Game/IronForgedGames/Core/Entity/Test/ThirdPersonCPP/Maps/ThirdPersonExampleMap.ThirdPersonExampleMap:PersistentLevel.ThirdPersonExampleMap' with GeneratedClass '/Game/IronForgedGames/Core/Entity/Test/ThirdPersonCPP/Maps/ThirdPersonExampleMap.ThirdPersonExampleMap_C' with ClassGeneratedBy '/Game/IronForgedGames/Core/Entity/Test/ThirdPersonCPP/Maps/ThirdPersonExampleMap.ThirdPersonExampleMap:PersistentLevel.ThirdPersonExampleMap'
[2019.08.03-13.16.40:088][ 41]LogSlate: Updating window title bar state: overlay mode, drag disabled, window buttons hidden, title bar hidden
[2019.08.03-13.16.40:112][ 43]LogPlayLevel: Display: Destroying online subsystem :Context_2
[2019.08.03-13.16.46:508][212]LogSlate: FSceneViewport::OnFocusLost() reason 0
[2019.08.03-13.16.48:871][462]Candidate modules for hot reload:
[2019.08.03-13.16.48:871][462]  Project_Tether
[2019.08.03-13.16.48:871][462]Launching UnrealBuildTool... [E:/Epic Games Games/UE_4.20/Engine/Binaries/DotNET/UnrealBuildTool.exe  -ModuleWithSuffix=Project_Tether,6820 Win64 Development -TargetType=Editor -Project="../../../../../Projects/IronForgedGames/Project_Tether/Project_Tether/Project_Tether.uproject" -canskiplink "E:/Projects/IronForgedGames/Project_Tether/Project_Tether/Project_Tether.uproject" ]
[2019.08.03-13.16.48:872][462]Warning: Starting HotReload took  0.0s.
[2019.08.03-13.17.01:354][957]CompilerResultsLog: New page: Compilation - Aug 3, 2019, 4:17:01 AM
[2019.08.03-13.17.01:354][957]CompilerResultsLog: Using 'git status' to determine working set for adaptive non-unity build.
[2019.08.03-13.17.01:354][957]CompilerResultsLog: Compiling game modules for hot reload
[2019.08.03-13.17.01:354][957]CompilerResultsLog: Building 3 actions with 12 processes...
[2019.08.03-13.17.01:354][957]CompilerResultsLog:   [1/3] ToolComponent.cpp
[2019.08.03-13.17.01:354][957]CompilerResultsLog:   [2/3] UE4Editor-Project_Tether-6820.lib
[2019.08.03-13.17.01:355][957]CompilerResultsLog:      Creating library E:\Projects\IronForgedGames\Project_Tether\Project_Tether\Intermediate\Build\Win64\UE4Editor\Development\Project_Tether\UE4Editor-Project_Tether-6820.lib and object E:\Projects\IronForgedGames\Project_Tether\Project_Tether\Intermediate\Build\Win64\UE4Editor\Development\Project_Tether\UE4Editor-Project_Tether-6820.exp
[2019.08.03-13.17.01:355][957]CompilerResultsLog:   [3/3] UE4Editor-Project_Tether-6820.dll
[2019.08.03-13.17.01:355][957]CompilerResultsLog:      Creating library E:\Projects\IronForgedGames\Project_Tether\Project_Tether\Intermediate\Build\Win64\UE4Editor\Development\Project_Tether\UE4Editor-Project_Tether-6820.suppressed.lib and object E:\Projects\IronForgedGames\Project_Tether\Project_Tether\Intermediate\Build\Win64\UE4Editor\Development\Project_Tether\UE4Editor-Project_Tether-6820.suppressed.exp
[2019.08.03-13.17.01:355][957]CompilerResultsLog: Total build time: 12.28 seconds (Parallel executor: 11.16 seconds)
[2019.08.03-13.17.01:355][957]LogMainFrame: MainFrame: Module compiling took 12.490 seconds
[2019.08.03-13.17.01:400][957]LogClass: StatModifier HotReload.
[2019.08.03-13.17.01:400][957]LogClass: ToolData HotReload.
[2019.08.03-13.17.01:400][957]LogClass: FHandedness HotReload.
[2019.08.03-13.17.01:400][957]LogClass: FArmorSlot HotReload.
[2019.08.03-13.17.01:400][957]LogClass: FRarity HotReload.
[2019.08.03-13.17.01:400][957]LogClass: FUsageType HotReload.
[2019.08.03-13.17.01:400][957]LogClass: Status HotReload.
[2019.08.03-13.17.01:400][957]LogClass: Slot HotReload.
[2019.08.03-13.17.01:400][957]LogClass: Stat HotReload.
[2019.08.03-13.17.01:400][957]LogClass: ToolDataKey HotReload.
[2019.08.03-13.17.01:400][957]LogClass: ToolDataSlot HotReload.
[2019.08.03-13.17.01:400][957]LogClass: ResistanceModifier HotReload.
[2019.08.03-13.17.01:400][957]LogClass: HealInfo HotReload.
[2019.08.03-13.17.01:400][957]LogClass: DamageInfo HotReload.
[2019.08.03-13.17.01:404][957]Error: CDO Constructor (Project_TetherGameMode): Failed to find /Game/ThirdPersonCPP/Blueprints/ThirdPersonCharacter.ThirdPersonCharacter_C

[2019.08.03-13.17.01:406][957]LogContentBrowser: Native class hierarchy updated for 'Project_Tether' in 0.0005 seconds. Added 32 classes and 18 folders.
[2019.08.03-13.17.01:406][957]Warning: Some classes could not be reloaded:
Error: CDO Constructor (Project_TetherGameMode): Failed to find /Game/ThirdPersonCPP/Blueprints/ThirdPersonCharacter.ThirdPersonCharacter_C


[2019.08.03-13.17.01:408][957]Display: HotReload successful (60 functions remapped  9 scriptstructs remapped)
[2019.08.03-13.17.01:620][957]LogContentBrowser: Native class hierarchy populated in 0.0079 seconds. Added 2605 classes and 623 folders.
[2019.08.03-13.17.01:622][957]Display: HotReload took 12.8s.
[2019.08.03-13.17.04:642][312]LogTemp: Repeating last play command: Selected Viewport
[2019.08.03-13.17.04:661][312]LogBlueprintUserMessages: Early PlayInEditor Detection: Level '/Game/IronForgedGames/Core/Entity/Test/ThirdPersonCPP/Maps/ThirdPersonExampleMap.ThirdPersonExampleMap:PersistentLevel' has LevelScriptBlueprint '/Game/IronForgedGames/Core/Entity/Test/ThirdPersonCPP/Maps/ThirdPersonExampleMap.ThirdPersonExampleMap:PersistentLevel.ThirdPersonExampleMap' with GeneratedClass '/Game/IronForgedGames/Core/Entity/Test/ThirdPersonCPP/Maps/ThirdPersonExampleMap.ThirdPersonExampleMap_C' with ClassGeneratedBy '/Game/IronForgedGames/Core/Entity/Test/ThirdPersonCPP/Maps/ThirdPersonExampleMap.ThirdPersonExampleMap:PersistentLevel.ThirdPersonExampleMap'
[2019.08.03-13.17.04:661][312]LogPlayLevel: PlayLevel: No blueprints needed recompiling
[2019.08.03-13.17.04:662][312]PIE: New page: PIE session: ThirdPersonExampleMap (Aug 3, 2019, 4:17:04 AM)
[2019.08.03-13.17.04:662][312]LogPlayLevel: Creating play world package: /Game/IronForgedGames/Core/Entity/Test/ThirdPersonCPP/Maps/UEDPIE_0_ThirdPersonExampleMap
[2019.08.03-13.17.04:675][312]LogPlayLevel: PIE: StaticDuplicateObject took: (0.012790s)
[2019.08.03-13.17.04:675][312]LogAIModule: Creating AISystem for world ThirdPersonExampleMap
[2019.08.03-13.17.04:675][312]LogPlayLevel: PIE: World Init took: (0.000853s)
[2019.08.03-13.17.04:676][312]LogPlayLevel: PIE: Created PIE world by copying editor world from /Game/IronForgedGames/Core/Entity/Test/ThirdPersonCPP/Maps/ThirdPersonExampleMap.ThirdPersonExampleMap to /Game/IronForgedGames/Core/Entity/Test/ThirdPersonCPP/Maps/UEDPIE_0_ThirdPersonExampleMap.ThirdPersonExampleMap (0.013885s)
[2019.08.03-13.17.04:716][312]LogInit: XAudio2 using 'Speakers (2- USB PnP Audio Device)' : 2 channels at 48 kHz using 16 bits per sample (channel mask 0x3)
[2019.08.03-13.17.04:724][312]LogInit: FAudioDevice initialized.
[2019.08.03-13.17.04:758][312]LogLoad: Game class is 'GameMode'
[2019.08.03-13.17.04:760][312]LogWorld: Bringing World /Game/IronForgedGames/Core/Entity/Test/ThirdPersonCPP/Maps/UEDPIE_0_ThirdPersonExampleMap.ThirdPersonExampleMap up for play (max tick rate 0) at 2019.08.03-09.17.04
[2019.08.03-13.17.04:760][312]LogWorld: Bringing up level for play took: 0.001363
[2019.08.03-13.17.04:773][312]LogGameMode: Display: Match State Changed from EnteringMap to WaitingToStart
[2019.08.03-13.17.04:773][312]LogGameState: Match State Changed from EnteringMap to WaitingToStart
[2019.08.03-13.17.04:773][312]LogGameMode: Display: Match State Changed from WaitingToStart to InProgress
[2019.08.03-13.17.04:773][312]LogTemp: Error: Health stat was found, the Vitals will not work
[2019.08.03-13.17.04:774][312]LogBlueprintUserMessages: [TopDownCharacter_BP_5] Test Sword Tool was equipped 
[2019.08.03-13.17.04:774][312]LogBlueprintUserMessages: [TopDownCharacter_BP_5] 3
[2019.08.03-13.17.04:774][312]LogGameState: Match State Changed from WaitingToStart to InProgress
[2019.08.03-13.17.04:774][312]PIE: Play in editor start time for /Game/IronForgedGames/Core/Entity/Test/ThirdPersonCPP/Maps/UEDPIE_0_ThirdPersonExampleMap -0.844
[2019.08.03-13.17.04:774][312]LogBlueprintUserMessages: Late PlayInEditor Detection: Level '/Game/IronForgedGames/Core/Entity/Test/ThirdPersonCPP/Maps/ThirdPersonExampleMap.ThirdPersonExampleMap:PersistentLevel' has LevelScriptBlueprint '/Game/IronForgedGames/Core/Entity/Test/ThirdPersonCPP/Maps/ThirdPersonExampleMap.ThirdPersonExampleMap:PersistentLevel.ThirdPersonExampleMap' with GeneratedClass '/Game/IronForgedGames/Core/Entity/Test/ThirdPersonCPP/Maps/ThirdPersonExampleMap.ThirdPersonExampleMap_C' with ClassGeneratedBy '/Game/IronForgedGames/Core/Entity/Test/ThirdPersonCPP/Maps/ThirdPersonExampleMap.ThirdPersonExampleMap:PersistentLevel.ThirdPersonExampleMap'
[2019.08.03-13.17.05:932][441]LogBlueprintUserMessages: [TopDownCharacter_BP_5] Test Sword Tool was equipped 
[2019.08.03-13.17.05:932][441]LogBlueprintUserMessages: [TopDownCharacter_BP_5] Sword Tool 2 was equipped 
[2019.08.03-13.17.06:230][476]LogBlueprintUserMessages: [TopDownCharacter_BP_5] Sword Tool 2 was equipped 
[2019.08.03-13.17.06:230][476]LogBlueprintUserMessages: [TopDownCharacter_BP_5] Test Sword Tool 3 was equipped 
[2019.08.03-13.17.06:514][510]LogBlueprintUserMessages: [TopDownCharacter_BP_5] Test Sword Tool 3 was equipped 
[2019.08.03-13.17.06:514][510]LogBlueprintUserMessages: [TopDownCharacter_BP_5] Test Sword Tool was equipped 
[2019.08.03-13.17.06:770][540]LogBlueprintUserMessages: [TopDownCharacter_BP_5] Test Sword Tool was equipped 
[2019.08.03-13.17.06:770][540]LogBlueprintUserMessages: [TopDownCharacter_BP_5] Sword Tool 2 was equipped 
[2019.08.03-13.17.06:946][561]LogBlueprintUserMessages: [TopDownCharacter_BP_5] Sword Tool 2 was equipped 
[2019.08.03-13.17.06:946][561]LogBlueprintUserMessages: [TopDownCharacter_BP_5] Test Sword Tool 3 was equipped 
[2019.08.03-13.17.07:108][580]LogBlueprintUserMessages: [TopDownCharacter_BP_5] Test Sword Tool 3 was equipped 
[2019.08.03-13.17.07:108][580]LogBlueprintUserMessages: [TopDownCharacter_BP_5] Test Sword Tool was equipped 
[2019.08.03-13.17.07:317][605]LogBlueprintUserMessages: [TopDownCharacter_BP_5] Test Sword Tool was equipped 
[2019.08.03-13.17.07:318][605]LogBlueprintUserMessages: [TopDownCharacter_BP_5] Sword Tool 2 was equipped 
[2019.08.03-13.17.07:467][623]LogBlueprintUserMessages: [TopDownCharacter_BP_5] Sword Tool 2 was equipped 
[2019.08.03-13.17.07:467][623]LogBlueprintUserMessages: [TopDownCharacter_BP_5] Test Sword Tool 3 was equipped 
[2019.08.03-13.17.07:618][641]LogBlueprintUserMessages: [TopDownCharacter_BP_5] Test Sword Tool 3 was equipped 
[2019.08.03-13.17.07:618][641]LogBlueprintUserMessages: [TopDownCharacter_BP_5] Test Sword Tool was equipped 
[2019.08.03-13.17.07:692][650]LogBlueprintUserMessages: [TopDownCharacter_BP_5] Test Sword Tool was equipped 
[2019.08.03-13.17.07:692][650]LogBlueprintUserMessages: [TopDownCharacter_BP_5] Sword Tool 2 was equipped 
[2019.08.03-13.17.07:842][668]LogBlueprintUserMessages: [TopDownCharacter_BP_5] Sword Tool 2 was equipped 
[2019.08.03-13.17.07:842][668]LogBlueprintUserMessages: [TopDownCharacter_BP_5] Test Sword Tool 3 was equipped 
[2019.08.03-13.17.07:976][684]LogBlueprintUserMessages: [TopDownCharacter_BP_5] Test Sword Tool 3 was equipped 
[2019.08.03-13.17.07:976][684]LogBlueprintUserMessages: [TopDownCharacter_BP_5] Test Sword Tool was equipped 
[2019.08.03-13.17.08:109][700]LogBlueprintUserMessages: [TopDownCharacter_BP_5] Test Sword Tool was equipped 
[2019.08.03-13.17.08:109][700]LogBlueprintUserMessages: [TopDownCharacter_BP_5] Sword Tool 2 was equipped 
[2019.08.03-13.17.08:252][717]LogBlueprintUserMessages: [TopDownCharacter_BP_5] Sword Tool 2 was equipped 
[2019.08.03-13.17.08:252][717]LogBlueprintUserMessages: [TopDownCharacter_BP_5] Test Sword Tool 3 was equipped 
[2019.08.03-13.17.08:395][733]LogBlueprintUserMessages: [TopDownCharacter_BP_5] Test Sword Tool 3 was equipped 
[2019.08.03-13.17.08:395][733]LogBlueprintUserMessages: [TopDownCharacter_BP_5] Test Sword Tool was equipped 
[2019.08.03-13.17.08:529][749]LogBlueprintUserMessages: [TopDownCharacter_BP_5] Test Sword Tool was equipped 
[2019.08.03-13.17.08:529][749]LogBlueprintUserMessages: [TopDownCharacter_BP_5] Sword Tool 2 was equipped 
[2019.08.03-13.17.08:681][767]LogBlueprintUserMessages: [TopDownCharacter_BP_5] Sword Tool 2 was equipped 
[2019.08.03-13.17.08:681][767]LogBlueprintUserMessages: [TopDownCharacter_BP_5] Test Sword Tool 3 was equipped 
[2019.08.03-13.17.09:176][826]LogBlueprintUserMessages: [TopDownCharacter_BP_5] Test Sword Tool 3 was equipped 
[2019.08.03-13.17.09:177][826]LogBlueprintUserMessages: [TopDownCharacter_BP_5] Test Sword Tool was equipped 
[2019.08.03-13.17.10:522][974]LogBlueprintUserMessages: Early EndPlayMap Detection: Level '/Game/IronForgedGames/Core/Entity/Test/ThirdPersonCPP/Maps/ThirdPersonExampleMap.ThirdPersonExampleMap:PersistentLevel' has LevelScriptBlueprint '/Game/IronForgedGames/Core/Entity/Test/ThirdPersonCPP/Maps/ThirdPersonExampleMap.ThirdPersonExampleMap:PersistentLevel.ThirdPersonExampleMap' with GeneratedClass '/Game/IronForgedGames/Core/Entity/Test/ThirdPersonCPP/Maps/ThirdPersonExampleMap.ThirdPersonExampleMap_C' with ClassGeneratedBy '/Game/IronForgedGames/Core/Entity/Test/ThirdPersonCPP/Maps/ThirdPersonExampleMap.ThirdPersonExampleMap:PersistentLevel.ThirdPersonExampleMap'
[2019.08.03-13.17.10:523][974]LogSlate: Updating window title bar state: overlay mode, drag disabled, window buttons hidden, title bar hidden
[2019.08.03-13.17.10:559][974]LogPlayLevel: Display: Shutting down PIE online subsystems
[2019.08.03-13.17.10:559][974]LogBlueprintUserMessages: Late EndPlayMap Detection: Level '/Game/IronForgedGames/Core/Entity/Test/ThirdPersonCPP/Maps/ThirdPersonExampleMap.ThirdPersonExampleMap:PersistentLevel' has LevelScriptBlueprint '/Game/IronForgedGames/Core/Entity/Test/ThirdPersonCPP/Maps/ThirdPersonExampleMap.ThirdPersonExampleMap:PersistentLevel.ThirdPersonExampleMap' with GeneratedClass '/Game/IronForgedGames/Core/Entity/Test/ThirdPersonCPP/Maps/ThirdPersonExampleMap.ThirdPersonExampleMap_C' with ClassGeneratedBy '/Game/IronForgedGames/Core/Entity/Test/ThirdPersonCPP/Maps/ThirdPersonExampleMap.ThirdPersonExampleMap:PersistentLevel.ThirdPersonExampleMap'
[2019.08.03-13.17.10:607][974]LogSlate: Updating window title bar state: overlay mode, drag disabled, window buttons hidden, title bar hidden
[2019.08.03-13.17.10:626][975]LogPlayLevel: Display: Destroying online subsystem :Context_3
[2019.08.03-13.17.15:164][503]LogSlate: FSceneViewport::OnFocusLost() reason 2
[2019.08.03-13.17.20:733][997]LogBlueprintUserMessages: [TopDownAnim_BP_C_0] Pawn does not have AnimBP hook
[2019.08.03-13.17.21:528][ 88]LogAssetEditorManager: Opening Asset editor for Blueprint /Game/IronForgedGames/Implementation/Gameplay/CharactersBP/PlayerCharacters/Base/TopDownCharacter_BP.TopDownCharacter_BP
[2019.08.03-13.17.21:887][ 88]LogContentBrowser: Native class hierarchy updated for 'BlueprintGraph' in 0.0006 seconds. Added 116 classes and 0 folders.
[2019.08.03-13.17.22:581][ 88]LogBlueprintUserMessages: [TopDownAnim_BP_C_0] Pawn does not have AnimBP hook
[2019.08.03-13.17.22:586][ 88]LogSlate: Took 0.000145 seconds to synchronously load lazily loaded font '../../../Engine/Content/Slate/Fonts/Roboto-BoldCondensed.ttf' (158K)
[2019.08.03-13.17.22:700][ 89]LogSlate: Took 0.000153 seconds to synchronously load lazily loaded font '../../../Engine/Content/Slate/Fonts/Roboto-Italic.ttf' (157K)
[2019.08.03-13.17.33:886][ 12]BlueprintLog: New page: Compile TopDownCharacter_BP
[2019.08.03-13.17.33:939][ 12]LogBlueprintUserMessages: [TopDownAnim_BP_C_0] Pawn does not have AnimBP hook
[2019.08.03-13.17.34:008][ 12]LogBlueprintUserMessages: [TopDownAnim_BP_C_1] Pawn does not have AnimBP hook
[2019.08.03-13.17.34:039][ 12]LogBlueprintUserMessages: [TopDownAnim_BP_C_0] Pawn does not have AnimBP hook
[2019.08.03-13.17.34:045][ 12]LogBlueprintUserMessages: [TopDownAnim_BP_C_1] Pawn does not have AnimBP hook
[2019.08.03-13.17.34:047][ 12]LogBlueprintUserMessages: [TopDownAnim_BP_C_0] Pawn does not have AnimBP hook
[2019.08.03-13.17.34:054][ 12]LogBlueprintUserMessages: [TopDownAnim_BP_C_1] Pawn does not have AnimBP hook
[2019.08.03-13.17.34:266][ 12]LogBlueprintUserMessages: [TopDownAnim_BP_C_0] Pawn does not have AnimBP hook
[2019.08.03-13.17.34:379][ 12]LogSavePackage: Moving '../../../../../Projects/IronForgedGames/Project_Tether/Project_Tether/Saved/TopDownCharacter_BPE03482CF4729ACF5FEBA9BB7378D925F.tmp' to '../../../../../Projects/IronForgedGames/Project_Tether/Project_Tether/Content/IronForgedGames/Implementation/Gameplay/CharactersBP/PlayerCharacters/Base/TopDownCharacter_BP.uasset'
[2019.08.03-13.18.30:806][390]BlueprintLog: New page: Compile TopDownCharacter_BP
[2019.08.03-13.18.30:843][390]LogBlueprintUserMessages: [TopDownAnim_BP_C_0] Pawn does not have AnimBP hook
[2019.08.03-13.18.30:907][390]LogBlueprintUserMessages: [TopDownAnim_BP_C_1] Pawn does not have AnimBP hook
[2019.08.03-13.18.30:933][390]LogBlueprintUserMessages: [TopDownAnim_BP_C_0] Pawn does not have AnimBP hook
[2019.08.03-13.18.30:936][390]LogBlueprintUserMessages: [TopDownAnim_BP_C_1] Pawn does not have AnimBP hook
[2019.08.03-13.18.30:938][390]LogBlueprintUserMessages: [TopDownAnim_BP_C_0] Pawn does not have AnimBP hook
[2019.08.03-13.18.30:940][390]LogBlueprintUserMessages: [TopDownAnim_BP_C_1] Pawn does not have AnimBP hook
[2019.08.03-13.18.31:130][390]LogBlueprintUserMessages: [TopDownAnim_BP_C_0] Pawn does not have AnimBP hook
[2019.08.03-13.18.31:250][390]LogSavePackage: Moving '../../../../../Projects/IronForgedGames/Project_Tether/Project_Tether/Saved/TopDownCharacter_BP2FF678AF42B31A6AF34DE7A68A80CDDF.tmp' to '../../../../../Projects/IronForgedGames/Project_Tether/Project_Tether/Content/IronForgedGames/Implementation/Gameplay/CharactersBP/PlayerCharacters/Base/TopDownCharacter_BP.uasset'
[2019.08.03-13.18.32:741][537]LogTemp: Repeating last play command: Selected Viewport
[2019.08.03-13.18.32:767][537]LogBlueprintUserMessages: Early PlayInEditor Detection: Level '/Game/IronForgedGames/Core/Entity/Test/ThirdPersonCPP/Maps/ThirdPersonExampleMap.ThirdPersonExampleMap:PersistentLevel' has LevelScriptBlueprint '/Game/IronForgedGames/Core/Entity/Test/ThirdPersonCPP/Maps/ThirdPersonExampleMap.ThirdPersonExampleMap:PersistentLevel.ThirdPersonExampleMap' with GeneratedClass '/Game/IronForgedGames/Core/Entity/Test/ThirdPersonCPP/Maps/ThirdPersonExampleMap.ThirdPersonExampleMap_C' with ClassGeneratedBy '/Game/IronForgedGames/Core/Entity/Test/ThirdPersonCPP/Maps/ThirdPersonExampleMap.ThirdPersonExampleMap:PersistentLevel.ThirdPersonExampleMap'
[2019.08.03-13.18.32:768][537]LogPlayLevel: PlayLevel: No blueprints needed recompiling
[2019.08.03-13.18.32:768][537]PIE: New page: PIE session: ThirdPersonExampleMap (Aug 3, 2019, 4:18:32 AM)
[2019.08.03-13.18.32:768][537]LogPlayLevel: Creating play world package: /Game/IronForgedGames/Core/Entity/Test/ThirdPersonCPP/Maps/UEDPIE_0_ThirdPersonExampleMap
[2019.08.03-13.18.32:778][537]LogPlayLevel: PIE: StaticDuplicateObject took: (0.009633s)
[2019.08.03-13.18.32:779][537]LogAIModule: Creating AISystem for world ThirdPersonExampleMap
[2019.08.03-13.18.32:779][537]LogPlayLevel: PIE: World Init took: (0.000713s)
[2019.08.03-13.18.32:779][537]LogPlayLevel: PIE: Created PIE world by copying editor world from /Game/IronForgedGames/Core/Entity/Test/ThirdPersonCPP/Maps/ThirdPersonExampleMap.ThirdPersonExampleMap to /Game/IronForgedGames/Core/Entity/Test/ThirdPersonCPP/Maps/UEDPIE_0_ThirdPersonExampleMap.ThirdPersonExampleMap (0.010795s)
[2019.08.03-13.18.32:893][537]LogInit: XAudio2 using 'Speakers (2- USB PnP Audio Device)' : 2 channels at 48 kHz using 16 bits per sample (channel mask 0x3)
[2019.08.03-13.18.32:901][537]LogInit: FAudioDevice initialized.
[2019.08.03-13.18.32:935][537]LogLoad: Game class is 'GameMode'
[2019.08.03-13.18.32:938][537]LogWorld: Bringing World /Game/IronForgedGames/Core/Entity/Test/ThirdPersonCPP/Maps/UEDPIE_0_ThirdPersonExampleMap.ThirdPersonExampleMap up for play (max tick rate 0) at 2019.08.03-09.18.32
[2019.08.03-13.18.32:939][537]LogWorld: Bringing up level for play took: 0.003560
[2019.08.03-13.18.32:952][537]LogGameMode: Display: Match State Changed from EnteringMap to WaitingToStart
[2019.08.03-13.18.32:952][537]LogGameState: Match State Changed from EnteringMap to WaitingToStart
[2019.08.03-13.18.32:952][537]LogGameMode: Display: Match State Changed from WaitingToStart to InProgress
[2019.08.03-13.18.32:953][537]LogTemp: Error: Health stat was found, the Vitals will not work
[2019.08.03-13.18.32:953][537]LogBlueprintUserMessages: [TopDownCharacter_BP_5] Test Shield 1 was equipped 
[2019.08.03-13.18.32:953][537]LogBlueprintUserMessages: [TopDownCharacter_BP_5] Test Sword Tool was equipped 
[2019.08.03-13.18.32:954][537]LogGameState: Match State Changed from WaitingToStart to InProgress
[2019.08.03-13.18.32:954][537]PIE: Play in editor start time for /Game/IronForgedGames/Core/Entity/Test/ThirdPersonCPP/Maps/UEDPIE_0_ThirdPersonExampleMap -0.664
[2019.08.03-13.18.32:954][537]LogBlueprintUserMessages: Late PlayInEditor Detection: Level '/Game/IronForgedGames/Core/Entity/Test/ThirdPersonCPP/Maps/ThirdPersonExampleMap.ThirdPersonExampleMap:PersistentLevel' has LevelScriptBlueprint '/Game/IronForgedGames/Core/Entity/Test/ThirdPersonCPP/Maps/ThirdPersonExampleMap.ThirdPersonExampleMap:PersistentLevel.ThirdPersonExampleMap' with GeneratedClass '/Game/IronForgedGames/Core/Entity/Test/ThirdPersonCPP/Maps/ThirdPersonExampleMap.ThirdPersonExampleMap_C' with ClassGeneratedBy '/Game/IronForgedGames/Core/Entity/Test/ThirdPersonCPP/Maps/ThirdPersonExampleMap.ThirdPersonExampleMap:PersistentLevel.ThirdPersonExampleMap'
[2019.08.03-13.18.34:771][714]LogBlueprintUserMessages: [TopDownCharacter_BP_5] Test Shield 1 was equipped 
[2019.08.03-13.18.34:771][714]LogBlueprintUserMessages: [TopDownCharacter_BP_5] Test Shield 1 was equipped 
[2019.08.03-13.18.35:626][798]LogBlueprintUserMessages: [TopDownCharacter_BP_5] Test Shield 1 was equipped 
[2019.08.03-13.18.35:626][798]LogBlueprintUserMessages: [TopDownCharacter_BP_5] Test Shield 1 was equipped 
[2019.08.03-13.18.35:938][827]LogBlueprintUserMessages: [TopDownCharacter_BP_5] Test Shield 1 was equipped 
[2019.08.03-13.18.35:939][827]LogBlueprintUserMessages: [TopDownCharacter_BP_5] Test Shield 1 was equipped 
[2019.08.03-13.18.36:271][859]LogBlueprintUserMessages: [TopDownCharacter_BP_5] Test Shield 1 was equipped 
[2019.08.03-13.18.36:272][859]LogBlueprintUserMessages: [TopDownCharacter_BP_5] Test Shield 1 was equipped 
[2019.08.03-13.18.36:990][923]LogBlueprintUserMessages: [TopDownCharacter_BP_5] Test Shield 1 was equipped 
[2019.08.03-13.18.36:990][923]LogBlueprintUserMessages: [TopDownCharacter_BP_5] Test Shield 1 was equipped 
[2019.08.03-13.18.37:189][942]LogBlueprintUserMessages: [TopDownCharacter_BP_5] Test Shield 1 was equipped 
[2019.08.03-13.18.37:190][942]LogBlueprintUserMessages: [TopDownCharacter_BP_5] Test Shield 1 was equipped 
[2019.08.03-13.18.37:354][959]LogBlueprintUserMessages: [TopDownCharacter_BP_5] Test Shield 1 was equipped 
[2019.08.03-13.18.37:355][959]LogBlueprintUserMessages: [TopDownCharacter_BP_5] Test Shield 1 was equipped 
[2019.08.03-13.18.38:869][110]LogBlueprintUserMessages: Early EndPlayMap Detection: Level '/Game/IronForgedGames/Core/Entity/Test/ThirdPersonCPP/Maps/ThirdPersonExampleMap.ThirdPersonExampleMap:PersistentLevel' has LevelScriptBlueprint '/Game/IronForgedGames/Core/Entity/Test/ThirdPersonCPP/Maps/ThirdPersonExampleMap.ThirdPersonExampleMap:PersistentLevel.ThirdPersonExampleMap' with GeneratedClass '/Game/IronForgedGames/Core/Entity/Test/ThirdPersonCPP/Maps/ThirdPersonExampleMap.ThirdPersonExampleMap_C' with ClassGeneratedBy '/Game/IronForgedGames/Core/Entity/Test/ThirdPersonCPP/Maps/ThirdPersonExampleMap.ThirdPersonExampleMap:PersistentLevel.ThirdPersonExampleMap'
[2019.08.03-13.18.38:870][110]LogSlate: Updating window title bar state: overlay mode, drag disabled, window buttons hidden, title bar hidden
[2019.08.03-13.18.38:926][110]LogPlayLevel: Display: Shutting down PIE online subsystems
[2019.08.03-13.18.38:926][110]LogBlueprintUserMessages: Late EndPlayMap Detection: Level '/Game/IronForgedGames/Core/Entity/Test/ThirdPersonCPP/Maps/ThirdPersonExampleMap.ThirdPersonExampleMap:PersistentLevel' has LevelScriptBlueprint '/Game/IronForgedGames/Core/Entity/Test/ThirdPersonCPP/Maps/ThirdPersonExampleMap.ThirdPersonExampleMap:PersistentLevel.ThirdPersonExampleMap' with GeneratedClass '/Game/IronForgedGames/Core/Entity/Test/ThirdPersonCPP/Maps/ThirdPersonExampleMap.ThirdPersonExampleMap_C' with ClassGeneratedBy '/Game/IronForgedGames/Core/Entity/Test/ThirdPersonCPP/Maps/ThirdPersonExampleMap.ThirdPersonExampleMap:PersistentLevel.ThirdPersonExampleMap'
[2019.08.03-13.18.38:973][110]LogSlate: Updating window title bar state: overlay mode, drag disabled, window buttons hidden, title bar hidden
[2019.08.03-13.18.39:037][111]LogPlayLevel: Display: Destroying online subsystem :Context_6
[2019.08.03-13.18.41:619][358]LogSlate: FSceneViewport::OnFocusLost() reason 0
[2019.08.03-13.18.43:649][573]LogAssetEditorManager: Opening Asset editor for Tool /Game/IronForgedGames/Implementation/Gameplay/System/Tool/ToolAsset/Weapons/Warrior/Shield/TestShield_1.TestShield_1
[2019.08.03-13.18.45:161][737]LogAssetEditorManager: Opening Asset editor for Tool /Game/IronForgedGames/Implementation/Gameplay/System/Tool/ToolAsset/Weapons/Warrior/Shield/TestShield_2.TestShield_2
[2019.08.03-13.18.45:910][812]LogAssetEditorManager: Opening Asset editor for Tool /Game/IronForgedGames/Implementation/Gameplay/System/Tool/ToolAsset/Weapons/Warrior/Shield/TestShield_3.TestShield_3
[2019.08.03-13.18.53:478][524]LogTemp: Repeating last play command: Selected Viewport
[2019.08.03-13.18.53:497][524]LogBlueprintUserMessages: Early PlayInEditor Detection: Level '/Game/IronForgedGames/Core/Entity/Test/ThirdPersonCPP/Maps/ThirdPersonExampleMap.ThirdPersonExampleMap:PersistentLevel' has LevelScriptBlueprint '/Game/IronForgedGames/Core/Entity/Test/ThirdPersonCPP/Maps/ThirdPersonExampleMap.ThirdPersonExampleMap:PersistentLevel.ThirdPersonExampleMap' with GeneratedClass '/Game/IronForgedGames/Core/Entity/Test/ThirdPersonCPP/Maps/ThirdPersonExampleMap.ThirdPersonExampleMap_C' with ClassGeneratedBy '/Game/IronForgedGames/Core/Entity/Test/ThirdPersonCPP/Maps/ThirdPersonExampleMap.ThirdPersonExampleMap:PersistentLevel.ThirdPersonExampleMap'
[2019.08.03-13.18.53:497][524]LogPlayLevel: PlayLevel: No blueprints needed recompiling
[2019.08.03-13.18.53:498][524]PIE: New page: PIE session: ThirdPersonExampleMap (Aug 3, 2019, 4:18:53 AM)
[2019.08.03-13.18.53:498][524]LogPlayLevel: Creating play world package: /Game/IronForgedGames/Core/Entity/Test/ThirdPersonCPP/Maps/UEDPIE_0_ThirdPersonExampleMap
[2019.08.03-13.18.53:509][524]LogPlayLevel: PIE: StaticDuplicateObject took: (0.012595s)
[2019.08.03-13.18.53:510][524]LogAIModule: Creating AISystem for world ThirdPersonExampleMap
[2019.08.03-13.18.53:510][524]LogPlayLevel: PIE: World Init took: (0.000732s)
[2019.08.03-13.18.53:510][524]LogPlayLevel: PIE: Created PIE world by copying editor world from /Game/IronForgedGames/Core/Entity/Test/ThirdPersonCPP/Maps/ThirdPersonExampleMap.ThirdPersonExampleMap to /Game/IronForgedGames/Core/Entity/Test/ThirdPersonCPP/Maps/UEDPIE_0_ThirdPersonExampleMap.ThirdPersonExampleMap (0.013789s)
[2019.08.03-13.18.53:560][524]LogInit: XAudio2 using 'Speakers (2- USB PnP Audio Device)' : 2 channels at 48 kHz using 16 bits per sample (channel mask 0x3)
[2019.08.03-13.18.53:568][524]LogInit: FAudioDevice initialized.
[2019.08.03-13.18.53:603][524]LogLoad: Game class is 'GameMode'
[2019.08.03-13.18.53:610][524]LogWorld: Bringing World /Game/IronForgedGames/Core/Entity/Test/ThirdPersonCPP/Maps/UEDPIE_0_ThirdPersonExampleMap.ThirdPersonExampleMap up for play (max tick rate 0) at 2019.08.03-09.18.53
[2019.08.03-13.18.53:613][524]LogWorld: Bringing up level for play took: 0.007965
[2019.08.03-13.18.53:628][524]LogGameMode: Display: Match State Changed from EnteringMap to WaitingToStart
[2019.08.03-13.18.53:629][524]LogGameState: Match State Changed from EnteringMap to WaitingToStart
[2019.08.03-13.18.53:629][524]LogGameMode: Display: Match State Changed from WaitingToStart to InProgress
[2019.08.03-13.18.53:630][524]LogTemp: Error: Health stat was found, the Vitals will not work
[2019.08.03-13.18.53:631][524]LogBlueprintUserMessages: [TopDownCharacter_BP_5] Test Shield 1 was equipped 
[2019.08.03-13.18.53:631][524]LogBlueprintUserMessages: [TopDownCharacter_BP_5] Test Sword Tool was equipped 
[2019.08.03-13.18.53:631][524]LogGameState: Match State Changed from WaitingToStart to InProgress
[2019.08.03-13.18.53:632][524]PIE: Play in editor start time for /Game/IronForgedGames/Core/Entity/Test/ThirdPersonCPP/Maps/UEDPIE_0_ThirdPersonExampleMap 0.014
[2019.08.03-13.18.53:632][524]LogBlueprintUserMessages: Late PlayInEditor Detection: Level '/Game/IronForgedGames/Core/Entity/Test/ThirdPersonCPP/Maps/ThirdPersonExampleMap.ThirdPersonExampleMap:PersistentLevel' has LevelScriptBlueprint '/Game/IronForgedGames/Core/Entity/Test/ThirdPersonCPP/Maps/ThirdPersonExampleMap.ThirdPersonExampleMap:PersistentLevel.ThirdPersonExampleMap' with GeneratedClass '/Game/IronForgedGames/Core/Entity/Test/ThirdPersonCPP/Maps/ThirdPersonExampleMap.ThirdPersonExampleMap_C' with ClassGeneratedBy '/Game/IronForgedGames/Core/Entity/Test/ThirdPersonCPP/Maps/ThirdPersonExampleMap.ThirdPersonExampleMap:PersistentLevel.ThirdPersonExampleMap'
[2019.08.03-13.18.55:066][653]LogBlueprintUserMessages: [TopDownCharacter_BP_5] Test Shield 1 was equipped 
[2019.08.03-13.18.55:066][653]LogBlueprintUserMessages: [TopDownCharacter_BP_5] Test Shield 1 was equipped 
[2019.08.03-13.18.57:070][842]LogBlueprintUserMessages: [TopDownCharacter_BP_5] Test Shield 1 was equipped 
[2019.08.03-13.18.57:071][842]LogBlueprintUserMessages: [TopDownCharacter_BP_5] Test Shield 1 was equipped 
[2019.08.03-13.18.58:803][ 18]LogBlueprintUserMessages: [TopDownCharacter_BP_5] Test Shield 1 was equipped 
[2019.08.03-13.18.58:803][ 18]LogBlueprintUserMessages: [TopDownCharacter_BP_5] Test Shield 1 was equipped 
[2019.08.03-13.19.00:587][171]LogBlueprintUserMessages: Early EndPlayMap Detection: Level '/Game/IronForgedGames/Core/Entity/Test/ThirdPersonCPP/Maps/ThirdPersonExampleMap.ThirdPersonExampleMap:PersistentLevel' has LevelScriptBlueprint '/Game/IronForgedGames/Core/Entity/Test/ThirdPersonCPP/Maps/ThirdPersonExampleMap.ThirdPersonExampleMap:PersistentLevel.ThirdPersonExampleMap' with GeneratedClass '/Game/IronForgedGames/Core/Entity/Test/ThirdPersonCPP/Maps/ThirdPersonExampleMap.ThirdPersonExampleMap_C' with ClassGeneratedBy '/Game/IronForgedGames/Core/Entity/Test/ThirdPersonCPP/Maps/ThirdPersonExampleMap.ThirdPersonExampleMap:PersistentLevel.ThirdPersonExampleMap'
[2019.08.03-13.19.00:588][171]LogSlate: Updating window title bar state: overlay mode, drag disabled, window buttons hidden, title bar hidden
[2019.08.03-13.19.00:630][171]LogPlayLevel: Display: Shutting down PIE online subsystems
[2019.08.03-13.19.00:630][171]LogBlueprintUserMessages: Late EndPlayMap Detection: Level '/Game/IronForgedGames/Core/Entity/Test/ThirdPersonCPP/Maps/ThirdPersonExampleMap.ThirdPersonExampleMap:PersistentLevel' has LevelScriptBlueprint '/Game/IronForgedGames/Core/Entity/Test/ThirdPersonCPP/Maps/ThirdPersonExampleMap.ThirdPersonExampleMap:PersistentLevel.ThirdPersonExampleMap' with GeneratedClass '/Game/IronForgedGames/Core/Entity/Test/ThirdPersonCPP/Maps/ThirdPersonExampleMap.ThirdPersonExampleMap_C' with ClassGeneratedBy '/Game/IronForgedGames/Core/Entity/Test/ThirdPersonCPP/Maps/ThirdPersonExampleMap.ThirdPersonExampleMap:PersistentLevel.ThirdPersonExampleMap'
[2019.08.03-13.19.00:676][171]LogSlate: Updating window title bar state: overlay mode, drag disabled, window buttons hidden, title bar hidden
[2019.08.03-13.19.00:765][172]LogPlayLevel: Display: Destroying online subsystem :Context_8
[2019.08.03-13.19.01:578][252]LogSlate: FSceneViewport::OnFocusLost() reason 0
[2019.08.03-13.23.50:962][839]Candidate modules for hot reload:
[2019.08.03-13.23.50:962][839]  Project_Tether
[2019.08.03-13.23.50:963][839]Launching UnrealBuildTool... [E:/Epic Games Games/UE_4.20/Engine/Binaries/DotNET/UnrealBuildTool.exe  -ModuleWithSuffix=Project_Tether,1547 Win64 Development -TargetType=Editor -Project="../../../../../Projects/IronForgedGames/Project_Tether/Project_Tether/Project_Tether.uproject" -canskiplink "E:/Projects/IronForgedGames/Project_Tether/Project_Tether/Project_Tether.uproject" ]
[2019.08.03-13.23.50:965][839]Warning: Starting HotReload took  0.0s.
[2019.08.03-13.24.07:535][ 91]CompilerResultsLog: New page: Compilation - Aug 3, 2019, 4:24:07 AM
[2019.08.03-13.24.07:535][ 91]CompilerResultsLog: Using 'git status' to determine working set for adaptive non-unity build.
[2019.08.03-13.24.07:535][ 91]CompilerResultsLog: Compiling game modules for hot reload
[2019.08.03-13.24.07:536][ 91]CompilerResultsLog: Building 3 actions with 12 processes...
[2019.08.03-13.24.07:536][ 91]CompilerResultsLog:   [1/3] ToolComponent.cpp
[2019.08.03-13.24.07:536][ 91]CompilerResultsLog:   [2/3] UE4Editor-Project_Tether-1547.lib
[2019.08.03-13.24.07:536][ 91]CompilerResultsLog:      Creating library E:\Projects\IronForgedGames\Project_Tether\Project_Tether\Intermediate\Build\Win64\UE4Editor\Development\Project_Tether\UE4Editor-Project_Tether-1547.lib and object E:\Projects\IronForgedGames\Project_Tether\Project_Tether\Intermediate\Build\Win64\UE4Editor\Development\Project_Tether\UE4Editor-Project_Tether-1547.exp
[2019.08.03-13.24.07:536][ 91]CompilerResultsLog:   [3/3] UE4Editor-Project_Tether-1547.dll
[2019.08.03-13.24.07:536][ 91]CompilerResultsLog:      Creating library E:\Projects\IronForgedGames\Project_Tether\Project_Tether\Intermediate\Build\Win64\UE4Editor\Development\Project_Tether\UE4Editor-Project_Tether-1547.suppressed.lib and object E:\Projects\IronForgedGames\Project_Tether\Project_Tether\Intermediate\Build\Win64\UE4Editor\Development\Project_Tether\UE4Editor-Project_Tether-1547.suppressed.exp
[2019.08.03-13.24.07:536][ 91]CompilerResultsLog: Total build time: 16.21 seconds (Parallel executor: 15.03 seconds)
[2019.08.03-13.24.07:536][ 91]LogMainFrame: MainFrame: Module compiling took 16.581 seconds
[2019.08.03-13.24.07:655][ 91]LogClass: StatModifier HotReload.
[2019.08.03-13.24.07:655][ 91]LogClass: ToolData HotReload.
[2019.08.03-13.24.07:655][ 91]LogClass: FHandedness HotReload.
[2019.08.03-13.24.07:655][ 91]LogClass: FArmorSlot HotReload.
[2019.08.03-13.24.07:655][ 91]LogClass: FRarity HotReload.
[2019.08.03-13.24.07:655][ 91]LogClass: FUsageType HotReload.
[2019.08.03-13.24.07:655][ 91]LogClass: Status HotReload.
[2019.08.03-13.24.07:655][ 91]LogClass: Slot HotReload.
[2019.08.03-13.24.07:655][ 91]LogClass: Stat HotReload.
[2019.08.03-13.24.07:655][ 91]LogClass: ToolDataKey HotReload.
[2019.08.03-13.24.07:655][ 91]LogClass: ToolDataSlot HotReload.
[2019.08.03-13.24.07:655][ 91]LogClass: ResistanceModifier HotReload.
[2019.08.03-13.24.07:655][ 91]LogClass: HealInfo HotReload.
[2019.08.03-13.24.07:655][ 91]LogClass: DamageInfo HotReload.
[2019.08.03-13.24.07:662][ 91]Error: CDO Constructor (Project_TetherGameMode): Failed to find /Game/ThirdPersonCPP/Blueprints/ThirdPersonCharacter.ThirdPersonCharacter_C

[2019.08.03-13.24.07:666][ 91]LogContentBrowser: Native class hierarchy updated for 'Project_Tether' in 0.0007 seconds. Added 32 classes and 18 folders.
[2019.08.03-13.24.07:666][ 91]Warning: Some classes could not be reloaded:
Error: CDO Constructor (Project_TetherGameMode): Failed to find /Game/ThirdPersonCPP/Blueprints/ThirdPersonCharacter.ThirdPersonCharacter_C


[2019.08.03-13.24.07:670][ 91]Display: HotReload successful (60 functions remapped  9 scriptstructs remapped)
[2019.08.03-13.24.07:922][ 91]LogContentBrowser: Native class hierarchy populated in 0.0074 seconds. Added 2605 classes and 623 folders.
[2019.08.03-13.24.07:926][ 91]Display: HotReload took 17.0s.
[2019.08.03-13.24.13:123][342]LogTemp: Repeating last play command: Selected Viewport
[2019.08.03-13.24.13:145][342]LogBlueprintUserMessages: Early PlayInEditor Detection: Level '/Game/IronForgedGames/Core/Entity/Test/ThirdPersonCPP/Maps/ThirdPersonExampleMap.ThirdPersonExampleMap:PersistentLevel' has LevelScriptBlueprint '/Game/IronForgedGames/Core/Entity/Test/ThirdPersonCPP/Maps/ThirdPersonExampleMap.ThirdPersonExampleMap:PersistentLevel.ThirdPersonExampleMap' with GeneratedClass '/Game/IronForgedGames/Core/Entity/Test/ThirdPersonCPP/Maps/ThirdPersonExampleMap.ThirdPersonExampleMap_C' with ClassGeneratedBy '/Game/IronForgedGames/Core/Entity/Test/ThirdPersonCPP/Maps/ThirdPersonExampleMap.ThirdPersonExampleMap:PersistentLevel.ThirdPersonExampleMap'
[2019.08.03-13.24.13:145][342]LogPlayLevel: PlayLevel: No blueprints needed recompiling
[2019.08.03-13.24.13:145][342]PIE: New page: PIE session: ThirdPersonExampleMap (Aug 3, 2019, 4:24:13 AM)
[2019.08.03-13.24.13:145][342]LogPlayLevel: Creating play world package: /Game/IronForgedGames/Core/Entity/Test/ThirdPersonCPP/Maps/UEDPIE_0_ThirdPersonExampleMap
[2019.08.03-13.24.13:158][342]LogPlayLevel: PIE: StaticDuplicateObject took: (0.012452s)
[2019.08.03-13.24.13:159][342]LogAIModule: Creating AISystem for world ThirdPersonExampleMap
[2019.08.03-13.24.13:159][342]LogPlayLevel: PIE: World Init took: (0.000838s)
[2019.08.03-13.24.13:159][342]LogPlayLevel: PIE: Created PIE world by copying editor world from /Game/IronForgedGames/Core/Entity/Test/ThirdPersonCPP/Maps/ThirdPersonExampleMap.ThirdPersonExampleMap to /Game/IronForgedGames/Core/Entity/Test/ThirdPersonCPP/Maps/UEDPIE_0_ThirdPersonExampleMap.ThirdPersonExampleMap (0.013461s)
[2019.08.03-13.24.13:219][342]LogInit: XAudio2 using 'Speakers (2- USB PnP Audio Device)' : 2 channels at 48 kHz using 16 bits per sample (channel mask 0x3)
[2019.08.03-13.24.13:226][342]LogInit: FAudioDevice initialized.
[2019.08.03-13.24.13:261][342]LogLoad: Game class is 'GameMode'
[2019.08.03-13.24.13:265][342]LogWorld: Bringing World /Game/IronForgedGames/Core/Entity/Test/ThirdPersonCPP/Maps/UEDPIE_0_ThirdPersonExampleMap.ThirdPersonExampleMap up for play (max tick rate 0) at 2019.08.03-09.24.13
[2019.08.03-13.24.13:266][342]LogWorld: Bringing up level for play took: 0.003265
[2019.08.03-13.24.13:279][342]LogGameMode: Display: Match State Changed from EnteringMap to WaitingToStart
[2019.08.03-13.24.13:279][342]LogGameState: Match State Changed from EnteringMap to WaitingToStart
[2019.08.03-13.24.13:279][342]LogGameMode: Display: Match State Changed from WaitingToStart to InProgress
[2019.08.03-13.24.13:279][342]LogTemp: Error: Health stat was found, the Vitals will not work
[2019.08.03-13.24.13:280][342]LogBlueprintUserMessages: [TopDownCharacter_BP_5] Test Shield 1 was equipped 
[2019.08.03-13.24.13:280][342]LogBlueprintUserMessages: [TopDownCharacter_BP_5] Test Sword Tool was equipped 
[2019.08.03-13.24.13:280][342]LogGameState: Match State Changed from WaitingToStart to InProgress
[2019.08.03-13.24.13:280][342]PIE: Play in editor start time for /Game/IronForgedGames/Core/Entity/Test/ThirdPersonCPP/Maps/UEDPIE_0_ThirdPersonExampleMap -0.337
[2019.08.03-13.24.13:280][342]LogBlueprintUserMessages: Late PlayInEditor Detection: Level '/Game/IronForgedGames/Core/Entity/Test/ThirdPersonCPP/Maps/ThirdPersonExampleMap.ThirdPersonExampleMap:PersistentLevel' has LevelScriptBlueprint '/Game/IronForgedGames/Core/Entity/Test/ThirdPersonCPP/Maps/ThirdPersonExampleMap.ThirdPersonExampleMap:PersistentLevel.ThirdPersonExampleMap' with GeneratedClass '/Game/IronForgedGames/Core/Entity/Test/ThirdPersonCPP/Maps/ThirdPersonExampleMap.ThirdPersonExampleMap_C' with ClassGeneratedBy '/Game/IronForgedGames/Core/Entity/Test/ThirdPersonCPP/Maps/ThirdPersonExampleMap.ThirdPersonExampleMap:PersistentLevel.ThirdPersonExampleMap'
[2019.08.03-13.24.14:510][439]LogBlueprintUserMessages: [TopDownCharacter_BP_5] Test Sword Tool was equipped 
[2019.08.03-13.24.14:511][439]LogBlueprintUserMessages: [TopDownCharacter_BP_5] Sword Tool 2 was equipped 
[2019.08.03-13.24.14:875][474]LogBlueprintUserMessages: [TopDownCharacter_BP_5] Sword Tool 2 was equipped 
[2019.08.03-13.24.14:875][474]LogBlueprintUserMessages: [TopDownCharacter_BP_5] Test Sword Tool 3 was equipped 
[2019.08.03-13.24.15:199][507]LogOutputDevice: Warning: 

Script Stack:
TopDownCharacter_BP_C.ExecuteUbergraph_TopDownCharacter_BP
TopDownCharacter_BP_C.InpActEvt_Up_K2Node_InputKeyEvent_0

[2019.08.03-13.24.15:200][507]LogWindows: Windows GetLastError: The operation completed successfully. (0)
[2019.08.03-13.24.16:474][507]LogWindows: Error: === Critical error: ===
[2019.08.03-13.24.16:474][507]LogWindows: Error: 
[2019.08.03-13.24.16:474][507]LogWindows: Error: Assertion failed: (Index >= 0) & (Index < ArrayNum) [File:e:\epic games games\ue_4.20\engine\source\runtime\core\public\Containers/Array.h] [Line: 611] 
[2019.08.03-13.24.16:474][507]LogWindows: Error: Array index out of bounds: 6 from an array of size 6
[2019.08.03-13.24.16:474][507]LogWindows: Error: 
[2019.08.03-13.24.16:474][507]LogWindows: Error: 
[2019.08.03-13.24.16:474][507]LogWindows: Error: [Callstack] 0x00007ff9e781a388 KERNELBASE.dll!UnknownFunction []
[2019.08.03-13.24.16:474][507]LogWindows: Error: [Callstack] 0x00007ff9cd5e6850 UE4Editor-ApplicationCore.dll!UnknownFunction []
[2019.08.03-13.24.16:474][507]LogWindows: Error: [Callstack] 0x00007ff9860462fc UE4Editor-Core.dll!UnknownFunction []
[2019.08.03-13.24.16:474][507]LogWindows: Error: [Callstack] 0x00007ff985fd51db UE4Editor-Core.dll!UnknownFunction []
[2019.08.03-13.24.16:474][507]LogWindows: Error: [Callstack] 0x00007ff957eedbde UE4Editor-Project_Tether-1547.dll!UToolComponent::SwapWeapons() [e:\projects\ironforgedgames\project_tether\project_tether\source\project_tether\private\implementation\gameplay\playercontroller\components\toolcomponent.cpp:295]
[2019.08.03-13.24.16:474][507]LogWindows: Error: [Callstack] 0x00007ff957ee7909 UE4Editor-Project_Tether-1547.dll!UToolComponent::execSwapWeapons() [e:\projects\ironforgedgames\project_tether\project_tether\source\project_tether\public\implementation\gameplay\playercontroller\components\toolcomponent.h:48]
[2019.08.03-13.24.16:474][507]LogWindows: Error: [Callstack] 0x00007ff985886467 UE4Editor-CoreUObject.dll!UnknownFunction []
[2019.08.03-13.24.16:474][507]LogWindows: Error: [Callstack] 0x00007ff985a916ae UE4Editor-CoreUObject.dll!UnknownFunction []
[2019.08.03-13.24.16:474][507]LogWindows: Error: [Callstack] 0x00007ff985aaf499 UE4Editor-CoreUObject.dll!UnknownFunction []
[2019.08.03-13.24.16:475][507]LogWindows: Error: [Callstack] 0x00007ff985ae1d64 UE4Editor-CoreUObject.dll!UnknownFunction []
[2019.08.03-13.24.16:475][507]LogWindows: Error: [Callstack] 0x00007ff985ab1b96 UE4Editor-CoreUObject.dll!UnknownFunction []
[2019.08.03-13.24.16:475][507]LogWindows: Error: [Callstack] 0x00007ff985a9205d UE4Editor-CoreUObject.dll!UnknownFunction []
[2019.08.03-13.24.16:475][507]LogWindows: Error: [Callstack] 0x00007ff985ab1b96 UE4Editor-CoreUObject.dll!UnknownFunction []
[2019.08.03-13.24.16:475][507]LogWindows: Error: [Callstack] 0x00007ff985886467 UE4Editor-CoreUObject.dll!UnknownFunction []
[2019.08.03-13.24.16:475][507]LogWindows: Error: [Callstack] 0x00007ff985ab1133 UE4Editor-CoreUObject.dll!UnknownFunction []
[2019.08.03-13.24.16:475][507]LogWindows: Error: [Callstack] 0x00007ff982068033 UE4Editor-Engine.dll!UnknownFunction []
[2019.08.03-13.24.16:475][507]LogWindows: Error: [Callstack] 0x00007ff9833123a0 UE4Editor-Engine.dll!UnknownFunction []
[2019.08.03-13.24.16:475][507]LogWindows: Error: [Callstack] 0x00007ff983343f52 UE4Editor-Engine.dll!UnknownFunction []
[2019.08.03-13.24.16:475][507]LogWindows: Error: [Callstack] 0x00007ff982e1017c UE4Editor-Engine.dll!UnknownFunction []
[2019.08.03-13.24.16:475][507]LogWindows: Error: [Callstack] 0x00007ff982e24608 UE4Editor-Engine.dll!UnknownFunction []
[2019.08.03-13.24.16:475][507]LogWindows: Error: [Callstack] 0x00007ff982e0dbcb UE4Editor-Engine.dll!UnknownFunction []
[2019.08.03-13.24.16:475][507]LogWindows: Error: [Callstack] 0x00007ff982e234c3 UE4Editor-Engine.dll!UnknownFunction []
[2019.08.03-13.24.16:475][507]LogWindows: Error: [Callstack] 0x00007ff982045630 UE4Editor-Engine.dll!UnknownFunction []
[2019.08.03-13.24.16:475][507]LogWindows: Error: [Callstack] 0x00007ff9832416bd UE4Editor-Engine.dll!UnknownFunction []
[2019.08.03-13.24.16:475][507]LogWindows: Error: [Callstack] 0x00007ff985e61f92 UE4Editor-Core.dll!UnknownFunction []
[2019.08.03-13.24.16:475][507]LogWindows: Error: [Callstack] 0x00007ff985e62456 UE4Editor-Core.dll!UnknownFunction []
[2019.08.03-13.24.16:475][507]LogWindows: Error: [Callstack] 0x00007ff985e76d25 UE4Editor-Core.dll!UnknownFunction []
[2019.08.03-13.24.16:475][507]LogWindows: Error: [Callstack] 0x00007ff983295b04 UE4Editor-Engine.dll!UnknownFunction []
[2019.08.03-13.24.16:475][507]LogWindows: Error: [Callstack] 0x00007ff9832a4d92 UE4Editor-Engine.dll!UnknownFunction []
[2019.08.03-13.24.16:475][507]LogWindows: Error: [Callstack] 0x00007ff9829a87e4 UE4Editor-Engine.dll!UnknownFunction []
[2019.08.03-13.24.16:475][507]LogWindows: Error: [Callstack] 0x00007ff9829b4003 UE4Editor-Engine.dll!UnknownFunction []
[2019.08.03-13.24.16:475][507]LogWindows: Error: [Callstack] 0x00007ff96d2f7335 UE4Editor-UnrealEd.dll!UnknownFunction []
[2019.08.03-13.24.16:475][507]LogWindows: Error: [Callstack] 0x00007ff96dbef666 UE4Editor-UnrealEd.dll!UnknownFunction []
[2019.08.03-13.24.16:475][507]LogWindows: Error: [Callstack] 0x00007ff6bb7b5cbd UE4Editor.exe!UnknownFunction []
[2019.08.03-13.24.16:475][507]LogWindows: Error: [Callstack] 0x00007ff6bb7c5b3c UE4Editor.exe!UnknownFunction []
[2019.08.03-13.24.16:475][507]LogWindows: Error: [Callstack] 0x00007ff6bb7c5bba UE4Editor.exe!UnknownFunction []
[2019.08.03-13.24.16:475][507]LogWindows: Error: [Callstack] 0x00007ff6bb7d3dac UE4Editor.exe!UnknownFunction []
[2019.08.03-13.24.16:475][507]LogWindows: Error: [Callstack] 0x00007ff6bb7d5aaa UE4Editor.exe!UnknownFunction []
[2019.08.03-13.24.16:475][507]LogWindows: Error: [Callstack] 0x00007ff9e9474034 KERNEL32.DLL!UnknownFunction []
[2019.08.03-13.24.16:475][507]LogWindows: Error: [Callstack] 0x00007ff9eaaa3691 ntdll.dll!UnknownFunction []
[2019.08.03-13.24.16:475][507]LogWindows: Error: 
[2019.08.03-13.24.16:485][507]LogExit: Executing StaticShutdownAfterError
[2019.08.03-13.24.16:488][507]LogWindows: FPlatformMisc::RequestExit(1)
[2019.08.03-13.24.16:489][507]Log file closed, 08/03/19 09:24:16
