Log file open, 08/08/19 12:22:35
LogWindows: Failed to load 'aqProf.dll' (GetLastError=126)
LogWindows: File 'aqProf.dll' does not exist
LogWindows: Failed to load 'VSPerf140.dll' (GetLastError=126)
LogWindows: File 'VSPerf140.dll' does not exist
LogWindows: Failed to load 'VtuneApi.dll' (GetLastError=126)
LogWindows: File 'VtuneApi.dll' does not exist
LogWindows: Failed to load 'VtuneApi32e.dll' (GetLastError=126)
LogWindows: File 'VtuneApi32e.dll' does not exist
LogInit: Display: Running engine for game: Project_Tether
LogPlatformFile: Not using cached read wrapper
LogTaskGraph: Started task graph with 5 named threads and 23 total threads with 3 sets of task threads.
LogStats: Stats thread started at 0.369300
LogD3D11RHI: Loaded GFSDK_Aftermath_Lib.x64.dll
LogICUInternationalization: Display: ICU TimeZone Detection - Raw Offset: -5:00, Platform Override: ''
LogPluginManager: Mounting plugin Paper2D
LogPluginManager: Mounting plugin AISupport
LogPluginManager: Mounting plugin LightPropagationVolume
LogPluginManager: Mounting plugin CLionSourceCodeAccess
LogPluginManager: Mounting plugin CodeLiteSourceCodeAccess
LogPluginManager: Mounting plugin GitSourceControl
LogPluginManager: Mounting plugin KDevelopSourceCodeAccess
LogPluginManager: Mounting plugin NullSourceCodeAccess
LogPluginManager: Mounting plugin PerforceSourceControl
LogPluginManager: Mounting plugin SubversionSourceControl
LogPluginManager: Mounting plugin UObjectPlugin
LogPluginManager: Mounting plugin VisualStudioCodeSourceCodeAccess
LogPluginManager: Mounting plugin VisualStudioSourceCodeAccess
LogPluginManager: Mounting plugin XCodeSourceCodeAccess
LogPluginManager: Mounting plugin AssetManagerEditor
LogPluginManager: Mounting plugin CryptoKeys
LogPluginManager: Mounting plugin DataValidation
LogPluginManager: Mounting plugin FacialAnimation
LogPluginManager: Mounting plugin GameplayTagsEditor
LogPluginManager: Mounting plugin MacGraphicsSwitching
LogPluginManager: Mounting plugin MeshEditor
LogPluginManager: Mounting plugin MobileLauncherProfileWizard
LogPluginManager: Mounting plugin PluginBrowser
LogPluginManager: Mounting plugin SpeedTreeImporter
LogPluginManager: Mounting plugin DatasmithContent
LogPluginManager: Mounting plugin AlembicImporter
LogPluginManager: Mounting plugin AppleImageUtils
LogPluginManager: Mounting plugin AppleVision
LogPluginManager: Mounting plugin BackChannel
LogPluginManager: Mounting plugin CharacterAI
LogPluginManager: Mounting plugin GeometryCache
LogPluginManager: Mounting plugin HTML5Networking
LogPluginManager: Mounting plugin ProxyLODPlugin
LogPluginManager: Mounting plugin MagicLeap
LogPluginManager: Mounting plugin MagicLeapEmulator
LogPluginManager: Mounting plugin MagicLeapMedia
LogPluginManager: Mounting plugin AndroidMedia
LogPluginManager: Mounting plugin AvfMedia
LogPluginManager: Mounting plugin ImgMedia
LogPluginManager: Mounting plugin LinearTimecode
LogPluginManager: Mounting plugin MediaCompositing
LogPluginManager: Mounting plugin MediaPlayerEditor
LogPluginManager: Mounting plugin WmfMedia
LogPluginManager: Mounting plugin TcpMessaging
LogPluginManager: Mounting plugin UdpMessaging
LogPluginManager: Mounting plugin ActorSequence
LogPluginManager: Mounting plugin LevelSequenceEditor
LogPluginManager: Mounting plugin MatineeToLevelSequence
LogPluginManager: Mounting plugin NetcodeUnitTest
LogPluginManager: Mounting plugin NUTUnrealEngine4
LogPluginManager: Mounting plugin OnlineSubsystemGooglePlay
LogPluginManager: Mounting plugin OnlineSubsystemIOS
LogPluginManager: Mounting plugin OnlineSubsystem
LogPluginManager: Mounting plugin OnlineSubsystemNull
LogPluginManager: Mounting plugin OnlineSubsystemUtils
LogPluginManager: Mounting plugin LauncherChunkInstaller
LogPluginManager: Mounting plugin AndroidDeviceProfileSelector
LogPluginManager: Mounting plugin AndroidMoviePlayer
LogPluginManager: Mounting plugin AndroidPermission
LogPluginManager: Mounting plugin AppleMoviePlayer
LogPluginManager: Mounting plugin ArchVisCharacter
LogPluginManager: Mounting plugin AudioCapture
LogPluginManager: Mounting plugin CableComponent
LogPluginManager: Mounting plugin CustomMeshComponent
LogPluginManager: Mounting plugin EditableMesh
LogPluginManager: Mounting plugin ExampleDeviceProfileSelector
LogPluginManager: Mounting plugin GoogleCloudMessaging
LogPluginManager: Mounting plugin ImmediatePhysics
LogPluginManager: Mounting plugin IOSDeviceProfileSelector
LogPluginManager: Mounting plugin LinuxDeviceProfileSelector
LogPluginManager: Mounting plugin LocationServicesBPLibrary
LogPluginManager: Mounting plugin MobilePatchingUtils
LogPluginManager: Mounting plugin OculusVR
LogPluginManager: Plugin shader directory ../../../Engine/Plugins/Runtime/Oculus/OculusVR/Shaders found
LogPluginManager: Mapping shader source directory ../../../Engine/Plugins/Runtime/Oculus/OculusVR/Shaders to virtual directory /Plugin/OculusVR
LogPluginManager: Mounting plugin PhysXVehicles
LogPluginManager: Mounting plugin ProceduralMeshComponent
LogPluginManager: Mounting plugin RuntimePhysXCooking
LogPluginManager: Mounting plugin SteamVR
LogPluginManager: Mounting plugin WindowsMoviePlayer
LogStreaming: Display: Took  0.105s to configure plugins.
LogInit: Using libcurl 7.55.1-DEV
LogInit:  - built for x86_64-pc-win32
LogInit:  - supports SSL with OpenSSL/1.0.2h
LogInit:  - supports HTTP deflate (compression) using libz 1.2.8
LogInit:  - other features:
LogInit:      CURL_VERSION_SSL
LogInit:      CURL_VERSION_LIBZ
LogInit:      CURL_VERSION_IPV6
LogInit:      CURL_VERSION_ASYNCHDNS
LogInit:      CURL_VERSION_LARGEFILE
LogInit:      CURL_VERSION_IDN
LogInit:  CurlRequestOptions (configurable via config and command line):
LogInit:  - bVerifyPeer = false  - Libcurl will NOT verify peer certificate
LogInit:  - bUseHttpProxy = false  - Libcurl will NOT use HTTP proxy
LogInit:  - bDontReuseConnections = false  - Libcurl will reuse connections
LogInit:  - CertBundlePath = nullptr  - Libcurl will use whatever was configured at build time.
LogInit:  - MaxHostConnections = 16  - Libcurl will limit the number of connections to a host
LogInit:  - LocalHostAddr = Default
LogInit:  - BufferSize = 65536
LogInit: WinSock: version 1.1 (2.2), MaxSocks=32767, MaxUdp=65467
LogInit: Build: ++UE4+Release-4.20-CL-4369336
LogInit: Engine Version: 4.20.3-4369336+++UE4+Release-4.20
LogInit: Compatible Engine Version: 4.20.0-4212847+++UE4+Release-4.20
LogInit: Net CL: 4212847
LogInit: OS: Windows 10 (), CPU: Intel(R) Core(TM) i7-6700 CPU @ 3.40GHz, GPU: NVIDIA GeForce GTX 1060 6GB
LogInit: Compiled (64-bit): Sep 17 2018 12:26:19
LogInit: Compiled with Visual C++: 19.13.26129.00
LogInit: Build Configuration: Development
LogInit: Branch Name: ++UE4+Release-4.20
LogInit: Command Line:  -skipcompile
LogInit: Base Directory: E:/Epic Games/UE_4.20/Engine/Binaries/Win64/
LogInit: Installed Engine Build: 1
LogDevObjectVersion: Number of dev versions registered: 20
LogDevObjectVersion:   Dev-Blueprints (B0D832E4-1F89-4F0D-ACCF-7EB736FD4AA2): 10
LogDevObjectVersion:   Dev-Build (E1C64328-A22C-4D53-A36C-8E866417BD8C): 0
LogDevObjectVersion:   Dev-Core (375EC13C-06E4-48FB-B500-84F0262A717E): 2
LogDevObjectVersion:   Dev-Editor (E4B068ED-F494-42E9-A231-DA0B2E46BB41): 24
LogDevObjectVersion:   Dev-Framework (CFFC743F-43B0-4480-9391-14DF171D2073): 34
LogDevObjectVersion:   Dev-Mobile (B02B49B5-BB20-44E9-A304-32B752E40360): 2
LogDevObjectVersion:   Dev-Networking (A4E4105C-59A1-49B5-A7C5-40C4547EDFEE): 0
LogDevObjectVersion:   Dev-Online (39C831C9-5AE6-47DC-9A44-9C173E1C8E7C): 0
LogDevObjectVersion:   Dev-Physics (78F01B33-EBEA-4F98-B9B4-84EACCB95AA2): 0
LogDevObjectVersion:   Dev-Platform (6631380F-2D4D-43E0-8009-CF276956A95A): 0
LogDevObjectVersion:   Dev-Rendering (12F88B9F-8875-4AFC-A67C-D90C383ABD29): 26
LogDevObjectVersion:   Dev-Sequencer (7B5AE74C-D270-4C10-A958-57980B212A5A): 9
LogDevObjectVersion:   Dev-VR (D7296918-1DD6-4BDD-9DE2-64A83CC13884): 2
LogDevObjectVersion:   Dev-LoadTimes (C2A15278-BFE7-4AFE-6C17-90FF531DF755): 1
LogDevObjectVersion:   Private-Geometry (6EACA3D4-40EC-4CC1-B786-8BED09428FC5): 3
LogDevObjectVersion:   Dev-AnimPhys (29E575DD-E0A3-4627-9D10-D276232CDCEA): 17
LogDevObjectVersion:   Dev-ReflectionCapture (6B266CEC-1EC7-4B8F-A30B-E4D90942FC07): 1
LogDevObjectVersion:   Dev-Automation (0DF73D61-A23F-47EA-B727-89E90C41499A): 1
LogDevObjectVersion:   FortniteMain (601D1886-AC64-4F84-AA16-D3DE0DEAC7D6): 12
LogDevObjectVersion:   Dev-Enterprise (9DFFBCD6-494F-0158-E221-12823C92A888): 1
LogStreaming: Display: Took  0.002s to delete old logs.
LogInit: Presizing for max 8388607 objects, including 0 objects not considered by GC, pre-allocating 0 bytes for permanent pool.
LogInit: Object subsystem initialized
[2019.08.08-16.22.35:646][  0]LogInit: Selected Device Profile: [Windows]
[2019.08.08-16.22.35:646][  0]LogInit: Applying CVar settings loaded from the selected device profile: [Windows]
[2019.08.08-16.22.35:654][  0]LogHAL: Display: Platform has ~ 32 GB [34316865536 / 34359738368 / 32], which maps to Largest [LargestMinGB=32, LargerMinGB=12, DefaultMinGB=8, SmallerMinGB=6, SmallestMinGB=0)
[2019.08.08-16.22.35:654][  0]LogInit: Setting Device Profile CVar: [[r.Vulkan.UseRealUBs:1]]
[2019.08.08-16.22.35:654][  0]LogInit: Going up to parent DeviceProfile []
[2019.08.08-16.22.35:655][  0]LogInit: Computer: WSROLLER45
[2019.08.08-16.22.35:655][  0]LogInit: User: aaronhines
[2019.08.08-16.22.35:655][  0]LogInit: CPU Page size=4096, Cores=4
[2019.08.08-16.22.35:655][  0]LogInit: High frequency timer resolution =10.000000 MHz
[2019.08.08-16.22.35:656][  0]LogMemory: Memory total: Physical=32.0GB (32GB approx)
[2019.08.08-16.22.35:656][  0]LogMemory: Platform Memory Stats for Windows
[2019.08.08-16.22.35:656][  0]LogMemory: Process Physical Memory: 103.11 MB used, 103.11 MB peak
[2019.08.08-16.22.35:656][  0]LogMemory: Process Virtual Memory: 86.01 MB used, 86.01 MB peak
[2019.08.08-16.22.35:656][  0]LogMemory: Physical Memory: 12506.89 MB used,  20220.22 MB free, 32727.11 MB total
[2019.08.08-16.22.35:656][  0]LogMemory: Virtual Memory: 4610.09 MB used,  20220.22 MB free, 134217728.00 MB total
[2019.08.08-16.22.35:771][  0]LogInit: Using OS detected language (en-US).
[2019.08.08-16.22.35:771][  0]LogInit: Using OS detected locale (en-US).
[2019.08.08-16.22.35:772][  0]LogTextLocalizationManager: No specific localization for 'en-US' exists, so the 'en' localization will be used.
[2019.08.08-16.22.36:119][  0]LogStreaming: Display: Took  0.348s to InitEngineTextLocalization.
[2019.08.08-16.22.36:119][  0]LogInit: Setting process to per monitor DPI aware
[2019.08.08-16.22.36:162][  0]LogSlate: New Slate User Created.  User Index 0, Is Virtual User: 0
[2019.08.08-16.22.36:162][  0]LogSlate: Slate User Registered.  User Index 0, Is Virtual User: 0
[2019.08.08-16.22.36:420][  0]LogHMD: Failed to initialize OpenVR with code 126
[2019.08.08-16.22.36:420][  0]LogD3D11RHI: D3D11 adapters:
[2019.08.08-16.22.36:503][  0]LogD3D11RHI:    0. 'NVIDIA GeForce GTX 1060 6GB' (Feature Level 11_0)
[2019.08.08-16.22.36:503][  0]LogD3D11RHI:       6052/0/16363 MB DedicatedVideo/DedicatedSystem/SharedSystem, Outputs:2, VendorId:0x10de
[2019.08.08-16.22.36:509][  0]LogD3D11RHI:    1. 'Microsoft Basic Render Driver' (Feature Level 11_0)
[2019.08.08-16.22.36:509][  0]LogD3D11RHI:       0/0/16363 MB DedicatedVideo/DedicatedSystem/SharedSystem, Outputs:0, VendorId:0x1414
[2019.08.08-16.22.36:509][  0]LogD3D11RHI: Chosen D3D11 Adapter: 0
[2019.08.08-16.22.36:517][  0]LogD3D11RHI: Creating new Direct3DDevice
[2019.08.08-16.22.36:518][  0]LogD3D11RHI:     GPU DeviceId: 0x1c03 (for the marketing name, search the web for "GPU Device Id")
[2019.08.08-16.22.36:518][  0]LogWindows: EnumDisplayDevices:
[2019.08.08-16.22.36:518][  0]LogWindows:    0. 'NVIDIA GeForce GTX 1060 6GB' (P:1 D:1)
[2019.08.08-16.22.36:519][  0]LogWindows:    1. 'NVIDIA GeForce GTX 1060 6GB' (P:0 D:1)
[2019.08.08-16.22.36:519][  0]LogWindows:    2. 'NVIDIA GeForce GTX 1060 6GB' (P:0 D:0)
[2019.08.08-16.22.36:520][  0]LogWindows:    3. 'NVIDIA GeForce GTX 1060 6GB' (P:0 D:0)
[2019.08.08-16.22.36:520][  0]LogWindows: DebugString: FoundDriverCount:4 
[2019.08.08-16.22.36:520][  0]LogD3D11RHI:     Adapter Name: NVIDIA GeForce GTX 1060 6GB
[2019.08.08-16.22.36:520][  0]LogD3D11RHI:   Driver Version: 425.31 (internal:25.21.14.2531, unified:425.31)
[2019.08.08-16.22.36:521][  0]LogD3D11RHI:      Driver Date: 4-9-2019
[2019.08.08-16.22.36:521][  0]LogRHI: Texture pool is 4236 MB (70% of 6052 MB)
[2019.08.08-16.22.36:568][  0]LogD3D11RHI: Async texture creation enabled
[2019.08.08-16.22.36:582][  0]LogD3D11RHI: GPU Timing Frequency: 1000.000000 (Debug: 2 1)
[2019.08.08-16.22.36:683][  0]LogShaderCompilers: Guid format shader working directory is 1 characters bigger than the processId version (../../../../../Tether/Project_Tether/Project_Tether/Intermediate/Shaders/WorkingDirectory/4896/).
[2019.08.08-16.22.36:684][  0]LogShaderCompilers: Cleaned the shader compiler working directory 'C:/Users/aaron.hines/AppData/Local/Temp/UnrealShaderWorkingDir/3383CAAC4EE7C4AB32781C98D39CE98B/'.
[2019.08.08-16.22.36:989][  0]LogTemp: Display: Loaded TP AllDesktopTargetPlatform
[2019.08.08-16.22.37:005][  0]LogTemp: Display: Loaded TP MacClientTargetPlatform
[2019.08.08-16.22.37:021][  0]LogTemp: Display: Loaded TP MacNoEditorTargetPlatform
[2019.08.08-16.22.37:036][  0]LogTemp: Display: Loaded TP MacServerTargetPlatform
[2019.08.08-16.22.37:051][  0]LogTemp: Display: Loaded TP MacTargetPlatform
[2019.08.08-16.22.37:066][  0]LogTemp: Display: Loaded TP WindowsClientTargetPlatform
[2019.08.08-16.22.37:081][  0]LogTemp: Display: Loaded TP WindowsNoEditorTargetPlatform
[2019.08.08-16.22.37:097][  0]LogTemp: Display: Loaded TP WindowsServerTargetPlatform
[2019.08.08-16.22.37:105][  0]LogTemp: Display: Loaded TP WindowsTargetPlatform
[2019.08.08-16.22.37:186][  0]LogTemp: Display: Loaded TP AndroidTargetPlatform
[2019.08.08-16.22.37:186][  0]LogTemp: Display: Loaded TP AndroidTargetPlatform
[2019.08.08-16.22.37:187][  0]LogTemp: Display: Loaded TP AndroidTargetPlatform
[2019.08.08-16.22.37:187][  0]LogTemp: Display: Loaded TP AndroidTargetPlatform
[2019.08.08-16.22.37:187][  0]LogTemp: Display: Loaded TP AndroidTargetPlatform
[2019.08.08-16.22.37:187][  0]LogTemp: Display: Loaded TP AndroidTargetPlatform
[2019.08.08-16.22.37:187][  0]LogTemp: Display: Loaded TP AndroidTargetPlatform
[2019.08.08-16.22.37:187][  0]LogTemp: Display: Loaded TP AndroidTargetPlatform
[2019.08.08-16.22.37:187][  0]LogTemp: Display: Loaded TP AndroidTargetPlatform
[2019.08.08-16.22.37:187][  0]LogTemp: Display: Loaded TP AndroidTargetPlatform
[2019.08.08-16.22.37:187][  0]LogTemp: Display: Loaded TP AndroidTargetPlatform
[2019.08.08-16.22.37:187][  0]LogTemp: Display: Loaded TP AndroidTargetPlatform
[2019.08.08-16.22.37:188][  0]LogTemp: Display: Loaded TP AndroidTargetPlatform
[2019.08.08-16.22.37:188][  0]LogTemp: Display: Loaded TP AndroidTargetPlatform
[2019.08.08-16.22.37:188][  0]LogTemp: Display: Loaded TP AndroidTargetPlatform
[2019.08.08-16.22.37:188][  0]LogTemp: Display: Loaded TP AndroidTargetPlatform
[2019.08.08-16.22.37:188][  0]LogTemp: Display: Loaded TP AndroidTargetPlatform
[2019.08.08-16.22.37:188][  0]LogTemp: Display: Loaded TP AndroidTargetPlatform
[2019.08.08-16.22.37:191][  0]LogTemp: Display: Loaded TP HTML5TargetPlatform
[2019.08.08-16.22.37:258][  0]LogTemp: Display: Loaded TP IOSTargetPlatform
[2019.08.08-16.22.37:258][  0]LogTemp: Display: Loaded TP IOSTargetPlatform
[2019.08.08-16.22.37:284][  0]LogTemp: Display: Loaded TP TVOSTargetPlatform
[2019.08.08-16.22.37:284][  0]LogTemp: Display: Loaded TP TVOSTargetPlatform
[2019.08.08-16.22.37:298][  0]LogTemp: Display: Loaded TP LinuxClientTargetPlatform
[2019.08.08-16.22.37:313][  0]LogTemp: Display: Loaded TP LinuxNoEditorTargetPlatform
[2019.08.08-16.22.37:329][  0]LogTemp: Display: Loaded TP LinuxServerTargetPlatform
[2019.08.08-16.22.37:344][  0]LogTemp: Display: Loaded TP LinuxTargetPlatform
[2019.08.08-16.22.37:356][  0]LogTemp: Display: Loaded TP LuminTargetPlatform
[2019.08.08-16.22.37:356][  0]LogTargetPlatformManager: Display: Building Assets For Windows
[2019.08.08-16.22.37:480][  0]LogXGEController: Cleaning working directory: C:/Users/aaron.hines/AppData/Local/Temp/UnrealXGEWorkingDir/
[2019.08.08-16.22.37:481][  0]LogXGEController: Cannot use XGE Controller as Incredibuild is not installed on this machine.
[2019.08.08-16.22.37:481][  0]LogShaderCompilers: Cannot use XGE Shader Compiler as Incredibuild is not installed on this machine.
[2019.08.08-16.22.37:481][  0]LogShaderCompilers: Display: Using Local Shader Compiler.
[2019.08.08-16.22.38:192][  0]LogDerivedDataCache: Display: Max Cache Size: 512 MB
[2019.08.08-16.22.38:247][  0]LogDerivedDataCache: Loaded boot cache 0.05s 71MB C:/Users/aaron.hines/AppData/Local/UnrealEngine/4.20/DerivedDataCache/Boot.ddc.
[2019.08.08-16.22.38:247][  0]LogDerivedDataCache: Display: Loaded Boot cache: C:/Users/aaron.hines/AppData/Local/UnrealEngine/4.20/DerivedDataCache/Boot.ddc
[2019.08.08-16.22.38:247][  0]LogDerivedDataCache: FDerivedDataBackendGraph:  Pak pak cache file ../../../../../Tether/Project_Tether/Project_Tether/DerivedDataCache/DDC.ddp not found, will not use a pak cache.
[2019.08.08-16.22.38:247][  0]LogDerivedDataCache: Unable to find inner node Pak for hierarchical cache Hierarchy.
[2019.08.08-16.22.38:248][  0]LogDerivedDataCache: FDerivedDataBackendGraph:  CompressedPak pak cache file ../../../../../Tether/Project_Tether/Project_Tether/DerivedDataCache/Compressed.ddp not found, will not use a pak cache.
[2019.08.08-16.22.38:248][  0]LogDerivedDataCache: Unable to find inner node CompressedPak for hierarchical cache Hierarchy.
[2019.08.08-16.22.38:263][  0]LogDerivedDataCache: Display: Pak cache opened for reading ../../../Engine/DerivedDataCache/Compressed.ddp.
[2019.08.08-16.22.38:277][  0]LogDerivedDataCache: Using Local data cache path C:/Users/aaron.hines/AppData/Local/UnrealEngine/Common/DerivedDataCache: Writable
[2019.08.08-16.22.38:277][  0]LogDerivedDataCache: Shared data cache path not found in *engine.ini, will not use an Shared cache.
[2019.08.08-16.22.38:277][  0]LogDerivedDataCache: Unable to find inner node Shared for hierarchical cache Hierarchy.
[2019.08.08-16.22.38:296][  0]LogMaterial: Verifying Global Shaders for PCD3D_SM5
[2019.08.08-16.22.38:298][  0]LogSlate: Using FreeType 2.6.0
[2019.08.08-16.22.38:299][  0]LogSlate: SlateFontServices - WITH_FREETYPE: 1, WITH_HARFBUZZ: 1
[2019.08.08-16.22.38:381][  0]LogAssetRegistry: FAssetRegistry took 0.0291 seconds to start up
[2019.08.08-16.22.38:710][  0]LogInit: Selected Device Profile: [Windows]
[2019.08.08-16.22.38:850][  0]LogSimplygon: Simplygon DLL not present - disabling.
[2019.08.08-16.22.38:857][  0]LogMeshReduction: Using SimplygonSwarm for distributed automatic mesh merging
[2019.08.08-16.22.38:857][  0]LogMeshReduction: Using ProxyLODMeshReduction for automatic mesh merging
[2019.08.08-16.22.38:857][  0]LogMeshReduction: Using QuadricMeshReduction for automatic static mesh reduction
[2019.08.08-16.22.38:857][  0]LogMeshReduction: No automatic skeletal mesh reduction module available
[2019.08.08-16.22.38:877][  0]LogNetVersion: Project_Tether 1.0.0, NetCL: 4212847, EngineNetVer: 5, GameNetVer: 0 (Checksum: 2290113244)
[2019.08.08-16.22.39:353][  0]LogPackageLocalizationCache: Processed 11 localized package path(s) for 2 prioritized culture(s) in 0.087759 seconds
[2019.08.08-16.22.39:359][  0]LogUObjectArray: 38425 objects as part of root set at end of initial load.
[2019.08.08-16.22.39:360][  0]LogUObjectAllocator: 6690864 out of 0 bytes used by permanent object pool.
[2019.08.08-16.22.39:360][  0]LogUObjectArray: CloseDisregardForGC: 0/0 objects in disregard for GC pool
[2019.08.08-16.22.40:353][  0]LogTcpMessaging: Initializing TcpMessaging bridge
[2019.08.08-16.22.40:369][  0]LogUdpMessaging: Initializing bridge on interface 0.0.0.0:0 to multicast group 230.0.0.1:6666.
[2019.08.08-16.22.40:744][  0]LogLinker: Warning: Can't find file '/Game/ThirdPersonCPP/Blueprints/ThirdPersonCharacter'
[2019.08.08-16.22.40:745][  0]LogLinker: Warning: Can't find file '/Game/ThirdPersonCPP/Blueprints/ThirdPersonCharacter'
[2019.08.08-16.22.40:745][  0]LogUObjectGlobals: Warning: Failed to find object 'Class /Game/ThirdPersonCPP/Blueprints/ThirdPersonCharacter.ThirdPersonCharacter_C'
[2019.08.08-16.22.40:745][  0]Error: CDO Constructor (Project_TetherGameMode): Failed to find /Game/ThirdPersonCPP/Blueprints/ThirdPersonCharacter.ThirdPersonCharacter_C

[2019.08.08-16.22.40:745][  0]LogUObjectBase: Warning: -------------- Default Property warnings and errors:
[2019.08.08-16.22.40:745][  0]LogUObjectBase: Warning: Error: CDO Constructor (Project_TetherGameMode): Failed to find /Game/ThirdPersonCPP/Blueprints/ThirdPersonCharacter.ThirdPersonCharacter_C

[2019.08.08-16.22.42:881][  0]LogWindowsTextInputMethodSystem: Display: IME system now deactivated.
[2019.08.08-16.22.42:938][  0]SourceControl: Source control is disabled
[2019.08.08-16.22.42:938][  0]SourceControl: Source control is disabled
[2019.08.08-16.22.42:941][  0]SourceControl: Source control is disabled
[2019.08.08-16.22.42:943][  0]SourceControl: Source control is disabled
[2019.08.08-16.22.43:168][  0]LogAndroidPermission: UAndroidPermissionCallbackProxy::GetInstance
[2019.08.08-16.22.43:314][  0]LogOcInput: OculusInput pre-init called
[2019.08.08-16.22.43:379][  0]LogEngine: Initializing Engine...
[2019.08.08-16.22.43:424][  0]LogHMD: Failed to initialize OpenVR with code 126
[2019.08.08-16.22.43:426][  0]LogStats: UGameplayTagsManager::ConstructGameplayTagTree: ImportINI prefixes -  0.000 s
[2019.08.08-16.22.43:426][  0]LogStats: UGameplayTagsManager::ConstructGameplayTagTree: Construct from data asset -  0.000 s
[2019.08.08-16.22.43:426][  0]LogStats: UGameplayTagsManager::ConstructGameplayTagTree: ImportINI -  0.000 s
[2019.08.08-16.22.43:426][  0]LogStats: UGameplayTagsManager::ConstructGameplayTagTree: GameplayTagTreeChangedEvent.Broadcast -  0.000 s
[2019.08.08-16.22.43:621][  0]LogInit: Initializing FReadOnlyCVARCache
[2019.08.08-16.22.43:638][  0]LogAIModule: Creating AISystem for world Untitled
[2019.08.08-16.22.43:674][  0]LogInit: XAudio2 using 'Speakers (2- Logitech G430 Gaming Headset)' : 2 channels at 48 kHz using 16 bits per sample (channel mask 0x3)
[2019.08.08-16.22.43:702][  0]LogInit: FAudioDevice initialized.
[2019.08.08-16.22.43:703][  0]LogNetVersion: Set ProjectVersion to 1.0.0.0. Version Checksum will be recalculated on next use.
[2019.08.08-16.22.43:817][  0]LogDerivedDataCache: Saved boot cache 0.11s 71MB C:/Users/aaron.hines/AppData/Local/UnrealEngine/4.20/DerivedDataCache/Boot.ddc.
[2019.08.08-16.22.43:819][  0]LogInit: Texture streaming: Enabled
[2019.08.08-16.22.43:846][  0]LogEngineSessionManager: EngineSessionManager initialized
[2019.08.08-16.22.43:856][  0]LogInit: Transaction tracking system initialized
[2019.08.08-16.22.43:889][  0]BlueprintLog: New page: Editor Load
[2019.08.08-16.22.43:989][  0]LocalizationService: Localization service is disabled
[2019.08.08-16.22.44:537][  0]LogCook: Display: Max memory allowance for cook 16384mb min free memory 0mb
[2019.08.08-16.22.44:538][  0]LogCook: Display: Mobile HDR setting 1
[2019.08.08-16.22.44:538][  0]LogGameplayTags: Display: UGameplayTagsManager::DoneAddingNativeTags. DelegateIsBound: 0
[2019.08.08-16.22.44:538][  0]LogStats: UGameplayTagsManager::ConstructGameplayTagTree: ImportINI prefixes -  0.000 s
[2019.08.08-16.22.44:538][  0]LogStats: UGameplayTagsManager::ConstructGameplayTagTree: Construct from data asset -  0.000 s
[2019.08.08-16.22.44:538][  0]LogStats: UGameplayTagsManager::ConstructGameplayTagTree: ImportINI -  0.000 s
[2019.08.08-16.22.44:538][  0]LogStats: UGameplayTagsManager::ConstructGameplayTagTree: GameplayTagTreeChangedEvent.Broadcast -  0.000 s
[2019.08.08-16.22.44:704][  0]LogFileCache: Scanning file cache for directory 'E:/Tether/Project_Tether/Project_Tether/Content/' took 0.04s
[2019.08.08-16.22.44:704][  0]SourceControl: Source control is disabled
[2019.08.08-16.22.44:705][  0]Cmd: MAP LOAD FILE="../../../../../Tether/Project_Tether/Project_Tether/Content/IronForgedGames/Core/Entity/Test/ThirdPersonCPP/Maps/ThirdPersonExampleMap.umap" TEMPLATE=0 SHOWPROGRESS=1 FEATURELEVEL=3
[2019.08.08-16.22.44:705][  0]LightingResults: New page: Lighting Build
[2019.08.08-16.22.44:708][  0]MapCheck: New page: Map Check
[2019.08.08-16.22.44:708][  0]LightingResults: New page: Lighting Build
[2019.08.08-16.22.45:243][  0]LogAIModule: Creating AISystem for world ThirdPersonExampleMap
[2019.08.08-16.22.45:256][  0]LogMaterial: Warning: Material /Game/IronForgedGames/Implementation/Testing/Materials/Gold.Gold needed to have new flag set bUsedWithSkeletalMesh !
[2019.08.08-16.22.45:259][  0]LogMaterial: Display: Missing cached shader map for material Gold, compiling. 
[2019.08.08-16.22.45:340][  0]MapCheck: Warning: Gold Material /Game/IronForgedGames/Implementation/Testing/Materials/Gold.Gold was missing the usage flag bUsedWithSkeletalMesh. If the material asset is not re-saved, it may not render correctly when run outside the editor. Fix
[2019.08.08-16.22.45:357][  0]LogShaderCompilers: Display: Shaders left to compile 60
[2019.08.08-16.22.45:357][  0]LogShaderCompilers: Display: Shaders left to compile 50
[2019.08.08-16.22.45:357][  0]LogShaderCompilers: Display: Shaders left to compile 40
[2019.08.08-16.22.45:357][  0]LogShaderCompilers: Display: Shaders left to compile 30
[2019.08.08-16.22.45:357][  0]LogShaderCompilers: Display: Shaders left to compile 20
[2019.08.08-16.22.45:358][  0]LogEditorServer: Finished looking for orphan Actors (0.000 secs)
[2019.08.08-16.22.45:381][  0]Cmd: MAP CHECKDEP NOCLEARLOG
[2019.08.08-16.22.45:449][  0]MapCheck: Map check complete: 0 Error(s), 1 Warning(s), took 67.593ms to complete.
[2019.08.08-16.22.45:472][  0]LogFileHelpers: Loading map 'ThirdPersonExampleMap' took 0.766
[2019.08.08-16.22.45:541][  0]LogWindowsTextInputMethodSystem: Display: IME system now deactivated.
[2019.08.08-16.22.46:544][  0]LogSlate: Only BGRA pngs, bmps or icos are supported in by External Image Picker
[2019.08.08-16.22.46:620][  0]LogSlate: Updating window title bar state: overlay mode, drag disabled, window buttons hidden, title bar hidden
[2019.08.08-16.22.46:632][  0]LogCollectionManager: Loaded 0 collections in 0.002738 seconds
[2019.08.08-16.22.46:689][  0]LogFileCache: Scanning file cache for directory 'E:/Tether/Project_Tether/Project_Tether/Saved/Collections/' took 0.01s
[2019.08.08-16.22.46:689][  0]LogTemp: Executing iPhonePackager certificates Engine -bundlename com.YourCompany.ProjectTether
[2019.08.08-16.22.46:689][  0]LogTemp: CWD: E:\Epic Games\UE_4.20\Engine\Binaries\DotNET\IOS
[2019.08.08-16.22.46:689][  0]LogTemp: Initial Dir: E:\Epic Games\UE_4.20
[2019.08.08-16.22.46:689][  0]LogTemp: Env CWD: E:\Epic Games\UE_4.20\Engine\Binaries\DotNET\IOS
[2019.08.08-16.22.46:689][  0]LogTemp: BranchPath = WSROLLER45/E/Epic Games/UE_4.20/Engine/Binaries --- GameBranchPath = WSROLLER45/E/Epic Games/UE_4.20/Engine/Binaries
[2019.08.08-16.22.46:689][  0]LogFileCache: Scanning file cache for directory 'E:/Tether/Project_Tether/Project_Tether/Content/Developers/aaronhines/Collections/' took 0.01s
[2019.08.08-16.22.46:689][  0]LogFileCache: Scanning file cache for directory 'E:/Tether/Project_Tether/Project_Tether/Content/Collections/' took 0.01s
[2019.08.08-16.22.46:689][  0]LogTemp: IPP ERROR: Could not find provision directory 'C:\Users\aaron.hines\AppData\Local/Apple Computer/MobileDevice/Provisioning Profiles/'.
[2019.08.08-16.22.46:689][  0]LogCollectionManager: Rebuilt the GUID cache for 0 collections in 0.000001 seconds
[2019.08.08-16.22.46:705][  0]LogContentBrowser: Native class hierarchy populated in 0.0152 seconds. Added 2605 classes and 621 folders.
[2019.08.08-16.22.46:714][  0]LogContentBrowser: Native class hierarchy updated for 'WidgetCarousel' in 0.0008 seconds. Added 0 classes and 0 folders.
[2019.08.08-16.22.46:795][  0]LogContentBrowser: Native class hierarchy updated for 'AddContentDialog' in 0.0009 seconds. Added 0 classes and 0 folders.
[2019.08.08-16.22.46:807][  0]LogContentBrowser: Native class hierarchy updated for 'SceneOutliner' in 0.0009 seconds. Added 1 classes and 2 folders.
[2019.08.08-16.22.46:830][  0]LogSlate: Took 0.000262 seconds to synchronously load lazily loaded font '../../../Engine/Content/Slate/Fonts/Roboto-Regular.ttf' (155K)
[2019.08.08-16.22.46:833][  0]LogSlate: Took 0.000264 seconds to synchronously load lazily loaded font '../../../Engine/Content/Slate/Fonts/Roboto-Bold.ttf' (160K)
[2019.08.08-16.22.46:840][  0]LogSlate: Took 0.000333 seconds to synchronously load lazily loaded font '../../../Engine/Content/Editor/Slate/Fonts/FontAwesome.ttf' (139K)
[2019.08.08-16.22.46:844][  0]LogSlate: Took 0.000239 seconds to synchronously load lazily loaded font '../../../Engine/Content/Slate/Fonts/DroidSansMono.ttf' (77K)
[2019.08.08-16.22.46:997][  0]LogRenderer: Reallocating scene render targets to support 1208x552 Format 10 NumSamples 1 (Frame:1).
[2019.08.08-16.22.47:731][  0]LogContentBrowser: Native class hierarchy updated for 'HierarchicalLODOutliner' in 0.0009 seconds. Added 0 classes and 0 folders.
[2019.08.08-16.22.47:731][  0]LogLoad: (Engine Initialization) Total time: 14.33 seconds
[2019.08.08-16.22.47:731][  0]LogLoad: (Engine Initialization) Total Blueprint compile time: 0.00 seconds
[2019.08.08-16.22.47:771][  0]LogContentStreaming: Texture pool size now 1000 MB
[2019.08.08-16.22.47:817][  0]LogSlate: Took 0.000229 seconds to synchronously load lazily loaded font '../../../Engine/Content/Slate/Fonts/Roboto-Light.ttf' (167K)
[2019.08.08-16.22.48:126][  2]LogAssetRegistry: Asset discovery search completed in 9.7695 seconds
[2019.08.08-16.22.48:129][  2]LogCollectionManager: Rebuilt the object cache for 0 collections in 0.000001 seconds (found 0 objects)
[2019.08.08-16.22.48:130][  2]LogCollectionManager: Fixed up redirectors for 0 collections in 0.000470 seconds (updated 0 objects)
[2019.08.08-16.22.48:653][ 41]LogShaderCompilers: Display: Shaders left to compile 10
[2019.08.08-16.22.49:800][162]LogEditorViewport: Clicking on Actor (LMB): BP_Sky_Sphere_C (SkySphereBlueprint)
[2019.08.08-16.22.49:966][173]LogSlate: FSceneViewport::OnFocusLost() reason 0
[2019.08.08-16.22.50:737][262]LogEditorViewport: Clicking on Actor (LMB): BP_Sky_Sphere_C (SkySphereBlueprint)
[2019.08.08-16.23.44:508][551]LogSlate: FSceneViewport::OnFocusLost() reason 0
[2019.08.08-16.23.44:558][557]LogTemp: Repeating last play command: Selected Viewport
[2019.08.08-16.23.44:577][557]LogBlueprintUserMessages: Early PlayInEditor Detection: Level '/Game/IronForgedGames/Core/Entity/Test/ThirdPersonCPP/Maps/ThirdPersonExampleMap.ThirdPersonExampleMap:PersistentLevel' has LevelScriptBlueprint '/Game/IronForgedGames/Core/Entity/Test/ThirdPersonCPP/Maps/ThirdPersonExampleMap.ThirdPersonExampleMap:PersistentLevel.ThirdPersonExampleMap' with GeneratedClass '/Game/IronForgedGames/Core/Entity/Test/ThirdPersonCPP/Maps/ThirdPersonExampleMap.ThirdPersonExampleMap_C' with ClassGeneratedBy '/Game/IronForgedGames/Core/Entity/Test/ThirdPersonCPP/Maps/ThirdPersonExampleMap.ThirdPersonExampleMap:PersistentLevel.ThirdPersonExampleMap'
[2019.08.08-16.23.44:579][557]LogPlayLevel: PlayLevel: No blueprints needed recompiling
[2019.08.08-16.23.44:595][557]PIE: New page: PIE session: ThirdPersonExampleMap (Aug 8, 2019, 8:23:44 AM)
[2019.08.08-16.23.44:595][557]LogPlayLevel: Creating play world package: /Game/IronForgedGames/Core/Entity/Test/ThirdPersonCPP/Maps/UEDPIE_0_ThirdPersonExampleMap
[2019.08.08-16.23.44:610][557]LogPlayLevel: PIE: StaticDuplicateObject took: (0.014552s)
[2019.08.08-16.23.44:611][557]LogAIModule: Creating AISystem for world ThirdPersonExampleMap
[2019.08.08-16.23.44:612][557]LogPlayLevel: PIE: World Init took: (0.001537s)
[2019.08.08-16.23.44:613][557]LogPlayLevel: PIE: Created PIE world by copying editor world from /Game/IronForgedGames/Core/Entity/Test/ThirdPersonCPP/Maps/ThirdPersonExampleMap.ThirdPersonExampleMap to /Game/IronForgedGames/Core/Entity/Test/ThirdPersonCPP/Maps/UEDPIE_0_ThirdPersonExampleMap.ThirdPersonExampleMap (0.017347s)
[2019.08.08-16.23.44:666][557]LogInit: XAudio2 using 'Speakers (2- Logitech G430 Gaming Headset)' : 2 channels at 48 kHz using 16 bits per sample (channel mask 0x3)
[2019.08.08-16.23.44:682][557]LogInit: FAudioDevice initialized.
[2019.08.08-16.23.44:725][557]LogLoad: Game class is 'GameMode'
[2019.08.08-16.23.44:729][557]LogWorld: Bringing World /Game/IronForgedGames/Core/Entity/Test/ThirdPersonCPP/Maps/UEDPIE_0_ThirdPersonExampleMap.ThirdPersonExampleMap up for play (max tick rate 0) at 2019.08.08-12.23.44
[2019.08.08-16.23.44:730][557]LogWorld: Bringing up level for play took: 0.003079
[2019.08.08-16.23.44:749][557]LogContentBrowser: Native class hierarchy updated for 'MovieSceneCapture' in 0.0006 seconds. Added 10 classes and 0 folders.
[2019.08.08-16.23.44:750][557]LogGameMode: Display: Match State Changed from EnteringMap to WaitingToStart
[2019.08.08-16.23.44:750][557]LogGameState: Match State Changed from EnteringMap to WaitingToStart
[2019.08.08-16.23.44:750][557]LogGameMode: Display: Match State Changed from WaitingToStart to InProgress
[2019.08.08-16.23.44:751][557]LogTemp: Error: Health stat was found, the Vitals will not work
[2019.08.08-16.23.44:752][557]LogBlueprintUserMessages: [TopDownCharacter_BP_5] Test Sword Tool was added
[2019.08.08-16.23.44:752][557]LogBlueprintUserMessages: [TopDownCharacter_BP_5] Sword Tool 2 was added
[2019.08.08-16.23.44:752][557]LogBlueprintUserMessages: [TopDownCharacter_BP_5] Test Sword Tool 3 was added
[2019.08.08-16.23.44:752][557]LogBlueprintUserMessages: [TopDownCharacter_BP_5] Test Shield 1 was added
[2019.08.08-16.23.44:753][557]LogBlueprintUserMessages: [TopDownCharacter_BP_5] Test Shield 2 was added
[2019.08.08-16.23.44:753][557]LogBlueprintUserMessages: [TopDownCharacter_BP_5] Test Shield 3 was added
[2019.08.08-16.23.44:753][557]LogTemp: Warning: Is initialized
[2019.08.08-16.23.44:753][557]LogBlueprintUserMessages: [TopDownCharacter_BP_5] Test Shield 1 was equipped 
[2019.08.08-16.23.44:754][557]LogBlueprintUserMessages: [TopDownCharacter_BP_5] Test Sword Tool was equipped 
[2019.08.08-16.23.44:754][557]LogGameState: Match State Changed from WaitingToStart to InProgress
[2019.08.08-16.23.44:755][557]PIE: Play in editor start time for /Game/IronForgedGames/Core/Entity/Test/ThirdPersonCPP/Maps/UEDPIE_0_ThirdPersonExampleMap 0.288
[2019.08.08-16.23.44:755][557]LogBlueprintUserMessages: Late PlayInEditor Detection: Level '/Game/IronForgedGames/Core/Entity/Test/ThirdPersonCPP/Maps/ThirdPersonExampleMap.ThirdPersonExampleMap:PersistentLevel' has LevelScriptBlueprint '/Game/IronForgedGames/Core/Entity/Test/ThirdPersonCPP/Maps/ThirdPersonExampleMap.ThirdPersonExampleMap:PersistentLevel.ThirdPersonExampleMap' with GeneratedClass '/Game/IronForgedGames/Core/Entity/Test/ThirdPersonCPP/Maps/ThirdPersonExampleMap.ThirdPersonExampleMap_C' with ClassGeneratedBy '/Game/IronForgedGames/Core/Entity/Test/ThirdPersonCPP/Maps/ThirdPersonExampleMap.ThirdPersonExampleMap:PersistentLevel.ThirdPersonExampleMap'
[2019.08.08-16.23.47:005][821]LogBlueprintUserMessages: Early EndPlayMap Detection: Level '/Game/IronForgedGames/Core/Entity/Test/ThirdPersonCPP/Maps/ThirdPersonExampleMap.ThirdPersonExampleMap:PersistentLevel' has LevelScriptBlueprint '/Game/IronForgedGames/Core/Entity/Test/ThirdPersonCPP/Maps/ThirdPersonExampleMap.ThirdPersonExampleMap:PersistentLevel.ThirdPersonExampleMap' with GeneratedClass '/Game/IronForgedGames/Core/Entity/Test/ThirdPersonCPP/Maps/ThirdPersonExampleMap.ThirdPersonExampleMap_C' with ClassGeneratedBy '/Game/IronForgedGames/Core/Entity/Test/ThirdPersonCPP/Maps/ThirdPersonExampleMap.ThirdPersonExampleMap:PersistentLevel.ThirdPersonExampleMap'
[2019.08.08-16.23.47:006][821]LogSlate: Updating window title bar state: overlay mode, drag disabled, window buttons hidden, title bar hidden
[2019.08.08-16.23.47:046][821]LogPlayLevel: Display: Shutting down PIE online subsystems
[2019.08.08-16.23.47:046][821]LogBlueprintUserMessages: Late EndPlayMap Detection: Level '/Game/IronForgedGames/Core/Entity/Test/ThirdPersonCPP/Maps/ThirdPersonExampleMap.ThirdPersonExampleMap:PersistentLevel' has LevelScriptBlueprint '/Game/IronForgedGames/Core/Entity/Test/ThirdPersonCPP/Maps/ThirdPersonExampleMap.ThirdPersonExampleMap:PersistentLevel.ThirdPersonExampleMap' with GeneratedClass '/Game/IronForgedGames/Core/Entity/Test/ThirdPersonCPP/Maps/ThirdPersonExampleMap.ThirdPersonExampleMap_C' with ClassGeneratedBy '/Game/IronForgedGames/Core/Entity/Test/ThirdPersonCPP/Maps/ThirdPersonExampleMap.ThirdPersonExampleMap:PersistentLevel.ThirdPersonExampleMap'
[2019.08.08-16.23.47:069][821]LogSlate: Updating window title bar state: overlay mode, drag disabled, window buttons hidden, title bar hidden
[2019.08.08-16.23.47:104][824]LogPlayLevel: Display: Destroying online subsystem :Context_2
[2019.08.08-16.23.47:838][908]Candidate modules for hot reload:
[2019.08.08-16.23.47:838][908]  Project_Tether
[2019.08.08-16.23.47:838][908]Launching UnrealBuildTool... [E:/Epic Games/UE_4.20/Engine/Binaries/DotNET/UnrealBuildTool.exe  -ModuleWithSuffix=Project_Tether,9628 Win64 Development -TargetType=Editor -Project="../../../../../Tether/Project_Tether/Project_Tether/Project_Tether.uproject" -canskiplink "E:/Tether/Project_Tether/Project_Tether/Project_Tether.uproject" ]
[2019.08.08-16.23.47:845][908]Warning: Starting HotReload took  0.0s.
[2019.08.08-16.23.50:715][214]LogAssetEditorManager: Opening Asset editor for WeaponType /Game/IronForgedGames/Implementation/Gameplay/System/Tool/ToolAsset/Weapons/WeaponTypes/StraightSword.StraightSword
[2019.08.08-16.23.55:115][735]LogAssetEditorManager: Opening Asset editor for Blueprint /Game/IronForgedGames/Implementation/Gameplay/CharactersBP/PlayerCharacters/Base/TopDownCharacter_BP.TopDownCharacter_BP
[2019.08.08-16.23.55:629][735]LogContentBrowser: Native class hierarchy updated for 'BlueprintGraph' in 0.0018 seconds. Added 116 classes and 0 folders.
[2019.08.08-16.23.56:576][735]LogSlate: Took 0.000177 seconds to synchronously load lazily loaded font '../../../Engine/Content/Slate/Fonts/Roboto-BoldCondensed.ttf' (158K)
[2019.08.08-16.23.58:163][845]LogSlate: Took 0.000289 seconds to synchronously load lazily loaded font '../../../Engine/Content/Slate/Fonts/Roboto-Italic.ttf' (157K)
[2019.08.08-16.23.58:210][850]LogSlate: Window 'TopDownCharacter_BP' being destroyed
[2019.08.08-16.23.59:954][ 33]CompilerResultsLog: New page: Compilation - Aug 8, 2019, 8:23:59 AM
[2019.08.08-16.23.59:955][ 33]CompilerResultsLog: Using 'git status' to determine working set for adaptive non-unity build.
[2019.08.08-16.23.59:955][ 33]CompilerResultsLog: Creating makefile for hot reloading Project_TetherEditor (ini files are newer than UBTMakefile)
[2019.08.08-16.23.59:956][ 33]CompilerResultsLog: Compiling game modules for hot reload
[2019.08.08-16.23.59:956][ 33]CompilerResultsLog: Using Visual Studio 2017 14.21.27702 toolchain (C:\Program Files (x86)\Microsoft Visual Studio\2019\Community\VC\Tools\MSVC\14.21.27702) and Windows 10.0.17763.0 SDK (C:\Program Files (x86)\Windows Kits\10).
[2019.08.08-16.23.59:956][ 33]CompilerResultsLog: Building 3 actions with 8 processes...
[2019.08.08-16.23.59:957][ 33]CompilerResultsLog:   [1/3] Module.Project_Tether.cpp
[2019.08.08-16.23.59:957][ 33]CompilerResultsLog:   [2/3] UE4Editor-Project_Tether-9628.lib
[2019.08.08-16.23.59:957][ 33]CompilerResultsLog:      Creating library E:\Tether\Project_Tether\Project_Tether\Intermediate\Build\Win64\UE4Editor\Development\Project_Tether\UE4Editor-Project_Tether-9628.lib and object E:\Tether\Project_Tether\Project_Tether\Intermediate\Build\Win64\UE4Editor\Development\Project_Tether\UE4Editor-Project_Tether-9628.exp
[2019.08.08-16.23.59:958][ 33]CompilerResultsLog:   [3/3] UE4Editor-Project_Tether-9628.dll
[2019.08.08-16.23.59:958][ 33]CompilerResultsLog:      Creating library E:\Tether\Project_Tether\Project_Tether\Intermediate\Build\Win64\UE4Editor\Development\Project_Tether\UE4Editor-Project_Tether-9628.suppressed.lib and object E:\Tether\Project_Tether\Project_Tether\Intermediate\Build\Win64\UE4Editor\Development\Project_Tether\UE4Editor-Project_Tether-9628.suppressed.exp
[2019.08.08-16.23.59:959][ 33]CompilerResultsLog: Total build time: 11.80 seconds (Parallel executor: 6.01 seconds)
[2019.08.08-16.23.59:959][ 33]LogMainFrame: MainFrame: Module compiling took 12.129 seconds
[2019.08.08-16.24.00:157][ 33]LogClass: StatModifier HotReload.
[2019.08.08-16.24.00:158][ 33]LogClass: ToolData HotReload.
[2019.08.08-16.24.00:158][ 33]LogClass: FHandedness HotReload.
[2019.08.08-16.24.00:158][ 33]LogClass: FArmorSlot HotReload.
[2019.08.08-16.24.00:158][ 33]LogClass: FRarity HotReload.
[2019.08.08-16.24.00:158][ 33]LogClass: FUsageType HotReload.
[2019.08.08-16.24.00:159][ 33]LogClass: Status HotReload.
[2019.08.08-16.24.00:159][ 33]LogClass: Slot HotReload.
[2019.08.08-16.24.00:159][ 33]LogClass: Stat HotReload.
[2019.08.08-16.24.00:159][ 33]LogClass: ToolDataKey HotReload.
[2019.08.08-16.24.00:159][ 33]LogClass: ToolDataSlot HotReload.
[2019.08.08-16.24.00:159][ 33]LogClass: ResistanceModifier HotReload.
[2019.08.08-16.24.00:160][ 33]LogClass: HealInfo HotReload.
[2019.08.08-16.24.00:160][ 33]LogClass: DamageInfo HotReload.
[2019.08.08-16.24.00:167][ 33]Error: CDO Constructor (Project_TetherGameMode): Failed to find /Game/ThirdPersonCPP/Blueprints/ThirdPersonCharacter.ThirdPersonCharacter_C

[2019.08.08-16.24.00:172][ 33]LogContentBrowser: Native class hierarchy updated for 'Project_Tether' in 0.0009 seconds. Added 33 classes and 18 folders.
[2019.08.08-16.24.00:173][ 33]Warning: Some classes could not be reloaded:
Error: CDO Constructor (Project_TetherGameMode): Failed to find /Game/ThirdPersonCPP/Blueprints/ThirdPersonCharacter.ThirdPersonCharacter_C


[2019.08.08-16.24.00:179][ 33]Display: HotReload successful (66 functions remapped  9 scriptstructs remapped)
[2019.08.08-16.24.00:576][ 33]LogContentBrowser: Native class hierarchy populated in 0.0093 seconds. Added 2606 classes and 623 folders.
[2019.08.08-16.24.00:577][ 33]Display: HotReload took 12.8s.
[2019.08.08-16.24.13:074][502]LogSavePackage: Moving '../../../../../Tether/Project_Tether/Project_Tether/Saved/StraightSwordEDFCDD5741DDD130AD0F4B90BD830928.tmp' to '../../../../../Tether/Project_Tether/Project_Tether/Content/IronForgedGames/Implementation/Gameplay/System/Tool/ToolAsset/Weapons/WeaponTypes/StraightSword.uasset'
[2019.08.08-16.24.19:938][315]LogTemp: Repeating last play command: Selected Viewport
[2019.08.08-16.24.19:957][315]LogBlueprintUserMessages: Early PlayInEditor Detection: Level '/Game/IronForgedGames/Core/Entity/Test/ThirdPersonCPP/Maps/ThirdPersonExampleMap.ThirdPersonExampleMap:PersistentLevel' has LevelScriptBlueprint '/Game/IronForgedGames/Core/Entity/Test/ThirdPersonCPP/Maps/ThirdPersonExampleMap.ThirdPersonExampleMap:PersistentLevel.ThirdPersonExampleMap' with GeneratedClass '/Game/IronForgedGames/Core/Entity/Test/ThirdPersonCPP/Maps/ThirdPersonExampleMap.ThirdPersonExampleMap_C' with ClassGeneratedBy '/Game/IronForgedGames/Core/Entity/Test/ThirdPersonCPP/Maps/ThirdPersonExampleMap.ThirdPersonExampleMap:PersistentLevel.ThirdPersonExampleMap'
[2019.08.08-16.24.19:959][315]LogPlayLevel: PlayLevel: No blueprints needed recompiling
[2019.08.08-16.24.19:959][315]PIE: New page: PIE session: ThirdPersonExampleMap (Aug 8, 2019, 8:24:19 AM)
[2019.08.08-16.24.19:959][315]LogPlayLevel: Creating play world package: /Game/IronForgedGames/Core/Entity/Test/ThirdPersonCPP/Maps/UEDPIE_0_ThirdPersonExampleMap
[2019.08.08-16.24.19:976][315]LogPlayLevel: PIE: StaticDuplicateObject took: (0.016488s)
[2019.08.08-16.24.19:978][315]LogAIModule: Creating AISystem for world ThirdPersonExampleMap
[2019.08.08-16.24.19:979][315]LogPlayLevel: PIE: World Init took: (0.001679s)
[2019.08.08-16.24.19:979][315]LogPlayLevel: PIE: Created PIE world by copying editor world from /Game/IronForgedGames/Core/Entity/Test/ThirdPersonCPP/Maps/ThirdPersonExampleMap.ThirdPersonExampleMap to /Game/IronForgedGames/Core/Entity/Test/ThirdPersonCPP/Maps/UEDPIE_0_ThirdPersonExampleMap.ThirdPersonExampleMap (0.019246s)
[2019.08.08-16.24.20:059][315]LogInit: XAudio2 using 'Speakers (2- Logitech G430 Gaming Headset)' : 2 channels at 48 kHz using 16 bits per sample (channel mask 0x3)
[2019.08.08-16.24.20:073][315]LogInit: FAudioDevice initialized.
[2019.08.08-16.24.20:102][315]LogLoad: Game class is 'GameMode'
[2019.08.08-16.24.20:105][315]LogWorld: Bringing World /Game/IronForgedGames/Core/Entity/Test/ThirdPersonCPP/Maps/UEDPIE_0_ThirdPersonExampleMap.ThirdPersonExampleMap up for play (max tick rate 0) at 2019.08.08-12.24.20
[2019.08.08-16.24.20:106][315]LogWorld: Bringing up level for play took: 0.002892
[2019.08.08-16.24.20:120][315]LogGameMode: Display: Match State Changed from EnteringMap to WaitingToStart
[2019.08.08-16.24.20:120][315]LogGameState: Match State Changed from EnteringMap to WaitingToStart
[2019.08.08-16.24.20:120][315]LogGameMode: Display: Match State Changed from WaitingToStart to InProgress
[2019.08.08-16.24.20:121][315]LogTemp: Error: Health stat was found, the Vitals will not work
[2019.08.08-16.24.20:121][315]LogBlueprintUserMessages: [TopDownCharacter_BP_5] Test Sword Tool was added
[2019.08.08-16.24.20:122][315]LogBlueprintUserMessages: [TopDownCharacter_BP_5] Sword Tool 2 was added
[2019.08.08-16.24.20:122][315]LogBlueprintUserMessages: [TopDownCharacter_BP_5] Test Sword Tool 3 was added
[2019.08.08-16.24.20:122][315]LogBlueprintUserMessages: [TopDownCharacter_BP_5] Test Shield 1 was added
[2019.08.08-16.24.20:122][315]LogBlueprintUserMessages: [TopDownCharacter_BP_5] Test Shield 2 was added
[2019.08.08-16.24.20:123][315]LogBlueprintUserMessages: [TopDownCharacter_BP_5] Test Shield 3 was added
[2019.08.08-16.24.20:123][315]LogTemp: Warning: Is initialized
[2019.08.08-16.24.20:123][315]LogBlueprintUserMessages: [TopDownCharacter_BP_5] Test Shield 1 was equipped 
[2019.08.08-16.24.20:124][315]LogBlueprintUserMessages: [TopDownCharacter_BP_5] Test Sword Tool was equipped 
[2019.08.08-16.24.20:124][315]LogTemp: Warning: set the pending
[2019.08.08-16.24.20:124][315]LogGameState: Match State Changed from WaitingToStart to InProgress
[2019.08.08-16.24.20:125][315]PIE: Play in editor start time for /Game/IronForgedGames/Core/Entity/Test/ThirdPersonCPP/Maps/UEDPIE_0_ThirdPersonExampleMap -0.342
[2019.08.08-16.24.20:125][315]LogBlueprintUserMessages: Late PlayInEditor Detection: Level '/Game/IronForgedGames/Core/Entity/Test/ThirdPersonCPP/Maps/ThirdPersonExampleMap.ThirdPersonExampleMap:PersistentLevel' has LevelScriptBlueprint '/Game/IronForgedGames/Core/Entity/Test/ThirdPersonCPP/Maps/ThirdPersonExampleMap.ThirdPersonExampleMap:PersistentLevel.ThirdPersonExampleMap' with GeneratedClass '/Game/IronForgedGames/Core/Entity/Test/ThirdPersonCPP/Maps/ThirdPersonExampleMap.ThirdPersonExampleMap_C' with ClassGeneratedBy '/Game/IronForgedGames/Core/Entity/Test/ThirdPersonCPP/Maps/ThirdPersonExampleMap.ThirdPersonExampleMap:PersistentLevel.ThirdPersonExampleMap'
