Log file open, 07/15/19 12:07:39
LogWindows: Failed to load 'aqProf.dll' (GetLastError=126)
LogWindows: File 'aqProf.dll' does not exist
LogWindows: Failed to load 'VSPerf140.dll' (GetLastError=126)
LogWindows: File 'VSPerf140.dll' does not exist
LogWindows: Failed to load 'VtuneApi.dll' (GetLastError=126)
LogWindows: File 'VtuneApi.dll' does not exist
LogWindows: Failed to load 'VtuneApi32e.dll' (GetLastError=126)
LogWindows: File 'VtuneApi32e.dll' does not exist
LogInit: Display: Running engine for game: Project_Tether
LogPlatformFile: Not using cached read wrapper
LogTaskGraph: Started task graph with 5 named threads and 23 total threads with 3 sets of task threads.
LogStats: Stats thread started at 0.360619
LogD3D11RHI: Loaded GFSDK_Aftermath_Lib.x64.dll
LogICUInternationalization: Display: ICU TimeZone Detection - Raw Offset: -5:00, Platform Override: ''
LogPluginManager: Mounting plugin Paper2D
LogPluginManager: Mounting plugin AISupport
LogPluginManager: Mounting plugin LightPropagationVolume
LogPluginManager: Mounting plugin CLionSourceCodeAccess
LogPluginManager: Mounting plugin CodeLiteSourceCodeAccess
LogPluginManager: Mounting plugin GitSourceControl
LogPluginManager: Mounting plugin KDevelopSourceCodeAccess
LogPluginManager: Mounting plugin NullSourceCodeAccess
LogPluginManager: Mounting plugin PerforceSourceControl
LogPluginManager: Mounting plugin SubversionSourceControl
LogPluginManager: Mounting plugin UObjectPlugin
LogPluginManager: Mounting plugin VisualStudioCodeSourceCodeAccess
LogPluginManager: Mounting plugin VisualStudioSourceCodeAccess
LogPluginManager: Mounting plugin XCodeSourceCodeAccess
LogPluginManager: Mounting plugin AssetManagerEditor
LogPluginManager: Mounting plugin CryptoKeys
LogPluginManager: Mounting plugin DataValidation
LogPluginManager: Mounting plugin FacialAnimation
LogPluginManager: Mounting plugin GameplayTagsEditor
LogPluginManager: Mounting plugin MacGraphicsSwitching
LogPluginManager: Mounting plugin MeshEditor
LogPluginManager: Mounting plugin MobileLauncherProfileWizard
LogPluginManager: Mounting plugin PluginBrowser
LogPluginManager: Mounting plugin SpeedTreeImporter
LogPluginManager: Mounting plugin DatasmithContent
LogPluginManager: Mounting plugin AlembicImporter
LogPluginManager: Mounting plugin AppleImageUtils
LogPluginManager: Mounting plugin AppleVision
LogPluginManager: Mounting plugin BackChannel
LogPluginManager: Mounting plugin CharacterAI
LogPluginManager: Mounting plugin GeometryCache
LogPluginManager: Mounting plugin HTML5Networking
LogPluginManager: Mounting plugin ProxyLODPlugin
LogPluginManager: Mounting plugin MagicLeap
LogPluginManager: Mounting plugin MagicLeapEmulator
LogPluginManager: Mounting plugin MagicLeapMedia
LogPluginManager: Mounting plugin AndroidMedia
LogPluginManager: Mounting plugin AvfMedia
LogPluginManager: Mounting plugin ImgMedia
LogPluginManager: Mounting plugin LinearTimecode
LogPluginManager: Mounting plugin MediaCompositing
LogPluginManager: Mounting plugin MediaPlayerEditor
LogPluginManager: Mounting plugin WmfMedia
LogPluginManager: Mounting plugin TcpMessaging
LogPluginManager: Mounting plugin UdpMessaging
LogPluginManager: Mounting plugin ActorSequence
LogPluginManager: Mounting plugin LevelSequenceEditor
LogPluginManager: Mounting plugin MatineeToLevelSequence
LogPluginManager: Mounting plugin NetcodeUnitTest
LogPluginManager: Mounting plugin NUTUnrealEngine4
LogPluginManager: Mounting plugin OnlineSubsystemGooglePlay
LogPluginManager: Mounting plugin OnlineSubsystemIOS
LogPluginManager: Mounting plugin OnlineSubsystem
LogPluginManager: Mounting plugin OnlineSubsystemNull
LogPluginManager: Mounting plugin OnlineSubsystemUtils
LogPluginManager: Mounting plugin LauncherChunkInstaller
LogPluginManager: Mounting plugin AndroidDeviceProfileSelector
LogPluginManager: Mounting plugin AndroidMoviePlayer
LogPluginManager: Mounting plugin AndroidPermission
LogPluginManager: Mounting plugin AppleMoviePlayer
LogPluginManager: Mounting plugin ArchVisCharacter
LogPluginManager: Mounting plugin AudioCapture
LogPluginManager: Mounting plugin CableComponent
LogPluginManager: Mounting plugin CustomMeshComponent
LogPluginManager: Mounting plugin EditableMesh
LogPluginManager: Mounting plugin ExampleDeviceProfileSelector
LogPluginManager: Mounting plugin GoogleCloudMessaging
LogPluginManager: Mounting plugin ImmediatePhysics
LogPluginManager: Mounting plugin IOSDeviceProfileSelector
LogPluginManager: Mounting plugin LinuxDeviceProfileSelector
LogPluginManager: Mounting plugin LocationServicesBPLibrary
LogPluginManager: Mounting plugin MobilePatchingUtils
LogPluginManager: Mounting plugin OculusVR
LogPluginManager: Plugin shader directory ../../../Engine/Plugins/Runtime/Oculus/OculusVR/Shaders found
LogPluginManager: Mapping shader source directory ../../../Engine/Plugins/Runtime/Oculus/OculusVR/Shaders to virtual directory /Plugin/OculusVR
LogPluginManager: Mounting plugin PhysXVehicles
LogPluginManager: Mounting plugin ProceduralMeshComponent
LogPluginManager: Mounting plugin RuntimePhysXCooking
LogPluginManager: Mounting plugin SteamVR
LogPluginManager: Mounting plugin WindowsMoviePlayer
LogStreaming: Display: Took  0.166s to configure plugins.
LogInit: Using libcurl 7.55.1-DEV
LogInit:  - built for x86_64-pc-win32
LogInit:  - supports SSL with OpenSSL/1.0.2h
LogInit:  - supports HTTP deflate (compression) using libz 1.2.8
LogInit:  - other features:
LogInit:      CURL_VERSION_SSL
LogInit:      CURL_VERSION_LIBZ
LogInit:      CURL_VERSION_IPV6
LogInit:      CURL_VERSION_ASYNCHDNS
LogInit:      CURL_VERSION_LARGEFILE
LogInit:      CURL_VERSION_IDN
LogInit:  CurlRequestOptions (configurable via config and command line):
LogInit:  - bVerifyPeer = false  - Libcurl will NOT verify peer certificate
LogInit:  - bUseHttpProxy = false  - Libcurl will NOT use HTTP proxy
LogInit:  - bDontReuseConnections = false  - Libcurl will reuse connections
LogInit:  - CertBundlePath = nullptr  - Libcurl will use whatever was configured at build time.
LogInit:  - MaxHostConnections = 16  - Libcurl will limit the number of connections to a host
LogInit:  - LocalHostAddr = Default
LogInit:  - BufferSize = 65536
LogInit: WinSock: version 1.1 (2.2), MaxSocks=32767, MaxUdp=65467
LogInit: Build: ++UE4+Release-4.20-CL-4369336
LogInit: Engine Version: 4.20.3-4369336+++UE4+Release-4.20
LogInit: Compatible Engine Version: 4.20.0-4212847+++UE4+Release-4.20
LogInit: Net CL: 4212847
LogInit: OS: Windows 10 (), CPU: Intel(R) Core(TM) i7-6700 CPU @ 3.40GHz, GPU: NVIDIA GeForce GTX 1060 6GB
LogInit: Compiled (64-bit): Sep 17 2018 12:26:19
LogInit: Compiled with Visual C++: 19.13.26129.00
LogInit: Build Configuration: Development
LogInit: Branch Name: ++UE4+Release-4.20
LogInit: Command Line:  -skipcompile
LogInit: Base Directory: E:/Epic Games/UE_4.20/Engine/Binaries/Win64/
LogInit: Installed Engine Build: 1
LogDevObjectVersion: Number of dev versions registered: 20
LogDevObjectVersion:   Dev-Blueprints (B0D832E4-1F89-4F0D-ACCF-7EB736FD4AA2): 10
LogDevObjectVersion:   Dev-Build (E1C64328-A22C-4D53-A36C-8E866417BD8C): 0
LogDevObjectVersion:   Dev-Core (375EC13C-06E4-48FB-B500-84F0262A717E): 2
LogDevObjectVersion:   Dev-Editor (E4B068ED-F494-42E9-A231-DA0B2E46BB41): 24
LogDevObjectVersion:   Dev-Framework (CFFC743F-43B0-4480-9391-14DF171D2073): 34
LogDevObjectVersion:   Dev-Mobile (B02B49B5-BB20-44E9-A304-32B752E40360): 2
LogDevObjectVersion:   Dev-Networking (A4E4105C-59A1-49B5-A7C5-40C4547EDFEE): 0
LogDevObjectVersion:   Dev-Online (39C831C9-5AE6-47DC-9A44-9C173E1C8E7C): 0
LogDevObjectVersion:   Dev-Physics (78F01B33-EBEA-4F98-B9B4-84EACCB95AA2): 0
LogDevObjectVersion:   Dev-Platform (6631380F-2D4D-43E0-8009-CF276956A95A): 0
LogDevObjectVersion:   Dev-Rendering (12F88B9F-8875-4AFC-A67C-D90C383ABD29): 26
LogDevObjectVersion:   Dev-Sequencer (7B5AE74C-D270-4C10-A958-57980B212A5A): 9
LogDevObjectVersion:   Dev-VR (D7296918-1DD6-4BDD-9DE2-64A83CC13884): 2
LogDevObjectVersion:   Dev-LoadTimes (C2A15278-BFE7-4AFE-6C17-90FF531DF755): 1
LogDevObjectVersion:   Private-Geometry (6EACA3D4-40EC-4CC1-B786-8BED09428FC5): 3
LogDevObjectVersion:   Dev-AnimPhys (29E575DD-E0A3-4627-9D10-D276232CDCEA): 17
LogDevObjectVersion:   Dev-ReflectionCapture (6B266CEC-1EC7-4B8F-A30B-E4D90942FC07): 1
LogDevObjectVersion:   Dev-Automation (0DF73D61-A23F-47EA-B727-89E90C41499A): 1
LogDevObjectVersion:   FortniteMain (601D1886-AC64-4F84-AA16-D3DE0DEAC7D6): 12
LogDevObjectVersion:   Dev-Enterprise (9DFFBCD6-494F-0158-E221-12823C92A888): 1
LogStreaming: Display: Took  0.002s to delete old logs.
LogInit: Presizing for max 8388607 objects, including 0 objects not considered by GC, pre-allocating 0 bytes for permanent pool.
LogInit: Object subsystem initialized
[2019.07.15-16.07.39:918][  0]LogInit: Selected Device Profile: [Windows]
[2019.07.15-16.07.39:918][  0]LogInit: Applying CVar settings loaded from the selected device profile: [Windows]
[2019.07.15-16.07.39:928][  0]LogHAL: Display: Platform has ~ 32 GB [34316865536 / 34359738368 / 32], which maps to Largest [LargestMinGB=32, LargerMinGB=12, DefaultMinGB=8, SmallerMinGB=6, SmallestMinGB=0)
[2019.07.15-16.07.39:928][  0]LogInit: Setting Device Profile CVar: [[r.Vulkan.UseRealUBs:1]]
[2019.07.15-16.07.39:929][  0]LogInit: Going up to parent DeviceProfile []
[2019.07.15-16.07.39:929][  0]LogInit: Computer: WSROLLER45
[2019.07.15-16.07.39:929][  0]LogInit: User: aaronhines
[2019.07.15-16.07.39:929][  0]LogInit: CPU Page size=4096, Cores=4
[2019.07.15-16.07.39:929][  0]LogInit: High frequency timer resolution =10.000000 MHz
[2019.07.15-16.07.39:930][  0]LogMemory: Memory total: Physical=32.0GB (32GB approx)
[2019.07.15-16.07.39:930][  0]LogMemory: Platform Memory Stats for Windows
[2019.07.15-16.07.39:930][  0]LogMemory: Process Physical Memory: 102.11 MB used, 102.12 MB peak
[2019.07.15-16.07.39:930][  0]LogMemory: Process Virtual Memory: 89.39 MB used, 89.39 MB peak
[2019.07.15-16.07.39:930][  0]LogMemory: Physical Memory: 11493.49 MB used,  21233.62 MB free, 32727.11 MB total
[2019.07.15-16.07.39:930][  0]LogMemory: Virtual Memory: 4612.47 MB used,  21233.62 MB free, 134217728.00 MB total
[2019.07.15-16.07.40:043][  0]LogInit: Using OS detected language (en-US).
[2019.07.15-16.07.40:044][  0]LogInit: Using OS detected locale (en-US).
[2019.07.15-16.07.40:045][  0]LogTextLocalizationManager: No specific localization for 'en-US' exists, so the 'en' localization will be used.
[2019.07.15-16.07.40:382][  0]LogStreaming: Display: Took  0.339s to InitEngineTextLocalization.
[2019.07.15-16.07.40:383][  0]LogInit: Setting process to per monitor DPI aware
[2019.07.15-16.07.40:461][  0]LogSlate: New Slate User Created.  User Index 0, Is Virtual User: 0
[2019.07.15-16.07.40:462][  0]LogSlate: Slate User Registered.  User Index 0, Is Virtual User: 0
[2019.07.15-16.07.40:701][  0]LogHMD: Failed to initialize OpenVR with code 126
[2019.07.15-16.07.40:701][  0]LogD3D11RHI: D3D11 adapters:
[2019.07.15-16.07.40:779][  0]LogD3D11RHI:    0. 'NVIDIA GeForce GTX 1060 6GB' (Feature Level 11_0)
[2019.07.15-16.07.40:779][  0]LogD3D11RHI:       6052/0/16363 MB DedicatedVideo/DedicatedSystem/SharedSystem, Outputs:2, VendorId:0x10de
[2019.07.15-16.07.40:785][  0]LogD3D11RHI:    1. 'Microsoft Basic Render Driver' (Feature Level 11_0)
[2019.07.15-16.07.40:785][  0]LogD3D11RHI:       0/0/16363 MB DedicatedVideo/DedicatedSystem/SharedSystem, Outputs:0, VendorId:0x1414
[2019.07.15-16.07.40:785][  0]LogD3D11RHI: Chosen D3D11 Adapter: 0
[2019.07.15-16.07.40:793][  0]LogD3D11RHI: Creating new Direct3DDevice
[2019.07.15-16.07.40:793][  0]LogD3D11RHI:     GPU DeviceId: 0x1c03 (for the marketing name, search the web for "GPU Device Id")
[2019.07.15-16.07.40:794][  0]LogWindows: EnumDisplayDevices:
[2019.07.15-16.07.40:794][  0]LogWindows:    0. 'NVIDIA GeForce GTX 1060 6GB' (P:1 D:1)
[2019.07.15-16.07.40:794][  0]LogWindows:    1. 'NVIDIA GeForce GTX 1060 6GB' (P:0 D:1)
[2019.07.15-16.07.40:795][  0]LogWindows:    2. 'NVIDIA GeForce GTX 1060 6GB' (P:0 D:0)
[2019.07.15-16.07.40:795][  0]LogWindows:    3. 'NVIDIA GeForce GTX 1060 6GB' (P:0 D:0)
[2019.07.15-16.07.40:796][  0]LogWindows: DebugString: FoundDriverCount:4 
[2019.07.15-16.07.40:796][  0]LogD3D11RHI:     Adapter Name: NVIDIA GeForce GTX 1060 6GB
[2019.07.15-16.07.40:796][  0]LogD3D11RHI:   Driver Version: 425.31 (internal:25.21.14.2531, unified:425.31)
[2019.07.15-16.07.40:796][  0]LogD3D11RHI:      Driver Date: 4-9-2019
[2019.07.15-16.07.40:796][  0]LogRHI: Texture pool is 4236 MB (70% of 6052 MB)
[2019.07.15-16.07.40:838][  0]LogD3D11RHI: Async texture creation enabled
[2019.07.15-16.07.40:849][  0]LogD3D11RHI: GPU Timing Frequency: 1000.000000 (Debug: 2 1)
[2019.07.15-16.07.40:951][  0]LogShaderCompilers: Guid format shader working directory is 0 characters bigger than the processId version (../../../../../Tether/Project_Tether/Project_Tether/Intermediate/Shaders/WorkingDirectory/18920/).
[2019.07.15-16.07.40:951][  0]LogShaderCompilers: Cleaned the shader compiler working directory 'C:/Users/aaron.hines/AppData/Local/Temp/UnrealShaderWorkingDir/50713BC248F0E1E5FBE1E3BB6F8F038D/'.
[2019.07.15-16.07.41:272][  0]LogTemp: Display: Loaded TP AllDesktopTargetPlatform
[2019.07.15-16.07.41:287][  0]LogTemp: Display: Loaded TP MacClientTargetPlatform
[2019.07.15-16.07.41:302][  0]LogTemp: Display: Loaded TP MacNoEditorTargetPlatform
[2019.07.15-16.07.41:317][  0]LogTemp: Display: Loaded TP MacServerTargetPlatform
[2019.07.15-16.07.41:333][  0]LogTemp: Display: Loaded TP MacTargetPlatform
[2019.07.15-16.07.41:349][  0]LogTemp: Display: Loaded TP WindowsClientTargetPlatform
[2019.07.15-16.07.41:364][  0]LogTemp: Display: Loaded TP WindowsNoEditorTargetPlatform
[2019.07.15-16.07.41:380][  0]LogTemp: Display: Loaded TP WindowsServerTargetPlatform
[2019.07.15-16.07.41:388][  0]LogTemp: Display: Loaded TP WindowsTargetPlatform
[2019.07.15-16.07.41:462][  0]LogTemp: Display: Loaded TP AndroidTargetPlatform
[2019.07.15-16.07.41:462][  0]LogTemp: Display: Loaded TP AndroidTargetPlatform
[2019.07.15-16.07.41:462][  0]LogTemp: Display: Loaded TP AndroidTargetPlatform
[2019.07.15-16.07.41:463][  0]LogTemp: Display: Loaded TP AndroidTargetPlatform
[2019.07.15-16.07.41:463][  0]LogTemp: Display: Loaded TP AndroidTargetPlatform
[2019.07.15-16.07.41:463][  0]LogTemp: Display: Loaded TP AndroidTargetPlatform
[2019.07.15-16.07.41:463][  0]LogTemp: Display: Loaded TP AndroidTargetPlatform
[2019.07.15-16.07.41:463][  0]LogTemp: Display: Loaded TP AndroidTargetPlatform
[2019.07.15-16.07.41:463][  0]LogTemp: Display: Loaded TP AndroidTargetPlatform
[2019.07.15-16.07.41:463][  0]LogTemp: Display: Loaded TP AndroidTargetPlatform
[2019.07.15-16.07.41:463][  0]LogTemp: Display: Loaded TP AndroidTargetPlatform
[2019.07.15-16.07.41:463][  0]LogTemp: Display: Loaded TP AndroidTargetPlatform
[2019.07.15-16.07.41:464][  0]LogTemp: Display: Loaded TP AndroidTargetPlatform
[2019.07.15-16.07.41:464][  0]LogTemp: Display: Loaded TP AndroidTargetPlatform
[2019.07.15-16.07.41:464][  0]LogTemp: Display: Loaded TP AndroidTargetPlatform
[2019.07.15-16.07.41:464][  0]LogTemp: Display: Loaded TP AndroidTargetPlatform
[2019.07.15-16.07.41:464][  0]LogTemp: Display: Loaded TP AndroidTargetPlatform
[2019.07.15-16.07.41:464][  0]LogTemp: Display: Loaded TP AndroidTargetPlatform
[2019.07.15-16.07.41:467][  0]LogTemp: Display: Loaded TP HTML5TargetPlatform
[2019.07.15-16.07.41:537][  0]LogTemp: Display: Loaded TP IOSTargetPlatform
[2019.07.15-16.07.41:537][  0]LogTemp: Display: Loaded TP IOSTargetPlatform
[2019.07.15-16.07.41:565][  0]LogTemp: Display: Loaded TP TVOSTargetPlatform
[2019.07.15-16.07.41:565][  0]LogTemp: Display: Loaded TP TVOSTargetPlatform
[2019.07.15-16.07.41:579][  0]LogTemp: Display: Loaded TP LinuxClientTargetPlatform
[2019.07.15-16.07.41:593][  0]LogTemp: Display: Loaded TP LinuxNoEditorTargetPlatform
[2019.07.15-16.07.41:607][  0]LogTemp: Display: Loaded TP LinuxServerTargetPlatform
[2019.07.15-16.07.41:622][  0]LogTemp: Display: Loaded TP LinuxTargetPlatform
[2019.07.15-16.07.41:634][  0]LogTemp: Display: Loaded TP LuminTargetPlatform
[2019.07.15-16.07.41:634][  0]LogTargetPlatformManager: Display: Building Assets For Windows
[2019.07.15-16.07.41:748][  0]LogXGEController: Cleaning working directory: C:/Users/aaron.hines/AppData/Local/Temp/UnrealXGEWorkingDir/
[2019.07.15-16.07.41:748][  0]LogXGEController: Cannot use XGE Controller as Incredibuild is not installed on this machine.
[2019.07.15-16.07.41:749][  0]LogShaderCompilers: Cannot use XGE Shader Compiler as Incredibuild is not installed on this machine.
[2019.07.15-16.07.41:749][  0]LogShaderCompilers: Display: Using Local Shader Compiler.
[2019.07.15-16.07.42:412][  0]LogDerivedDataCache: Display: Max Cache Size: 512 MB
[2019.07.15-16.07.42:463][  0]LogDerivedDataCache: Loaded boot cache 0.05s 71MB C:/Users/aaron.hines/AppData/Local/UnrealEngine/4.20/DerivedDataCache/Boot.ddc.
[2019.07.15-16.07.42:463][  0]LogDerivedDataCache: Display: Loaded Boot cache: C:/Users/aaron.hines/AppData/Local/UnrealEngine/4.20/DerivedDataCache/Boot.ddc
[2019.07.15-16.07.42:463][  0]LogDerivedDataCache: FDerivedDataBackendGraph:  Pak pak cache file ../../../../../Tether/Project_Tether/Project_Tether/DerivedDataCache/DDC.ddp not found, will not use a pak cache.
[2019.07.15-16.07.42:464][  0]LogDerivedDataCache: Unable to find inner node Pak for hierarchical cache Hierarchy.
[2019.07.15-16.07.42:464][  0]LogDerivedDataCache: FDerivedDataBackendGraph:  CompressedPak pak cache file ../../../../../Tether/Project_Tether/Project_Tether/DerivedDataCache/Compressed.ddp not found, will not use a pak cache.
[2019.07.15-16.07.42:464][  0]LogDerivedDataCache: Unable to find inner node CompressedPak for hierarchical cache Hierarchy.
[2019.07.15-16.07.42:478][  0]LogDerivedDataCache: Display: Pak cache opened for reading ../../../Engine/DerivedDataCache/Compressed.ddp.
[2019.07.15-16.07.42:492][  0]LogDerivedDataCache: Using Local data cache path C:/Users/aaron.hines/AppData/Local/UnrealEngine/Common/DerivedDataCache: Writable
[2019.07.15-16.07.42:492][  0]LogDerivedDataCache: Shared data cache path not found in *engine.ini, will not use an Shared cache.
[2019.07.15-16.07.42:492][  0]LogDerivedDataCache: Unable to find inner node Shared for hierarchical cache Hierarchy.
[2019.07.15-16.07.42:510][  0]LogMaterial: Verifying Global Shaders for PCD3D_SM5
[2019.07.15-16.07.42:511][  0]LogSlate: Using FreeType 2.6.0
[2019.07.15-16.07.42:512][  0]LogSlate: SlateFontServices - WITH_FREETYPE: 1, WITH_HARFBUZZ: 1
[2019.07.15-16.07.42:590][  0]LogAssetRegistry: FAssetRegistry took 0.0281 seconds to start up
[2019.07.15-16.07.42:892][  0]LogInit: Selected Device Profile: [Windows]
[2019.07.15-16.07.42:964][  0]LogSimplygon: Simplygon DLL not present - disabling.
[2019.07.15-16.07.42:973][  0]LogMeshReduction: Using SimplygonSwarm for distributed automatic mesh merging
[2019.07.15-16.07.42:973][  0]LogMeshReduction: Using ProxyLODMeshReduction for automatic mesh merging
[2019.07.15-16.07.42:973][  0]LogMeshReduction: Using QuadricMeshReduction for automatic static mesh reduction
[2019.07.15-16.07.42:973][  0]LogMeshReduction: No automatic skeletal mesh reduction module available
[2019.07.15-16.07.43:071][  0]LogNetVersion: Project_Tether 1.0.0, NetCL: 4212847, EngineNetVer: 5, GameNetVer: 0 (Checksum: 2290113244)
[2019.07.15-16.07.43:545][  0]LogPackageLocalizationCache: Processed 11 localized package path(s) for 2 prioritized culture(s) in 0.103511 seconds
[2019.07.15-16.07.43:550][  0]LogUObjectArray: 38425 objects as part of root set at end of initial load.
[2019.07.15-16.07.43:551][  0]LogUObjectAllocator: 6690872 out of 0 bytes used by permanent object pool.
[2019.07.15-16.07.43:551][  0]LogUObjectArray: CloseDisregardForGC: 0/0 objects in disregard for GC pool
[2019.07.15-16.07.44:502][  0]LogTcpMessaging: Initializing TcpMessaging bridge
[2019.07.15-16.07.44:518][  0]LogUdpMessaging: Initializing bridge on interface 0.0.0.0:0 to multicast group 230.0.0.1:6666.
[2019.07.15-16.07.44:661][  0]LogLinker: Warning: Can't find file '/Game/ThirdPersonCPP/Blueprints/ThirdPersonCharacter'
[2019.07.15-16.07.44:661][  0]LogLinker: Warning: Can't find file '/Game/ThirdPersonCPP/Blueprints/ThirdPersonCharacter'
[2019.07.15-16.07.44:661][  0]LogUObjectGlobals: Warning: Failed to find object 'Class /Game/ThirdPersonCPP/Blueprints/ThirdPersonCharacter.ThirdPersonCharacter_C'
[2019.07.15-16.07.44:662][  0]Error: CDO Constructor (Project_TetherGameMode): Failed to find /Game/ThirdPersonCPP/Blueprints/ThirdPersonCharacter.ThirdPersonCharacter_C

[2019.07.15-16.07.44:662][  0]LogUObjectBase: Warning: -------------- Default Property warnings and errors:
[2019.07.15-16.07.44:662][  0]LogUObjectBase: Warning: Error: CDO Constructor (Project_TetherGameMode): Failed to find /Game/ThirdPersonCPP/Blueprints/ThirdPersonCharacter.ThirdPersonCharacter_C

[2019.07.15-16.07.47:891][  0]LogWindowsTextInputMethodSystem: Display: IME system now deactivated.
[2019.07.15-16.07.47:893][  0]LogWindowsTextInputMethodSystem: Display: IME system now deactivated.
[2019.07.15-16.07.47:944][  0]SourceControl: Source control is disabled
[2019.07.15-16.07.47:944][  0]SourceControl: Source control is disabled
[2019.07.15-16.07.47:947][  0]SourceControl: Source control is disabled
[2019.07.15-16.07.47:949][  0]SourceControl: Source control is disabled
[2019.07.15-16.07.48:174][  0]LogAndroidPermission: UAndroidPermissionCallbackProxy::GetInstance
[2019.07.15-16.07.48:331][  0]LogOcInput: OculusInput pre-init called
[2019.07.15-16.07.48:394][  0]LogEngine: Initializing Engine...
[2019.07.15-16.07.48:440][  0]LogHMD: Failed to initialize OpenVR with code 126
[2019.07.15-16.07.48:441][  0]LogStats: UGameplayTagsManager::ConstructGameplayTagTree: ImportINI prefixes -  0.000 s
[2019.07.15-16.07.48:441][  0]LogStats: UGameplayTagsManager::ConstructGameplayTagTree: Construct from data asset -  0.000 s
[2019.07.15-16.07.48:441][  0]LogStats: UGameplayTagsManager::ConstructGameplayTagTree: ImportINI -  0.000 s
[2019.07.15-16.07.48:442][  0]LogStats: UGameplayTagsManager::ConstructGameplayTagTree: GameplayTagTreeChangedEvent.Broadcast -  0.000 s
[2019.07.15-16.07.48:629][  0]LogInit: Initializing FReadOnlyCVARCache
[2019.07.15-16.07.48:643][  0]LogAIModule: Creating AISystem for world Untitled
[2019.07.15-16.07.48:740][  0]LogInit: XAudio2 using 'Speakers (2- Logitech G430 Gaming Headset)' : 2 channels at 48 kHz using 16 bits per sample (channel mask 0x3)
[2019.07.15-16.07.48:772][  0]LogInit: FAudioDevice initialized.
[2019.07.15-16.07.48:772][  0]LogNetVersion: Set ProjectVersion to 1.0.0.0. Version Checksum will be recalculated on next use.
[2019.07.15-16.07.48:856][  0]LogDerivedDataCache: Saved boot cache 0.08s 71MB C:/Users/aaron.hines/AppData/Local/UnrealEngine/4.20/DerivedDataCache/Boot.ddc.
[2019.07.15-16.07.48:862][  0]LogInit: Texture streaming: Enabled
[2019.07.15-16.07.48:887][  0]LogEngineSessionManager: EngineSessionManager initialized
[2019.07.15-16.07.48:896][  0]LogInit: Transaction tracking system initialized
[2019.07.15-16.07.48:925][  0]BlueprintLog: New page: Editor Load
[2019.07.15-16.07.49:022][  0]LocalizationService: Localization service is disabled
[2019.07.15-16.07.49:273][  0]LogCook: Display: Max memory allowance for cook 16384mb min free memory 0mb
[2019.07.15-16.07.49:274][  0]LogCook: Display: Mobile HDR setting 1
[2019.07.15-16.07.49:274][  0]LogGameplayTags: Display: UGameplayTagsManager::DoneAddingNativeTags. DelegateIsBound: 0
[2019.07.15-16.07.49:274][  0]LogStats: UGameplayTagsManager::ConstructGameplayTagTree: ImportINI prefixes -  0.000 s
[2019.07.15-16.07.49:274][  0]LogStats: UGameplayTagsManager::ConstructGameplayTagTree: Construct from data asset -  0.000 s
[2019.07.15-16.07.49:274][  0]LogStats: UGameplayTagsManager::ConstructGameplayTagTree: ImportINI -  0.000 s
[2019.07.15-16.07.49:274][  0]LogStats: UGameplayTagsManager::ConstructGameplayTagTree: GameplayTagTreeChangedEvent.Broadcast -  0.000 s
[2019.07.15-16.07.49:432][  0]LogFileCache: Scanning file cache for directory 'E:/Tether/Project_Tether/Project_Tether/Content/' took 0.02s
[2019.07.15-16.07.49:432][  0]SourceControl: Source control is disabled
[2019.07.15-16.07.49:432][  0]Cmd: MAP LOAD FILE="../../../../../Tether/Project_Tether/Project_Tether/Content/Starter/ThirdPersonCPP/Maps/ThirdPersonExampleMap.umap" TEMPLATE=0 SHOWPROGRESS=1 FEATURELEVEL=3
[2019.07.15-16.07.49:433][  0]LogEditorServer: Warning: Can't find file '../../../../../Tether/Project_Tether/Project_Tether/Content/Starter/ThirdPersonCPP/Maps/ThirdPersonExampleMap.umap'
[2019.07.15-16.07.49:433][  0]Cmd: MAP CHECKDEP NOCLEARLOG
[2019.07.15-16.07.49:491][  0]MapCheck: Map check complete: 0 Error(s), 0 Warning(s), took 58.822ms to complete.
[2019.07.15-16.07.49:491][  0]LogFileHelpers: Loading map 'ThirdPersonExampleMap' took 0.060
[2019.07.15-16.07.49:602][  0]LogSlate: Updating window title bar state: overlay mode, drag disabled, window buttons hidden, title bar hidden
[2019.07.15-16.07.49:609][  0]LogSlate: Updating window title bar state: overlay mode, drag disabled, window buttons hidden, title bar hidden
[2019.07.15-16.07.49:616][  0]LogSlate: Updating window title bar state: overlay mode, drag disabled, window buttons hidden, title bar hidden
[2019.07.15-16.07.49:623][  0]LogSlate: Updating window title bar state: overlay mode, drag disabled, window buttons hidden, title bar hidden
[2019.07.15-16.07.49:631][  0]LogCollectionManager: Loaded 0 collections in 0.001753 seconds
[2019.07.15-16.07.49:682][  0]LogFileCache: Scanning file cache for directory 'E:/Tether/Project_Tether/Project_Tether/Saved/Collections/' took 0.01s
[2019.07.15-16.07.49:683][  0]LogFileCache: Scanning file cache for directory 'E:/Tether/Project_Tether/Project_Tether/Content/Developers/aaronhines/Collections/' took 0.01s
[2019.07.15-16.07.49:683][  0]LogFileCache: Scanning file cache for directory 'E:/Tether/Project_Tether/Project_Tether/Content/Collections/' took 0.01s
[2019.07.15-16.07.49:683][  0]LogCollectionManager: Rebuilt the GUID cache for 0 collections in 0.000000 seconds
[2019.07.15-16.07.49:694][  0]LogContentBrowser: Native class hierarchy populated in 0.0105 seconds. Added 2586 classes and 613 folders.
[2019.07.15-16.07.49:700][  0]LogContentBrowser: Native class hierarchy updated for 'WidgetCarousel' in 0.0006 seconds. Added 0 classes and 0 folders.
[2019.07.15-16.07.49:754][  0]LogContentBrowser: Native class hierarchy updated for 'AddContentDialog' in 0.0008 seconds. Added 0 classes and 0 folders.
[2019.07.15-16.07.49:762][  0]LogContentBrowser: Native class hierarchy updated for 'SceneOutliner' in 0.0007 seconds. Added 1 classes and 2 folders.
[2019.07.15-16.07.49:780][  0]LogSlate: Took 0.000237 seconds to synchronously load lazily loaded font '../../../Engine/Content/Slate/Fonts/Roboto-Regular.ttf' (155K)
[2019.07.15-16.07.49:782][  0]LogSlate: Took 0.000230 seconds to synchronously load lazily loaded font '../../../Engine/Content/Slate/Fonts/Roboto-Bold.ttf' (160K)
[2019.07.15-16.07.49:788][  0]LogSlate: Took 0.000357 seconds to synchronously load lazily loaded font '../../../Engine/Content/Editor/Slate/Fonts/FontAwesome.ttf' (139K)
[2019.07.15-16.07.49:790][  0]LogSlate: Took 0.000172 seconds to synchronously load lazily loaded font '../../../Engine/Content/Slate/Fonts/DroidSansMono.ttf' (77K)
[2019.07.15-16.07.49:885][  0]LogRenderer: Reallocating scene render targets to support 1208x576 Format 10 NumSamples 1 (Frame:1).
[2019.07.15-16.07.50:015][  0]LogContentBrowser: Native class hierarchy updated for 'HierarchicalLODOutliner' in 0.0009 seconds. Added 0 classes and 0 folders.
[2019.07.15-16.07.50:016][  0]LogLoad: (Engine Initialization) Total time: 12.33 seconds
[2019.07.15-16.07.50:016][  0]LogLoad: (Engine Initialization) Total Blueprint compile time: 0.00 seconds
[2019.07.15-16.07.50:048][  0]LogContentStreaming: Texture pool size now 1000 MB
[2019.07.15-16.07.50:093][  1]LogAssetRegistry: Asset discovery search completed in 7.5272 seconds
[2019.07.15-16.07.50:095][  1]LogCollectionManager: Rebuilt the object cache for 0 collections in 0.000000 seconds (found 0 objects)
[2019.07.15-16.07.50:095][  1]LogCollectionManager: Fixed up redirectors for 0 collections in 0.000323 seconds (updated 0 objects)
[2019.07.15-16.07.52:473][281]LogSlate: FSceneViewport::OnFocusLost() reason 2
[2019.07.15-16.07.53:363][385]LogSlate: Took 0.000240 seconds to synchronously load lazily loaded font '../../../Engine/Content/Slate/Fonts/Roboto-Light.ttf' (167K)
[2019.07.15-16.07.53:365][385]LogSlate: FSceneViewport::OnFocusLost() reason 2
[2019.07.15-16.07.53:410][385]LogSlate: FSceneViewport::OnFocusLost() reason 2
[2019.07.15-16.07.53:419][385]LogSlate: Took 0.000246 seconds to synchronously load lazily loaded font '../../../Engine/Content/Slate/Fonts/Roboto-BoldCondensed.ttf' (158K)
[2019.07.15-16.08.04:112][663]LogSlate: Window 'Add C++ Class' being destroyed
[2019.07.15-16.08.05:034][773]LogSlate: FSceneViewport::OnFocusLost() reason 0
[2019.07.15-16.08.05:197][783]LogSlate: Window 'Project_Tether - Unreal Editor' being destroyed
[2019.07.15-16.08.05:198][783]LogWindowsTextInputMethodSystem: Display: IME system now deactivated.
[2019.07.15-16.08.05:384][784]Cmd: QUIT_EDITOR
[2019.07.15-16.08.05:419][784]LogExit: Preparing to exit.
[2019.07.15-16.08.05:936][784]LogExit: Editor shut down
[2019.07.15-16.08.05:937][784]LogExit: Transaction tracking system shut down
[2019.07.15-16.08.06:380][784]LogExit: Object subsystem successfully closed.
[2019.07.15-16.08.06:477][784]LogShaderCompilers: Display: Shaders left to compile 0
[2019.07.15-16.08.06:480][784]LogD3D11RHI: Shutdown
[2019.07.15-16.08.06:481][784]LogD3D11RHI: CleanupD3DDevice
[2019.07.15-16.08.06:511][784]LogD3D11RHI: ~FD3D11DynamicRHI
[2019.07.15-16.08.06:521][784]LogModuleManager: Shutting down and abandoning module HierarchicalLODOutliner (610)
[2019.07.15-16.08.06:521][784]LogModuleManager: Shutting down and abandoning module SceneOutliner (608)
[2019.07.15-16.08.06:521][784]LogModuleManager: Shutting down and abandoning module AddContentDialog (606)
[2019.07.15-16.08.06:522][784]LogModuleManager: Shutting down and abandoning module WidgetCarousel (605)
[2019.07.15-16.08.06:522][784]LogModuleManager: Shutting down and abandoning module EditorWidgets (602)
[2019.07.15-16.08.06:522][784]LogModuleManager: Shutting down and abandoning module CollectionManager (600)
[2019.07.15-16.08.06:522][784]LogModuleManager: Shutting down and abandoning module FoliageEdit (598)
[2019.07.15-16.08.06:522][784]LogModuleManager: Shutting down and abandoning module LandscapeEditor (596)
[2019.07.15-16.08.06:522][784]LogModuleManager: Shutting down and abandoning module MeshPaintMode (594)
[2019.07.15-16.08.06:523][784]LogModuleManager: Shutting down and abandoning module SceneDepthPickerMode (592)
[2019.07.15-16.08.06:523][784]LogModuleManager: Shutting down and abandoning module ActorPickerMode (590)
[2019.07.15-16.08.06:523][784]LogModuleManager: Shutting down and abandoning module GeometryMode (588)
[2019.07.15-16.08.06:523][784]LogModuleManager: Shutting down and abandoning module TextureAlignMode (586)
[2019.07.15-16.08.06:523][784]LogModuleManager: Shutting down and abandoning module BspMode (584)
[2019.07.15-16.08.06:523][784]LogModuleManager: Shutting down and abandoning module PIEPreviewDeviceProfileSelector (582)
[2019.07.15-16.08.06:523][784]LogModuleManager: Shutting down and abandoning module SequenceRecorderSections (580)
[2019.07.15-16.08.06:523][784]LogModuleManager: Shutting down and abandoning module AutomationWorker (578)
[2019.07.15-16.08.06:523][784]LogModuleManager: Shutting down and abandoning module AudioCaptureEditor (576)
[2019.07.15-16.08.06:523][784]LogModuleManager: Shutting down and abandoning module SequenceRecorder (575)
[2019.07.15-16.08.06:523][784]LogModuleManager: Shutting down and abandoning module MatineeToLevelSequence (572)
[2019.07.15-16.08.06:524][784]LogModuleManager: Shutting down and abandoning module LevelSequenceEditor (570)
[2019.07.15-16.08.06:524][784]LogModuleManager: Shutting down and abandoning module PlacementMode (569)
[2019.07.15-16.08.06:524][784]LogModuleManager: Shutting down and abandoning module MaterialEditor (568)
[2019.07.15-16.08.06:524][784]LogModuleManager: Shutting down and abandoning module WmfMediaFactory (564)
[2019.07.15-16.08.06:524][784]LogModuleManager: Shutting down and abandoning module WmfMediaEditor (562)
[2019.07.15-16.08.06:524][784]LogModuleManager: Shutting down and abandoning module MediaPlayerEditor (560)
[2019.07.15-16.08.06:524][784]LogModuleManager: Shutting down and abandoning module OpenExrWrapper (558)
[2019.07.15-16.08.06:524][784]LogModuleManager: Shutting down and abandoning module ImgMediaFactory (556)
[2019.07.15-16.08.06:525][784]LogModuleManager: Shutting down and abandoning module ImgMediaEditor (554)
[2019.07.15-16.08.06:525][784]LogModuleManager: Shutting down and abandoning module AvfMediaFactory (552)
[2019.07.15-16.08.06:525][784]LogModuleManager: Shutting down and abandoning module AvfMediaEditor (550)
[2019.07.15-16.08.06:525][784]LogModuleManager: Shutting down and abandoning module AndroidMediaFactory (548)
[2019.07.15-16.08.06:525][784]LogModuleManager: Shutting down and abandoning module AndroidMediaEditor (546)
[2019.07.15-16.08.06:525][784]LogModuleManager: Shutting down and abandoning module MagicLeapCameraPreviewFactory (544)
[2019.07.15-16.08.06:525][784]LogModuleManager: Shutting down and abandoning module MagicLeapMediaFactory (542)
[2019.07.15-16.08.06:525][784]LogModuleManager: Shutting down and abandoning module MagicLeapMediaEditor (540)
[2019.07.15-16.08.06:525][784]LogModuleManager: Shutting down and abandoning module CharacterAI (538)
[2019.07.15-16.08.06:525][784]LogModuleManager: Shutting down and abandoning module SmartSnapping (536)
[2019.07.15-16.08.06:525][784]LogModuleManager: Shutting down and abandoning module SessionServices (534)
[2019.07.15-16.08.06:525][784]LogModuleManager: Shutting down and abandoning module ViewportSnapping (532)
[2019.07.15-16.08.06:525][784]LogModuleManager: Shutting down and abandoning module ViewportInteraction (530)
[2019.07.15-16.08.06:526][784]LogModuleManager: Shutting down and abandoning module ClothPainter (528)
[2019.07.15-16.08.06:526][784]LogModuleManager: Shutting down and abandoning module SkeletalMeshEditor (527)
[2019.07.15-16.08.06:526][784]LogModuleManager: Shutting down and abandoning module LogVisualizer (524)
[2019.07.15-16.08.06:526][784]LogModuleManager: Shutting down and abandoning module IntroTutorials (522)
[2019.07.15-16.08.06:526][784]LogModuleManager: Shutting down and abandoning module GameProjectGeneration (521)
[2019.07.15-16.08.06:526][784]LogModuleManager: Shutting down and abandoning module LuminPlatformEditor (518)
[2019.07.15-16.08.06:526][784]LogModuleManager: Shutting down and abandoning module IOSPlatformEditor (516)
[2019.07.15-16.08.06:526][784]LogModuleManager: Shutting down and abandoning module HTML5PlatformEditor (514)
[2019.07.15-16.08.06:526][784]LogModuleManager: Shutting down and abandoning module AndroidPlatformEditor (512)
[2019.07.15-16.08.06:526][784]LogModuleManager: Shutting down and abandoning module AndroidDeviceDetection (511)
[2019.07.15-16.08.07:209][784]LogModuleManager: Shutting down and abandoning module WindowsPlatformEditor (508)
[2019.07.15-16.08.07:209][784]LogModuleManager: Shutting down and abandoning module LuminRuntimeSettings (506)
[2019.07.15-16.08.07:209][784]LogModuleManager: Shutting down and abandoning module IOSRuntimeSettings (504)
[2019.07.15-16.08.07:209][784]LogModuleManager: Shutting down and abandoning module AndroidRuntimeSettings (502)
[2019.07.15-16.08.07:210][784]LogModuleManager: Shutting down and abandoning module InputBindingEditor (500)
[2019.07.15-16.08.07:210][784]LogModuleManager: Shutting down and abandoning module MergeActors (498)
[2019.07.15-16.08.07:210][784]LogModuleManager: Shutting down and abandoning module LocalizationDashboard (496)
[2019.07.15-16.08.07:210][784]LogModuleManager: Shutting down and abandoning module LocalizationService (495)
[2019.07.15-16.08.07:210][784]LogModuleManager: Shutting down and abandoning module HardwareTargeting (492)
[2019.07.15-16.08.07:210][784]LogModuleManager: Shutting down and abandoning module DeviceProfileEditor (490)
[2019.07.15-16.08.07:210][784]LogModuleManager: Shutting down and abandoning module UndoHistory (488)
[2019.07.15-16.08.07:210][784]LogModuleManager: Shutting down and abandoning module XmlParser (486)
[2019.07.15-16.08.07:210][784]LogModuleManager: Shutting down and abandoning module Blutility (484)
[2019.07.15-16.08.07:211][784]LogModuleManager: Shutting down and abandoning module ProjectSettingsViewer (482)
[2019.07.15-16.08.07:211][784]LogModuleManager: Shutting down and abandoning module ProjectTargetPlatformEditor (481)
[2019.07.15-16.08.07:211][784]LogModuleManager: Shutting down and abandoning module EditorSettingsViewer (478)
[2019.07.15-16.08.07:211][784]LogModuleManager: Shutting down and abandoning module SettingsEditor (476)
[2019.07.15-16.08.07:211][784]LogModuleManager: Shutting down and abandoning module ProjectLauncher (474)
[2019.07.15-16.08.07:211][784]LogModuleManager: Shutting down and abandoning module SessionFrontend (472)
[2019.07.15-16.08.07:211][784]LogModuleManager: Shutting down and abandoning module ProfilerClient (470)
[2019.07.15-16.08.07:212][784]LogModuleManager: Shutting down and abandoning module DeviceManager (468)
[2019.07.15-16.08.07:212][784]LogModuleManager: Shutting down and abandoning module TargetDeviceServices (467)
[2019.07.15-16.08.07:267][784]LogModuleManager: Shutting down and abandoning module AutomationController (464)
[2019.07.15-16.08.07:267][784]LogModuleManager: Shutting down and abandoning module AutomationWindow (462)
[2019.07.15-16.08.07:267][784]LogModuleManager: Shutting down and abandoning module Layers (460)
[2019.07.15-16.08.07:268][784]LogModuleManager: Shutting down and abandoning module ComponentVisualizers (458)
[2019.07.15-16.08.07:268][784]LogModuleManager: Shutting down and abandoning module DetailCustomizations (456)
[2019.07.15-16.08.07:268][784]LogModuleManager: Shutting down and abandoning module PackagesDialog (454)
[2019.07.15-16.08.07:268][784]LogModuleManager: Shutting down and abandoning module Persona (452)
[2019.07.15-16.08.07:268][784]LogModuleManager: Shutting down and abandoning module AdvancedPreviewScene (451)
[2019.07.15-16.08.07:269][784]LogModuleManager: Shutting down and abandoning module AnimGraph (449)
[2019.07.15-16.08.07:269][784]LogModuleManager: Shutting down and abandoning module Kismet (446)
[2019.07.15-16.08.07:269][784]LogModuleManager: Shutting down and abandoning module GraphEditor (444)
[2019.07.15-16.08.07:269][784]LogModuleManager: Shutting down and abandoning module ClassViewer (442)
[2019.07.15-16.08.07:271][784]LogModuleManager: Shutting down and abandoning module Toolbox (440)
[2019.07.15-16.08.07:271][784]LogModuleManager: Shutting down and abandoning module DesktopPlatform (439)
[2019.07.15-16.08.07:271][784]LogModuleManager: Shutting down and abandoning module ModuleUI (436)
[2019.07.15-16.08.07:272][784]LogModuleManager: Shutting down and abandoning module MovieSceneTools (434)
[2019.07.15-16.08.07:272][784]LogModuleManager: Shutting down and abandoning module OutputLog (432)
[2019.07.15-16.08.07:272][784]LogModuleManager: Shutting down and abandoning module GammaUI (430)
[2019.07.15-16.08.07:272][784]LogModuleManager: Shutting down and abandoning module Documentation (428)
[2019.07.15-16.08.07:272][784]LogModuleManager: Shutting down and abandoning module MovieSceneTracks (426)
[2019.07.15-16.08.07:272][784]LogModuleManager: Shutting down and abandoning module MovieScene (424)
[2019.07.15-16.08.07:272][784]LogModuleManager: Shutting down and abandoning module StreamingPauseRendering (422)
[2019.07.15-16.08.07:272][784]LogModuleManager: Shutting down and abandoning module LauncherPlatform (420)
[2019.07.15-16.08.07:272][784]LogModuleManager: Shutting down and abandoning module AnalyticsET (418)
[2019.07.15-16.08.07:273][784]LogModuleManager: Shutting down and abandoning module PortalServices (416)
[2019.07.15-16.08.07:273][784]LogModuleManager: Shutting down and abandoning module PortalRpc (414)
[2019.07.15-16.08.07:273][784]LogModuleManager: Shutting down and abandoning module MessagingRpc (412)
[2019.07.15-16.08.07:273][784]LogModuleManager: Shutting down and abandoning module AIModule (410)
[2019.07.15-16.08.07:273][784]LogModuleManager: Shutting down and abandoning module GameplayDebugger (409)
[2019.07.15-16.08.07:273][784]LogModuleManager: Shutting down and abandoning module AITestSuite (407)
[2019.07.15-16.08.07:273][784]LogModuleManager: Shutting down and abandoning module NavigationSystem (405)
[2019.07.15-16.08.07:273][784]LogModuleManager: Shutting down and abandoning module ProfilerService (402)
[2019.07.15-16.08.07:341][784]LogModuleManager: Shutting down and abandoning module TaskGraph (400)
[2019.07.15-16.08.07:341][784]LogModuleManager: Shutting down and abandoning module SteamVRController (398)
[2019.07.15-16.08.07:342][784]LogModuleManager: Shutting down and abandoning module ProceduralMeshComponentEditor (396)
[2019.07.15-16.08.07:342][784]LogModuleManager: Shutting down and abandoning module ProceduralMeshComponent (394)
[2019.07.15-16.08.07:342][784]LogModuleManager: Shutting down and abandoning module OculusInput (392)
[2019.07.15-16.08.07:342][784]LogModuleManager: Shutting down and abandoning module MobilePatchingUtils (390)
[2019.07.15-16.08.07:342][784]LogModuleManager: Shutting down and abandoning module EditableMesh (388)
[2019.07.15-16.08.07:342][784]LogModuleManager: Shutting down and abandoning module CustomMeshComponent (386)
[2019.07.15-16.08.07:342][784]LogModuleManager: Shutting down and abandoning module CableComponent (384)
[2019.07.15-16.08.07:343][784]LogModuleManager: Shutting down and abandoning module AudioCapture (382)
[2019.07.15-16.08.07:343][784]LogModuleManager: Shutting down and abandoning module ArchVisCharacter (380)
[2019.07.15-16.08.07:343][784]LogModuleManager: Shutting down and abandoning module AndroidPermission (378)
[2019.07.15-16.08.07:343][784]LogModuleManager: Shutting down and abandoning module NUTUnrealEngine4 (376)
[2019.07.15-16.08.07:343][784]LogModuleManager: Shutting down and abandoning module NetcodeUnitTest (374)
[2019.07.15-16.08.07:343][784]LogModuleManager: Shutting down and abandoning module MediaCompositingEditor (372)
[2019.07.15-16.08.07:343][784]LogModuleManager: Shutting down and abandoning module MediaCompositing (370)
[2019.07.15-16.08.07:344][784]LogModuleManager: Shutting down and abandoning module LinearTimecode (368)
[2019.07.15-16.08.07:344][784]LogModuleManager: Shutting down and abandoning module ImgMedia (366)
[2019.07.15-16.08.07:350][784]LogModuleManager: Shutting down and abandoning module HTML5Networking (364)
[2019.07.15-16.08.07:351][784]LogModuleManager: Shutting down and abandoning module GeometryCacheTracks (362)
[2019.07.15-16.08.07:351][784]LogModuleManager: Shutting down and abandoning module GeometryCacheSequencer (360)
[2019.07.15-16.08.07:351][784]LogModuleManager: Shutting down and abandoning module BackChannel (358)
[2019.07.15-16.08.07:351][784]LogModuleManager: Shutting down and abandoning module AppleVision (356)
[2019.07.15-16.08.07:351][784]LogModuleManager: Shutting down and abandoning module AppleImageUtils (354)
[2019.07.15-16.08.07:351][784]LogModuleManager: Shutting down and abandoning module AlembicImporter (352)
[2019.07.15-16.08.07:351][784]LogModuleManager: Shutting down and abandoning module AlembicLibrary (351)
[2019.07.15-16.08.07:351][784]LogModuleManager: Shutting down and abandoning module GeometryCache (350)
[2019.07.15-16.08.07:351][784]LogModuleManager: Shutting down and abandoning module GeometryCacheEd (349)
[2019.07.15-16.08.07:351][784]LogModuleManager: Shutting down and abandoning module DatasmithContentEditor (344)
[2019.07.15-16.08.07:351][784]LogModuleManager: Shutting down and abandoning module DatasmithContent (342)
[2019.07.15-16.08.07:352][784]LogModuleManager: Shutting down and abandoning module SpeedTreeImporter (340)
[2019.07.15-16.08.07:352][784]LogModuleManager: Shutting down and abandoning module PluginBrowser (338)
[2019.07.15-16.08.07:352][784]LogModuleManager: Shutting down and abandoning module MobileLauncherProfileWizard (336)
[2019.07.15-16.08.07:352][784]LogModuleManager: Shutting down and abandoning module PolygonModeling (334)
[2019.07.15-16.08.07:352][784]LogModuleManager: Shutting down and abandoning module MeshEditor (332)
[2019.07.15-16.08.07:352][784]LogModuleManager: Shutting down and abandoning module CryptoKeysOpenSSL (330)
[2019.07.15-16.08.07:352][784]LogModuleManager: Shutting down and abandoning module CryptoKeys (328)
[2019.07.15-16.08.07:352][784]LogModuleManager: Shutting down and abandoning module VisualStudioSourceCodeAccess (326)
[2019.07.15-16.08.07:352][784]LogModuleManager: Shutting down and abandoning module VisualStudioCodeSourceCodeAccess (324)
[2019.07.15-16.08.07:352][784]LogModuleManager: Shutting down and abandoning module UObjectPlugin (322)
[2019.07.15-16.08.07:353][784]LogModuleManager: Shutting down and abandoning module SubversionSourceControl (320)
[2019.07.15-16.08.07:353][784]LogModuleManager: Shutting down and abandoning module PerforceSourceControl (318)
[2019.07.15-16.08.07:353][784]LogModuleManager: Shutting down and abandoning module GitSourceControl (316)
[2019.07.15-16.08.07:353][784]LogModuleManager: Shutting down and abandoning module SourceControl (315)
[2019.07.15-16.08.07:353][784]LogModuleManager: Shutting down and abandoning module CLionSourceCodeAccess (312)
[2019.07.15-16.08.07:353][784]LogModuleManager: Shutting down and abandoning module LightPropagationVolumeEditor (310)
[2019.07.15-16.08.07:353][784]LogModuleManager: Shutting down and abandoning module PaperTiledImporter (308)
[2019.07.15-16.08.07:353][784]LogModuleManager: Shutting down and abandoning module PaperSpriteSheetImporter (306)
[2019.07.15-16.08.07:353][784]LogModuleManager: Shutting down and abandoning module Paper2DEditor (304)
[2019.07.15-16.08.07:353][784]LogModuleManager: Shutting down and abandoning module MeshPaint (303)
[2019.07.15-16.08.07:353][784]LogModuleManager: Shutting down and abandoning module Project_Tether (300)
[2019.07.15-16.08.07:354][784]LogModuleManager: Shutting down and abandoning module RuntimePhysXCooking (298)
[2019.07.15-16.08.07:354][784]LogModuleManager: Shutting down and abandoning module PhysXVehiclesEditor (296)
[2019.07.15-16.08.07:354][784]LogModuleManager: Shutting down and abandoning module PhysXVehicles (294)
[2019.07.15-16.08.07:354][784]LogModuleManager: Shutting down and abandoning module OculusEditor (292)
[2019.07.15-16.08.07:354][784]LogModuleManager: Shutting down and abandoning module LocationServicesBPLibrary (290)
[2019.07.15-16.08.07:354][784]LogModuleManager: Shutting down and abandoning module ImmediatePhysicsEditor (288)
[2019.07.15-16.08.07:354][784]LogModuleManager: Shutting down and abandoning module ImmediatePhysics (286)
[2019.07.15-16.08.07:354][784]LogModuleManager: Shutting down and abandoning module ActorSequence (284)
[2019.07.15-16.08.07:354][784]LogModuleManager: Shutting down and abandoning module UdpMessaging (282)
[2019.07.15-16.08.07:456][784]LogModuleManager: Shutting down and abandoning module TcpMessaging (280)
[2019.07.15-16.08.07:556][784]LogModuleManager: Shutting down and abandoning module MagicLeapAudio (278)
[2019.07.15-16.08.07:556][784]LogModuleManager: Shutting down and abandoning module GameplayTagsEditor (276)
[2019.07.15-16.08.07:556][784]LogModuleManager: Shutting down and abandoning module FacialAnimationEditor (274)
[2019.07.15-16.08.07:556][784]LogModuleManager: Shutting down and abandoning module FacialAnimation (272)
[2019.07.15-16.08.07:556][784]LogModuleManager: Shutting down and abandoning module DataValidation (270)
[2019.07.15-16.08.07:556][784]LogModuleManager: Shutting down and abandoning module AssetManagerEditor (268)
[2019.07.15-16.08.07:557][784]LogModuleManager: Shutting down and abandoning module LevelEditor (267)
[2019.07.15-16.08.07:558][784]LogModuleManager: Shutting down and abandoning module PixelInspectorModule (266)
[2019.07.15-16.08.07:558][784]LogModuleManager: Shutting down and abandoning module CommonMenuExtensions (264)
[2019.07.15-16.08.07:558][784]LogModuleManager: Shutting down and abandoning module MainFrame (262)
[2019.07.15-16.08.07:558][784]LogModuleManager: Shutting down and abandoning module HotReload (261)
[2019.07.15-16.08.07:559][784]LogModuleManager: Shutting down and abandoning module ContentBrowser (257)
[2019.07.15-16.08.07:560][784]LogModuleManager: Shutting down and abandoning module TreeMap (255)
[2019.07.15-16.08.07:560][784]LogModuleManager: Shutting down and abandoning module LightPropagationVolumeRuntime (252)
[2019.07.15-16.08.07:561][784]LogModuleManager: Shutting down and abandoning module AISupportModule (250)
[2019.07.15-16.08.07:561][784]LogModuleManager: Shutting down and abandoning module Paper2D (248)
[2019.07.15-16.08.07:561][784]LogModuleManager: Shutting down and abandoning module WindowsMoviePlayer (246)
[2019.07.15-16.08.07:561][784]LogModuleManager: Shutting down and abandoning module WmfMedia (244)
[2019.07.15-16.08.07:564][784]LogModuleManager: Shutting down and abandoning module Media (243)
[2019.07.15-16.08.07:571][784]LogModuleManager: Shutting down and abandoning module PacketHandler (240)
[2019.07.15-16.08.07:571][784]LogModuleManager: Shutting down and abandoning module ClothingSystemEditor (238)
[2019.07.15-16.08.07:571][784]LogModuleManager: Shutting down and abandoning module ClothingSystemRuntime (236)
[2019.07.15-16.08.07:571][784]LogModuleManager: Shutting down and abandoning module MediaAssets (234)
[2019.07.15-16.08.07:571][784]LogModuleManager: Shutting down and abandoning module Overlay (232)
[2019.07.15-16.08.07:572][784]LogModuleManager: Shutting down and abandoning module OverlayEditor (231)
[2019.07.15-16.08.07:572][784]LogModuleManager: Shutting down and abandoning module VREditor (228)
[2019.07.15-16.08.07:572][784]LogModuleManager: Shutting down and abandoning module StringTableEditor (226)
[2019.07.15-16.08.07:572][784]LogModuleManager: Shutting down and abandoning module GameplayTasksEditor (224)
[2019.07.15-16.08.07:572][784]LogModuleManager: Shutting down and abandoning module BehaviorTreeEditor (222)
[2019.07.15-16.08.07:572][784]LogModuleManager: Shutting down and abandoning module FunctionalTesting (220)
[2019.07.15-16.08.07:572][784]LogModuleManager: Shutting down and abandoning module CollisionAnalyzer (218)
[2019.07.15-16.08.07:572][784]LogModuleManager: Shutting down and abandoning module WorkspaceMenuStructure (217)
[2019.07.15-16.08.07:573][784]LogModuleManager: Shutting down and abandoning module UMG (214)
[2019.07.15-16.08.07:573][784]LogModuleManager: Shutting down and abandoning module UMGEditor (213)
[2019.07.15-16.08.07:573][784]LogModuleManager: Shutting down and abandoning module Sequencer (212)
[2019.07.15-16.08.07:573][784]LogModuleManager: Shutting down and abandoning module MessageLog (209)
[2019.07.15-16.08.07:573][784]LogModuleManager: Shutting down and abandoning module SlateReflector (204)
[2019.07.15-16.08.07:573][784]LogModuleManager: Shutting down and abandoning module Slate (202)
[2019.07.15-16.08.07:573][784]LogModuleManager: Shutting down and abandoning module EditorStyle (200)
[2019.07.15-16.08.07:575][784]LogModuleManager: Shutting down and abandoning module MRMesh (198)
[2019.07.15-16.08.07:575][784]LogModuleManager: Shutting down and abandoning module SourceCodeAccess (196)
[2019.07.15-16.08.07:575][784]LogModuleManager: Shutting down and abandoning module HeadMountedDisplay (194)
[2019.07.15-16.08.07:575][784]LogModuleManager: Shutting down and abandoning module XAudio2 (192)
[2019.07.15-16.08.07:575][784]LogModuleManager: Shutting down and abandoning module Networking (190)
[2019.07.15-16.08.07:576][784]LogModuleManager: Shutting down and abandoning module Core (188)
[2019.07.15-16.08.07:576][784]LogModuleManager: Shutting down and abandoning module LevelSequence (186)
[2019.07.15-16.08.07:576][784]LogModuleManager: Shutting down and abandoning module KismetCompiler (184)
[2019.07.15-16.08.07:576][784]LogModuleManager: Shutting down and abandoning module MeshUtilities (182)
[2019.07.15-16.08.07:576][784]LogModuleManager: Shutting down and abandoning module MeshMergeUtilities (181)
[2019.07.15-16.08.07:576][784]LogModuleManager: Shutting down and abandoning module MeshReductionInterface (180)
[2019.07.15-16.08.07:576][784]LogModuleManager: Shutting down and abandoning module SimplygonSwarm (179)
[2019.07.15-16.08.07:576][784]LogModuleManager: Shutting down and abandoning module ProxyLODMeshReduction (177)
[2019.07.15-16.08.07:576][784]LogModuleManager: Shutting down and abandoning module SimplygonMeshReduction (175)
[2019.07.15-16.08.07:576][784]LogModuleManager: Shutting down and abandoning module QuadricMeshReduction (173)
[2019.07.15-16.08.07:576][784]LogModuleManager: Shutting down and abandoning module MaterialBaking (169)
[2019.07.15-16.08.07:576][784]LogModuleManager: Shutting down and abandoning module DirectoryWatcher (165)
[2019.07.15-16.08.07:576][784]LogModuleManager: Shutting down and abandoning module DerivedDataCache (162)
