Log file open, 08/03/19 14:19:03
LogWindows: Failed to load 'aqProf.dll' (GetLastError=126)
LogWindows: File 'aqProf.dll' does not exist
LogWindows: Failed to load 'VtuneApi.dll' (GetLastError=126)
LogWindows: File 'VtuneApi.dll' does not exist
LogWindows: Failed to load 'VtuneApi32e.dll' (GetLastError=126)
LogWindows: File 'VtuneApi32e.dll' does not exist
LogInit: Display: Running engine for game: Project_Tether
LogPlatformFile: Not using cached read wrapper
LogTaskGraph: Started task graph with 5 named threads and 35 total threads with 3 sets of task threads.
LogStats: Stats thread started at 0.627269
LogD3D11RHI: Loaded GFSDK_Aftermath_Lib.x64.dll
LogICUInternationalization: Display: ICU TimeZone Detection - Raw Offset: -5:00, Platform Override: ''
LogPluginManager: Mounting plugin Paper2D
LogPluginManager: Mounting plugin AISupport
LogPluginManager: Mounting plugin LightPropagationVolume
LogPluginManager: Mounting plugin CLionSourceCodeAccess
LogPluginManager: Mounting plugin CodeLiteSourceCodeAccess
LogPluginManager: Mounting plugin GitSourceControl
LogPluginManager: Mounting plugin KDevelopSourceCodeAccess
LogPluginManager: Mounting plugin NullSourceCodeAccess
LogPluginManager: Mounting plugin PerforceSourceControl
LogPluginManager: Mounting plugin SubversionSourceControl
LogPluginManager: Mounting plugin UObjectPlugin
LogPluginManager: Mounting plugin VisualStudioCodeSourceCodeAccess
LogPluginManager: Mounting plugin VisualStudioSourceCodeAccess
LogPluginManager: Mounting plugin XCodeSourceCodeAccess
LogPluginManager: Mounting plugin AssetManagerEditor
LogPluginManager: Mounting plugin CryptoKeys
LogPluginManager: Mounting plugin DataValidation
LogPluginManager: Mounting plugin FacialAnimation
LogPluginManager: Mounting plugin GameplayTagsEditor
LogPluginManager: Mounting plugin MacGraphicsSwitching
LogPluginManager: Mounting plugin MeshEditor
LogPluginManager: Mounting plugin MobileLauncherProfileWizard
LogPluginManager: Mounting plugin PluginBrowser
LogPluginManager: Mounting plugin SpeedTreeImporter
LogPluginManager: Mounting plugin DatasmithContent
LogPluginManager: Mounting plugin AlembicImporter
LogPluginManager: Mounting plugin AppleImageUtils
LogPluginManager: Mounting plugin AppleVision
LogPluginManager: Mounting plugin BackChannel
LogPluginManager: Mounting plugin CharacterAI
LogPluginManager: Mounting plugin GeometryCache
LogPluginManager: Mounting plugin HTML5Networking
LogPluginManager: Mounting plugin ProxyLODPlugin
LogPluginManager: Mounting plugin MagicLeap
LogPluginManager: Mounting plugin MagicLeapEmulator
LogPluginManager: Mounting plugin MagicLeapMedia
LogPluginManager: Mounting plugin AndroidMedia
LogPluginManager: Mounting plugin AvfMedia
LogPluginManager: Mounting plugin ImgMedia
LogPluginManager: Mounting plugin LinearTimecode
LogPluginManager: Mounting plugin MediaCompositing
LogPluginManager: Mounting plugin MediaPlayerEditor
LogPluginManager: Mounting plugin WmfMedia
LogPluginManager: Mounting plugin TcpMessaging
LogPluginManager: Mounting plugin UdpMessaging
LogPluginManager: Mounting plugin ActorSequence
LogPluginManager: Mounting plugin LevelSequenceEditor
LogPluginManager: Mounting plugin MatineeToLevelSequence
LogPluginManager: Mounting plugin NetcodeUnitTest
LogPluginManager: Mounting plugin NUTUnrealEngine4
LogPluginManager: Mounting plugin OnlineSubsystemGooglePlay
LogPluginManager: Mounting plugin OnlineSubsystemIOS
LogPluginManager: Mounting plugin OnlineSubsystem
LogPluginManager: Mounting plugin OnlineSubsystemNull
LogPluginManager: Mounting plugin OnlineSubsystemUtils
LogPluginManager: Mounting plugin LauncherChunkInstaller
LogPluginManager: Mounting plugin AndroidDeviceProfileSelector
LogPluginManager: Mounting plugin AndroidMoviePlayer
LogPluginManager: Mounting plugin AndroidPermission
LogPluginManager: Mounting plugin AppleMoviePlayer
LogPluginManager: Mounting plugin ArchVisCharacter
LogPluginManager: Mounting plugin AudioCapture
LogPluginManager: Mounting plugin CableComponent
LogPluginManager: Mounting plugin CustomMeshComponent
LogPluginManager: Mounting plugin EditableMesh
LogPluginManager: Mounting plugin ExampleDeviceProfileSelector
LogPluginManager: Mounting plugin GoogleCloudMessaging
LogPluginManager: Mounting plugin ImmediatePhysics
LogPluginManager: Mounting plugin IOSDeviceProfileSelector
LogPluginManager: Mounting plugin LinuxDeviceProfileSelector
LogPluginManager: Mounting plugin LocationServicesBPLibrary
LogPluginManager: Mounting plugin MobilePatchingUtils
LogPluginManager: Mounting plugin OculusVR
LogPluginManager: Plugin shader directory ../../../Engine/Plugins/Runtime/Oculus/OculusVR/Shaders found
LogPluginManager: Mapping shader source directory ../../../Engine/Plugins/Runtime/Oculus/OculusVR/Shaders to virtual directory /Plugin/OculusVR
LogPluginManager: Mounting plugin PhysXVehicles
LogPluginManager: Mounting plugin ProceduralMeshComponent
LogPluginManager: Mounting plugin RuntimePhysXCooking
LogPluginManager: Mounting plugin SteamVR
LogPluginManager: Mounting plugin WindowsMoviePlayer
LogStreaming: Display: Took  0.182s to configure plugins.
LogInit: Using libcurl 7.55.1-DEV
LogInit:  - built for x86_64-pc-win32
LogInit:  - supports SSL with OpenSSL/1.0.2h
LogInit:  - supports HTTP deflate (compression) using libz 1.2.8
LogInit:  - other features:
LogInit:      CURL_VERSION_SSL
LogInit:      CURL_VERSION_LIBZ
LogInit:      CURL_VERSION_IPV6
LogInit:      CURL_VERSION_ASYNCHDNS
LogInit:      CURL_VERSION_LARGEFILE
LogInit:      CURL_VERSION_IDN
LogInit:  CurlRequestOptions (configurable via config and command line):
LogInit:  - bVerifyPeer = false  - Libcurl will NOT verify peer certificate
LogInit:  - bUseHttpProxy = false  - Libcurl will NOT use HTTP proxy
LogInit:  - bDontReuseConnections = false  - Libcurl will reuse connections
LogInit:  - CertBundlePath = nullptr  - Libcurl will use whatever was configured at build time.
LogInit:  - MaxHostConnections = 16  - Libcurl will limit the number of connections to a host
LogInit:  - LocalHostAddr = Default
LogInit:  - BufferSize = 65536
LogInit: WinSock: version 1.1 (2.2), MaxSocks=32767, MaxUdp=65467
LogInit: Build: ++UE4+Release-4.20-CL-4369336
LogInit: Engine Version: 4.20.3-4369336+++UE4+Release-4.20
LogInit: Compatible Engine Version: 4.20.0-4212847+++UE4+Release-4.20
LogInit: Net CL: 4212847
LogInit: OS: Windows 10 (), CPU: Intel(R) Core(TM) i7-8700K CPU @ 3.70GHz, GPU: NVIDIA GeForce GTX 1060 6GB
LogInit: Compiled (64-bit): Sep 17 2018 12:26:19
LogInit: Compiled with Visual C++: 19.13.26129.00
LogInit: Build Configuration: Development
LogInit: Branch Name: ++UE4+Release-4.20
LogInit: Command Line:  -skipcompile
LogInit: Base Directory: E:/Epic Games Games/UE_4.20/Engine/Binaries/Win64/
LogInit: Installed Engine Build: 1
LogDevObjectVersion: Number of dev versions registered: 20
LogDevObjectVersion:   Dev-Blueprints (B0D832E4-1F89-4F0D-ACCF-7EB736FD4AA2): 10
LogDevObjectVersion:   Dev-Build (E1C64328-A22C-4D53-A36C-8E866417BD8C): 0
LogDevObjectVersion:   Dev-Core (375EC13C-06E4-48FB-B500-84F0262A717E): 2
LogDevObjectVersion:   Dev-Editor (E4B068ED-F494-42E9-A231-DA0B2E46BB41): 24
LogDevObjectVersion:   Dev-Framework (CFFC743F-43B0-4480-9391-14DF171D2073): 34
LogDevObjectVersion:   Dev-Mobile (B02B49B5-BB20-44E9-A304-32B752E40360): 2
LogDevObjectVersion:   Dev-Networking (A4E4105C-59A1-49B5-A7C5-40C4547EDFEE): 0
LogDevObjectVersion:   Dev-Online (39C831C9-5AE6-47DC-9A44-9C173E1C8E7C): 0
LogDevObjectVersion:   Dev-Physics (78F01B33-EBEA-4F98-B9B4-84EACCB95AA2): 0
LogDevObjectVersion:   Dev-Platform (6631380F-2D4D-43E0-8009-CF276956A95A): 0
LogDevObjectVersion:   Dev-Rendering (12F88B9F-8875-4AFC-A67C-D90C383ABD29): 26
LogDevObjectVersion:   Dev-Sequencer (7B5AE74C-D270-4C10-A958-57980B212A5A): 9
LogDevObjectVersion:   Dev-VR (D7296918-1DD6-4BDD-9DE2-64A83CC13884): 2
LogDevObjectVersion:   Dev-LoadTimes (C2A15278-BFE7-4AFE-6C17-90FF531DF755): 1
LogDevObjectVersion:   Private-Geometry (6EACA3D4-40EC-4CC1-B786-8BED09428FC5): 3
LogDevObjectVersion:   Dev-AnimPhys (29E575DD-E0A3-4627-9D10-D276232CDCEA): 17
LogDevObjectVersion:   Dev-ReflectionCapture (6B266CEC-1EC7-4B8F-A30B-E4D90942FC07): 1
LogDevObjectVersion:   Dev-Automation (0DF73D61-A23F-47EA-B727-89E90C41499A): 1
LogDevObjectVersion:   FortniteMain (601D1886-AC64-4F84-AA16-D3DE0DEAC7D6): 12
LogDevObjectVersion:   Dev-Enterprise (9DFFBCD6-494F-0158-E221-12823C92A888): 1
LogStreaming: Display: Took  0.025s to delete old logs.
LogInit: Presizing for max 8388607 objects, including 0 objects not considered by GC, pre-allocating 0 bytes for permanent pool.
LogInit: Object subsystem initialized
[2019.08.03-18.19.05:882][  0]LogInit: Selected Device Profile: [Windows]
[2019.08.03-18.19.05:882][  0]LogInit: Applying CVar settings loaded from the selected device profile: [Windows]
[2019.08.03-18.19.05:918][  0]LogHAL: Display: Platform has ~ 16 GB [17121992704 / 17179869184 / 16], which maps to Larger [LargestMinGB=32, LargerMinGB=12, DefaultMinGB=8, SmallerMinGB=6, SmallestMinGB=0)
[2019.08.03-18.19.05:925][  0]LogInit: Setting Device Profile CVar: [[r.Vulkan.UseRealUBs:1]]
[2019.08.03-18.19.05:926][  0]LogInit: Going up to parent DeviceProfile []
[2019.08.03-18.19.05:971][  0]LogInit: Computer: AARONS-DESKTOP
[2019.08.03-18.19.05:971][  0]LogInit: User: AaronsDesktop
[2019.08.03-18.19.05:971][  0]LogInit: CPU Page size=4096, Cores=6
[2019.08.03-18.19.05:971][  0]LogInit: High frequency timer resolution =3.609376 MHz
[2019.08.03-18.19.05:971][  0]LogMemory: Memory total: Physical=15.9GB (16GB approx)
[2019.08.03-18.19.05:972][  0]LogMemory: Platform Memory Stats for Windows
[2019.08.03-18.19.05:972][  0]LogMemory: Process Physical Memory: 103.90 MB used, 103.90 MB peak
[2019.08.03-18.19.05:972][  0]LogMemory: Process Virtual Memory: 96.71 MB used, 96.71 MB peak
[2019.08.03-18.19.05:972][  0]LogMemory: Physical Memory: 6345.91 MB used,  9982.90 MB free, 16328.80 MB total
[2019.08.03-18.19.05:972][  0]LogMemory: Virtual Memory: 4668.17 MB used,  9982.90 MB free, 134217728.00 MB total
[2019.08.03-18.19.06:969][  0]LogInit: Using OS detected language (en-US).
[2019.08.03-18.19.06:969][  0]LogInit: Using OS detected locale (en-US).
[2019.08.03-18.19.07:068][  0]LogTextLocalizationManager: No specific localization for 'en-US' exists, so the 'en' localization will be used.
[2019.08.03-18.19.07:730][  0]LogStreaming: Display: Took  0.766s to InitEngineTextLocalization.
[2019.08.03-18.19.07:741][  0]LogInit: Setting process to per monitor DPI aware
[2019.08.03-18.19.08:333][  0]LogSlate: New Slate User Created.  User Index 0, Is Virtual User: 0
[2019.08.03-18.19.08:333][  0]LogSlate: Slate User Registered.  User Index 0, Is Virtual User: 0
[2019.08.03-18.19.10:129][  0]LogHMD: Failed to initialize OpenVR with code 110
[2019.08.03-18.19.10:129][  0]LogD3D11RHI: D3D11 adapters:
[2019.08.03-18.19.10:199][  0]LogD3D11RHI:    0. 'NVIDIA GeForce GTX 1060 6GB' (Feature Level 11_0)
[2019.08.03-18.19.10:199][  0]LogD3D11RHI:       6052/0/8164 MB DedicatedVideo/DedicatedSystem/SharedSystem, Outputs:2, VendorId:0x10de
[2019.08.03-18.19.10:209][  0]LogD3D11RHI:    1. 'Microsoft Basic Render Driver' (Feature Level 11_0)
[2019.08.03-18.19.10:209][  0]LogD3D11RHI:       0/0/8164 MB DedicatedVideo/DedicatedSystem/SharedSystem, Outputs:0, VendorId:0x1414
[2019.08.03-18.19.10:209][  0]LogD3D11RHI: Chosen D3D11 Adapter: 0
[2019.08.03-18.19.10:216][  0]LogD3D11RHI: Creating new Direct3DDevice
[2019.08.03-18.19.10:217][  0]LogD3D11RHI:     GPU DeviceId: 0x1c03 (for the marketing name, search the web for "GPU Device Id")
[2019.08.03-18.19.10:234][  0]LogWindows: EnumDisplayDevices:
[2019.08.03-18.19.10:234][  0]LogWindows:    0. 'NVIDIA GeForce GTX 1060 6GB' (P:1 D:1)
[2019.08.03-18.19.10:235][  0]LogWindows:    1. 'NVIDIA GeForce GTX 1060 6GB' (P:0 D:1)
[2019.08.03-18.19.10:235][  0]LogWindows:    2. 'NVIDIA GeForce GTX 1060 6GB' (P:0 D:0)
[2019.08.03-18.19.10:236][  0]LogWindows:    3. 'NVIDIA GeForce GTX 1060 6GB' (P:0 D:0)
[2019.08.03-18.19.10:236][  0]LogWindows: DebugString: FoundDriverCount:4 
[2019.08.03-18.19.10:236][  0]LogD3D11RHI:     Adapter Name: NVIDIA GeForce GTX 1060 6GB
[2019.08.03-18.19.10:237][  0]LogD3D11RHI:   Driver Version: 418.81 (internal:25.21.14.1881, unified:418.81)
[2019.08.03-18.19.10:237][  0]LogD3D11RHI:      Driver Date: 1-30-2019
[2019.08.03-18.19.10:237][  0]LogRHI: Texture pool is 4236 MB (70% of 6052 MB)
[2019.08.03-18.19.10:282][  0]LogD3D11RHI: Async texture creation enabled
[2019.08.03-18.19.10:497][  0]LogD3D11RHI: GPU Timing Frequency: 1000.000000 (Debug: 2 1)
[2019.08.03-18.19.10:627][  0]LogShaderCompilers: Guid format shader working directory is -13 characters bigger than the processId version (../../../../../Projects/IronForgedGames/Project_Tether/Project_Tether/Intermediate/Shaders/WorkingDirectory/7252/).
[2019.08.03-18.19.10:627][  0]LogShaderCompilers: Cleaned the shader compiler working directory 'C:/Users/Aaron's Desktop/AppData/Local/Temp/UnrealShaderWorkingDir/876799B0450A211CAEAF22A026B56967/'.
[2019.08.03-18.19.10:951][  0]LogTemp: Display: Loaded TP AllDesktopTargetPlatform
[2019.08.03-18.19.10:984][  0]LogTemp: Display: Loaded TP MacClientTargetPlatform
[2019.08.03-18.19.11:016][  0]LogTemp: Display: Loaded TP MacNoEditorTargetPlatform
[2019.08.03-18.19.11:036][  0]LogTemp: Display: Loaded TP MacServerTargetPlatform
[2019.08.03-18.19.11:076][  0]LogTemp: Display: Loaded TP MacTargetPlatform
[2019.08.03-18.19.11:117][  0]LogTemp: Display: Loaded TP WindowsClientTargetPlatform
[2019.08.03-18.19.11:155][  0]LogTemp: Display: Loaded TP WindowsNoEditorTargetPlatform
[2019.08.03-18.19.11:181][  0]LogTemp: Display: Loaded TP WindowsServerTargetPlatform
[2019.08.03-18.19.11:206][  0]LogTemp: Display: Loaded TP WindowsTargetPlatform
[2019.08.03-18.19.11:299][  0]LogTemp: Display: Loaded TP AndroidTargetPlatform
[2019.08.03-18.19.11:299][  0]LogTemp: Display: Loaded TP AndroidTargetPlatform
[2019.08.03-18.19.11:299][  0]LogTemp: Display: Loaded TP AndroidTargetPlatform
[2019.08.03-18.19.11:299][  0]LogTemp: Display: Loaded TP AndroidTargetPlatform
[2019.08.03-18.19.11:299][  0]LogTemp: Display: Loaded TP AndroidTargetPlatform
[2019.08.03-18.19.11:299][  0]LogTemp: Display: Loaded TP AndroidTargetPlatform
[2019.08.03-18.19.11:299][  0]LogTemp: Display: Loaded TP AndroidTargetPlatform
[2019.08.03-18.19.11:300][  0]LogTemp: Display: Loaded TP AndroidTargetPlatform
[2019.08.03-18.19.11:300][  0]LogTemp: Display: Loaded TP AndroidTargetPlatform
[2019.08.03-18.19.11:300][  0]LogTemp: Display: Loaded TP AndroidTargetPlatform
[2019.08.03-18.19.11:300][  0]LogTemp: Display: Loaded TP AndroidTargetPlatform
[2019.08.03-18.19.11:300][  0]LogTemp: Display: Loaded TP AndroidTargetPlatform
[2019.08.03-18.19.11:300][  0]LogTemp: Display: Loaded TP AndroidTargetPlatform
[2019.08.03-18.19.11:300][  0]LogTemp: Display: Loaded TP AndroidTargetPlatform
[2019.08.03-18.19.11:300][  0]LogTemp: Display: Loaded TP AndroidTargetPlatform
[2019.08.03-18.19.11:300][  0]LogTemp: Display: Loaded TP AndroidTargetPlatform
[2019.08.03-18.19.11:300][  0]LogTemp: Display: Loaded TP AndroidTargetPlatform
[2019.08.03-18.19.11:301][  0]LogTemp: Display: Loaded TP AndroidTargetPlatform
[2019.08.03-18.19.11:318][  0]LogTemp: Display: Loaded TP HTML5TargetPlatform
[2019.08.03-18.19.11:443][  0]LogTemp: Display: Loaded TP IOSTargetPlatform
[2019.08.03-18.19.11:443][  0]LogTemp: Display: Loaded TP IOSTargetPlatform
[2019.08.03-18.19.11:482][  0]LogTemp: Display: Loaded TP TVOSTargetPlatform
[2019.08.03-18.19.11:482][  0]LogTemp: Display: Loaded TP TVOSTargetPlatform
[2019.08.03-18.19.11:503][  0]LogTemp: Display: Loaded TP LinuxClientTargetPlatform
[2019.08.03-18.19.11:526][  0]LogTemp: Display: Loaded TP LinuxNoEditorTargetPlatform
[2019.08.03-18.19.11:559][  0]LogTemp: Display: Loaded TP LinuxServerTargetPlatform
[2019.08.03-18.19.11:598][  0]LogTemp: Display: Loaded TP LinuxTargetPlatform
[2019.08.03-18.19.11:616][  0]LogTemp: Display: Loaded TP LuminTargetPlatform
[2019.08.03-18.19.11:617][  0]LogTargetPlatformManager: Display: Building Assets For Windows
[2019.08.03-18.19.12:360][  0]LogXGEController: Cleaning working directory: C:/Users/Aaron's Desktop/AppData/Local/Temp/UnrealXGEWorkingDir/
[2019.08.03-18.19.12:360][  0]LogXGEController: Cannot use XGE Controller as Incredibuild is not installed on this machine.
[2019.08.03-18.19.12:360][  0]LogShaderCompilers: Cannot use XGE Shader Compiler as Incredibuild is not installed on this machine.
[2019.08.03-18.19.12:360][  0]LogShaderCompilers: Display: Using Local Shader Compiler.
[2019.08.03-18.19.14:787][  0]LogDerivedDataCache: Display: Max Cache Size: 512 MB
[2019.08.03-18.19.15:260][  0]LogDerivedDataCache: Loaded boot cache 0.47s 71MB C:/Users/Aaron's Desktop/AppData/Local/UnrealEngine/4.20/DerivedDataCache/Boot.ddc.
[2019.08.03-18.19.15:260][  0]LogDerivedDataCache: Display: Loaded Boot cache: C:/Users/Aaron's Desktop/AppData/Local/UnrealEngine/4.20/DerivedDataCache/Boot.ddc
[2019.08.03-18.19.15:261][  0]LogDerivedDataCache: FDerivedDataBackendGraph:  Pak pak cache file ../../../../../Projects/IronForgedGames/Project_Tether/Project_Tether/DerivedDataCache/DDC.ddp not found, will not use a pak cache.
[2019.08.03-18.19.15:261][  0]LogDerivedDataCache: Unable to find inner node Pak for hierarchical cache Hierarchy.
[2019.08.03-18.19.15:261][  0]LogDerivedDataCache: FDerivedDataBackendGraph:  CompressedPak pak cache file ../../../../../Projects/IronForgedGames/Project_Tether/Project_Tether/DerivedDataCache/Compressed.ddp not found, will not use a pak cache.
[2019.08.03-18.19.15:261][  0]LogDerivedDataCache: Unable to find inner node CompressedPak for hierarchical cache Hierarchy.
[2019.08.03-18.19.15:331][  0]LogDerivedDataCache: Display: Pak cache opened for reading ../../../Engine/DerivedDataCache/Compressed.ddp.
[2019.08.03-18.19.15:344][  0]LogDerivedDataCache: Using Local data cache path C:/Users/Aaron's Desktop/AppData/Local/UnrealEngine/Common/DerivedDataCache: Writable
[2019.08.03-18.19.15:344][  0]LogDerivedDataCache: Shared data cache path not found in *engine.ini, will not use an Shared cache.
[2019.08.03-18.19.15:344][  0]LogDerivedDataCache: Unable to find inner node Shared for hierarchical cache Hierarchy.
[2019.08.03-18.19.15:428][  0]LogMaterial: Verifying Global Shaders for PCD3D_SM5
[2019.08.03-18.19.15:508][  0]LogSlate: Using FreeType 2.6.0
[2019.08.03-18.19.15:577][  0]LogSlate: SlateFontServices - WITH_FREETYPE: 1, WITH_HARFBUZZ: 1
[2019.08.03-18.19.16:003][  0]LogAssetRegistry: FAssetRegistry took 0.0402 seconds to start up
[2019.08.03-18.19.19:708][  0]LogInit: Selected Device Profile: [Windows]
[2019.08.03-18.19.22:462][  0]LogSimplygon: Simplygon DLL not present - disabling.
[2019.08.03-18.19.22:799][  0]LogMeshReduction: Using SimplygonSwarm for distributed automatic mesh merging
[2019.08.03-18.19.22:800][  0]LogMeshReduction: Using ProxyLODMeshReduction for automatic mesh merging
[2019.08.03-18.19.22:801][  0]LogMeshReduction: Using QuadricMeshReduction for automatic static mesh reduction
[2019.08.03-18.19.22:801][  0]LogMeshReduction: No automatic skeletal mesh reduction module available
[2019.08.03-18.19.24:337][  0]LogNetVersion: Project_Tether 1.0.0, NetCL: 4212847, EngineNetVer: 5, GameNetVer: 0 (Checksum: 2290113244)
[2019.08.03-18.19.31:597][  0]LogPackageLocalizationCache: Processed 11 localized package path(s) for 2 prioritized culture(s) in 0.110722 seconds
[2019.08.03-18.19.31:688][  0]LogUObjectArray: 38425 objects as part of root set at end of initial load.
[2019.08.03-18.19.31:688][  0]LogUObjectAllocator: 6690872 out of 0 bytes used by permanent object pool.
[2019.08.03-18.19.31:688][  0]LogUObjectArray: CloseDisregardForGC: 0/0 objects in disregard for GC pool
[2019.08.03-18.19.46:167][  0]LogTcpMessaging: Initializing TcpMessaging bridge
[2019.08.03-18.19.46:206][  0]LogUdpMessaging: Initializing bridge on interface 0.0.0.0:0 to multicast group 230.0.0.1:6666.
[2019.08.03-18.19.46:701][  0]LogLinker: Warning: Can't find file '/Game/ThirdPersonCPP/Blueprints/ThirdPersonCharacter'
[2019.08.03-18.19.46:702][  0]LogLinker: Warning: Can't find file '/Game/ThirdPersonCPP/Blueprints/ThirdPersonCharacter'
[2019.08.03-18.19.46:702][  0]LogUObjectGlobals: Warning: Failed to find object 'Class /Game/ThirdPersonCPP/Blueprints/ThirdPersonCharacter.ThirdPersonCharacter_C'
[2019.08.03-18.19.46:724][  0]Error: CDO Constructor (Project_TetherGameMode): Failed to find /Game/ThirdPersonCPP/Blueprints/ThirdPersonCharacter.ThirdPersonCharacter_C

[2019.08.03-18.19.46:725][  0]LogUObjectBase: Warning: -------------- Default Property warnings and errors:
[2019.08.03-18.19.46:725][  0]LogUObjectBase: Warning: Error: CDO Constructor (Project_TetherGameMode): Failed to find /Game/ThirdPersonCPP/Blueprints/ThirdPersonCharacter.ThirdPersonCharacter_C

[2019.08.03-18.21.22:361][  0]LogWindowsTextInputMethodSystem: Display: IME system now deactivated.
[2019.08.03-18.21.22:835][  0]SourceControl: Source control is disabled
[2019.08.03-18.21.22:846][  0]SourceControl: Source control is disabled
[2019.08.03-18.21.22:902][  0]SourceControl: Source control is disabled
[2019.08.03-18.21.22:929][  0]SourceControl: Source control is disabled
[2019.08.03-18.21.24:216][  0]LogAndroidPermission: UAndroidPermissionCallbackProxy::GetInstance
[2019.08.03-18.21.24:462][  0]LogOcInput: OculusInput pre-init called
[2019.08.03-18.21.25:087][  0]LogEngine: Initializing Engine...
[2019.08.03-18.21.25:109][  0]LogHMD: Failed to initialize OpenVR with code 110
[2019.08.03-18.21.25:130][  0]LogStats: UGameplayTagsManager::ConstructGameplayTagTree: ImportINI prefixes -  0.000 s
[2019.08.03-18.21.25:130][  0]LogStats: UGameplayTagsManager::ConstructGameplayTagTree: Construct from data asset -  0.000 s
[2019.08.03-18.21.25:131][  0]LogStats: UGameplayTagsManager::ConstructGameplayTagTree: ImportINI -  0.000 s
[2019.08.03-18.21.25:131][  0]LogStats: UGameplayTagsManager::ConstructGameplayTagTree: GameplayTagTreeChangedEvent.Broadcast -  0.000 s
[2019.08.03-18.21.25:813][  0]LogInit: Initializing FReadOnlyCVARCache
[2019.08.03-18.21.26:208][  0]LogAIModule: Creating AISystem for world Untitled
[2019.08.03-18.21.26:411][  0]LogInit: XAudio2 using 'Speakers (2- USB PnP Audio Device)' : 2 channels at 48 kHz using 16 bits per sample (channel mask 0x3)
[2019.08.03-18.21.26:443][  0]LogInit: FAudioDevice initialized.
[2019.08.03-18.21.26:443][  0]LogNetVersion: Set ProjectVersion to 1.0.0.0. Version Checksum will be recalculated on next use.
[2019.08.03-18.21.26:493][  0]LogDerivedDataCache: Saved boot cache 0.05s 71MB C:/Users/Aaron's Desktop/AppData/Local/UnrealEngine/4.20/DerivedDataCache/Boot.ddc.
[2019.08.03-18.21.26:498][  0]LogInit: Texture streaming: Enabled
[2019.08.03-18.21.26:676][  0]LogEngineSessionManager: EngineSessionManager initialized
[2019.08.03-18.21.26:763][  0]LogInit: Transaction tracking system initialized
[2019.08.03-18.21.27:156][  0]BlueprintLog: New page: Editor Load
[2019.08.03-18.21.28:696][  0]LocalizationService: Localization service is disabled
[2019.08.03-18.21.30:552][  0]LogCook: Display: Max memory allowance for cook 16384mb min free memory 0mb
[2019.08.03-18.21.30:559][  0]LogFileCache: Scanning file cache for directory 'E:/Projects/IronForgedGames/Project_Tether/Project_Tether/Content/' took 0.04s
[2019.08.03-18.21.30:559][  0]LogCook: Display: Mobile HDR setting 1
[2019.08.03-18.21.30:564][  0]LogGameplayTags: Display: UGameplayTagsManager::DoneAddingNativeTags. DelegateIsBound: 0
[2019.08.03-18.21.30:565][  0]LogStats: UGameplayTagsManager::ConstructGameplayTagTree: ImportINI prefixes -  0.000 s
[2019.08.03-18.21.30:565][  0]LogStats: UGameplayTagsManager::ConstructGameplayTagTree: Construct from data asset -  0.000 s
[2019.08.03-18.21.30:565][  0]LogStats: UGameplayTagsManager::ConstructGameplayTagTree: ImportINI -  0.000 s
[2019.08.03-18.21.30:566][  0]LogStats: UGameplayTagsManager::ConstructGameplayTagTree: GameplayTagTreeChangedEvent.Broadcast -  0.000 s
[2019.08.03-18.21.33:010][  0]SourceControl: Source control is disabled
[2019.08.03-18.21.33:039][  0]LightingResults: New page: Lighting Build
[2019.08.03-18.21.33:152][  0]MapCheck: New page: Map Check
[2019.08.03-18.21.33:153][  0]LightingResults: New page: Lighting Build
[2019.08.03-18.21.38:033][  0]LogAIModule: Creating AISystem for world ThirdPersonExampleMap
[2019.08.03-18.21.38:405][  0]LogMaterial: Warning: Material /Game/IronForgedGames/Implementation/Testing/Materials/Gold.Gold needed to have new flag set bUsedWithSkeletalMesh !
[2019.08.03-18.21.38:408][  0]LogMaterial: Display: Missing cached shader map for material Gold, compiling. 
[2019.08.03-18.21.38:490][  0]MapCheck: Warning: Gold Material /Game/IronForgedGames/Implementation/Testing/Materials/Gold.Gold was missing the usage flag bUsedWithSkeletalMesh. If the material asset is not re-saved, it may not render correctly when run outside the editor. Fix
[2019.08.03-18.21.38:491][  0]LogShaderCompilers: Display: Shaders left to compile 60
[2019.08.03-18.21.38:491][  0]LogShaderCompilers: Display: Shaders left to compile 50
[2019.08.03-18.21.38:491][  0]LogShaderCompilers: Display: Shaders left to compile 40
[2019.08.03-18.21.38:491][  0]LogShaderCompilers: Display: Shaders left to compile 30
[2019.08.03-18.21.38:491][  0]LogShaderCompilers: Display: Shaders left to compile 20
[2019.08.03-18.21.38:491][  0]LogShaderCompilers: Display: Shaders left to compile 10
[2019.08.03-18.21.38:680][  0]LogEditorServer: Finished looking for orphan Actors (0.000 secs)
[2019.08.03-18.21.38:951][  0]Cmd: MAP CHECKDEP NOCLEARLOG
[2019.08.03-18.21.39:007][  0]MapCheck: Map check complete: 0 Error(s), 1 Warning(s), took 54.903ms to complete.
[2019.08.03-18.21.39:157][  0]LogFileHelpers: Loading map 'ThirdPersonExampleMap' took 6.135
[2019.08.03-18.21.39:880][  0]LogWindowsTextInputMethodSystem: Display: IME system now deactivated.
[2019.08.03-18.21.41:053][  0]LogSlate: Updating window title bar state: overlay mode, drag disabled, window buttons hidden, title bar hidden
[2019.08.03-18.21.41:059][  0]LogSlate: Updating window title bar state: overlay mode, drag disabled, window buttons hidden, title bar hidden
[2019.08.03-18.21.41:066][  0]LogSlate: Updating window title bar state: overlay mode, drag disabled, window buttons hidden, title bar hidden
[2019.08.03-18.21.41:076][  0]LogSlate: Updating window title bar state: overlay mode, drag disabled, window buttons hidden, title bar hidden
[2019.08.03-18.21.41:127][  0]LogCollectionManager: Loaded 0 collections in 0.001032 seconds
[2019.08.03-18.21.41:224][  0]LogFileCache: Scanning file cache for directory 'E:/Projects/IronForgedGames/Project_Tether/Project_Tether/Saved/Collections/' took 0.01s
[2019.08.03-18.21.41:224][  0]LogFileCache: Scanning file cache for directory 'E:/Projects/IronForgedGames/Project_Tether/Project_Tether/Content/Developers/AaronsDesktop/Collections/' took 0.01s
[2019.08.03-18.21.41:224][  0]LogFileCache: Scanning file cache for directory 'E:/Projects/IronForgedGames/Project_Tether/Project_Tether/Content/Collections/' took 0.01s
[2019.08.03-18.21.41:224][  0]LogCollectionManager: Rebuilt the GUID cache for 0 collections in 0.000001 seconds
[2019.08.03-18.21.41:254][  0]LogContentBrowser: Native class hierarchy populated in 0.0304 seconds. Added 2604 classes and 621 folders.
[2019.08.03-18.21.41:319][  0]LogContentBrowser: Native class hierarchy updated for 'WidgetCarousel' in 0.0004 seconds. Added 0 classes and 0 folders.
[2019.08.03-18.21.42:078][  0]LogContentBrowser: Native class hierarchy updated for 'AddContentDialog' in 0.0004 seconds. Added 0 classes and 0 folders.
[2019.08.03-18.21.42:137][  0]LogContentBrowser: Native class hierarchy updated for 'SceneOutliner' in 0.0005 seconds. Added 1 classes and 2 folders.
[2019.08.03-18.21.44:694][  0]LogTemp: Executing iPhonePackager certificates Engine -bundlename com.YourCompany.ProjectTether
[2019.08.03-18.21.44:694][  0]LogTemp: CWD: E:\Epic Games Games\UE_4.20\Engine\Binaries\DotNET\IOS
[2019.08.03-18.21.44:694][  0]LogTemp: Initial Dir: E:\Epic Games Games\UE_4.20
[2019.08.03-18.21.44:695][  0]LogTemp: Env CWD: E:\Epic Games Games\UE_4.20\Engine\Binaries\DotNET\IOS
[2019.08.03-18.21.44:695][  0]LogTemp: BranchPath = AARONS-DESKTOP/E/Epic Games Games/UE_4.20/Engine/Binaries --- GameBranchPath = AARONS-DESKTOP/E/Epic Games Games/UE_4.20/Engine/Binaries
[2019.08.03-18.21.44:695][  0]LogSlate: Only BGRA pngs, bmps or icos are supported in by External Image Picker
[2019.08.03-18.21.44:794][  0]LogTemp: IPP ERROR: Could not find provision directory 'C:\Users\Aaron's Desktop\AppData\Local/Apple Computer/MobileDevice/Provisioning Profiles/'.
[2019.08.03-18.21.44:794][  0]LogSlate: Took 0.010984 seconds to synchronously load lazily loaded font '../../../Engine/Content/Slate/Fonts/Roboto-Regular.ttf' (155K)
[2019.08.03-18.21.44:821][  0]LogSlate: Took 0.011468 seconds to synchronously load lazily loaded font '../../../Engine/Content/Slate/Fonts/Roboto-Bold.ttf' (160K)
[2019.08.03-18.21.44:860][  0]LogSlate: Took 0.016494 seconds to synchronously load lazily loaded font '../../../Engine/Content/Editor/Slate/Fonts/FontAwesome.ttf' (139K)
[2019.08.03-18.21.44:886][  0]LogSlate: Took 0.017587 seconds to synchronously load lazily loaded font '../../../Engine/Content/Slate/Fonts/DroidSansMono.ttf' (77K)
[2019.08.03-18.21.45:229][  0]LogRenderer: Reallocating scene render targets to support 1232x424 Format 10 NumSamples 1 (Frame:1).
[2019.08.03-18.21.45:951][  0]LogContentBrowser: Native class hierarchy updated for 'HierarchicalLODOutliner' in 0.0008 seconds. Added 0 classes and 0 folders.
[2019.08.03-18.21.45:952][  0]LogLoad: (Engine Initialization) Total time: 167.47 seconds
[2019.08.03-18.21.45:952][  0]LogLoad: (Engine Initialization) Total Blueprint compile time: 0.00 seconds
[2019.08.03-18.21.46:089][  0]LogContentStreaming: Texture pool size now 1000 MB
[2019.08.03-18.21.46:178][  0]LogSlate: Took 0.013805 seconds to synchronously load lazily loaded font '../../../Engine/Content/Slate/Fonts/Roboto-Light.ttf' (167K)
[2019.08.03-18.21.46:256][  1]LogBlueprintUserMessages: [TopDownAnim_BP_C_0] Pawn does not have AnimBP hook
[2019.08.03-18.21.46:413][  2]LogAssetRegistry: Asset discovery search completed in 150.4381 seconds
[2019.08.03-18.21.46:415][  2]LogCollectionManager: Rebuilt the object cache for 0 collections in 0.000001 seconds (found 0 objects)
[2019.08.03-18.21.46:415][  2]LogCollectionManager: Fixed up redirectors for 0 collections in 0.000276 seconds (updated 0 objects)
[2019.08.03-18.21.48:860][290]LogSlate: FSceneViewport::OnFocusLost() reason 0
[2019.08.03-18.21.49:061][305]LogRenderer: Reallocating scene render targets to support 1232x444 Format 10 NumSamples 1 (Frame:293).
[2019.08.03-18.21.49:118][306]LogRenderer: Reallocating scene render targets to support 1232x472 Format 10 NumSamples 1 (Frame:295).
[2019.08.03-18.21.49:168][307]LogRenderer: Reallocating scene render targets to support 1232x492 Format 10 NumSamples 1 (Frame:297).
[2019.08.03-18.21.49:211][308]LogRenderer: Reallocating scene render targets to support 1232x508 Format 10 NumSamples 1 (Frame:299).
[2019.08.03-18.21.49:256][309]LogRenderer: Reallocating scene render targets to support 1232x520 Format 10 NumSamples 1 (Frame:301).
[2019.08.03-18.21.49:302][310]LogRenderer: Reallocating scene render targets to support 1232x528 Format 10 NumSamples 1 (Frame:303).
[2019.08.03-18.21.50:077][396]LogEditorViewport: Clicking on Actor (LMB): CommonToolPickup_C (CommonToolPickup3)
[2019.08.03-18.21.51:015][488]LogEditorViewport: Clicking on Actor (LMB): CommonToolPickup_C (CommonToolPickup2)
[2019.08.03-18.21.51:880][589]LogEditorViewport: Clicking on Actor (LMB): CommonToolPickup_C (CommonToolPickup)
[2019.08.03-18.22.04:075][182]LogSlate: FSceneViewport::OnFocusLost() reason 0
[2019.08.03-18.22.26:467][114]LogEditorViewport: Clicking on Actor (LMB): TopDownCharacter_BP_C (TopDownCharacter_BP)
[2019.08.03-18.22.30:502][525]LogEditorViewport: Clicking on Actor (LMB): TopDownCharacter_BP_C (TopDownCharacter_BP)
[2019.08.03-18.22.32:172][706]LogEditorViewport: Clicking on Actor (LMB): TopDownCharacter_BP_C (TopDownCharacter_BP)
[2019.08.03-18.22.55:392][236]LogEditorViewport: Clicking on Actor (LMB): CommonToolPickup_C (CommonToolPickup4)
[2019.08.03-18.23.04:742][314]LogSlate: FSceneViewport::OnFocusLost() reason 0
[2019.08.03-18.23.10:806][ 29]LogSlate: FSceneViewport::OnFocusLost() reason 0
[2019.08.03-18.23.11:347][ 92]LogTemp: Repeating last play command: Selected Viewport
[2019.08.03-18.23.11:375][ 92]LogBlueprintUserMessages: Early PlayInEditor Detection: Level '/Game/IronForgedGames/Core/Entity/Test/ThirdPersonCPP/Maps/ThirdPersonExampleMap.ThirdPersonExampleMap:PersistentLevel' has LevelScriptBlueprint '/Game/IronForgedGames/Core/Entity/Test/ThirdPersonCPP/Maps/ThirdPersonExampleMap.ThirdPersonExampleMap:PersistentLevel.ThirdPersonExampleMap' with GeneratedClass '/Game/IronForgedGames/Core/Entity/Test/ThirdPersonCPP/Maps/ThirdPersonExampleMap.ThirdPersonExampleMap_C' with ClassGeneratedBy '/Game/IronForgedGames/Core/Entity/Test/ThirdPersonCPP/Maps/ThirdPersonExampleMap.ThirdPersonExampleMap:PersistentLevel.ThirdPersonExampleMap'
[2019.08.03-18.23.11:377][ 92]LogPlayLevel: PlayLevel: No blueprints needed recompiling
[2019.08.03-18.23.11:463][ 92]PIE: New page: PIE session: ThirdPersonExampleMap (Aug 3, 2019, 9:23:11 AM)
[2019.08.03-18.23.11:463][ 92]LogPlayLevel: Creating play world package: /Game/IronForgedGames/Core/Entity/Test/ThirdPersonCPP/Maps/UEDPIE_0_ThirdPersonExampleMap
[2019.08.03-18.23.11:517][ 92]LogPlayLevel: PIE: StaticDuplicateObject took: (0.053008s)
[2019.08.03-18.23.11:518][ 92]LogAIModule: Creating AISystem for world ThirdPersonExampleMap
[2019.08.03-18.23.11:519][ 92]LogPlayLevel: PIE: World Init took: (0.001256s)
[2019.08.03-18.23.11:519][ 92]LogPlayLevel: PIE: Created PIE world by copying editor world from /Game/IronForgedGames/Core/Entity/Test/ThirdPersonCPP/Maps/ThirdPersonExampleMap.ThirdPersonExampleMap to /Game/IronForgedGames/Core/Entity/Test/ThirdPersonCPP/Maps/UEDPIE_0_ThirdPersonExampleMap.ThirdPersonExampleMap (0.055262s)
[2019.08.03-18.23.11:561][ 92]LogInit: XAudio2 using 'Speakers (2- USB PnP Audio Device)' : 2 channels at 48 kHz using 16 bits per sample (channel mask 0x3)
[2019.08.03-18.23.11:569][ 92]LogInit: FAudioDevice initialized.
[2019.08.03-18.23.11:640][ 92]LogLoad: Game class is 'GameMode'
[2019.08.03-18.23.11:677][ 92]LogWorld: Bringing World /Game/IronForgedGames/Core/Entity/Test/ThirdPersonCPP/Maps/UEDPIE_0_ThirdPersonExampleMap.ThirdPersonExampleMap up for play (max tick rate 0) at 2019.08.03-14.23.11
[2019.08.03-18.23.11:700][ 92]LogWorld: Bringing up level for play took: 0.037518
[2019.08.03-18.23.11:779][ 92]LogContentBrowser: Native class hierarchy updated for 'MovieSceneCapture' in 0.0009 seconds. Added 10 classes and 0 folders.
[2019.08.03-18.23.11:780][ 92]LogGameMode: Display: Match State Changed from EnteringMap to WaitingToStart
[2019.08.03-18.23.11:780][ 92]LogGameState: Match State Changed from EnteringMap to WaitingToStart
[2019.08.03-18.23.11:780][ 92]LogGameMode: Display: Match State Changed from WaitingToStart to InProgress
[2019.08.03-18.23.11:782][ 92]LogTemp: Error: Health stat was found, the Vitals will not work
[2019.08.03-18.23.11:782][ 92]LogBlueprintUserMessages: [TopDownCharacter_BP_5] Test Sword Tool was added
[2019.08.03-18.23.11:782][ 92]LogBlueprintUserMessages: [TopDownCharacter_BP_5] Sword Tool 2 was added
[2019.08.03-18.23.11:783][ 92]LogBlueprintUserMessages: [TopDownCharacter_BP_5] Test Sword Tool 3 was added
[2019.08.03-18.23.11:783][ 92]LogBlueprintUserMessages: [TopDownCharacter_BP_5] Test Shield 1 was added
[2019.08.03-18.23.11:784][ 92]LogBlueprintUserMessages: [TopDownCharacter_BP_5] Test Shield 2 was added
[2019.08.03-18.23.11:784][ 92]LogBlueprintUserMessages: [TopDownCharacter_BP_5] Test Shield 3 was added
[2019.08.03-18.23.11:785][ 92]LogBlueprintUserMessages: [TopDownCharacter_BP_5] Test Shield 1 was equipped 
[2019.08.03-18.23.11:786][ 92]LogBlueprintUserMessages: [TopDownCharacter_BP_5] Test Sword Tool was equipped 
[2019.08.03-18.23.11:786][ 92]LogGameState: Match State Changed from WaitingToStart to InProgress
[2019.08.03-18.23.11:788][ 92]PIE: Play in editor start time for /Game/IronForgedGames/Core/Entity/Test/ThirdPersonCPP/Maps/UEDPIE_0_ThirdPersonExampleMap 0.605
[2019.08.03-18.23.11:788][ 92]LogBlueprintUserMessages: Late PlayInEditor Detection: Level '/Game/IronForgedGames/Core/Entity/Test/ThirdPersonCPP/Maps/ThirdPersonExampleMap.ThirdPersonExampleMap:PersistentLevel' has LevelScriptBlueprint '/Game/IronForgedGames/Core/Entity/Test/ThirdPersonCPP/Maps/ThirdPersonExampleMap.ThirdPersonExampleMap:PersistentLevel.ThirdPersonExampleMap' with GeneratedClass '/Game/IronForgedGames/Core/Entity/Test/ThirdPersonCPP/Maps/ThirdPersonExampleMap.ThirdPersonExampleMap_C' with ClassGeneratedBy '/Game/IronForgedGames/Core/Entity/Test/ThirdPersonCPP/Maps/ThirdPersonExampleMap.ThirdPersonExampleMap:PersistentLevel.ThirdPersonExampleMap'
[2019.08.03-18.23.16:571][648]LogBlueprintUserMessages: [TopDownCharacter_BP_5] Test Sword Tool 3 was added
[2019.08.03-18.23.17:962][814]LogBlueprintUserMessages: [TopDownCharacter_BP_5] Test Shield 1 was unequipped 
[2019.08.03-18.23.17:962][814]LogBlueprintUserMessages: [TopDownCharacter_BP_5] Test Shield 1 was equipped 
[2019.08.03-18.23.17:962][814]LogBlueprintUserMessages: [TopDownCharacter_BP_5] Test Sword Tool was unequipped 
[2019.08.03-18.23.17:963][814]LogBlueprintUserMessages: [TopDownCharacter_BP_5] Test Sword Tool was equipped 
[2019.08.03-18.23.19:378][984]LogBlueprintUserMessages: [TopDownCharacter_BP_5] Test Shield 1 was unequipped 
[2019.08.03-18.23.19:379][984]LogBlueprintUserMessages: [TopDownCharacter_BP_5] Test Shield 1 was equipped 
[2019.08.03-18.23.19:379][984]LogBlueprintUserMessages: [TopDownCharacter_BP_5] Test Sword Tool was unequipped 
[2019.08.03-18.23.19:379][984]LogBlueprintUserMessages: [TopDownCharacter_BP_5] Test Sword Tool was equipped 
[2019.08.03-18.23.19:845][ 40]LogBlueprintUserMessages: [TopDownCharacter_BP_5] Test Shield 1 was unequipped 
[2019.08.03-18.23.19:845][ 40]LogBlueprintUserMessages: [TopDownCharacter_BP_5] Test Shield 1 was equipped 
[2019.08.03-18.23.19:846][ 40]LogBlueprintUserMessages: [TopDownCharacter_BP_5] Test Sword Tool was unequipped 
[2019.08.03-18.23.19:846][ 40]LogBlueprintUserMessages: [TopDownCharacter_BP_5] Test Sword Tool was equipped 
[2019.08.03-18.23.20:253][ 89]LogBlueprintUserMessages: [TopDownCharacter_BP_5] Test Shield 1 was unequipped 
[2019.08.03-18.23.20:253][ 89]LogBlueprintUserMessages: [TopDownCharacter_BP_5] Test Shield 1 was equipped 
[2019.08.03-18.23.20:253][ 89]LogBlueprintUserMessages: [TopDownCharacter_BP_5] Test Sword Tool was unequipped 
[2019.08.03-18.23.20:254][ 89]LogBlueprintUserMessages: [TopDownCharacter_BP_5] Test Sword Tool was equipped 
[2019.08.03-18.23.21:745][268]LogBlueprintUserMessages: [TopDownCharacter_BP_5] Test Sword Tool was unequipped 
[2019.08.03-18.23.21:745][268]LogBlueprintUserMessages: [TopDownCharacter_BP_5] Sword Tool 2 was equipped 
[2019.08.03-18.23.21:746][268]LogBlueprintUserMessages: [TopDownCharacter_BP_5] Test Shield 1 was unequipped 
[2019.08.03-18.23.21:746][268]LogBlueprintUserMessages: [TopDownCharacter_BP_5] Test Shield 2 was equipped 
[2019.08.03-18.23.22:220][325]LogBlueprintUserMessages: [TopDownCharacter_BP_5] Sword Tool 2 was unequipped 
[2019.08.03-18.23.22:221][325]LogBlueprintUserMessages: [TopDownCharacter_BP_5] Test Sword Tool 3 was equipped 
[2019.08.03-18.23.22:221][325]LogBlueprintUserMessages: [TopDownCharacter_BP_5] Test Shield 2 was unequipped 
[2019.08.03-18.23.22:221][325]LogBlueprintUserMessages: [TopDownCharacter_BP_5] Test Shield 3 was equipped 
[2019.08.03-18.23.22:589][369]LogBlueprintUserMessages: [TopDownCharacter_BP_5] Test Sword Tool 3 was unequipped 
[2019.08.03-18.23.22:589][369]LogBlueprintUserMessages: [TopDownCharacter_BP_5] Test Sword Tool 3 was equipped 
[2019.08.03-18.23.22:589][369]LogBlueprintUserMessages: [TopDownCharacter_BP_5] Test Shield 3 was unequipped 
[2019.08.03-18.23.22:589][369]LogBlueprintUserMessages: [TopDownCharacter_BP_5] Test Shield 1 was equipped 
[2019.08.03-18.23.23:114][432]LogBlueprintUserMessages: [TopDownCharacter_BP_5] Test Sword Tool 3 was unequipped 
[2019.08.03-18.23.23:114][432]LogBlueprintUserMessages: [TopDownCharacter_BP_5] Test Sword Tool 3 was equipped 
[2019.08.03-18.23.23:114][432]LogBlueprintUserMessages: [TopDownCharacter_BP_5] Test Shield 1 was unequipped 
[2019.08.03-18.23.23:115][432]LogBlueprintUserMessages: [TopDownCharacter_BP_5] Test Shield 2 was equipped 
[2019.08.03-18.23.23:622][493]LogBlueprintUserMessages: [TopDownCharacter_BP_5] Test Sword Tool 3 was unequipped 
[2019.08.03-18.23.23:623][493]LogBlueprintUserMessages: [TopDownCharacter_BP_5] Sword Tool 2 was equipped 
[2019.08.03-18.23.23:623][493]LogBlueprintUserMessages: [TopDownCharacter_BP_5] Test Shield 2 was unequipped 
[2019.08.03-18.23.23:623][493]LogBlueprintUserMessages: [TopDownCharacter_BP_5] Test Shield 1 was equipped 
[2019.08.03-18.23.24:264][570]LogBlueprintUserMessages: [TopDownCharacter_BP_5] Sword Tool 2 was unequipped 
[2019.08.03-18.23.24:265][570]LogBlueprintUserMessages: [TopDownCharacter_BP_5] Test Sword Tool 3 was equipped 
[2019.08.03-18.23.24:265][570]LogBlueprintUserMessages: [TopDownCharacter_BP_5] Test Shield 1 was unequipped 
[2019.08.03-18.23.24:265][570]LogBlueprintUserMessages: [TopDownCharacter_BP_5] Test Shield 2 was equipped 
[2019.08.03-18.23.24:631][614]LogBlueprintUserMessages: [TopDownCharacter_BP_5] Test Sword Tool 3 was unequipped 
[2019.08.03-18.23.24:631][614]LogBlueprintUserMessages: [TopDownCharacter_BP_5] Sword Tool 2 was equipped 
[2019.08.03-18.23.24:632][614]LogBlueprintUserMessages: [TopDownCharacter_BP_5] Test Shield 2 was unequipped 
[2019.08.03-18.23.24:632][614]LogBlueprintUserMessages: [TopDownCharacter_BP_5] Test Shield 1 was equipped 
[2019.08.03-18.23.24:923][649]LogBlueprintUserMessages: [TopDownCharacter_BP_5] Sword Tool 2 was unequipped 
[2019.08.03-18.23.24:923][649]LogBlueprintUserMessages: [TopDownCharacter_BP_5] Test Sword Tool 3 was equipped 
[2019.08.03-18.23.24:924][649]LogBlueprintUserMessages: [TopDownCharacter_BP_5] Test Shield 1 was unequipped 
[2019.08.03-18.23.24:924][649]LogBlueprintUserMessages: [TopDownCharacter_BP_5] Test Shield 2 was equipped 
[2019.08.03-18.23.25:131][674]LogBlueprintUserMessages: [TopDownCharacter_BP_5] Test Sword Tool 3 was unequipped 
[2019.08.03-18.23.25:132][674]LogBlueprintUserMessages: [TopDownCharacter_BP_5] Sword Tool 2 was equipped 
[2019.08.03-18.23.25:132][674]LogBlueprintUserMessages: [TopDownCharacter_BP_5] Test Shield 2 was unequipped 
[2019.08.03-18.23.25:132][674]LogBlueprintUserMessages: [TopDownCharacter_BP_5] Test Shield 1 was equipped 
[2019.08.03-18.23.25:331][698]LogBlueprintUserMessages: [TopDownCharacter_BP_5] Sword Tool 2 was unequipped 
[2019.08.03-18.23.25:331][698]LogBlueprintUserMessages: [TopDownCharacter_BP_5] Test Sword Tool 3 was equipped 
[2019.08.03-18.23.25:332][698]LogBlueprintUserMessages: [TopDownCharacter_BP_5] Test Shield 1 was unequipped 
[2019.08.03-18.23.25:332][698]LogBlueprintUserMessages: [TopDownCharacter_BP_5] Test Shield 2 was equipped 
[2019.08.03-18.23.25:506][719]LogBlueprintUserMessages: [TopDownCharacter_BP_5] Test Sword Tool 3 was unequipped 
[2019.08.03-18.23.25:507][719]LogBlueprintUserMessages: [TopDownCharacter_BP_5] Sword Tool 2 was equipped 
[2019.08.03-18.23.25:507][719]LogBlueprintUserMessages: [TopDownCharacter_BP_5] Test Shield 2 was unequipped 
[2019.08.03-18.23.25:507][719]LogBlueprintUserMessages: [TopDownCharacter_BP_5] Test Shield 1 was equipped 
[2019.08.03-18.23.25:698][742]LogBlueprintUserMessages: [TopDownCharacter_BP_5] Sword Tool 2 was unequipped 
[2019.08.03-18.23.25:698][742]LogBlueprintUserMessages: [TopDownCharacter_BP_5] Test Sword Tool 3 was equipped 
[2019.08.03-18.23.25:699][742]LogBlueprintUserMessages: [TopDownCharacter_BP_5] Test Shield 1 was unequipped 
[2019.08.03-18.23.25:699][742]LogBlueprintUserMessages: [TopDownCharacter_BP_5] Test Shield 2 was equipped 
[2019.08.03-18.23.25:865][762]LogBlueprintUserMessages: [TopDownCharacter_BP_5] Test Sword Tool 3 was unequipped 
[2019.08.03-18.23.25:865][762]LogBlueprintUserMessages: [TopDownCharacter_BP_5] Sword Tool 2 was equipped 
[2019.08.03-18.23.25:866][762]LogBlueprintUserMessages: [TopDownCharacter_BP_5] Test Shield 2 was unequipped 
[2019.08.03-18.23.25:866][762]LogBlueprintUserMessages: [TopDownCharacter_BP_5] Test Shield 1 was equipped 
[2019.08.03-18.23.26:040][783]LogBlueprintUserMessages: [TopDownCharacter_BP_5] Sword Tool 2 was unequipped 
[2019.08.03-18.23.26:040][783]LogBlueprintUserMessages: [TopDownCharacter_BP_5] Test Sword Tool 3 was equipped 
[2019.08.03-18.23.26:041][783]LogBlueprintUserMessages: [TopDownCharacter_BP_5] Test Shield 1 was unequipped 
[2019.08.03-18.23.26:041][783]LogBlueprintUserMessages: [TopDownCharacter_BP_5] Test Shield 2 was equipped 
[2019.08.03-18.23.26:206][803]LogBlueprintUserMessages: [TopDownCharacter_BP_5] Test Sword Tool 3 was unequipped 
[2019.08.03-18.23.26:207][803]LogBlueprintUserMessages: [TopDownCharacter_BP_5] Sword Tool 2 was equipped 
[2019.08.03-18.23.26:207][803]LogBlueprintUserMessages: [TopDownCharacter_BP_5] Test Shield 2 was unequipped 
[2019.08.03-18.23.26:207][803]LogBlueprintUserMessages: [TopDownCharacter_BP_5] Test Shield 1 was equipped 
[2019.08.03-18.23.26:382][824]LogBlueprintUserMessages: [TopDownCharacter_BP_5] Sword Tool 2 was unequipped 
[2019.08.03-18.23.26:382][824]LogBlueprintUserMessages: [TopDownCharacter_BP_5] Test Sword Tool 3 was equipped 
[2019.08.03-18.23.26:382][824]LogBlueprintUserMessages: [TopDownCharacter_BP_5] Test Shield 1 was unequipped 
[2019.08.03-18.23.26:383][824]LogBlueprintUserMessages: [TopDownCharacter_BP_5] Test Shield 2 was equipped 
[2019.08.03-18.23.26:548][844]LogBlueprintUserMessages: [TopDownCharacter_BP_5] Test Sword Tool 3 was unequipped 
[2019.08.03-18.23.26:548][844]LogBlueprintUserMessages: [TopDownCharacter_BP_5] Sword Tool 2 was equipped 
[2019.08.03-18.23.26:548][844]LogBlueprintUserMessages: [TopDownCharacter_BP_5] Test Shield 2 was unequipped 
[2019.08.03-18.23.26:549][844]LogBlueprintUserMessages: [TopDownCharacter_BP_5] Test Shield 1 was equipped 
[2019.08.03-18.23.26:715][864]LogBlueprintUserMessages: [TopDownCharacter_BP_5] Sword Tool 2 was unequipped 
[2019.08.03-18.23.26:715][864]LogBlueprintUserMessages: [TopDownCharacter_BP_5] Test Sword Tool 3 was equipped 
[2019.08.03-18.23.26:715][864]LogBlueprintUserMessages: [TopDownCharacter_BP_5] Test Shield 1 was unequipped 
[2019.08.03-18.23.26:715][864]LogBlueprintUserMessages: [TopDownCharacter_BP_5] Test Shield 2 was equipped 
[2019.08.03-18.23.26:882][884]LogBlueprintUserMessages: [TopDownCharacter_BP_5] Test Sword Tool 3 was unequipped 
[2019.08.03-18.23.26:882][884]LogBlueprintUserMessages: [TopDownCharacter_BP_5] Sword Tool 2 was equipped 
[2019.08.03-18.23.26:882][884]LogBlueprintUserMessages: [TopDownCharacter_BP_5] Test Shield 2 was unequipped 
[2019.08.03-18.23.26:883][884]LogBlueprintUserMessages: [TopDownCharacter_BP_5] Test Shield 1 was equipped 
[2019.08.03-18.23.27:014][900]LogBlueprintUserMessages: [TopDownCharacter_BP_5] Sword Tool 2 was unequipped 
[2019.08.03-18.23.27:015][900]LogBlueprintUserMessages: [TopDownCharacter_BP_5] Test Sword Tool 3 was equipped 
[2019.08.03-18.23.27:015][900]LogBlueprintUserMessages: [TopDownCharacter_BP_5] Test Shield 1 was unequipped 
[2019.08.03-18.23.27:015][900]LogBlueprintUserMessages: [TopDownCharacter_BP_5] Test Shield 2 was equipped 
[2019.08.03-18.23.27:215][924]LogBlueprintUserMessages: [TopDownCharacter_BP_5] Test Sword Tool 3 was unequipped 
[2019.08.03-18.23.27:215][924]LogBlueprintUserMessages: [TopDownCharacter_BP_5] Sword Tool 2 was equipped 
[2019.08.03-18.23.27:216][924]LogBlueprintUserMessages: [TopDownCharacter_BP_5] Test Shield 2 was unequipped 
[2019.08.03-18.23.27:216][924]LogBlueprintUserMessages: [TopDownCharacter_BP_5] Test Shield 1 was equipped 
[2019.08.03-18.23.32:658][577]LogBlueprintUserMessages: Early EndPlayMap Detection: Level '/Game/IronForgedGames/Core/Entity/Test/ThirdPersonCPP/Maps/ThirdPersonExampleMap.ThirdPersonExampleMap:PersistentLevel' has LevelScriptBlueprint '/Game/IronForgedGames/Core/Entity/Test/ThirdPersonCPP/Maps/ThirdPersonExampleMap.ThirdPersonExampleMap:PersistentLevel.ThirdPersonExampleMap' with GeneratedClass '/Game/IronForgedGames/Core/Entity/Test/ThirdPersonCPP/Maps/ThirdPersonExampleMap.ThirdPersonExampleMap_C' with ClassGeneratedBy '/Game/IronForgedGames/Core/Entity/Test/ThirdPersonCPP/Maps/ThirdPersonExampleMap.ThirdPersonExampleMap:PersistentLevel.ThirdPersonExampleMap'
[2019.08.03-18.23.32:660][577]LogSlate: Updating window title bar state: overlay mode, drag disabled, window buttons hidden, title bar hidden
[2019.08.03-18.23.32:724][577]LogPlayLevel: Display: Shutting down PIE online subsystems
[2019.08.03-18.23.32:725][577]LogBlueprintUserMessages: Late EndPlayMap Detection: Level '/Game/IronForgedGames/Core/Entity/Test/ThirdPersonCPP/Maps/ThirdPersonExampleMap.ThirdPersonExampleMap:PersistentLevel' has LevelScriptBlueprint '/Game/IronForgedGames/Core/Entity/Test/ThirdPersonCPP/Maps/ThirdPersonExampleMap.ThirdPersonExampleMap:PersistentLevel.ThirdPersonExampleMap' with GeneratedClass '/Game/IronForgedGames/Core/Entity/Test/ThirdPersonCPP/Maps/ThirdPersonExampleMap.ThirdPersonExampleMap_C' with ClassGeneratedBy '/Game/IronForgedGames/Core/Entity/Test/ThirdPersonCPP/Maps/ThirdPersonExampleMap.ThirdPersonExampleMap:PersistentLevel.ThirdPersonExampleMap'
[2019.08.03-18.23.32:773][577]LogSlate: Updating window title bar state: overlay mode, drag disabled, window buttons hidden, title bar hidden
[2019.08.03-18.23.32:805][578]LogPlayLevel: Display: Destroying online subsystem :Context_3
[2019.08.03-18.25.43:693][480]LogSlate: FSceneViewport::OnFocusLost() reason 2
[2019.08.03-18.25.45:356][669]LogEditorViewport: Clicking on Actor (LMB): BP_Sky_Sphere_C (SkySphereBlueprint)
[2019.08.03-18.25.51:218][364]LogEditorViewport: Clicking on Actor (LMB): BP_Sky_Sphere_C (SkySphereBlueprint)
[2019.08.03-18.25.54:846][796]LogEditorViewport: Clicking on Actor (LMB): StaticMeshActor (Wall8)
[2019.08.03-18.25.56:810][ 19]LogEditorViewport: Clicking on Actor (LMB): BP_Sky_Sphere_C (SkySphereBlueprint)
[2019.08.03-18.25.59:577][349]LogSlate: FSceneViewport::OnFocusLost() reason 0
[2019.08.03-18.26.03:648][835]LogAssetEditorManager: Opening Asset editor for Blueprint /Engine/EngineSky/BP_Sky_Sphere.BP_Sky_Sphere
[2019.08.03-18.26.04:595][835]LogContentBrowser: Native class hierarchy updated for 'BlueprintGraph' in 0.0014 seconds. Added 116 classes and 0 folders.
[2019.08.03-18.26.06:051][835]LogSlate: Took 0.009806 seconds to synchronously load lazily loaded font '../../../Engine/Content/Slate/Fonts/Roboto-BoldCondensed.ttf' (158K)
[2019.08.03-18.26.06:383][836]LogSlate: Took 0.003939 seconds to synchronously load lazily loaded font '../../../Engine/Content/Slate/Fonts/Roboto-Italic.ttf' (157K)
[2019.08.03-18.33.49:027][101]LogSlate: FSceneViewport::OnFocusLost() reason 2
[2019.08.03-18.33.53:770][429]LogAssetEditorManager: Opening Asset editor for CurveLinearColor /Engine/EngineSky/C_Sky_Horizon_Color.C_Sky_Horizon_Color
[2019.08.03-18.33.58:196][825]LogSlate: Window 'C_Sky_Horizon_Color' being destroyed
[2019.08.03-18.40.30:034][601]LogSlate: FSceneViewport::OnFocusLost() reason 0
[2019.08.03-18.40.33:398][993]Cmd: CAMERA ALIGN ACTIVEVIEWPORTONLY
[2019.08.03-18.40.41:944][ 11]LogSlate: FSceneViewport::OnFocusLost() reason 0
[2019.08.03-18.40.44:372][297]LogAssetEditorManager: Opening Asset editor for Blueprint /Game/IronForgedGames/Implementation/Gameplay/CharactersBP/PlayerCharacters/Base/TopDownCharacter_BP.TopDownCharacter_BP
[2019.08.03-18.40.44:631][297]LogBlueprintUserMessages: [TopDownAnim_BP_C_0] Pawn does not have AnimBP hook
[2019.08.03-18.41.43:733][231]LogTemp: Repeating last play command: Selected Viewport
[2019.08.03-18.41.43:753][231]LogBlueprintUserMessages: Early PlayInEditor Detection: Level '/Game/IronForgedGames/Core/Entity/Test/ThirdPersonCPP/Maps/ThirdPersonExampleMap.ThirdPersonExampleMap:PersistentLevel' has LevelScriptBlueprint '/Game/IronForgedGames/Core/Entity/Test/ThirdPersonCPP/Maps/ThirdPersonExampleMap.ThirdPersonExampleMap:PersistentLevel.ThirdPersonExampleMap' with GeneratedClass '/Game/IronForgedGames/Core/Entity/Test/ThirdPersonCPP/Maps/ThirdPersonExampleMap.ThirdPersonExampleMap_C' with ClassGeneratedBy '/Game/IronForgedGames/Core/Entity/Test/ThirdPersonCPP/Maps/ThirdPersonExampleMap.ThirdPersonExampleMap:PersistentLevel.ThirdPersonExampleMap'
[2019.08.03-18.41.43:754][231]LogPlayLevel: PlayLevel: No blueprints needed recompiling
[2019.08.03-18.41.43:755][231]PIE: New page: PIE session: ThirdPersonExampleMap (Aug 3, 2019, 9:41:43 AM)
[2019.08.03-18.41.43:755][231]LogPlayLevel: Creating play world package: /Game/IronForgedGames/Core/Entity/Test/ThirdPersonCPP/Maps/UEDPIE_0_ThirdPersonExampleMap
[2019.08.03-18.41.43:770][231]LogPlayLevel: PIE: StaticDuplicateObject took: (0.014050s)
[2019.08.03-18.41.43:771][231]LogAIModule: Creating AISystem for world ThirdPersonExampleMap
[2019.08.03-18.41.43:771][231]LogPlayLevel: PIE: World Init took: (0.001164s)
[2019.08.03-18.41.43:772][231]LogPlayLevel: PIE: Created PIE world by copying editor world from /Game/IronForgedGames/Core/Entity/Test/ThirdPersonCPP/Maps/ThirdPersonExampleMap.ThirdPersonExampleMap to /Game/IronForgedGames/Core/Entity/Test/ThirdPersonCPP/Maps/UEDPIE_0_ThirdPersonExampleMap.ThirdPersonExampleMap (0.016322s)
[2019.08.03-18.41.43:849][231]LogInit: XAudio2 using 'Speakers (2- USB PnP Audio Device)' : 2 channels at 48 kHz using 16 bits per sample (channel mask 0x3)
[2019.08.03-18.41.43:858][231]LogInit: FAudioDevice initialized.
[2019.08.03-18.41.43:892][231]LogLoad: Game class is 'GameMode'
[2019.08.03-18.41.43:894][231]LogWorld: Bringing World /Game/IronForgedGames/Core/Entity/Test/ThirdPersonCPP/Maps/UEDPIE_0_ThirdPersonExampleMap.ThirdPersonExampleMap up for play (max tick rate 0) at 2019.08.03-14.41.43
[2019.08.03-18.41.43:895][231]LogWorld: Bringing up level for play took: 0.002217
[2019.08.03-18.41.43:909][231]LogGameMode: Display: Match State Changed from EnteringMap to WaitingToStart
[2019.08.03-18.41.43:909][231]LogGameState: Match State Changed from EnteringMap to WaitingToStart
[2019.08.03-18.41.43:909][231]LogGameMode: Display: Match State Changed from WaitingToStart to InProgress
[2019.08.03-18.41.43:910][231]LogTemp: Error: Health stat was found, the Vitals will not work
[2019.08.03-18.41.43:910][231]LogBlueprintUserMessages: [TopDownCharacter_BP_5] Test Sword Tool was added
[2019.08.03-18.41.43:910][231]LogBlueprintUserMessages: [TopDownCharacter_BP_5] Sword Tool 2 was added
[2019.08.03-18.41.43:910][231]LogBlueprintUserMessages: [TopDownCharacter_BP_5] Test Sword Tool 3 was added
[2019.08.03-18.41.43:911][231]LogBlueprintUserMessages: [TopDownCharacter_BP_5] Test Shield 1 was added
[2019.08.03-18.41.43:911][231]LogBlueprintUserMessages: [TopDownCharacter_BP_5] Test Shield 2 was added
[2019.08.03-18.41.43:911][231]LogBlueprintUserMessages: [TopDownCharacter_BP_5] Test Shield 3 was added
[2019.08.03-18.41.43:911][231]LogBlueprintUserMessages: [TopDownCharacter_BP_5] Test Shield 1 was equipped 
[2019.08.03-18.41.43:912][231]LogBlueprintUserMessages: [TopDownCharacter_BP_5] Test Sword Tool was equipped 
[2019.08.03-18.41.43:912][231]LogGameState: Match State Changed from WaitingToStart to InProgress
[2019.08.03-18.41.43:912][231]PIE: Play in editor start time for /Game/IronForgedGames/Core/Entity/Test/ThirdPersonCPP/Maps/UEDPIE_0_ThirdPersonExampleMap 0.73
[2019.08.03-18.41.43:912][231]LogBlueprintUserMessages: Late PlayInEditor Detection: Level '/Game/IronForgedGames/Core/Entity/Test/ThirdPersonCPP/Maps/ThirdPersonExampleMap.ThirdPersonExampleMap:PersistentLevel' has LevelScriptBlueprint '/Game/IronForgedGames/Core/Entity/Test/ThirdPersonCPP/Maps/ThirdPersonExampleMap.ThirdPersonExampleMap:PersistentLevel.ThirdPersonExampleMap' with GeneratedClass '/Game/IronForgedGames/Core/Entity/Test/ThirdPersonCPP/Maps/ThirdPersonExampleMap.ThirdPersonExampleMap_C' with ClassGeneratedBy '/Game/IronForgedGames/Core/Entity/Test/ThirdPersonCPP/Maps/ThirdPersonExampleMap.ThirdPersonExampleMap:PersistentLevel.ThirdPersonExampleMap'
[2019.08.03-18.41.46:558][546]LogBlueprintUserMessages: [TopDownCharacter_BP_5] Test Sword Tool was unequipped 
[2019.08.03-18.41.46:559][546]LogBlueprintUserMessages: [TopDownCharacter_BP_5] Sword Tool 2 was equipped 
[2019.08.03-18.41.46:559][546]LogBlueprintUserMessages: [TopDownCharacter_BP_5] Test Shield 1 was unequipped 
[2019.08.03-18.41.46:559][546]LogBlueprintUserMessages: [TopDownCharacter_BP_5] Test Shield 2 was equipped 
[2019.08.03-18.41.46:883][585]LogBlueprintUserMessages: [TopDownCharacter_BP_5] Sword Tool 2 was unequipped 
[2019.08.03-18.41.46:884][585]LogBlueprintUserMessages: [TopDownCharacter_BP_5] Test Sword Tool 3 was equipped 
[2019.08.03-18.41.46:884][585]LogBlueprintUserMessages: [TopDownCharacter_BP_5] Test Shield 2 was unequipped 
[2019.08.03-18.41.46:884][585]LogBlueprintUserMessages: [TopDownCharacter_BP_5] Test Shield 3 was equipped 
[2019.08.03-18.41.47:183][621]LogBlueprintUserMessages: [TopDownCharacter_BP_5] Test Sword Tool 3 was unequipped 
[2019.08.03-18.41.47:183][621]LogBlueprintUserMessages: [TopDownCharacter_BP_5] Test Sword Tool was equipped 
[2019.08.03-18.41.47:184][621]LogBlueprintUserMessages: [TopDownCharacter_BP_5] Test Shield 3 was unequipped 
[2019.08.03-18.41.47:184][621]LogBlueprintUserMessages: [TopDownCharacter_BP_5] Test Shield 1 was equipped 
[2019.08.03-18.41.47:600][671]LogBlueprintUserMessages: [TopDownCharacter_BP_5] Test Sword Tool was unequipped 
[2019.08.03-18.41.47:601][671]LogBlueprintUserMessages: [TopDownCharacter_BP_5] Sword Tool 2 was equipped 
[2019.08.03-18.41.47:601][671]LogBlueprintUserMessages: [TopDownCharacter_BP_5] Test Shield 1 was unequipped 
[2019.08.03-18.41.47:601][671]LogBlueprintUserMessages: [TopDownCharacter_BP_5] Test Shield 2 was equipped 
[2019.08.03-18.41.47:834][699]LogBlueprintUserMessages: [TopDownCharacter_BP_5] Sword Tool 2 was unequipped 
[2019.08.03-18.41.47:834][699]LogBlueprintUserMessages: [TopDownCharacter_BP_5] Test Sword Tool 3 was equipped 
[2019.08.03-18.41.47:835][699]LogBlueprintUserMessages: [TopDownCharacter_BP_5] Test Shield 2 was unequipped 
[2019.08.03-18.41.47:835][699]LogBlueprintUserMessages: [TopDownCharacter_BP_5] Test Shield 3 was equipped 
[2019.08.03-18.41.48:025][722]LogBlueprintUserMessages: [TopDownCharacter_BP_5] Test Sword Tool 3 was unequipped 
[2019.08.03-18.41.48:026][722]LogBlueprintUserMessages: [TopDownCharacter_BP_5] Test Sword Tool was equipped 
[2019.08.03-18.41.48:026][722]LogBlueprintUserMessages: [TopDownCharacter_BP_5] Test Shield 3 was unequipped 
[2019.08.03-18.41.48:026][722]LogBlueprintUserMessages: [TopDownCharacter_BP_5] Test Shield 1 was equipped 
[2019.08.03-18.41.48:208][744]LogBlueprintUserMessages: [TopDownCharacter_BP_5] Test Sword Tool was unequipped 
[2019.08.03-18.41.48:209][744]LogBlueprintUserMessages: [TopDownCharacter_BP_5] Sword Tool 2 was equipped 
[2019.08.03-18.41.48:209][744]LogBlueprintUserMessages: [TopDownCharacter_BP_5] Test Shield 1 was unequipped 
[2019.08.03-18.41.48:209][744]LogBlueprintUserMessages: [TopDownCharacter_BP_5] Test Shield 2 was equipped 
[2019.08.03-18.41.48:434][771]LogBlueprintUserMessages: [TopDownCharacter_BP_5] Sword Tool 2 was unequipped 
[2019.08.03-18.41.48:434][771]LogBlueprintUserMessages: [TopDownCharacter_BP_5] Test Sword Tool 3 was equipped 
[2019.08.03-18.41.48:434][771]LogBlueprintUserMessages: [TopDownCharacter_BP_5] Test Shield 2 was unequipped 
[2019.08.03-18.41.48:435][771]LogBlueprintUserMessages: [TopDownCharacter_BP_5] Test Shield 3 was equipped 
[2019.08.03-18.41.48:651][797]LogBlueprintUserMessages: [TopDownCharacter_BP_5] Test Sword Tool 3 was unequipped 
[2019.08.03-18.41.48:651][797]LogBlueprintUserMessages: [TopDownCharacter_BP_5] Test Sword Tool was equipped 
[2019.08.03-18.41.48:651][797]LogBlueprintUserMessages: [TopDownCharacter_BP_5] Test Shield 3 was unequipped 
[2019.08.03-18.41.48:652][797]LogBlueprintUserMessages: [TopDownCharacter_BP_5] Test Shield 1 was equipped 
[2019.08.03-18.41.49:017][841]LogBlueprintUserMessages: [TopDownCharacter_BP_5] Test Sword Tool was unequipped 
[2019.08.03-18.41.49:017][841]LogBlueprintUserMessages: [TopDownCharacter_BP_5] Sword Tool 2 was equipped 
[2019.08.03-18.41.49:018][841]LogBlueprintUserMessages: [TopDownCharacter_BP_5] Test Shield 1 was unequipped 
[2019.08.03-18.41.49:018][841]LogBlueprintUserMessages: [TopDownCharacter_BP_5] Test Shield 2 was equipped 
[2019.08.03-18.41.49:266][871]LogBlueprintUserMessages: [TopDownCharacter_BP_5] Sword Tool 2 was unequipped 
[2019.08.03-18.41.49:267][871]LogBlueprintUserMessages: [TopDownCharacter_BP_5] Test Sword Tool 3 was equipped 
[2019.08.03-18.41.49:267][871]LogBlueprintUserMessages: [TopDownCharacter_BP_5] Test Shield 2 was unequipped 
[2019.08.03-18.41.49:267][871]LogBlueprintUserMessages: [TopDownCharacter_BP_5] Test Shield 3 was equipped 
[2019.08.03-18.41.49:459][894]LogBlueprintUserMessages: [TopDownCharacter_BP_5] Test Sword Tool 3 was unequipped 
[2019.08.03-18.41.49:459][894]LogBlueprintUserMessages: [TopDownCharacter_BP_5] Test Sword Tool was equipped 
[2019.08.03-18.41.49:460][894]LogBlueprintUserMessages: [TopDownCharacter_BP_5] Test Shield 3 was unequipped 
[2019.08.03-18.41.49:460][894]LogBlueprintUserMessages: [TopDownCharacter_BP_5] Test Shield 1 was equipped 
[2019.08.03-18.41.49:633][915]LogBlueprintUserMessages: [TopDownCharacter_BP_5] Test Sword Tool was unequipped 
[2019.08.03-18.41.49:633][915]LogBlueprintUserMessages: [TopDownCharacter_BP_5] Sword Tool 2 was equipped 
[2019.08.03-18.41.49:634][915]LogBlueprintUserMessages: [TopDownCharacter_BP_5] Test Shield 1 was unequipped 
[2019.08.03-18.41.49:634][915]LogBlueprintUserMessages: [TopDownCharacter_BP_5] Test Shield 2 was equipped 
[2019.08.03-18.41.49:800][935]LogBlueprintUserMessages: [TopDownCharacter_BP_5] Sword Tool 2 was unequipped 
[2019.08.03-18.41.49:800][935]LogBlueprintUserMessages: [TopDownCharacter_BP_5] Test Sword Tool 3 was equipped 
[2019.08.03-18.41.49:801][935]LogBlueprintUserMessages: [TopDownCharacter_BP_5] Test Shield 2 was unequipped 
[2019.08.03-18.41.49:801][935]LogBlueprintUserMessages: [TopDownCharacter_BP_5] Test Shield 3 was equipped 
[2019.08.03-18.41.49:933][951]LogBlueprintUserMessages: [TopDownCharacter_BP_5] Test Sword Tool 3 was unequipped 
[2019.08.03-18.41.49:934][951]LogBlueprintUserMessages: [TopDownCharacter_BP_5] Test Sword Tool was equipped 
[2019.08.03-18.41.49:934][951]LogBlueprintUserMessages: [TopDownCharacter_BP_5] Test Shield 3 was unequipped 
[2019.08.03-18.41.49:934][951]LogBlueprintUserMessages: [TopDownCharacter_BP_5] Test Shield 1 was equipped 
[2019.08.03-18.41.50:091][970]LogBlueprintUserMessages: [TopDownCharacter_BP_5] Test Sword Tool was unequipped 
[2019.08.03-18.41.50:092][970]LogBlueprintUserMessages: [TopDownCharacter_BP_5] Sword Tool 2 was equipped 
[2019.08.03-18.41.50:092][970]LogBlueprintUserMessages: [TopDownCharacter_BP_5] Test Shield 1 was unequipped 
[2019.08.03-18.41.50:092][970]LogBlueprintUserMessages: [TopDownCharacter_BP_5] Test Shield 2 was equipped 
[2019.08.03-18.41.53:742][408]LogBlueprintUserMessages: [TopDownCharacter_BP_5] Sword Tool 2 was unequipped 
[2019.08.03-18.41.53:742][408]LogBlueprintUserMessages: [TopDownCharacter_BP_5] Test Sword Tool 3 was equipped 
[2019.08.03-18.41.53:743][408]LogBlueprintUserMessages: [TopDownCharacter_BP_5] Test Shield 2 was unequipped 
[2019.08.03-18.41.53:743][408]LogBlueprintUserMessages: [TopDownCharacter_BP_5] Test Shield 3 was equipped 
[2019.08.03-18.41.54:259][470]LogBlueprintUserMessages: [TopDownCharacter_BP_5] Test Sword Tool 3 was unequipped 
[2019.08.03-18.41.54:259][470]LogBlueprintUserMessages: [TopDownCharacter_BP_5] Test Sword Tool was equipped 
[2019.08.03-18.41.54:259][470]LogBlueprintUserMessages: [TopDownCharacter_BP_5] Test Shield 3 was unequipped 
[2019.08.03-18.41.54:260][470]LogBlueprintUserMessages: [TopDownCharacter_BP_5] Test Shield 1 was equipped 
[2019.08.03-18.41.54:450][493]LogBlueprintUserMessages: [TopDownCharacter_BP_5] Test Sword Tool was unequipped 
[2019.08.03-18.41.54:451][493]LogBlueprintUserMessages: [TopDownCharacter_BP_5] Sword Tool 2 was equipped 
[2019.08.03-18.41.54:451][493]LogBlueprintUserMessages: [TopDownCharacter_BP_5] Test Shield 1 was unequipped 
[2019.08.03-18.41.54:451][493]LogBlueprintUserMessages: [TopDownCharacter_BP_5] Test Shield 2 was equipped 
[2019.08.03-18.41.54:625][514]LogBlueprintUserMessages: [TopDownCharacter_BP_5] Sword Tool 2 was unequipped 
[2019.08.03-18.41.54:626][514]LogBlueprintUserMessages: [TopDownCharacter_BP_5] Test Sword Tool 3 was equipped 
[2019.08.03-18.41.54:626][514]LogBlueprintUserMessages: [TopDownCharacter_BP_5] Test Shield 2 was unequipped 
[2019.08.03-18.41.54:626][514]LogBlueprintUserMessages: [TopDownCharacter_BP_5] Test Shield 3 was equipped 
[2019.08.03-18.42.06:524][941]LogBlueprintUserMessages: [TopDownCharacter_BP_5] Test Sword Tool 3 was unequipped 
[2019.08.03-18.42.06:525][941]LogBlueprintUserMessages: [TopDownCharacter_BP_5] Sword Tool 2 was equipped 
[2019.08.03-18.42.06:525][941]LogBlueprintUserMessages: [TopDownCharacter_BP_5] Test Shield 3 was unequipped 
[2019.08.03-18.42.06:526][941]LogBlueprintUserMessages: [TopDownCharacter_BP_5] Test Shield 2 was equipped 
[2019.08.03-18.42.06:941][991]LogBlueprintUserMessages: [TopDownCharacter_BP_5] Sword Tool 2 was unequipped 
[2019.08.03-18.42.06:942][991]LogBlueprintUserMessages: [TopDownCharacter_BP_5] Test Sword Tool 3 was equipped 
[2019.08.03-18.42.06:942][991]LogBlueprintUserMessages: [TopDownCharacter_BP_5] Test Shield 2 was unequipped 
[2019.08.03-18.42.06:942][991]LogBlueprintUserMessages: [TopDownCharacter_BP_5] Test Shield 3 was equipped 
[2019.08.03-18.42.07:308][ 35]LogBlueprintUserMessages: [TopDownCharacter_BP_5] Test Sword Tool 3 was unequipped 
[2019.08.03-18.42.07:309][ 35]LogBlueprintUserMessages: [TopDownCharacter_BP_5] Sword Tool 2 was equipped 
[2019.08.03-18.42.07:309][ 35]LogBlueprintUserMessages: [TopDownCharacter_BP_5] Test Shield 3 was unequipped 
[2019.08.03-18.42.07:309][ 35]LogBlueprintUserMessages: [TopDownCharacter_BP_5] Test Shield 2 was equipped 
[2019.08.03-18.42.07:724][ 85]LogBlueprintUserMessages: [TopDownCharacter_BP_5] Sword Tool 2 was unequipped 
[2019.08.03-18.42.07:725][ 85]LogBlueprintUserMessages: [TopDownCharacter_BP_5] Test Sword Tool 3 was equipped 
[2019.08.03-18.42.07:725][ 85]LogBlueprintUserMessages: [TopDownCharacter_BP_5] Test Shield 2 was unequipped 
[2019.08.03-18.42.07:725][ 85]LogBlueprintUserMessages: [TopDownCharacter_BP_5] Test Shield 3 was equipped 
[2019.08.03-18.42.07:916][108]LogBlueprintUserMessages: [TopDownCharacter_BP_5] Test Sword Tool 3 was unequipped 
[2019.08.03-18.42.07:916][108]LogBlueprintUserMessages: [TopDownCharacter_BP_5] Sword Tool 2 was equipped 
[2019.08.03-18.42.07:917][108]LogBlueprintUserMessages: [TopDownCharacter_BP_5] Test Shield 3 was unequipped 
[2019.08.03-18.42.07:917][108]LogBlueprintUserMessages: [TopDownCharacter_BP_5] Test Shield 2 was equipped 
[2019.08.03-18.42.08:257][149]LogBlueprintUserMessages: [TopDownCharacter_BP_5] Sword Tool 2 was unequipped 
[2019.08.03-18.42.08:258][149]LogBlueprintUserMessages: [TopDownCharacter_BP_5] Test Sword Tool 3 was equipped 
[2019.08.03-18.42.08:258][149]LogBlueprintUserMessages: [TopDownCharacter_BP_5] Test Shield 2 was unequipped 
[2019.08.03-18.42.08:258][149]LogBlueprintUserMessages: [TopDownCharacter_BP_5] Test Shield 3 was equipped 
[2019.08.03-18.42.08:375][163]LogBlueprintUserMessages: [TopDownCharacter_BP_5] Test Sword Tool 3 was unequipped 
[2019.08.03-18.42.08:376][163]LogBlueprintUserMessages: [TopDownCharacter_BP_5] Sword Tool 2 was equipped 
[2019.08.03-18.42.08:376][163]LogBlueprintUserMessages: [TopDownCharacter_BP_5] Test Shield 3 was unequipped 
[2019.08.03-18.42.08:376][163]LogBlueprintUserMessages: [TopDownCharacter_BP_5] Test Shield 2 was equipped 
[2019.08.03-18.42.08:549][184]LogBlueprintUserMessages: [TopDownCharacter_BP_5] Sword Tool 2 was unequipped 
[2019.08.03-18.42.08:550][184]LogBlueprintUserMessages: [TopDownCharacter_BP_5] Test Sword Tool 3 was equipped 
[2019.08.03-18.42.08:550][184]LogBlueprintUserMessages: [TopDownCharacter_BP_5] Test Shield 2 was unequipped 
[2019.08.03-18.42.08:550][184]LogBlueprintUserMessages: [TopDownCharacter_BP_5] Test Shield 3 was equipped 
[2019.08.03-18.42.08:675][199]LogBlueprintUserMessages: [TopDownCharacter_BP_5] Test Sword Tool 3 was unequipped 
[2019.08.03-18.42.08:675][199]LogBlueprintUserMessages: [TopDownCharacter_BP_5] Sword Tool 2 was equipped 
[2019.08.03-18.42.08:675][199]LogBlueprintUserMessages: [TopDownCharacter_BP_5] Test Shield 3 was unequipped 
[2019.08.03-18.42.08:676][199]LogBlueprintUserMessages: [TopDownCharacter_BP_5] Test Shield 2 was equipped 
[2019.08.03-18.42.08:983][236]LogBlueprintUserMessages: [TopDownCharacter_BP_5] Sword Tool 2 was unequipped 
[2019.08.03-18.42.08:983][236]LogBlueprintUserMessages: [TopDownCharacter_BP_5] Test Sword Tool was equipped 
[2019.08.03-18.42.08:984][236]LogBlueprintUserMessages: [TopDownCharacter_BP_5] Test Shield 2 was unequipped 
[2019.08.03-18.42.08:984][236]LogBlueprintUserMessages: [TopDownCharacter_BP_5] Test Shield 1 was equipped 
[2019.08.03-18.42.09:608][311]LogBlueprintUserMessages: [TopDownCharacter_BP_5] Test Sword Tool was unequipped 
[2019.08.03-18.42.09:608][311]LogBlueprintUserMessages: [TopDownCharacter_BP_5] Test Sword Tool 3 was equipped 
[2019.08.03-18.42.09:608][311]LogBlueprintUserMessages: [TopDownCharacter_BP_5] Test Shield 1 was unequipped 
[2019.08.03-18.42.09:609][311]LogBlueprintUserMessages: [TopDownCharacter_BP_5] Test Shield 3 was equipped 
[2019.08.03-18.42.09:808][335]LogBlueprintUserMessages: [TopDownCharacter_BP_5] Test Sword Tool 3 was unequipped 
[2019.08.03-18.42.09:809][335]LogBlueprintUserMessages: [TopDownCharacter_BP_5] Sword Tool 2 was equipped 
[2019.08.03-18.42.09:809][335]LogBlueprintUserMessages: [TopDownCharacter_BP_5] Test Shield 3 was unequipped 
[2019.08.03-18.42.09:809][335]LogBlueprintUserMessages: [TopDownCharacter_BP_5] Test Shield 2 was equipped 
[2019.08.03-18.42.10:033][362]LogBlueprintUserMessages: [TopDownCharacter_BP_5] Sword Tool 2 was unequipped 
[2019.08.03-18.42.10:034][362]LogBlueprintUserMessages: [TopDownCharacter_BP_5] Test Sword Tool was equipped 
[2019.08.03-18.42.10:034][362]LogBlueprintUserMessages: [TopDownCharacter_BP_5] Test Shield 2 was unequipped 
[2019.08.03-18.42.10:034][362]LogBlueprintUserMessages: [TopDownCharacter_BP_5] Test Shield 1 was equipped 
[2019.08.03-18.42.10:433][410]LogBlueprintUserMessages: [TopDownCharacter_BP_5] Test Sword Tool was unequipped 
[2019.08.03-18.42.10:434][410]LogBlueprintUserMessages: [TopDownCharacter_BP_5] Test Sword Tool 3 was equipped 
[2019.08.03-18.42.10:434][410]LogBlueprintUserMessages: [TopDownCharacter_BP_5] Test Shield 1 was unequipped 
[2019.08.03-18.42.10:434][410]LogBlueprintUserMessages: [TopDownCharacter_BP_5] Test Shield 3 was equipped 
[2019.08.03-18.42.10:608][431]LogBlueprintUserMessages: [TopDownCharacter_BP_5] Test Sword Tool 3 was unequipped 
[2019.08.03-18.42.10:608][431]LogBlueprintUserMessages: [TopDownCharacter_BP_5] Sword Tool 2 was equipped 
[2019.08.03-18.42.10:609][431]LogBlueprintUserMessages: [TopDownCharacter_BP_5] Test Shield 3 was unequipped 
[2019.08.03-18.42.10:609][431]LogBlueprintUserMessages: [TopDownCharacter_BP_5] Test Shield 2 was equipped 
[2019.08.03-18.42.10:775][451]LogBlueprintUserMessages: [TopDownCharacter_BP_5] Sword Tool 2 was unequipped 
[2019.08.03-18.42.10:776][451]LogBlueprintUserMessages: [TopDownCharacter_BP_5] Test Sword Tool was equipped 
[2019.08.03-18.42.10:776][451]LogBlueprintUserMessages: [TopDownCharacter_BP_5] Test Shield 2 was unequipped 
[2019.08.03-18.42.10:776][451]LogBlueprintUserMessages: [TopDownCharacter_BP_5] Test Shield 1 was equipped 
[2019.08.03-18.42.10:916][468]LogBlueprintUserMessages: [TopDownCharacter_BP_5] Test Sword Tool was unequipped 
[2019.08.03-18.42.10:917][468]LogBlueprintUserMessages: [TopDownCharacter_BP_5] Test Sword Tool 3 was equipped 
[2019.08.03-18.42.10:917][468]LogBlueprintUserMessages: [TopDownCharacter_BP_5] Test Shield 1 was unequipped 
[2019.08.03-18.42.10:917][468]LogBlueprintUserMessages: [TopDownCharacter_BP_5] Test Shield 3 was equipped 
[2019.08.03-18.42.11:059][485]LogBlueprintUserMessages: [TopDownCharacter_BP_5] Test Sword Tool 3 was unequipped 
[2019.08.03-18.42.11:059][485]LogBlueprintUserMessages: [TopDownCharacter_BP_5] Sword Tool 2 was equipped 
[2019.08.03-18.42.11:059][485]LogBlueprintUserMessages: [TopDownCharacter_BP_5] Test Shield 3 was unequipped 
[2019.08.03-18.42.11:059][485]LogBlueprintUserMessages: [TopDownCharacter_BP_5] Test Shield 2 was equipped 
[2019.08.03-18.42.11:208][503]LogBlueprintUserMessages: [TopDownCharacter_BP_5] Sword Tool 2 was unequipped 
[2019.08.03-18.42.11:208][503]LogBlueprintUserMessages: [TopDownCharacter_BP_5] Test Sword Tool was equipped 
[2019.08.03-18.42.11:209][503]LogBlueprintUserMessages: [TopDownCharacter_BP_5] Test Shield 2 was unequipped 
[2019.08.03-18.42.11:209][503]LogBlueprintUserMessages: [TopDownCharacter_BP_5] Test Shield 1 was equipped 
[2019.08.03-18.42.11:458][533]LogBlueprintUserMessages: [TopDownCharacter_BP_5] Test Sword Tool was unequipped 
[2019.08.03-18.42.11:459][533]LogBlueprintUserMessages: [TopDownCharacter_BP_5] Test Sword Tool 3 was equipped 
[2019.08.03-18.42.11:459][533]LogBlueprintUserMessages: [TopDownCharacter_BP_5] Test Shield 1 was unequipped 
[2019.08.03-18.42.11:459][533]LogBlueprintUserMessages: [TopDownCharacter_BP_5] Test Shield 3 was equipped 
[2019.08.03-18.43.27:843][680]LogBlueprintUserMessages: [TopDownCharacter_BP_5] Sword Tool 2 was added
[2019.08.03-18.43.28:433][749]LogBlueprintUserMessages: [TopDownCharacter_BP_5] Test Sword Tool was added
[2019.08.03-18.43.30:214][962]LogBlueprintUserMessages: [TopDownCharacter_BP_5] Test Sword Tool was added
[2019.08.03-18.43.31:168][ 76]LogBlueprintUserMessages: [TopDownCharacter_BP_5] Sword Tool 2 was added
[2019.08.03-18.43.31:609][129]LogBlueprintUserMessages: [TopDownCharacter_BP_5] Sword Tool 2 was added
[2019.08.03-18.43.44:545][681]LogBlueprintUserMessages: Early EndPlayMap Detection: Level '/Game/IronForgedGames/Core/Entity/Test/ThirdPersonCPP/Maps/ThirdPersonExampleMap.ThirdPersonExampleMap:PersistentLevel' has LevelScriptBlueprint '/Game/IronForgedGames/Core/Entity/Test/ThirdPersonCPP/Maps/ThirdPersonExampleMap.ThirdPersonExampleMap:PersistentLevel.ThirdPersonExampleMap' with GeneratedClass '/Game/IronForgedGames/Core/Entity/Test/ThirdPersonCPP/Maps/ThirdPersonExampleMap.ThirdPersonExampleMap_C' with ClassGeneratedBy '/Game/IronForgedGames/Core/Entity/Test/ThirdPersonCPP/Maps/ThirdPersonExampleMap.ThirdPersonExampleMap:PersistentLevel.ThirdPersonExampleMap'
[2019.08.03-18.43.44:546][681]LogSlate: Updating window title bar state: overlay mode, drag disabled, window buttons hidden, title bar hidden
[2019.08.03-18.43.44:601][681]LogPlayLevel: Display: Shutting down PIE online subsystems
[2019.08.03-18.43.44:602][681]LogBlueprintUserMessages: Late EndPlayMap Detection: Level '/Game/IronForgedGames/Core/Entity/Test/ThirdPersonCPP/Maps/ThirdPersonExampleMap.ThirdPersonExampleMap:PersistentLevel' has LevelScriptBlueprint '/Game/IronForgedGames/Core/Entity/Test/ThirdPersonCPP/Maps/ThirdPersonExampleMap.ThirdPersonExampleMap:PersistentLevel.ThirdPersonExampleMap' with GeneratedClass '/Game/IronForgedGames/Core/Entity/Test/ThirdPersonCPP/Maps/ThirdPersonExampleMap.ThirdPersonExampleMap_C' with ClassGeneratedBy '/Game/IronForgedGames/Core/Entity/Test/ThirdPersonCPP/Maps/ThirdPersonExampleMap.ThirdPersonExampleMap:PersistentLevel.ThirdPersonExampleMap'
[2019.08.03-18.43.44:632][681]LogSlate: Updating window title bar state: overlay mode, drag disabled, window buttons hidden, title bar hidden
[2019.08.03-18.43.44:655][682]LogPlayLevel: Display: Destroying online subsystem :Context_8
[2019.08.03-18.44.18:942][402]LogFileHelpers: Editor autosave (incl. sublevels) for '/Game/IronForgedGames/Core/Entity/Test/ThirdPersonCPP/Maps/ThirdPersonExampleMap' took 0.023
[2019.08.03-18.44.18:953][402]OBJ SavePackage: Generating thumbnails for [1] asset(s) in package [/Game/IronForgedGames/Implementation/Gameplay/CharactersBP/PlayerCharacters/Base/TopDownCharacter_BP] ([1] browsable assets)...
[2019.08.03-18.44.18:974][402]OBJ SavePackage:     Rendered thumbnail for [Blueprint /Game/IronForgedGames/Implementation/Gameplay/CharactersBP/PlayerCharacters/Base/TopDownCharacter_BP.TopDownCharacter_BP]
[2019.08.03-18.44.18:974][402]OBJ SavePackage: Finished generating thumbnails for package [/Game/IronForgedGames/Implementation/Gameplay/CharactersBP/PlayerCharacters/Base/TopDownCharacter_BP]
[2019.08.03-18.44.19:108][402]LogSavePackage: Moving '../../../../../Projects/IronForgedGames/Project_Tether/Project_Tether/Saved/TopDownCharacter_BP_Auto16E0D8CAB4EC15FB589C617A74EF47A8C.tmp' to '../../../../../Projects/IronForgedGames/Project_Tether/Project_Tether/Saved/Autosaves/Game/IronForgedGames/Implementation/Gameplay/CharactersBP/PlayerCharacters/Base/TopDownCharacter_BP_Auto1.uasset'
[2019.08.03-18.44.19:130][402]LogFileHelpers: Auto-saving content packages took 0.187
[2019.08.03-23.13.41:714][543]LogSlate: FSceneViewport::OnFocusLost() reason 2
[2019.08.03-23.13.44:883][919]LogEditorViewport: Clicking on Actor (LMB): BP_Sky_Sphere_C (SkySphereBlueprint)
[2019.08.03-23.13.49:938][513]LogSlate: FSceneViewport::OnFocusLost() reason 0
[2019.08.03-23.14.09:363][787]LogGeometryMode: Warning: Unable to find BoxBrush2 Brush(s) in new BSP
[2019.08.03-23.14.09:364][787]LogGeometryMode: Warning: Unable to find all previously selected geometry data, resetting selection
[2019.08.03-23.14.11:106][989]LogGeometryMode: Warning: Unable to find BoxBrush Brush(s) in new BSP
[2019.08.03-23.14.11:107][989]LogGeometryMode: Warning: Unable to find all previously selected geometry data, resetting selection
[2019.08.03-23.14.30:557][249]LogSlate: FSceneViewport::OnFocusLost() reason 0
[2019.08.03-23.14.55:682][332]LogSavePackage: Moving '../../../../../Projects/IronForgedGames/Project_Tether/Project_Tether/Saved/ThirdPersonExampleMap_Auto27E4868804A5DB1B456EA8CAEE7015D90.tmp' to '../../../../../Projects/IronForgedGames/Project_Tether/Project_Tether/Saved/Autosaves/Game/IronForgedGames/Core/Entity/Test/ThirdPersonCPP/Maps/ThirdPersonExampleMap_Auto2.umap'
[2019.08.03-23.14.55:685][332]LogFileHelpers: Editor autosave (incl. sublevels) for '/Game/IronForgedGames/Core/Entity/Test/ThirdPersonCPP/Maps/ThirdPersonExampleMap' took 0.471
[2019.08.03-23.14.55:686][332]LogFileHelpers: Editor autosave (incl. sublevels) for all levels took 0.471
[2019.08.03-23.33.13:176][747]LogSlate: FSceneViewport::OnFocusLost() reason 0
[2019.08.03-23.33.15:877][ 46]LogRenderer: Reallocating scene render targets to support 1232x704 Format 10 NumSamples 1 (Frame:1).
[2019.08.03-23.33.21:938][745]LogSlate: FSceneViewport::OnFocusLost() reason 0
[2019.08.03-23.33.24:991][109]LogSlate: FSceneViewport::OnFocusLost() reason 0
[2019.08.03-23.33.33:896][114]LogAssetEditorManager: Opening Asset editor for AnimBlueprint /Game/IronForgedGames/Implementation/Gameplay/CharactersBP/PlayerCharacters/Animation/TopDownAnim_BP.TopDownAnim_BP
[2019.08.03-23.33.34:026][114]LogContentBrowser: Native class hierarchy updated for 'SkeletonEditor' in 0.0005 seconds. Added 1 classes and 2 folders.
[2019.08.03-23.33.34:609][114]LogActorComponent: RegisterComponentWithWorld: (/Engine/Transient.World_10:PersistentLevel.AnimationEditorPreviewActor_0.DebugSkelMeshComponent_0) Already registered. Aborting.
[2019.08.03-23.33.34:678][114]LogContentBrowser: Native class hierarchy updated for 'PinnedCommandList' in 0.0004 seconds. Added 1 classes and 0 folders.
[2019.08.03-23.33.34:970][114]LogSkeletalMesh: USkeletalMeshComponent::InitArticulated : Bodies already created (/Engine/Transient.World_10:PersistentLevel.AnimationEditorPreviewActor_0.DebugSkelMeshComponent_0) - call TermArticulated first.
[2019.08.03-23.33.35:330][114]LogContentBrowser: Native class hierarchy updated for 'ClothingSystemEditorInterface' in 0.0004 seconds. Added 1 classes and 0 folders.
[2019.08.03-23.34.31:505][819]LogFileHelpers: Editor autosave (incl. sublevels) for '/Game/IronForgedGames/Core/Entity/Test/ThirdPersonCPP/Maps/ThirdPersonExampleMap' took 0.030
[2019.08.03-23.34.31:507][819]OBJ SavePackage: Generating thumbnails for [1] asset(s) in package [/Game/IronForgedGames/Implementation/Gameplay/CharactersBP/PlayerCharacters/Animation/TopDownAnim_BP] ([1] browsable assets)...
[2019.08.03-23.34.31:517][819]OBJ SavePackage:     Rendered thumbnail for [AnimBlueprint /Game/IronForgedGames/Implementation/Gameplay/CharactersBP/PlayerCharacters/Animation/TopDownAnim_BP.TopDownAnim_BP]
[2019.08.03-23.34.31:518][819]OBJ SavePackage: Finished generating thumbnails for package [/Game/IronForgedGames/Implementation/Gameplay/CharactersBP/PlayerCharacters/Animation/TopDownAnim_BP]
[2019.08.03-23.34.31:566][819]LogSavePackage: Moving '../../../../../Projects/IronForgedGames/Project_Tether/Project_Tether/Saved/TopDownAnim_BP_Auto3E79D3FA7424BF10DEF16BAA09EB45669.tmp' to '../../../../../Projects/IronForgedGames/Project_Tether/Project_Tether/Saved/Autosaves/Game/IronForgedGames/Implementation/Gameplay/CharactersBP/PlayerCharacters/Animation/TopDownAnim_BP_Auto3.uasset'
[2019.08.03-23.34.31:567][819]LogFileHelpers: Auto-saving content packages took 0.060
[2019.08.03-23.35.25:205][237]LogSlate: FSceneViewport::OnFocusLost() reason 0
[2019.08.03-23.36.05:911][ 91]LogSlate: FSceneViewport::OnFocusLost() reason 0
[2019.08.03-23.36.20:392][770]LogEditorViewport: Clicking on Actor (LMB): CommonToolPickup_C (CommonToolPickup6)
[2019.08.03-23.36.22:111][972]LogSlate: FSceneViewport::OnFocusLost() reason 0
[2019.08.03-23.36.22:180][979]LogAssetEditorManager: Opening Asset editor for Blueprint /Game/IronForgedGames/Implementation/Gameplay/System/Tool/Pickups/CommonToolPickup.CommonToolPickup
