Log file open, 08/08/19 11:56:50
LogWindows: Failed to load 'aqProf.dll' (GetLastError=126)
LogWindows: File 'aqProf.dll' does not exist
LogWindows: Failed to load 'VSPerf140.dll' (GetLastError=126)
LogWindows: File 'VSPerf140.dll' does not exist
LogWindows: Failed to load 'VtuneApi.dll' (GetLastError=126)
LogWindows: File 'VtuneApi.dll' does not exist
LogWindows: Failed to load 'VtuneApi32e.dll' (GetLastError=126)
LogWindows: File 'VtuneApi32e.dll' does not exist
LogInit: Display: Running engine for game: Project_Tether
LogPlatformFile: Not using cached read wrapper
LogTaskGraph: Started task graph with 5 named threads and 23 total threads with 3 sets of task threads.
LogStats: Stats thread started at 4.854212
LogD3D11RHI: Loaded GFSDK_Aftermath_Lib.x64.dll
LogICUInternationalization: Display: ICU TimeZone Detection - Raw Offset: -5:00, Platform Override: ''
LogPluginManager: Mounting plugin Paper2D
LogPluginManager: Mounting plugin AISupport
LogPluginManager: Mounting plugin LightPropagationVolume
LogPluginManager: Mounting plugin CLionSourceCodeAccess
LogPluginManager: Mounting plugin CodeLiteSourceCodeAccess
LogPluginManager: Mounting plugin GitSourceControl
LogPluginManager: Mounting plugin KDevelopSourceCodeAccess
LogPluginManager: Mounting plugin NullSourceCodeAccess
LogPluginManager: Mounting plugin PerforceSourceControl
LogPluginManager: Mounting plugin SubversionSourceControl
LogPluginManager: Mounting plugin UObjectPlugin
LogPluginManager: Mounting plugin VisualStudioCodeSourceCodeAccess
LogPluginManager: Mounting plugin VisualStudioSourceCodeAccess
LogPluginManager: Mounting plugin XCodeSourceCodeAccess
LogPluginManager: Mounting plugin AssetManagerEditor
LogPluginManager: Mounting plugin CryptoKeys
LogPluginManager: Mounting plugin DataValidation
LogPluginManager: Mounting plugin FacialAnimation
LogPluginManager: Mounting plugin GameplayTagsEditor
LogPluginManager: Mounting plugin MacGraphicsSwitching
LogPluginManager: Mounting plugin MeshEditor
LogPluginManager: Mounting plugin MobileLauncherProfileWizard
LogPluginManager: Mounting plugin PluginBrowser
LogPluginManager: Mounting plugin SpeedTreeImporter
LogPluginManager: Mounting plugin DatasmithContent
LogPluginManager: Mounting plugin AlembicImporter
LogPluginManager: Mounting plugin AppleImageUtils
LogPluginManager: Mounting plugin AppleVision
LogPluginManager: Mounting plugin BackChannel
LogPluginManager: Mounting plugin CharacterAI
LogPluginManager: Mounting plugin GeometryCache
LogPluginManager: Mounting plugin HTML5Networking
LogPluginManager: Mounting plugin ProxyLODPlugin
LogPluginManager: Mounting plugin MagicLeap
LogPluginManager: Mounting plugin MagicLeapEmulator
LogPluginManager: Mounting plugin MagicLeapMedia
LogPluginManager: Mounting plugin AndroidMedia
LogPluginManager: Mounting plugin AvfMedia
LogPluginManager: Mounting plugin ImgMedia
LogPluginManager: Mounting plugin LinearTimecode
LogPluginManager: Mounting plugin MediaCompositing
LogPluginManager: Mounting plugin MediaPlayerEditor
LogPluginManager: Mounting plugin WmfMedia
LogPluginManager: Mounting plugin TcpMessaging
LogPluginManager: Mounting plugin UdpMessaging
LogPluginManager: Mounting plugin ActorSequence
LogPluginManager: Mounting plugin LevelSequenceEditor
LogPluginManager: Mounting plugin MatineeToLevelSequence
LogPluginManager: Mounting plugin NetcodeUnitTest
LogPluginManager: Mounting plugin NUTUnrealEngine4
LogPluginManager: Mounting plugin OnlineSubsystemGooglePlay
LogPluginManager: Mounting plugin OnlineSubsystemIOS
LogPluginManager: Mounting plugin OnlineSubsystem
LogPluginManager: Mounting plugin OnlineSubsystemNull
LogPluginManager: Mounting plugin OnlineSubsystemUtils
LogPluginManager: Mounting plugin LauncherChunkInstaller
LogPluginManager: Mounting plugin AndroidDeviceProfileSelector
LogPluginManager: Mounting plugin AndroidMoviePlayer
LogPluginManager: Mounting plugin AndroidPermission
LogPluginManager: Mounting plugin AppleMoviePlayer
LogPluginManager: Mounting plugin ArchVisCharacter
LogPluginManager: Mounting plugin AudioCapture
LogPluginManager: Mounting plugin CableComponent
LogPluginManager: Mounting plugin CustomMeshComponent
LogPluginManager: Mounting plugin EditableMesh
LogPluginManager: Mounting plugin ExampleDeviceProfileSelector
LogPluginManager: Mounting plugin GoogleCloudMessaging
LogPluginManager: Mounting plugin ImmediatePhysics
LogPluginManager: Mounting plugin IOSDeviceProfileSelector
LogPluginManager: Mounting plugin LinuxDeviceProfileSelector
LogPluginManager: Mounting plugin LocationServicesBPLibrary
LogPluginManager: Mounting plugin MobilePatchingUtils
LogPluginManager: Mounting plugin OculusVR
LogPluginManager: Plugin shader directory ../../../Engine/Plugins/Runtime/Oculus/OculusVR/Shaders found
LogPluginManager: Mapping shader source directory ../../../Engine/Plugins/Runtime/Oculus/OculusVR/Shaders to virtual directory /Plugin/OculusVR
LogPluginManager: Mounting plugin PhysXVehicles
LogPluginManager: Mounting plugin ProceduralMeshComponent
LogPluginManager: Mounting plugin RuntimePhysXCooking
LogPluginManager: Mounting plugin SteamVR
LogPluginManager: Mounting plugin WindowsMoviePlayer
LogStreaming: Display: Took  0.228s to configure plugins.
LogInit: Using libcurl 7.55.1-DEV
LogInit:  - built for x86_64-pc-win32
LogInit:  - supports SSL with OpenSSL/1.0.2h
LogInit:  - supports HTTP deflate (compression) using libz 1.2.8
LogInit:  - other features:
LogInit:      CURL_VERSION_SSL
LogInit:      CURL_VERSION_LIBZ
LogInit:      CURL_VERSION_IPV6
LogInit:      CURL_VERSION_ASYNCHDNS
LogInit:      CURL_VERSION_LARGEFILE
LogInit:      CURL_VERSION_IDN
LogInit:  CurlRequestOptions (configurable via config and command line):
LogInit:  - bVerifyPeer = false  - Libcurl will NOT verify peer certificate
LogInit:  - bUseHttpProxy = false  - Libcurl will NOT use HTTP proxy
LogInit:  - bDontReuseConnections = false  - Libcurl will reuse connections
LogInit:  - CertBundlePath = nullptr  - Libcurl will use whatever was configured at build time.
LogInit:  - MaxHostConnections = 16  - Libcurl will limit the number of connections to a host
LogInit:  - LocalHostAddr = Default
LogInit:  - BufferSize = 65536
LogInit: WinSock: version 1.1 (2.2), MaxSocks=32767, MaxUdp=65467
LogInit: Build: ++UE4+Release-4.20-CL-4369336
LogInit: Engine Version: 4.20.3-4369336+++UE4+Release-4.20
LogInit: Compatible Engine Version: 4.20.0-4212847+++UE4+Release-4.20
LogInit: Net CL: 4212847
LogInit: OS: Windows 10 (), CPU: Intel(R) Core(TM) i7-6700 CPU @ 3.40GHz, GPU: NVIDIA GeForce GTX 1060 6GB
LogInit: Compiled (64-bit): Sep 17 2018 12:26:19
LogInit: Compiled with Visual C++: 19.13.26129.00
LogInit: Build Configuration: Development
LogInit: Branch Name: ++UE4+Release-4.20
LogInit: Command Line:  -skipcompile
LogInit: Base Directory: E:/Epic Games/UE_4.20/Engine/Binaries/Win64/
LogInit: Installed Engine Build: 1
LogDevObjectVersion: Number of dev versions registered: 20
LogDevObjectVersion:   Dev-Blueprints (B0D832E4-1F89-4F0D-ACCF-7EB736FD4AA2): 10
LogDevObjectVersion:   Dev-Build (E1C64328-A22C-4D53-A36C-8E866417BD8C): 0
LogDevObjectVersion:   Dev-Core (375EC13C-06E4-48FB-B500-84F0262A717E): 2
LogDevObjectVersion:   Dev-Editor (E4B068ED-F494-42E9-A231-DA0B2E46BB41): 24
LogDevObjectVersion:   Dev-Framework (CFFC743F-43B0-4480-9391-14DF171D2073): 34
LogDevObjectVersion:   Dev-Mobile (B02B49B5-BB20-44E9-A304-32B752E40360): 2
LogDevObjectVersion:   Dev-Networking (A4E4105C-59A1-49B5-A7C5-40C4547EDFEE): 0
LogDevObjectVersion:   Dev-Online (39C831C9-5AE6-47DC-9A44-9C173E1C8E7C): 0
LogDevObjectVersion:   Dev-Physics (78F01B33-EBEA-4F98-B9B4-84EACCB95AA2): 0
LogDevObjectVersion:   Dev-Platform (6631380F-2D4D-43E0-8009-CF276956A95A): 0
LogDevObjectVersion:   Dev-Rendering (12F88B9F-8875-4AFC-A67C-D90C383ABD29): 26
LogDevObjectVersion:   Dev-Sequencer (7B5AE74C-D270-4C10-A958-57980B212A5A): 9
LogDevObjectVersion:   Dev-VR (D7296918-1DD6-4BDD-9DE2-64A83CC13884): 2
LogDevObjectVersion:   Dev-LoadTimes (C2A15278-BFE7-4AFE-6C17-90FF531DF755): 1
LogDevObjectVersion:   Private-Geometry (6EACA3D4-40EC-4CC1-B786-8BED09428FC5): 3
LogDevObjectVersion:   Dev-AnimPhys (29E575DD-E0A3-4627-9D10-D276232CDCEA): 17
LogDevObjectVersion:   Dev-ReflectionCapture (6B266CEC-1EC7-4B8F-A30B-E4D90942FC07): 1
LogDevObjectVersion:   Dev-Automation (0DF73D61-A23F-47EA-B727-89E90C41499A): 1
LogDevObjectVersion:   FortniteMain (601D1886-AC64-4F84-AA16-D3DE0DEAC7D6): 12
LogDevObjectVersion:   Dev-Enterprise (9DFFBCD6-494F-0158-E221-12823C92A888): 1
LogStreaming: Display: Took  0.002s to delete old logs.
LogInit: Presizing for max 8388607 objects, including 0 objects not considered by GC, pre-allocating 0 bytes for permanent pool.
LogInit: Object subsystem initialized
[2019.08.08-15.56.52:364][  0]LogInit: Selected Device Profile: [Windows]
[2019.08.08-15.56.52:365][  0]LogInit: Applying CVar settings loaded from the selected device profile: [Windows]
[2019.08.08-15.56.52:407][  0]LogHAL: Display: Platform has ~ 32 GB [34316865536 / 34359738368 / 32], which maps to Largest [LargestMinGB=32, LargerMinGB=12, DefaultMinGB=8, SmallerMinGB=6, SmallestMinGB=0)
[2019.08.08-15.56.52:412][  0]LogInit: Setting Device Profile CVar: [[r.Vulkan.UseRealUBs:1]]
[2019.08.08-15.56.52:412][  0]LogInit: Going up to parent DeviceProfile []
[2019.08.08-15.56.52:442][  0]LogInit: Computer: WSROLLER45
[2019.08.08-15.56.52:442][  0]LogInit: User: aaronhines
[2019.08.08-15.56.52:442][  0]LogInit: CPU Page size=4096, Cores=4
[2019.08.08-15.56.52:442][  0]LogInit: High frequency timer resolution =10.000000 MHz
[2019.08.08-15.56.52:443][  0]LogMemory: Memory total: Physical=32.0GB (32GB approx)
[2019.08.08-15.56.52:443][  0]LogMemory: Platform Memory Stats for Windows
[2019.08.08-15.56.52:443][  0]LogMemory: Process Physical Memory: 103.40 MB used, 103.40 MB peak
[2019.08.08-15.56.52:443][  0]LogMemory: Process Virtual Memory: 93.49 MB used, 93.49 MB peak
[2019.08.08-15.56.52:443][  0]LogMemory: Physical Memory: 11293.23 MB used,  21433.88 MB free, 32727.11 MB total
[2019.08.08-15.56.52:443][  0]LogMemory: Virtual Memory: 4617.47 MB used,  21433.88 MB free, 134217728.00 MB total
[2019.08.08-15.56.53:471][  0]LogInit: Using OS detected language (en-US).
[2019.08.08-15.56.53:472][  0]LogInit: Using OS detected locale (en-US).
[2019.08.08-15.56.53:531][  0]LogTextLocalizationManager: No specific localization for 'en-US' exists, so the 'en' localization will be used.
[2019.08.08-15.56.54:295][  0]LogStreaming: Display: Took  0.806s to InitEngineTextLocalization.
[2019.08.08-15.56.54:300][  0]LogInit: Setting process to per monitor DPI aware
[2019.08.08-15.56.55:009][  0]LogSlate: New Slate User Created.  User Index 0, Is Virtual User: 0
[2019.08.08-15.56.55:009][  0]LogSlate: Slate User Registered.  User Index 0, Is Virtual User: 0
[2019.08.08-15.56.56:600][  0]LogHMD: Failed to initialize OpenVR with code 126
[2019.08.08-15.56.56:600][  0]LogD3D11RHI: D3D11 adapters:
[2019.08.08-15.56.56:691][  0]LogD3D11RHI:    0. 'NVIDIA GeForce GTX 1060 6GB' (Feature Level 11_0)
[2019.08.08-15.56.56:691][  0]LogD3D11RHI:       6052/0/16363 MB DedicatedVideo/DedicatedSystem/SharedSystem, Outputs:2, VendorId:0x10de
[2019.08.08-15.56.56:700][  0]LogD3D11RHI:    1. 'Microsoft Basic Render Driver' (Feature Level 11_0)
[2019.08.08-15.56.56:700][  0]LogD3D11RHI:       0/0/16363 MB DedicatedVideo/DedicatedSystem/SharedSystem, Outputs:0, VendorId:0x1414
[2019.08.08-15.56.56:700][  0]LogD3D11RHI: Chosen D3D11 Adapter: 0
[2019.08.08-15.56.56:714][  0]LogD3D11RHI: Creating new Direct3DDevice
[2019.08.08-15.56.56:714][  0]LogD3D11RHI:     GPU DeviceId: 0x1c03 (for the marketing name, search the web for "GPU Device Id")
[2019.08.08-15.56.56:725][  0]LogWindows: EnumDisplayDevices:
[2019.08.08-15.56.56:726][  0]LogWindows:    0. 'NVIDIA GeForce GTX 1060 6GB' (P:1 D:1)
[2019.08.08-15.56.56:726][  0]LogWindows:    1. 'NVIDIA GeForce GTX 1060 6GB' (P:0 D:1)
[2019.08.08-15.56.56:727][  0]LogWindows:    2. 'NVIDIA GeForce GTX 1060 6GB' (P:0 D:0)
[2019.08.08-15.56.56:727][  0]LogWindows:    3. 'NVIDIA GeForce GTX 1060 6GB' (P:0 D:0)
[2019.08.08-15.56.56:728][  0]LogWindows: DebugString: FoundDriverCount:4 
[2019.08.08-15.56.56:728][  0]LogD3D11RHI:     Adapter Name: NVIDIA GeForce GTX 1060 6GB
[2019.08.08-15.56.56:728][  0]LogD3D11RHI:   Driver Version: 425.31 (internal:25.21.14.2531, unified:425.31)
[2019.08.08-15.56.56:728][  0]LogD3D11RHI:      Driver Date: 4-9-2019
[2019.08.08-15.56.56:728][  0]LogRHI: Texture pool is 4236 MB (70% of 6052 MB)
[2019.08.08-15.56.56:806][  0]LogD3D11RHI: Async texture creation enabled
[2019.08.08-15.56.57:092][  0]LogD3D11RHI: GPU Timing Frequency: 1000.000000 (Debug: 2 1)
[2019.08.08-15.56.57:249][  0]LogShaderCompilers: Guid format shader working directory is 0 characters bigger than the processId version (../../../../../Tether/Project_Tether/Project_Tether/Intermediate/Shaders/WorkingDirectory/10368/).
[2019.08.08-15.56.57:250][  0]LogShaderCompilers: Cleaned the shader compiler working directory 'C:/Users/aaron.hines/AppData/Local/Temp/UnrealShaderWorkingDir/0F13F6DE4EEB06541B3A438670DD41BA/'.
[2019.08.08-15.56.57:620][  0]LogTemp: Display: Loaded TP AllDesktopTargetPlatform
[2019.08.08-15.56.57:644][  0]LogTemp: Display: Loaded TP MacClientTargetPlatform
[2019.08.08-15.56.57:666][  0]LogTemp: Display: Loaded TP MacNoEditorTargetPlatform
[2019.08.08-15.56.57:684][  0]LogTemp: Display: Loaded TP MacServerTargetPlatform
[2019.08.08-15.56.57:736][  0]LogTemp: Display: Loaded TP MacTargetPlatform
[2019.08.08-15.56.57:764][  0]LogTemp: Display: Loaded TP WindowsClientTargetPlatform
[2019.08.08-15.56.57:787][  0]LogTemp: Display: Loaded TP WindowsNoEditorTargetPlatform
[2019.08.08-15.56.57:816][  0]LogTemp: Display: Loaded TP WindowsServerTargetPlatform
[2019.08.08-15.56.57:827][  0]LogTemp: Display: Loaded TP WindowsTargetPlatform
[2019.08.08-15.56.57:937][  0]LogTemp: Display: Loaded TP AndroidTargetPlatform
[2019.08.08-15.56.57:938][  0]LogTemp: Display: Loaded TP AndroidTargetPlatform
[2019.08.08-15.56.57:938][  0]LogTemp: Display: Loaded TP AndroidTargetPlatform
[2019.08.08-15.56.57:938][  0]LogTemp: Display: Loaded TP AndroidTargetPlatform
[2019.08.08-15.56.57:938][  0]LogTemp: Display: Loaded TP AndroidTargetPlatform
[2019.08.08-15.56.57:938][  0]LogTemp: Display: Loaded TP AndroidTargetPlatform
[2019.08.08-15.56.57:938][  0]LogTemp: Display: Loaded TP AndroidTargetPlatform
[2019.08.08-15.56.57:938][  0]LogTemp: Display: Loaded TP AndroidTargetPlatform
[2019.08.08-15.56.57:938][  0]LogTemp: Display: Loaded TP AndroidTargetPlatform
[2019.08.08-15.56.57:938][  0]LogTemp: Display: Loaded TP AndroidTargetPlatform
[2019.08.08-15.56.57:938][  0]LogTemp: Display: Loaded TP AndroidTargetPlatform
[2019.08.08-15.56.57:939][  0]LogTemp: Display: Loaded TP AndroidTargetPlatform
[2019.08.08-15.56.57:939][  0]LogTemp: Display: Loaded TP AndroidTargetPlatform
[2019.08.08-15.56.57:939][  0]LogTemp: Display: Loaded TP AndroidTargetPlatform
[2019.08.08-15.56.57:939][  0]LogTemp: Display: Loaded TP AndroidTargetPlatform
[2019.08.08-15.56.57:939][  0]LogTemp: Display: Loaded TP AndroidTargetPlatform
[2019.08.08-15.56.57:939][  0]LogTemp: Display: Loaded TP AndroidTargetPlatform
[2019.08.08-15.56.57:939][  0]LogTemp: Display: Loaded TP AndroidTargetPlatform
[2019.08.08-15.56.57:953][  0]LogTemp: Display: Loaded TP HTML5TargetPlatform
[2019.08.08-15.56.58:077][  0]LogTemp: Display: Loaded TP IOSTargetPlatform
[2019.08.08-15.56.58:077][  0]LogTemp: Display: Loaded TP IOSTargetPlatform
[2019.08.08-15.56.58:107][  0]LogTemp: Display: Loaded TP TVOSTargetPlatform
[2019.08.08-15.56.58:108][  0]LogTemp: Display: Loaded TP TVOSTargetPlatform
[2019.08.08-15.56.58:149][  0]LogTemp: Display: Loaded TP LinuxClientTargetPlatform
[2019.08.08-15.56.58:167][  0]LogTemp: Display: Loaded TP LinuxNoEditorTargetPlatform
[2019.08.08-15.56.58:193][  0]LogTemp: Display: Loaded TP LinuxServerTargetPlatform
[2019.08.08-15.56.58:209][  0]LogTemp: Display: Loaded TP LinuxTargetPlatform
[2019.08.08-15.56.58:220][  0]LogTemp: Display: Loaded TP LuminTargetPlatform
[2019.08.08-15.56.58:220][  0]LogTargetPlatformManager: Display: Building Assets For Windows
[2019.08.08-15.56.58:738][  0]LogXGEController: Cleaning working directory: C:/Users/aaron.hines/AppData/Local/Temp/UnrealXGEWorkingDir/
[2019.08.08-15.56.58:739][  0]LogXGEController: Cannot use XGE Controller as Incredibuild is not installed on this machine.
[2019.08.08-15.56.58:739][  0]LogShaderCompilers: Cannot use XGE Shader Compiler as Incredibuild is not installed on this machine.
[2019.08.08-15.56.58:739][  0]LogShaderCompilers: Display: Using Local Shader Compiler.
[2019.08.08-15.57.00:765][  0]LogDerivedDataCache: Display: Max Cache Size: 512 MB
[2019.08.08-15.57.01:079][  0]LogDerivedDataCache: Loaded boot cache 0.31s 71MB C:/Users/aaron.hines/AppData/Local/UnrealEngine/4.20/DerivedDataCache/Boot.ddc.
[2019.08.08-15.57.01:079][  0]LogDerivedDataCache: Display: Loaded Boot cache: C:/Users/aaron.hines/AppData/Local/UnrealEngine/4.20/DerivedDataCache/Boot.ddc
[2019.08.08-15.57.01:079][  0]LogDerivedDataCache: FDerivedDataBackendGraph:  Pak pak cache file ../../../../../Tether/Project_Tether/Project_Tether/DerivedDataCache/DDC.ddp not found, will not use a pak cache.
[2019.08.08-15.57.01:080][  0]LogDerivedDataCache: Unable to find inner node Pak for hierarchical cache Hierarchy.
[2019.08.08-15.57.01:080][  0]LogDerivedDataCache: FDerivedDataBackendGraph:  CompressedPak pak cache file ../../../../../Tether/Project_Tether/Project_Tether/DerivedDataCache/Compressed.ddp not found, will not use a pak cache.
[2019.08.08-15.57.01:080][  0]LogDerivedDataCache: Unable to find inner node CompressedPak for hierarchical cache Hierarchy.
[2019.08.08-15.57.01:147][  0]LogDerivedDataCache: Display: Pak cache opened for reading ../../../Engine/DerivedDataCache/Compressed.ddp.
[2019.08.08-15.57.01:160][  0]LogDerivedDataCache: Using Local data cache path C:/Users/aaron.hines/AppData/Local/UnrealEngine/Common/DerivedDataCache: Writable
[2019.08.08-15.57.01:160][  0]LogDerivedDataCache: Shared data cache path not found in *engine.ini, will not use an Shared cache.
[2019.08.08-15.57.01:161][  0]LogDerivedDataCache: Unable to find inner node Shared for hierarchical cache Hierarchy.
[2019.08.08-15.57.01:183][  0]LogMaterial: Verifying Global Shaders for PCD3D_SM5
[2019.08.08-15.57.01:250][  0]LogSlate: Using FreeType 2.6.0
[2019.08.08-15.57.01:360][  0]LogSlate: SlateFontServices - WITH_FREETYPE: 1, WITH_HARFBUZZ: 1
[2019.08.08-15.57.01:758][  0]LogAssetRegistry: FAssetRegistry took 0.0322 seconds to start up
[2019.08.08-15.57.06:924][  0]LogInit: Selected Device Profile: [Windows]
[2019.08.08-15.57.11:035][  0]LogSimplygon: Simplygon DLL not present - disabling.
[2019.08.08-15.57.11:720][  0]LogMeshReduction: Using SimplygonSwarm for distributed automatic mesh merging
[2019.08.08-15.57.11:729][  0]LogMeshReduction: Using ProxyLODMeshReduction for automatic mesh merging
[2019.08.08-15.57.11:735][  0]LogMeshReduction: Using QuadricMeshReduction for automatic static mesh reduction
[2019.08.08-15.57.11:735][  0]LogMeshReduction: No automatic skeletal mesh reduction module available
[2019.08.08-15.57.12:750][  0]LogNetVersion: Project_Tether 1.0.0, NetCL: 4212847, EngineNetVer: 5, GameNetVer: 0 (Checksum: 2290113244)
[2019.08.08-15.57.20:164][  0]LogPackageLocalizationCache: Processed 11 localized package path(s) for 2 prioritized culture(s) in 0.121476 seconds
[2019.08.08-15.57.20:411][  0]LogUObjectArray: 38425 objects as part of root set at end of initial load.
[2019.08.08-15.57.20:411][  0]LogUObjectAllocator: 6690864 out of 0 bytes used by permanent object pool.
[2019.08.08-15.57.20:411][  0]LogUObjectArray: CloseDisregardForGC: 0/0 objects in disregard for GC pool
[2019.08.08-15.57.50:634][  0]LogTcpMessaging: Initializing TcpMessaging bridge
[2019.08.08-15.57.50:667][  0]LogUdpMessaging: Initializing bridge on interface 0.0.0.0:0 to multicast group 230.0.0.1:6666.
[2019.08.08-15.57.51:254][  0]LogLinker: Warning: Can't find file '/Game/ThirdPersonCPP/Blueprints/ThirdPersonCharacter'
[2019.08.08-15.57.51:255][  0]LogLinker: Warning: Can't find file '/Game/ThirdPersonCPP/Blueprints/ThirdPersonCharacter'
[2019.08.08-15.57.51:255][  0]LogUObjectGlobals: Warning: Failed to find object 'Class /Game/ThirdPersonCPP/Blueprints/ThirdPersonCharacter.ThirdPersonCharacter_C'
[2019.08.08-15.57.51:255][  0]Error: CDO Constructor (Project_TetherGameMode): Failed to find /Game/ThirdPersonCPP/Blueprints/ThirdPersonCharacter.ThirdPersonCharacter_C

[2019.08.08-15.57.51:255][  0]LogUObjectBase: Warning: -------------- Default Property warnings and errors:
[2019.08.08-15.57.51:255][  0]LogUObjectBase: Warning: Error: CDO Constructor (Project_TetherGameMode): Failed to find /Game/ThirdPersonCPP/Blueprints/ThirdPersonCharacter.ThirdPersonCharacter_C

[2019.08.08-15.58.02:076][  0]LogWindowsTextInputMethodSystem: Display: IME system now deactivated.
[2019.08.08-15.58.02:654][  0]SourceControl: Source control is disabled
[2019.08.08-15.58.02:655][  0]SourceControl: Source control is disabled
[2019.08.08-15.58.02:766][  0]SourceControl: Source control is disabled
[2019.08.08-15.58.02:772][  0]SourceControl: Source control is disabled
[2019.08.08-15.58.03:926][  0]LogAndroidPermission: UAndroidPermissionCallbackProxy::GetInstance
[2019.08.08-15.58.04:147][  0]LogOcInput: OculusInput pre-init called
[2019.08.08-15.58.04:604][  0]LogEngine: Initializing Engine...
[2019.08.08-15.58.04:695][  0]LogHMD: Failed to initialize OpenVR with code 126
[2019.08.08-15.58.04:734][  0]LogStats: UGameplayTagsManager::ConstructGameplayTagTree: ImportINI prefixes -  0.001 s
[2019.08.08-15.58.04:734][  0]LogStats: UGameplayTagsManager::ConstructGameplayTagTree: Construct from data asset -  0.000 s
[2019.08.08-15.58.04:735][  0]LogStats: UGameplayTagsManager::ConstructGameplayTagTree: ImportINI -  0.000 s
[2019.08.08-15.58.04:735][  0]LogStats: UGameplayTagsManager::ConstructGameplayTagTree: GameplayTagTreeChangedEvent.Broadcast -  0.000 s
[2019.08.08-15.58.05:023][  0]LogInit: Initializing FReadOnlyCVARCache
[2019.08.08-15.58.05:483][  0]LogAIModule: Creating AISystem for world Untitled
[2019.08.08-15.58.05:649][  0]LogInit: XAudio2 using 'Speakers (2- Logitech G430 Gaming Headset)' : 2 channels at 48 kHz using 16 bits per sample (channel mask 0x3)
[2019.08.08-15.58.05:701][  0]LogInit: FAudioDevice initialized.
[2019.08.08-15.58.05:702][  0]LogNetVersion: Set ProjectVersion to 1.0.0.0. Version Checksum will be recalculated on next use.
[2019.08.08-15.58.05:787][  0]LogDerivedDataCache: Saved boot cache 0.09s 71MB C:/Users/aaron.hines/AppData/Local/UnrealEngine/4.20/DerivedDataCache/Boot.ddc.
[2019.08.08-15.58.05:787][  0]LogInit: Texture streaming: Enabled
[2019.08.08-15.58.05:859][  0]LogEngineSessionManager: EngineSessionManager initialized
[2019.08.08-15.58.05:967][  0]LogInit: Transaction tracking system initialized
[2019.08.08-15.58.06:386][  0]BlueprintLog: New page: Editor Load
[2019.08.08-15.58.07:377][  0]LocalizationService: Localization service is disabled
[2019.08.08-15.58.09:106][  0]LogCook: Display: Max memory allowance for cook 16384mb min free memory 0mb
[2019.08.08-15.58.09:116][  0]LogFileCache: Scanning file cache for directory 'E:/Tether/Project_Tether/Project_Tether/Content/' took 0.03s
[2019.08.08-15.58.09:116][  0]LogCook: Display: Mobile HDR setting 1
[2019.08.08-15.58.09:122][  0]LogGameplayTags: Display: UGameplayTagsManager::DoneAddingNativeTags. DelegateIsBound: 0
[2019.08.08-15.58.09:122][  0]LogStats: UGameplayTagsManager::ConstructGameplayTagTree: ImportINI prefixes -  0.000 s
[2019.08.08-15.58.09:122][  0]LogStats: UGameplayTagsManager::ConstructGameplayTagTree: Construct from data asset -  0.000 s
[2019.08.08-15.58.09:122][  0]LogStats: UGameplayTagsManager::ConstructGameplayTagTree: ImportINI -  0.000 s
[2019.08.08-15.58.09:122][  0]LogStats: UGameplayTagsManager::ConstructGameplayTagTree: GameplayTagTreeChangedEvent.Broadcast -  0.000 s
[2019.08.08-15.58.10:558][  0]SourceControl: Source control is disabled
[2019.08.08-15.58.10:586][  0]Cmd: MAP LOAD FILE="../../../../../Tether/Project_Tether/Project_Tether/Content/IronForgedGames/Core/Entity/Test/ThirdPersonCPP/Maps/ThirdPersonExampleMap.umap" TEMPLATE=0 SHOWPROGRESS=1 FEATURELEVEL=3
[2019.08.08-15.58.10:590][  0]LightingResults: New page: Lighting Build
[2019.08.08-15.58.10:698][  0]MapCheck: New page: Map Check
[2019.08.08-15.58.10:699][  0]LightingResults: New page: Lighting Build
[2019.08.08-15.58.12:659][  0]LogAIModule: Creating AISystem for world ThirdPersonExampleMap
[2019.08.08-15.58.13:111][  0]LogMaterial: Warning: Material /Game/IronForgedGames/Implementation/Testing/Materials/Gold.Gold needed to have new flag set bUsedWithSkeletalMesh !
[2019.08.08-15.58.13:126][  0]LogMaterial: Display: Missing cached shader map for material Gold, compiling. 
[2019.08.08-15.58.13:214][  0]MapCheck: Warning: Gold Material /Game/IronForgedGames/Implementation/Testing/Materials/Gold.Gold was missing the usage flag bUsedWithSkeletalMesh. If the material asset is not re-saved, it may not render correctly when run outside the editor. Fix
[2019.08.08-15.58.13:541][  0]LogShaderCompilers: Display: Shaders left to compile 60
[2019.08.08-15.58.13:541][  0]LogShaderCompilers: Display: Shaders left to compile 50
[2019.08.08-15.58.13:541][  0]LogShaderCompilers: Display: Shaders left to compile 40
[2019.08.08-15.58.13:541][  0]LogShaderCompilers: Display: Shaders left to compile 30
[2019.08.08-15.58.13:542][  0]LogShaderCompilers: Display: Shaders left to compile 20
[2019.08.08-15.58.13:542][  0]LogEditorServer: Finished looking for orphan Actors (0.000 secs)
[2019.08.08-15.58.13:844][  0]Cmd: MAP CHECKDEP NOCLEARLOG
[2019.08.08-15.58.13:947][  0]MapCheck: Map check complete: 0 Error(s), 1 Warning(s), took 102.725ms to complete.
[2019.08.08-15.58.14:052][  0]LogFileHelpers: Loading map 'ThirdPersonExampleMap' took 3.481
[2019.08.08-15.58.14:799][  0]LogWindowsTextInputMethodSystem: Display: IME system now deactivated.
[2019.08.08-15.58.17:798][  0]LogShaderCompilers: Display: Shaders left to compile 10
[2019.08.08-15.58.17:798][  0]LogTemp: Executing iPhonePackager certificates Engine -bundlename com.YourCompany.ProjectTether
[2019.08.08-15.58.17:798][  0]LogTemp: CWD: E:\Epic Games\UE_4.20\Engine\Binaries\DotNET\IOS
[2019.08.08-15.58.17:798][  0]LogTemp: Initial Dir: E:\Epic Games\UE_4.20
[2019.08.08-15.58.17:798][  0]LogTemp: Env CWD: E:\Epic Games\UE_4.20\Engine\Binaries\DotNET\IOS
[2019.08.08-15.58.17:798][  0]LogTemp: BranchPath = WSROLLER45/E/Epic Games/UE_4.20/Engine/Binaries --- GameBranchPath = WSROLLER45/E/Epic Games/UE_4.20/Engine/Binaries
[2019.08.08-15.58.17:798][  0]LogTemp: IPP ERROR: Could not find provision directory 'C:\Users\aaron.hines\AppData\Local/Apple Computer/MobileDevice/Provisioning Profiles/'.
[2019.08.08-15.58.17:798][  0]LogSlate: Only BGRA pngs, bmps or icos are supported in by External Image Picker
[2019.08.08-15.58.18:224][  0]LogSlate: Updating window title bar state: overlay mode, drag disabled, window buttons hidden, title bar hidden
[2019.08.08-15.58.18:315][  0]LogCollectionManager: Loaded 0 collections in 0.001511 seconds
[2019.08.08-15.58.18:473][  0]LogFileCache: Scanning file cache for directory 'E:/Tether/Project_Tether/Project_Tether/Saved/Collections/' took 0.02s
[2019.08.08-15.58.18:473][  0]LogFileCache: Scanning file cache for directory 'E:/Tether/Project_Tether/Project_Tether/Content/Developers/aaronhines/Collections/' took 0.01s
[2019.08.08-15.58.18:473][  0]LogFileCache: Scanning file cache for directory 'E:/Tether/Project_Tether/Project_Tether/Content/Collections/' took 0.01s
[2019.08.08-15.58.18:474][  0]LogCollectionManager: Rebuilt the GUID cache for 0 collections in 0.000000 seconds
[2019.08.08-15.58.18:514][  0]LogContentBrowser: Native class hierarchy populated in 0.0394 seconds. Added 2605 classes and 621 folders.
[2019.08.08-15.58.18:576][  0]LogContentBrowser: Native class hierarchy updated for 'WidgetCarousel' in 0.0008 seconds. Added 0 classes and 0 folders.
[2019.08.08-15.58.19:830][  0]LogContentBrowser: Native class hierarchy updated for 'AddContentDialog' in 0.0006 seconds. Added 0 classes and 0 folders.
[2019.08.08-15.58.19:916][  0]LogContentBrowser: Native class hierarchy updated for 'SceneOutliner' in 0.0007 seconds. Added 1 classes and 2 folders.
[2019.08.08-15.58.20:195][  0]LogSlate: Took 0.010126 seconds to synchronously load lazily loaded font '../../../Engine/Content/Slate/Fonts/Roboto-Regular.ttf' (155K)
[2019.08.08-15.58.20:222][  0]LogSlate: Took 0.025047 seconds to synchronously load lazily loaded font '../../../Engine/Content/Slate/Fonts/Roboto-Bold.ttf' (160K)
[2019.08.08-15.58.20:259][  0]LogSlate: Took 0.011499 seconds to synchronously load lazily loaded font '../../../Engine/Content/Editor/Slate/Fonts/FontAwesome.ttf' (139K)
[2019.08.08-15.58.20:314][  0]LogSlate: Took 0.030112 seconds to synchronously load lazily loaded font '../../../Engine/Content/Slate/Fonts/DroidSansMono.ttf' (77K)
[2019.08.08-15.58.20:648][  0]LogRenderer: Reallocating scene render targets to support 1208x552 Format 10 NumSamples 1 (Frame:1).
[2019.08.08-15.58.21:145][  0]LogContentBrowser: Native class hierarchy updated for 'HierarchicalLODOutliner' in 0.0006 seconds. Added 0 classes and 0 folders.
[2019.08.08-15.58.21:146][  0]LogLoad: (Engine Initialization) Total time: 100.32 seconds
[2019.08.08-15.58.21:146][  0]LogLoad: (Engine Initialization) Total Blueprint compile time: 0.00 seconds
[2019.08.08-15.58.21:271][  0]LogContentStreaming: Texture pool size now 1000 MB
[2019.08.08-15.58.21:393][  0]LogSlate: Took 0.007107 seconds to synchronously load lazily loaded font '../../../Engine/Content/Slate/Fonts/Roboto-Light.ttf' (167K)
[2019.08.08-15.58.21:623][  2]LogAssetRegistry: Asset discovery search completed in 79.8901 seconds
[2019.08.08-15.58.21:625][  2]LogCollectionManager: Rebuilt the object cache for 0 collections in 0.000000 seconds (found 0 objects)
[2019.08.08-15.58.21:625][  2]LogCollectionManager: Fixed up redirectors for 0 collections in 0.000394 seconds (updated 0 objects)
[2019.08.08-15.58.29:104][485]LogSlate: FSceneViewport::OnFocusLost() reason 0
[2019.08.08-15.58.29:282][502]LogAssetEditorManager: Opening Asset editor for WeaponType /Game/IronForgedGames/Implementation/Gameplay/System/Tool/ToolAsset/Weapons/WeaponTypes/StraightSword.StraightSword
[2019.08.08-15.58.32:640][877]LogTemp: Repeating last play command: Selected Viewport
[2019.08.08-15.58.32:662][877]LogBlueprintUserMessages: Early PlayInEditor Detection: Level '/Game/IronForgedGames/Core/Entity/Test/ThirdPersonCPP/Maps/ThirdPersonExampleMap.ThirdPersonExampleMap:PersistentLevel' has LevelScriptBlueprint '/Game/IronForgedGames/Core/Entity/Test/ThirdPersonCPP/Maps/ThirdPersonExampleMap.ThirdPersonExampleMap:PersistentLevel.ThirdPersonExampleMap' with GeneratedClass '/Game/IronForgedGames/Core/Entity/Test/ThirdPersonCPP/Maps/ThirdPersonExampleMap.ThirdPersonExampleMap_C' with ClassGeneratedBy '/Game/IronForgedGames/Core/Entity/Test/ThirdPersonCPP/Maps/ThirdPersonExampleMap.ThirdPersonExampleMap:PersistentLevel.ThirdPersonExampleMap'
[2019.08.08-15.58.32:663][877]LogPlayLevel: PlayLevel: No blueprints needed recompiling
[2019.08.08-15.58.32:738][877]PIE: New page: PIE session: ThirdPersonExampleMap (Aug 8, 2019, 7:58:32 AM)
[2019.08.08-15.58.32:738][877]LogPlayLevel: Creating play world package: /Game/IronForgedGames/Core/Entity/Test/ThirdPersonCPP/Maps/UEDPIE_0_ThirdPersonExampleMap
[2019.08.08-15.58.32:772][877]LogPlayLevel: PIE: StaticDuplicateObject took: (0.033097s)
[2019.08.08-15.58.32:774][877]LogAIModule: Creating AISystem for world ThirdPersonExampleMap
[2019.08.08-15.58.32:775][877]LogPlayLevel: PIE: World Init took: (0.002174s)
[2019.08.08-15.58.32:775][877]LogPlayLevel: PIE: Created PIE world by copying editor world from /Game/IronForgedGames/Core/Entity/Test/ThirdPersonCPP/Maps/ThirdPersonExampleMap.ThirdPersonExampleMap to /Game/IronForgedGames/Core/Entity/Test/ThirdPersonCPP/Maps/UEDPIE_0_ThirdPersonExampleMap.ThirdPersonExampleMap (0.036616s)
[2019.08.08-15.58.32:841][877]LogInit: XAudio2 using 'Speakers (2- Logitech G430 Gaming Headset)' : 2 channels at 48 kHz using 16 bits per sample (channel mask 0x3)
[2019.08.08-15.58.32:856][877]LogInit: FAudioDevice initialized.
[2019.08.08-15.58.32:924][877]LogLoad: Game class is 'GameMode'
[2019.08.08-15.58.32:930][877]LogWorld: Bringing World /Game/IronForgedGames/Core/Entity/Test/ThirdPersonCPP/Maps/UEDPIE_0_ThirdPersonExampleMap.ThirdPersonExampleMap up for play (max tick rate 0) at 2019.08.08-11.58.32
[2019.08.08-15.58.32:941][877]LogWorld: Bringing up level for play took: 0.013518
[2019.08.08-15.58.32:991][877]LogContentBrowser: Native class hierarchy updated for 'MovieSceneCapture' in 0.0007 seconds. Added 10 classes and 0 folders.
[2019.08.08-15.58.32:992][877]LogGameMode: Display: Match State Changed from EnteringMap to WaitingToStart
[2019.08.08-15.58.32:992][877]LogGameState: Match State Changed from EnteringMap to WaitingToStart
[2019.08.08-15.58.32:993][877]LogGameMode: Display: Match State Changed from WaitingToStart to InProgress
[2019.08.08-15.58.32:994][877]LogTemp: Error: Health stat was found, the Vitals will not work
[2019.08.08-15.58.33:002][877]LogBlueprintUserMessages: [TopDownCharacter_BP_5] Test Sword Tool was added
[2019.08.08-15.58.33:002][877]LogBlueprintUserMessages: [TopDownCharacter_BP_5] Sword Tool 2 was added
[2019.08.08-15.58.33:002][877]LogBlueprintUserMessages: [TopDownCharacter_BP_5] Test Sword Tool 3 was added
[2019.08.08-15.58.33:003][877]LogBlueprintUserMessages: [TopDownCharacter_BP_5] Test Shield 1 was added
[2019.08.08-15.58.33:003][877]LogBlueprintUserMessages: [TopDownCharacter_BP_5] Test Shield 2 was added
[2019.08.08-15.58.33:004][877]LogBlueprintUserMessages: [TopDownCharacter_BP_5] Test Shield 3 was added
[2019.08.08-15.58.33:004][877]LogTemp: Warning: Is initialized
[2019.08.08-15.58.33:004][877]LogBlueprintUserMessages: [TopDownCharacter_BP_5] Test Shield 1 was equipped 
[2019.08.08-15.58.33:005][877]LogBlueprintUserMessages: [TopDownCharacter_BP_5] Test Sword Tool was equipped 
[2019.08.08-15.58.33:005][877]LogGameState: Match State Changed from WaitingToStart to InProgress
[2019.08.08-15.58.33:006][877]PIE: Play in editor start time for /Game/IronForgedGames/Core/Entity/Test/ThirdPersonCPP/Maps/UEDPIE_0_ThirdPersonExampleMap 0.539
[2019.08.08-15.58.33:006][877]LogBlueprintUserMessages: Late PlayInEditor Detection: Level '/Game/IronForgedGames/Core/Entity/Test/ThirdPersonCPP/Maps/ThirdPersonExampleMap.ThirdPersonExampleMap:PersistentLevel' has LevelScriptBlueprint '/Game/IronForgedGames/Core/Entity/Test/ThirdPersonCPP/Maps/ThirdPersonExampleMap.ThirdPersonExampleMap:PersistentLevel.ThirdPersonExampleMap' with GeneratedClass '/Game/IronForgedGames/Core/Entity/Test/ThirdPersonCPP/Maps/ThirdPersonExampleMap.ThirdPersonExampleMap_C' with ClassGeneratedBy '/Game/IronForgedGames/Core/Entity/Test/ThirdPersonCPP/Maps/ThirdPersonExampleMap.ThirdPersonExampleMap:PersistentLevel.ThirdPersonExampleMap'
[2019.08.08-15.58.36:030][223]LogBlueprintUserMessages: Early EndPlayMap Detection: Level '/Game/IronForgedGames/Core/Entity/Test/ThirdPersonCPP/Maps/ThirdPersonExampleMap.ThirdPersonExampleMap:PersistentLevel' has LevelScriptBlueprint '/Game/IronForgedGames/Core/Entity/Test/ThirdPersonCPP/Maps/ThirdPersonExampleMap.ThirdPersonExampleMap:PersistentLevel.ThirdPersonExampleMap' with GeneratedClass '/Game/IronForgedGames/Core/Entity/Test/ThirdPersonCPP/Maps/ThirdPersonExampleMap.ThirdPersonExampleMap_C' with ClassGeneratedBy '/Game/IronForgedGames/Core/Entity/Test/ThirdPersonCPP/Maps/ThirdPersonExampleMap.ThirdPersonExampleMap:PersistentLevel.ThirdPersonExampleMap'
[2019.08.08-15.58.36:055][223]LogSlate: Updating window title bar state: overlay mode, drag disabled, window buttons hidden, title bar hidden
[2019.08.08-15.58.36:104][223]LogPlayLevel: Display: Shutting down PIE online subsystems
[2019.08.08-15.58.36:105][223]LogBlueprintUserMessages: Late EndPlayMap Detection: Level '/Game/IronForgedGames/Core/Entity/Test/ThirdPersonCPP/Maps/ThirdPersonExampleMap.ThirdPersonExampleMap:PersistentLevel' has LevelScriptBlueprint '/Game/IronForgedGames/Core/Entity/Test/ThirdPersonCPP/Maps/ThirdPersonExampleMap.ThirdPersonExampleMap:PersistentLevel.ThirdPersonExampleMap' with GeneratedClass '/Game/IronForgedGames/Core/Entity/Test/ThirdPersonCPP/Maps/ThirdPersonExampleMap.ThirdPersonExampleMap_C' with ClassGeneratedBy '/Game/IronForgedGames/Core/Entity/Test/ThirdPersonCPP/Maps/ThirdPersonExampleMap.ThirdPersonExampleMap:PersistentLevel.ThirdPersonExampleMap'
[2019.08.08-15.58.36:152][223]LogSlate: Updating window title bar state: overlay mode, drag disabled, window buttons hidden, title bar hidden
[2019.08.08-15.58.36:191][224]LogPlayLevel: Display: Destroying online subsystem :Context_3
[2019.08.08-15.58.50:196][900]LogSlate: FSceneViewport::OnFocusLost() reason 0
[2019.08.08-15.58.56:053][600]LogTemp: Repeating last play command: Selected Viewport
[2019.08.08-15.58.56:077][600]LogBlueprintUserMessages: Early PlayInEditor Detection: Level '/Game/IronForgedGames/Core/Entity/Test/ThirdPersonCPP/Maps/ThirdPersonExampleMap.ThirdPersonExampleMap:PersistentLevel' has LevelScriptBlueprint '/Game/IronForgedGames/Core/Entity/Test/ThirdPersonCPP/Maps/ThirdPersonExampleMap.ThirdPersonExampleMap:PersistentLevel.ThirdPersonExampleMap' with GeneratedClass '/Game/IronForgedGames/Core/Entity/Test/ThirdPersonCPP/Maps/ThirdPersonExampleMap.ThirdPersonExampleMap_C' with ClassGeneratedBy '/Game/IronForgedGames/Core/Entity/Test/ThirdPersonCPP/Maps/ThirdPersonExampleMap.ThirdPersonExampleMap:PersistentLevel.ThirdPersonExampleMap'
[2019.08.08-15.58.56:078][600]LogPlayLevel: PlayLevel: No blueprints needed recompiling
[2019.08.08-15.58.56:079][600]PIE: New page: PIE session: ThirdPersonExampleMap (Aug 8, 2019, 7:58:56 AM)
[2019.08.08-15.58.56:079][600]LogPlayLevel: Creating play world package: /Game/IronForgedGames/Core/Entity/Test/ThirdPersonCPP/Maps/UEDPIE_0_ThirdPersonExampleMap
[2019.08.08-15.58.56:095][600]LogPlayLevel: PIE: StaticDuplicateObject took: (0.016089s)
[2019.08.08-15.58.56:096][600]LogAIModule: Creating AISystem for world ThirdPersonExampleMap
[2019.08.08-15.58.56:096][600]LogPlayLevel: PIE: World Init took: (0.001152s)
[2019.08.08-15.58.56:097][600]LogPlayLevel: PIE: Created PIE world by copying editor world from /Game/IronForgedGames/Core/Entity/Test/ThirdPersonCPP/Maps/ThirdPersonExampleMap.ThirdPersonExampleMap to /Game/IronForgedGames/Core/Entity/Test/ThirdPersonCPP/Maps/UEDPIE_0_ThirdPersonExampleMap.ThirdPersonExampleMap (0.018165s)
[2019.08.08-15.58.56:146][600]LogInit: XAudio2 using 'Speakers (2- Logitech G430 Gaming Headset)' : 2 channels at 48 kHz using 16 bits per sample (channel mask 0x3)
[2019.08.08-15.58.56:161][600]LogInit: FAudioDevice initialized.
[2019.08.08-15.58.56:198][600]LogLoad: Game class is 'GameMode'
[2019.08.08-15.58.56:203][600]LogWorld: Bringing World /Game/IronForgedGames/Core/Entity/Test/ThirdPersonCPP/Maps/UEDPIE_0_ThirdPersonExampleMap.ThirdPersonExampleMap up for play (max tick rate 0) at 2019.08.08-11.58.56
[2019.08.08-15.58.56:204][600]LogWorld: Bringing up level for play took: 0.003756
[2019.08.08-15.58.56:218][600]LogGameMode: Display: Match State Changed from EnteringMap to WaitingToStart
[2019.08.08-15.58.56:218][600]LogGameState: Match State Changed from EnteringMap to WaitingToStart
[2019.08.08-15.58.56:218][600]LogGameMode: Display: Match State Changed from WaitingToStart to InProgress
[2019.08.08-15.58.56:219][600]LogTemp: Error: Health stat was found, the Vitals will not work
[2019.08.08-15.58.56:219][600]LogBlueprintUserMessages: [TopDownCharacter_BP_5] Test Sword Tool was added
[2019.08.08-15.58.56:220][600]LogBlueprintUserMessages: [TopDownCharacter_BP_5] Sword Tool 2 was added
[2019.08.08-15.58.56:220][600]LogBlueprintUserMessages: [TopDownCharacter_BP_5] Test Sword Tool 3 was added
[2019.08.08-15.58.56:220][600]LogBlueprintUserMessages: [TopDownCharacter_BP_5] Test Shield 1 was added
[2019.08.08-15.58.56:221][600]LogBlueprintUserMessages: [TopDownCharacter_BP_5] Test Shield 2 was added
[2019.08.08-15.58.56:221][600]LogBlueprintUserMessages: [TopDownCharacter_BP_5] Test Shield 3 was added
[2019.08.08-15.58.56:221][600]LogTemp: Warning: Is initialized
[2019.08.08-15.58.56:222][600]LogBlueprintUserMessages: [TopDownCharacter_BP_5] Test Shield 1 was equipped 
[2019.08.08-15.58.56:222][600]LogBlueprintUserMessages: [TopDownCharacter_BP_5] Test Sword Tool was equipped 
[2019.08.08-15.58.56:222][600]LogGameState: Match State Changed from WaitingToStart to InProgress
[2019.08.08-15.58.56:222][600]PIE: Play in editor start time for /Game/IronForgedGames/Core/Entity/Test/ThirdPersonCPP/Maps/UEDPIE_0_ThirdPersonExampleMap -0.244
[2019.08.08-15.58.56:223][600]LogBlueprintUserMessages: Late PlayInEditor Detection: Level '/Game/IronForgedGames/Core/Entity/Test/ThirdPersonCPP/Maps/ThirdPersonExampleMap.ThirdPersonExampleMap:PersistentLevel' has LevelScriptBlueprint '/Game/IronForgedGames/Core/Entity/Test/ThirdPersonCPP/Maps/ThirdPersonExampleMap.ThirdPersonExampleMap:PersistentLevel.ThirdPersonExampleMap' with GeneratedClass '/Game/IronForgedGames/Core/Entity/Test/ThirdPersonCPP/Maps/ThirdPersonExampleMap.ThirdPersonExampleMap_C' with ClassGeneratedBy '/Game/IronForgedGames/Core/Entity/Test/ThirdPersonCPP/Maps/ThirdPersonExampleMap.ThirdPersonExampleMap:PersistentLevel.ThirdPersonExampleMap'
[2019.08.08-15.58.59:457][984]LogBlueprintUserMessages: [TopDownCharacter_BP_5] Test Sword Tool was unequipped 
[2019.08.08-15.58.59:458][984]LogBlueprintUserMessages: [TopDownCharacter_BP_5] Sword Tool 2 was equipped 
[2019.08.08-15.58.59:458][984]LogBlueprintUserMessages: [TopDownCharacter_BP_5] Test Shield 1 was unequipped 
[2019.08.08-15.58.59:459][984]LogBlueprintUserMessages: [TopDownCharacter_BP_5] Test Shield 2 was equipped 
[2019.08.08-15.58.59:615][  3]LogBlueprintUserMessages: [TopDownCharacter_BP_5] Sword Tool 2 was unequipped 
[2019.08.08-15.58.59:616][  3]LogBlueprintUserMessages: [TopDownCharacter_BP_5] Test Sword Tool 3 was equipped 
[2019.08.08-15.58.59:616][  3]LogBlueprintUserMessages: [TopDownCharacter_BP_5] Test Shield 2 was unequipped 
[2019.08.08-15.58.59:617][  3]LogBlueprintUserMessages: [TopDownCharacter_BP_5] Test Shield 3 was equipped 
[2019.08.08-15.58.59:766][ 21]LogBlueprintUserMessages: [TopDownCharacter_BP_5] Test Sword Tool 3 was unequipped 
[2019.08.08-15.58.59:767][ 21]LogBlueprintUserMessages: [TopDownCharacter_BP_5] Test Sword Tool was equipped 
[2019.08.08-15.58.59:767][ 21]LogBlueprintUserMessages: [TopDownCharacter_BP_5] Test Shield 3 was unequipped 
[2019.08.08-15.58.59:768][ 21]LogBlueprintUserMessages: [TopDownCharacter_BP_5] Test Shield 1 was equipped 
[2019.08.08-15.58.59:932][ 41]LogBlueprintUserMessages: [TopDownCharacter_BP_5] Test Sword Tool was unequipped 
[2019.08.08-15.58.59:933][ 41]LogBlueprintUserMessages: [TopDownCharacter_BP_5] Sword Tool 2 was equipped 
[2019.08.08-15.58.59:933][ 41]LogBlueprintUserMessages: [TopDownCharacter_BP_5] Test Shield 1 was unequipped 
[2019.08.08-15.58.59:933][ 41]LogBlueprintUserMessages: [TopDownCharacter_BP_5] Test Shield 2 was equipped 
[2019.08.08-15.59.00:124][ 64]LogBlueprintUserMessages: [TopDownCharacter_BP_5] Sword Tool 2 was unequipped 
[2019.08.08-15.59.00:125][ 64]LogBlueprintUserMessages: [TopDownCharacter_BP_5] Test Sword Tool 3 was equipped 
[2019.08.08-15.59.00:125][ 64]LogBlueprintUserMessages: [TopDownCharacter_BP_5] Test Shield 2 was unequipped 
[2019.08.08-15.59.00:126][ 64]LogBlueprintUserMessages: [TopDownCharacter_BP_5] Test Shield 3 was equipped 
[2019.08.08-15.59.03:751][499]LogBlueprintUserMessages: Early EndPlayMap Detection: Level '/Game/IronForgedGames/Core/Entity/Test/ThirdPersonCPP/Maps/ThirdPersonExampleMap.ThirdPersonExampleMap:PersistentLevel' has LevelScriptBlueprint '/Game/IronForgedGames/Core/Entity/Test/ThirdPersonCPP/Maps/ThirdPersonExampleMap.ThirdPersonExampleMap:PersistentLevel.ThirdPersonExampleMap' with GeneratedClass '/Game/IronForgedGames/Core/Entity/Test/ThirdPersonCPP/Maps/ThirdPersonExampleMap.ThirdPersonExampleMap_C' with ClassGeneratedBy '/Game/IronForgedGames/Core/Entity/Test/ThirdPersonCPP/Maps/ThirdPersonExampleMap.ThirdPersonExampleMap:PersistentLevel.ThirdPersonExampleMap'
[2019.08.08-15.59.03:753][499]LogSlate: Updating window title bar state: overlay mode, drag disabled, window buttons hidden, title bar hidden
[2019.08.08-15.59.03:795][499]LogPlayLevel: Display: Shutting down PIE online subsystems
[2019.08.08-15.59.03:795][499]LogBlueprintUserMessages: Late EndPlayMap Detection: Level '/Game/IronForgedGames/Core/Entity/Test/ThirdPersonCPP/Maps/ThirdPersonExampleMap.ThirdPersonExampleMap:PersistentLevel' has LevelScriptBlueprint '/Game/IronForgedGames/Core/Entity/Test/ThirdPersonCPP/Maps/ThirdPersonExampleMap.ThirdPersonExampleMap:PersistentLevel.ThirdPersonExampleMap' with GeneratedClass '/Game/IronForgedGames/Core/Entity/Test/ThirdPersonCPP/Maps/ThirdPersonExampleMap.ThirdPersonExampleMap_C' with ClassGeneratedBy '/Game/IronForgedGames/Core/Entity/Test/ThirdPersonCPP/Maps/ThirdPersonExampleMap.ThirdPersonExampleMap:PersistentLevel.ThirdPersonExampleMap'
[2019.08.08-15.59.03:818][499]LogSlate: Updating window title bar state: overlay mode, drag disabled, window buttons hidden, title bar hidden
[2019.08.08-15.59.03:872][501]LogPlayLevel: Display: Destroying online subsystem :Context_4
[2019.08.08-15.59.04:122][531]LogSlate: FSceneViewport::OnFocusLost() reason 0
[2019.08.08-15.59.07:995][969]LogSavePackage: Moving '../../../../../Tether/Project_Tether/Project_Tether/Saved/StraightSword61B5625F4C81D7AF0EF4708158803BA1.tmp' to '../../../../../Tether/Project_Tether/Project_Tether/Content/IronForgedGames/Implementation/Gameplay/System/Tool/ToolAsset/Weapons/WeaponTypes/StraightSword.uasset'
[2019.08.08-15.59.09:571][157]LogTemp: Repeating last play command: Selected Viewport
[2019.08.08-15.59.09:593][157]LogBlueprintUserMessages: Early PlayInEditor Detection: Level '/Game/IronForgedGames/Core/Entity/Test/ThirdPersonCPP/Maps/ThirdPersonExampleMap.ThirdPersonExampleMap:PersistentLevel' has LevelScriptBlueprint '/Game/IronForgedGames/Core/Entity/Test/ThirdPersonCPP/Maps/ThirdPersonExampleMap.ThirdPersonExampleMap:PersistentLevel.ThirdPersonExampleMap' with GeneratedClass '/Game/IronForgedGames/Core/Entity/Test/ThirdPersonCPP/Maps/ThirdPersonExampleMap.ThirdPersonExampleMap_C' with ClassGeneratedBy '/Game/IronForgedGames/Core/Entity/Test/ThirdPersonCPP/Maps/ThirdPersonExampleMap.ThirdPersonExampleMap:PersistentLevel.ThirdPersonExampleMap'
[2019.08.08-15.59.09:594][157]LogPlayLevel: PlayLevel: No blueprints needed recompiling
[2019.08.08-15.59.09:594][157]PIE: New page: PIE session: ThirdPersonExampleMap (Aug 8, 2019, 7:59:09 AM)
[2019.08.08-15.59.09:594][157]LogPlayLevel: Creating play world package: /Game/IronForgedGames/Core/Entity/Test/ThirdPersonCPP/Maps/UEDPIE_0_ThirdPersonExampleMap
[2019.08.08-15.59.09:609][157]LogPlayLevel: PIE: StaticDuplicateObject took: (0.014904s)
[2019.08.08-15.59.09:610][157]LogAIModule: Creating AISystem for world ThirdPersonExampleMap
[2019.08.08-15.59.09:611][157]LogPlayLevel: PIE: World Init took: (0.000982s)
[2019.08.08-15.59.09:611][157]LogPlayLevel: PIE: Created PIE world by copying editor world from /Game/IronForgedGames/Core/Entity/Test/ThirdPersonCPP/Maps/ThirdPersonExampleMap.ThirdPersonExampleMap to /Game/IronForgedGames/Core/Entity/Test/ThirdPersonCPP/Maps/UEDPIE_0_ThirdPersonExampleMap.ThirdPersonExampleMap (0.016879s)
[2019.08.08-15.59.09:659][157]LogInit: XAudio2 using 'Speakers (2- Logitech G430 Gaming Headset)' : 2 channels at 48 kHz using 16 bits per sample (channel mask 0x3)
[2019.08.08-15.59.09:673][157]LogInit: FAudioDevice initialized.
[2019.08.08-15.59.09:703][157]LogLoad: Game class is 'GameMode'
[2019.08.08-15.59.09:707][157]LogWorld: Bringing World /Game/IronForgedGames/Core/Entity/Test/ThirdPersonCPP/Maps/UEDPIE_0_ThirdPersonExampleMap.ThirdPersonExampleMap up for play (max tick rate 0) at 2019.08.08-11.59.09
[2019.08.08-15.59.09:708][157]LogWorld: Bringing up level for play took: 0.003860
[2019.08.08-15.59.09:722][157]LogGameMode: Display: Match State Changed from EnteringMap to WaitingToStart
[2019.08.08-15.59.09:722][157]LogGameState: Match State Changed from EnteringMap to WaitingToStart
[2019.08.08-15.59.09:723][157]LogGameMode: Display: Match State Changed from WaitingToStart to InProgress
[2019.08.08-15.59.09:723][157]LogTemp: Error: Health stat was found, the Vitals will not work
[2019.08.08-15.59.09:724][157]LogBlueprintUserMessages: [TopDownCharacter_BP_5] Test Sword Tool was added
[2019.08.08-15.59.09:724][157]LogBlueprintUserMessages: [TopDownCharacter_BP_5] Sword Tool 2 was added
[2019.08.08-15.59.09:724][157]LogBlueprintUserMessages: [TopDownCharacter_BP_5] Test Sword Tool 3 was added
[2019.08.08-15.59.09:724][157]LogBlueprintUserMessages: [TopDownCharacter_BP_5] Test Shield 1 was added
[2019.08.08-15.59.09:725][157]LogBlueprintUserMessages: [TopDownCharacter_BP_5] Test Shield 2 was added
[2019.08.08-15.59.09:725][157]LogBlueprintUserMessages: [TopDownCharacter_BP_5] Test Shield 3 was added
[2019.08.08-15.59.09:725][157]LogTemp: Warning: Is initialized
[2019.08.08-15.59.09:725][157]LogBlueprintUserMessages: [TopDownCharacter_BP_5] Test Shield 1 was equipped 
[2019.08.08-15.59.09:726][157]LogBlueprintUserMessages: [TopDownCharacter_BP_5] Test Sword Tool was equipped 
[2019.08.08-15.59.09:726][157]LogGameState: Match State Changed from WaitingToStart to InProgress
[2019.08.08-15.59.09:726][157]PIE: Play in editor start time for /Game/IronForgedGames/Core/Entity/Test/ThirdPersonCPP/Maps/UEDPIE_0_ThirdPersonExampleMap -0.74
[2019.08.08-15.59.09:727][157]LogBlueprintUserMessages: Late PlayInEditor Detection: Level '/Game/IronForgedGames/Core/Entity/Test/ThirdPersonCPP/Maps/ThirdPersonExampleMap.ThirdPersonExampleMap:PersistentLevel' has LevelScriptBlueprint '/Game/IronForgedGames/Core/Entity/Test/ThirdPersonCPP/Maps/ThirdPersonExampleMap.ThirdPersonExampleMap:PersistentLevel.ThirdPersonExampleMap' with GeneratedClass '/Game/IronForgedGames/Core/Entity/Test/ThirdPersonCPP/Maps/ThirdPersonExampleMap.ThirdPersonExampleMap_C' with ClassGeneratedBy '/Game/IronForgedGames/Core/Entity/Test/ThirdPersonCPP/Maps/ThirdPersonExampleMap.ThirdPersonExampleMap:PersistentLevel.ThirdPersonExampleMap'
[2019.08.08-15.59.19:319][304]LogBlueprintUserMessages: Early EndPlayMap Detection: Level '/Game/IronForgedGames/Core/Entity/Test/ThirdPersonCPP/Maps/ThirdPersonExampleMap.ThirdPersonExampleMap:PersistentLevel' has LevelScriptBlueprint '/Game/IronForgedGames/Core/Entity/Test/ThirdPersonCPP/Maps/ThirdPersonExampleMap.ThirdPersonExampleMap:PersistentLevel.ThirdPersonExampleMap' with GeneratedClass '/Game/IronForgedGames/Core/Entity/Test/ThirdPersonCPP/Maps/ThirdPersonExampleMap.ThirdPersonExampleMap_C' with ClassGeneratedBy '/Game/IronForgedGames/Core/Entity/Test/ThirdPersonCPP/Maps/ThirdPersonExampleMap.ThirdPersonExampleMap:PersistentLevel.ThirdPersonExampleMap'
[2019.08.08-15.59.19:320][304]LogSlate: Updating window title bar state: overlay mode, drag disabled, window buttons hidden, title bar hidden
[2019.08.08-15.59.19:355][304]LogPlayLevel: Display: Shutting down PIE online subsystems
[2019.08.08-15.59.19:356][304]LogBlueprintUserMessages: Late EndPlayMap Detection: Level '/Game/IronForgedGames/Core/Entity/Test/ThirdPersonCPP/Maps/ThirdPersonExampleMap.ThirdPersonExampleMap:PersistentLevel' has LevelScriptBlueprint '/Game/IronForgedGames/Core/Entity/Test/ThirdPersonCPP/Maps/ThirdPersonExampleMap.ThirdPersonExampleMap:PersistentLevel.ThirdPersonExampleMap' with GeneratedClass '/Game/IronForgedGames/Core/Entity/Test/ThirdPersonCPP/Maps/ThirdPersonExampleMap.ThirdPersonExampleMap_C' with ClassGeneratedBy '/Game/IronForgedGames/Core/Entity/Test/ThirdPersonCPP/Maps/ThirdPersonExampleMap.ThirdPersonExampleMap:PersistentLevel.ThirdPersonExampleMap'
[2019.08.08-15.59.19:376][304]LogSlate: Updating window title bar state: overlay mode, drag disabled, window buttons hidden, title bar hidden
[2019.08.08-15.59.19:423][306]LogPlayLevel: Display: Destroying online subsystem :Context_5
[2019.08.08-15.59.20:434][427]LogSlate: FSceneViewport::OnFocusLost() reason 0
[2019.08.08-15.59.22:681][679]Cmd: TRANSACTION UNDO
[2019.08.08-15.59.22:681][679]LogEditorTransaction: Undo Edit 3
[2019.08.08-15.59.23:399][761]Cmd: TRANSACTION UNDO
[2019.08.08-15.59.23:399][761]LogEditorTransaction: Undo Add Child
[2019.08.08-15.59.24:220][855]LogSavePackage: Moving '../../../../../Tether/Project_Tether/Project_Tether/Saved/StraightSwordACD0AB6B4FAB665B693EE98EA95FC0C8.tmp' to '../../../../../Tether/Project_Tether/Project_Tether/Content/IronForgedGames/Implementation/Gameplay/System/Tool/ToolAsset/Weapons/WeaponTypes/StraightSword.uasset'
[2019.08.08-15.59.24:721][912]LogSavePackage: Moving '../../../../../Tether/Project_Tether/Project_Tether/Saved/StraightSwordB956F88440FDEA6DFF0268BD5633AD41.tmp' to '../../../../../Tether/Project_Tether/Project_Tether/Content/IronForgedGames/Implementation/Gameplay/System/Tool/ToolAsset/Weapons/WeaponTypes/StraightSword.uasset'
[2019.08.08-16.19.46:924][338]LogSlate: FSceneViewport::OnFocusLost() reason 0
[2019.08.08-16.19.47:299][344]Candidate modules for hot reload:
[2019.08.08-16.19.47:299][344]  Project_Tether
[2019.08.08-16.19.47:299][344]Launching UnrealBuildTool... [E:/Epic Games/UE_4.20/Engine/Binaries/DotNET/UnrealBuildTool.exe  -ModuleWithSuffix=Project_Tether,7139 Win64 Development -TargetType=Editor -Project="../../../../../Tether/Project_Tether/Project_Tether/Project_Tether.uproject" -canskiplink "E:/Tether/Project_Tether/Project_Tether/Project_Tether.uproject" ]
[2019.08.08-16.19.47:306][344]Warning: Starting HotReload took  0.3s.
[2019.08.08-16.20.04:379][353]LogSlate: FSceneViewport::OnFocusLost() reason 0
[2019.08.08-16.20.10:357][848]LogAssetEditorManager: Opening Asset editor for Blueprint /Game/IronForgedGames/Implementation/Gameplay/CharactersBP/PlayerCharacters/Base/TopDownCharacter_BP.TopDownCharacter_BP
[2019.08.08-16.20.11:214][848]LogContentBrowser: Native class hierarchy updated for 'BlueprintGraph' in 0.0010 seconds. Added 116 classes and 0 folders.
[2019.08.08-16.20.12:549][848]LogSlate: Took 0.022834 seconds to synchronously load lazily loaded font '../../../Engine/Content/Slate/Fonts/Roboto-BoldCondensed.ttf' (158K)
[2019.08.08-16.20.12:910][849]CompilerResultsLog: New page: Compilation - Aug 8, 2019, 8:20:12 AM
[2019.08.08-16.20.12:911][849]CompilerResultsLog: Using 'git status' to determine working set for adaptive non-unity build.
[2019.08.08-16.20.12:912][849]CompilerResultsLog: Creating makefile for hot reloading Project_TetherEditor (game project files are newer)
[2019.08.08-16.20.12:912][849]CompilerResultsLog: Compiling game modules for hot reload
[2019.08.08-16.20.12:912][849]CompilerResultsLog: Using Visual Studio 2017 14.21.27702 toolchain (C:\Program Files (x86)\Microsoft Visual Studio\2019\Community\VC\Tools\MSVC\14.21.27702) and Windows 10.0.17763.0 SDK (C:\Program Files (x86)\Windows Kits\10).
[2019.08.08-16.20.12:913][849]CompilerResultsLog: Parsing headers for Project_TetherEditor
[2019.08.08-16.20.12:913][849]CompilerResultsLog:   Running UnrealHeaderTool "E:\Tether\Project_Tether\Project_Tether\Project_Tether.uproject" "E:\Tether\Project_Tether\Project_Tether\Intermediate\Build\Win64\Project_TetherEditor\Development\Project_TetherEditor.uhtmanifest" -LogCmds="loginit warning, logexit warning, logdatabase error" -Unattended -WarningsAsErrors -installed
[2019.08.08-16.20.12:914][849]CompilerResultsLog: Reflection code generated for Project_TetherEditor in 11.7580355 seconds
[2019.08.08-16.20.12:914][849]CompilerResultsLog: Building 4 actions with 8 processes...
[2019.08.08-16.20.12:914][849]CompilerResultsLog:   [1/4] Module.Project_Tether.gen.cpp
[2019.08.08-16.20.12:915][849]CompilerResultsLog:   [2/4] Module.Project_Tether.cpp
[2019.08.08-16.20.12:915][849]CompilerResultsLog:   [3/4] UE4Editor-Project_Tether-7139.lib
[2019.08.08-16.20.12:915][849]CompilerResultsLog:      Creating library E:\Tether\Project_Tether\Project_Tether\Intermediate\Build\Win64\UE4Editor\Development\Project_Tether\UE4Editor-Project_Tether-7139.lib and object E:\Tether\Project_Tether\Project_Tether\Intermediate\Build\Win64\UE4Editor\Development\Project_Tether\UE4Editor-Project_Tether-7139.exp
[2019.08.08-16.20.12:916][849]CompilerResultsLog:   [4/4] UE4Editor-Project_Tether-7139.dll
[2019.08.08-16.20.12:916][849]CompilerResultsLog:      Creating library E:\Tether\Project_Tether\Project_Tether\Intermediate\Build\Win64\UE4Editor\Development\Project_Tether\UE4Editor-Project_Tether-7139.suppressed.lib and object E:\Tether\Project_Tether\Project_Tether\Intermediate\Build\Win64\UE4Editor\Development\Project_Tether\UE4Editor-Project_Tether-7139.suppressed.exp
[2019.08.08-16.20.12:917][849]CompilerResultsLog: Total build time: 23.78 seconds (Parallel executor: 6.58 seconds)
[2019.08.08-16.20.12:917][849]LogMainFrame: MainFrame: Module compiling took 25.664 seconds
[2019.08.08-16.20.13:214][849]LogClass: Could not find existing class PlayerComboComponent in package /Script/Project_Tether for HotReload, assuming new class
[2019.08.08-16.20.13:215][849]LogClass: Function OnCanTransition is new.
[2019.08.08-16.20.13:215][849]LogClass: Function OnInputRecieved is new.
[2019.08.08-16.20.13:215][849]LogClass: Function OnMontageEnded is new.
[2019.08.08-16.20.13:215][849]LogClass: Function OnMontageHit is new.
[2019.08.08-16.20.13:216][849]LogClass: Function SetAnimations is new.
[2019.08.08-16.20.13:216][849]LogClass: Function SetAnimationsFromWeapon is new.
[2019.08.08-16.20.13:216][849]LogClass: Function SetShouldBranch is new.
[2019.08.08-16.20.13:238][849]LogClass: StatModifier HotReload.
[2019.08.08-16.20.13:239][849]LogClass: ToolData HotReload.
[2019.08.08-16.20.13:239][849]LogClass: FHandedness HotReload.
[2019.08.08-16.20.13:239][849]LogClass: FArmorSlot HotReload.
[2019.08.08-16.20.13:239][849]LogClass: FRarity HotReload.
[2019.08.08-16.20.13:239][849]LogClass: FUsageType HotReload.
[2019.08.08-16.20.13:240][849]LogClass: Status HotReload.
[2019.08.08-16.20.13:240][849]LogClass: Slot HotReload.
[2019.08.08-16.20.13:240][849]LogClass: Stat HotReload.
[2019.08.08-16.20.13:240][849]LogClass: ToolDataKey HotReload.
[2019.08.08-16.20.13:240][849]LogClass: ToolDataSlot HotReload.
[2019.08.08-16.20.13:241][849]LogClass: ResistanceModifier HotReload.
[2019.08.08-16.20.13:241][849]LogClass: HealInfo HotReload.
[2019.08.08-16.20.13:241][849]LogClass: DamageInfo HotReload.
[2019.08.08-16.20.13:253][849]LogHotReload: Re-instancing PlayerComboComponent after hot-reload.
[2019.08.08-16.20.13:453][849]Error: CDO Constructor (Project_TetherGameMode): Failed to find /Game/ThirdPersonCPP/Blueprints/ThirdPersonCharacter.ThirdPersonCharacter_C

[2019.08.08-16.20.13:457][849]LogContentBrowser: Native class hierarchy updated for 'Project_Tether' in 0.0009 seconds. Added 33 classes and 18 folders.
[2019.08.08-16.20.13:458][849]Warning: Some classes could not be reloaded:
Error: CDO Constructor (Project_TetherGameMode): Failed to find /Game/ThirdPersonCPP/Blueprints/ThirdPersonCharacter.ThirdPersonCharacter_C


[2019.08.08-16.20.13:462][849]Display: HotReload successful (59 functions remapped  9 scriptstructs remapped)
[2019.08.08-16.20.13:878][849]LogContentBrowser: Native class hierarchy populated in 0.0100 seconds. Added 2606 classes and 623 folders.
[2019.08.08-16.20.13:879][849]Display: HotReload took 26.9s.
[2019.08.08-16.20.14:046][850]LogSlate: Took 0.001060 seconds to synchronously load lazily loaded font '../../../Engine/Content/Slate/Fonts/Roboto-Italic.ttf' (157K)
[2019.08.08-16.20.14:451][873]LogSlate: Window 'TopDownCharacter_BP' being destroyed
[2019.08.08-16.20.32:441][890]LogScript: Warning: Accessed None trying to read property owner
	TopDownAnim_BP_C /Engine/Transient.World_5:PersistentLevel.SkeletalMeshActor_0.SkeletalMeshComponent0.TopDownAnim_BP_C_0
	Function /Game/IronForgedGames/Implementation/Gameplay/CharactersBP/PlayerCharacters/Animation/TopDownAnim_BP.TopDownAnim_BP_C:ExecuteUbergraph_TopDownAnim_BP:03D9
[2019.08.08-16.20.33:676][993]LogAssetEditorManager: Opening Asset editor for AnimBlueprint /Game/IronForgedGames/Implementation/Gameplay/CharactersBP/PlayerCharacters/Animation/TopDownAnim_BP.TopDownAnim_BP
[2019.08.08-16.20.33:810][993]LogContentBrowser: Native class hierarchy updated for 'SkeletonEditor' in 0.0012 seconds. Added 1 classes and 2 folders.
[2019.08.08-16.20.34:198][993]LogActorComponent: RegisterComponentWithWorld: (/Engine/Transient.World_8:PersistentLevel.AnimationEditorPreviewActor_0.DebugSkelMeshComponent_0) Already registered. Aborting.
[2019.08.08-16.20.34:199][993]LogScript: Warning: Accessed None trying to read property owner
	TopDownAnim_BP_C /Engine/Transient.World_8:PersistentLevel.AnimationEditorPreviewActor_0.DebugSkelMeshComponent_0.TopDownAnim_BP_C_0
	Function /Game/IronForgedGames/Implementation/Gameplay/CharactersBP/PlayerCharacters/Animation/TopDownAnim_BP.TopDownAnim_BP_C:ExecuteUbergraph_TopDownAnim_BP:03D9
[2019.08.08-16.20.34:254][993]LogContentBrowser: Native class hierarchy updated for 'PinnedCommandList' in 0.0006 seconds. Added 1 classes and 0 folders.
[2019.08.08-16.20.34:747][993]LogSkeletalMesh: USkeletalMeshComponent::InitArticulated : Bodies already created (/Engine/Transient.World_8:PersistentLevel.AnimationEditorPreviewActor_0.DebugSkelMeshComponent_0) - call TermArticulated first.
[2019.08.08-16.20.35:196][993]LogScript: Warning: Accessed None trying to read property owner
	TopDownAnim_BP_C /Engine/Transient.World_8:PersistentLevel.AnimationEditorPreviewActor_0.DebugSkelMeshComponent_0.TopDownAnim_BP_C_0
	Function /Game/IronForgedGames/Implementation/Gameplay/CharactersBP/PlayerCharacters/Animation/TopDownAnim_BP.TopDownAnim_BP_C:ExecuteUbergraph_TopDownAnim_BP:03D9
[2019.08.08-16.20.35:272][993]LogContentBrowser: Native class hierarchy updated for 'ClothingSystemEditorInterface' in 0.0007 seconds. Added 1 classes and 0 folders.
[2019.08.08-16.20.35:384][994]LogScript: Warning: Accessed None trying to read property owner
	TopDownAnim_BP_C /Engine/Transient.World_8:PersistentLevel.AnimationEditorPreviewActor_0.DebugSkelMeshComponent_0.TopDownAnim_BP_C_0
	Function /Game/IronForgedGames/Implementation/Gameplay/CharactersBP/PlayerCharacters/Animation/TopDownAnim_BP.TopDownAnim_BP_C:ExecuteUbergraph_TopDownAnim_BP:03D9
[2019.08.08-16.20.35:402][995]LogScript: Warning: Accessed None trying to read property owner
	TopDownAnim_BP_C /Engine/Transient.World_8:PersistentLevel.AnimationEditorPreviewActor_0.DebugSkelMeshComponent_0.TopDownAnim_BP_C_0
	Function /Game/IronForgedGames/Implementation/Gameplay/CharactersBP/PlayerCharacters/Animation/TopDownAnim_BP.TopDownAnim_BP_C:ExecuteUbergraph_TopDownAnim_BP:03D9
[2019.08.08-16.20.35:460][996]LogScript: Warning: Accessed None trying to read property owner
	TopDownAnim_BP_C /Engine/Transient.World_8:PersistentLevel.AnimationEditorPreviewActor_0.DebugSkelMeshComponent_0.TopDownAnim_BP_C_0
	Function /Game/IronForgedGames/Implementation/Gameplay/CharactersBP/PlayerCharacters/Animation/TopDownAnim_BP.TopDownAnim_BP_C:ExecuteUbergraph_TopDownAnim_BP:03D9
[2019.08.08-16.20.35:473][997]LogScript: Warning: Accessed None trying to read property owner
	TopDownAnim_BP_C /Engine/Transient.World_8:PersistentLevel.AnimationEditorPreviewActor_0.DebugSkelMeshComponent_0.TopDownAnim_BP_C_0
	Function /Game/IronForgedGames/Implementation/Gameplay/CharactersBP/PlayerCharacters/Animation/TopDownAnim_BP.TopDownAnim_BP_C:ExecuteUbergraph_TopDownAnim_BP:03D9
[2019.08.08-16.20.35:485][998]LogScript: Warning: Accessed None trying to read property owner
	TopDownAnim_BP_C /Engine/Transient.World_8:PersistentLevel.AnimationEditorPreviewActor_0.DebugSkelMeshComponent_0.TopDownAnim_BP_C_0
	Function /Game/IronForgedGames/Implementation/Gameplay/CharactersBP/PlayerCharacters/Animation/TopDownAnim_BP.TopDownAnim_BP_C:ExecuteUbergraph_TopDownAnim_BP:03D9
[2019.08.08-16.20.35:495][999]LogScript: Warning: Accessed None trying to read property owner
	TopDownAnim_BP_C /Engine/Transient.World_8:PersistentLevel.AnimationEditorPreviewActor_0.DebugSkelMeshComponent_0.TopDownAnim_BP_C_0
	Function /Game/IronForgedGames/Implementation/Gameplay/CharactersBP/PlayerCharacters/Animation/TopDownAnim_BP.TopDownAnim_BP_C:ExecuteUbergraph_TopDownAnim_BP:03D9
[2019.08.08-16.20.35:507][  0]LogScript: Warning: Accessed None trying to read property owner
	TopDownAnim_BP_C /Engine/Transient.World_8:PersistentLevel.AnimationEditorPreviewActor_0.DebugSkelMeshComponent_0.TopDownAnim_BP_C_0
	Function /Game/IronForgedGames/Implementation/Gameplay/CharactersBP/PlayerCharacters/Animation/TopDownAnim_BP.TopDownAnim_BP_C:ExecuteUbergraph_TopDownAnim_BP:03D9
[2019.08.08-16.20.35:516][  1]LogScript: Warning: Accessed None trying to read property owner
	TopDownAnim_BP_C /Engine/Transient.World_8:PersistentLevel.AnimationEditorPreviewActor_0.DebugSkelMeshComponent_0.TopDownAnim_BP_C_0
	Function /Game/IronForgedGames/Implementation/Gameplay/CharactersBP/PlayerCharacters/Animation/TopDownAnim_BP.TopDownAnim_BP_C:ExecuteUbergraph_TopDownAnim_BP:03D9
[2019.08.08-16.20.35:525][  2]LogScript: Warning: Accessed None trying to read property owner
	TopDownAnim_BP_C /Engine/Transient.World_8:PersistentLevel.AnimationEditorPreviewActor_0.DebugSkelMeshComponent_0.TopDownAnim_BP_C_0
	Function /Game/IronForgedGames/Implementation/Gameplay/CharactersBP/PlayerCharacters/Animation/TopDownAnim_BP.TopDownAnim_BP_C:ExecuteUbergraph_TopDownAnim_BP:03D9
[2019.08.08-16.20.35:533][  3]LogScript: Warning: Accessed None trying to read property owner
	TopDownAnim_BP_C /Engine/Transient.World_8:PersistentLevel.AnimationEditorPreviewActor_0.DebugSkelMeshComponent_0.TopDownAnim_BP_C_0
	Function /Game/IronForgedGames/Implementation/Gameplay/CharactersBP/PlayerCharacters/Animation/TopDownAnim_BP.TopDownAnim_BP_C:ExecuteUbergraph_TopDownAnim_BP:03D9
[2019.08.08-16.20.35:542][  4]LogScript: Warning: Accessed None trying to read property owner
	TopDownAnim_BP_C /Engine/Transient.World_8:PersistentLevel.AnimationEditorPreviewActor_0.DebugSkelMeshComponent_0.TopDownAnim_BP_C_0
	Function /Game/IronForgedGames/Implementation/Gameplay/CharactersBP/PlayerCharacters/Animation/TopDownAnim_BP.TopDownAnim_BP_C:ExecuteUbergraph_TopDownAnim_BP:03D9
[2019.08.08-16.20.35:552][  5]LogScript: Warning: Accessed None trying to read property owner
	TopDownAnim_BP_C /Engine/Transient.World_8:PersistentLevel.AnimationEditorPreviewActor_0.DebugSkelMeshComponent_0.TopDownAnim_BP_C_0
	Function /Game/IronForgedGames/Implementation/Gameplay/CharactersBP/PlayerCharacters/Animation/TopDownAnim_BP.TopDownAnim_BP_C:ExecuteUbergraph_TopDownAnim_BP:03D9
[2019.08.08-16.20.35:560][  6]LogScript: Warning: Accessed None trying to read property owner
	TopDownAnim_BP_C /Engine/Transient.World_8:PersistentLevel.AnimationEditorPreviewActor_0.DebugSkelMeshComponent_0.TopDownAnim_BP_C_0
	Function /Game/IronForgedGames/Implementation/Gameplay/CharactersBP/PlayerCharacters/Animation/TopDownAnim_BP.TopDownAnim_BP_C:ExecuteUbergraph_TopDownAnim_BP:03D9
[2019.08.08-16.20.35:570][  7]LogScript: Warning: Accessed None trying to read property owner
	TopDownAnim_BP_C /Engine/Transient.World_8:PersistentLevel.AnimationEditorPreviewActor_0.DebugSkelMeshComponent_0.TopDownAnim_BP_C_0
	Function /Game/IronForgedGames/Implementation/Gameplay/CharactersBP/PlayerCharacters/Animation/TopDownAnim_BP.TopDownAnim_BP_C:ExecuteUbergraph_TopDownAnim_BP:03D9
[2019.08.08-16.20.38:365][303]BlueprintLog: New page: Compile TopDownAnim_BP
[2019.08.08-16.20.38:401][303]LogScript: Warning: Accessed None trying to read property owner
	TopDownAnim_BP_C /Engine/Transient.World_5:PersistentLevel.SkeletalMeshActor_0.SkeletalMeshComponent0.TopDownAnim_BP_C_1
	Function /Game/IronForgedGames/Implementation/Gameplay/CharactersBP/PlayerCharacters/Animation/TopDownAnim_BP.TopDownAnim_BP_C:ExecuteUbergraph_TopDownAnim_BP:03D9
[2019.08.08-16.20.38:402][303]LogScript: Warning: Accessed None trying to read property owner
	TopDownAnim_BP_C /Engine/Transient.World_8:PersistentLevel.AnimationEditorPreviewActor_0.DebugSkelMeshComponent_0.TopDownAnim_BP_C_1
	Function /Game/IronForgedGames/Implementation/Gameplay/CharactersBP/PlayerCharacters/Animation/TopDownAnim_BP.TopDownAnim_BP_C:ExecuteUbergraph_TopDownAnim_BP:03D9
[2019.08.08-16.20.38:573][303]LogScript: Warning: Accessed None trying to read property owner
	TopDownAnim_BP_C /Engine/Transient.World_8:PersistentLevel.AnimationEditorPreviewActor_0.DebugSkelMeshComponent_0.TopDownAnim_BP_C_1
	Function /Game/IronForgedGames/Implementation/Gameplay/CharactersBP/PlayerCharacters/Animation/TopDownAnim_BP.TopDownAnim_BP_C:ExecuteUbergraph_TopDownAnim_BP:03D9
[2019.08.08-16.20.38:654][304]LogScript: Warning: Accessed None trying to read property owner
	TopDownAnim_BP_C /Engine/Transient.World_8:PersistentLevel.AnimationEditorPreviewActor_0.DebugSkelMeshComponent_0.TopDownAnim_BP_C_1
	Function /Game/IronForgedGames/Implementation/Gameplay/CharactersBP/PlayerCharacters/Animation/TopDownAnim_BP.TopDownAnim_BP_C:ExecuteUbergraph_TopDownAnim_BP:03D9
[2019.08.08-16.20.38:667][305]LogScript: Warning: Accessed None trying to read property owner
	TopDownAnim_BP_C /Engine/Transient.World_8:PersistentLevel.AnimationEditorPreviewActor_0.DebugSkelMeshComponent_0.TopDownAnim_BP_C_1
	Function /Game/IronForgedGames/Implementation/Gameplay/CharactersBP/PlayerCharacters/Animation/TopDownAnim_BP.TopDownAnim_BP_C:ExecuteUbergraph_TopDownAnim_BP:03D9
[2019.08.08-16.20.38:677][306]LogScript: Warning: Accessed None trying to read property owner
	TopDownAnim_BP_C /Engine/Transient.World_8:PersistentLevel.AnimationEditorPreviewActor_0.DebugSkelMeshComponent_0.TopDownAnim_BP_C_1
	Function /Game/IronForgedGames/Implementation/Gameplay/CharactersBP/PlayerCharacters/Animation/TopDownAnim_BP.TopDownAnim_BP_C:ExecuteUbergraph_TopDownAnim_BP:03D9
[2019.08.08-16.20.38:687][307]LogScript: Warning: Accessed None trying to read property owner
	TopDownAnim_BP_C /Engine/Transient.World_8:PersistentLevel.AnimationEditorPreviewActor_0.DebugSkelMeshComponent_0.TopDownAnim_BP_C_1
	Function /Game/IronForgedGames/Implementation/Gameplay/CharactersBP/PlayerCharacters/Animation/TopDownAnim_BP.TopDownAnim_BP_C:ExecuteUbergraph_TopDownAnim_BP:03D9
[2019.08.08-16.20.38:700][308]LogScript: Warning: Accessed None trying to read property owner
	TopDownAnim_BP_C /Engine/Transient.World_8:PersistentLevel.AnimationEditorPreviewActor_0.DebugSkelMeshComponent_0.TopDownAnim_BP_C_1
	Function /Game/IronForgedGames/Implementation/Gameplay/CharactersBP/PlayerCharacters/Animation/TopDownAnim_BP.TopDownAnim_BP_C:ExecuteUbergraph_TopDownAnim_BP:03D9
[2019.08.08-16.20.38:713][309]LogScript: Warning: Accessed None trying to read property owner
	TopDownAnim_BP_C /Engine/Transient.World_8:PersistentLevel.AnimationEditorPreviewActor_0.DebugSkelMeshComponent_0.TopDownAnim_BP_C_1
	Function /Game/IronForgedGames/Implementation/Gameplay/CharactersBP/PlayerCharacters/Animation/TopDownAnim_BP.TopDownAnim_BP_C:ExecuteUbergraph_TopDownAnim_BP:03D9
[2019.08.08-16.20.38:725][310]LogScript: Warning: Accessed None trying to read property owner
	TopDownAnim_BP_C /Engine/Transient.World_8:PersistentLevel.AnimationEditorPreviewActor_0.DebugSkelMeshComponent_0.TopDownAnim_BP_C_1
	Function /Game/IronForgedGames/Implementation/Gameplay/CharactersBP/PlayerCharacters/Animation/TopDownAnim_BP.TopDownAnim_BP_C:ExecuteUbergraph_TopDownAnim_BP:03D9
[2019.08.08-16.20.38:733][311]LogScript: Warning: Accessed None trying to read property owner
	TopDownAnim_BP_C /Engine/Transient.World_8:PersistentLevel.AnimationEditorPreviewActor_0.DebugSkelMeshComponent_0.TopDownAnim_BP_C_1
	Function /Game/IronForgedGames/Implementation/Gameplay/CharactersBP/PlayerCharacters/Animation/TopDownAnim_BP.TopDownAnim_BP_C:ExecuteUbergraph_TopDownAnim_BP:03D9
[2019.08.08-16.20.38:742][312]LogScript: Warning: Accessed None trying to read property owner
	TopDownAnim_BP_C /Engine/Transient.World_8:PersistentLevel.AnimationEditorPreviewActor_0.DebugSkelMeshComponent_0.TopDownAnim_BP_C_1
	Function /Game/IronForgedGames/Implementation/Gameplay/CharactersBP/PlayerCharacters/Animation/TopDownAnim_BP.TopDownAnim_BP_C:ExecuteUbergraph_TopDownAnim_BP:03D9
[2019.08.08-16.20.38:749][313]LogScript: Warning: Accessed None trying to read property owner
	TopDownAnim_BP_C /Engine/Transient.World_8:PersistentLevel.AnimationEditorPreviewActor_0.DebugSkelMeshComponent_0.TopDownAnim_BP_C_1
	Function /Game/IronForgedGames/Implementation/Gameplay/CharactersBP/PlayerCharacters/Animation/TopDownAnim_BP.TopDownAnim_BP_C:ExecuteUbergraph_TopDownAnim_BP:03D9
[2019.08.08-16.20.38:758][314]LogScript: Warning: Accessed None trying to read property owner
	TopDownAnim_BP_C /Engine/Transient.World_8:PersistentLevel.AnimationEditorPreviewActor_0.DebugSkelMeshComponent_0.TopDownAnim_BP_C_1
	Function /Game/IronForgedGames/Implementation/Gameplay/CharactersBP/PlayerCharacters/Animation/TopDownAnim_BP.TopDownAnim_BP_C:ExecuteUbergraph_TopDownAnim_BP:03D9
[2019.08.08-16.20.38:766][315]LogScript: Warning: Accessed None trying to read property owner
	TopDownAnim_BP_C /Engine/Transient.World_8:PersistentLevel.AnimationEditorPreviewActor_0.DebugSkelMeshComponent_0.TopDownAnim_BP_C_1
	Function /Game/IronForgedGames/Implementation/Gameplay/CharactersBP/PlayerCharacters/Animation/TopDownAnim_BP.TopDownAnim_BP_C:ExecuteUbergraph_TopDownAnim_BP:03D9
[2019.08.08-16.20.38:775][316]LogScript: Warning: Accessed None trying to read property owner
	TopDownAnim_BP_C /Engine/Transient.World_8:PersistentLevel.AnimationEditorPreviewActor_0.DebugSkelMeshComponent_0.TopDownAnim_BP_C_1
	Function /Game/IronForgedGames/Implementation/Gameplay/CharactersBP/PlayerCharacters/Animation/TopDownAnim_BP.TopDownAnim_BP_C:ExecuteUbergraph_TopDownAnim_BP:03D9
[2019.08.08-16.20.38:783][317]LogScript: Warning: Accessed None trying to read property owner
	TopDownAnim_BP_C /Engine/Transient.World_8:PersistentLevel.AnimationEditorPreviewActor_0.DebugSkelMeshComponent_0.TopDownAnim_BP_C_1
	Function /Game/IronForgedGames/Implementation/Gameplay/CharactersBP/PlayerCharacters/Animation/TopDownAnim_BP.TopDownAnim_BP_C:ExecuteUbergraph_TopDownAnim_BP:03D9
[2019.08.08-16.20.44:506][951]LogSelectionDetails: Warning: NavigateToFunctionSource:  Found symbols for [UPlayerComboComponent::OnCanTransition] - File [E:\Tether\Project_Tether\Project_Tether\Source\Project_Tether\Private\Implementation\Gameplay\PlayerController\Components\PlayerComboComponent.cpp], Line [100], Column [0]
[2019.08.08-16.20.44:608][951]LogSelectionDetails: Warning: NavigateToFunctionSource:  Found symbols for [UPlayerComboComponent::OnCanTransition] - File [E:\Tether\Project_Tether\Project_Tether\Source\Project_Tether\Private\Implementation\Gameplay\PlayerController\Components\PlayerComboComponent.cpp], Line [100], Column [0]
[2019.08.08-16.21.34:576][ 67]BlueprintLog: New page: Compile TopDownCharacter_BP
[2019.08.08-16.21.34:692][ 67]LogScript: Warning: Accessed None trying to read property owner
	TopDownAnim_BP_C /Engine/Transient.World_5:PersistentLevel.SkeletalMeshActor_0.SkeletalMeshComponent0.TopDownAnim_BP_C_2
	Function /Game/IronForgedGames/Implementation/Gameplay/CharactersBP/PlayerCharacters/Animation/TopDownAnim_BP.TopDownAnim_BP_C:ExecuteUbergraph_TopDownAnim_BP:03D9
[2019.08.08-16.21.34:694][ 67]LogScript: Warning: Accessed None trying to read property owner
	TopDownAnim_BP_C /Engine/Transient.World_8:PersistentLevel.AnimationEditorPreviewActor_0.DebugSkelMeshComponent_0.TopDownAnim_BP_C_2
	Function /Game/IronForgedGames/Implementation/Gameplay/CharactersBP/PlayerCharacters/Animation/TopDownAnim_BP.TopDownAnim_BP_C:ExecuteUbergraph_TopDownAnim_BP:03D9
[2019.08.08-16.21.35:717][ 67]LogSavePackage: Moving '../../../../../Tether/Project_Tether/Project_Tether/Saved/TopDownCharacter_BPBA08B1504F5F2A386CCC979BB2F79FF8.tmp' to '../../../../../Tether/Project_Tether/Project_Tether/Content/IronForgedGames/Implementation/Gameplay/CharactersBP/PlayerCharacters/Base/TopDownCharacter_BP.uasset'
[2019.08.08-16.21.38:761][423]LogTemp: Repeating last play command: Selected Viewport
[2019.08.08-16.21.38:795][423]LogBlueprintUserMessages: Early PlayInEditor Detection: Level '/Game/IronForgedGames/Core/Entity/Test/ThirdPersonCPP/Maps/ThirdPersonExampleMap.ThirdPersonExampleMap:PersistentLevel' has LevelScriptBlueprint '/Game/IronForgedGames/Core/Entity/Test/ThirdPersonCPP/Maps/ThirdPersonExampleMap.ThirdPersonExampleMap:PersistentLevel.ThirdPersonExampleMap' with GeneratedClass '/Game/IronForgedGames/Core/Entity/Test/ThirdPersonCPP/Maps/ThirdPersonExampleMap.ThirdPersonExampleMap_C' with ClassGeneratedBy '/Game/IronForgedGames/Core/Entity/Test/ThirdPersonCPP/Maps/ThirdPersonExampleMap.ThirdPersonExampleMap:PersistentLevel.ThirdPersonExampleMap'
[2019.08.08-16.21.38:796][423]LogPlayLevel: PlayLevel: No blueprints needed recompiling
[2019.08.08-16.21.38:797][423]PIE: New page: PIE session: ThirdPersonExampleMap (Aug 8, 2019, 8:21:38 AM)
[2019.08.08-16.21.38:797][423]LogPlayLevel: Creating play world package: /Game/IronForgedGames/Core/Entity/Test/ThirdPersonCPP/Maps/UEDPIE_0_ThirdPersonExampleMap
[2019.08.08-16.21.38:816][423]LogPlayLevel: PIE: StaticDuplicateObject took: (0.018142s)
[2019.08.08-16.21.38:817][423]LogAIModule: Creating AISystem for world ThirdPersonExampleMap
[2019.08.08-16.21.38:817][423]LogPlayLevel: PIE: World Init took: (0.001166s)
[2019.08.08-16.21.38:818][423]LogPlayLevel: PIE: Created PIE world by copying editor world from /Game/IronForgedGames/Core/Entity/Test/ThirdPersonCPP/Maps/ThirdPersonExampleMap.ThirdPersonExampleMap to /Game/IronForgedGames/Core/Entity/Test/ThirdPersonCPP/Maps/UEDPIE_0_ThirdPersonExampleMap.ThirdPersonExampleMap (0.020439s)
[2019.08.08-16.21.38:907][423]LogInit: XAudio2 using 'Speakers (2- Logitech G430 Gaming Headset)' : 2 channels at 48 kHz using 16 bits per sample (channel mask 0x3)
[2019.08.08-16.21.38:924][423]LogInit: FAudioDevice initialized.
[2019.08.08-16.21.38:938][423]LogSlate: Updating window title bar state: overlay mode, drag disabled, window buttons hidden, title bar hidden
[2019.08.08-16.21.38:986][423]LogLoad: Game class is 'GameMode'
[2019.08.08-16.21.38:989][423]LogWorld: Bringing World /Game/IronForgedGames/Core/Entity/Test/ThirdPersonCPP/Maps/UEDPIE_0_ThirdPersonExampleMap.ThirdPersonExampleMap up for play (max tick rate 0) at 2019.08.08-12.21.38
[2019.08.08-16.21.38:990][423]LogWorld: Bringing up level for play took: 0.002911
[2019.08.08-16.21.39:004][423]LogGameMode: FindPlayerStart: PATHS NOT DEFINED or NO PLAYERSTART with positive rating
[2019.08.08-16.21.39:004][423]LogGameMode: Display: Match State Changed from EnteringMap to WaitingToStart
[2019.08.08-16.21.39:005][423]LogGameState: Match State Changed from EnteringMap to WaitingToStart
[2019.08.08-16.21.39:005][423]LogGameMode: Display: Match State Changed from WaitingToStart to InProgress
[2019.08.08-16.21.39:006][423]LogTemp: Error: Health stat was found, the Vitals will not work
[2019.08.08-16.21.39:006][423]LogBlueprintUserMessages: [TopDownCharacter_BP_5] Test Sword Tool was added
[2019.08.08-16.21.39:006][423]LogBlueprintUserMessages: [TopDownCharacter_BP_5] Sword Tool 2 was added
[2019.08.08-16.21.39:006][423]LogBlueprintUserMessages: [TopDownCharacter_BP_5] Test Sword Tool 3 was added
[2019.08.08-16.21.39:007][423]LogBlueprintUserMessages: [TopDownCharacter_BP_5] Test Shield 1 was added
[2019.08.08-16.21.39:007][423]LogBlueprintUserMessages: [TopDownCharacter_BP_5] Test Shield 2 was added
[2019.08.08-16.21.39:007][423]LogBlueprintUserMessages: [TopDownCharacter_BP_5] Test Shield 3 was added
[2019.08.08-16.21.39:008][423]LogTemp: Warning: Is initialized
[2019.08.08-16.21.39:008][423]LogBlueprintUserMessages: [TopDownCharacter_BP_5] Test Shield 1 was equipped 
[2019.08.08-16.21.39:009][423]LogBlueprintUserMessages: [TopDownCharacter_BP_5] Test Sword Tool was equipped 
[2019.08.08-16.21.39:009][423]LogGameState: Match State Changed from WaitingToStart to InProgress
[2019.08.08-16.21.39:011][423]PIE: Play in editor start time for /Game/IronForgedGames/Core/Entity/Test/ThirdPersonCPP/Maps/UEDPIE_0_ThirdPersonExampleMap 0.544
[2019.08.08-16.21.39:012][423]LogBlueprintUserMessages: Late PlayInEditor Detection: Level '/Game/IronForgedGames/Core/Entity/Test/ThirdPersonCPP/Maps/ThirdPersonExampleMap.ThirdPersonExampleMap:PersistentLevel' has LevelScriptBlueprint '/Game/IronForgedGames/Core/Entity/Test/ThirdPersonCPP/Maps/ThirdPersonExampleMap.ThirdPersonExampleMap:PersistentLevel.ThirdPersonExampleMap' with GeneratedClass '/Game/IronForgedGames/Core/Entity/Test/ThirdPersonCPP/Maps/ThirdPersonExampleMap.ThirdPersonExampleMap_C' with ClassGeneratedBy '/Game/IronForgedGames/Core/Entity/Test/ThirdPersonCPP/Maps/ThirdPersonExampleMap.ThirdPersonExampleMap:PersistentLevel.ThirdPersonExampleMap'
[2019.08.08-16.21.39:064][423]LogRenderer: Reallocating scene render targets to support 1292x756 Format 10 NumSamples 1 (Frame:1).
