Log file open, 07/10/19 23:48:12
LogWindows: Failed to load 'aqProf.dll' (GetLastError=126)
LogWindows: File 'aqProf.dll' does not exist
LogWindows: Failed to load 'VtuneApi.dll' (GetLastError=126)
LogWindows: File 'VtuneApi.dll' does not exist
LogWindows: Failed to load 'VtuneApi32e.dll' (GetLastError=126)
LogWindows: File 'VtuneApi32e.dll' does not exist
LogInit: Display: Running engine for game: Project_Tether
LogPlatformFile: Not using cached read wrapper
LogTaskGraph: Started task graph with 5 named threads and 35 total threads with 3 sets of task threads.
LogStats: Stats thread started at 0.395608
LogD3D11RHI: Loaded GFSDK_Aftermath_Lib.x64.dll
LogICUInternationalization: Display: ICU TimeZone Detection - Raw Offset: -5:00, Platform Override: ''
LogPluginManager: Mounting plugin Paper2D
LogPluginManager: Mounting plugin AISupport
LogPluginManager: Mounting plugin LightPropagationVolume
LogPluginManager: Mounting plugin CLionSourceCodeAccess
LogPluginManager: Mounting plugin CodeLiteSourceCodeAccess
LogPluginManager: Mounting plugin GitSourceControl
LogPluginManager: Mounting plugin KDevelopSourceCodeAccess
LogPluginManager: Mounting plugin NullSourceCodeAccess
LogPluginManager: Mounting plugin PerforceSourceControl
LogPluginManager: Mounting plugin SubversionSourceControl
LogPluginManager: Mounting plugin UObjectPlugin
LogPluginManager: Mounting plugin VisualStudioCodeSourceCodeAccess
LogPluginManager: Mounting plugin VisualStudioSourceCodeAccess
LogPluginManager: Mounting plugin XCodeSourceCodeAccess
LogPluginManager: Mounting plugin AssetManagerEditor
LogPluginManager: Mounting plugin CryptoKeys
LogPluginManager: Mounting plugin DataValidation
LogPluginManager: Mounting plugin FacialAnimation
LogPluginManager: Mounting plugin GameplayTagsEditor
LogPluginManager: Mounting plugin MacGraphicsSwitching
LogPluginManager: Mounting plugin MeshEditor
LogPluginManager: Mounting plugin MobileLauncherProfileWizard
LogPluginManager: Mounting plugin PluginBrowser
LogPluginManager: Mounting plugin SpeedTreeImporter
LogPluginManager: Mounting plugin DatasmithContent
LogPluginManager: Mounting plugin AlembicImporter
LogPluginManager: Mounting plugin AppleImageUtils
LogPluginManager: Mounting plugin AppleVision
LogPluginManager: Mounting plugin BackChannel
LogPluginManager: Mounting plugin CharacterAI
LogPluginManager: Mounting plugin GeometryCache
LogPluginManager: Mounting plugin HTML5Networking
LogPluginManager: Mounting plugin ProxyLODPlugin
LogPluginManager: Mounting plugin MagicLeap
LogPluginManager: Mounting plugin MagicLeapEmulator
LogPluginManager: Mounting plugin MagicLeapMedia
LogPluginManager: Mounting plugin UE4EditorCustomize
LogPluginManager: Mounting plugin AndroidMedia
LogPluginManager: Mounting plugin AvfMedia
LogPluginManager: Mounting plugin ImgMedia
LogPluginManager: Mounting plugin LinearTimecode
LogPluginManager: Mounting plugin MediaCompositing
LogPluginManager: Mounting plugin MediaPlayerEditor
LogPluginManager: Mounting plugin WmfMedia
LogPluginManager: Mounting plugin TcpMessaging
LogPluginManager: Mounting plugin UdpMessaging
LogPluginManager: Mounting plugin ActorSequence
LogPluginManager: Mounting plugin LevelSequenceEditor
LogPluginManager: Mounting plugin MatineeToLevelSequence
LogPluginManager: Mounting plugin NetcodeUnitTest
LogPluginManager: Mounting plugin NUTUnrealEngine4
LogPluginManager: Mounting plugin OnlineSubsystemGooglePlay
LogPluginManager: Mounting plugin OnlineSubsystemIOS
LogPluginManager: Mounting plugin OnlineSubsystem
LogPluginManager: Mounting plugin OnlineSubsystemNull
LogPluginManager: Mounting plugin OnlineSubsystemUtils
LogPluginManager: Mounting plugin LauncherChunkInstaller
LogPluginManager: Mounting plugin AndroidDeviceProfileSelector
LogPluginManager: Mounting plugin AndroidMoviePlayer
LogPluginManager: Mounting plugin AndroidPermission
LogPluginManager: Mounting plugin AppleMoviePlayer
LogPluginManager: Mounting plugin ArchVisCharacter
LogPluginManager: Mounting plugin AudioCapture
LogPluginManager: Mounting plugin CableComponent
LogPluginManager: Mounting plugin CustomMeshComponent
LogPluginManager: Mounting plugin EditableMesh
LogPluginManager: Mounting plugin ExampleDeviceProfileSelector
LogPluginManager: Mounting plugin GoogleCloudMessaging
LogPluginManager: Mounting plugin ImmediatePhysics
LogPluginManager: Mounting plugin IOSDeviceProfileSelector
LogPluginManager: Mounting plugin LinuxDeviceProfileSelector
LogPluginManager: Mounting plugin LocationServicesBPLibrary
LogPluginManager: Mounting plugin MobilePatchingUtils
LogPluginManager: Mounting plugin OculusVR
LogPluginManager: Plugin shader directory ../../../Engine/Plugins/Runtime/Oculus/OculusVR/Shaders found
LogPluginManager: Mapping shader source directory ../../../Engine/Plugins/Runtime/Oculus/OculusVR/Shaders to virtual directory /Plugin/OculusVR
LogPluginManager: Mounting plugin PhysXVehicles
LogPluginManager: Mounting plugin ProceduralMeshComponent
LogPluginManager: Mounting plugin RuntimePhysXCooking
LogPluginManager: Mounting plugin SteamVR
LogPluginManager: Mounting plugin WindowsMoviePlayer
LogStreaming: Display: Took  0.061s to configure plugins.
LogInit: Using libcurl 7.55.1-DEV
LogInit:  - built for x86_64-pc-win32
LogInit:  - supports SSL with OpenSSL/1.0.2h
LogInit:  - supports HTTP deflate (compression) using libz 1.2.8
LogInit:  - other features:
LogInit:      CURL_VERSION_SSL
LogInit:      CURL_VERSION_LIBZ
LogInit:      CURL_VERSION_IPV6
LogInit:      CURL_VERSION_ASYNCHDNS
LogInit:      CURL_VERSION_LARGEFILE
LogInit:      CURL_VERSION_IDN
LogInit:  CurlRequestOptions (configurable via config and command line):
LogInit:  - bVerifyPeer = false  - Libcurl will NOT verify peer certificate
LogInit:  - bUseHttpProxy = false  - Libcurl will NOT use HTTP proxy
LogInit:  - bDontReuseConnections = false  - Libcurl will reuse connections
LogInit:  - CertBundlePath = nullptr  - Libcurl will use whatever was configured at build time.
LogInit:  - MaxHostConnections = 16  - Libcurl will limit the number of connections to a host
LogInit:  - LocalHostAddr = Default
LogInit:  - BufferSize = 65536
LogInit: WinSock: version 1.1 (2.2), MaxSocks=32767, MaxUdp=65467
LogInit: Build: ++UE4+Release-4.20-CL-4369336
LogInit: Engine Version: 4.20.3-4369336+++UE4+Release-4.20
LogInit: Compatible Engine Version: 4.20.0-4212847+++UE4+Release-4.20
LogInit: Net CL: 4212847
LogInit: OS: Windows 10 (), CPU: Intel(R) Core(TM) i7-8700K CPU @ 3.70GHz, GPU: NVIDIA GeForce GTX 1060 6GB
LogInit: Compiled (64-bit): Sep 17 2018 12:26:19
LogInit: Compiled with Visual C++: 19.13.26129.00
LogInit: Build Configuration: Development
LogInit: Branch Name: ++UE4+Release-4.20
LogInit: Command Line:  
LogInit: Base Directory: E:/Epic Games Games/UE_4.20/Engine/Binaries/Win64/
LogInit: Installed Engine Build: 1
LogDevObjectVersion: Number of dev versions registered: 20
LogDevObjectVersion:   Dev-Blueprints (B0D832E4-1F89-4F0D-ACCF-7EB736FD4AA2): 10
LogDevObjectVersion:   Dev-Build (E1C64328-A22C-4D53-A36C-8E866417BD8C): 0
LogDevObjectVersion:   Dev-Core (375EC13C-06E4-48FB-B500-84F0262A717E): 2
LogDevObjectVersion:   Dev-Editor (E4B068ED-F494-42E9-A231-DA0B2E46BB41): 24
LogDevObjectVersion:   Dev-Framework (CFFC743F-43B0-4480-9391-14DF171D2073): 34
LogDevObjectVersion:   Dev-Mobile (B02B49B5-BB20-44E9-A304-32B752E40360): 2
LogDevObjectVersion:   Dev-Networking (A4E4105C-59A1-49B5-A7C5-40C4547EDFEE): 0
LogDevObjectVersion:   Dev-Online (39C831C9-5AE6-47DC-9A44-9C173E1C8E7C): 0
LogDevObjectVersion:   Dev-Physics (78F01B33-EBEA-4F98-B9B4-84EACCB95AA2): 0
LogDevObjectVersion:   Dev-Platform (6631380F-2D4D-43E0-8009-CF276956A95A): 0
LogDevObjectVersion:   Dev-Rendering (12F88B9F-8875-4AFC-A67C-D90C383ABD29): 26
LogDevObjectVersion:   Dev-Sequencer (7B5AE74C-D270-4C10-A958-57980B212A5A): 9
LogDevObjectVersion:   Dev-VR (D7296918-1DD6-4BDD-9DE2-64A83CC13884): 2
LogDevObjectVersion:   Dev-LoadTimes (C2A15278-BFE7-4AFE-6C17-90FF531DF755): 1
LogDevObjectVersion:   Private-Geometry (6EACA3D4-40EC-4CC1-B786-8BED09428FC5): 3
LogDevObjectVersion:   Dev-AnimPhys (29E575DD-E0A3-4627-9D10-D276232CDCEA): 17
LogDevObjectVersion:   Dev-ReflectionCapture (6B266CEC-1EC7-4B8F-A30B-E4D90942FC07): 1
LogDevObjectVersion:   Dev-Automation (0DF73D61-A23F-47EA-B727-89E90C41499A): 1
LogDevObjectVersion:   FortniteMain (601D1886-AC64-4F84-AA16-D3DE0DEAC7D6): 12
LogDevObjectVersion:   Dev-Enterprise (9DFFBCD6-494F-0158-E221-12823C92A888): 1
LogStreaming: Display: Took  0.000s to delete old logs.
LogInit: Presizing for max 8388607 objects, including 0 objects not considered by GC, pre-allocating 0 bytes for permanent pool.
LogInit: Object subsystem initialized
[2019.07.11-03.48.13:011][  0]LogInit: Selected Device Profile: [Windows]
[2019.07.11-03.48.13:011][  0]LogInit: Applying CVar settings loaded from the selected device profile: [Windows]
[2019.07.11-03.48.13:020][  0]LogHAL: Display: Platform has ~ 16 GB [17121992704 / 17179869184 / 16], which maps to Larger [LargestMinGB=32, LargerMinGB=12, DefaultMinGB=8, SmallerMinGB=6, SmallestMinGB=0)
[2019.07.11-03.48.13:021][  0]LogInit: Setting Device Profile CVar: [[r.Vulkan.UseRealUBs:1]]
[2019.07.11-03.48.13:021][  0]LogInit: Going up to parent DeviceProfile []
[2019.07.11-03.48.13:021][  0]LogInit: Computer: AARONS-DESKTOP
[2019.07.11-03.48.13:021][  0]LogInit: User: AaronsDesktop
[2019.07.11-03.48.13:021][  0]LogInit: CPU Page size=4096, Cores=6
[2019.07.11-03.48.13:021][  0]LogInit: High frequency timer resolution =3.609376 MHz
[2019.07.11-03.48.13:021][  0]LogMemory: Memory total: Physical=15.9GB (16GB approx)
[2019.07.11-03.48.13:021][  0]LogMemory: Platform Memory Stats for Windows
[2019.07.11-03.48.13:021][  0]LogMemory: Process Physical Memory: 102.07 MB used, 102.07 MB peak
[2019.07.11-03.48.13:021][  0]LogMemory: Process Virtual Memory: 94.31 MB used, 94.31 MB peak
[2019.07.11-03.48.13:021][  0]LogMemory: Physical Memory: 4383.54 MB used,  11945.27 MB free, 16328.80 MB total
[2019.07.11-03.48.13:021][  0]LogMemory: Virtual Memory: 4665.73 MB used,  11945.27 MB free, 134217728.00 MB total
[2019.07.11-03.48.13:048][  0]LogInit: Using OS detected language (en-US).
[2019.07.11-03.48.13:048][  0]LogInit: Using OS detected locale (en-US).
[2019.07.11-03.48.13:048][  0]LogTextLocalizationManager: No specific localization for 'en-US' exists, so the 'en' localization will be used.
[2019.07.11-03.48.13:325][  0]LogStreaming: Display: Took  0.277s to InitEngineTextLocalization.
[2019.07.11-03.48.13:325][  0]LogInit: Setting process to per monitor DPI aware
[2019.07.11-03.48.13:354][  0]LogSlate: New Slate User Created.  User Index 0, Is Virtual User: 0
[2019.07.11-03.48.13:354][  0]LogSlate: Slate User Registered.  User Index 0, Is Virtual User: 0
[2019.07.11-03.48.13:522][  0]LogHMD: Failed to initialize OpenVR with code 110
[2019.07.11-03.48.13:522][  0]LogD3D11RHI: D3D11 adapters:
[2019.07.11-03.48.13:567][  0]LogD3D11RHI:    0. 'NVIDIA GeForce GTX 1060 6GB' (Feature Level 11_0)
[2019.07.11-03.48.13:567][  0]LogD3D11RHI:       6052/0/8164 MB DedicatedVideo/DedicatedSystem/SharedSystem, Outputs:2, VendorId:0x10de
[2019.07.11-03.48.13:568][  0]LogD3D11RHI:    1. 'Microsoft Basic Render Driver' (Feature Level 11_0)
[2019.07.11-03.48.13:568][  0]LogD3D11RHI:       0/0/8164 MB DedicatedVideo/DedicatedSystem/SharedSystem, Outputs:0, VendorId:0x1414
[2019.07.11-03.48.13:568][  0]LogD3D11RHI: Chosen D3D11 Adapter: 0
[2019.07.11-03.48.13:572][  0]LogD3D11RHI: Creating new Direct3DDevice
[2019.07.11-03.48.13:573][  0]LogD3D11RHI:     GPU DeviceId: 0x1c03 (for the marketing name, search the web for "GPU Device Id")
[2019.07.11-03.48.13:573][  0]LogWindows: EnumDisplayDevices:
[2019.07.11-03.48.13:573][  0]LogWindows:    0. 'NVIDIA GeForce GTX 1060 6GB' (P:1 D:1)
[2019.07.11-03.48.13:573][  0]LogWindows:    1. 'NVIDIA GeForce GTX 1060 6GB' (P:0 D:1)
[2019.07.11-03.48.13:573][  0]LogWindows:    2. 'NVIDIA GeForce GTX 1060 6GB' (P:0 D:0)
[2019.07.11-03.48.13:573][  0]LogWindows:    3. 'NVIDIA GeForce GTX 1060 6GB' (P:0 D:0)
[2019.07.11-03.48.13:573][  0]LogWindows: DebugString: FoundDriverCount:4 
[2019.07.11-03.48.13:573][  0]LogD3D11RHI:     Adapter Name: NVIDIA GeForce GTX 1060 6GB
[2019.07.11-03.48.13:573][  0]LogD3D11RHI:   Driver Version: 418.81 (internal:25.21.14.1881, unified:418.81)
[2019.07.11-03.48.13:573][  0]LogD3D11RHI:      Driver Date: 1-30-2019
[2019.07.11-03.48.13:573][  0]LogRHI: Texture pool is 4236 MB (70% of 6052 MB)
[2019.07.11-03.48.13:603][  0]LogD3D11RHI: Async texture creation enabled
[2019.07.11-03.48.13:626][  0]LogD3D11RHI: GPU Timing Frequency: 1000.000000 (Debug: 2 1)
[2019.07.11-03.48.13:724][  0]LogShaderCompilers: Guid format shader working directory is -18 characters bigger than the processId version (../../../../../Projects/GitHub Repos/Unreal/Project_Tether/Project_Tether/Intermediate/Shaders/WorkingDirectory/11428/).
[2019.07.11-03.48.13:724][  0]LogShaderCompilers: Cleaned the shader compiler working directory 'C:/Users/Aaron's Desktop/AppData/Local/Temp/UnrealShaderWorkingDir/4334A68C4AF996F868F770A01D4DE89C/'.
[2019.07.11-03.48.13:926][  0]LogTemp: Display: Loaded TP AllDesktopTargetPlatform
[2019.07.11-03.48.13:935][  0]LogTemp: Display: Loaded TP MacClientTargetPlatform
[2019.07.11-03.48.13:944][  0]LogTemp: Display: Loaded TP MacNoEditorTargetPlatform
[2019.07.11-03.48.13:953][  0]LogTemp: Display: Loaded TP MacServerTargetPlatform
[2019.07.11-03.48.13:963][  0]LogTemp: Display: Loaded TP MacTargetPlatform
[2019.07.11-03.48.13:972][  0]LogTemp: Display: Loaded TP WindowsClientTargetPlatform
[2019.07.11-03.48.13:982][  0]LogTemp: Display: Loaded TP WindowsNoEditorTargetPlatform
[2019.07.11-03.48.13:992][  0]LogTemp: Display: Loaded TP WindowsServerTargetPlatform
[2019.07.11-03.48.13:996][  0]LogTemp: Display: Loaded TP WindowsTargetPlatform
[2019.07.11-03.48.14:053][  0]LogTemp: Display: Loaded TP AndroidTargetPlatform
[2019.07.11-03.48.14:053][  0]LogTemp: Display: Loaded TP AndroidTargetPlatform
[2019.07.11-03.48.14:053][  0]LogTemp: Display: Loaded TP AndroidTargetPlatform
[2019.07.11-03.48.14:053][  0]LogTemp: Display: Loaded TP AndroidTargetPlatform
[2019.07.11-03.48.14:053][  0]LogTemp: Display: Loaded TP AndroidTargetPlatform
[2019.07.11-03.48.14:053][  0]LogTemp: Display: Loaded TP AndroidTargetPlatform
[2019.07.11-03.48.14:053][  0]LogTemp: Display: Loaded TP AndroidTargetPlatform
[2019.07.11-03.48.14:053][  0]LogTemp: Display: Loaded TP AndroidTargetPlatform
[2019.07.11-03.48.14:053][  0]LogTemp: Display: Loaded TP AndroidTargetPlatform
[2019.07.11-03.48.14:053][  0]LogTemp: Display: Loaded TP AndroidTargetPlatform
[2019.07.11-03.48.14:053][  0]LogTemp: Display: Loaded TP AndroidTargetPlatform
[2019.07.11-03.48.14:054][  0]LogTemp: Display: Loaded TP AndroidTargetPlatform
[2019.07.11-03.48.14:054][  0]LogTemp: Display: Loaded TP AndroidTargetPlatform
[2019.07.11-03.48.14:054][  0]LogTemp: Display: Loaded TP AndroidTargetPlatform
[2019.07.11-03.48.14:054][  0]LogTemp: Display: Loaded TP AndroidTargetPlatform
[2019.07.11-03.48.14:054][  0]LogTemp: Display: Loaded TP AndroidTargetPlatform
[2019.07.11-03.48.14:054][  0]LogTemp: Display: Loaded TP AndroidTargetPlatform
[2019.07.11-03.48.14:054][  0]LogTemp: Display: Loaded TP AndroidTargetPlatform
[2019.07.11-03.48.14:054][  0]LogTemp: Display: Loaded TP HTML5TargetPlatform
[2019.07.11-03.48.14:110][  0]LogTemp: Display: Loaded TP IOSTargetPlatform
[2019.07.11-03.48.14:110][  0]LogTemp: Display: Loaded TP IOSTargetPlatform
[2019.07.11-03.48.14:144][  0]LogTemp: Display: Loaded TP TVOSTargetPlatform
[2019.07.11-03.48.14:144][  0]LogTemp: Display: Loaded TP TVOSTargetPlatform
[2019.07.11-03.48.14:158][  0]LogTemp: Display: Loaded TP LinuxClientTargetPlatform
[2019.07.11-03.48.14:167][  0]LogTemp: Display: Loaded TP LinuxNoEditorTargetPlatform
[2019.07.11-03.48.14:176][  0]LogTemp: Display: Loaded TP LinuxServerTargetPlatform
[2019.07.11-03.48.14:185][  0]LogTemp: Display: Loaded TP LinuxTargetPlatform
[2019.07.11-03.48.14:192][  0]LogTemp: Display: Loaded TP LuminTargetPlatform
[2019.07.11-03.48.14:192][  0]LogTargetPlatformManager: Display: Building Assets For Windows
[2019.07.11-03.48.14:225][  0]LogXGEController: Cleaning working directory: C:/Users/Aaron's Desktop/AppData/Local/Temp/UnrealXGEWorkingDir/
[2019.07.11-03.48.14:225][  0]LogXGEController: Cannot use XGE Controller as Incredibuild is not installed on this machine.
[2019.07.11-03.48.14:225][  0]LogShaderCompilers: Cannot use XGE Shader Compiler as Incredibuild is not installed on this machine.
[2019.07.11-03.48.14:225][  0]LogShaderCompilers: Display: Using Local Shader Compiler.
[2019.07.11-03.48.14:834][  0]LogDerivedDataCache: Display: Max Cache Size: 512 MB
[2019.07.11-03.48.14:879][  0]LogDerivedDataCache: Loaded boot cache 0.04s 73MB C:/Users/Aaron's Desktop/AppData/Local/UnrealEngine/4.20/DerivedDataCache/Boot.ddc.
[2019.07.11-03.48.14:880][  0]LogDerivedDataCache: Display: Loaded Boot cache: C:/Users/Aaron's Desktop/AppData/Local/UnrealEngine/4.20/DerivedDataCache/Boot.ddc
[2019.07.11-03.48.14:880][  0]LogDerivedDataCache: FDerivedDataBackendGraph:  Pak pak cache file ../../../../../Projects/GitHub Repos/Unreal/Project_Tether/Project_Tether/DerivedDataCache/DDC.ddp not found, will not use a pak cache.
[2019.07.11-03.48.14:880][  0]LogDerivedDataCache: Unable to find inner node Pak for hierarchical cache Hierarchy.
[2019.07.11-03.48.14:880][  0]LogDerivedDataCache: FDerivedDataBackendGraph:  CompressedPak pak cache file ../../../../../Projects/GitHub Repos/Unreal/Project_Tether/Project_Tether/DerivedDataCache/Compressed.ddp not found, will not use a pak cache.
[2019.07.11-03.48.14:880][  0]LogDerivedDataCache: Unable to find inner node CompressedPak for hierarchical cache Hierarchy.
[2019.07.11-03.48.14:892][  0]LogDerivedDataCache: Display: Pak cache opened for reading ../../../Engine/DerivedDataCache/Compressed.ddp.
[2019.07.11-03.48.14:903][  0]LogDerivedDataCache: Using Local data cache path C:/Users/Aaron's Desktop/AppData/Local/UnrealEngine/Common/DerivedDataCache: Writable
[2019.07.11-03.48.14:903][  0]LogDerivedDataCache: Shared data cache path not found in *engine.ini, will not use an Shared cache.
[2019.07.11-03.48.14:903][  0]LogDerivedDataCache: Unable to find inner node Shared for hierarchical cache Hierarchy.
[2019.07.11-03.48.14:917][  0]LogMaterial: Verifying Global Shaders for PCD3D_SM5
[2019.07.11-03.48.14:918][  0]LogSlate: Using FreeType 2.6.0
[2019.07.11-03.48.14:935][  0]LogSlate: SlateFontServices - WITH_FREETYPE: 1, WITH_HARFBUZZ: 1
[2019.07.11-03.48.14:996][  0]LogAssetRegistry: FAssetRegistry took 0.0254 seconds to start up
[2019.07.11-03.48.15:222][  0]LogInit: Selected Device Profile: [Windows]
[2019.07.11-03.48.15:257][  0]LogSimplygon: Simplygon DLL not present - disabling.
[2019.07.11-03.48.15:259][  0]LogMeshReduction: Using SimplygonSwarm for distributed automatic mesh merging
[2019.07.11-03.48.15:259][  0]LogMeshReduction: Using ProxyLODMeshReduction for automatic mesh merging
[2019.07.11-03.48.15:259][  0]LogMeshReduction: Using QuadricMeshReduction for automatic static mesh reduction
[2019.07.11-03.48.15:259][  0]LogMeshReduction: No automatic skeletal mesh reduction module available
[2019.07.11-03.48.15:333][  0]LogNetVersion: Project_Tether 1.0.0, NetCL: 4212847, EngineNetVer: 5, GameNetVer: 0 (Checksum: 2290113244)
[2019.07.11-03.48.15:692][  0]LogPackageLocalizationCache: Processed 12 localized package path(s) for 2 prioritized culture(s) in 0.066468 seconds
[2019.07.11-03.48.15:697][  0]LogUObjectArray: 38425 objects as part of root set at end of initial load.
[2019.07.11-03.48.15:697][  0]LogUObjectAllocator: 6690864 out of 0 bytes used by permanent object pool.
[2019.07.11-03.48.15:697][  0]LogUObjectArray: CloseDisregardForGC: 0/0 objects in disregard for GC pool
[2019.07.11-03.48.17:665][  0]LogTcpMessaging: Initializing TcpMessaging bridge
[2019.07.11-03.48.17:678][  0]LogUdpMessaging: Initializing bridge on interface 0.0.0.0:0 to multicast group 230.0.0.1:6666.
[2019.07.11-03.48.17:815][  0]LogLinker: Warning: Can't find file '/Game/ThirdPersonCPP/Blueprints/ThirdPersonCharacter'
[2019.07.11-03.48.17:816][  0]LogLinker: Warning: Can't find file '/Game/ThirdPersonCPP/Blueprints/ThirdPersonCharacter'
[2019.07.11-03.48.17:816][  0]LogUObjectGlobals: Warning: Failed to find object 'Class /Game/ThirdPersonCPP/Blueprints/ThirdPersonCharacter.ThirdPersonCharacter_C'
[2019.07.11-03.48.17:816][  0]Error: CDO Constructor (Project_TetherGameMode): Failed to find /Game/ThirdPersonCPP/Blueprints/ThirdPersonCharacter.ThirdPersonCharacter_C

[2019.07.11-03.48.17:816][  0]LogUObjectBase: Warning: -------------- Default Property warnings and errors:
[2019.07.11-03.48.17:816][  0]LogUObjectBase: Warning: Error: CDO Constructor (Project_TetherGameMode): Failed to find /Game/ThirdPersonCPP/Blueprints/ThirdPersonCharacter.ThirdPersonCharacter_C

[2019.07.11-03.48.17:835][  0]LogWindowsTextInputMethodSystem: Display: IME system now deactivated.
[2019.07.11-03.48.22:137][  0]LogWindowsTextInputMethodSystem: Display: IME system now deactivated.
[2019.07.11-03.48.22:138][  0]LogWindowsTextInputMethodSystem: Display: IME system now deactivated.
[2019.07.11-03.48.22:165][  0]SourceControl: Source control is disabled
[2019.07.11-03.48.22:165][  0]SourceControl: Source control is disabled
[2019.07.11-03.48.22:166][  0]SourceControl: Source control is disabled
[2019.07.11-03.48.22:166][  0]SourceControl: Source control is disabled
[2019.07.11-03.48.22:379][  0]LogAndroidPermission: UAndroidPermissionCallbackProxy::GetInstance
[2019.07.11-03.48.22:449][  0]LogOcInput: OculusInput pre-init called
[2019.07.11-03.48.22:525][  0]LogEngine: Initializing Engine...
[2019.07.11-03.48.22:525][  0]LogHMD: Failed to initialize OpenVR with code 110
[2019.07.11-03.48.22:526][  0]LogStats: UGameplayTagsManager::ConstructGameplayTagTree: ImportINI prefixes -  0.000 s
[2019.07.11-03.48.22:526][  0]LogStats: UGameplayTagsManager::ConstructGameplayTagTree: Construct from data asset -  0.000 s
[2019.07.11-03.48.22:526][  0]LogStats: UGameplayTagsManager::ConstructGameplayTagTree: ImportINI -  0.000 s
[2019.07.11-03.48.22:526][  0]LogStats: UGameplayTagsManager::ConstructGameplayTagTree: GameplayTagTreeChangedEvent.Broadcast -  0.000 s
[2019.07.11-03.48.22:684][  0]LogInit: Initializing FReadOnlyCVARCache
[2019.07.11-03.48.22:691][  0]LogAIModule: Creating AISystem for world Untitled
[2019.07.11-03.48.22:705][  0]LogInit: XAudio2 using 'G257HL (NVIDIA High Definition Audio)' : 2 channels at 48 kHz using 16 bits per sample (channel mask 0x3)
[2019.07.11-03.48.22:795][  0]LogInit: FAudioDevice initialized.
[2019.07.11-03.48.22:795][  0]LogNetVersion: Set ProjectVersion to 1.0.0.0. Version Checksum will be recalculated on next use.
[2019.07.11-03.48.22:858][  0]LogDerivedDataCache: Saved boot cache 0.06s 90MB C:/Users/Aaron's Desktop/AppData/Local/UnrealEngine/4.20/DerivedDataCache/Boot.ddc.
[2019.07.11-03.48.22:869][  0]LogInit: Texture streaming: Enabled
[2019.07.11-03.48.22:878][  0]LogEngineSessionManager: EngineSessionManager initialized
[2019.07.11-03.48.22:886][  0]LogInit: Transaction tracking system initialized
[2019.07.11-03.48.22:898][  0]BlueprintLog: New page: Editor Load
[2019.07.11-03.48.22:949][  0]LocalizationService: Localization service is disabled
[2019.07.11-03.48.23:147][  0]LogCook: Display: Max memory allowance for cook 16384mb min free memory 0mb
[2019.07.11-03.48.23:147][  0]LogCook: Display: Mobile HDR setting 1
[2019.07.11-03.48.23:147][  0]LogGameplayTags: Display: UGameplayTagsManager::DoneAddingNativeTags. DelegateIsBound: 0
[2019.07.11-03.48.23:147][  0]LogStats: UGameplayTagsManager::ConstructGameplayTagTree: ImportINI prefixes -  0.000 s
[2019.07.11-03.48.23:147][  0]LogStats: UGameplayTagsManager::ConstructGameplayTagTree: Construct from data asset -  0.000 s
[2019.07.11-03.48.23:147][  0]LogStats: UGameplayTagsManager::ConstructGameplayTagTree: ImportINI -  0.000 s
[2019.07.11-03.48.23:147][  0]LogStats: UGameplayTagsManager::ConstructGameplayTagTree: GameplayTagTreeChangedEvent.Broadcast -  0.000 s
[2019.07.11-03.48.23:222][  0]LogFileCache: Scanning file cache for directory 'E:/Projects/GitHub Repos/Unreal/Project_Tether/Project_Tether/Content/' took 0.01s
[2019.07.11-03.48.23:222][  0]SourceControl: Source control is disabled
[2019.07.11-03.48.23:222][  0]Cmd: MAP LOAD FILE="../../../../../Projects/GitHub Repos/Unreal/Project_Tether/Project_Tether/Content/ThirdPersonCPP/Maps/ThirdPersonExampleMap.umap" TEMPLATE=0 SHOWPROGRESS=1 FEATURELEVEL=3
[2019.07.11-03.48.23:222][  0]LogEditorServer: Warning: Can't find file '../../../../../Projects/GitHub Repos/Unreal/Project_Tether/Project_Tether/Content/ThirdPersonCPP/Maps/ThirdPersonExampleMap.umap'
[2019.07.11-03.48.23:222][  0]Cmd: MAP CHECKDEP NOCLEARLOG
[2019.07.11-03.48.23:257][  0]MapCheck: Map check complete: 0 Error(s), 0 Warning(s), took 35.047ms to complete.
[2019.07.11-03.48.23:257][  0]LogFileHelpers: Loading map 'ThirdPersonExampleMap' took 0.035
[2019.07.11-03.48.23:402][  0]LogSlate: Updating window title bar state: overlay mode, drag disabled, window buttons hidden, title bar hidden
[2019.07.11-03.48.23:408][  0]LogSlate: Updating window title bar state: overlay mode, drag disabled, window buttons hidden, title bar hidden
[2019.07.11-03.48.23:415][  0]LogSlate: Updating window title bar state: overlay mode, drag disabled, window buttons hidden, title bar hidden
[2019.07.11-03.48.23:421][  0]LogSlate: Updating window title bar state: overlay mode, drag disabled, window buttons hidden, title bar hidden
[2019.07.11-03.48.23:424][  0]LogCollectionManager: Loaded 0 collections in 0.000713 seconds
[2019.07.11-03.48.23:477][  0]LogFileCache: Scanning file cache for directory 'E:/Projects/GitHub Repos/Unreal/Project_Tether/Project_Tether/Saved/Collections/' took 0.01s
[2019.07.11-03.48.23:477][  0]LogFileCache: Scanning file cache for directory 'E:/Projects/GitHub Repos/Unreal/Project_Tether/Project_Tether/Content/Developers/AaronsDesktop/Collections/' took 0.01s
[2019.07.11-03.48.23:477][  0]LogFileCache: Scanning file cache for directory 'E:/Projects/GitHub Repos/Unreal/Project_Tether/Project_Tether/Content/Collections/' took 0.01s
[2019.07.11-03.48.23:477][  0]LogCollectionManager: Rebuilt the GUID cache for 0 collections in 0.000001 seconds
[2019.07.11-03.48.23:493][  0]LogContentBrowser: Native class hierarchy populated in 0.0158 seconds. Added 2578 classes and 611 folders.
[2019.07.11-03.48.23:501][  0]LogContentBrowser: Native class hierarchy updated for 'WidgetCarousel' in 0.0005 seconds. Added 0 classes and 0 folders.
[2019.07.11-03.48.23:580][  0]LogContentBrowser: Native class hierarchy updated for 'AddContentDialog' in 0.0016 seconds. Added 0 classes and 0 folders.
[2019.07.11-03.48.23:599][  0]LogContentBrowser: Native class hierarchy updated for 'SceneOutliner' in 0.0013 seconds. Added 1 classes and 2 folders.
[2019.07.11-03.48.24:449][  0]LogSlate: Only BGRA pngs, bmps or icos are supported in by External Image Picker
[2019.07.11-03.48.25:979][  0]LogTemp: Executing iPhonePackager certificates Engine -bundlename com.YourCompany.ProjectTether
[2019.07.11-03.48.25:979][  0]LogTemp: CWD: E:\Epic Games Games\UE_4.20\Engine\Binaries\DotNET\IOS
[2019.07.11-03.48.25:979][  0]LogTemp: Initial Dir: E:\Epic Games Games\UE_4.20
[2019.07.11-03.48.25:979][  0]LogTemp: Env CWD: E:\Epic Games Games\UE_4.20\Engine\Binaries\DotNET\IOS
[2019.07.11-03.48.25:979][  0]LogTemp: BranchPath = AARONS-DESKTOP/E/Epic Games Games/UE_4.20/Engine/Binaries --- GameBranchPath = AARONS-DESKTOP/E/Epic Games Games/UE_4.20/Engine/Binaries
[2019.07.11-03.48.25:979][  0]LogTemp: IPP ERROR: Could not find provision directory 'C:\Users\Aaron's Desktop\AppData\Local/Apple Computer/MobileDevice/Provisioning Profiles/'.
[2019.07.11-03.48.25:979][  0]LogDirectoryWatcher: Warning: Failed to begin reading directory changes for ../../../../../Projects/GitHub Repos/Unreal/Project_Tether/Project_Tether/Plugins/. Error: The system cannot find the file specified. (0x00000002)
[2019.07.11-03.48.25:987][  0]LogSlate: Took 0.000156 seconds to synchronously load lazily loaded font '../../../Engine/Content/Slate/Fonts/Roboto-Regular.ttf' (155K)
[2019.07.11-03.48.25:991][  0]LogSlate: Took 0.000137 seconds to synchronously load lazily loaded font '../../../Engine/Content/Slate/Fonts/Roboto-Bold.ttf' (160K)
[2019.07.11-03.48.25:993][  0]LogSlate: Took 0.000146 seconds to synchronously load lazily loaded font '../../../Engine/Content/Editor/Slate/Fonts/FontAwesome.ttf' (139K)
[2019.07.11-03.48.26:167][  0]LogRenderer: Reallocating scene render targets to support 1116x556 Format 10 NumSamples 1 (Frame:1).
[2019.07.11-03.48.26:321][  0]LogContentBrowser: Native class hierarchy updated for 'HierarchicalLODOutliner' in 0.0003 seconds. Added 0 classes and 0 folders.
[2019.07.11-03.48.26:321][  0]LogLoad: (Engine Initialization) Total time: 14.71 seconds
[2019.07.11-03.48.26:321][  0]LogLoad: (Engine Initialization) Total Blueprint compile time: 0.00 seconds
[2019.07.11-03.48.26:356][  0]LogContentStreaming: Texture pool size now 1000 MB
[2019.07.11-03.48.26:436][  1]LogAssetRegistry: Asset discovery search completed in 11.4627 seconds
[2019.07.11-03.48.26:437][  1]LogCollectionManager: Rebuilt the object cache for 0 collections in 0.000000 seconds (found 0 objects)
[2019.07.11-03.48.26:437][  1]LogCollectionManager: Fixed up redirectors for 0 collections in 0.000047 seconds (updated 0 objects)
[2019.07.11-03.48.29:771][388]LogSlate: FSceneViewport::OnFocusLost() reason 0
[2019.07.11-03.48.40:189][629]LogSlate: Took 0.000194 seconds to synchronously load lazily loaded font '../../../Engine/Content/Slate/Fonts/Roboto-Light.ttf' (167K)
[2019.07.11-03.48.40:513][629]LogAIModule: Creating AISystem for world ThirdPersonExampleMap
[2019.07.11-03.48.40:525][629]LogAssetEditorManager: Opening Asset editor for World /Game/Starter/ThirdPersonCPP/Maps/ThirdPersonExampleMap.ThirdPersonExampleMap
[2019.07.11-03.48.40:559][629]Cmd: MAP LOAD FILE="../../../../../Projects/GitHub Repos/Unreal/Project_Tether/Project_Tether/Content/Starter/ThirdPersonCPP/Maps/ThirdPersonExampleMap.umap" TEMPLATE=0 SHOWPROGRESS=1 FEATURELEVEL=3
[2019.07.11-03.48.40:559][629]LightingResults: New page: Lighting Build
[2019.07.11-03.48.40:561][629]LogContentBrowser: Native class hierarchy updated for 'StatsViewer' in 0.0004 seconds. Added 5 classes and 0 folders.
[2019.07.11-03.48.40:561][629]LoadErrors: New page: Loading map: ThirdPersonExampleMap.umap
[2019.07.11-03.48.40:562][629]MapCheck: New page: Map Check
[2019.07.11-03.48.40:562][629]LightingResults: New page: Lighting Build
[2019.07.11-03.48.40:714][629]LogEditorServer: Finished looking for orphan Actors (0.000 secs)
[2019.07.11-03.48.40:755][629]Cmd: MAP CHECKDEP NOCLEARLOG
[2019.07.11-03.48.40:797][629]MapCheck: Map check complete: 0 Error(s), 0 Warning(s), took 41.914ms to complete.
[2019.07.11-03.48.40:797][629]LogFileHelpers: Loading map 'ThirdPersonExampleMap' took 0.239
[2019.07.11-03.48.43:139][887]LogSlate: FSceneViewport::OnFocusLost() reason 0
[2019.07.11-03.49.02:059][115]LogSlate: FSceneViewport::OnFocusLost() reason 0
[2019.07.11-03.49.02:142][125]LogSlate: Window 'Plugins' being destroyed
[2019.07.11-03.49.02:146][125]LogSlate: Window 'Plugins' being destroyed
[2019.07.11-03.49.02:146][125]LogDirectoryWatcher: A directory notification for '../../../Engine/Plugins/' was aborted.
[2019.07.11-03.49.04:470][404]LogSlate: FSceneViewport::OnFocusLost() reason 0
[2019.07.11-03.49.04:472][404]LogSlate: Took 0.000152 seconds to synchronously load lazily loaded font '../../../Engine/Content/Slate/Fonts/DroidSansMono.ttf' (77K)
[2019.07.11-03.49.09:807][ 41]LogSlate: FSceneViewport::OnFocusLost() reason 0
[2019.07.11-03.49.09:882][ 50]LogTemp: Repeating last play command: Selected Viewport
[2019.07.11-03.49.09:893][ 50]LogBlueprintUserMessages: Early PlayInEditor Detection: Level '/Game/Starter/ThirdPersonCPP/Maps/ThirdPersonExampleMap.ThirdPersonExampleMap:PersistentLevel' has LevelScriptBlueprint '/Game/Starter/ThirdPersonCPP/Maps/ThirdPersonExampleMap.ThirdPersonExampleMap:PersistentLevel.ThirdPersonExampleMap' with GeneratedClass '/Game/Starter/ThirdPersonCPP/Maps/ThirdPersonExampleMap.ThirdPersonExampleMap_C' with ClassGeneratedBy '/Game/Starter/ThirdPersonCPP/Maps/ThirdPersonExampleMap.ThirdPersonExampleMap:PersistentLevel.ThirdPersonExampleMap'
[2019.07.11-03.49.09:894][ 50]LogPlayLevel: PlayLevel: No blueprints needed recompiling
[2019.07.11-03.49.09:906][ 50]PIE: New page: PIE session: ThirdPersonExampleMap (Jul 10, 2019, 6:49:09 PM)
[2019.07.11-03.49.09:906][ 50]LogPlayLevel: Creating play world package: /Game/Starter/ThirdPersonCPP/Maps/UEDPIE_0_ThirdPersonExampleMap
[2019.07.11-03.49.09:922][ 50]LogPlayLevel: PIE: StaticDuplicateObject took: (0.015164s)
[2019.07.11-03.49.09:923][ 50]LogAIModule: Creating AISystem for world ThirdPersonExampleMap
[2019.07.11-03.49.09:923][ 50]LogPlayLevel: PIE: World Init took: (0.001189s)
[2019.07.11-03.49.09:923][ 50]LogPlayLevel: PIE: Created PIE world by copying editor world from /Game/Starter/ThirdPersonCPP/Maps/ThirdPersonExampleMap.ThirdPersonExampleMap to /Game/Starter/ThirdPersonCPP/Maps/UEDPIE_0_ThirdPersonExampleMap.ThirdPersonExampleMap (0.016938s)
[2019.07.11-03.49.09:959][ 50]LogInit: XAudio2 using 'G257HL (NVIDIA High Definition Audio)' : 2 channels at 48 kHz using 16 bits per sample (channel mask 0x3)
[2019.07.11-03.49.09:967][ 50]LogInit: FAudioDevice initialized.
[2019.07.11-03.49.10:009][ 50]LogLoad: Game class is 'Project_TetherGameMode'
[2019.07.11-03.49.10:011][ 50]LogWorld: Bringing World /Game/Starter/ThirdPersonCPP/Maps/UEDPIE_0_ThirdPersonExampleMap.ThirdPersonExampleMap up for play (max tick rate 0) at 2019.07.10-23.49.10
[2019.07.11-03.49.10:012][ 50]LogWorld: Bringing up level for play took: 0.001516
[2019.07.11-03.49.10:033][ 50]LogContentBrowser: Native class hierarchy updated for 'MovieSceneCapture' in 0.0009 seconds. Added 10 classes and 0 folders.
[2019.07.11-03.49.10:035][ 50]PIE: Play in editor start time for /Game/Starter/ThirdPersonCPP/Maps/UEDPIE_0_ThirdPersonExampleMap 0.777
[2019.07.11-03.49.10:035][ 50]LogBlueprintUserMessages: Late PlayInEditor Detection: Level '/Game/Starter/ThirdPersonCPP/Maps/ThirdPersonExampleMap.ThirdPersonExampleMap:PersistentLevel' has LevelScriptBlueprint '/Game/Starter/ThirdPersonCPP/Maps/ThirdPersonExampleMap.ThirdPersonExampleMap:PersistentLevel.ThirdPersonExampleMap' with GeneratedClass '/Game/Starter/ThirdPersonCPP/Maps/ThirdPersonExampleMap.ThirdPersonExampleMap_C' with ClassGeneratedBy '/Game/Starter/ThirdPersonCPP/Maps/ThirdPersonExampleMap.ThirdPersonExampleMap:PersistentLevel.ThirdPersonExampleMap'
[2019.07.11-03.49.33:188][797]LogBlueprintUserMessages: Early EndPlayMap Detection: Level '/Game/Starter/ThirdPersonCPP/Maps/ThirdPersonExampleMap.ThirdPersonExampleMap:PersistentLevel' has LevelScriptBlueprint '/Game/Starter/ThirdPersonCPP/Maps/ThirdPersonExampleMap.ThirdPersonExampleMap:PersistentLevel.ThirdPersonExampleMap' with GeneratedClass '/Game/Starter/ThirdPersonCPP/Maps/ThirdPersonExampleMap.ThirdPersonExampleMap_C' with ClassGeneratedBy '/Game/Starter/ThirdPersonCPP/Maps/ThirdPersonExampleMap.ThirdPersonExampleMap:PersistentLevel.ThirdPersonExampleMap'
[2019.07.11-03.49.33:189][797]LogSlate: Updating window title bar state: overlay mode, drag disabled, window buttons hidden, title bar hidden
[2019.07.11-03.49.33:223][797]LogPlayLevel: Display: Shutting down PIE online subsystems
[2019.07.11-03.49.33:224][797]LogBlueprintUserMessages: Late EndPlayMap Detection: Level '/Game/Starter/ThirdPersonCPP/Maps/ThirdPersonExampleMap.ThirdPersonExampleMap:PersistentLevel' has LevelScriptBlueprint '/Game/Starter/ThirdPersonCPP/Maps/ThirdPersonExampleMap.ThirdPersonExampleMap:PersistentLevel.ThirdPersonExampleMap' with GeneratedClass '/Game/Starter/ThirdPersonCPP/Maps/ThirdPersonExampleMap.ThirdPersonExampleMap_C' with ClassGeneratedBy '/Game/Starter/ThirdPersonCPP/Maps/ThirdPersonExampleMap.ThirdPersonExampleMap:PersistentLevel.ThirdPersonExampleMap'
[2019.07.11-03.49.33:245][797]LogSlate: Updating window title bar state: overlay mode, drag disabled, window buttons hidden, title bar hidden
[2019.07.11-03.49.33:293][802]LogPlayLevel: Display: Destroying online subsystem :Context_2
[2019.07.11-03.49.35:614][ 79]LogSlate: FSceneViewport::OnFocusLost() reason 0
[2019.07.11-03.49.42:613][884]LogSavePackage: Moving '../../../../../Projects/GitHub Repos/Unreal/Project_Tether/Project_Tether/Saved/ThirdPersonExampleMapEF9926EE49786DA3B97FE4ACE796E778.tmp' to '../../../../../Projects/GitHub Repos/Unreal/Project_Tether/Project_Tether/Content/Starter/ThirdPersonCPP/Maps/ThirdPersonExampleMap.umap'
[2019.07.11-03.49.42:742][884]LogSavePackage: Moving '../../../../../Projects/GitHub Repos/Unreal/Project_Tether/Project_Tether/Saved/ThirdPersonExampleMap_BuiltDataF9FB9D6A4502517A977B35B9AFE6E689.tmp' to '../../../../../Projects/GitHub Repos/Unreal/Project_Tether/Project_Tether/Content/Starter/ThirdPersonCPP/Maps/ThirdPersonExampleMap_BuiltData.uasset'
[2019.07.11-03.50.21:233][ 27]LogSavePackage: Moving '../../../../../Projects/GitHub Repos/Unreal/Project_Tether/Project_Tether/Saved/ThirdPersonExampleMapE8F43D6B4570C29B7A26C7B09BDD8EEF.tmp' to '../../../../../Projects/GitHub Repos/Unreal/Project_Tether/Project_Tether/Content/Starter/ThirdPersonCPP/Maps/ThirdPersonExampleMap.umap'
[2019.07.11-03.50.21:325][ 27]LogSavePackage: Moving '../../../../../Projects/GitHub Repos/Unreal/Project_Tether/Project_Tether/Saved/ThirdPersonExampleMap_BuiltData611964E84FC6CDF4ABB3A8A2C1114321.tmp' to '../../../../../Projects/GitHub Repos/Unreal/Project_Tether/Project_Tether/Content/Starter/ThirdPersonCPP/Maps/ThirdPersonExampleMap_BuiltData.uasset'
[2019.07.11-03.50.30:411][ 89]LogSavePackage: Moving '../../../../../Projects/GitHub Repos/Unreal/Project_Tether/Project_Tether/Saved/ThirdPersonExampleMapCC18A5B4426FB8C6E13D7C8AEBE2FF50.tmp' to '../../../../../Projects/GitHub Repos/Unreal/Project_Tether/Project_Tether/Content/Starter/ThirdPersonCPP/Maps/ThirdPersonExampleMap.umap'
[2019.07.11-03.50.30:503][ 89]LogSavePackage: Moving '../../../../../Projects/GitHub Repos/Unreal/Project_Tether/Project_Tether/Saved/ThirdPersonExampleMap_BuiltData41CE4AEC4719A508B1ACD1817F572E65.tmp' to '../../../../../Projects/GitHub Repos/Unreal/Project_Tether/Project_Tether/Content/Starter/ThirdPersonCPP/Maps/ThirdPersonExampleMap_BuiltData.uasset'
[2019.07.11-03.50.49:117][763]LogEditorViewport: Clicking on Actor (LMB): StaticMeshActor (Bump_StaticMesh)
[2019.07.11-03.50.49:510][763]LogSlate: FSceneViewport::OnFocusLost() reason 2
[2019.07.11-03.50.49:662][763]LogSavePackage: Moving '../../../../../Projects/GitHub Repos/Unreal/Project_Tether/Project_Tether/Saved/ThirdPersonExampleMap633FAB344D9F9F50926746A66CE42BBC.tmp' to '../../../../../Projects/GitHub Repos/Unreal/Project_Tether/Project_Tether/Content/Starter/ThirdPersonCPP/Maps/ThirdPersonExampleMap.umap'
[2019.07.11-03.50.49:753][763]LogSavePackage: Moving '../../../../../Projects/GitHub Repos/Unreal/Project_Tether/Project_Tether/Saved/ThirdPersonExampleMap_BuiltDataC7EDA4964F0B06D488C1FD8E7FB6FAD3.tmp' to '../../../../../Projects/GitHub Repos/Unreal/Project_Tether/Project_Tether/Content/Starter/ThirdPersonCPP/Maps/ThirdPersonExampleMap_BuiltData.uasset'
[2019.07.11-03.50.50:795][860]LogSavePackage: Moving '../../../../../Projects/GitHub Repos/Unreal/Project_Tether/Project_Tether/Saved/ThirdPersonExampleMapD7C0585941BC6DE738E768AC092F4425.tmp' to '../../../../../Projects/GitHub Repos/Unreal/Project_Tether/Project_Tether/Content/Starter/ThirdPersonCPP/Maps/ThirdPersonExampleMap.umap'
[2019.07.11-03.50.50:885][860]LogSavePackage: Moving '../../../../../Projects/GitHub Repos/Unreal/Project_Tether/Project_Tether/Saved/ThirdPersonExampleMap_BuiltData500B7FB445E3A3A5A54759883107DFCF.tmp' to '../../../../../Projects/GitHub Repos/Unreal/Project_Tether/Project_Tether/Content/Starter/ThirdPersonCPP/Maps/ThirdPersonExampleMap_BuiltData.uasset'
[2019.07.11-03.50.51:953][978]LogSlate: Window 'Project_Tether - Unreal Editor' being destroyed
[2019.07.11-03.50.51:954][978]LogWindowsTextInputMethodSystem: Display: IME system now deactivated.
[2019.07.11-03.50.52:302][979]Cmd: QUIT_EDITOR
[2019.07.11-03.50.53:224][979]LogExit: Preparing to exit.
[2019.07.11-03.50.53:812][979]LogExit: Editor shut down
[2019.07.11-03.50.53:812][979]LogExit: Transaction tracking system shut down
[2019.07.11-03.50.54:330][979]LogExit: Object subsystem successfully closed.
[2019.07.11-03.50.54:356][979]LogShaderCompilers: Display: Shaders left to compile 0
[2019.07.11-03.50.54:358][979]LogD3D11RHI: Shutdown
[2019.07.11-03.50.54:358][979]LogD3D11RHI: CleanupD3DDevice
[2019.07.11-03.50.54:359][979]LogD3D11RHI: ~FD3D11DynamicRHI
[2019.07.11-03.50.54:368][979]LogModuleManager: Shutting down and abandoning module MovieSceneCapture (620)
[2019.07.11-03.50.54:368][979]LogModuleManager: Shutting down and abandoning module Voice (618)
[2019.07.11-03.50.54:368][979]LogModuleManager: Shutting down and abandoning module StatsViewer (616)
[2019.07.11-03.50.54:368][979]LogModuleManager: Shutting down and abandoning module HierarchicalLODOutliner (614)
[2019.07.11-03.50.54:368][979]LogModuleManager: Shutting down and abandoning module ExternalImagePicker (612)
[2019.07.11-03.50.54:368][979]LogModuleManager: Shutting down and abandoning module SceneOutliner (610)
[2019.07.11-03.50.54:368][979]LogModuleManager: Shutting down and abandoning module AddContentDialog (608)
[2019.07.11-03.50.54:368][979]LogModuleManager: Shutting down and abandoning module WidgetCarousel (607)
[2019.07.11-03.50.54:368][979]LogModuleManager: Shutting down and abandoning module EditorWidgets (604)
[2019.07.11-03.50.54:368][979]LogModuleManager: Shutting down and abandoning module CollectionManager (602)
[2019.07.11-03.50.54:368][979]LogModuleManager: Shutting down and abandoning module FoliageEdit (600)
[2019.07.11-03.50.54:368][979]LogModuleManager: Shutting down and abandoning module LandscapeEditor (598)
[2019.07.11-03.50.54:368][979]LogModuleManager: Shutting down and abandoning module MeshPaintMode (596)
[2019.07.11-03.50.54:368][979]LogModuleManager: Shutting down and abandoning module SceneDepthPickerMode (594)
[2019.07.11-03.50.54:368][979]LogModuleManager: Shutting down and abandoning module ActorPickerMode (592)
[2019.07.11-03.50.54:368][979]LogModuleManager: Shutting down and abandoning module GeometryMode (590)
[2019.07.11-03.50.54:368][979]LogModuleManager: Shutting down and abandoning module TextureAlignMode (588)
[2019.07.11-03.50.54:368][979]LogModuleManager: Shutting down and abandoning module BspMode (586)
[2019.07.11-03.50.54:368][979]LogModuleManager: Shutting down and abandoning module PIEPreviewDeviceProfileSelector (584)
[2019.07.11-03.50.54:368][979]LogModuleManager: Shutting down and abandoning module SequenceRecorderSections (582)
[2019.07.11-03.50.54:368][979]LogModuleManager: Shutting down and abandoning module AutomationWorker (580)
[2019.07.11-03.50.54:368][979]LogModuleManager: Shutting down and abandoning module AudioCaptureEditor (578)
[2019.07.11-03.50.54:368][979]LogModuleManager: Shutting down and abandoning module SequenceRecorder (577)
[2019.07.11-03.50.54:368][979]LogModuleManager: Shutting down and abandoning module MatineeToLevelSequence (574)
[2019.07.11-03.50.54:368][979]LogModuleManager: Shutting down and abandoning module LevelSequenceEditor (572)
[2019.07.11-03.50.54:368][979]LogModuleManager: Shutting down and abandoning module PlacementMode (571)
[2019.07.11-03.50.54:368][979]LogModuleManager: Shutting down and abandoning module MaterialEditor (570)
[2019.07.11-03.50.54:368][979]LogModuleManager: Shutting down and abandoning module WmfMediaFactory (566)
[2019.07.11-03.50.54:368][979]LogModuleManager: Shutting down and abandoning module WmfMediaEditor (564)
[2019.07.11-03.50.54:369][979]LogModuleManager: Shutting down and abandoning module MediaPlayerEditor (562)
[2019.07.11-03.50.54:369][979]LogModuleManager: Shutting down and abandoning module OpenExrWrapper (560)
[2019.07.11-03.50.54:369][979]LogModuleManager: Shutting down and abandoning module ImgMediaFactory (558)
[2019.07.11-03.50.54:369][979]LogModuleManager: Shutting down and abandoning module ImgMediaEditor (556)
[2019.07.11-03.50.54:369][979]LogModuleManager: Shutting down and abandoning module AvfMediaFactory (554)
[2019.07.11-03.50.54:369][979]LogModuleManager: Shutting down and abandoning module AvfMediaEditor (552)
[2019.07.11-03.50.54:369][979]LogModuleManager: Shutting down and abandoning module AndroidMediaFactory (550)
[2019.07.11-03.50.54:369][979]LogModuleManager: Shutting down and abandoning module AndroidMediaEditor (548)
[2019.07.11-03.50.54:369][979]LogModuleManager: Shutting down and abandoning module MagicLeapCameraPreviewFactory (546)
[2019.07.11-03.50.54:369][979]LogModuleManager: Shutting down and abandoning module MagicLeapMediaFactory (544)
[2019.07.11-03.50.54:369][979]LogModuleManager: Shutting down and abandoning module MagicLeapMediaEditor (542)
[2019.07.11-03.50.54:369][979]LogModuleManager: Shutting down and abandoning module CharacterAI (540)
[2019.07.11-03.50.54:369][979]LogModuleManager: Shutting down and abandoning module SmartSnapping (538)
[2019.07.11-03.50.54:369][979]LogModuleManager: Shutting down and abandoning module SessionServices (536)
[2019.07.11-03.50.54:369][979]LogModuleManager: Shutting down and abandoning module ViewportSnapping (534)
[2019.07.11-03.50.54:369][979]LogModuleManager: Shutting down and abandoning module ViewportInteraction (532)
[2019.07.11-03.50.54:369][979]LogModuleManager: Shutting down and abandoning module ClothPainter (530)
[2019.07.11-03.50.54:369][979]LogModuleManager: Shutting down and abandoning module SkeletalMeshEditor (529)
[2019.07.11-03.50.54:369][979]LogModuleManager: Shutting down and abandoning module LogVisualizer (526)
[2019.07.11-03.50.54:369][979]LogModuleManager: Shutting down and abandoning module IntroTutorials (524)
[2019.07.11-03.50.54:369][979]LogModuleManager: Shutting down and abandoning module GameProjectGeneration (523)
[2019.07.11-03.50.54:369][979]LogModuleManager: Shutting down and abandoning module LuminPlatformEditor (520)
[2019.07.11-03.50.54:369][979]LogModuleManager: Shutting down and abandoning module IOSPlatformEditor (518)
[2019.07.11-03.50.54:369][979]LogModuleManager: Shutting down and abandoning module HTML5PlatformEditor (516)
[2019.07.11-03.50.54:369][979]LogModuleManager: Shutting down and abandoning module AndroidPlatformEditor (514)
[2019.07.11-03.50.54:369][979]LogModuleManager: Shutting down and abandoning module AndroidDeviceDetection (513)
[2019.07.11-03.50.55:059][979]LogModuleManager: Shutting down and abandoning module WindowsPlatformEditor (510)
[2019.07.11-03.50.55:059][979]LogModuleManager: Shutting down and abandoning module LuminRuntimeSettings (508)
[2019.07.11-03.50.55:059][979]LogModuleManager: Shutting down and abandoning module IOSRuntimeSettings (506)
[2019.07.11-03.50.55:059][979]LogModuleManager: Shutting down and abandoning module AndroidRuntimeSettings (504)
[2019.07.11-03.50.55:059][979]LogModuleManager: Shutting down and abandoning module InputBindingEditor (502)
[2019.07.11-03.50.55:059][979]LogModuleManager: Shutting down and abandoning module MergeActors (500)
[2019.07.11-03.50.55:059][979]LogModuleManager: Shutting down and abandoning module LocalizationDashboard (498)
[2019.07.11-03.50.55:059][979]LogModuleManager: Shutting down and abandoning module LocalizationService (497)
[2019.07.11-03.50.55:059][979]LogModuleManager: Shutting down and abandoning module HardwareTargeting (494)
[2019.07.11-03.50.55:059][979]LogModuleManager: Shutting down and abandoning module DeviceProfileEditor (492)
[2019.07.11-03.50.55:059][979]LogModuleManager: Shutting down and abandoning module UndoHistory (490)
[2019.07.11-03.50.55:059][979]LogModuleManager: Shutting down and abandoning module XmlParser (488)
[2019.07.11-03.50.55:059][979]LogModuleManager: Shutting down and abandoning module Blutility (486)
[2019.07.11-03.50.55:059][979]LogModuleManager: Shutting down and abandoning module ProjectSettingsViewer (484)
[2019.07.11-03.50.55:059][979]LogModuleManager: Shutting down and abandoning module ProjectTargetPlatformEditor (483)
[2019.07.11-03.50.55:059][979]LogModuleManager: Shutting down and abandoning module EditorSettingsViewer (480)
[2019.07.11-03.50.55:059][979]LogModuleManager: Shutting down and abandoning module SettingsEditor (478)
[2019.07.11-03.50.55:059][979]LogModuleManager: Shutting down and abandoning module ProjectLauncher (476)
[2019.07.11-03.50.55:059][979]LogModuleManager: Shutting down and abandoning module SessionFrontend (474)
[2019.07.11-03.50.55:059][979]LogModuleManager: Shutting down and abandoning module ProfilerClient (472)
[2019.07.11-03.50.55:059][979]LogModuleManager: Shutting down and abandoning module DeviceManager (470)
[2019.07.11-03.50.55:059][979]LogModuleManager: Shutting down and abandoning module TargetDeviceServices (469)
[2019.07.11-03.50.55:114][979]LogModuleManager: Shutting down and abandoning module AutomationController (466)
[2019.07.11-03.50.55:114][979]LogModuleManager: Shutting down and abandoning module AutomationWindow (464)
[2019.07.11-03.50.55:114][979]LogModuleManager: Shutting down and abandoning module Layers (462)
[2019.07.11-03.50.55:114][979]LogModuleManager: Shutting down and abandoning module ComponentVisualizers (460)
[2019.07.11-03.50.55:114][979]LogModuleManager: Shutting down and abandoning module DetailCustomizations (458)
[2019.07.11-03.50.55:114][979]LogModuleManager: Shutting down and abandoning module PackagesDialog (456)
[2019.07.11-03.50.55:114][979]LogModuleManager: Shutting down and abandoning module Persona (454)
[2019.07.11-03.50.55:114][979]LogModuleManager: Shutting down and abandoning module AdvancedPreviewScene (453)
[2019.07.11-03.50.55:114][979]LogModuleManager: Shutting down and abandoning module AnimGraph (451)
[2019.07.11-03.50.55:114][979]LogModuleManager: Shutting down and abandoning module Kismet (448)
[2019.07.11-03.50.55:114][979]LogModuleManager: Shutting down and abandoning module GraphEditor (446)
[2019.07.11-03.50.55:114][979]LogModuleManager: Shutting down and abandoning module ClassViewer (444)
[2019.07.11-03.50.55:114][979]LogModuleManager: Shutting down and abandoning module Toolbox (442)
[2019.07.11-03.50.55:114][979]LogModuleManager: Shutting down and abandoning module DesktopPlatform (441)
[2019.07.11-03.50.55:114][979]LogModuleManager: Shutting down and abandoning module ModuleUI (438)
[2019.07.11-03.50.55:114][979]LogModuleManager: Shutting down and abandoning module MovieSceneTools (436)
[2019.07.11-03.50.55:114][979]LogModuleManager: Shutting down and abandoning module OutputLog (434)
[2019.07.11-03.50.55:114][979]LogModuleManager: Shutting down and abandoning module GammaUI (432)
[2019.07.11-03.50.55:114][979]LogModuleManager: Shutting down and abandoning module Documentation (430)
[2019.07.11-03.50.55:116][979]LogModuleManager: Shutting down and abandoning module MovieSceneTracks (428)
[2019.07.11-03.50.55:116][979]LogModuleManager: Shutting down and abandoning module MovieScene (426)
[2019.07.11-03.50.55:116][979]LogModuleManager: Shutting down and abandoning module StreamingPauseRendering (424)
[2019.07.11-03.50.55:116][979]LogModuleManager: Shutting down and abandoning module LauncherPlatform (422)
[2019.07.11-03.50.55:116][979]LogModuleManager: Shutting down and abandoning module AnalyticsET (420)
[2019.07.11-03.50.55:116][979]LogModuleManager: Shutting down and abandoning module PortalServices (418)
[2019.07.11-03.50.55:116][979]LogModuleManager: Shutting down and abandoning module PortalRpc (416)
[2019.07.11-03.50.55:116][979]LogModuleManager: Shutting down and abandoning module MessagingRpc (414)
[2019.07.11-03.50.55:116][979]LogModuleManager: Shutting down and abandoning module AIModule (412)
[2019.07.11-03.50.55:116][979]LogModuleManager: Shutting down and abandoning module GameplayDebugger (411)
[2019.07.11-03.50.55:116][979]LogModuleManager: Shutting down and abandoning module AITestSuite (409)
[2019.07.11-03.50.55:116][979]LogModuleManager: Shutting down and abandoning module NavigationSystem (407)
[2019.07.11-03.50.55:116][979]LogModuleManager: Shutting down and abandoning module ProfilerService (404)
[2019.07.11-03.50.55:220][979]LogModuleManager: Shutting down and abandoning module TaskGraph (402)
[2019.07.11-03.50.55:220][979]LogModuleManager: Shutting down and abandoning module SteamVRController (400)
[2019.07.11-03.50.55:220][979]LogModuleManager: Shutting down and abandoning module ProceduralMeshComponentEditor (398)
[2019.07.11-03.50.55:220][979]LogModuleManager: Shutting down and abandoning module ProceduralMeshComponent (396)
[2019.07.11-03.50.55:220][979]LogModuleManager: Shutting down and abandoning module OculusInput (394)
[2019.07.11-03.50.55:220][979]LogModuleManager: Shutting down and abandoning module MobilePatchingUtils (392)
[2019.07.11-03.50.55:220][979]LogModuleManager: Shutting down and abandoning module EditableMesh (390)
[2019.07.11-03.50.55:220][979]LogModuleManager: Shutting down and abandoning module CustomMeshComponent (388)
[2019.07.11-03.50.55:220][979]LogModuleManager: Shutting down and abandoning module CableComponent (386)
[2019.07.11-03.50.55:220][979]LogModuleManager: Shutting down and abandoning module AudioCapture (384)
[2019.07.11-03.50.55:220][979]LogModuleManager: Shutting down and abandoning module ArchVisCharacter (382)
[2019.07.11-03.50.55:220][979]LogModuleManager: Shutting down and abandoning module AndroidPermission (380)
[2019.07.11-03.50.55:220][979]LogModuleManager: Shutting down and abandoning module NUTUnrealEngine4 (378)
[2019.07.11-03.50.55:220][979]LogModuleManager: Shutting down and abandoning module NetcodeUnitTest (376)
[2019.07.11-03.50.55:220][979]LogModuleManager: Shutting down and abandoning module MediaCompositingEditor (374)
[2019.07.11-03.50.55:220][979]LogModuleManager: Shutting down and abandoning module MediaCompositing (372)
[2019.07.11-03.50.55:220][979]LogModuleManager: Shutting down and abandoning module LinearTimecode (370)
[2019.07.11-03.50.55:220][979]LogModuleManager: Shutting down and abandoning module ImgMedia (368)
[2019.07.11-03.50.55:223][979]LogModuleManager: Shutting down and abandoning module UE4EditorCustomize (366)
[2019.07.11-03.50.55:223][979]LogModuleManager: Shutting down and abandoning module HTML5Networking (364)
[2019.07.11-03.50.55:223][979]LogModuleManager: Shutting down and abandoning module GeometryCacheTracks (362)
[2019.07.11-03.50.55:223][979]LogModuleManager: Shutting down and abandoning module GeometryCacheSequencer (360)
[2019.07.11-03.50.55:223][979]LogModuleManager: Shutting down and abandoning module BackChannel (358)
[2019.07.11-03.50.55:223][979]LogModuleManager: Shutting down and abandoning module AppleVision (356)
[2019.07.11-03.50.55:223][979]LogModuleManager: Shutting down and abandoning module AppleImageUtils (354)
[2019.07.11-03.50.55:223][979]LogModuleManager: Shutting down and abandoning module AlembicImporter (352)
[2019.07.11-03.50.55:223][979]LogModuleManager: Shutting down and abandoning module AlembicLibrary (351)
[2019.07.11-03.50.55:223][979]LogModuleManager: Shutting down and abandoning module GeometryCache (350)
[2019.07.11-03.50.55:223][979]LogModuleManager: Shutting down and abandoning module GeometryCacheEd (349)
[2019.07.11-03.50.55:223][979]LogModuleManager: Shutting down and abandoning module DatasmithContentEditor (344)
[2019.07.11-03.50.55:223][979]LogModuleManager: Shutting down and abandoning module DatasmithContent (342)
[2019.07.11-03.50.55:223][979]LogModuleManager: Shutting down and abandoning module SpeedTreeImporter (340)
[2019.07.11-03.50.55:223][979]LogModuleManager: Shutting down and abandoning module PluginBrowser (338)
[2019.07.11-03.50.55:223][979]LogModuleManager: Shutting down and abandoning module MobileLauncherProfileWizard (336)
[2019.07.11-03.50.55:223][979]LogModuleManager: Shutting down and abandoning module PolygonModeling (334)
[2019.07.11-03.50.55:223][979]LogModuleManager: Shutting down and abandoning module MeshEditor (332)
[2019.07.11-03.50.55:224][979]LogModuleManager: Shutting down and abandoning module CryptoKeysOpenSSL (330)
[2019.07.11-03.50.55:224][979]LogModuleManager: Shutting down and abandoning module CryptoKeys (328)
[2019.07.11-03.50.55:224][979]LogModuleManager: Shutting down and abandoning module VisualStudioSourceCodeAccess (326)
[2019.07.11-03.50.55:224][979]LogModuleManager: Shutting down and abandoning module VisualStudioCodeSourceCodeAccess (324)
[2019.07.11-03.50.55:224][979]LogModuleManager: Shutting down and abandoning module UObjectPlugin (322)
[2019.07.11-03.50.55:224][979]LogModuleManager: Shutting down and abandoning module SubversionSourceControl (320)
[2019.07.11-03.50.55:224][979]LogModuleManager: Shutting down and abandoning module PerforceSourceControl (318)
[2019.07.11-03.50.55:224][979]LogModuleManager: Shutting down and abandoning module GitSourceControl (316)
[2019.07.11-03.50.55:224][979]LogModuleManager: Shutting down and abandoning module SourceControl (315)
[2019.07.11-03.50.55:225][979]LogModuleManager: Shutting down and abandoning module CLionSourceCodeAccess (312)
[2019.07.11-03.50.55:225][979]LogModuleManager: Shutting down and abandoning module LightPropagationVolumeEditor (310)
[2019.07.11-03.50.55:225][979]LogModuleManager: Shutting down and abandoning module PaperTiledImporter (308)
[2019.07.11-03.50.55:225][979]LogModuleManager: Shutting down and abandoning module PaperSpriteSheetImporter (306)
[2019.07.11-03.50.55:225][979]LogModuleManager: Shutting down and abandoning module Paper2DEditor (304)
[2019.07.11-03.50.55:225][979]LogModuleManager: Shutting down and abandoning module MeshPaint (303)
[2019.07.11-03.50.55:225][979]LogModuleManager: Shutting down and abandoning module Project_Tether (300)
[2019.07.11-03.50.55:225][979]LogModuleManager: Shutting down and abandoning module RuntimePhysXCooking (298)
[2019.07.11-03.50.55:225][979]LogModuleManager: Shutting down and abandoning module PhysXVehiclesEditor (296)
[2019.07.11-03.50.55:225][979]LogModuleManager: Shutting down and abandoning module PhysXVehicles (294)
[2019.07.11-03.50.55:225][979]LogModuleManager: Shutting down and abandoning module OculusEditor (292)
[2019.07.11-03.50.55:225][979]LogModuleManager: Shutting down and abandoning module LocationServicesBPLibrary (290)
[2019.07.11-03.50.55:225][979]LogModuleManager: Shutting down and abandoning module ImmediatePhysicsEditor (288)
[2019.07.11-03.50.55:225][979]LogModuleManager: Shutting down and abandoning module ImmediatePhysics (286)
[2019.07.11-03.50.55:225][979]LogModuleManager: Shutting down and abandoning module ActorSequence (284)
[2019.07.11-03.50.55:225][979]LogModuleManager: Shutting down and abandoning module UdpMessaging (282)
[2019.07.11-03.50.55:326][979]LogModuleManager: Shutting down and abandoning module TcpMessaging (280)
[2019.07.11-03.50.55:427][979]LogModuleManager: Shutting down and abandoning module MagicLeapAudio (278)
[2019.07.11-03.50.55:427][979]LogModuleManager: Shutting down and abandoning module GameplayTagsEditor (276)
[2019.07.11-03.50.55:427][979]LogModuleManager: Shutting down and abandoning module FacialAnimationEditor (274)
[2019.07.11-03.50.55:427][979]LogModuleManager: Shutting down and abandoning module FacialAnimation (272)
[2019.07.11-03.50.55:427][979]LogModuleManager: Shutting down and abandoning module DataValidation (270)
[2019.07.11-03.50.55:427][979]LogModuleManager: Shutting down and abandoning module AssetManagerEditor (268)
[2019.07.11-03.50.55:427][979]LogModuleManager: Shutting down and abandoning module LevelEditor (267)
[2019.07.11-03.50.55:427][979]LogModuleManager: Shutting down and abandoning module PixelInspectorModule (266)
[2019.07.11-03.50.55:427][979]LogModuleManager: Shutting down and abandoning module CommonMenuExtensions (264)
[2019.07.11-03.50.55:427][979]LogModuleManager: Shutting down and abandoning module MainFrame (262)
[2019.07.11-03.50.55:427][979]LogModuleManager: Shutting down and abandoning module HotReload (261)
[2019.07.11-03.50.55:428][979]LogModuleManager: Shutting down and abandoning module ContentBrowser (257)
[2019.07.11-03.50.55:428][979]LogModuleManager: Shutting down and abandoning module TreeMap (255)
[2019.07.11-03.50.55:428][979]LogModuleManager: Shutting down and abandoning module LightPropagationVolumeRuntime (252)
[2019.07.11-03.50.55:428][979]LogModuleManager: Shutting down and abandoning module AISupportModule (250)
[2019.07.11-03.50.55:428][979]LogModuleManager: Shutting down and abandoning module Paper2D (248)
[2019.07.11-03.50.55:428][979]LogModuleManager: Shutting down and abandoning module WindowsMoviePlayer (246)
[2019.07.11-03.50.55:428][979]LogModuleManager: Shutting down and abandoning module WmfMedia (244)
[2019.07.11-03.50.55:429][979]LogModuleManager: Shutting down and abandoning module Media (243)
[2019.07.11-03.50.55:435][979]LogModuleManager: Shutting down and abandoning module PacketHandler (240)
[2019.07.11-03.50.55:435][979]LogModuleManager: Shutting down and abandoning module ClothingSystemEditor (238)
[2019.07.11-03.50.55:435][979]LogModuleManager: Shutting down and abandoning module ClothingSystemRuntime (236)
[2019.07.11-03.50.55:435][979]LogModuleManager: Shutting down and abandoning module MediaAssets (234)
[2019.07.11-03.50.55:435][979]LogModuleManager: Shutting down and abandoning module Overlay (232)
[2019.07.11-03.50.55:435][979]LogModuleManager: Shutting down and abandoning module OverlayEditor (231)
[2019.07.11-03.50.55:435][979]LogModuleManager: Shutting down and abandoning module VREditor (228)
[2019.07.11-03.50.55:435][979]LogModuleManager: Shutting down and abandoning module StringTableEditor (226)
[2019.07.11-03.50.55:435][979]LogModuleManager: Shutting down and abandoning module GameplayTasksEditor (224)
[2019.07.11-03.50.55:435][979]LogModuleManager: Shutting down and abandoning module BehaviorTreeEditor (222)
[2019.07.11-03.50.55:435][979]LogModuleManager: Shutting down and abandoning module FunctionalTesting (220)
[2019.07.11-03.50.55:435][979]LogModuleManager: Shutting down and abandoning module CollisionAnalyzer (218)
[2019.07.11-03.50.55:435][979]LogModuleManager: Shutting down and abandoning module WorkspaceMenuStructure (217)
[2019.07.11-03.50.55:435][979]LogModuleManager: Shutting down and abandoning module UMG (214)
[2019.07.11-03.50.55:435][979]LogModuleManager: Shutting down and abandoning module UMGEditor (213)
[2019.07.11-03.50.55:435][979]LogModuleManager: Shutting down and abandoning module Sequencer (212)
[2019.07.11-03.50.55:435][979]LogModuleManager: Shutting down and abandoning module MessageLog (209)
[2019.07.11-03.50.55:435][979]LogModuleManager: Shutting down and abandoning module SlateReflector (204)
[2019.07.11-03.50.55:435][979]LogModuleManager: Shutting down and abandoning module Slate (202)
[2019.07.11-03.50.55:435][979]LogModuleManager: Shutting down and abandoning module EditorStyle (200)
[2019.07.11-03.50.55:436][979]LogModuleManager: Shutting down and abandoning module MRMesh (198)
[2019.07.11-03.50.55:436][979]LogModuleManager: Shutting down and abandoning module SourceCodeAccess (196)
[2019.07.11-03.50.55:436][979]LogModuleManager: Shutting down and abandoning module HeadMountedDisplay (194)
[2019.07.11-03.50.55:436][979]LogModuleManager: Shutting down and abandoning module XAudio2 (192)
[2019.07.11-03.50.55:436][979]LogModuleManager: Shutting down and abandoning module Networking (190)
[2019.07.11-03.50.55:436][979]LogModuleManager: Shutting down and abandoning module Core (188)
[2019.07.11-03.50.55:436][979]LogModuleManager: Shutting down and abandoning module LevelSequence (186)
[2019.07.11-03.50.55:436][979]LogModuleManager: Shutting down and abandoning module KismetCompiler (184)
[2019.07.11-03.50.55:436][979]LogModuleManager: Shutting down and abandoning module MeshUtilities (182)
[2019.07.11-03.50.55:436][979]LogModuleManager: Shutting down and abandoning module MeshMergeUtilities (181)
[2019.07.11-03.50.55:436][979]LogModuleManager: Shutting down and abandoning module MeshReductionInterface (180)
[2019.07.11-03.50.55:436][979]LogModuleManager: Shutting down and abandoning module SimplygonSwarm (179)
[2019.07.11-03.50.55:437][979]LogModuleManager: Shutting down and abandoning module ProxyLODMeshReduction (177)
[2019.07.11-03.50.55:437][979]LogModuleManager: Shutting down and abandoning module SimplygonMeshReduction (175)
[2019.07.11-03.50.55:437][979]LogModuleManager: Shutting down and abandoning module QuadricMeshReduction (173)
[2019.07.11-03.50.55:437][979]LogModuleManager: Shutting down and abandoning module MaterialBaking (169)
[2019.07.11-03.50.55:437][979]LogModuleManager: Shutting down and abandoning module DirectoryWatcher (165)
[2019.07.11-03.50.55:437][979]LogModuleManager: Shutting down and abandoning module DerivedDataCache (162)
[2019.07.11-03.50.55:521][979]LogDerivedDataCache: Shutdown
[2019.07.11-03.50.55:522][979]LogModuleManager: Shutting down and abandoning module XGEController (160)
[2019.07.11-03.50.55:522][979]LogXGEController: Cleaning working directory: C:/Users/Aaron's Desktop/AppData/Local/Temp/UnrealXGEWorkingDir/
[2019.07.11-03.50.55:522][979]LogModuleManager: Shutting down and abandoning module TargetPlatform (158)
[2019.07.11-03.50.55:522][979]LogModuleManager: Shutting down and abandoning module VulkanShaderFormat (157)
[2019.07.11-03.50.55:522][979]LogModuleManager: Shutting down and abandoning module ShaderFormatVectorVM (155)
[2019.07.11-03.50.55:522][979]LogModuleManager: Shutting down and abandoning module ShaderFormatOpenGL (153)
[2019.07.11-03.50.55:522][979]LogModuleManager: Shutting down and abandoning module ShaderFormatD3D (151)
[2019.07.11-03.50.55:522][979]LogModuleManager: Shutting down and abandoning module MetalShaderFormat (149)
[2019.07.11-03.50.55:522][979]LogModuleManager: Shutting down and abandoning module TextureFormatUncompressed (147)
[2019.07.11-03.50.55:522][979]LogModuleManager: Shutting down and abandoning module TextureFormatPVR (145)
[2019.07.11-03.50.55:522][979]LogModuleManager: Shutting down and abandoning module TextureFormatDXT (143)
[2019.07.11-03.50.55:522][979]LogModuleManager: Shutting down and abandoning module TextureFormatIntelISPCTexComp (141)
[2019.07.11-03.50.55:522][979]LogModuleManager: Shutting down and abandoning module TextureFormatASTC (139)
[2019.07.11-03.50.55:522][979]LogModuleManager: Shutting down and abandoning module ImageWrapper (138)
[2019.07.11-03.50.55:522][979]LogModuleManager: Shutting down and abandoning module TextureFormatAndroid (135)
[2019.07.11-03.50.55:522][979]LogModuleManager: Shutting down and abandoning module AudioFormatOpus (133)
[2019.07.11-03.50.55:522][979]LogModuleManager: Shutting down and abandoning module AudioFormatOgg (131)
[2019.07.11-03.50.55:522][979]LogModuleManager: Shutting down and abandoning module AudioFormatADPCM (129)
[2019.07.11-03.50.55:522][979]LogModuleManager: Shutting down and abandoning module LuminTargetPlatform (127)
[2019.07.11-03.50.55:522][979]LogModuleManager: Shutting down and abandoning module LinuxTargetPlatform (125)
[2019.07.11-03.50.55:522][979]LogModuleManager: Shutting down and abandoning module LinuxServerTargetPlatform (123)
[2019.07.11-03.50.55:522][979]LogModuleManager: Shutting down and abandoning module LinuxNoEditorTargetPlatform (121)
[2019.07.11-03.50.55:522][979]LogModuleManager: Shutting down and abandoning module LinuxClientTargetPlatform (119)
[2019.07.11-03.50.55:522][979]LogModuleManager: Shutting down and abandoning module TVOSTargetPlatform (117)
[2019.07.11-03.50.55:523][979]LogModuleManager: Shutting down and abandoning module Messaging (115)
[2019.07.11-03.50.55:523][979]LogModuleManager: Shutting down and abandoning module IOSTargetPlatform (113)
[2019.07.11-03.50.55:523][979]LogModuleManager: Shutting down and abandoning module HTML5TargetPlatform (111)
[2019.07.11-03.50.55:523][979]LogModuleManager: Shutting down and abandoning module AndroidTargetPlatform (109)
[2019.07.11-03.50.55:527][979]LogModuleManager: Shutting down and abandoning module WindowsTargetPlatform (107)
[2019.07.11-03.50.55:527][979]LogModuleManager: Shutting down and abandoning module WindowsServerTargetPlatform (105)
[2019.07.11-03.50.55:527][979]LogModuleManager: Shutting down and abandoning module WindowsNoEditorTargetPlatform (103)
[2019.07.11-03.50.55:527][979]LogModuleManager: Shutting down and abandoning module WindowsClientTargetPlatform (101)
[2019.07.11-03.50.55:527][979]LogModuleManager: Shutting down and abandoning module MacTargetPlatform (99)
[2019.07.11-03.50.55:527][979]LogModuleManager: Shutting down and abandoning module MacServerTargetPlatform (97)
[2019.07.11-03.50.55:527][979]LogModuleManager: Shutting down and abandoning module MacNoEditorTargetPlatform (95)
[2019.07.11-03.50.55:527][979]LogModuleManager: Shutting down and abandoning module MacClientTargetPlatform (93)
[2019.07.11-03.50.55:527][979]LogModuleManager: Shutting down and abandoning module AllDesktopTargetPlatform (91)
[2019.07.11-03.50.55:527][979]LogModuleManager: Shutting down and abandoning module InputCore (88)
[2019.07.11-03.50.55:527][979]LogModuleManager: Shutting down and abandoning module Settings (86)
[2019.07.11-03.50.55:527][979]LogModuleManager: Shutting down and abandoning module PhysXCooking (84)
[2019.07.11-03.50.55:527][979]LogModuleManager: Shutting down and abandoning module SteamVR (82)
[2019.07.11-03.50.55:527][979]LogModuleManager: Shutting down and abandoning module OculusHMD (80)
[2019.07.11-03.50.55:527][979]LogModuleManager: Shutting down and abandoning module ExampleDeviceProfileSelector (78)
[2019.07.11-03.50.55:527][979]LogModuleManager: Shutting down and abandoning module LauncherChunkInstaller (76)
[2019.07.11-03.50.55:528][979]LogModuleManager: Shutting down and abandoning module OnlineBlueprintSupport (74)
[2019.07.11-03.50.55:528][979]LogModuleManager: Shutting down and abandoning module OnlineSubsystem (70)
[2019.07.11-03.50.55:528][979]LogModuleManager: Shutting down and abandoning module XMPP (65)
[2019.07.11-03.50.55:528][979]LogModuleManager: Shutting down and abandoning module WebSockets (64)
[2019.07.11-03.50.55:562][979]LogModuleManager: Shutting down and abandoning module HTTP (61)
[2019.07.11-03.50.55:562][979]LogHttp: Display: Http module shutting down, but needs to wait on 1 outstanding Http requests:
[2019.07.11-03.50.55:562][979]LogHttp: Display: 	verb=[POST] url=[https://datarouter.ol.epicgames.com/datarouter/api/v1/public/data?SessionID=%7B0DAC4B12-4CCD-FF07-6DA3-7EACBF6FBFFA%7D&AppID=UEEditor.Rocket.Release&AppVersion=4.20.3-4369336%2B%2B%2BUE4%2BRelease-4.20&UserID=fffd5b9e4c9290f2f3f0769658e4954d%7C5e0c94b460c94235a6f9d9aa0432c0f9%7Ce69b9451-45eb-4241-b5dd-357878922232&AppEnvironment=datacollector-binary&UploadType=eteventstream] status=Processing
[2019.07.11-03.50.55:570][979]LogModuleManager: Shutting down and abandoning module SSL (60)
[2019.07.11-03.50.55:571][979]LogModuleManager: Shutting down and abandoning module MagicLeapEmulator (56)
[2019.07.11-03.50.55:571][979]LogModuleManager: Shutting down and abandoning module MagicLeapPrivileges (54)
[2019.07.11-03.50.55:571][979]LogModuleManager: Shutting down and abandoning module MagicLeapIdentity (52)
[2019.07.11-03.50.55:571][979]LogModuleManager: Shutting down and abandoning module MagicLeapHelperVulkan (50)
[2019.07.11-03.50.55:571][979]LogModuleManager: Shutting down and abandoning module MagicLeapHelperOpenGL (48)
[2019.07.11-03.50.55:571][979]LogModuleManager: Shutting down and abandoning module MagicLeapSecureStorage (46)
[2019.07.11-03.50.55:571][979]LogModuleManager: Shutting down and abandoning module MagicLeapGestures (44)
[2019.07.11-03.50.55:571][979]LogModuleManager: Shutting down and abandoning module MagicLeapEyeTracker (42)
[2019.07.11-03.50.55:571][979]LogModuleManager: Shutting down and abandoning module MagicLeapController (40)
[2019.07.11-03.50.55:571][979]LogSlate: Slate User Destroyed.  User Index 0, Is Virtual User: 0
[2019.07.11-03.50.55:571][979]LogModuleManager: Shutting down and abandoning module MagicLeap (38)
[2019.07.11-03.50.55:571][979]LogModuleManager: Shutting down and abandoning module AnimationModifiers (36)
[2019.07.11-03.50.55:571][979]LogModuleManager: Shutting down and abandoning module PropertyEditor (35)
[2019.07.11-03.50.55:571][979]LogModuleManager: Shutting down and abandoning module AudioEditor (32)
[2019.07.11-03.50.55:571][979]LogModuleManager: Shutting down and abandoning module TextureCompressor (30)
[2019.07.11-03.50.55:571][979]LogModuleManager: Shutting down and abandoning module ShaderCore (28)
[2019.07.11-03.50.55:571][979]LogModuleManager: Shutting down and abandoning module Landscape (26)
[2019.07.11-03.50.55:571][979]LogModuleManager: Shutting down and abandoning module SlateRHIRenderer (24)
[2019.07.11-03.50.55:572][979]LogModuleManager: Shutting down and abandoning module OpenGLDrv (22)
[2019.07.11-03.50.55:572][979]LogModuleManager: Shutting down and abandoning module D3D11RHI (20)
[2019.07.11-03.50.55:572][979]LogModuleManager: Shutting down and abandoning module AnimGraphRuntime (18)
[2019.07.11-03.50.55:572][979]LogModuleManager: Shutting down and abandoning module Renderer (16)
[2019.07.11-03.50.55:572][979]LogModuleManager: Shutting down and abandoning module Engine (14)
[2019.07.11-03.50.55:572][979]LogModuleManager: Shutting down and abandoning module CoreUObject (12)
[2019.07.11-03.50.55:572][979]LogModuleManager: Shutting down and abandoning module NetworkFile (10)
[2019.07.11-03.50.55:572][979]LogModuleManager: Shutting down and abandoning module CookedIterativeFile (8)
[2019.07.11-03.50.55:572][979]LogModuleManager: Shutting down and abandoning module StreamingFile (6)
[2019.07.11-03.50.55:572][979]LogModuleManager: Shutting down and abandoning module SandboxFile (4)
[2019.07.11-03.50.55:572][979]LogModuleManager: Shutting down and abandoning module PakFile (2)
[2019.07.11-03.50.55:580][979]LogExit: Exiting.
[2019.07.11-03.50.55:590][979]Log file closed, 07/10/19 23:50:55
