Log file open, 07/31/19 18:25:10
LogWindows: Failed to load 'aqProf.dll' (GetLastError=126)
LogWindows: File 'aqProf.dll' does not exist
LogWindows: Failed to load 'VtuneApi.dll' (GetLastError=126)
LogWindows: File 'VtuneApi.dll' does not exist
LogWindows: Failed to load 'VtuneApi32e.dll' (GetLastError=126)
LogWindows: File 'VtuneApi32e.dll' does not exist
LogInit: Display: Running engine for game: Project_Tether
LogPlatformFile: Not using cached read wrapper
LogTaskGraph: Started task graph with 5 named threads and 35 total threads with 3 sets of task threads.
LogStats: Stats thread started at 0.503360
LogD3D11RHI: Loaded GFSDK_Aftermath_Lib.x64.dll
LogICUInternationalization: Display: ICU TimeZone Detection - Raw Offset: -5:00, Platform Override: ''
LogPluginManager: Mounting plugin Paper2D
LogPluginManager: Mounting plugin AISupport
LogPluginManager: Mounting plugin LightPropagationVolume
LogPluginManager: Mounting plugin CLionSourceCodeAccess
LogPluginManager: Mounting plugin CodeLiteSourceCodeAccess
LogPluginManager: Mounting plugin GitSourceControl
LogPluginManager: Mounting plugin KDevelopSourceCodeAccess
LogPluginManager: Mounting plugin NullSourceCodeAccess
LogPluginManager: Mounting plugin PerforceSourceControl
LogPluginManager: Mounting plugin SubversionSourceControl
LogPluginManager: Mounting plugin UObjectPlugin
LogPluginManager: Mounting plugin VisualStudioCodeSourceCodeAccess
LogPluginManager: Mounting plugin VisualStudioSourceCodeAccess
LogPluginManager: Mounting plugin XCodeSourceCodeAccess
LogPluginManager: Mounting plugin AssetManagerEditor
LogPluginManager: Mounting plugin CryptoKeys
LogPluginManager: Mounting plugin DataValidation
LogPluginManager: Mounting plugin FacialAnimation
LogPluginManager: Mounting plugin GameplayTagsEditor
LogPluginManager: Mounting plugin MacGraphicsSwitching
LogPluginManager: Mounting plugin MeshEditor
LogPluginManager: Mounting plugin MobileLauncherProfileWizard
LogPluginManager: Mounting plugin PluginBrowser
LogPluginManager: Mounting plugin SpeedTreeImporter
LogPluginManager: Mounting plugin DatasmithContent
LogPluginManager: Mounting plugin AlembicImporter
LogPluginManager: Mounting plugin AppleImageUtils
LogPluginManager: Mounting plugin AppleVision
LogPluginManager: Mounting plugin BackChannel
LogPluginManager: Mounting plugin CharacterAI
LogPluginManager: Mounting plugin GeometryCache
LogPluginManager: Mounting plugin HTML5Networking
LogPluginManager: Mounting plugin ProxyLODPlugin
LogPluginManager: Mounting plugin MagicLeap
LogPluginManager: Mounting plugin MagicLeapEmulator
LogPluginManager: Mounting plugin MagicLeapMedia
LogPluginManager: Mounting plugin AndroidMedia
LogPluginManager: Mounting plugin AvfMedia
LogPluginManager: Mounting plugin ImgMedia
LogPluginManager: Mounting plugin LinearTimecode
LogPluginManager: Mounting plugin MediaCompositing
LogPluginManager: Mounting plugin MediaPlayerEditor
LogPluginManager: Mounting plugin WmfMedia
LogPluginManager: Mounting plugin TcpMessaging
LogPluginManager: Mounting plugin UdpMessaging
LogPluginManager: Mounting plugin ActorSequence
LogPluginManager: Mounting plugin LevelSequenceEditor
LogPluginManager: Mounting plugin MatineeToLevelSequence
LogPluginManager: Mounting plugin NetcodeUnitTest
LogPluginManager: Mounting plugin NUTUnrealEngine4
LogPluginManager: Mounting plugin OnlineSubsystemGooglePlay
LogPluginManager: Mounting plugin OnlineSubsystemIOS
LogPluginManager: Mounting plugin OnlineSubsystem
LogPluginManager: Mounting plugin OnlineSubsystemNull
LogPluginManager: Mounting plugin OnlineSubsystemUtils
LogPluginManager: Mounting plugin LauncherChunkInstaller
LogPluginManager: Mounting plugin AndroidDeviceProfileSelector
LogPluginManager: Mounting plugin AndroidMoviePlayer
LogPluginManager: Mounting plugin AndroidPermission
LogPluginManager: Mounting plugin AppleMoviePlayer
LogPluginManager: Mounting plugin ArchVisCharacter
LogPluginManager: Mounting plugin AudioCapture
LogPluginManager: Mounting plugin CableComponent
LogPluginManager: Mounting plugin CustomMeshComponent
LogPluginManager: Mounting plugin EditableMesh
LogPluginManager: Mounting plugin ExampleDeviceProfileSelector
LogPluginManager: Mounting plugin GoogleCloudMessaging
LogPluginManager: Mounting plugin ImmediatePhysics
LogPluginManager: Mounting plugin IOSDeviceProfileSelector
LogPluginManager: Mounting plugin LinuxDeviceProfileSelector
LogPluginManager: Mounting plugin LocationServicesBPLibrary
LogPluginManager: Mounting plugin MobilePatchingUtils
LogPluginManager: Mounting plugin OculusVR
LogPluginManager: Plugin shader directory ../../../Engine/Plugins/Runtime/Oculus/OculusVR/Shaders found
LogPluginManager: Mapping shader source directory ../../../Engine/Plugins/Runtime/Oculus/OculusVR/Shaders to virtual directory /Plugin/OculusVR
LogPluginManager: Mounting plugin PhysXVehicles
LogPluginManager: Mounting plugin ProceduralMeshComponent
LogPluginManager: Mounting plugin RuntimePhysXCooking
LogPluginManager: Mounting plugin SteamVR
LogPluginManager: Mounting plugin WindowsMoviePlayer
LogStreaming: Display: Took  0.075s to configure plugins.
LogInit: Using libcurl 7.55.1-DEV
LogInit:  - built for x86_64-pc-win32
LogInit:  - supports SSL with OpenSSL/1.0.2h
LogInit:  - supports HTTP deflate (compression) using libz 1.2.8
LogInit:  - other features:
LogInit:      CURL_VERSION_SSL
LogInit:      CURL_VERSION_LIBZ
LogInit:      CURL_VERSION_IPV6
LogInit:      CURL_VERSION_ASYNCHDNS
LogInit:      CURL_VERSION_LARGEFILE
LogInit:      CURL_VERSION_IDN
LogInit:  CurlRequestOptions (configurable via config and command line):
LogInit:  - bVerifyPeer = false  - Libcurl will NOT verify peer certificate
LogInit:  - bUseHttpProxy = false  - Libcurl will NOT use HTTP proxy
LogInit:  - bDontReuseConnections = false  - Libcurl will reuse connections
LogInit:  - CertBundlePath = nullptr  - Libcurl will use whatever was configured at build time.
LogInit:  - MaxHostConnections = 16  - Libcurl will limit the number of connections to a host
LogInit:  - LocalHostAddr = Default
LogInit:  - BufferSize = 65536
LogInit: WinSock: version 1.1 (2.2), MaxSocks=32767, MaxUdp=65467
LogInit: Build: ++UE4+Release-4.20-CL-4369336
LogInit: Engine Version: 4.20.3-4369336+++UE4+Release-4.20
LogInit: Compatible Engine Version: 4.20.0-4212847+++UE4+Release-4.20
LogInit: Net CL: 4212847
LogInit: OS: Windows 10 (), CPU: Intel(R) Core(TM) i7-8700K CPU @ 3.70GHz, GPU: NVIDIA GeForce GTX 1060 6GB
LogInit: Compiled (64-bit): Sep 17 2018 12:26:19
LogInit: Compiled with Visual C++: 19.13.26129.00
LogInit: Build Configuration: Development
LogInit: Branch Name: ++UE4+Release-4.20
LogInit: Command Line:  -skipcompile
LogInit: Base Directory: E:/Epic Games Games/UE_4.20/Engine/Binaries/Win64/
LogInit: Installed Engine Build: 1
LogDevObjectVersion: Number of dev versions registered: 20
LogDevObjectVersion:   Dev-Blueprints (B0D832E4-1F89-4F0D-ACCF-7EB736FD4AA2): 10
LogDevObjectVersion:   Dev-Build (E1C64328-A22C-4D53-A36C-8E866417BD8C): 0
LogDevObjectVersion:   Dev-Core (375EC13C-06E4-48FB-B500-84F0262A717E): 2
LogDevObjectVersion:   Dev-Editor (E4B068ED-F494-42E9-A231-DA0B2E46BB41): 24
LogDevObjectVersion:   Dev-Framework (CFFC743F-43B0-4480-9391-14DF171D2073): 34
LogDevObjectVersion:   Dev-Mobile (B02B49B5-BB20-44E9-A304-32B752E40360): 2
LogDevObjectVersion:   Dev-Networking (A4E4105C-59A1-49B5-A7C5-40C4547EDFEE): 0
LogDevObjectVersion:   Dev-Online (39C831C9-5AE6-47DC-9A44-9C173E1C8E7C): 0
LogDevObjectVersion:   Dev-Physics (78F01B33-EBEA-4F98-B9B4-84EACCB95AA2): 0
LogDevObjectVersion:   Dev-Platform (6631380F-2D4D-43E0-8009-CF276956A95A): 0
LogDevObjectVersion:   Dev-Rendering (12F88B9F-8875-4AFC-A67C-D90C383ABD29): 26
LogDevObjectVersion:   Dev-Sequencer (7B5AE74C-D270-4C10-A958-57980B212A5A): 9
LogDevObjectVersion:   Dev-VR (D7296918-1DD6-4BDD-9DE2-64A83CC13884): 2
LogDevObjectVersion:   Dev-LoadTimes (C2A15278-BFE7-4AFE-6C17-90FF531DF755): 1
LogDevObjectVersion:   Private-Geometry (6EACA3D4-40EC-4CC1-B786-8BED09428FC5): 3
LogDevObjectVersion:   Dev-AnimPhys (29E575DD-E0A3-4627-9D10-D276232CDCEA): 17
LogDevObjectVersion:   Dev-ReflectionCapture (6B266CEC-1EC7-4B8F-A30B-E4D90942FC07): 1
LogDevObjectVersion:   Dev-Automation (0DF73D61-A23F-47EA-B727-89E90C41499A): 1
LogDevObjectVersion:   FortniteMain (601D1886-AC64-4F84-AA16-D3DE0DEAC7D6): 12
LogDevObjectVersion:   Dev-Enterprise (9DFFBCD6-494F-0158-E221-12823C92A888): 1
LogStreaming: Display: Took  0.001s to delete old logs.
LogInit: Presizing for max 8388607 objects, including 0 objects not considered by GC, pre-allocating 0 bytes for permanent pool.
LogInit: Object subsystem initialized
[2019.07.31-22.25.10:759][  0]LogInit: Selected Device Profile: [Windows]
[2019.07.31-22.25.10:759][  0]LogInit: Applying CVar settings loaded from the selected device profile: [Windows]
[2019.07.31-22.25.10:795][  0]LogHAL: Display: Platform has ~ 16 GB [17121992704 / 17179869184 / 16], which maps to Larger [LargestMinGB=32, LargerMinGB=12, DefaultMinGB=8, SmallerMinGB=6, SmallestMinGB=0)
[2019.07.31-22.25.10:796][  0]LogInit: Setting Device Profile CVar: [[r.Vulkan.UseRealUBs:1]]
[2019.07.31-22.25.10:796][  0]LogInit: Going up to parent DeviceProfile []
[2019.07.31-22.25.10:797][  0]LogInit: Computer: AARONS-DESKTOP
[2019.07.31-22.25.10:797][  0]LogInit: User: AaronsDesktop
[2019.07.31-22.25.10:797][  0]LogInit: CPU Page size=4096, Cores=6
[2019.07.31-22.25.10:797][  0]LogInit: High frequency timer resolution =3.609378 MHz
[2019.07.31-22.25.10:798][  0]LogMemory: Memory total: Physical=15.9GB (16GB approx)
[2019.07.31-22.25.10:798][  0]LogMemory: Platform Memory Stats for Windows
[2019.07.31-22.25.10:798][  0]LogMemory: Process Physical Memory: 103.73 MB used, 103.73 MB peak
[2019.07.31-22.25.10:799][  0]LogMemory: Process Virtual Memory: 98.34 MB used, 98.34 MB peak
[2019.07.31-22.25.10:799][  0]LogMemory: Physical Memory: 6975.38 MB used,  9353.43 MB free, 16328.80 MB total
[2019.07.31-22.25.10:799][  0]LogMemory: Virtual Memory: 4669.73 MB used,  9353.43 MB free, 134217728.00 MB total
[2019.07.31-22.25.13:049][  0]LogInit: Using OS detected language (en-US).
[2019.07.31-22.25.13:050][  0]LogInit: Using OS detected locale (en-US).
[2019.07.31-22.25.13:051][  0]LogTextLocalizationManager: No specific localization for 'en-US' exists, so the 'en' localization will be used.
[2019.07.31-22.25.13:341][  0]LogStreaming: Display: Took  0.292s to InitEngineTextLocalization.
[2019.07.31-22.25.13:341][  0]LogInit: Setting process to per monitor DPI aware
[2019.07.31-22.25.13:391][  0]LogSlate: New Slate User Created.  User Index 0, Is Virtual User: 0
[2019.07.31-22.25.13:391][  0]LogSlate: Slate User Registered.  User Index 0, Is Virtual User: 0
[2019.07.31-22.25.13:539][  0]LogHMD: Failed to initialize OpenVR with code 110
[2019.07.31-22.25.13:539][  0]LogD3D11RHI: D3D11 adapters:
[2019.07.31-22.25.13:614][  0]LogD3D11RHI:    0. 'NVIDIA GeForce GTX 1060 6GB' (Feature Level 11_0)
[2019.07.31-22.25.13:614][  0]LogD3D11RHI:       6052/0/8164 MB DedicatedVideo/DedicatedSystem/SharedSystem, Outputs:2, VendorId:0x10de
[2019.07.31-22.25.13:623][  0]LogD3D11RHI:    1. 'Microsoft Basic Render Driver' (Feature Level 11_0)
[2019.07.31-22.25.13:623][  0]LogD3D11RHI:       0/0/8164 MB DedicatedVideo/DedicatedSystem/SharedSystem, Outputs:0, VendorId:0x1414
[2019.07.31-22.25.13:623][  0]LogD3D11RHI: Chosen D3D11 Adapter: 0
[2019.07.31-22.25.13:630][  0]LogD3D11RHI: Creating new Direct3DDevice
[2019.07.31-22.25.13:630][  0]LogD3D11RHI:     GPU DeviceId: 0x1c03 (for the marketing name, search the web for "GPU Device Id")
[2019.07.31-22.25.13:630][  0]LogWindows: EnumDisplayDevices:
[2019.07.31-22.25.13:630][  0]LogWindows:    0. 'NVIDIA GeForce GTX 1060 6GB' (P:1 D:1)
[2019.07.31-22.25.13:630][  0]LogWindows:    1. 'NVIDIA GeForce GTX 1060 6GB' (P:0 D:1)
[2019.07.31-22.25.13:631][  0]LogWindows:    2. 'NVIDIA GeForce GTX 1060 6GB' (P:0 D:0)
[2019.07.31-22.25.13:631][  0]LogWindows:    3. 'NVIDIA GeForce GTX 1060 6GB' (P:0 D:0)
[2019.07.31-22.25.13:631][  0]LogWindows: DebugString: FoundDriverCount:4 
[2019.07.31-22.25.13:631][  0]LogD3D11RHI:     Adapter Name: NVIDIA GeForce GTX 1060 6GB
[2019.07.31-22.25.13:631][  0]LogD3D11RHI:   Driver Version: 418.81 (internal:25.21.14.1881, unified:418.81)
[2019.07.31-22.25.13:631][  0]LogD3D11RHI:      Driver Date: 1-30-2019
[2019.07.31-22.25.13:632][  0]LogRHI: Texture pool is 4236 MB (70% of 6052 MB)
[2019.07.31-22.25.13:673][  0]LogD3D11RHI: Async texture creation enabled
[2019.07.31-22.25.13:693][  0]LogD3D11RHI: GPU Timing Frequency: 1000.000000 (Debug: 2 1)
[2019.07.31-22.25.13:792][  0]LogShaderCompilers: Guid format shader working directory is -14 characters bigger than the processId version (../../../../../Projects/IronForgedGames/Project_Tether/Project_Tether/Intermediate/Shaders/WorkingDirectory/14892/).
[2019.07.31-22.25.13:793][  0]LogShaderCompilers: Cleaned the shader compiler working directory 'C:/Users/Aaron's Desktop/AppData/Local/Temp/UnrealShaderWorkingDir/4454222148F143A675F9B39DE8ED2A80/'.
[2019.07.31-22.25.14:117][  0]LogTemp: Display: Loaded TP AllDesktopTargetPlatform
[2019.07.31-22.25.14:129][  0]LogTemp: Display: Loaded TP MacClientTargetPlatform
[2019.07.31-22.25.14:141][  0]LogTemp: Display: Loaded TP MacNoEditorTargetPlatform
[2019.07.31-22.25.14:154][  0]LogTemp: Display: Loaded TP MacServerTargetPlatform
[2019.07.31-22.25.14:167][  0]LogTemp: Display: Loaded TP MacTargetPlatform
[2019.07.31-22.25.14:179][  0]LogTemp: Display: Loaded TP WindowsClientTargetPlatform
[2019.07.31-22.25.14:194][  0]LogTemp: Display: Loaded TP WindowsNoEditorTargetPlatform
[2019.07.31-22.25.14:206][  0]LogTemp: Display: Loaded TP WindowsServerTargetPlatform
[2019.07.31-22.25.14:213][  0]LogTemp: Display: Loaded TP WindowsTargetPlatform
[2019.07.31-22.25.14:273][  0]LogTemp: Display: Loaded TP AndroidTargetPlatform
[2019.07.31-22.25.14:273][  0]LogTemp: Display: Loaded TP AndroidTargetPlatform
[2019.07.31-22.25.14:273][  0]LogTemp: Display: Loaded TP AndroidTargetPlatform
[2019.07.31-22.25.14:273][  0]LogTemp: Display: Loaded TP AndroidTargetPlatform
[2019.07.31-22.25.14:274][  0]LogTemp: Display: Loaded TP AndroidTargetPlatform
[2019.07.31-22.25.14:274][  0]LogTemp: Display: Loaded TP AndroidTargetPlatform
[2019.07.31-22.25.14:274][  0]LogTemp: Display: Loaded TP AndroidTargetPlatform
[2019.07.31-22.25.14:274][  0]LogTemp: Display: Loaded TP AndroidTargetPlatform
[2019.07.31-22.25.14:274][  0]LogTemp: Display: Loaded TP AndroidTargetPlatform
[2019.07.31-22.25.14:274][  0]LogTemp: Display: Loaded TP AndroidTargetPlatform
[2019.07.31-22.25.14:274][  0]LogTemp: Display: Loaded TP AndroidTargetPlatform
[2019.07.31-22.25.14:274][  0]LogTemp: Display: Loaded TP AndroidTargetPlatform
[2019.07.31-22.25.14:275][  0]LogTemp: Display: Loaded TP AndroidTargetPlatform
[2019.07.31-22.25.14:275][  0]LogTemp: Display: Loaded TP AndroidTargetPlatform
[2019.07.31-22.25.14:275][  0]LogTemp: Display: Loaded TP AndroidTargetPlatform
[2019.07.31-22.25.14:275][  0]LogTemp: Display: Loaded TP AndroidTargetPlatform
[2019.07.31-22.25.14:275][  0]LogTemp: Display: Loaded TP AndroidTargetPlatform
[2019.07.31-22.25.14:275][  0]LogTemp: Display: Loaded TP AndroidTargetPlatform
[2019.07.31-22.25.14:278][  0]LogTemp: Display: Loaded TP HTML5TargetPlatform
[2019.07.31-22.25.14:349][  0]LogTemp: Display: Loaded TP IOSTargetPlatform
[2019.07.31-22.25.14:349][  0]LogTemp: Display: Loaded TP IOSTargetPlatform
[2019.07.31-22.25.14:399][  0]LogTemp: Display: Loaded TP TVOSTargetPlatform
[2019.07.31-22.25.14:399][  0]LogTemp: Display: Loaded TP TVOSTargetPlatform
[2019.07.31-22.25.14:414][  0]LogTemp: Display: Loaded TP LinuxClientTargetPlatform
[2019.07.31-22.25.14:426][  0]LogTemp: Display: Loaded TP LinuxNoEditorTargetPlatform
[2019.07.31-22.25.14:437][  0]LogTemp: Display: Loaded TP LinuxServerTargetPlatform
[2019.07.31-22.25.14:450][  0]LogTemp: Display: Loaded TP LinuxTargetPlatform
[2019.07.31-22.25.14:459][  0]LogTemp: Display: Loaded TP LuminTargetPlatform
[2019.07.31-22.25.14:459][  0]LogTargetPlatformManager: Display: Building Assets For Windows
[2019.07.31-22.25.14:546][  0]LogXGEController: Cleaning working directory: C:/Users/Aaron's Desktop/AppData/Local/Temp/UnrealXGEWorkingDir/
[2019.07.31-22.25.14:546][  0]LogXGEController: Cannot use XGE Controller as Incredibuild is not installed on this machine.
[2019.07.31-22.25.14:546][  0]LogShaderCompilers: Cannot use XGE Shader Compiler as Incredibuild is not installed on this machine.
[2019.07.31-22.25.14:546][  0]LogShaderCompilers: Display: Using Local Shader Compiler.
[2019.07.31-22.25.15:091][  0]LogDerivedDataCache: Display: Max Cache Size: 512 MB
[2019.07.31-22.25.15:140][  0]LogDerivedDataCache: Loaded boot cache 0.05s 71MB C:/Users/Aaron's Desktop/AppData/Local/UnrealEngine/4.20/DerivedDataCache/Boot.ddc.
[2019.07.31-22.25.15:141][  0]LogDerivedDataCache: Display: Loaded Boot cache: C:/Users/Aaron's Desktop/AppData/Local/UnrealEngine/4.20/DerivedDataCache/Boot.ddc
[2019.07.31-22.25.15:141][  0]LogDerivedDataCache: FDerivedDataBackendGraph:  Pak pak cache file ../../../../../Projects/IronForgedGames/Project_Tether/Project_Tether/DerivedDataCache/DDC.ddp not found, will not use a pak cache.
[2019.07.31-22.25.15:141][  0]LogDerivedDataCache: Unable to find inner node Pak for hierarchical cache Hierarchy.
[2019.07.31-22.25.15:142][  0]LogDerivedDataCache: FDerivedDataBackendGraph:  CompressedPak pak cache file ../../../../../Projects/IronForgedGames/Project_Tether/Project_Tether/DerivedDataCache/Compressed.ddp not found, will not use a pak cache.
[2019.07.31-22.25.15:142][  0]LogDerivedDataCache: Unable to find inner node CompressedPak for hierarchical cache Hierarchy.
[2019.07.31-22.25.15:153][  0]LogDerivedDataCache: Display: Pak cache opened for reading ../../../Engine/DerivedDataCache/Compressed.ddp.
[2019.07.31-22.25.15:166][  0]LogDerivedDataCache: Using Local data cache path C:/Users/Aaron's Desktop/AppData/Local/UnrealEngine/Common/DerivedDataCache: Writable
[2019.07.31-22.25.15:166][  0]LogDerivedDataCache: Shared data cache path not found in *engine.ini, will not use an Shared cache.
[2019.07.31-22.25.15:166][  0]LogDerivedDataCache: Unable to find inner node Shared for hierarchical cache Hierarchy.
[2019.07.31-22.25.15:181][  0]LogMaterial: Verifying Global Shaders for PCD3D_SM5
[2019.07.31-22.25.15:182][  0]LogSlate: Using FreeType 2.6.0
[2019.07.31-22.25.15:183][  0]LogSlate: SlateFontServices - WITH_FREETYPE: 1, WITH_HARFBUZZ: 1
[2019.07.31-22.25.15:265][  0]LogAssetRegistry: FAssetRegistry took 0.0278 seconds to start up
[2019.07.31-22.25.15:501][  0]LogInit: Selected Device Profile: [Windows]
[2019.07.31-22.25.15:623][  0]LogSimplygon: Simplygon DLL not present - disabling.
[2019.07.31-22.25.15:631][  0]LogMeshReduction: Using SimplygonSwarm for distributed automatic mesh merging
[2019.07.31-22.25.15:631][  0]LogMeshReduction: Using ProxyLODMeshReduction for automatic mesh merging
[2019.07.31-22.25.15:631][  0]LogMeshReduction: Using QuadricMeshReduction for automatic static mesh reduction
[2019.07.31-22.25.15:631][  0]LogMeshReduction: No automatic skeletal mesh reduction module available
[2019.07.31-22.25.15:650][  0]LogNetVersion: Project_Tether 1.0.0, NetCL: 4212847, EngineNetVer: 5, GameNetVer: 0 (Checksum: 2290113244)
[2019.07.31-22.25.16:106][  0]LogPackageLocalizationCache: Processed 11 localized package path(s) for 2 prioritized culture(s) in 0.076777 seconds
[2019.07.31-22.25.16:112][  0]LogUObjectArray: 38425 objects as part of root set at end of initial load.
[2019.07.31-22.25.16:112][  0]LogUObjectAllocator: 6690872 out of 0 bytes used by permanent object pool.
[2019.07.31-22.25.16:112][  0]LogUObjectArray: CloseDisregardForGC: 0/0 objects in disregard for GC pool
[2019.07.31-22.25.16:890][  0]LogTcpMessaging: Initializing TcpMessaging bridge
[2019.07.31-22.25.16:907][  0]LogUdpMessaging: Initializing bridge on interface 0.0.0.0:0 to multicast group 230.0.0.1:6666.
[2019.07.31-22.25.17:052][  0]LogLinker: Warning: Can't find file '/Game/ThirdPersonCPP/Blueprints/ThirdPersonCharacter'
[2019.07.31-22.25.17:052][  0]LogLinker: Warning: Can't find file '/Game/ThirdPersonCPP/Blueprints/ThirdPersonCharacter'
[2019.07.31-22.25.17:052][  0]LogUObjectGlobals: Warning: Failed to find object 'Class /Game/ThirdPersonCPP/Blueprints/ThirdPersonCharacter.ThirdPersonCharacter_C'
[2019.07.31-22.25.17:052][  0]Error: CDO Constructor (Project_TetherGameMode): Failed to find /Game/ThirdPersonCPP/Blueprints/ThirdPersonCharacter.ThirdPersonCharacter_C

[2019.07.31-22.25.17:053][  0]LogUObjectBase: Warning: -------------- Default Property warnings and errors:
[2019.07.31-22.25.17:053][  0]LogUObjectBase: Warning: Error: CDO Constructor (Project_TetherGameMode): Failed to find /Game/ThirdPersonCPP/Blueprints/ThirdPersonCharacter.ThirdPersonCharacter_C

[2019.07.31-22.25.17:064][  0]LogWindowsTextInputMethodSystem: Display: IME system now deactivated.
[2019.07.31-22.25.28:371][  0]LogWindowsTextInputMethodSystem: Display: IME system now deactivated.
[2019.07.31-22.25.28:372][  0]LogWindowsTextInputMethodSystem: Display: IME system now deactivated.
[2019.07.31-22.25.28:806][  0]SourceControl: Source control is disabled
[2019.07.31-22.25.28:806][  0]SourceControl: Source control is disabled
[2019.07.31-22.25.28:848][  0]SourceControl: Source control is disabled
[2019.07.31-22.25.28:874][  0]SourceControl: Source control is disabled
[2019.07.31-22.25.30:073][  0]LogAndroidPermission: UAndroidPermissionCallbackProxy::GetInstance
[2019.07.31-22.25.30:343][  0]LogOcInput: OculusInput pre-init called
[2019.07.31-22.25.30:586][  0]LogEngine: Initializing Engine...
[2019.07.31-22.25.30:587][  0]LogHMD: Failed to initialize OpenVR with code 110
[2019.07.31-22.25.30:588][  0]LogStats: UGameplayTagsManager::ConstructGameplayTagTree: ImportINI prefixes -  0.000 s
[2019.07.31-22.25.30:588][  0]LogStats: UGameplayTagsManager::ConstructGameplayTagTree: Construct from data asset -  0.000 s
[2019.07.31-22.25.30:588][  0]LogStats: UGameplayTagsManager::ConstructGameplayTagTree: ImportINI -  0.000 s
[2019.07.31-22.25.30:588][  0]LogStats: UGameplayTagsManager::ConstructGameplayTagTree: GameplayTagTreeChangedEvent.Broadcast -  0.000 s
[2019.07.31-22.25.30:755][  0]LogInit: Initializing FReadOnlyCVARCache
[2019.07.31-22.25.30:922][  0]LogAIModule: Creating AISystem for world Untitled
[2019.07.31-22.25.30:953][  0]LogInit: XAudio2 using 'Speakers (2- USB PnP Audio Device)' : 2 channels at 48 kHz using 16 bits per sample (channel mask 0x3)
[2019.07.31-22.25.30:989][  0]LogInit: FAudioDevice initialized.
[2019.07.31-22.25.30:990][  0]LogNetVersion: Set ProjectVersion to 1.0.0.0. Version Checksum will be recalculated on next use.
[2019.07.31-22.25.31:047][  0]LogDerivedDataCache: Saved boot cache 0.06s 71MB C:/Users/Aaron's Desktop/AppData/Local/UnrealEngine/4.20/DerivedDataCache/Boot.ddc.
[2019.07.31-22.25.31:057][  0]LogInit: Texture streaming: Enabled
[2019.07.31-22.25.31:184][  0]LogEngineSessionManager: EngineSessionManager initialized
[2019.07.31-22.25.31:200][  0]LogEngineSessionManager: EngineSessionManager sent abnormal shutdown report. Type=Debugger, SessionId={C6595AB2-4887-6441-531D-DDB98727BDC5}
[2019.07.31-22.25.31:200][  0]LogEngineSessionManager: EngineSessionManager sent abnormal shutdown report. Type=Debugger, SessionId={5D2AE078-472D-38A5-0CA2-449E19EA01F5}
[2019.07.31-22.25.31:301][  0]LogInit: Transaction tracking system initialized
[2019.07.31-22.25.31:580][  0]BlueprintLog: New page: Editor Load
[2019.07.31-22.25.32:549][  0]LocalizationService: Localization service is disabled
[2019.07.31-22.25.33:872][  0]LogCook: Display: Max memory allowance for cook 16384mb min free memory 0mb
[2019.07.31-22.25.33:872][  0]LogCook: Display: Mobile HDR setting 1
[2019.07.31-22.25.33:872][  0]LogGameplayTags: Display: UGameplayTagsManager::DoneAddingNativeTags. DelegateIsBound: 0
[2019.07.31-22.25.33:873][  0]LogStats: UGameplayTagsManager::ConstructGameplayTagTree: ImportINI prefixes -  0.000 s
[2019.07.31-22.25.33:873][  0]LogStats: UGameplayTagsManager::ConstructGameplayTagTree: Construct from data asset -  0.000 s
[2019.07.31-22.25.33:873][  0]LogStats: UGameplayTagsManager::ConstructGameplayTagTree: ImportINI -  0.000 s
[2019.07.31-22.25.33:873][  0]LogStats: UGameplayTagsManager::ConstructGameplayTagTree: GameplayTagTreeChangedEvent.Broadcast -  0.000 s
[2019.07.31-22.25.34:358][  0]LogFileCache: Scanning file cache for directory 'E:/Projects/IronForgedGames/Project_Tether/Project_Tether/Content/' took 0.02s
[2019.07.31-22.25.36:283][  0]SourceControl: Source control is disabled
[2019.07.31-22.25.36:284][  0]LightingResults: New page: Lighting Build
[2019.07.31-22.25.36:335][  0]MapCheck: New page: Map Check
[2019.07.31-22.25.36:335][  0]LightingResults: New page: Lighting Build
[2019.07.31-22.25.36:842][  0]LogLinker: Error: HOTRELOADED_ToolData_1 has an inappropriate outermost, it was probably saved with a deprecated outer (file: ../../../../../Projects/IronForgedGames/Project_Tether/Project_Tether/Content/IronForgedGames/Implementation/Gameplay/System/Tools/Pickups/BaseToolPickup.uasset)
[2019.07.31-22.25.36:843][  0]LogLinker: Error: HOTRELOADED_ToolData_1 has an inappropriate outermost, it was probably saved with a deprecated outer (file: ../../../../../Projects/IronForgedGames/Project_Tether/Project_Tether/Content/IronForgedGames/Implementation/Gameplay/System/Tools/Pickups/BaseToolPickup.uasset)
[2019.07.31-22.25.36:844][  0]LogLinker: Error: HOTRELOADED_ToolData_1 has an inappropriate outermost, it was probably saved with a deprecated outer (file: ../../../../../Projects/IronForgedGames/Project_Tether/Project_Tether/Content/IronForgedGames/Implementation/Gameplay/System/Tools/Pickups/BaseToolPickup.uasset)
[2019.07.31-22.25.37:668][  0]LogMaterial: Display: Missing cached shader map for material Red, compiling. 
[2019.07.31-22.25.37:964][  0]LogShaderCompilers: Display: Shaders left to compile 60
[2019.07.31-22.25.37:964][  0]LogShaderCompilers: Display: Shaders left to compile 50
[2019.07.31-22.25.37:965][  0]LogShaderCompilers: Display: Shaders left to compile 40
[2019.07.31-22.25.37:965][  0]LogShaderCompilers: Display: Shaders left to compile 30
[2019.07.31-22.25.37:965][  0]LogShaderCompilers: Display: Shaders left to compile 20
[2019.07.31-22.25.37:965][  0]LogShaderCompilers: Display: Shaders left to compile 10
[2019.07.31-22.25.37:965][  0]LogMaterial: Display: Missing cached shader map for material Green, compiling. 
[2019.07.31-22.25.37:991][  0]LogMaterial: Display: Missing cached shader map for material Blue, compiling. 
[2019.07.31-22.25.38:152][  0]LogShaderCompilers: Display: Shaders left to compile 82
[2019.07.31-22.25.38:152][  0]LogShaderCompilers: Display: Shaders left to compile 72
[2019.07.31-22.25.38:152][  0]LogShaderCompilers: Display: Shaders left to compile 62
[2019.07.31-22.25.38:152][  0]LogAIModule: Creating AISystem for world ThirdPersonExampleMap
[2019.07.31-22.25.38:256][  0]LogEditorServer: Finished looking for orphan Actors (0.000 secs)
[2019.07.31-22.25.38:278][  0]Cmd: MAP CHECKDEP NOCLEARLOG
[2019.07.31-22.25.38:322][  0]MapCheck: Map check complete: 0 Error(s), 0 Warning(s), took 44.366ms to complete.
[2019.07.31-22.25.38:323][  0]LogFileHelpers: Loading map 'ThirdPersonExampleMap' took 2.039
[2019.07.31-22.25.38:566][  0]LogSlate: Updating window title bar state: overlay mode, drag disabled, window buttons hidden, title bar hidden
[2019.07.31-22.25.38:572][  0]LogSlate: Updating window title bar state: overlay mode, drag disabled, window buttons hidden, title bar hidden
[2019.07.31-22.25.38:578][  0]LogSlate: Updating window title bar state: overlay mode, drag disabled, window buttons hidden, title bar hidden
[2019.07.31-22.25.38:583][  0]LogSlate: Updating window title bar state: overlay mode, drag disabled, window buttons hidden, title bar hidden
[2019.07.31-22.25.38:611][  0]LogCollectionManager: Loaded 0 collections in 0.000766 seconds
[2019.07.31-22.25.38:682][  0]LogFileCache: Scanning file cache for directory 'E:/Projects/IronForgedGames/Project_Tether/Project_Tether/Saved/Collections/' took 0.01s
[2019.07.31-22.25.38:682][  0]LogFileCache: Scanning file cache for directory 'E:/Projects/IronForgedGames/Project_Tether/Project_Tether/Content/Developers/AaronsDesktop/Collections/' took 0.01s
[2019.07.31-22.25.38:682][  0]LogFileCache: Scanning file cache for directory 'E:/Projects/IronForgedGames/Project_Tether/Project_Tether/Content/Collections/' took 0.01s
[2019.07.31-22.25.38:682][  0]LogCollectionManager: Rebuilt the GUID cache for 0 collections in 0.000001 seconds
[2019.07.31-22.25.38:690][  0]LogContentBrowser: Native class hierarchy populated in 0.0075 seconds. Added 2602 classes and 621 folders.
[2019.07.31-22.25.38:808][  0]LogContentBrowser: Native class hierarchy updated for 'WidgetCarousel' in 0.0004 seconds. Added 0 classes and 0 folders.
[2019.07.31-22.25.40:492][  0]LogContentBrowser: Native class hierarchy updated for 'AddContentDialog' in 0.0006 seconds. Added 0 classes and 0 folders.
[2019.07.31-22.25.40:534][  0]LogContentBrowser: Native class hierarchy updated for 'SceneOutliner' in 0.0006 seconds. Added 1 classes and 2 folders.
[2019.07.31-22.25.42:781][  0]LogShaderCompilers: Display: Shaders left to compile 52
[2019.07.31-22.25.42:781][  0]LogShaderCompilers: Display: Shaders left to compile 42
[2019.07.31-22.25.42:782][  0]LogSlate: Only BGRA pngs, bmps or icos are supported in by External Image Picker
[2019.07.31-22.25.42:853][  0]LogShaderCompilers: Display: Shaders left to compile 32
[2019.07.31-22.25.42:853][  0]LogTemp: Executing iPhonePackager certificates Engine -bundlename com.YourCompany.ProjectTether
[2019.07.31-22.25.42:853][  0]LogTemp: CWD: E:\Epic Games Games\UE_4.20\Engine\Binaries\DotNET\IOS
[2019.07.31-22.25.42:853][  0]LogTemp: Initial Dir: E:\Epic Games Games\UE_4.20
[2019.07.31-22.25.42:853][  0]LogTemp: Env CWD: E:\Epic Games Games\UE_4.20\Engine\Binaries\DotNET\IOS
[2019.07.31-22.25.42:853][  0]LogSlate: Took 0.016489 seconds to synchronously load lazily loaded font '../../../Engine/Content/Slate/Fonts/Roboto-Regular.ttf' (155K)
[2019.07.31-22.25.42:871][  0]LogTemp: BranchPath = AARONS-DESKTOP/E/Epic Games Games/UE_4.20/Engine/Binaries --- GameBranchPath = AARONS-DESKTOP/E/Epic Games Games/UE_4.20/Engine/Binaries
[2019.07.31-22.25.42:872][  0]LogSlate: Took 0.015174 seconds to synchronously load lazily loaded font '../../../Engine/Content/Slate/Fonts/Roboto-Bold.ttf' (160K)
[2019.07.31-22.25.42:893][  0]LogSlate: Took 0.015293 seconds to synchronously load lazily loaded font '../../../Engine/Content/Editor/Slate/Fonts/FontAwesome.ttf' (139K)
[2019.07.31-22.25.42:903][  0]LogSlate: Took 0.006567 seconds to synchronously load lazily loaded font '../../../Engine/Content/Slate/Fonts/DroidSansMono.ttf' (77K)
[2019.07.31-22.25.43:089][  0]LogShaderCompilers: Display: Shaders left to compile 22
[2019.07.31-22.25.43:089][  0]LogShaderCompilers: Display: Shaders left to compile 12
[2019.07.31-22.25.43:090][  0]LogTemp: IPP ERROR: Could not find provision directory 'C:\Users\Aaron's Desktop\AppData\Local/Apple Computer/MobileDevice/Provisioning Profiles/'.
[2019.07.31-22.25.43:090][  0]LogRenderer: Reallocating scene render targets to support 1232x480 Format 10 NumSamples 1 (Frame:1).
[2019.07.31-22.25.43:436][  0]LogContentBrowser: Native class hierarchy updated for 'HierarchicalLODOutliner' in 0.0006 seconds. Added 0 classes and 0 folders.
[2019.07.31-22.25.43:437][  0]LogLoad: (Engine Initialization) Total time: 34.38 seconds
[2019.07.31-22.25.43:437][  0]LogLoad: (Engine Initialization) Total Blueprint compile time: 0.00 seconds
[2019.07.31-22.25.43:503][  0]LogContentStreaming: Texture pool size now 1000 MB
[2019.07.31-22.25.43:583][  0]LogSlate: Took 0.008738 seconds to synchronously load lazily loaded font '../../../Engine/Content/Slate/Fonts/Roboto-Light.ttf' (167K)
[2019.07.31-22.25.43:656][  2]LogShaderCompilers: Display: Shaders left to compile 2
[2019.07.31-22.25.43:657][  2]LogAssetRegistry: Asset discovery search completed in 28.4157 seconds
[2019.07.31-22.25.43:660][  2]LogCollectionManager: Rebuilt the object cache for 0 collections in 0.000000 seconds (found 0 objects)
[2019.07.31-22.25.43:660][  2]LogCollectionManager: Fixed up redirectors for 0 collections in 0.000525 seconds (updated 0 objects)
[2019.07.31-22.28.04:447][750]LogSlate: FSceneViewport::OnFocusLost() reason 0
[2019.07.31-22.28.04:497][756]LogTemp: Repeating last play command: Selected Viewport
[2019.07.31-22.28.04:532][756]LogBlueprintUserMessages: Early PlayInEditor Detection: Level '/Game/IronForgedGames/Core/Entity/Test/ThirdPersonCPP/Maps/ThirdPersonExampleMap.ThirdPersonExampleMap:PersistentLevel' has LevelScriptBlueprint '/Game/IronForgedGames/Core/Entity/Test/ThirdPersonCPP/Maps/ThirdPersonExampleMap.ThirdPersonExampleMap:PersistentLevel.ThirdPersonExampleMap' with GeneratedClass '/Game/IronForgedGames/Core/Entity/Test/ThirdPersonCPP/Maps/ThirdPersonExampleMap.ThirdPersonExampleMap_C' with ClassGeneratedBy '/Game/IronForgedGames/Core/Entity/Test/ThirdPersonCPP/Maps/ThirdPersonExampleMap.ThirdPersonExampleMap:PersistentLevel.ThirdPersonExampleMap'
[2019.07.31-22.28.04:552][756]LogPlayLevel: PlayLevel: No blueprints needed recompiling
[2019.07.31-22.28.04:588][756]PIE: New page: PIE session: ThirdPersonExampleMap (Jul 31, 2019, 1:28:04 PM)
[2019.07.31-22.28.04:589][756]LogPlayLevel: Creating play world package: /Game/IronForgedGames/Core/Entity/Test/ThirdPersonCPP/Maps/UEDPIE_0_ThirdPersonExampleMap
[2019.07.31-22.28.04:651][756]LogPlayLevel: PIE: StaticDuplicateObject took: (0.061734s)
[2019.07.31-22.28.04:654][756]LogAIModule: Creating AISystem for world ThirdPersonExampleMap
[2019.07.31-22.28.04:655][756]LogPlayLevel: PIE: World Init took: (0.003240s)
[2019.07.31-22.28.04:656][756]LogPlayLevel: PIE: Created PIE world by copying editor world from /Game/IronForgedGames/Core/Entity/Test/ThirdPersonCPP/Maps/ThirdPersonExampleMap.ThirdPersonExampleMap to /Game/IronForgedGames/Core/Entity/Test/ThirdPersonCPP/Maps/UEDPIE_0_ThirdPersonExampleMap.ThirdPersonExampleMap (0.067094s)
[2019.07.31-22.28.04:719][756]LogInit: XAudio2 using 'Speakers (2- USB PnP Audio Device)' : 2 channels at 48 kHz using 16 bits per sample (channel mask 0x3)
[2019.07.31-22.28.04:728][756]LogInit: FAudioDevice initialized.
[2019.07.31-22.28.04:779][756]LogLoad: Game class is 'GameMode'
[2019.07.31-22.28.04:801][756]LogWorld: Bringing World /Game/IronForgedGames/Core/Entity/Test/ThirdPersonCPP/Maps/UEDPIE_0_ThirdPersonExampleMap.ThirdPersonExampleMap up for play (max tick rate 0) at 2019.07.31-18.28.04
[2019.07.31-22.28.04:823][756]LogWorld: Bringing up level for play took: 0.036200
[2019.07.31-22.28.04:880][756]LogContentBrowser: Native class hierarchy updated for 'MovieSceneCapture' in 0.0008 seconds. Added 10 classes and 0 folders.
[2019.07.31-22.28.04:882][756]LogGameMode: Display: Match State Changed from EnteringMap to WaitingToStart
[2019.07.31-22.28.04:883][756]LogGameState: Match State Changed from EnteringMap to WaitingToStart
[2019.07.31-22.28.04:884][756]LogGameMode: Display: Match State Changed from WaitingToStart to InProgress
[2019.07.31-22.28.04:885][756]LogTemp: Error: Health stat was found, the Vitals will not work
[2019.07.31-22.28.04:886][756]LogGameState: Match State Changed from WaitingToStart to InProgress
[2019.07.31-22.28.04:886][756]PIE: Play in editor start time for /Game/IronForgedGames/Core/Entity/Test/ThirdPersonCPP/Maps/UEDPIE_0_ThirdPersonExampleMap 0.219
[2019.07.31-22.28.04:887][756]LogBlueprintUserMessages: Late PlayInEditor Detection: Level '/Game/IronForgedGames/Core/Entity/Test/ThirdPersonCPP/Maps/ThirdPersonExampleMap.ThirdPersonExampleMap:PersistentLevel' has LevelScriptBlueprint '/Game/IronForgedGames/Core/Entity/Test/ThirdPersonCPP/Maps/ThirdPersonExampleMap.ThirdPersonExampleMap:PersistentLevel.ThirdPersonExampleMap' with GeneratedClass '/Game/IronForgedGames/Core/Entity/Test/ThirdPersonCPP/Maps/ThirdPersonExampleMap.ThirdPersonExampleMap_C' with ClassGeneratedBy '/Game/IronForgedGames/Core/Entity/Test/ThirdPersonCPP/Maps/ThirdPersonExampleMap.ThirdPersonExampleMap:PersistentLevel.ThirdPersonExampleMap'
[2019.07.31-22.28.06:757][947]LogBlueprintUserMessages: Early EndPlayMap Detection: Level '/Game/IronForgedGames/Core/Entity/Test/ThirdPersonCPP/Maps/ThirdPersonExampleMap.ThirdPersonExampleMap:PersistentLevel' has LevelScriptBlueprint '/Game/IronForgedGames/Core/Entity/Test/ThirdPersonCPP/Maps/ThirdPersonExampleMap.ThirdPersonExampleMap:PersistentLevel.ThirdPersonExampleMap' with GeneratedClass '/Game/IronForgedGames/Core/Entity/Test/ThirdPersonCPP/Maps/ThirdPersonExampleMap.ThirdPersonExampleMap_C' with ClassGeneratedBy '/Game/IronForgedGames/Core/Entity/Test/ThirdPersonCPP/Maps/ThirdPersonExampleMap.ThirdPersonExampleMap:PersistentLevel.ThirdPersonExampleMap'
[2019.07.31-22.28.06:772][947]LogSlate: Updating window title bar state: overlay mode, drag disabled, window buttons hidden, title bar hidden
[2019.07.31-22.28.06:826][947]LogPlayLevel: Display: Shutting down PIE online subsystems
[2019.07.31-22.28.06:827][947]LogBlueprintUserMessages: Late EndPlayMap Detection: Level '/Game/IronForgedGames/Core/Entity/Test/ThirdPersonCPP/Maps/ThirdPersonExampleMap.ThirdPersonExampleMap:PersistentLevel' has LevelScriptBlueprint '/Game/IronForgedGames/Core/Entity/Test/ThirdPersonCPP/Maps/ThirdPersonExampleMap.ThirdPersonExampleMap:PersistentLevel.ThirdPersonExampleMap' with GeneratedClass '/Game/IronForgedGames/Core/Entity/Test/ThirdPersonCPP/Maps/ThirdPersonExampleMap.ThirdPersonExampleMap_C' with ClassGeneratedBy '/Game/IronForgedGames/Core/Entity/Test/ThirdPersonCPP/Maps/ThirdPersonExampleMap.ThirdPersonExampleMap:PersistentLevel.ThirdPersonExampleMap'
[2019.07.31-22.28.06:882][947]LogSlate: Updating window title bar state: overlay mode, drag disabled, window buttons hidden, title bar hidden
[2019.07.31-22.28.06:904][948]LogPlayLevel: Display: Destroying online subsystem :Context_2
[2019.07.31-22.28.07:836][ 60]LogSlate: FSceneViewport::OnFocusLost() reason 0
[2019.07.31-22.28.18:589][336]LogSlate: FSceneViewport::OnFocusLost() reason 0
[2019.07.31-22.28.33:097][ 53]LogSavePackage: Moving '../../../../../Projects/IronForgedGames/Project_Tether/Project_Tether/Saved/Currency79FEF3584055357EE7E34AA1E1B3645C.tmp' to '../../../../../Projects/IronForgedGames/Project_Tether/Project_Tether/Content/IronForgedGames/Implementation/Gameplay/System/Item/Categories/Currency.uasset'
[2019.07.31-22.28.33:276][ 53]LogSavePackage: Moving '../../../../../Projects/IronForgedGames/Project_Tether/Project_Tether/Saved/Gold9BD64BBE4791E653596FE5A7326C5983.tmp' to '../../../../../Projects/IronForgedGames/Project_Tether/Project_Tether/Content/IronForgedGames/Implementation/Gameplay/System/Item/Items/Currency/Gold.uasset'
[2019.07.31-22.28.52:816][378]LogMetaData: Removing '/Game/IronForgedGames/Implementation/Gameplay/System/Tool/Pickups/BaseToolPickup.BaseToolPickup_C' ref from Metadata '/Game/IronForgedGames/Implementation/Gameplay/System/Tools/Pickups/BaseToolPickup.PackageMetaData'
[2019.07.31-22.28.52:816][378]LogMetaData: Removing '/Game/IronForgedGames/Implementation/Gameplay/System/Tool/Pickups/BaseToolPickup.BaseToolPickup:UserConstructionScript.K2Node_FunctionEntry_0' ref from Metadata '/Game/IronForgedGames/Implementation/Gameplay/System/Tools/Pickups/BaseToolPickup.PackageMetaData'
[2019.07.31-22.28.52:817][378]LogMetaData: Removing '/Game/IronForgedGames/Implementation/Gameplay/System/Tool/Pickups/BaseToolPickup.BaseToolPickup:EventGraph.K2Node_Event_1' ref from Metadata '/Game/IronForgedGames/Implementation/Gameplay/System/Tools/Pickups/BaseToolPickup.PackageMetaData'
[2019.07.31-22.28.52:817][378]LogMetaData: Removing '/Game/IronForgedGames/Implementation/Gameplay/System/Tool/Pickups/BaseToolPickup.SKEL_BaseToolPickup_C:ReceiveActorBeginOverlap' ref from Metadata '/Game/IronForgedGames/Implementation/Gameplay/System/Tools/Pickups/BaseToolPickup.PackageMetaData'
[2019.07.31-22.28.52:818][378]LogMetaData: Removing '/Game/IronForgedGames/Implementation/Gameplay/System/Tool/Pickups/BaseToolPickup.SKEL_BaseToolPickup_C:DefaultSceneRoot' ref from Metadata '/Game/IronForgedGames/Implementation/Gameplay/System/Tools/Pickups/BaseToolPickup.PackageMetaData'
[2019.07.31-22.28.52:818][378]LogMetaData: Removing '/Game/IronForgedGames/Implementation/Gameplay/System/Tool/Pickups/BaseToolPickup.SKEL_BaseToolPickup_C:PickupMesh' ref from Metadata '/Game/IronForgedGames/Implementation/Gameplay/System/Tools/Pickups/BaseToolPickup.PackageMetaData'
[2019.07.31-22.28.52:819][378]LogMetaData: Removing '/Game/IronForgedGames/Implementation/Gameplay/System/Tool/Pickups/BaseToolPickup.SKEL_BaseToolPickup_C:PointLight' ref from Metadata '/Game/IronForgedGames/Implementation/Gameplay/System/Tools/Pickups/BaseToolPickup.PackageMetaData'
[2019.07.31-22.28.52:819][378]LogMetaData: Removing '/Game/IronForgedGames/Implementation/Gameplay/System/Tool/Pickups/BaseToolPickup.SKEL_BaseToolPickup_C:UserConstructionScript' ref from Metadata '/Game/IronForgedGames/Implementation/Gameplay/System/Tools/Pickups/BaseToolPickup.PackageMetaData'
[2019.07.31-22.28.52:820][378]LogMetaData: Removing '/Game/IronForgedGames/Implementation/Gameplay/System/Tool/Pickups/BaseToolPickup.SKEL_BaseToolPickup_C' ref from Metadata '/Game/IronForgedGames/Implementation/Gameplay/System/Tools/Pickups/BaseToolPickup.PackageMetaData'
[2019.07.31-22.28.52:820][378]LogMetaData: Removing '/Game/IronForgedGames/Implementation/Gameplay/System/Tool/Pickups/BaseToolPickup.BaseToolPickup_C:DefaultSceneRoot' ref from Metadata '/Game/IronForgedGames/Implementation/Gameplay/System/Tools/Pickups/BaseToolPickup.PackageMetaData'
[2019.07.31-22.28.52:820][378]LogMetaData: Removing '/Game/IronForgedGames/Implementation/Gameplay/System/Tool/Pickups/BaseToolPickup.BaseToolPickup_C:PickupMesh' ref from Metadata '/Game/IronForgedGames/Implementation/Gameplay/System/Tools/Pickups/BaseToolPickup.PackageMetaData'
[2019.07.31-22.28.52:821][378]LogMetaData: Removing '/Game/IronForgedGames/Implementation/Gameplay/System/Tool/Pickups/BaseToolPickup.BaseToolPickup_C:PointLight' ref from Metadata '/Game/IronForgedGames/Implementation/Gameplay/System/Tools/Pickups/BaseToolPickup.PackageMetaData'
[2019.07.31-22.28.52:821][378]LogMetaData: Removing '/Game/IronForgedGames/Implementation/Gameplay/System/Tool/Pickups/BaseToolPickup.BaseToolPickup_C:ReceiveActorBeginOverlap' ref from Metadata '/Game/IronForgedGames/Implementation/Gameplay/System/Tools/Pickups/BaseToolPickup.PackageMetaData'
[2019.07.31-22.28.52:822][378]LogMetaData: Removing '/Game/IronForgedGames/Implementation/Gameplay/System/Tool/Pickups/BaseToolPickup.BaseToolPickup_C:UserConstructionScript' ref from Metadata '/Game/IronForgedGames/Implementation/Gameplay/System/Tools/Pickups/BaseToolPickup.PackageMetaData'
[2019.07.31-22.28.52:830][378]LogMetaData: Removing '/Game/IronForgedGames/Implementation/Gameplay/System/Tool/Pickups/CommonToolPickup.CommonToolPickup:UserConstructionScript.K2Node_FunctionEntry_0' ref from Metadata '/Game/IronForgedGames/Implementation/Gameplay/System/Tools/Pickups/CommonToolPickup.PackageMetaData'
[2019.07.31-22.28.52:831][378]LogMetaData: Removing '/Game/IronForgedGames/Implementation/Gameplay/System/Tool/Pickups/CommonToolPickup.CommonToolPickup_C' ref from Metadata '/Game/IronForgedGames/Implementation/Gameplay/System/Tools/Pickups/CommonToolPickup.PackageMetaData'
[2019.07.31-22.28.52:831][378]LogMetaData: Removing '/Game/IronForgedGames/Implementation/Gameplay/System/Tool/Pickups/CommonToolPickup.CommonToolPickup:EventGraph.K2Node_Event_0' ref from Metadata '/Game/IronForgedGames/Implementation/Gameplay/System/Tools/Pickups/CommonToolPickup.PackageMetaData'
[2019.07.31-22.28.52:832][378]LogMetaData: Removing '/Game/IronForgedGames/Implementation/Gameplay/System/Tool/Pickups/CommonToolPickup.CommonToolPickup:EventGraph.K2Node_Event_1' ref from Metadata '/Game/IronForgedGames/Implementation/Gameplay/System/Tools/Pickups/CommonToolPickup.PackageMetaData'
[2019.07.31-22.28.52:832][378]LogMetaData: Removing '/Game/IronForgedGames/Implementation/Gameplay/System/Tool/Pickups/CommonToolPickup.CommonToolPickup:EventGraph.K2Node_CallParentFunction_0' ref from Metadata '/Game/IronForgedGames/Implementation/Gameplay/System/Tools/Pickups/CommonToolPickup.PackageMetaData'
[2019.07.31-22.28.52:833][378]LogMetaData: Removing '/Game/IronForgedGames/Implementation/Gameplay/System/Tool/Pickups/CommonToolPickup.CommonToolPickup:EventGraph.K2Node_Event_2' ref from Metadata '/Game/IronForgedGames/Implementation/Gameplay/System/Tools/Pickups/CommonToolPickup.PackageMetaData'
[2019.07.31-22.28.52:833][378]LogMetaData: Removing '/Game/IronForgedGames/Implementation/Gameplay/System/Tool/Pickups/CommonToolPickup.SKEL_CommonToolPickup_C:ReceiveBeginPlay' ref from Metadata '/Game/IronForgedGames/Implementation/Gameplay/System/Tools/Pickups/CommonToolPickup.PackageMetaData'
[2019.07.31-22.28.52:834][378]LogMetaData: Removing '/Game/IronForgedGames/Implementation/Gameplay/System/Tool/Pickups/CommonToolPickup.SKEL_CommonToolPickup_C:ReceiveActorBeginOverlap' ref from Metadata '/Game/IronForgedGames/Implementation/Gameplay/System/Tools/Pickups/CommonToolPickup.PackageMetaData'
[2019.07.31-22.28.52:834][378]LogMetaData: Removing '/Game/IronForgedGames/Implementation/Gameplay/System/Tool/Pickups/CommonToolPickup.SKEL_CommonToolPickup_C:ReceiveTick' ref from Metadata '/Game/IronForgedGames/Implementation/Gameplay/System/Tools/Pickups/CommonToolPickup.PackageMetaData'
[2019.07.31-22.28.52:834][378]LogMetaData: Removing '/Game/IronForgedGames/Implementation/Gameplay/System/Tool/Pickups/CommonToolPickup.SKEL_CommonToolPickup_C:rarity' ref from Metadata '/Game/IronForgedGames/Implementation/Gameplay/System/Tools/Pickups/CommonToolPickup.PackageMetaData'
[2019.07.31-22.28.52:835][378]LogMetaData: Removing '/Game/IronForgedGames/Implementation/Gameplay/System/Tool/Pickups/CommonToolPickup.SKEL_CommonToolPickup_C:UserConstructionScript' ref from Metadata '/Game/IronForgedGames/Implementation/Gameplay/System/Tools/Pickups/CommonToolPickup.PackageMetaData'
[2019.07.31-22.28.52:835][378]LogMetaData: Removing '/Game/IronForgedGames/Implementation/Gameplay/System/Tool/Pickups/CommonToolPickup.SKEL_CommonToolPickup_C' ref from Metadata '/Game/IronForgedGames/Implementation/Gameplay/System/Tools/Pickups/CommonToolPickup.PackageMetaData'
[2019.07.31-22.28.52:836][378]LogMetaData: Removing '/Game/IronForgedGames/Implementation/Gameplay/System/Tool/Pickups/CommonToolPickup.CommonToolPickup_C:rarity' ref from Metadata '/Game/IronForgedGames/Implementation/Gameplay/System/Tools/Pickups/CommonToolPickup.PackageMetaData'
[2019.07.31-22.28.52:836][378]LogMetaData: Removing '/Game/IronForgedGames/Implementation/Gameplay/System/Tool/Pickups/CommonToolPickup.CommonToolPickup_C:UserConstructionScript' ref from Metadata '/Game/IronForgedGames/Implementation/Gameplay/System/Tools/Pickups/CommonToolPickup.PackageMetaData'
[2019.07.31-22.28.52:921][378]LogSavePackage: Moving '../../../../../Projects/IronForgedGames/Project_Tether/Project_Tether/Saved/BasePickupMaterial670C2BE7401E5DCB6676C1B6FF9E3C7E.tmp' to '../../../../../Projects/IronForgedGames/Project_Tether/Project_Tether/Content/IronForgedGames/Implementation/Gameplay/System/Tool/Pickups/Materials/BasePickupMaterial.uasset'
[2019.07.31-22.28.52:933][378]LogSavePackage: Moving '../../../../../Projects/IronForgedGames/Project_Tether/Project_Tether/Saved/TestSwordToolB45A866548AAC39B7C5539BC1510120E.tmp' to '../../../../../Projects/IronForgedGames/Project_Tether/Project_Tether/Content/IronForgedGames/Implementation/Gameplay/System/Tool/ToolAssets/Weapons/Warrior/TestSwordTool.uasset'
[2019.07.31-22.28.53:006][378]LogSavePackage: Moving '../../../../../Projects/IronForgedGames/Project_Tether/Project_Tether/Saved/BaseToolPickup27A1844F40DC90A591E5CDA821AC5BC7.tmp' to '../../../../../Projects/IronForgedGames/Project_Tether/Project_Tether/Content/IronForgedGames/Implementation/Gameplay/System/Tool/Pickups/BaseToolPickup.uasset'
[2019.07.31-22.28.53:027][378]LogSavePackage: Moving '../../../../../Projects/IronForgedGames/Project_Tether/Project_Tether/Saved/BaseToolPickup5C3DCFC64FCC38773A712A8921B91676.tmp' to '../../../../../Projects/IronForgedGames/Project_Tether/Project_Tether/Content/IronForgedGames/Implementation/Gameplay/System/Tools/Pickups/BaseToolPickup.uasset'
[2019.07.31-22.28.53:060][378]LogSavePackage: Moving '../../../../../Projects/IronForgedGames/Project_Tether/Project_Tether/Saved/CommonToolPickup805A485E4843D65167520493C51BFA47.tmp' to '../../../../../Projects/IronForgedGames/Project_Tether/Project_Tether/Content/IronForgedGames/Implementation/Gameplay/System/Tool/Pickups/CommonToolPickup.uasset'
[2019.07.31-22.28.53:070][378]LogSavePackage: Moving '../../../../../Projects/IronForgedGames/Project_Tether/Project_Tether/Saved/StraigthSwordE9F442594357A26B68F6CEA84FB8D1DC.tmp' to '../../../../../Projects/IronForgedGames/Project_Tether/Project_Tether/Content/IronForgedGames/Implementation/Gameplay/System/Tool/ToolAssets/Weapons/WeaponTypes/StraigthSword.uasset'
[2019.07.31-22.28.53:082][378]LogSavePackage: Moving '../../../../../Projects/IronForgedGames/Project_Tether/Project_Tether/Saved/TestToolDatabaseBB52F8FE4781CB78A63FCCA781B64553.tmp' to '../../../../../Projects/IronForgedGames/Project_Tether/Project_Tether/Content/IronForgedGames/Implementation/Gameplay/System/Tool/ToolDatabases/TestToolDatabase.uasset'
[2019.07.31-22.28.56:254][710]LogSavePackage: Moving '../../../../../Projects/IronForgedGames/Project_Tether/Project_Tether/Saved/StraigthSwordD78EF34447DB26C7051093A721C21991.tmp' to '../../../../../Projects/IronForgedGames/Project_Tether/Project_Tether/Content/IronForgedGames/Implementation/Gameplay/System/Tool/ToolAsset/Weapons/WeaponTypes/StraigthSword.uasset'
[2019.07.31-22.28.56:265][710]LogSavePackage: Moving '../../../../../Projects/IronForgedGames/Project_Tether/Project_Tether/Saved/TestSwordTool91D9896C472B3E127E84F89C88BCD693.tmp' to '../../../../../Projects/IronForgedGames/Project_Tether/Project_Tether/Content/IronForgedGames/Implementation/Gameplay/System/Tool/ToolAsset/Weapons/Warrior/TestSwordTool.uasset'
[2019.07.31-22.28.56:471][710]LogSavePackage: Moving '../../../../../Projects/IronForgedGames/Project_Tether/Project_Tether/Saved/BaseToolPickup0F89A8114CBDCFC33D74DEBD4D9F70F6.tmp' to '../../../../../Projects/IronForgedGames/Project_Tether/Project_Tether/Content/IronForgedGames/Implementation/Gameplay/System/Tool/Pickups/BaseToolPickup.uasset'
[2019.07.31-22.29.06:286][877]LogAssetEditorManager: Opening Asset editor for E_DamageType /Game/IronForgedGames/Implementation/Gameplay/System/Vitals/DamageType/PhysicalDamage.PhysicalDamage
[2019.07.31-22.29.14:623][452]LogSlate: Window 'PhysicalDamage - Generic Asset Editor' being destroyed
[2019.07.31-22.29.14:627][452]LogSlate: Window 'PhysicalDamage - Generic Asset Editor' being destroyed
