Log file open, 07/31/19 09:02:57
LogWindows: Failed to load 'aqProf.dll' (GetLastError=126)
LogWindows: File 'aqProf.dll' does not exist
LogWindows: Failed to load 'VSPerf140.dll' (GetLastError=126)
LogWindows: File 'VSPerf140.dll' does not exist
LogWindows: Failed to load 'VtuneApi.dll' (GetLastError=126)
LogWindows: File 'VtuneApi.dll' does not exist
LogWindows: Failed to load 'VtuneApi32e.dll' (GetLastError=126)
LogWindows: File 'VtuneApi32e.dll' does not exist
LogInit: Display: Running engine for game: Project_Tether
LogPlatformFile: Not using cached read wrapper
LogTaskGraph: Started task graph with 5 named threads and 23 total threads with 3 sets of task threads.
LogStats: Stats thread started at 0.384627
LogD3D11RHI: Loaded GFSDK_Aftermath_Lib.x64.dll
LogICUInternationalization: Display: ICU TimeZone Detection - Raw Offset: -5:00, Platform Override: ''
LogPluginManager: Mounting plugin Paper2D
LogPluginManager: Mounting plugin AISupport
LogPluginManager: Mounting plugin LightPropagationVolume
LogPluginManager: Mounting plugin CLionSourceCodeAccess
LogPluginManager: Mounting plugin CodeLiteSourceCodeAccess
LogPluginManager: Mounting plugin GitSourceControl
LogPluginManager: Mounting plugin KDevelopSourceCodeAccess
LogPluginManager: Mounting plugin NullSourceCodeAccess
LogPluginManager: Mounting plugin PerforceSourceControl
LogPluginManager: Mounting plugin SubversionSourceControl
LogPluginManager: Mounting plugin UObjectPlugin
LogPluginManager: Mounting plugin VisualStudioCodeSourceCodeAccess
LogPluginManager: Mounting plugin VisualStudioSourceCodeAccess
LogPluginManager: Mounting plugin XCodeSourceCodeAccess
LogPluginManager: Mounting plugin AssetManagerEditor
LogPluginManager: Mounting plugin CryptoKeys
LogPluginManager: Mounting plugin DataValidation
LogPluginManager: Mounting plugin FacialAnimation
LogPluginManager: Mounting plugin GameplayTagsEditor
LogPluginManager: Mounting plugin MacGraphicsSwitching
LogPluginManager: Mounting plugin MeshEditor
LogPluginManager: Mounting plugin MobileLauncherProfileWizard
LogPluginManager: Mounting plugin PluginBrowser
LogPluginManager: Mounting plugin SpeedTreeImporter
LogPluginManager: Mounting plugin DatasmithContent
LogPluginManager: Mounting plugin AlembicImporter
LogPluginManager: Mounting plugin AppleImageUtils
LogPluginManager: Mounting plugin AppleVision
LogPluginManager: Mounting plugin BackChannel
LogPluginManager: Mounting plugin CharacterAI
LogPluginManager: Mounting plugin GeometryCache
LogPluginManager: Mounting plugin HTML5Networking
LogPluginManager: Mounting plugin ProxyLODPlugin
LogPluginManager: Mounting plugin MagicLeap
LogPluginManager: Mounting plugin MagicLeapEmulator
LogPluginManager: Mounting plugin MagicLeapMedia
LogPluginManager: Mounting plugin AndroidMedia
LogPluginManager: Mounting plugin AvfMedia
LogPluginManager: Mounting plugin ImgMedia
LogPluginManager: Mounting plugin LinearTimecode
LogPluginManager: Mounting plugin MediaCompositing
LogPluginManager: Mounting plugin MediaPlayerEditor
LogPluginManager: Mounting plugin WmfMedia
LogPluginManager: Mounting plugin TcpMessaging
LogPluginManager: Mounting plugin UdpMessaging
LogPluginManager: Mounting plugin ActorSequence
LogPluginManager: Mounting plugin LevelSequenceEditor
LogPluginManager: Mounting plugin MatineeToLevelSequence
LogPluginManager: Mounting plugin NetcodeUnitTest
LogPluginManager: Mounting plugin NUTUnrealEngine4
LogPluginManager: Mounting plugin OnlineSubsystemGooglePlay
LogPluginManager: Mounting plugin OnlineSubsystemIOS
LogPluginManager: Mounting plugin OnlineSubsystem
LogPluginManager: Mounting plugin OnlineSubsystemNull
LogPluginManager: Mounting plugin OnlineSubsystemUtils
LogPluginManager: Mounting plugin LauncherChunkInstaller
LogPluginManager: Mounting plugin AndroidDeviceProfileSelector
LogPluginManager: Mounting plugin AndroidMoviePlayer
LogPluginManager: Mounting plugin AndroidPermission
LogPluginManager: Mounting plugin AppleMoviePlayer
LogPluginManager: Mounting plugin ArchVisCharacter
LogPluginManager: Mounting plugin AudioCapture
LogPluginManager: Mounting plugin CableComponent
LogPluginManager: Mounting plugin CustomMeshComponent
LogPluginManager: Mounting plugin EditableMesh
LogPluginManager: Mounting plugin ExampleDeviceProfileSelector
LogPluginManager: Mounting plugin GoogleCloudMessaging
LogPluginManager: Mounting plugin ImmediatePhysics
LogPluginManager: Mounting plugin IOSDeviceProfileSelector
LogPluginManager: Mounting plugin LinuxDeviceProfileSelector
LogPluginManager: Mounting plugin LocationServicesBPLibrary
LogPluginManager: Mounting plugin MobilePatchingUtils
LogPluginManager: Mounting plugin OculusVR
LogPluginManager: Plugin shader directory ../../../Engine/Plugins/Runtime/Oculus/OculusVR/Shaders found
LogPluginManager: Mapping shader source directory ../../../Engine/Plugins/Runtime/Oculus/OculusVR/Shaders to virtual directory /Plugin/OculusVR
LogPluginManager: Mounting plugin PhysXVehicles
LogPluginManager: Mounting plugin ProceduralMeshComponent
LogPluginManager: Mounting plugin RuntimePhysXCooking
LogPluginManager: Mounting plugin SteamVR
LogPluginManager: Mounting plugin WindowsMoviePlayer
LogStreaming: Display: Took  0.106s to configure plugins.
LogInit: Using libcurl 7.55.1-DEV
LogInit:  - built for x86_64-pc-win32
LogInit:  - supports SSL with OpenSSL/1.0.2h
LogInit:  - supports HTTP deflate (compression) using libz 1.2.8
LogInit:  - other features:
LogInit:      CURL_VERSION_SSL
LogInit:      CURL_VERSION_LIBZ
LogInit:      CURL_VERSION_IPV6
LogInit:      CURL_VERSION_ASYNCHDNS
LogInit:      CURL_VERSION_LARGEFILE
LogInit:      CURL_VERSION_IDN
LogInit:  CurlRequestOptions (configurable via config and command line):
LogInit:  - bVerifyPeer = false  - Libcurl will NOT verify peer certificate
LogInit:  - bUseHttpProxy = false  - Libcurl will NOT use HTTP proxy
LogInit:  - bDontReuseConnections = false  - Libcurl will reuse connections
LogInit:  - CertBundlePath = nullptr  - Libcurl will use whatever was configured at build time.
LogInit:  - MaxHostConnections = 16  - Libcurl will limit the number of connections to a host
LogInit:  - LocalHostAddr = Default
LogInit:  - BufferSize = 65536
LogInit: WinSock: version 1.1 (2.2), MaxSocks=32767, MaxUdp=65467
LogInit: Build: ++UE4+Release-4.20-CL-4369336
LogInit: Engine Version: 4.20.3-4369336+++UE4+Release-4.20
LogInit: Compatible Engine Version: 4.20.0-4212847+++UE4+Release-4.20
LogInit: Net CL: 4212847
LogInit: OS: Windows 10 (), CPU: Intel(R) Core(TM) i7-6700 CPU @ 3.40GHz, GPU: NVIDIA GeForce GTX 1060 6GB
LogInit: Compiled (64-bit): Sep 17 2018 12:26:19
LogInit: Compiled with Visual C++: 19.13.26129.00
LogInit: Build Configuration: Development
LogInit: Branch Name: ++UE4+Release-4.20
LogInit: Command Line:  -skipcompile
LogInit: Base Directory: E:/Epic Games/UE_4.20/Engine/Binaries/Win64/
LogInit: Installed Engine Build: 1
LogDevObjectVersion: Number of dev versions registered: 20
LogDevObjectVersion:   Dev-Blueprints (B0D832E4-1F89-4F0D-ACCF-7EB736FD4AA2): 10
LogDevObjectVersion:   Dev-Build (E1C64328-A22C-4D53-A36C-8E866417BD8C): 0
LogDevObjectVersion:   Dev-Core (375EC13C-06E4-48FB-B500-84F0262A717E): 2
LogDevObjectVersion:   Dev-Editor (E4B068ED-F494-42E9-A231-DA0B2E46BB41): 24
LogDevObjectVersion:   Dev-Framework (CFFC743F-43B0-4480-9391-14DF171D2073): 34
LogDevObjectVersion:   Dev-Mobile (B02B49B5-BB20-44E9-A304-32B752E40360): 2
LogDevObjectVersion:   Dev-Networking (A4E4105C-59A1-49B5-A7C5-40C4547EDFEE): 0
LogDevObjectVersion:   Dev-Online (39C831C9-5AE6-47DC-9A44-9C173E1C8E7C): 0
LogDevObjectVersion:   Dev-Physics (78F01B33-EBEA-4F98-B9B4-84EACCB95AA2): 0
LogDevObjectVersion:   Dev-Platform (6631380F-2D4D-43E0-8009-CF276956A95A): 0
LogDevObjectVersion:   Dev-Rendering (12F88B9F-8875-4AFC-A67C-D90C383ABD29): 26
LogDevObjectVersion:   Dev-Sequencer (7B5AE74C-D270-4C10-A958-57980B212A5A): 9
LogDevObjectVersion:   Dev-VR (D7296918-1DD6-4BDD-9DE2-64A83CC13884): 2
LogDevObjectVersion:   Dev-LoadTimes (C2A15278-BFE7-4AFE-6C17-90FF531DF755): 1
LogDevObjectVersion:   Private-Geometry (6EACA3D4-40EC-4CC1-B786-8BED09428FC5): 3
LogDevObjectVersion:   Dev-AnimPhys (29E575DD-E0A3-4627-9D10-D276232CDCEA): 17
LogDevObjectVersion:   Dev-ReflectionCapture (6B266CEC-1EC7-4B8F-A30B-E4D90942FC07): 1
LogDevObjectVersion:   Dev-Automation (0DF73D61-A23F-47EA-B727-89E90C41499A): 1
LogDevObjectVersion:   FortniteMain (601D1886-AC64-4F84-AA16-D3DE0DEAC7D6): 12
LogDevObjectVersion:   Dev-Enterprise (9DFFBCD6-494F-0158-E221-12823C92A888): 1
LogStreaming: Display: Took  0.002s to delete old logs.
LogInit: Presizing for max 8388607 objects, including 0 objects not considered by GC, pre-allocating 0 bytes for permanent pool.
LogInit: Object subsystem initialized
[2019.07.31-13.02.58:141][  0]LogInit: Selected Device Profile: [Windows]
[2019.07.31-13.02.58:141][  0]LogInit: Applying CVar settings loaded from the selected device profile: [Windows]
[2019.07.31-13.02.58:149][  0]LogHAL: Display: Platform has ~ 32 GB [34316865536 / 34359738368 / 32], which maps to Largest [LargestMinGB=32, LargerMinGB=12, DefaultMinGB=8, SmallerMinGB=6, SmallestMinGB=0)
[2019.07.31-13.02.58:149][  0]LogInit: Setting Device Profile CVar: [[r.Vulkan.UseRealUBs:1]]
[2019.07.31-13.02.58:149][  0]LogInit: Going up to parent DeviceProfile []
[2019.07.31-13.02.58:150][  0]LogInit: Computer: WSROLLER45
[2019.07.31-13.02.58:150][  0]LogInit: User: aaronhines
[2019.07.31-13.02.58:150][  0]LogInit: CPU Page size=4096, Cores=4
[2019.07.31-13.02.58:150][  0]LogInit: High frequency timer resolution =10.000000 MHz
[2019.07.31-13.02.58:150][  0]LogMemory: Memory total: Physical=32.0GB (32GB approx)
[2019.07.31-13.02.58:150][  0]LogMemory: Platform Memory Stats for Windows
[2019.07.31-13.02.58:150][  0]LogMemory: Process Physical Memory: 102.86 MB used, 102.86 MB peak
[2019.07.31-13.02.58:150][  0]LogMemory: Process Virtual Memory: 93.41 MB used, 93.41 MB peak
[2019.07.31-13.02.58:151][  0]LogMemory: Physical Memory: 11033.10 MB used,  21694.02 MB free, 32727.11 MB total
[2019.07.31-13.02.58:151][  0]LogMemory: Virtual Memory: 4616.47 MB used,  21694.02 MB free, 134217728.00 MB total
[2019.07.31-13.02.58:268][  0]LogInit: Using OS detected language (en-US).
[2019.07.31-13.02.58:268][  0]LogInit: Using OS detected locale (en-US).
[2019.07.31-13.02.58:270][  0]LogTextLocalizationManager: No specific localization for 'en-US' exists, so the 'en' localization will be used.
[2019.07.31-13.02.58:622][  0]LogStreaming: Display: Took  0.354s to InitEngineTextLocalization.
[2019.07.31-13.02.58:623][  0]LogInit: Setting process to per monitor DPI aware
[2019.07.31-13.02.58:696][  0]LogSlate: New Slate User Created.  User Index 0, Is Virtual User: 0
[2019.07.31-13.02.58:696][  0]LogSlate: Slate User Registered.  User Index 0, Is Virtual User: 0
[2019.07.31-13.02.58:943][  0]LogHMD: Failed to initialize OpenVR with code 126
[2019.07.31-13.02.58:943][  0]LogD3D11RHI: D3D11 adapters:
[2019.07.31-13.02.59:027][  0]LogD3D11RHI:    0. 'NVIDIA GeForce GTX 1060 6GB' (Feature Level 11_0)
[2019.07.31-13.02.59:027][  0]LogD3D11RHI:       6052/0/16363 MB DedicatedVideo/DedicatedSystem/SharedSystem, Outputs:2, VendorId:0x10de
[2019.07.31-13.02.59:033][  0]LogD3D11RHI:    1. 'Microsoft Basic Render Driver' (Feature Level 11_0)
[2019.07.31-13.02.59:033][  0]LogD3D11RHI:       0/0/16363 MB DedicatedVideo/DedicatedSystem/SharedSystem, Outputs:0, VendorId:0x1414
[2019.07.31-13.02.59:033][  0]LogD3D11RHI: Chosen D3D11 Adapter: 0
[2019.07.31-13.02.59:042][  0]LogD3D11RHI: Creating new Direct3DDevice
[2019.07.31-13.02.59:042][  0]LogD3D11RHI:     GPU DeviceId: 0x1c03 (for the marketing name, search the web for "GPU Device Id")
[2019.07.31-13.02.59:042][  0]LogWindows: EnumDisplayDevices:
[2019.07.31-13.02.59:042][  0]LogWindows:    0. 'NVIDIA GeForce GTX 1060 6GB' (P:1 D:1)
[2019.07.31-13.02.59:043][  0]LogWindows:    1. 'NVIDIA GeForce GTX 1060 6GB' (P:0 D:1)
[2019.07.31-13.02.59:043][  0]LogWindows:    2. 'NVIDIA GeForce GTX 1060 6GB' (P:0 D:0)
[2019.07.31-13.02.59:044][  0]LogWindows:    3. 'NVIDIA GeForce GTX 1060 6GB' (P:0 D:0)
[2019.07.31-13.02.59:044][  0]LogWindows: DebugString: FoundDriverCount:4 
[2019.07.31-13.02.59:044][  0]LogD3D11RHI:     Adapter Name: NVIDIA GeForce GTX 1060 6GB
[2019.07.31-13.02.59:044][  0]LogD3D11RHI:   Driver Version: 425.31 (internal:25.21.14.2531, unified:425.31)
[2019.07.31-13.02.59:044][  0]LogD3D11RHI:      Driver Date: 4-9-2019
[2019.07.31-13.02.59:044][  0]LogRHI: Texture pool is 4236 MB (70% of 6052 MB)
[2019.07.31-13.02.59:087][  0]LogD3D11RHI: Async texture creation enabled
[2019.07.31-13.02.59:098][  0]LogD3D11RHI: GPU Timing Frequency: 1000.000000 (Debug: 2 1)
[2019.07.31-13.02.59:196][  0]LogShaderCompilers: Guid format shader working directory is 0 characters bigger than the processId version (../../../../../Tether/Project_Tether/Project_Tether/Intermediate/Shaders/WorkingDirectory/24664/).
[2019.07.31-13.02.59:197][  0]LogShaderCompilers: Cleaned the shader compiler working directory 'C:/Users/aaron.hines/AppData/Local/Temp/UnrealShaderWorkingDir/A55F2A2B42B3A8266DB08A9DAFB6F896/'.
[2019.07.31-13.02.59:504][  0]LogTemp: Display: Loaded TP AllDesktopTargetPlatform
[2019.07.31-13.02.59:518][  0]LogTemp: Display: Loaded TP MacClientTargetPlatform
[2019.07.31-13.02.59:534][  0]LogTemp: Display: Loaded TP MacNoEditorTargetPlatform
[2019.07.31-13.02.59:552][  0]LogTemp: Display: Loaded TP MacServerTargetPlatform
[2019.07.31-13.02.59:566][  0]LogTemp: Display: Loaded TP MacTargetPlatform
[2019.07.31-13.02.59:581][  0]LogTemp: Display: Loaded TP WindowsClientTargetPlatform
[2019.07.31-13.02.59:597][  0]LogTemp: Display: Loaded TP WindowsNoEditorTargetPlatform
[2019.07.31-13.02.59:611][  0]LogTemp: Display: Loaded TP WindowsServerTargetPlatform
[2019.07.31-13.02.59:622][  0]LogTemp: Display: Loaded TP WindowsTargetPlatform
[2019.07.31-13.02.59:703][  0]LogTemp: Display: Loaded TP AndroidTargetPlatform
[2019.07.31-13.02.59:703][  0]LogTemp: Display: Loaded TP AndroidTargetPlatform
[2019.07.31-13.02.59:704][  0]LogTemp: Display: Loaded TP AndroidTargetPlatform
[2019.07.31-13.02.59:704][  0]LogTemp: Display: Loaded TP AndroidTargetPlatform
[2019.07.31-13.02.59:704][  0]LogTemp: Display: Loaded TP AndroidTargetPlatform
[2019.07.31-13.02.59:704][  0]LogTemp: Display: Loaded TP AndroidTargetPlatform
[2019.07.31-13.02.59:704][  0]LogTemp: Display: Loaded TP AndroidTargetPlatform
[2019.07.31-13.02.59:704][  0]LogTemp: Display: Loaded TP AndroidTargetPlatform
[2019.07.31-13.02.59:704][  0]LogTemp: Display: Loaded TP AndroidTargetPlatform
[2019.07.31-13.02.59:704][  0]LogTemp: Display: Loaded TP AndroidTargetPlatform
[2019.07.31-13.02.59:705][  0]LogTemp: Display: Loaded TP AndroidTargetPlatform
[2019.07.31-13.02.59:705][  0]LogTemp: Display: Loaded TP AndroidTargetPlatform
[2019.07.31-13.02.59:705][  0]LogTemp: Display: Loaded TP AndroidTargetPlatform
[2019.07.31-13.02.59:705][  0]LogTemp: Display: Loaded TP AndroidTargetPlatform
[2019.07.31-13.02.59:705][  0]LogTemp: Display: Loaded TP AndroidTargetPlatform
[2019.07.31-13.02.59:705][  0]LogTemp: Display: Loaded TP AndroidTargetPlatform
[2019.07.31-13.02.59:705][  0]LogTemp: Display: Loaded TP AndroidTargetPlatform
[2019.07.31-13.02.59:705][  0]LogTemp: Display: Loaded TP AndroidTargetPlatform
[2019.07.31-13.02.59:708][  0]LogTemp: Display: Loaded TP HTML5TargetPlatform
[2019.07.31-13.02.59:777][  0]LogTemp: Display: Loaded TP IOSTargetPlatform
[2019.07.31-13.02.59:777][  0]LogTemp: Display: Loaded TP IOSTargetPlatform
[2019.07.31-13.02.59:801][  0]LogTemp: Display: Loaded TP TVOSTargetPlatform
[2019.07.31-13.02.59:801][  0]LogTemp: Display: Loaded TP TVOSTargetPlatform
[2019.07.31-13.02.59:816][  0]LogTemp: Display: Loaded TP LinuxClientTargetPlatform
[2019.07.31-13.02.59:833][  0]LogTemp: Display: Loaded TP LinuxNoEditorTargetPlatform
[2019.07.31-13.02.59:848][  0]LogTemp: Display: Loaded TP LinuxServerTargetPlatform
[2019.07.31-13.02.59:862][  0]LogTemp: Display: Loaded TP LinuxTargetPlatform
[2019.07.31-13.02.59:874][  0]LogTemp: Display: Loaded TP LuminTargetPlatform
[2019.07.31-13.02.59:874][  0]LogTargetPlatformManager: Display: Building Assets For Windows
[2019.07.31-13.02.59:975][  0]LogXGEController: Cleaning working directory: C:/Users/aaron.hines/AppData/Local/Temp/UnrealXGEWorkingDir/
[2019.07.31-13.02.59:975][  0]LogXGEController: Cannot use XGE Controller as Incredibuild is not installed on this machine.
[2019.07.31-13.02.59:975][  0]LogShaderCompilers: Cannot use XGE Shader Compiler as Incredibuild is not installed on this machine.
[2019.07.31-13.02.59:976][  0]LogShaderCompilers: Display: Using Local Shader Compiler.
[2019.07.31-13.03.00:686][  0]LogDerivedDataCache: Display: Max Cache Size: 512 MB
[2019.07.31-13.03.00:739][  0]LogDerivedDataCache: Loaded boot cache 0.05s 71MB C:/Users/aaron.hines/AppData/Local/UnrealEngine/4.20/DerivedDataCache/Boot.ddc.
[2019.07.31-13.03.00:739][  0]LogDerivedDataCache: Display: Loaded Boot cache: C:/Users/aaron.hines/AppData/Local/UnrealEngine/4.20/DerivedDataCache/Boot.ddc
[2019.07.31-13.03.00:740][  0]LogDerivedDataCache: FDerivedDataBackendGraph:  Pak pak cache file ../../../../../Tether/Project_Tether/Project_Tether/DerivedDataCache/DDC.ddp not found, will not use a pak cache.
[2019.07.31-13.03.00:740][  0]LogDerivedDataCache: Unable to find inner node Pak for hierarchical cache Hierarchy.
[2019.07.31-13.03.00:740][  0]LogDerivedDataCache: FDerivedDataBackendGraph:  CompressedPak pak cache file ../../../../../Tether/Project_Tether/Project_Tether/DerivedDataCache/Compressed.ddp not found, will not use a pak cache.
[2019.07.31-13.03.00:740][  0]LogDerivedDataCache: Unable to find inner node CompressedPak for hierarchical cache Hierarchy.
[2019.07.31-13.03.00:754][  0]LogDerivedDataCache: Display: Pak cache opened for reading ../../../Engine/DerivedDataCache/Compressed.ddp.
[2019.07.31-13.03.00:768][  0]LogDerivedDataCache: Using Local data cache path C:/Users/aaron.hines/AppData/Local/UnrealEngine/Common/DerivedDataCache: Writable
[2019.07.31-13.03.00:768][  0]LogDerivedDataCache: Shared data cache path not found in *engine.ini, will not use an Shared cache.
[2019.07.31-13.03.00:768][  0]LogDerivedDataCache: Unable to find inner node Shared for hierarchical cache Hierarchy.
[2019.07.31-13.03.00:786][  0]LogMaterial: Verifying Global Shaders for PCD3D_SM5
[2019.07.31-13.03.00:788][  0]LogSlate: Using FreeType 2.6.0
[2019.07.31-13.03.00:789][  0]LogSlate: SlateFontServices - WITH_FREETYPE: 1, WITH_HARFBUZZ: 1
[2019.07.31-13.03.00:867][  0]LogAssetRegistry: FAssetRegistry took 0.0276 seconds to start up
[2019.07.31-13.03.01:174][  0]LogInit: Selected Device Profile: [Windows]
[2019.07.31-13.03.01:320][  0]LogSimplygon: Simplygon DLL not present - disabling.
[2019.07.31-13.03.01:327][  0]LogMeshReduction: Using SimplygonSwarm for distributed automatic mesh merging
[2019.07.31-13.03.01:327][  0]LogMeshReduction: Using ProxyLODMeshReduction for automatic mesh merging
[2019.07.31-13.03.01:327][  0]LogMeshReduction: Using QuadricMeshReduction for automatic static mesh reduction
[2019.07.31-13.03.01:327][  0]LogMeshReduction: No automatic skeletal mesh reduction module available
[2019.07.31-13.03.01:348][  0]LogNetVersion: Project_Tether 1.0.0, NetCL: 4212847, EngineNetVer: 5, GameNetVer: 0 (Checksum: 2290113244)
[2019.07.31-13.03.01:799][  0]LogPackageLocalizationCache: Processed 11 localized package path(s) for 2 prioritized culture(s) in 0.077234 seconds
[2019.07.31-13.03.01:805][  0]LogUObjectArray: 38425 objects as part of root set at end of initial load.
[2019.07.31-13.03.01:805][  0]LogUObjectAllocator: 6690864 out of 0 bytes used by permanent object pool.
[2019.07.31-13.03.01:806][  0]LogUObjectArray: CloseDisregardForGC: 0/0 objects in disregard for GC pool
[2019.07.31-13.03.02:770][  0]LogTcpMessaging: Initializing TcpMessaging bridge
[2019.07.31-13.03.02:787][  0]LogUdpMessaging: Initializing bridge on interface 0.0.0.0:0 to multicast group 230.0.0.1:6666.
[2019.07.31-13.03.03:159][  0]LogLinker: Warning: Can't find file '/Game/ThirdPersonCPP/Blueprints/ThirdPersonCharacter'
[2019.07.31-13.03.03:159][  0]LogLinker: Warning: Can't find file '/Game/ThirdPersonCPP/Blueprints/ThirdPersonCharacter'
[2019.07.31-13.03.03:159][  0]LogUObjectGlobals: Warning: Failed to find object 'Class /Game/ThirdPersonCPP/Blueprints/ThirdPersonCharacter.ThirdPersonCharacter_C'
[2019.07.31-13.03.03:160][  0]Error: CDO Constructor (Project_TetherGameMode): Failed to find /Game/ThirdPersonCPP/Blueprints/ThirdPersonCharacter.ThirdPersonCharacter_C

[2019.07.31-13.03.03:160][  0]LogUObjectBase: Warning: -------------- Default Property warnings and errors:
[2019.07.31-13.03.03:160][  0]LogUObjectBase: Warning: Error: CDO Constructor (Project_TetherGameMode): Failed to find /Game/ThirdPersonCPP/Blueprints/ThirdPersonCharacter.ThirdPersonCharacter_C

[2019.07.31-13.03.05:947][  0]LogWindowsTextInputMethodSystem: Display: IME system now deactivated.
[2019.07.31-13.03.05:949][  0]LogWindowsTextInputMethodSystem: Display: IME system now deactivated.
[2019.07.31-13.03.06:001][  0]SourceControl: Source control is disabled
[2019.07.31-13.03.06:002][  0]SourceControl: Source control is disabled
[2019.07.31-13.03.06:004][  0]SourceControl: Source control is disabled
[2019.07.31-13.03.06:007][  0]SourceControl: Source control is disabled
[2019.07.31-13.03.06:229][  0]LogAndroidPermission: UAndroidPermissionCallbackProxy::GetInstance
[2019.07.31-13.03.06:361][  0]LogOcInput: OculusInput pre-init called
[2019.07.31-13.03.06:425][  0]LogEngine: Initializing Engine...
[2019.07.31-13.03.06:466][  0]LogHMD: Failed to initialize OpenVR with code 126
[2019.07.31-13.03.06:467][  0]LogStats: UGameplayTagsManager::ConstructGameplayTagTree: ImportINI prefixes -  0.000 s
[2019.07.31-13.03.06:467][  0]LogStats: UGameplayTagsManager::ConstructGameplayTagTree: Construct from data asset -  0.000 s
[2019.07.31-13.03.06:468][  0]LogStats: UGameplayTagsManager::ConstructGameplayTagTree: ImportINI -  0.000 s
[2019.07.31-13.03.06:468][  0]LogStats: UGameplayTagsManager::ConstructGameplayTagTree: GameplayTagTreeChangedEvent.Broadcast -  0.000 s
[2019.07.31-13.03.06:674][  0]LogInit: Initializing FReadOnlyCVARCache
[2019.07.31-13.03.06:690][  0]LogAIModule: Creating AISystem for world Untitled
[2019.07.31-13.03.06:724][  0]LogInit: XAudio2 using 'Speakers (2- Logitech G430 Gaming Headset)' : 2 channels at 48 kHz using 16 bits per sample (channel mask 0x3)
[2019.07.31-13.03.06:753][  0]LogInit: FAudioDevice initialized.
[2019.07.31-13.03.06:754][  0]LogNetVersion: Set ProjectVersion to 1.0.0.0. Version Checksum will be recalculated on next use.
[2019.07.31-13.03.06:838][  0]LogDerivedDataCache: Saved boot cache 0.08s 71MB C:/Users/aaron.hines/AppData/Local/UnrealEngine/4.20/DerivedDataCache/Boot.ddc.
[2019.07.31-13.03.06:841][  0]LogInit: Texture streaming: Enabled
[2019.07.31-13.03.06:865][  0]LogEngineSessionManager: EngineSessionManager initialized
[2019.07.31-13.03.06:873][  0]LogInit: Transaction tracking system initialized
[2019.07.31-13.03.06:903][  0]BlueprintLog: New page: Editor Load
[2019.07.31-13.03.07:000][  0]LocalizationService: Localization service is disabled
[2019.07.31-13.03.07:261][  0]LogCook: Display: Max memory allowance for cook 16384mb min free memory 0mb
[2019.07.31-13.03.07:261][  0]LogCook: Display: Mobile HDR setting 1
[2019.07.31-13.03.07:261][  0]LogGameplayTags: Display: UGameplayTagsManager::DoneAddingNativeTags. DelegateIsBound: 0
[2019.07.31-13.03.07:261][  0]LogStats: UGameplayTagsManager::ConstructGameplayTagTree: ImportINI prefixes -  0.000 s
[2019.07.31-13.03.07:261][  0]LogStats: UGameplayTagsManager::ConstructGameplayTagTree: Construct from data asset -  0.000 s
[2019.07.31-13.03.07:261][  0]LogStats: UGameplayTagsManager::ConstructGameplayTagTree: ImportINI -  0.000 s
[2019.07.31-13.03.07:261][  0]LogStats: UGameplayTagsManager::ConstructGameplayTagTree: GameplayTagTreeChangedEvent.Broadcast -  0.000 s
[2019.07.31-13.03.07:421][  0]LogFileCache: Scanning file cache for directory 'E:/Tether/Project_Tether/Project_Tether/Content/' took 0.03s
[2019.07.31-13.03.07:421][  0]SourceControl: Source control is disabled
[2019.07.31-13.03.07:421][  0]Cmd: MAP LOAD FILE="../../../../../Tether/Project_Tether/Project_Tether/Content/IronForgedGames/Core/Entity/Test/ThirdPersonCPP/Maps/ThirdPersonExampleMap.umap" TEMPLATE=0 SHOWPROGRESS=1 FEATURELEVEL=3
[2019.07.31-13.03.07:422][  0]LightingResults: New page: Lighting Build
[2019.07.31-13.03.07:424][  0]MapCheck: New page: Map Check
[2019.07.31-13.03.07:425][  0]LightingResults: New page: Lighting Build
[2019.07.31-13.03.07:516][  0]LogProperty: Warning: Serialized Class /Script/Engine.BlueprintGeneratedClass for a property of Class /Script/Project_Tether.ItemCategory. Reference will be nullptred.
    Property = ObjectProperty /Script/Project_Tether.Item:category
    Item = BlueprintGeneratedClass /Game/IronForgedGames/Implementation/Gameplay/PlayerController/Test_TopDown_Controller/TestStuff/testitemcategory.testitemcategory_C
[2019.07.31-13.03.07:524][  0]LogProperty: Warning: Serialized Class /Script/Engine.BlueprintGeneratedClass for a property of Class /Script/Project_Tether.Item. Reference will be nullptred.
    Property = ObjectProperty /Script/Project_Tether.Tool:item
    Item = BlueprintGeneratedClass /Game/IronForgedGames/Implementation/Gameplay/PlayerController/Test_TopDown_Controller/TestStuff/testitem.testitem_C
[2019.07.31-13.03.07:873][  0]LogAIModule: Creating AISystem for world ThirdPersonExampleMap
[2019.07.31-13.03.07:885][  0]LogEditorServer: Finished looking for orphan Actors (0.000 secs)
[2019.07.31-13.03.07:907][  0]Cmd: MAP CHECKDEP NOCLEARLOG
[2019.07.31-13.03.07:968][  0]MapCheck: Map check complete: 0 Error(s), 0 Warning(s), took 60.608ms to complete.
[2019.07.31-13.03.07:968][  0]LogFileHelpers: Loading map 'ThirdPersonExampleMap' took 0.546
[2019.07.31-13.03.08:082][  0]LogSlate: Updating window title bar state: overlay mode, drag disabled, window buttons hidden, title bar hidden
[2019.07.31-13.03.08:090][  0]LogSlate: Updating window title bar state: overlay mode, drag disabled, window buttons hidden, title bar hidden
[2019.07.31-13.03.08:097][  0]LogSlate: Updating window title bar state: overlay mode, drag disabled, window buttons hidden, title bar hidden
[2019.07.31-13.03.08:104][  0]LogSlate: Updating window title bar state: overlay mode, drag disabled, window buttons hidden, title bar hidden
[2019.07.31-13.03.08:113][  0]LogCollectionManager: Loaded 0 collections in 0.002608 seconds
[2019.07.31-13.03.08:164][  0]LogFileCache: Scanning file cache for directory 'E:/Tether/Project_Tether/Project_Tether/Saved/Collections/' took 0.01s
[2019.07.31-13.03.08:164][  0]LogFileCache: Scanning file cache for directory 'E:/Tether/Project_Tether/Project_Tether/Content/Developers/aaronhines/Collections/' took 0.01s
[2019.07.31-13.03.08:164][  0]LogFileCache: Scanning file cache for directory 'E:/Tether/Project_Tether/Project_Tether/Content/Collections/' took 0.01s
[2019.07.31-13.03.08:164][  0]LogCollectionManager: Rebuilt the GUID cache for 0 collections in 0.000000 seconds
[2019.07.31-13.03.08:174][  0]LogContentBrowser: Native class hierarchy populated in 0.0099 seconds. Added 2601 classes and 618 folders.
[2019.07.31-13.03.08:180][  0]LogContentBrowser: Native class hierarchy updated for 'WidgetCarousel' in 0.0006 seconds. Added 0 classes and 0 folders.
[2019.07.31-13.03.08:248][  0]LogContentBrowser: Native class hierarchy updated for 'AddContentDialog' in 0.0008 seconds. Added 0 classes and 0 folders.
[2019.07.31-13.03.08:256][  0]LogContentBrowser: Native class hierarchy updated for 'SceneOutliner' in 0.0007 seconds. Added 1 classes and 2 folders.
[2019.07.31-13.03.09:155][  0]LogSlate: Only BGRA pngs, bmps or icos are supported in by External Image Picker
[2019.07.31-13.03.09:230][  0]LogContentBrowser: Native class hierarchy updated for 'HierarchicalLODOutliner' in 0.0009 seconds. Added 0 classes and 0 folders.
[2019.07.31-13.03.09:230][  0]LogLoad: (Engine Initialization) Total time: 13.33 seconds
[2019.07.31-13.03.09:230][  0]LogLoad: (Engine Initialization) Total Blueprint compile time: 0.00 seconds
[2019.07.31-13.03.09:253][  0]LogTemp: Executing iPhonePackager certificates Engine -bundlename com.YourCompany.ProjectTether
[2019.07.31-13.03.09:253][  0]LogTemp: CWD: E:\Epic Games\UE_4.20\Engine\Binaries\DotNET\IOS
[2019.07.31-13.03.09:253][  0]LogTemp: Initial Dir: E:\Epic Games\UE_4.20
[2019.07.31-13.03.09:253][  0]LogTemp: Env CWD: E:\Epic Games\UE_4.20\Engine\Binaries\DotNET\IOS
[2019.07.31-13.03.09:253][  0]LogTemp: BranchPath = WSROLLER45/E/Epic Games/UE_4.20/Engine/Binaries --- GameBranchPath = WSROLLER45/E/Epic Games/UE_4.20/Engine/Binaries
[2019.07.31-13.03.09:254][  0]LogTemp: IPP ERROR: Could not find provision directory 'C:\Users\aaron.hines\AppData\Local/Apple Computer/MobileDevice/Provisioning Profiles/'.
[2019.07.31-13.03.09:274][  0]LogContentStreaming: Texture pool size now 1000 MB
[2019.07.31-13.03.09:275][  0]LogSlate: Took 0.000193 seconds to synchronously load lazily loaded font '../../../Engine/Content/Slate/Fonts/Roboto-Regular.ttf' (155K)
[2019.07.31-13.03.09:276][  0]LogSlate: Took 0.000145 seconds to synchronously load lazily loaded font '../../../Engine/Content/Slate/Fonts/Roboto-Bold.ttf' (160K)
[2019.07.31-13.03.09:281][  0]LogSlate: Took 0.000207 seconds to synchronously load lazily loaded font '../../../Engine/Content/Editor/Slate/Fonts/FontAwesome.ttf' (139K)
[2019.07.31-13.03.09:283][  0]LogSlate: Took 0.000139 seconds to synchronously load lazily loaded font '../../../Engine/Content/Slate/Fonts/DroidSansMono.ttf' (77K)
[2019.07.31-13.03.09:343][  0]LogRenderer: Reallocating scene render targets to support 64x64 Format 10 NumSamples 1 (Frame:1).
[2019.07.31-13.03.09:418][  0]LogRenderer: Reallocating scene render targets to support 652x248 Format 10 NumSamples 1 (Frame:1).
[2019.07.31-13.03.09:418][  0]LogSlate: Took 0.000243 seconds to synchronously load lazily loaded font '../../../Engine/Content/Slate/Fonts/Roboto-Light.ttf' (167K)
[2019.07.31-13.03.09:502][  2]LogAssetRegistry: Asset discovery search completed in 8.6590 seconds
[2019.07.31-13.03.09:505][  2]LogCollectionManager: Rebuilt the object cache for 0 collections in 0.000000 seconds (found 0 objects)
[2019.07.31-13.03.09:506][  2]LogCollectionManager: Fixed up redirectors for 0 collections in 0.000502 seconds (updated 0 objects)
[2019.07.31-13.05.22:959][692]LogSlate: FSceneViewport::OnFocusLost() reason 0
[2019.07.31-13.05.49:875][396]LogSlate: Window 'Pick Structure' being destroyed
[2019.07.31-13.06.04:398][302]LogSlate: Window 'Pick Data Asset Class' being destroyed
[2019.07.31-13.06.11:797][178]LogSavePackage: Moving '../../../../../Tether/Project_Tether/Project_Tether/Saved/Gold23B943D342D1E6D5EF6A27B35D5406F6.tmp' to '../../../../../Tether/Project_Tether/Project_Tether/Content/IronForgedGames/Implementation/Gameplay/System/Items/Gold.uasset'
[2019.07.31-13.06.33:746][781]LogSavePackage: Moving '../../../../../Tether/Project_Tether/Project_Tether/Saved/Gold255C2F3A4A37AA4482BC4BB2679B64AD.tmp' to '../../../../../Tether/Project_Tether/Project_Tether/Content/IronForgedGames/Implementation/Gameplay/System/Item/Gold.uasset'
[2019.07.31-13.06.48:894][531]LogSavePackage: Moving '../../../../../Tether/Project_Tether/Project_Tether/Saved/Gold8D2474BE411503765DE0639798B51F4D.tmp' to '../../../../../Tether/Project_Tether/Project_Tether/Content/IronForgedGames/Implementation/Gameplay/System/Item/Items/Gold.uasset'
[2019.07.31-13.07.08:229][749]LogSlate: Window 'Pick Data Asset Class' being destroyed
[2019.07.31-13.07.14:916][527]LogSavePackage: Moving '../../../../../Tether/Project_Tether/Project_Tether/Saved/ThirdPersonExampleMap500189274ABFAF1E426493921B253933.tmp' to '../../../../../Tether/Project_Tether/Project_Tether/Content/IronForgedGames/Core/Entity/Test/ThirdPersonCPP/Maps/ThirdPersonExampleMap.umap'
[2019.07.31-13.07.17:916][865]LogSavePackage: Moving '../../../../../Tether/Project_Tether/Project_Tether/Saved/Currency05F5DC884089791A3BA4D1A042392F9A.tmp' to '../../../../../Tether/Project_Tether/Project_Tether/Content/IronForgedGames/Implementation/Gameplay/System/Items/Categories/Currency.uasset'
[2019.07.31-13.07.18:820][963]LogSavePackage: Moving '../../../../../Tether/Project_Tether/Project_Tether/Saved/Currency21FC1C514322837013CA7398A0E3BBA1.tmp' to '../../../../../Tether/Project_Tether/Project_Tether/Content/IronForgedGames/Implementation/Gameplay/System/Items/Categories/Currency.uasset'
[2019.07.31-13.07.28:651][124]LogSavePackage: Moving '../../../../../Tether/Project_Tether/Project_Tether/Saved/ThirdPersonExampleMapCF6858E24BDD234E54171A9DFB2BEC08.tmp' to '../../../../../Tether/Project_Tether/Project_Tether/Content/IronForgedGames/Core/Entity/Test/ThirdPersonCPP/Maps/ThirdPersonExampleMap.umap'
[2019.07.31-13.07.28:652][124]LogFileManager: Warning: DeleteFile was unable to delete '../../../../../Tether/Project_Tether/Project_Tether/Content/IronForgedGames/Core/Entity/Test/ThirdPersonCPP/Maps/ThirdPersonExampleMap.umap', retrying in .5s...
[2019.07.31-13.07.29:155][124]LogFileManager: Warning: DeleteFile recovered during retry!
[2019.07.31-13.07.30:300][251]LogAssetEditorManager: Opening Asset editor for Item /Game/IronForgedGames/Implementation/Gameplay/System/Item/Items/Gold.Gold
[2019.07.31-13.07.41:770][611]LogSavePackage: Moving '../../../../../Tether/Project_Tether/Project_Tether/Saved/GoldF004606B4F35B6C1EF01928AD1A976B5.tmp' to '../../../../../Tether/Project_Tether/Project_Tether/Content/IronForgedGames/Implementation/Gameplay/System/Item/Items/Gold.uasset'
[2019.07.31-13.07.46:740][135]LogSlate: Window 'Gold - Generic Asset Editor' being destroyed
[2019.07.31-13.07.46:748][135]LogSlate: Window 'Gold - Generic Asset Editor' being destroyed
