Log file open, 07/25/19 12:29:04
LogWindows: Failed to load 'aqProf.dll' (GetLastError=126)
LogWindows: File 'aqProf.dll' does not exist
LogWindows: Failed to load 'VSPerf140.dll' (GetLastError=126)
LogWindows: File 'VSPerf140.dll' does not exist
LogWindows: Failed to load 'VtuneApi.dll' (GetLastError=126)
LogWindows: File 'VtuneApi.dll' does not exist
LogWindows: Failed to load 'VtuneApi32e.dll' (GetLastError=126)
LogWindows: File 'VtuneApi32e.dll' does not exist
LogInit: Display: Running engine for game: Project_Tether
LogPlatformFile: Not using cached read wrapper
LogTaskGraph: Started task graph with 5 named threads and 23 total threads with 3 sets of task threads.
LogStats: Stats thread started at 3.664696
LogD3D11RHI: Loaded GFSDK_Aftermath_Lib.x64.dll
LogICUInternationalization: Display: ICU TimeZone Detection - Raw Offset: -5:00, Platform Override: ''
LogPluginManager: Mounting plugin Paper2D
LogPluginManager: Mounting plugin AISupport
LogPluginManager: Mounting plugin LightPropagationVolume
LogPluginManager: Mounting plugin CLionSourceCodeAccess
LogPluginManager: Mounting plugin CodeLiteSourceCodeAccess
LogPluginManager: Mounting plugin GitSourceControl
LogPluginManager: Mounting plugin KDevelopSourceCodeAccess
LogPluginManager: Mounting plugin NullSourceCodeAccess
LogPluginManager: Mounting plugin PerforceSourceControl
LogPluginManager: Mounting plugin SubversionSourceControl
LogPluginManager: Mounting plugin UObjectPlugin
LogPluginManager: Mounting plugin VisualStudioCodeSourceCodeAccess
LogPluginManager: Mounting plugin VisualStudioSourceCodeAccess
LogPluginManager: Mounting plugin XCodeSourceCodeAccess
LogPluginManager: Mounting plugin AssetManagerEditor
LogPluginManager: Mounting plugin CryptoKeys
LogPluginManager: Mounting plugin DataValidation
LogPluginManager: Mounting plugin FacialAnimation
LogPluginManager: Mounting plugin GameplayTagsEditor
LogPluginManager: Mounting plugin MacGraphicsSwitching
LogPluginManager: Mounting plugin MeshEditor
LogPluginManager: Mounting plugin MobileLauncherProfileWizard
LogPluginManager: Mounting plugin PluginBrowser
LogPluginManager: Mounting plugin SpeedTreeImporter
LogPluginManager: Mounting plugin DatasmithContent
LogPluginManager: Mounting plugin AlembicImporter
LogPluginManager: Mounting plugin AppleImageUtils
LogPluginManager: Mounting plugin AppleVision
LogPluginManager: Mounting plugin BackChannel
LogPluginManager: Mounting plugin CharacterAI
LogPluginManager: Mounting plugin GeometryCache
LogPluginManager: Mounting plugin HTML5Networking
LogPluginManager: Mounting plugin ProxyLODPlugin
LogPluginManager: Mounting plugin MagicLeap
LogPluginManager: Mounting plugin MagicLeapEmulator
LogPluginManager: Mounting plugin MagicLeapMedia
LogPluginManager: Mounting plugin AndroidMedia
LogPluginManager: Mounting plugin AvfMedia
LogPluginManager: Mounting plugin ImgMedia
LogPluginManager: Mounting plugin LinearTimecode
LogPluginManager: Mounting plugin MediaCompositing
LogPluginManager: Mounting plugin MediaPlayerEditor
LogPluginManager: Mounting plugin WmfMedia
LogPluginManager: Mounting plugin TcpMessaging
LogPluginManager: Mounting plugin UdpMessaging
LogPluginManager: Mounting plugin ActorSequence
LogPluginManager: Mounting plugin LevelSequenceEditor
LogPluginManager: Mounting plugin MatineeToLevelSequence
LogPluginManager: Mounting plugin NetcodeUnitTest
LogPluginManager: Mounting plugin NUTUnrealEngine4
LogPluginManager: Mounting plugin OnlineSubsystemGooglePlay
LogPluginManager: Mounting plugin OnlineSubsystemIOS
LogPluginManager: Mounting plugin OnlineSubsystem
LogPluginManager: Mounting plugin OnlineSubsystemNull
LogPluginManager: Mounting plugin OnlineSubsystemUtils
LogPluginManager: Mounting plugin LauncherChunkInstaller
LogPluginManager: Mounting plugin AndroidDeviceProfileSelector
LogPluginManager: Mounting plugin AndroidMoviePlayer
LogPluginManager: Mounting plugin AndroidPermission
LogPluginManager: Mounting plugin AppleMoviePlayer
LogPluginManager: Mounting plugin ArchVisCharacter
LogPluginManager: Mounting plugin AudioCapture
LogPluginManager: Mounting plugin CableComponent
LogPluginManager: Mounting plugin CustomMeshComponent
LogPluginManager: Mounting plugin EditableMesh
LogPluginManager: Mounting plugin ExampleDeviceProfileSelector
LogPluginManager: Mounting plugin GoogleCloudMessaging
LogPluginManager: Mounting plugin ImmediatePhysics
LogPluginManager: Mounting plugin IOSDeviceProfileSelector
LogPluginManager: Mounting plugin LinuxDeviceProfileSelector
LogPluginManager: Mounting plugin LocationServicesBPLibrary
LogPluginManager: Mounting plugin MobilePatchingUtils
LogPluginManager: Mounting plugin OculusVR
LogPluginManager: Plugin shader directory ../../../Engine/Plugins/Runtime/Oculus/OculusVR/Shaders found
LogPluginManager: Mapping shader source directory ../../../Engine/Plugins/Runtime/Oculus/OculusVR/Shaders to virtual directory /Plugin/OculusVR
LogPluginManager: Mounting plugin PhysXVehicles
LogPluginManager: Mounting plugin ProceduralMeshComponent
LogPluginManager: Mounting plugin RuntimePhysXCooking
LogPluginManager: Mounting plugin SteamVR
LogPluginManager: Mounting plugin WindowsMoviePlayer
LogStreaming: Display: Took  0.239s to configure plugins.
LogInit: Using libcurl 7.55.1-DEV
LogInit:  - built for x86_64-pc-win32
LogInit:  - supports SSL with OpenSSL/1.0.2h
LogInit:  - supports HTTP deflate (compression) using libz 1.2.8
LogInit:  - other features:
LogInit:      CURL_VERSION_SSL
LogInit:      CURL_VERSION_LIBZ
LogInit:      CURL_VERSION_IPV6
LogInit:      CURL_VERSION_ASYNCHDNS
LogInit:      CURL_VERSION_LARGEFILE
LogInit:      CURL_VERSION_IDN
LogInit:  CurlRequestOptions (configurable via config and command line):
LogInit:  - bVerifyPeer = false  - Libcurl will NOT verify peer certificate
LogInit:  - bUseHttpProxy = false  - Libcurl will NOT use HTTP proxy
LogInit:  - bDontReuseConnections = false  - Libcurl will reuse connections
LogInit:  - CertBundlePath = nullptr  - Libcurl will use whatever was configured at build time.
LogInit:  - MaxHostConnections = 16  - Libcurl will limit the number of connections to a host
LogInit:  - LocalHostAddr = Default
LogInit:  - BufferSize = 65536
LogInit: WinSock: version 1.1 (2.2), MaxSocks=32767, MaxUdp=65467
LogInit: Build: ++UE4+Release-4.20-CL-4369336
LogInit: Engine Version: 4.20.3-4369336+++UE4+Release-4.20
LogInit: Compatible Engine Version: 4.20.0-4212847+++UE4+Release-4.20
LogInit: Net CL: 4212847
LogInit: OS: Windows 10 (), CPU: Intel(R) Core(TM) i7-6700 CPU @ 3.40GHz, GPU: NVIDIA GeForce GTX 1060 6GB
LogInit: Compiled (64-bit): Sep 17 2018 12:26:19
LogInit: Compiled with Visual C++: 19.13.26129.00
LogInit: Build Configuration: Development
LogInit: Branch Name: ++UE4+Release-4.20
LogInit: Command Line:  -skipcompile
LogInit: Base Directory: E:/Epic Games/UE_4.20/Engine/Binaries/Win64/
LogInit: Installed Engine Build: 1
LogDevObjectVersion: Number of dev versions registered: 20
LogDevObjectVersion:   Dev-Blueprints (B0D832E4-1F89-4F0D-ACCF-7EB736FD4AA2): 10
LogDevObjectVersion:   Dev-Build (E1C64328-A22C-4D53-A36C-8E866417BD8C): 0
LogDevObjectVersion:   Dev-Core (375EC13C-06E4-48FB-B500-84F0262A717E): 2
LogDevObjectVersion:   Dev-Editor (E4B068ED-F494-42E9-A231-DA0B2E46BB41): 24
LogDevObjectVersion:   Dev-Framework (CFFC743F-43B0-4480-9391-14DF171D2073): 34
LogDevObjectVersion:   Dev-Mobile (B02B49B5-BB20-44E9-A304-32B752E40360): 2
LogDevObjectVersion:   Dev-Networking (A4E4105C-59A1-49B5-A7C5-40C4547EDFEE): 0
LogDevObjectVersion:   Dev-Online (39C831C9-5AE6-47DC-9A44-9C173E1C8E7C): 0
LogDevObjectVersion:   Dev-Physics (78F01B33-EBEA-4F98-B9B4-84EACCB95AA2): 0
LogDevObjectVersion:   Dev-Platform (6631380F-2D4D-43E0-8009-CF276956A95A): 0
LogDevObjectVersion:   Dev-Rendering (12F88B9F-8875-4AFC-A67C-D90C383ABD29): 26
LogDevObjectVersion:   Dev-Sequencer (7B5AE74C-D270-4C10-A958-57980B212A5A): 9
LogDevObjectVersion:   Dev-VR (D7296918-1DD6-4BDD-9DE2-64A83CC13884): 2
LogDevObjectVersion:   Dev-LoadTimes (C2A15278-BFE7-4AFE-6C17-90FF531DF755): 1
LogDevObjectVersion:   Private-Geometry (6EACA3D4-40EC-4CC1-B786-8BED09428FC5): 3
LogDevObjectVersion:   Dev-AnimPhys (29E575DD-E0A3-4627-9D10-D276232CDCEA): 17
LogDevObjectVersion:   Dev-ReflectionCapture (6B266CEC-1EC7-4B8F-A30B-E4D90942FC07): 1
LogDevObjectVersion:   Dev-Automation (0DF73D61-A23F-47EA-B727-89E90C41499A): 1
LogDevObjectVersion:   FortniteMain (601D1886-AC64-4F84-AA16-D3DE0DEAC7D6): 12
LogDevObjectVersion:   Dev-Enterprise (9DFFBCD6-494F-0158-E221-12823C92A888): 1
LogStreaming: Display: Took  0.002s to delete old logs.
LogInit: Presizing for max 8388607 objects, including 0 objects not considered by GC, pre-allocating 0 bytes for permanent pool.
LogInit: Object subsystem initialized
[2019.07.25-16.29.06:916][  0]LogInit: Selected Device Profile: [Windows]
[2019.07.25-16.29.06:917][  0]LogInit: Applying CVar settings loaded from the selected device profile: [Windows]
[2019.07.25-16.29.06:993][  0]LogHAL: Display: Platform has ~ 32 GB [34316865536 / 34359738368 / 32], which maps to Largest [LargestMinGB=32, LargerMinGB=12, DefaultMinGB=8, SmallerMinGB=6, SmallestMinGB=0)
[2019.07.25-16.29.07:030][  0]LogInit: Setting Device Profile CVar: [[r.Vulkan.UseRealUBs:1]]
[2019.07.25-16.29.07:031][  0]LogInit: Going up to parent DeviceProfile []
[2019.07.25-16.29.07:093][  0]LogInit: Computer: WSROLLER45
[2019.07.25-16.29.07:093][  0]LogInit: User: aaronhines
[2019.07.25-16.29.07:093][  0]LogInit: CPU Page size=4096, Cores=4
[2019.07.25-16.29.07:093][  0]LogInit: High frequency timer resolution =10.000000 MHz
[2019.07.25-16.29.07:094][  0]LogMemory: Memory total: Physical=32.0GB (32GB approx)
[2019.07.25-16.29.07:094][  0]LogMemory: Platform Memory Stats for Windows
[2019.07.25-16.29.07:094][  0]LogMemory: Process Physical Memory: 102.19 MB used, 102.20 MB peak
[2019.07.25-16.29.07:094][  0]LogMemory: Process Virtual Memory: 96.43 MB used, 96.43 MB peak
[2019.07.25-16.29.07:094][  0]LogMemory: Physical Memory: 11761.79 MB used,  20965.33 MB free, 32727.11 MB total
[2019.07.25-16.29.07:094][  0]LogMemory: Virtual Memory: 4619.53 MB used,  20965.33 MB free, 134217728.00 MB total
[2019.07.25-16.29.08:076][  0]LogInit: Using OS detected language (en-US).
[2019.07.25-16.29.08:076][  0]LogInit: Using OS detected locale (en-US).
[2019.07.25-16.29.08:128][  0]LogTextLocalizationManager: No specific localization for 'en-US' exists, so the 'en' localization will be used.
[2019.07.25-16.29.08:924][  0]LogStreaming: Display: Took  0.832s to InitEngineTextLocalization.
[2019.07.25-16.29.08:930][  0]LogInit: Setting process to per monitor DPI aware
[2019.07.25-16.29.09:483][  0]LogSlate: New Slate User Created.  User Index 0, Is Virtual User: 0
[2019.07.25-16.29.09:483][  0]LogSlate: Slate User Registered.  User Index 0, Is Virtual User: 0
[2019.07.25-16.29.11:514][  0]LogHMD: Failed to initialize OpenVR with code 126
[2019.07.25-16.29.11:514][  0]LogD3D11RHI: D3D11 adapters:
[2019.07.25-16.29.11:614][  0]LogD3D11RHI:    0. 'NVIDIA GeForce GTX 1060 6GB' (Feature Level 11_0)
[2019.07.25-16.29.11:614][  0]LogD3D11RHI:       6052/0/16363 MB DedicatedVideo/DedicatedSystem/SharedSystem, Outputs:2, VendorId:0x10de
[2019.07.25-16.29.11:622][  0]LogD3D11RHI:    1. 'Microsoft Basic Render Driver' (Feature Level 11_0)
[2019.07.25-16.29.11:623][  0]LogD3D11RHI:       0/0/16363 MB DedicatedVideo/DedicatedSystem/SharedSystem, Outputs:0, VendorId:0x1414
[2019.07.25-16.29.11:623][  0]LogD3D11RHI: Chosen D3D11 Adapter: 0
[2019.07.25-16.29.11:638][  0]LogD3D11RHI: Creating new Direct3DDevice
[2019.07.25-16.29.11:639][  0]LogD3D11RHI:     GPU DeviceId: 0x1c03 (for the marketing name, search the web for "GPU Device Id")
[2019.07.25-16.29.11:655][  0]LogWindows: EnumDisplayDevices:
[2019.07.25-16.29.11:655][  0]LogWindows:    0. 'NVIDIA GeForce GTX 1060 6GB' (P:1 D:1)
[2019.07.25-16.29.11:656][  0]LogWindows:    1. 'NVIDIA GeForce GTX 1060 6GB' (P:0 D:1)
[2019.07.25-16.29.11:657][  0]LogWindows:    2. 'NVIDIA GeForce GTX 1060 6GB' (P:0 D:0)
[2019.07.25-16.29.11:658][  0]LogWindows:    3. 'NVIDIA GeForce GTX 1060 6GB' (P:0 D:0)
[2019.07.25-16.29.11:658][  0]LogWindows: DebugString: FoundDriverCount:4 
[2019.07.25-16.29.11:658][  0]LogD3D11RHI:     Adapter Name: NVIDIA GeForce GTX 1060 6GB
[2019.07.25-16.29.11:668][  0]LogD3D11RHI:   Driver Version: 425.31 (internal:25.21.14.2531, unified:425.31)
[2019.07.25-16.29.11:668][  0]LogD3D11RHI:      Driver Date: 4-9-2019
[2019.07.25-16.29.11:668][  0]LogRHI: Texture pool is 4236 MB (70% of 6052 MB)
[2019.07.25-16.29.11:962][  0]LogD3D11RHI: Async texture creation enabled
[2019.07.25-16.29.13:431][  0]LogD3D11RHI: GPU Timing Frequency: 1000.000000 (Debug: 2 1)
[2019.07.25-16.29.13:612][  0]LogShaderCompilers: Guid format shader working directory is 0 characters bigger than the processId version (../../../../../Tether/Project_Tether/Project_Tether/Intermediate/Shaders/WorkingDirectory/13096/).
[2019.07.25-16.29.13:612][  0]LogShaderCompilers: Cleaned the shader compiler working directory 'C:/Users/aaron.hines/AppData/Local/Temp/UnrealShaderWorkingDir/93D0F3AA4689A447780A9BBD2CFA5CEC/'.
[2019.07.25-16.29.14:177][  0]LogTemp: Display: Loaded TP AllDesktopTargetPlatform
[2019.07.25-16.29.14:208][  0]LogTemp: Display: Loaded TP MacClientTargetPlatform
[2019.07.25-16.29.14:235][  0]LogTemp: Display: Loaded TP MacNoEditorTargetPlatform
[2019.07.25-16.29.14:267][  0]LogTemp: Display: Loaded TP MacServerTargetPlatform
[2019.07.25-16.29.14:300][  0]LogTemp: Display: Loaded TP MacTargetPlatform
[2019.07.25-16.29.14:350][  0]LogTemp: Display: Loaded TP WindowsClientTargetPlatform
[2019.07.25-16.29.14:387][  0]LogTemp: Display: Loaded TP WindowsNoEditorTargetPlatform
[2019.07.25-16.29.14:414][  0]LogTemp: Display: Loaded TP WindowsServerTargetPlatform
[2019.07.25-16.29.14:425][  0]LogTemp: Display: Loaded TP WindowsTargetPlatform
[2019.07.25-16.29.14:598][  0]LogTemp: Display: Loaded TP AndroidTargetPlatform
[2019.07.25-16.29.14:598][  0]LogTemp: Display: Loaded TP AndroidTargetPlatform
[2019.07.25-16.29.14:599][  0]LogTemp: Display: Loaded TP AndroidTargetPlatform
[2019.07.25-16.29.14:599][  0]LogTemp: Display: Loaded TP AndroidTargetPlatform
[2019.07.25-16.29.14:599][  0]LogTemp: Display: Loaded TP AndroidTargetPlatform
[2019.07.25-16.29.14:599][  0]LogTemp: Display: Loaded TP AndroidTargetPlatform
[2019.07.25-16.29.14:599][  0]LogTemp: Display: Loaded TP AndroidTargetPlatform
[2019.07.25-16.29.14:599][  0]LogTemp: Display: Loaded TP AndroidTargetPlatform
[2019.07.25-16.29.14:599][  0]LogTemp: Display: Loaded TP AndroidTargetPlatform
[2019.07.25-16.29.14:599][  0]LogTemp: Display: Loaded TP AndroidTargetPlatform
[2019.07.25-16.29.14:599][  0]LogTemp: Display: Loaded TP AndroidTargetPlatform
[2019.07.25-16.29.14:599][  0]LogTemp: Display: Loaded TP AndroidTargetPlatform
[2019.07.25-16.29.14:600][  0]LogTemp: Display: Loaded TP AndroidTargetPlatform
[2019.07.25-16.29.14:600][  0]LogTemp: Display: Loaded TP AndroidTargetPlatform
[2019.07.25-16.29.14:600][  0]LogTemp: Display: Loaded TP AndroidTargetPlatform
[2019.07.25-16.29.14:600][  0]LogTemp: Display: Loaded TP AndroidTargetPlatform
[2019.07.25-16.29.14:600][  0]LogTemp: Display: Loaded TP AndroidTargetPlatform
[2019.07.25-16.29.14:600][  0]LogTemp: Display: Loaded TP AndroidTargetPlatform
[2019.07.25-16.29.14:631][  0]LogTemp: Display: Loaded TP HTML5TargetPlatform
[2019.07.25-16.29.14:774][  0]LogTemp: Display: Loaded TP IOSTargetPlatform
[2019.07.25-16.29.14:774][  0]LogTemp: Display: Loaded TP IOSTargetPlatform
[2019.07.25-16.29.14:820][  0]LogTemp: Display: Loaded TP TVOSTargetPlatform
[2019.07.25-16.29.14:820][  0]LogTemp: Display: Loaded TP TVOSTargetPlatform
[2019.07.25-16.29.15:007][  0]LogTemp: Display: Loaded TP LinuxClientTargetPlatform
[2019.07.25-16.29.15:145][  0]LogTemp: Display: Loaded TP LinuxNoEditorTargetPlatform
[2019.07.25-16.29.15:272][  0]LogTemp: Display: Loaded TP LinuxServerTargetPlatform
[2019.07.25-16.29.15:357][  0]LogTemp: Display: Loaded TP LinuxTargetPlatform
[2019.07.25-16.29.15:377][  0]LogTemp: Display: Loaded TP LuminTargetPlatform
[2019.07.25-16.29.15:377][  0]LogTargetPlatformManager: Display: Building Assets For Windows
[2019.07.25-16.29.18:278][  0]LogXGEController: Cleaning working directory: C:/Users/aaron.hines/AppData/Local/Temp/UnrealXGEWorkingDir/
[2019.07.25-16.29.18:279][  0]LogXGEController: Cannot use XGE Controller as Incredibuild is not installed on this machine.
[2019.07.25-16.29.18:279][  0]LogShaderCompilers: Cannot use XGE Shader Compiler as Incredibuild is not installed on this machine.
[2019.07.25-16.29.18:279][  0]LogShaderCompilers: Display: Using Local Shader Compiler.
[2019.07.25-16.29.22:985][  0]LogDerivedDataCache: Display: Max Cache Size: 512 MB
[2019.07.25-16.29.23:238][  0]LogDerivedDataCache: Loaded boot cache 0.25s 71MB C:/Users/aaron.hines/AppData/Local/UnrealEngine/4.20/DerivedDataCache/Boot.ddc.
[2019.07.25-16.29.23:239][  0]LogDerivedDataCache: Display: Loaded Boot cache: C:/Users/aaron.hines/AppData/Local/UnrealEngine/4.20/DerivedDataCache/Boot.ddc
[2019.07.25-16.29.23:239][  0]LogDerivedDataCache: FDerivedDataBackendGraph:  Pak pak cache file ../../../../../Tether/Project_Tether/Project_Tether/DerivedDataCache/DDC.ddp not found, will not use a pak cache.
[2019.07.25-16.29.23:239][  0]LogDerivedDataCache: Unable to find inner node Pak for hierarchical cache Hierarchy.
[2019.07.25-16.29.23:239][  0]LogDerivedDataCache: FDerivedDataBackendGraph:  CompressedPak pak cache file ../../../../../Tether/Project_Tether/Project_Tether/DerivedDataCache/Compressed.ddp not found, will not use a pak cache.
[2019.07.25-16.29.23:239][  0]LogDerivedDataCache: Unable to find inner node CompressedPak for hierarchical cache Hierarchy.
[2019.07.25-16.29.23:345][  0]LogDerivedDataCache: Display: Pak cache opened for reading ../../../Engine/DerivedDataCache/Compressed.ddp.
[2019.07.25-16.29.23:376][  0]LogDerivedDataCache: Using Local data cache path C:/Users/aaron.hines/AppData/Local/UnrealEngine/Common/DerivedDataCache: Writable
[2019.07.25-16.29.23:376][  0]LogDerivedDataCache: Shared data cache path not found in *engine.ini, will not use an Shared cache.
[2019.07.25-16.29.23:376][  0]LogDerivedDataCache: Unable to find inner node Shared for hierarchical cache Hierarchy.
[2019.07.25-16.29.23:480][  0]LogMaterial: Verifying Global Shaders for PCD3D_SM5
[2019.07.25-16.29.23:522][  0]LogSlate: Using FreeType 2.6.0
[2019.07.25-16.29.23:600][  0]LogSlate: SlateFontServices - WITH_FREETYPE: 1, WITH_HARFBUZZ: 1
[2019.07.25-16.29.24:184][  0]LogAssetRegistry: FAssetRegistry took 0.0529 seconds to start up
[2019.07.25-16.29.35:382][  0]LogInit: Selected Device Profile: [Windows]
[2019.07.25-16.29.40:129][  0]LogSimplygon: Simplygon DLL not present - disabling.
[2019.07.25-16.29.40:473][  0]LogMeshReduction: Using SimplygonSwarm for distributed automatic mesh merging
[2019.07.25-16.29.40:473][  0]LogMeshReduction: Using ProxyLODMeshReduction for automatic mesh merging
[2019.07.25-16.29.40:474][  0]LogMeshReduction: Using QuadricMeshReduction for automatic static mesh reduction
[2019.07.25-16.29.40:474][  0]LogMeshReduction: No automatic skeletal mesh reduction module available
[2019.07.25-16.29.41:337][  0]LogNetVersion: Project_Tether 1.0.0, NetCL: 4212847, EngineNetVer: 5, GameNetVer: 0 (Checksum: 2290113244)
[2019.07.25-16.29.57:725][  0]LogPackageLocalizationCache: Processed 11 localized package path(s) for 2 prioritized culture(s) in 0.508645 seconds
[2019.07.25-16.29.57:940][  0]LogUObjectArray: 38425 objects as part of root set at end of initial load.
[2019.07.25-16.29.57:940][  0]LogUObjectAllocator: 6690864 out of 0 bytes used by permanent object pool.
[2019.07.25-16.29.57:940][  0]LogUObjectArray: CloseDisregardForGC: 0/0 objects in disregard for GC pool
[2019.07.25-16.30.18:541][  0]LogTcpMessaging: Initializing TcpMessaging bridge
[2019.07.25-16.30.18:576][  0]LogUdpMessaging: Initializing bridge on interface 0.0.0.0:0 to multicast group 230.0.0.1:6666.
[2019.07.25-16.30.19:265][  0]LogLinker: Warning: Can't find file '/Game/ThirdPersonCPP/Blueprints/ThirdPersonCharacter'
[2019.07.25-16.30.19:266][  0]LogLinker: Warning: Can't find file '/Game/ThirdPersonCPP/Blueprints/ThirdPersonCharacter'
[2019.07.25-16.30.19:266][  0]LogUObjectGlobals: Warning: Failed to find object 'Class /Game/ThirdPersonCPP/Blueprints/ThirdPersonCharacter.ThirdPersonCharacter_C'
[2019.07.25-16.30.19:272][  0]Error: CDO Constructor (Project_TetherGameMode): Failed to find /Game/ThirdPersonCPP/Blueprints/ThirdPersonCharacter.ThirdPersonCharacter_C

[2019.07.25-16.30.19:277][  0]LogUObjectBase: Warning: -------------- Default Property warnings and errors:
[2019.07.25-16.30.19:277][  0]LogUObjectBase: Warning: Error: CDO Constructor (Project_TetherGameMode): Failed to find /Game/ThirdPersonCPP/Blueprints/ThirdPersonCharacter.ThirdPersonCharacter_C

[2019.07.25-16.30.23:354][  0]LogWindowsTextInputMethodSystem: Display: IME system now deactivated.
[2019.07.25-16.30.23:999][  0]SourceControl: Source control is disabled
[2019.07.25-16.30.23:999][  0]SourceControl: Source control is disabled
[2019.07.25-16.30.24:094][  0]SourceControl: Source control is disabled
[2019.07.25-16.30.24:105][  0]SourceControl: Source control is disabled
[2019.07.25-16.30.25:439][  0]LogAndroidPermission: UAndroidPermissionCallbackProxy::GetInstance
[2019.07.25-16.30.25:745][  0]LogOcInput: OculusInput pre-init called
[2019.07.25-16.30.26:303][  0]LogEngine: Initializing Engine...
[2019.07.25-16.30.26:384][  0]LogHMD: Failed to initialize OpenVR with code 126
[2019.07.25-16.30.26:430][  0]LogStats: UGameplayTagsManager::ConstructGameplayTagTree: ImportINI prefixes -  0.021 s
[2019.07.25-16.30.26:430][  0]LogStats: UGameplayTagsManager::ConstructGameplayTagTree: Construct from data asset -  0.000 s
[2019.07.25-16.30.26:431][  0]LogStats: UGameplayTagsManager::ConstructGameplayTagTree: ImportINI -  0.000 s
[2019.07.25-16.30.26:431][  0]LogStats: UGameplayTagsManager::ConstructGameplayTagTree: GameplayTagTreeChangedEvent.Broadcast -  0.000 s
[2019.07.25-16.30.26:819][  0]LogInit: Initializing FReadOnlyCVARCache
[2019.07.25-16.30.27:319][  0]LogAIModule: Creating AISystem for world Untitled
[2019.07.25-16.30.27:550][  0]LogInit: XAudio2 using 'Speakers (2- Logitech G430 Gaming Headset)' : 2 channels at 48 kHz using 16 bits per sample (channel mask 0x3)
[2019.07.25-16.30.27:616][  0]LogInit: FAudioDevice initialized.
[2019.07.25-16.30.27:617][  0]LogNetVersion: Set ProjectVersion to 1.0.0.0. Version Checksum will be recalculated on next use.
[2019.07.25-16.30.27:705][  0]LogDerivedDataCache: Saved boot cache 0.09s 71MB C:/Users/aaron.hines/AppData/Local/UnrealEngine/4.20/DerivedDataCache/Boot.ddc.
[2019.07.25-16.30.27:705][  0]LogInit: Texture streaming: Enabled
[2019.07.25-16.30.27:833][  0]LogEngineSessionManager: EngineSessionManager initialized
[2019.07.25-16.30.28:053][  0]LogInit: Transaction tracking system initialized
[2019.07.25-16.30.28:438][  0]BlueprintLog: New page: Editor Load
[2019.07.25-16.30.29:923][  0]LocalizationService: Localization service is disabled
[2019.07.25-16.30.31:694][  0]LogFileCache: Scanning file cache for directory 'E:/Tether/Project_Tether/Project_Tether/Content/' took 0.04s
[2019.07.25-16.30.31:694][  0]LogCook: Display: Max memory allowance for cook 16384mb min free memory 0mb
[2019.07.25-16.30.31:702][  0]LogCook: Display: Mobile HDR setting 1
[2019.07.25-16.30.31:704][  0]LogGameplayTags: Display: UGameplayTagsManager::DoneAddingNativeTags. DelegateIsBound: 0
[2019.07.25-16.30.31:704][  0]LogStats: UGameplayTagsManager::ConstructGameplayTagTree: ImportINI prefixes -  0.000 s
[2019.07.25-16.30.31:705][  0]LogStats: UGameplayTagsManager::ConstructGameplayTagTree: Construct from data asset -  0.000 s
[2019.07.25-16.30.31:705][  0]LogStats: UGameplayTagsManager::ConstructGameplayTagTree: ImportINI -  0.000 s
[2019.07.25-16.30.31:705][  0]LogStats: UGameplayTagsManager::ConstructGameplayTagTree: GameplayTagTreeChangedEvent.Broadcast -  0.000 s
[2019.07.25-16.30.33:254][  0]SourceControl: Source control is disabled
[2019.07.25-16.30.33:275][  0]Cmd: MAP LOAD FILE="../../../../../Tether/Project_Tether/Project_Tether/Content/IronForgedGames/Core/Entity/Test/ThirdPersonCPP/Maps/ThirdPersonExampleMap.umap" TEMPLATE=0 SHOWPROGRESS=1 FEATURELEVEL=3
[2019.07.25-16.30.33:291][  0]LightingResults: New page: Lighting Build
[2019.07.25-16.30.33:503][  0]MapCheck: New page: Map Check
[2019.07.25-16.30.33:503][  0]LightingResults: New page: Lighting Build
[2019.07.25-16.30.36:053][  0]LogSkeletalMesh: Building Skeletal Mesh Sword...
[2019.07.25-16.30.36:106][  0]LogSkeletalMesh: Built Skeletal Mesh [0.05s] /Game/IronForgedGames/Content/Assets/Animations/Sword/Original/Weapon/Sword.Sword
[2019.07.25-16.30.36:126][  0]LogSkeletalMesh: Building Skeletal Mesh Shield...
[2019.07.25-16.30.36:126][  0]LogSkeletalMesh: Built Skeletal Mesh [0.00s] /Game/IronForgedGames/Content/Assets/Animations/Sword/Original/Weapon/Shield.Shield
[2019.07.25-16.30.36:313][  0]LogAIModule: Creating AISystem for world ThirdPersonExampleMap
[2019.07.25-16.30.36:869][  0]LogMaterial: Warning: Material /Game/IronForgedGames/Core/Entity/Test/StarterContent/Materials/M_Metal_Steel.M_Metal_Steel needed to have new flag set bUsedWithSkeletalMesh !
[2019.07.25-16.30.36:872][  0]LogMaterial: Display: Missing cached shader map for material M_Metal_Steel, compiling. 
[2019.07.25-16.30.37:074][  0]LogShaderCompilers: Display: Shaders left to compile 69
[2019.07.25-16.30.37:074][  0]LogShaderCompilers: Display: Shaders left to compile 59
[2019.07.25-16.30.37:074][  0]LogShaderCompilers: Display: Shaders left to compile 49
[2019.07.25-16.30.37:074][  0]LogShaderCompilers: Display: Shaders left to compile 39
[2019.07.25-16.30.37:074][  0]LogShaderCompilers: Display: Shaders left to compile 29
[2019.07.25-16.30.37:074][  0]MapCheck: Warning: M_Metal_Steel Material /Game/IronForgedGames/Core/Entity/Test/StarterContent/Materials/M_Metal_Steel.M_Metal_Steel was missing the usage flag bUsedWithSkeletalMesh. If the material asset is not re-saved, it may not render correctly when run outside the editor. Fix
[2019.07.25-16.30.37:297][  0]LogEditorServer: Finished looking for orphan Actors (0.000 secs)
[2019.07.25-16.30.37:604][  0]Cmd: MAP CHECKDEP NOCLEARLOG
[2019.07.25-16.30.37:672][  0]MapCheck: Map check complete: 0 Error(s), 1 Warning(s), took 68.808ms to complete.
[2019.07.25-16.30.37:853][  0]LogFileHelpers: Loading map 'ThirdPersonExampleMap' took 4.596
[2019.07.25-16.30.38:750][  0]LogWindowsTextInputMethodSystem: Display: IME system now deactivated.
[2019.07.25-16.30.39:676][  0]LogSlate: Updating window title bar state: overlay mode, drag disabled, window buttons hidden, title bar hidden
[2019.07.25-16.30.39:697][  0]LogSlate: Updating window title bar state: overlay mode, drag disabled, window buttons hidden, title bar hidden
[2019.07.25-16.30.39:708][  0]LogSlate: Updating window title bar state: overlay mode, drag disabled, window buttons hidden, title bar hidden
[2019.07.25-16.30.39:720][  0]LogSlate: Updating window title bar state: overlay mode, drag disabled, window buttons hidden, title bar hidden
[2019.07.25-16.30.39:896][  0]LogCollectionManager: Loaded 0 collections in 0.002343 seconds
[2019.07.25-16.30.40:079][  0]LogFileCache: Scanning file cache for directory 'E:/Tether/Project_Tether/Project_Tether/Saved/Collections/' took 0.01s
[2019.07.25-16.30.40:079][  0]LogFileCache: Scanning file cache for directory 'E:/Tether/Project_Tether/Project_Tether/Content/Developers/aaronhines/Collections/' took 0.01s
[2019.07.25-16.30.40:079][  0]LogFileCache: Scanning file cache for directory 'E:/Tether/Project_Tether/Project_Tether/Content/Collections/' took 0.01s
[2019.07.25-16.30.40:079][  0]LogCollectionManager: Rebuilt the GUID cache for 0 collections in 0.000000 seconds
[2019.07.25-16.30.40:112][  0]LogContentBrowser: Native class hierarchy populated in 0.0311 seconds. Added 2597 classes and 616 folders.
[2019.07.25-16.30.40:250][  0]LogContentBrowser: Native class hierarchy updated for 'WidgetCarousel' in 0.0010 seconds. Added 0 classes and 0 folders.
[2019.07.25-16.30.41:504][  0]LogContentBrowser: Native class hierarchy updated for 'AddContentDialog' in 0.0010 seconds. Added 0 classes and 0 folders.
[2019.07.25-16.30.41:644][  0]LogShaderCompilers: Display: Shaders left to compile 19
[2019.07.25-16.30.41:644][  0]LogContentBrowser: Native class hierarchy updated for 'SceneOutliner' in 0.0010 seconds. Added 1 classes and 2 folders.
[2019.07.25-16.30.45:438][  0]LogShaderCompilers: Display: Shaders left to compile 9
[2019.07.25-16.30.45:439][  0]LogTemp: Executing iPhonePackager certificates Engine -bundlename com.YourCompany.ProjectTether
[2019.07.25-16.30.45:439][  0]LogTemp: CWD: E:\Epic Games\UE_4.20\Engine\Binaries\DotNET\IOS
[2019.07.25-16.30.45:439][  0]LogTemp: Initial Dir: E:\Epic Games\UE_4.20
[2019.07.25-16.30.45:439][  0]LogTemp: Env CWD: E:\Epic Games\UE_4.20\Engine\Binaries\DotNET\IOS
[2019.07.25-16.30.45:439][  0]LogTemp: BranchPath = WSROLLER45/E/Epic Games/UE_4.20/Engine/Binaries --- GameBranchPath = WSROLLER45/E/Epic Games/UE_4.20/Engine/Binaries
[2019.07.25-16.30.45:439][  0]LogSlate: Only BGRA pngs, bmps or icos are supported in by External Image Picker
[2019.07.25-16.30.45:646][  0]LogTemp: IPP ERROR: Could not find provision directory 'C:\Users\aaron.hines\AppData\Local/Apple Computer/MobileDevice/Provisioning Profiles/'.
[2019.07.25-16.30.45:646][  0]LogSlate: Took 0.008195 seconds to synchronously load lazily loaded font '../../../Engine/Content/Slate/Fonts/Roboto-Regular.ttf' (155K)
[2019.07.25-16.30.45:729][  0]LogSlate: Took 0.032165 seconds to synchronously load lazily loaded font '../../../Engine/Content/Slate/Fonts/Roboto-Bold.ttf' (160K)
[2019.07.25-16.30.45:855][  0]LogSlate: Took 0.011516 seconds to synchronously load lazily loaded font '../../../Engine/Content/Editor/Slate/Fonts/FontAwesome.ttf' (139K)
[2019.07.25-16.30.45:932][  0]LogSlate: Took 0.029091 seconds to synchronously load lazily loaded font '../../../Engine/Content/Slate/Fonts/DroidSansMono.ttf' (77K)
[2019.07.25-16.30.46:711][  0]LogRenderer: Reallocating scene render targets to support 1208x516 Format 10 NumSamples 1 (Frame:1).
[2019.07.25-16.30.47:600][  0]LogContentBrowser: Native class hierarchy updated for 'HierarchicalLODOutliner' in 0.0009 seconds. Added 0 classes and 0 folders.
[2019.07.25-16.30.47:601][  0]LogLoad: (Engine Initialization) Total time: 110.43 seconds
[2019.07.25-16.30.47:601][  0]LogLoad: (Engine Initialization) Total Blueprint compile time: 0.00 seconds
[2019.07.25-16.30.48:063][  0]LogContentStreaming: Texture pool size now 1000 MB
[2019.07.25-16.30.48:801][  1]LogSlate: Took 0.007390 seconds to synchronously load lazily loaded font '../../../Engine/Content/Slate/Fonts/Roboto-Light.ttf' (167K)
[2019.07.25-16.30.48:864][  2]LogBlueprintUserMessages: [TopDownAnim_BP_C_0] Pawn does not have AnimBP hook
[2019.07.25-16.30.49:097][  3]LogAssetRegistry: Asset discovery search completed in 84.9390 seconds
[2019.07.25-16.30.49:105][  3]LogCollectionManager: Rebuilt the object cache for 0 collections in 0.000001 seconds (found 0 objects)
[2019.07.25-16.30.49:105][  3]LogCollectionManager: Fixed up redirectors for 0 collections in 0.005440 seconds (updated 0 objects)
[2019.07.25-16.31.19:643][265]LogSlate: FSceneViewport::OnFocusLost() reason 0
[2019.07.25-16.31.19:771][271]LogAssetEditorManager: Opening Asset editor for Blueprint /Game/IronForgedGames/Implementation/Gameplay/PlayerController/Test_TopDown_Controller/Blueprints/TopDownCharacter_BP.TopDownCharacter_BP
[2019.07.25-16.31.20:781][271]LogContentBrowser: Native class hierarchy updated for 'BlueprintGraph' in 0.0045 seconds. Added 116 classes and 0 folders.
[2019.07.25-16.31.22:602][271]LogAssetEditorManager: Opening Asset editor for Skeleton /Game/IronForgedGames/Core/Entity/Test/Mannequin/Character/Mesh/UE4_Mannequin_Skeleton.UE4_Mannequin_Skeleton
[2019.07.25-16.31.22:647][271]LogContentBrowser: Native class hierarchy updated for 'SkeletonEditor' in 0.0009 seconds. Added 1 classes and 2 folders.
[2019.07.25-16.31.23:178][271]LogActorComponent: RegisterComponentWithWorld: (/Engine/Transient.World_5:PersistentLevel.AnimationEditorPreviewActor_0.DebugSkelMeshComponent_0) Already registered. Aborting.
[2019.07.25-16.31.23:201][271]LogContentBrowser: Native class hierarchy updated for 'PinnedCommandList' in 0.0007 seconds. Added 1 classes and 0 folders.
[2019.07.25-16.31.23:378][271]LogSkeletalMesh: USkeletalMeshComponent::InitArticulated : Bodies already created (/Engine/Transient.World_5:PersistentLevel.AnimationEditorPreviewActor_0.DebugSkelMeshComponent_0) - call TermArticulated first.
[2019.07.25-16.31.23:945][271]LogBlueprintUserMessages: [TopDownAnim_BP_C_0] Pawn does not have AnimBP hook
[2019.07.25-16.31.24:172][271]LogSlate: Took 0.027818 seconds to synchronously load lazily loaded font '../../../Engine/Content/Slate/Fonts/Roboto-BoldCondensed.ttf' (158K)
[2019.07.25-16.31.24:223][271]LogContentBrowser: Native class hierarchy updated for 'ClothingSystemEditorInterface' in 0.0008 seconds. Added 1 classes and 0 folders.
[2019.07.25-16.31.24:770][272]LogRenderer: Reallocating scene render targets to support 1208x888 Format 10 NumSamples 1 (Frame:1).
[2019.07.25-16.31.24:792][272]LogSlate: Took 0.001120 seconds to synchronously load lazily loaded font '../../../Engine/Content/Slate/Fonts/Roboto-Italic.ttf' (157K)
[2019.07.25-16.31.26:029][382]LogSlate: Window 'TopDownCharacter_BP' being destroyed
[2019.07.25-16.31.32:313][ 80]LogSlate: FSceneViewport::OnFocusLost() reason 0
[2019.07.25-16.31.50:457][ 83]Cmd: TRANSACTION UNDO
[2019.07.25-16.31.50:457][ 83]LogEditorTransaction: Undo Translate Socket
[2019.07.25-16.31.50:597][ 83]LogActorComponent: RegisterComponentWithWorld: (/Engine/Transient.World_5:PersistentLevel.AnimationEditorPreviewActor_0.DebugSkelMeshComponent_0) Already registered. Aborting.
[2019.07.25-16.31.50:905][ 93]Cmd: TRANSACTION UNDO
[2019.07.25-16.31.50:905][ 93]LogEditorTransaction: Undo Translate Socket
[2019.07.25-16.31.51:007][ 93]LogActorComponent: RegisterComponentWithWorld: (/Engine/Transient.World_5:PersistentLevel.AnimationEditorPreviewActor_0.DebugSkelMeshComponent_0) Already registered. Aborting.
[2019.07.25-16.31.54:331][460]LogSlate: FSceneViewport::OnFocusLost() reason 0
[2019.07.25-16.31.55:052][522]LogSavePackage: Moving '../../../../../Tether/Project_Tether/Project_Tether/Saved/UE4_Mannequin_SkeletonF0F1C1204CC2475EEBC55F8EBBDB69EA.tmp' to '../../../../../Tether/Project_Tether/Project_Tether/Content/IronForgedGames/Core/Entity/Test/Mannequin/Character/Mesh/UE4_Mannequin_Skeleton.uasset'
[2019.07.25-16.32.41:269][908]LogSavePackage: Moving '../../../../../Tether/Project_Tether/Project_Tether/Saved/TopDownCharacter_BP55B6B90E4B66D4154C91D2A71747B31E.tmp' to '../../../../../Tether/Project_Tether/Project_Tether/Content/IronForgedGames/Implementation/Gameplay/PlayerController/Test_TopDown_Controller/Blueprints/TopDownCharacter_BP.uasset'
[2019.07.25-16.33.07:408][907]BlueprintLog: New page: Compile TopDownCharacter_BP
[2019.07.25-16.33.07:434][907]LogBlueprintUserMessages: [TopDownAnim_BP_C_0] Pawn does not have AnimBP hook
[2019.07.25-16.33.07:457][907]LogBlueprintUserMessages: [TopDownAnim_BP_C_1] Pawn does not have AnimBP hook
[2019.07.25-16.33.07:508][907]LogBlueprintUserMessages: [TopDownAnim_BP_C_0] Pawn does not have AnimBP hook
[2019.07.25-16.33.07:511][907]LogBlueprintUserMessages: [TopDownAnim_BP_C_1] Pawn does not have AnimBP hook
[2019.07.25-16.33.07:512][907]LogBlueprintUserMessages: [TopDownAnim_BP_C_0] Pawn does not have AnimBP hook
[2019.07.25-16.33.07:514][907]LogBlueprintUserMessages: [TopDownAnim_BP_C_1] Pawn does not have AnimBP hook
[2019.07.25-16.33.08:029][907]LogBlueprintUserMessages: [TopDownAnim_BP_C_0] Pawn does not have AnimBP hook
[2019.07.25-16.33.08:145][907]LogSavePackage: Moving '../../../../../Tether/Project_Tether/Project_Tether/Saved/TopDownCharacter_BP9B456D7043BB35722618199668F30164.tmp' to '../../../../../Tether/Project_Tether/Project_Tether/Content/IronForgedGames/Implementation/Gameplay/PlayerController/Test_TopDown_Controller/Blueprints/TopDownCharacter_BP.uasset'
[2019.07.25-16.34.14:444][717]BlueprintLog: New page: Compile TopDownCharacter_BP
[2019.07.25-16.34.14:476][717]LogBlueprintUserMessages: [TopDownAnim_BP_C_0] Pawn does not have AnimBP hook
[2019.07.25-16.34.14:478][717]LogBlueprintUserMessages: [TopDownAnim_BP_C_1] Pawn does not have AnimBP hook
[2019.07.25-16.34.14:480][717]LogBlueprintUserMessages: [TopDownAnim_BP_C_0] Pawn does not have AnimBP hook
[2019.07.25-16.34.14:482][717]LogBlueprintUserMessages: [TopDownAnim_BP_C_1] Pawn does not have AnimBP hook
[2019.07.25-16.34.14:483][717]LogBlueprintUserMessages: [TopDownAnim_BP_C_0] Pawn does not have AnimBP hook
[2019.07.25-16.34.14:485][717]LogBlueprintUserMessages: [TopDownAnim_BP_C_1] Pawn does not have AnimBP hook
[2019.07.25-16.34.14:612][717]LogBlueprintUserMessages: [TopDownAnim_BP_C_0] Pawn does not have AnimBP hook
[2019.07.25-16.34.14:729][717]LogSavePackage: Moving '../../../../../Tether/Project_Tether/Project_Tether/Saved/TopDownCharacter_BP40045B244351F1D4C1F26186A2B1C99B.tmp' to '../../../../../Tether/Project_Tether/Project_Tether/Content/IronForgedGames/Implementation/Gameplay/PlayerController/Test_TopDown_Controller/Blueprints/TopDownCharacter_BP.uasset'
[2019.07.25-16.34.46:447][511]LogEditorTransaction: Undo Move Nodes
[2019.07.25-16.34.47:000][511]LogActorComponent: RegisterComponentWithWorld: (/Engine/Transient.World_5:PersistentLevel.AnimationEditorPreviewActor_0.DebugSkelMeshComponent_0) Already registered. Aborting.
[2019.07.25-16.34.58:030][823]BlueprintLog: New page: Compile TopDownCharacter_BP
[2019.07.25-16.34.58:065][823]LogBlueprintUserMessages: [TopDownAnim_BP_C_0] Pawn does not have AnimBP hook
[2019.07.25-16.34.58:067][823]LogBlueprintUserMessages: [TopDownAnim_BP_C_1] Pawn does not have AnimBP hook
[2019.07.25-16.34.58:069][823]LogBlueprintUserMessages: [TopDownAnim_BP_C_0] Pawn does not have AnimBP hook
[2019.07.25-16.34.58:072][823]LogBlueprintUserMessages: [TopDownAnim_BP_C_1] Pawn does not have AnimBP hook
[2019.07.25-16.34.58:073][823]LogBlueprintUserMessages: [TopDownAnim_BP_C_0] Pawn does not have AnimBP hook
[2019.07.25-16.34.58:075][823]LogBlueprintUserMessages: [TopDownAnim_BP_C_1] Pawn does not have AnimBP hook
[2019.07.25-16.34.58:202][823]LogBlueprintUserMessages: [TopDownAnim_BP_C_0] Pawn does not have AnimBP hook
[2019.07.25-16.34.58:309][823]LogSavePackage: Moving '../../../../../Tether/Project_Tether/Project_Tether/Saved/TopDownCharacter_BP3554E7104C281B4B7E7B8D87FEA5BDA0.tmp' to '../../../../../Tether/Project_Tether/Project_Tether/Content/IronForgedGames/Implementation/Gameplay/PlayerController/Test_TopDown_Controller/Blueprints/TopDownCharacter_BP.uasset'
[2019.07.25-16.36.33:977][579]BlueprintLog: New page: Compile TopDownCharacter_BP
[2019.07.25-16.36.34:023][579]LogBlueprintUserMessages: [TopDownAnim_BP_C_0] Pawn does not have AnimBP hook
[2019.07.25-16.36.34:024][579]LogBlueprintUserMessages: [TopDownAnim_BP_C_1] Pawn does not have AnimBP hook
[2019.07.25-16.36.34:027][579]LogBlueprintUserMessages: [TopDownAnim_BP_C_0] Pawn does not have AnimBP hook
[2019.07.25-16.36.34:028][579]LogBlueprintUserMessages: [TopDownAnim_BP_C_1] Pawn does not have AnimBP hook
[2019.07.25-16.36.34:029][579]LogBlueprintUserMessages: [TopDownAnim_BP_C_0] Pawn does not have AnimBP hook
[2019.07.25-16.36.34:031][579]LogBlueprintUserMessages: [TopDownAnim_BP_C_1] Pawn does not have AnimBP hook
[2019.07.25-16.36.34:173][579]LogBlueprintUserMessages: [TopDownAnim_BP_C_0] Pawn does not have AnimBP hook
[2019.07.25-16.36.35:541][686]LogSavePackage: Moving '../../../../../Tether/Project_Tether/Project_Tether/Saved/ThirdPersonExampleMap52650A8F40952A62D34769BDCA616EE0.tmp' to '../../../../../Tether/Project_Tether/Project_Tether/Content/IronForgedGames/Core/Entity/Test/ThirdPersonCPP/Maps/ThirdPersonExampleMap.umap'
[2019.07.25-16.36.36:469][786]LogTemp: Repeating last play command: Selected Viewport
[2019.07.25-16.36.36:531][786]LogBlueprintUserMessages: Early PlayInEditor Detection: Level '/Game/IronForgedGames/Core/Entity/Test/ThirdPersonCPP/Maps/ThirdPersonExampleMap.ThirdPersonExampleMap:PersistentLevel' has LevelScriptBlueprint '/Game/IronForgedGames/Core/Entity/Test/ThirdPersonCPP/Maps/ThirdPersonExampleMap.ThirdPersonExampleMap:PersistentLevel.ThirdPersonExampleMap' with GeneratedClass '/Game/IronForgedGames/Core/Entity/Test/ThirdPersonCPP/Maps/ThirdPersonExampleMap.ThirdPersonExampleMap_C' with ClassGeneratedBy '/Game/IronForgedGames/Core/Entity/Test/ThirdPersonCPP/Maps/ThirdPersonExampleMap.ThirdPersonExampleMap:PersistentLevel.ThirdPersonExampleMap'
[2019.07.25-16.36.36:538][786]LogPlayLevel: PlayLevel: No blueprints needed recompiling
[2019.07.25-16.36.36:654][786]PIE: New page: PIE session: ThirdPersonExampleMap (Jul 25, 2019, 8:36:36 AM)
[2019.07.25-16.36.36:655][786]LogPlayLevel: Creating play world package: /Game/IronForgedGames/Core/Entity/Test/ThirdPersonCPP/Maps/UEDPIE_0_ThirdPersonExampleMap
[2019.07.25-16.36.36:703][786]LogPlayLevel: PIE: StaticDuplicateObject took: (0.047386s)
[2019.07.25-16.36.36:704][786]LogAIModule: Creating AISystem for world ThirdPersonExampleMap
[2019.07.25-16.36.36:705][786]LogPlayLevel: PIE: World Init took: (0.001681s)
[2019.07.25-16.36.36:720][786]LogPlayLevel: PIE: Created PIE world by copying editor world from /Game/IronForgedGames/Core/Entity/Test/ThirdPersonCPP/Maps/ThirdPersonExampleMap.ThirdPersonExampleMap to /Game/IronForgedGames/Core/Entity/Test/ThirdPersonCPP/Maps/UEDPIE_0_ThirdPersonExampleMap.ThirdPersonExampleMap (0.065222s)
[2019.07.25-16.36.36:846][786]LogInit: XAudio2 using 'Speakers (2- Logitech G430 Gaming Headset)' : 2 channels at 48 kHz using 16 bits per sample (channel mask 0x3)
[2019.07.25-16.36.36:864][786]LogInit: FAudioDevice initialized.
[2019.07.25-16.36.36:940][786]LogLoad: Game class is 'GameMode'
[2019.07.25-16.36.36:964][786]LogWorld: Bringing World /Game/IronForgedGames/Core/Entity/Test/ThirdPersonCPP/Maps/UEDPIE_0_ThirdPersonExampleMap.ThirdPersonExampleMap up for play (max tick rate 0) at 2019.07.25-12.36.36
[2019.07.25-16.36.36:979][786]LogWorld: Bringing up level for play took: 0.035788
[2019.07.25-16.36.37:150][786]LogContentBrowser: Native class hierarchy updated for 'MovieSceneCapture' in 0.0007 seconds. Added 10 classes and 0 folders.
[2019.07.25-16.36.37:157][786]LogGameMode: Display: Match State Changed from EnteringMap to WaitingToStart
[2019.07.25-16.36.37:158][786]LogGameState: Match State Changed from EnteringMap to WaitingToStart
[2019.07.25-16.36.37:158][786]LogGameMode: Display: Match State Changed from WaitingToStart to InProgress
[2019.07.25-16.36.37:159][786]LogTemp: Error: Health stat was found, the Vitals will not work
[2019.07.25-16.36.37:159][786]LogGameState: Match State Changed from WaitingToStart to InProgress
[2019.07.25-16.36.37:171][786]PIE: Play in editor start time for /Game/IronForgedGames/Core/Entity/Test/ThirdPersonCPP/Maps/UEDPIE_0_ThirdPersonExampleMap 0.738
[2019.07.25-16.36.37:171][786]LogBlueprintUserMessages: Late PlayInEditor Detection: Level '/Game/IronForgedGames/Core/Entity/Test/ThirdPersonCPP/Maps/ThirdPersonExampleMap.ThirdPersonExampleMap:PersistentLevel' has LevelScriptBlueprint '/Game/IronForgedGames/Core/Entity/Test/ThirdPersonCPP/Maps/ThirdPersonExampleMap.ThirdPersonExampleMap:PersistentLevel.ThirdPersonExampleMap' with GeneratedClass '/Game/IronForgedGames/Core/Entity/Test/ThirdPersonCPP/Maps/ThirdPersonExampleMap.ThirdPersonExampleMap_C' with ClassGeneratedBy '/Game/IronForgedGames/Core/Entity/Test/ThirdPersonCPP/Maps/ThirdPersonExampleMap.ThirdPersonExampleMap:PersistentLevel.ThirdPersonExampleMap'
[2019.07.25-16.36.41:589][289]LogBlueprintUserMessages: Early EndPlayMap Detection: Level '/Game/IronForgedGames/Core/Entity/Test/ThirdPersonCPP/Maps/ThirdPersonExampleMap.ThirdPersonExampleMap:PersistentLevel' has LevelScriptBlueprint '/Game/IronForgedGames/Core/Entity/Test/ThirdPersonCPP/Maps/ThirdPersonExampleMap.ThirdPersonExampleMap:PersistentLevel.ThirdPersonExampleMap' with GeneratedClass '/Game/IronForgedGames/Core/Entity/Test/ThirdPersonCPP/Maps/ThirdPersonExampleMap.ThirdPersonExampleMap_C' with ClassGeneratedBy '/Game/IronForgedGames/Core/Entity/Test/ThirdPersonCPP/Maps/ThirdPersonExampleMap.ThirdPersonExampleMap:PersistentLevel.ThirdPersonExampleMap'
[2019.07.25-16.36.41:609][289]LogSlate: Updating window title bar state: overlay mode, drag disabled, window buttons hidden, title bar hidden
[2019.07.25-16.36.41:727][289]LogPlayLevel: Display: Shutting down PIE online subsystems
[2019.07.25-16.36.41:727][289]LogBlueprintUserMessages: Late EndPlayMap Detection: Level '/Game/IronForgedGames/Core/Entity/Test/ThirdPersonCPP/Maps/ThirdPersonExampleMap.ThirdPersonExampleMap:PersistentLevel' has LevelScriptBlueprint '/Game/IronForgedGames/Core/Entity/Test/ThirdPersonCPP/Maps/ThirdPersonExampleMap.ThirdPersonExampleMap:PersistentLevel.ThirdPersonExampleMap' with GeneratedClass '/Game/IronForgedGames/Core/Entity/Test/ThirdPersonCPP/Maps/ThirdPersonExampleMap.ThirdPersonExampleMap_C' with ClassGeneratedBy '/Game/IronForgedGames/Core/Entity/Test/ThirdPersonCPP/Maps/ThirdPersonExampleMap.ThirdPersonExampleMap:PersistentLevel.ThirdPersonExampleMap'
[2019.07.25-16.36.41:797][289]LogSlate: Updating window title bar state: overlay mode, drag disabled, window buttons hidden, title bar hidden
[2019.07.25-16.36.41:859][290]LogPlayLevel: Display: Destroying online subsystem :Context_9
[2019.07.25-16.36.42:550][370]LogSlate: FSceneViewport::OnFocusLost() reason 0
[2019.07.25-16.36.46:662][807]LogSlate: FSceneViewport::OnFocusLost() reason 0
[2019.07.25-16.36.50:146][180]LogSlate: FSceneViewport::OnFocusLost() reason 0
[2019.07.25-16.36.57:941][ 45]LogActorComponent: UnregisterComponent: (/Engine/Transient.SphereBrushComponent) Not registered. Aborting.
[2019.07.25-16.37.06:191][ 13]LogSlate: FSceneViewport::OnFocusLost() reason 0
[2019.07.25-16.37.14:246][699]LogSlate: FSceneViewport::OnFocusLost() reason 0
[2019.07.25-16.37.14:539][709]LogSavePackage: Moving '../../../../../Tether/Project_Tether/Project_Tether/Saved/ThirdPersonExampleMap443BC01F4AA4B67AD0F60784F5C28B52.tmp' to '../../../../../Tether/Project_Tether/Project_Tether/Content/IronForgedGames/Core/Entity/Test/ThirdPersonCPP/Maps/ThirdPersonExampleMap.umap'
