Log file open, 07/31/19 22:41:15
LogWindows: Failed to load 'aqProf.dll' (GetLastError=126)
LogWindows: File 'aqProf.dll' does not exist
LogWindows: Failed to load 'VtuneApi.dll' (GetLastError=126)
LogWindows: File 'VtuneApi.dll' does not exist
LogWindows: Failed to load 'VtuneApi32e.dll' (GetLastError=126)
LogWindows: File 'VtuneApi32e.dll' does not exist
LogInit: Display: Running engine for game: Project_Tether
LogPlatformFile: Not using cached read wrapper
LogTaskGraph: Started task graph with 5 named threads and 35 total threads with 3 sets of task threads.
LogStats: Stats thread started at 0.396639
LogD3D11RHI: Loaded GFSDK_Aftermath_Lib.x64.dll
LogICUInternationalization: Display: ICU TimeZone Detection - Raw Offset: -5:00, Platform Override: ''
LogPluginManager: Mounting plugin Paper2D
LogPluginManager: Mounting plugin AISupport
LogPluginManager: Mounting plugin LightPropagationVolume
LogPluginManager: Mounting plugin CLionSourceCodeAccess
LogPluginManager: Mounting plugin CodeLiteSourceCodeAccess
LogPluginManager: Mounting plugin GitSourceControl
LogPluginManager: Mounting plugin KDevelopSourceCodeAccess
LogPluginManager: Mounting plugin NullSourceCodeAccess
LogPluginManager: Mounting plugin PerforceSourceControl
LogPluginManager: Mounting plugin SubversionSourceControl
LogPluginManager: Mounting plugin UObjectPlugin
LogPluginManager: Mounting plugin VisualStudioCodeSourceCodeAccess
LogPluginManager: Mounting plugin VisualStudioSourceCodeAccess
LogPluginManager: Mounting plugin XCodeSourceCodeAccess
LogPluginManager: Mounting plugin AssetManagerEditor
LogPluginManager: Mounting plugin CryptoKeys
LogPluginManager: Mounting plugin DataValidation
LogPluginManager: Mounting plugin FacialAnimation
LogPluginManager: Mounting plugin GameplayTagsEditor
LogPluginManager: Mounting plugin MacGraphicsSwitching
LogPluginManager: Mounting plugin MeshEditor
LogPluginManager: Mounting plugin MobileLauncherProfileWizard
LogPluginManager: Mounting plugin PluginBrowser
LogPluginManager: Mounting plugin SpeedTreeImporter
LogPluginManager: Mounting plugin DatasmithContent
LogPluginManager: Mounting plugin AlembicImporter
LogPluginManager: Mounting plugin AppleImageUtils
LogPluginManager: Mounting plugin AppleVision
LogPluginManager: Mounting plugin BackChannel
LogPluginManager: Mounting plugin CharacterAI
LogPluginManager: Mounting plugin GeometryCache
LogPluginManager: Mounting plugin HTML5Networking
LogPluginManager: Mounting plugin ProxyLODPlugin
LogPluginManager: Mounting plugin MagicLeap
LogPluginManager: Mounting plugin MagicLeapEmulator
LogPluginManager: Mounting plugin MagicLeapMedia
LogPluginManager: Mounting plugin AndroidMedia
LogPluginManager: Mounting plugin AvfMedia
LogPluginManager: Mounting plugin ImgMedia
LogPluginManager: Mounting plugin LinearTimecode
LogPluginManager: Mounting plugin MediaCompositing
LogPluginManager: Mounting plugin MediaPlayerEditor
LogPluginManager: Mounting plugin WmfMedia
LogPluginManager: Mounting plugin TcpMessaging
LogPluginManager: Mounting plugin UdpMessaging
LogPluginManager: Mounting plugin ActorSequence
LogPluginManager: Mounting plugin LevelSequenceEditor
LogPluginManager: Mounting plugin MatineeToLevelSequence
LogPluginManager: Mounting plugin NetcodeUnitTest
LogPluginManager: Mounting plugin NUTUnrealEngine4
LogPluginManager: Mounting plugin OnlineSubsystemGooglePlay
LogPluginManager: Mounting plugin OnlineSubsystemIOS
LogPluginManager: Mounting plugin OnlineSubsystem
LogPluginManager: Mounting plugin OnlineSubsystemNull
LogPluginManager: Mounting plugin OnlineSubsystemUtils
LogPluginManager: Mounting plugin LauncherChunkInstaller
LogPluginManager: Mounting plugin AndroidDeviceProfileSelector
LogPluginManager: Mounting plugin AndroidMoviePlayer
LogPluginManager: Mounting plugin AndroidPermission
LogPluginManager: Mounting plugin AppleMoviePlayer
LogPluginManager: Mounting plugin ArchVisCharacter
LogPluginManager: Mounting plugin AudioCapture
LogPluginManager: Mounting plugin CableComponent
LogPluginManager: Mounting plugin CustomMeshComponent
LogPluginManager: Mounting plugin EditableMesh
LogPluginManager: Mounting plugin ExampleDeviceProfileSelector
LogPluginManager: Mounting plugin GoogleCloudMessaging
LogPluginManager: Mounting plugin ImmediatePhysics
LogPluginManager: Mounting plugin IOSDeviceProfileSelector
LogPluginManager: Mounting plugin LinuxDeviceProfileSelector
LogPluginManager: Mounting plugin LocationServicesBPLibrary
LogPluginManager: Mounting plugin MobilePatchingUtils
LogPluginManager: Mounting plugin OculusVR
LogPluginManager: Plugin shader directory ../../../Engine/Plugins/Runtime/Oculus/OculusVR/Shaders found
LogPluginManager: Mapping shader source directory ../../../Engine/Plugins/Runtime/Oculus/OculusVR/Shaders to virtual directory /Plugin/OculusVR
LogPluginManager: Mounting plugin PhysXVehicles
LogPluginManager: Mounting plugin ProceduralMeshComponent
LogPluginManager: Mounting plugin RuntimePhysXCooking
LogPluginManager: Mounting plugin SteamVR
LogPluginManager: Mounting plugin WindowsMoviePlayer
LogStreaming: Display: Took  0.065s to configure plugins.
LogInit: Using libcurl 7.55.1-DEV
LogInit:  - built for x86_64-pc-win32
LogInit:  - supports SSL with OpenSSL/1.0.2h
LogInit:  - supports HTTP deflate (compression) using libz 1.2.8
LogInit:  - other features:
LogInit:      CURL_VERSION_SSL
LogInit:      CURL_VERSION_LIBZ
LogInit:      CURL_VERSION_IPV6
LogInit:      CURL_VERSION_ASYNCHDNS
LogInit:      CURL_VERSION_LARGEFILE
LogInit:      CURL_VERSION_IDN
LogInit:  CurlRequestOptions (configurable via config and command line):
LogInit:  - bVerifyPeer = false  - Libcurl will NOT verify peer certificate
LogInit:  - bUseHttpProxy = false  - Libcurl will NOT use HTTP proxy
LogInit:  - bDontReuseConnections = false  - Libcurl will reuse connections
LogInit:  - CertBundlePath = nullptr  - Libcurl will use whatever was configured at build time.
LogInit:  - MaxHostConnections = 16  - Libcurl will limit the number of connections to a host
LogInit:  - LocalHostAddr = Default
LogInit:  - BufferSize = 65536
LogInit: WinSock: version 1.1 (2.2), MaxSocks=32767, MaxUdp=65467
LogInit: Build: ++UE4+Release-4.20-CL-4369336
LogInit: Engine Version: 4.20.3-4369336+++UE4+Release-4.20
LogInit: Compatible Engine Version: 4.20.0-4212847+++UE4+Release-4.20
LogInit: Net CL: 4212847
LogInit: OS: Windows 10 (), CPU: Intel(R) Core(TM) i7-8700K CPU @ 3.70GHz, GPU: NVIDIA GeForce GTX 1060 6GB
LogInit: Compiled (64-bit): Sep 17 2018 12:26:19
LogInit: Compiled with Visual C++: 19.13.26129.00
LogInit: Build Configuration: Development
LogInit: Branch Name: ++UE4+Release-4.20
LogInit: Command Line:  
LogInit: Base Directory: E:/Epic Games Games/UE_4.20/Engine/Binaries/Win64/
LogInit: Installed Engine Build: 1
LogDevObjectVersion: Number of dev versions registered: 20
LogDevObjectVersion:   Dev-Blueprints (B0D832E4-1F89-4F0D-ACCF-7EB736FD4AA2): 10
LogDevObjectVersion:   Dev-Build (E1C64328-A22C-4D53-A36C-8E866417BD8C): 0
LogDevObjectVersion:   Dev-Core (375EC13C-06E4-48FB-B500-84F0262A717E): 2
LogDevObjectVersion:   Dev-Editor (E4B068ED-F494-42E9-A231-DA0B2E46BB41): 24
LogDevObjectVersion:   Dev-Framework (CFFC743F-43B0-4480-9391-14DF171D2073): 34
LogDevObjectVersion:   Dev-Mobile (B02B49B5-BB20-44E9-A304-32B752E40360): 2
LogDevObjectVersion:   Dev-Networking (A4E4105C-59A1-49B5-A7C5-40C4547EDFEE): 0
LogDevObjectVersion:   Dev-Online (39C831C9-5AE6-47DC-9A44-9C173E1C8E7C): 0
LogDevObjectVersion:   Dev-Physics (78F01B33-EBEA-4F98-B9B4-84EACCB95AA2): 0
LogDevObjectVersion:   Dev-Platform (6631380F-2D4D-43E0-8009-CF276956A95A): 0
LogDevObjectVersion:   Dev-Rendering (12F88B9F-8875-4AFC-A67C-D90C383ABD29): 26
LogDevObjectVersion:   Dev-Sequencer (7B5AE74C-D270-4C10-A958-57980B212A5A): 9
LogDevObjectVersion:   Dev-VR (D7296918-1DD6-4BDD-9DE2-64A83CC13884): 2
LogDevObjectVersion:   Dev-LoadTimes (C2A15278-BFE7-4AFE-6C17-90FF531DF755): 1
LogDevObjectVersion:   Private-Geometry (6EACA3D4-40EC-4CC1-B786-8BED09428FC5): 3
LogDevObjectVersion:   Dev-AnimPhys (29E575DD-E0A3-4627-9D10-D276232CDCEA): 17
LogDevObjectVersion:   Dev-ReflectionCapture (6B266CEC-1EC7-4B8F-A30B-E4D90942FC07): 1
LogDevObjectVersion:   Dev-Automation (0DF73D61-A23F-47EA-B727-89E90C41499A): 1
LogDevObjectVersion:   FortniteMain (601D1886-AC64-4F84-AA16-D3DE0DEAC7D6): 12
LogDevObjectVersion:   Dev-Enterprise (9DFFBCD6-494F-0158-E221-12823C92A888): 1
LogStreaming: Display: Took  0.001s to delete old logs.
LogInit: Presizing for max 8388607 objects, including 0 objects not considered by GC, pre-allocating 0 bytes for permanent pool.
LogInit: Object subsystem initialized
[2019.08.01-02.41.15:880][  0]LogInit: Selected Device Profile: [Windows]
[2019.08.01-02.41.15:880][  0]LogInit: Applying CVar settings loaded from the selected device profile: [Windows]
[2019.08.01-02.41.15:902][  0]LogHAL: Display: Platform has ~ 16 GB [17121992704 / 17179869184 / 16], which maps to Larger [LargestMinGB=32, LargerMinGB=12, DefaultMinGB=8, SmallerMinGB=6, SmallestMinGB=0)
[2019.08.01-02.41.15:902][  0]LogInit: Setting Device Profile CVar: [[r.Vulkan.UseRealUBs:1]]
[2019.08.01-02.41.15:902][  0]LogInit: Going up to parent DeviceProfile []
[2019.08.01-02.41.15:902][  0]LogInit: Computer: AARONS-DESKTOP
[2019.08.01-02.41.15:902][  0]LogInit: User: AaronsDesktop
[2019.08.01-02.41.15:902][  0]LogInit: CPU Page size=4096, Cores=6
[2019.08.01-02.41.15:902][  0]LogInit: High frequency timer resolution =3.609378 MHz
[2019.08.01-02.41.15:903][  0]LogMemory: Memory total: Physical=15.9GB (16GB approx)
[2019.08.01-02.41.15:903][  0]LogMemory: Platform Memory Stats for Windows
[2019.08.01-02.41.15:903][  0]LogMemory: Process Physical Memory: 102.91 MB used, 102.91 MB peak
[2019.08.01-02.41.15:903][  0]LogMemory: Process Virtual Memory: 98.38 MB used, 98.38 MB peak
[2019.08.01-02.41.15:903][  0]LogMemory: Physical Memory: 7138.64 MB used,  9190.17 MB free, 16328.80 MB total
[2019.08.01-02.41.15:903][  0]LogMemory: Virtual Memory: 4669.73 MB used,  9190.17 MB free, 134217728.00 MB total
[2019.08.01-02.41.15:934][  0]LogInit: Using OS detected language (en-US).
[2019.08.01-02.41.15:934][  0]LogInit: Using OS detected locale (en-US).
[2019.08.01-02.41.15:935][  0]LogTextLocalizationManager: No specific localization for 'en-US' exists, so the 'en' localization will be used.
[2019.08.01-02.41.16:239][  0]LogStreaming: Display: Took  0.304s to InitEngineTextLocalization.
[2019.08.01-02.41.16:239][  0]LogInit: Setting process to per monitor DPI aware
[2019.08.01-02.41.16:259][  0]LogSlate: New Slate User Created.  User Index 0, Is Virtual User: 0
[2019.08.01-02.41.16:259][  0]LogSlate: Slate User Registered.  User Index 0, Is Virtual User: 0
[2019.08.01-02.41.16:393][  0]LogHMD: Failed to initialize OpenVR with code 110
[2019.08.01-02.41.16:393][  0]LogD3D11RHI: D3D11 adapters:
[2019.08.01-02.41.16:444][  0]LogD3D11RHI:    0. 'NVIDIA GeForce GTX 1060 6GB' (Feature Level 11_0)
[2019.08.01-02.41.16:444][  0]LogD3D11RHI:       6052/0/8164 MB DedicatedVideo/DedicatedSystem/SharedSystem, Outputs:2, VendorId:0x10de
[2019.08.01-02.41.16:446][  0]LogD3D11RHI:    1. 'Microsoft Basic Render Driver' (Feature Level 11_0)
[2019.08.01-02.41.16:446][  0]LogD3D11RHI:       0/0/8164 MB DedicatedVideo/DedicatedSystem/SharedSystem, Outputs:0, VendorId:0x1414
[2019.08.01-02.41.16:446][  0]LogD3D11RHI: Chosen D3D11 Adapter: 0
[2019.08.01-02.41.16:453][  0]LogD3D11RHI: Creating new Direct3DDevice
[2019.08.01-02.41.16:453][  0]LogD3D11RHI:     GPU DeviceId: 0x1c03 (for the marketing name, search the web for "GPU Device Id")
[2019.08.01-02.41.16:453][  0]LogWindows: EnumDisplayDevices:
[2019.08.01-02.41.16:453][  0]LogWindows:    0. 'NVIDIA GeForce GTX 1060 6GB' (P:1 D:1)
[2019.08.01-02.41.16:454][  0]LogWindows:    1. 'NVIDIA GeForce GTX 1060 6GB' (P:0 D:1)
[2019.08.01-02.41.16:454][  0]LogWindows:    2. 'NVIDIA GeForce GTX 1060 6GB' (P:0 D:0)
[2019.08.01-02.41.16:454][  0]LogWindows:    3. 'NVIDIA GeForce GTX 1060 6GB' (P:0 D:0)
[2019.08.01-02.41.16:454][  0]LogWindows: DebugString: FoundDriverCount:4 
[2019.08.01-02.41.16:454][  0]LogD3D11RHI:     Adapter Name: NVIDIA GeForce GTX 1060 6GB
[2019.08.01-02.41.16:454][  0]LogD3D11RHI:   Driver Version: 418.81 (internal:25.21.14.1881, unified:418.81)
[2019.08.01-02.41.16:454][  0]LogD3D11RHI:      Driver Date: 1-30-2019
[2019.08.01-02.41.16:454][  0]LogRHI: Texture pool is 4236 MB (70% of 6052 MB)
[2019.08.01-02.41.16:489][  0]LogD3D11RHI: Async texture creation enabled
[2019.08.01-02.41.16:513][  0]LogD3D11RHI: GPU Timing Frequency: 1000.000000 (Debug: 2 1)
[2019.08.01-02.41.16:613][  0]LogShaderCompilers: Guid format shader working directory is -14 characters bigger than the processId version (../../../../../Projects/IronForgedGames/Project_Tether/Project_Tether/Intermediate/Shaders/WorkingDirectory/20308/).
[2019.08.01-02.41.16:613][  0]LogShaderCompilers: Cleaned the shader compiler working directory 'C:/Users/Aaron's Desktop/AppData/Local/Temp/UnrealShaderWorkingDir/E205DFE14A42AAEE3332FE8795AE0BFC/'.
[2019.08.01-02.41.16:847][  0]LogTemp: Display: Loaded TP AllDesktopTargetPlatform
[2019.08.01-02.41.16:857][  0]LogTemp: Display: Loaded TP MacClientTargetPlatform
[2019.08.01-02.41.16:866][  0]LogTemp: Display: Loaded TP MacNoEditorTargetPlatform
[2019.08.01-02.41.16:875][  0]LogTemp: Display: Loaded TP MacServerTargetPlatform
[2019.08.01-02.41.16:885][  0]LogTemp: Display: Loaded TP MacTargetPlatform
[2019.08.01-02.41.16:894][  0]LogTemp: Display: Loaded TP WindowsClientTargetPlatform
[2019.08.01-02.41.16:904][  0]LogTemp: Display: Loaded TP WindowsNoEditorTargetPlatform
[2019.08.01-02.41.16:913][  0]LogTemp: Display: Loaded TP WindowsServerTargetPlatform
[2019.08.01-02.41.16:918][  0]LogTemp: Display: Loaded TP WindowsTargetPlatform
[2019.08.01-02.41.16:977][  0]LogTemp: Display: Loaded TP AndroidTargetPlatform
[2019.08.01-02.41.16:977][  0]LogTemp: Display: Loaded TP AndroidTargetPlatform
[2019.08.01-02.41.16:977][  0]LogTemp: Display: Loaded TP AndroidTargetPlatform
[2019.08.01-02.41.16:977][  0]LogTemp: Display: Loaded TP AndroidTargetPlatform
[2019.08.01-02.41.16:977][  0]LogTemp: Display: Loaded TP AndroidTargetPlatform
[2019.08.01-02.41.16:977][  0]LogTemp: Display: Loaded TP AndroidTargetPlatform
[2019.08.01-02.41.16:977][  0]LogTemp: Display: Loaded TP AndroidTargetPlatform
[2019.08.01-02.41.16:977][  0]LogTemp: Display: Loaded TP AndroidTargetPlatform
[2019.08.01-02.41.16:977][  0]LogTemp: Display: Loaded TP AndroidTargetPlatform
[2019.08.01-02.41.16:977][  0]LogTemp: Display: Loaded TP AndroidTargetPlatform
[2019.08.01-02.41.16:977][  0]LogTemp: Display: Loaded TP AndroidTargetPlatform
[2019.08.01-02.41.16:977][  0]LogTemp: Display: Loaded TP AndroidTargetPlatform
[2019.08.01-02.41.16:977][  0]LogTemp: Display: Loaded TP AndroidTargetPlatform
[2019.08.01-02.41.16:977][  0]LogTemp: Display: Loaded TP AndroidTargetPlatform
[2019.08.01-02.41.16:977][  0]LogTemp: Display: Loaded TP AndroidTargetPlatform
[2019.08.01-02.41.16:977][  0]LogTemp: Display: Loaded TP AndroidTargetPlatform
[2019.08.01-02.41.16:977][  0]LogTemp: Display: Loaded TP AndroidTargetPlatform
[2019.08.01-02.41.16:977][  0]LogTemp: Display: Loaded TP AndroidTargetPlatform
[2019.08.01-02.41.16:978][  0]LogTemp: Display: Loaded TP HTML5TargetPlatform
[2019.08.01-02.41.17:030][  0]LogTemp: Display: Loaded TP IOSTargetPlatform
[2019.08.01-02.41.17:030][  0]LogTemp: Display: Loaded TP IOSTargetPlatform
[2019.08.01-02.41.17:058][  0]LogTemp: Display: Loaded TP TVOSTargetPlatform
[2019.08.01-02.41.17:058][  0]LogTemp: Display: Loaded TP TVOSTargetPlatform
[2019.08.01-02.41.17:074][  0]LogTemp: Display: Loaded TP LinuxClientTargetPlatform
[2019.08.01-02.41.17:083][  0]LogTemp: Display: Loaded TP LinuxNoEditorTargetPlatform
[2019.08.01-02.41.17:093][  0]LogTemp: Display: Loaded TP LinuxServerTargetPlatform
[2019.08.01-02.41.17:103][  0]LogTemp: Display: Loaded TP LinuxTargetPlatform
[2019.08.01-02.41.17:109][  0]LogTemp: Display: Loaded TP LuminTargetPlatform
[2019.08.01-02.41.17:109][  0]LogTargetPlatformManager: Display: Building Assets For Windows
[2019.08.01-02.41.17:144][  0]LogXGEController: Cleaning working directory: C:/Users/Aaron's Desktop/AppData/Local/Temp/UnrealXGEWorkingDir/
[2019.08.01-02.41.17:144][  0]LogXGEController: Cannot use XGE Controller as Incredibuild is not installed on this machine.
[2019.08.01-02.41.17:144][  0]LogShaderCompilers: Cannot use XGE Shader Compiler as Incredibuild is not installed on this machine.
[2019.08.01-02.41.17:144][  0]LogShaderCompilers: Display: Using Local Shader Compiler.
[2019.08.01-02.41.17:714][  0]LogDerivedDataCache: Display: Max Cache Size: 512 MB
[2019.08.01-02.41.17:774][  0]LogDerivedDataCache: Loaded boot cache 0.06s 71MB C:/Users/Aaron's Desktop/AppData/Local/UnrealEngine/4.20/DerivedDataCache/Boot.ddc.
[2019.08.01-02.41.17:774][  0]LogDerivedDataCache: Display: Loaded Boot cache: C:/Users/Aaron's Desktop/AppData/Local/UnrealEngine/4.20/DerivedDataCache/Boot.ddc
[2019.08.01-02.41.17:774][  0]LogDerivedDataCache: FDerivedDataBackendGraph:  Pak pak cache file ../../../../../Projects/IronForgedGames/Project_Tether/Project_Tether/DerivedDataCache/DDC.ddp not found, will not use a pak cache.
[2019.08.01-02.41.17:774][  0]LogDerivedDataCache: Unable to find inner node Pak for hierarchical cache Hierarchy.
[2019.08.01-02.41.17:774][  0]LogDerivedDataCache: FDerivedDataBackendGraph:  CompressedPak pak cache file ../../../../../Projects/IronForgedGames/Project_Tether/Project_Tether/DerivedDataCache/Compressed.ddp not found, will not use a pak cache.
[2019.08.01-02.41.17:774][  0]LogDerivedDataCache: Unable to find inner node CompressedPak for hierarchical cache Hierarchy.
[2019.08.01-02.41.17:787][  0]LogDerivedDataCache: Display: Pak cache opened for reading ../../../Engine/DerivedDataCache/Compressed.ddp.
[2019.08.01-02.41.17:799][  0]LogDerivedDataCache: Using Local data cache path C:/Users/Aaron's Desktop/AppData/Local/UnrealEngine/Common/DerivedDataCache: Writable
[2019.08.01-02.41.17:799][  0]LogDerivedDataCache: Shared data cache path not found in *engine.ini, will not use an Shared cache.
[2019.08.01-02.41.17:799][  0]LogDerivedDataCache: Unable to find inner node Shared for hierarchical cache Hierarchy.
[2019.08.01-02.41.17:814][  0]LogMaterial: Verifying Global Shaders for PCD3D_SM5
[2019.08.01-02.41.17:815][  0]LogSlate: Using FreeType 2.6.0
[2019.08.01-02.41.17:815][  0]LogSlate: SlateFontServices - WITH_FREETYPE: 1, WITH_HARFBUZZ: 1
[2019.08.01-02.41.17:879][  0]LogAssetRegistry: FAssetRegistry took 0.0253 seconds to start up
[2019.08.01-02.41.18:117][  0]LogInit: Selected Device Profile: [Windows]
[2019.08.01-02.41.18:213][  0]LogSimplygon: Simplygon DLL not present - disabling.
[2019.08.01-02.41.18:215][  0]LogMeshReduction: Using SimplygonSwarm for distributed automatic mesh merging
[2019.08.01-02.41.18:215][  0]LogMeshReduction: Using ProxyLODMeshReduction for automatic mesh merging
[2019.08.01-02.41.18:215][  0]LogMeshReduction: Using QuadricMeshReduction for automatic static mesh reduction
[2019.08.01-02.41.18:215][  0]LogMeshReduction: No automatic skeletal mesh reduction module available
[2019.08.01-02.41.18:230][  0]LogNetVersion: Project_Tether 1.0.0, NetCL: 4212847, EngineNetVer: 5, GameNetVer: 0 (Checksum: 2290113244)
[2019.08.01-02.41.18:636][  0]LogPackageLocalizationCache: Processed 11 localized package path(s) for 2 prioritized culture(s) in 0.080021 seconds
[2019.08.01-02.41.18:641][  0]LogUObjectArray: 38425 objects as part of root set at end of initial load.
[2019.08.01-02.41.18:641][  0]LogUObjectAllocator: 6690872 out of 0 bytes used by permanent object pool.
[2019.08.01-02.41.18:641][  0]LogUObjectArray: CloseDisregardForGC: 0/0 objects in disregard for GC pool
[2019.08.01-02.41.19:326][  0]LogTcpMessaging: Initializing TcpMessaging bridge
[2019.08.01-02.41.19:340][  0]LogUdpMessaging: Initializing bridge on interface 0.0.0.0:0 to multicast group 230.0.0.1:6666.
[2019.08.01-02.41.19:439][  0]LogLinker: Warning: Can't find file '/Game/ThirdPersonCPP/Blueprints/ThirdPersonCharacter'
[2019.08.01-02.41.19:439][  0]LogLinker: Warning: Can't find file '/Game/ThirdPersonCPP/Blueprints/ThirdPersonCharacter'
[2019.08.01-02.41.19:439][  0]LogUObjectGlobals: Warning: Failed to find object 'Class /Game/ThirdPersonCPP/Blueprints/ThirdPersonCharacter.ThirdPersonCharacter_C'
[2019.08.01-02.41.19:439][  0]Error: CDO Constructor (Project_TetherGameMode): Failed to find /Game/ThirdPersonCPP/Blueprints/ThirdPersonCharacter.ThirdPersonCharacter_C

[2019.08.01-02.41.19:439][  0]LogUObjectBase: Warning: -------------- Default Property warnings and errors:
[2019.08.01-02.41.19:439][  0]LogUObjectBase: Warning: Error: CDO Constructor (Project_TetherGameMode): Failed to find /Game/ThirdPersonCPP/Blueprints/ThirdPersonCharacter.ThirdPersonCharacter_C

[2019.08.01-02.41.21:240][  0]LogWindowsTextInputMethodSystem: Display: IME system now deactivated.
[2019.08.01-02.41.21:270][  0]SourceControl: Source control is disabled
[2019.08.01-02.41.21:270][  0]SourceControl: Source control is disabled
[2019.08.01-02.41.21:271][  0]SourceControl: Source control is disabled
[2019.08.01-02.41.21:271][  0]SourceControl: Source control is disabled
[2019.08.01-02.41.21:427][  0]LogAndroidPermission: UAndroidPermissionCallbackProxy::GetInstance
[2019.08.01-02.41.21:538][  0]LogOcInput: OculusInput pre-init called
[2019.08.01-02.41.21:584][  0]LogEngine: Initializing Engine...
[2019.08.01-02.41.21:584][  0]LogHMD: Failed to initialize OpenVR with code 110
[2019.08.01-02.41.21:585][  0]LogStats: UGameplayTagsManager::ConstructGameplayTagTree: ImportINI prefixes -  0.000 s
[2019.08.01-02.41.21:585][  0]LogStats: UGameplayTagsManager::ConstructGameplayTagTree: Construct from data asset -  0.000 s
[2019.08.01-02.41.21:586][  0]LogStats: UGameplayTagsManager::ConstructGameplayTagTree: ImportINI -  0.000 s
[2019.08.01-02.41.21:586][  0]LogStats: UGameplayTagsManager::ConstructGameplayTagTree: GameplayTagTreeChangedEvent.Broadcast -  0.000 s
[2019.08.01-02.41.21:753][  0]LogInit: Initializing FReadOnlyCVARCache
[2019.08.01-02.41.21:762][  0]LogAIModule: Creating AISystem for world Untitled
[2019.08.01-02.41.21:784][  0]LogInit: XAudio2 using 'Speakers (2- USB PnP Audio Device)' : 2 channels at 48 kHz using 16 bits per sample (channel mask 0x3)
[2019.08.01-02.41.21:796][  0]LogInit: FAudioDevice initialized.
[2019.08.01-02.41.21:796][  0]LogNetVersion: Set ProjectVersion to 1.0.0.0. Version Checksum will be recalculated on next use.
[2019.08.01-02.41.21:846][  0]LogDerivedDataCache: Saved boot cache 0.05s 71MB C:/Users/Aaron's Desktop/AppData/Local/UnrealEngine/4.20/DerivedDataCache/Boot.ddc.
[2019.08.01-02.41.21:858][  0]LogInit: Texture streaming: Enabled
[2019.08.01-02.41.21:867][  0]LogEngineSessionManager: EngineSessionManager initialized
[2019.08.01-02.41.21:877][  0]LogInit: Transaction tracking system initialized
[2019.08.01-02.41.21:889][  0]BlueprintLog: New page: Editor Load
[2019.08.01-02.41.21:931][  0]LocalizationService: Localization service is disabled
[2019.08.01-02.41.22:142][  0]LogCook: Display: Max memory allowance for cook 16384mb min free memory 0mb
[2019.08.01-02.41.22:142][  0]LogCook: Display: Mobile HDR setting 1
[2019.08.01-02.41.22:142][  0]LogGameplayTags: Display: UGameplayTagsManager::DoneAddingNativeTags. DelegateIsBound: 0
[2019.08.01-02.41.22:142][  0]LogStats: UGameplayTagsManager::ConstructGameplayTagTree: ImportINI prefixes -  0.000 s
[2019.08.01-02.41.22:142][  0]LogStats: UGameplayTagsManager::ConstructGameplayTagTree: Construct from data asset -  0.000 s
[2019.08.01-02.41.22:142][  0]LogStats: UGameplayTagsManager::ConstructGameplayTagTree: ImportINI -  0.000 s
[2019.08.01-02.41.22:142][  0]LogStats: UGameplayTagsManager::ConstructGameplayTagTree: GameplayTagTreeChangedEvent.Broadcast -  0.000 s
[2019.08.01-02.41.22:219][  0]LogFileCache: Scanning file cache for directory 'E:/Projects/IronForgedGames/Project_Tether/Project_Tether/Content/' took 0.02s
[2019.08.01-02.41.22:219][  0]SourceControl: Source control is disabled
[2019.08.01-02.41.22:220][  0]LightingResults: New page: Lighting Build
[2019.08.01-02.41.22:221][  0]MapCheck: New page: Map Check
[2019.08.01-02.41.22:221][  0]LightingResults: New page: Lighting Build
[2019.08.01-02.41.22:623][  0]LogAIModule: Creating AISystem for world ThirdPersonExampleMap
[2019.08.01-02.41.22:632][  0]LogEditorServer: Finished looking for orphan Actors (0.000 secs)
[2019.08.01-02.41.22:655][  0]Cmd: MAP CHECKDEP NOCLEARLOG
[2019.08.01-02.41.22:700][  0]MapCheck: Map check complete: 0 Error(s), 0 Warning(s), took 45.133ms to complete.
[2019.08.01-02.41.22:700][  0]LogFileHelpers: Loading map 'ThirdPersonExampleMap' took 0.481
[2019.08.01-02.41.22:782][  0]LogWindowsTextInputMethodSystem: Display: IME system now deactivated.
[2019.08.01-02.41.22:847][  0]LogSlate: Updating window title bar state: overlay mode, drag disabled, window buttons hidden, title bar hidden
[2019.08.01-02.41.22:854][  0]LogSlate: Updating window title bar state: overlay mode, drag disabled, window buttons hidden, title bar hidden
[2019.08.01-02.41.22:861][  0]LogSlate: Updating window title bar state: overlay mode, drag disabled, window buttons hidden, title bar hidden
[2019.08.01-02.41.22:866][  0]LogSlate: Updating window title bar state: overlay mode, drag disabled, window buttons hidden, title bar hidden
[2019.08.01-02.41.22:870][  0]LogCollectionManager: Loaded 0 collections in 0.000600 seconds
[2019.08.01-02.41.22:912][  0]LogFileCache: Scanning file cache for directory 'E:/Projects/IronForgedGames/Project_Tether/Project_Tether/Saved/Collections/' took 0.01s
[2019.08.01-02.41.22:912][  0]LogFileCache: Scanning file cache for directory 'E:/Projects/IronForgedGames/Project_Tether/Project_Tether/Content/Developers/AaronsDesktop/Collections/' took 0.01s
[2019.08.01-02.41.22:912][  0]LogFileCache: Scanning file cache for directory 'E:/Projects/IronForgedGames/Project_Tether/Project_Tether/Content/Collections/' took 0.01s
[2019.08.01-02.41.22:912][  0]LogCollectionManager: Rebuilt the GUID cache for 0 collections in 0.000000 seconds
[2019.08.01-02.41.22:920][  0]LogContentBrowser: Native class hierarchy populated in 0.0076 seconds. Added 2602 classes and 621 folders.
[2019.08.01-02.41.22:925][  0]LogContentBrowser: Native class hierarchy updated for 'WidgetCarousel' in 0.0003 seconds. Added 0 classes and 0 folders.
[2019.08.01-02.41.22:955][  0]LogContentBrowser: Native class hierarchy updated for 'AddContentDialog' in 0.0003 seconds. Added 0 classes and 0 folders.
[2019.08.01-02.41.22:959][  0]LogContentBrowser: Native class hierarchy updated for 'SceneOutliner' in 0.0003 seconds. Added 1 classes and 2 folders.
[2019.08.01-02.41.23:908][  0]LogSlate: Only BGRA pngs, bmps or icos are supported in by External Image Picker
[2019.08.01-02.41.23:935][  0]LogTemp: Executing iPhonePackager certificates Engine -bundlename com.YourCompany.ProjectTether
[2019.08.01-02.41.23:935][  0]LogSlate: Took 0.000275 seconds to synchronously load lazily loaded font '../../../Engine/Content/Slate/Fonts/Roboto-Regular.ttf' (155K)
[2019.08.01-02.41.23:938][  0]LogTemp: CWD: E:\Epic Games Games\UE_4.20\Engine\Binaries\DotNET\IOS
[2019.08.01-02.41.23:938][  0]LogTemp: Initial Dir: E:\Epic Games Games\UE_4.20
[2019.08.01-02.41.23:938][  0]LogTemp: Env CWD: E:\Epic Games Games\UE_4.20\Engine\Binaries\DotNET\IOS
[2019.08.01-02.41.23:938][  0]LogSlate: Took 0.000209 seconds to synchronously load lazily loaded font '../../../Engine/Content/Slate/Fonts/Roboto-Bold.ttf' (160K)
[2019.08.01-02.41.23:944][  0]LogTemp: BranchPath = AARONS-DESKTOP/E/Epic Games Games/UE_4.20/Engine/Binaries --- GameBranchPath = AARONS-DESKTOP/E/Epic Games Games/UE_4.20/Engine/Binaries
[2019.08.01-02.41.23:944][  0]LogSlate: Took 0.000239 seconds to synchronously load lazily loaded font '../../../Engine/Content/Editor/Slate/Fonts/FontAwesome.ttf' (139K)
[2019.08.01-02.41.23:946][  0]LogSlate: Took 0.000112 seconds to synchronously load lazily loaded font '../../../Engine/Content/Slate/Fonts/DroidSansMono.ttf' (77K)
[2019.08.01-02.41.24:053][  0]LogRenderer: Reallocating scene render targets to support 1232x480 Format 10 NumSamples 1 (Frame:1).
[2019.08.01-02.41.24:201][  0]LogTemp: IPP ERROR: Could not find provision directory 'C:\Users\Aaron's Desktop\AppData\Local/Apple Computer/MobileDevice/Provisioning Profiles/'.
[2019.08.01-02.41.24:215][  0]LogContentBrowser: Native class hierarchy updated for 'HierarchicalLODOutliner' in 0.0005 seconds. Added 0 classes and 0 folders.
[2019.08.01-02.41.24:215][  0]LogLoad: (Engine Initialization) Total time: 9.85 seconds
[2019.08.01-02.41.24:215][  0]LogLoad: (Engine Initialization) Total Blueprint compile time: 0.00 seconds
[2019.08.01-02.41.24:251][  0]LogContentStreaming: Texture pool size now 1000 MB
[2019.08.01-02.41.24:282][  0]LogSlate: Took 0.000117 seconds to synchronously load lazily loaded font '../../../Engine/Content/Slate/Fonts/Roboto-Light.ttf' (167K)
[2019.08.01-02.41.24:302][  1]LogAssetRegistry: Asset discovery search completed in 6.4456 seconds
[2019.08.01-02.41.24:304][  1]LogCollectionManager: Rebuilt the object cache for 0 collections in 0.000000 seconds (found 0 objects)
[2019.08.01-02.41.24:304][  1]LogCollectionManager: Fixed up redirectors for 0 collections in 0.000254 seconds (updated 0 objects)
[2019.08.01-02.41.30:773][764]LogSlate: FSceneViewport::OnFocusLost() reason 0
[2019.08.01-02.41.30:851][772]LogAssetEditorManager: Opening Asset editor for Blueprint /Game/IronForgedGames/Implementation/Gameplay/CharactersBP/PlayerCharacters/Base/TopDownCharacter_BP.TopDownCharacter_BP
[2019.08.01-02.41.31:223][772]LogContentBrowser: Native class hierarchy updated for 'BlueprintGraph' in 0.0006 seconds. Added 116 classes and 0 folders.
[2019.08.01-02.41.31:870][772]LogBlueprintUserMessages: [TopDownAnim_BP_C_0] Pawn does not have AnimBP hook
[2019.08.01-02.41.31:876][772]LogSlate: Took 0.000177 seconds to synchronously load lazily loaded font '../../../Engine/Content/Slate/Fonts/Roboto-BoldCondensed.ttf' (158K)
[2019.08.01-02.41.31:971][773]LogSlate: Took 0.000222 seconds to synchronously load lazily loaded font '../../../Engine/Content/Slate/Fonts/Roboto-Italic.ttf' (157K)
[2019.08.01-02.41.34:033][965]LogSlate: Window 'TopDownCharacter_BP' being destroyed
[2019.08.01-02.41.40:859][714]LogBlueprintUserMessages: [TopDownAnim_BP_C_0] Pawn does not have AnimBP hook
[2019.08.01-02.41.42:239][876]LogAssetEditorManager: Opening Asset editor for Blueprint /Game/IronForgedGames/Implementation/Gameplay/CharactersBP/PlayerCharacters/Base/TopDownCharacter_BP.TopDownCharacter_BP
[2019.08.01-02.41.42:521][876]LogBlueprintUserMessages: [TopDownAnim_BP_C_0] Pawn does not have AnimBP hook
[2019.08.01-02.41.58:839][531]BlueprintLog: New page: Compile TopDownCharacter_BP
[2019.08.01-02.41.58:855][531]LogBlueprintUserMessages: [TopDownAnim_BP_C_0] Pawn does not have AnimBP hook
[2019.08.01-02.41.58:929][531]LogBlueprintUserMessages: [TopDownAnim_BP_C_1] Pawn does not have AnimBP hook
[2019.08.01-02.41.58:959][531]LogBlueprintUserMessages: [TopDownAnim_BP_C_0] Pawn does not have AnimBP hook
[2019.08.01-02.41.58:960][531]LogBlueprintUserMessages: [TopDownAnim_BP_C_1] Pawn does not have AnimBP hook
[2019.08.01-02.41.58:961][531]LogBlueprintUserMessages: [TopDownAnim_BP_C_0] Pawn does not have AnimBP hook
[2019.08.01-02.41.58:962][531]LogBlueprintUserMessages: [TopDownAnim_BP_C_1] Pawn does not have AnimBP hook
[2019.08.01-02.41.59:209][531]LogBlueprintUserMessages: [TopDownAnim_BP_C_0] Pawn does not have AnimBP hook
[2019.08.01-02.41.59:301][531]LogSavePackage: Moving '../../../../../Projects/IronForgedGames/Project_Tether/Project_Tether/Saved/TopDownCharacter_BP945CFCA54753AA28D309B28F7ECA8272.tmp' to '../../../../../Projects/IronForgedGames/Project_Tether/Project_Tether/Content/IronForgedGames/Implementation/Gameplay/CharactersBP/PlayerCharacters/Base/TopDownCharacter_BP.uasset'
[2019.08.01-02.42.05:427][200]BlueprintLog: New page: Compile TopDownCharacter_BP
[2019.08.01-02.42.05:441][200]LogBlueprintUserMessages: [TopDownAnim_BP_C_0] Pawn does not have AnimBP hook
[2019.08.01-02.42.05:512][200]LogBlueprintUserMessages: [TopDownAnim_BP_C_1] Pawn does not have AnimBP hook
[2019.08.01-02.42.05:538][200]LogBlueprintUserMessages: [TopDownAnim_BP_C_0] Pawn does not have AnimBP hook
[2019.08.01-02.42.05:540][200]LogBlueprintUserMessages: [TopDownAnim_BP_C_1] Pawn does not have AnimBP hook
[2019.08.01-02.42.05:541][200]LogBlueprintUserMessages: [TopDownAnim_BP_C_0] Pawn does not have AnimBP hook
[2019.08.01-02.42.05:542][200]LogBlueprintUserMessages: [TopDownAnim_BP_C_1] Pawn does not have AnimBP hook
[2019.08.01-02.42.05:739][200]LogBlueprintUserMessages: [TopDownAnim_BP_C_0] Pawn does not have AnimBP hook
[2019.08.01-02.42.05:820][200]LogSavePackage: Moving '../../../../../Projects/IronForgedGames/Project_Tether/Project_Tether/Saved/TopDownCharacter_BP776FB68A4CC18197FB4D348AE914746F.tmp' to '../../../../../Projects/IronForgedGames/Project_Tether/Project_Tether/Content/IronForgedGames/Implementation/Gameplay/CharactersBP/PlayerCharacters/Base/TopDownCharacter_BP.uasset'
[2019.08.01-02.42.21:812][130]LogAssetEditorManager: Opening Asset editor for Blueprint /Game/IronForgedGames/Implementation/Gameplay/System/Tool/Pickups/BaseToolPickup.BaseToolPickup
[2019.08.01-02.42.38:524][ 62]BlueprintLog: New page: Compile BaseToolPickup
[2019.08.01-02.42.38:709][ 62]LogSavePackage: Moving '../../../../../Projects/IronForgedGames/Project_Tether/Project_Tether/Saved/BaseToolPickupD78D2FC048E4FE44CA73379A23C3F397.tmp' to '../../../../../Projects/IronForgedGames/Project_Tether/Project_Tether/Content/IronForgedGames/Implementation/Gameplay/System/Tool/Pickups/BaseToolPickup.uasset'
[2019.08.01-02.42.42:882][549]LogTemp: Repeating last play command: Selected Viewport
[2019.08.01-02.42.42:914][549]LogBlueprintUserMessages: Early PlayInEditor Detection: Level '/Game/IronForgedGames/Core/Entity/Test/ThirdPersonCPP/Maps/ThirdPersonExampleMap.ThirdPersonExampleMap:PersistentLevel' has LevelScriptBlueprint '/Game/IronForgedGames/Core/Entity/Test/ThirdPersonCPP/Maps/ThirdPersonExampleMap.ThirdPersonExampleMap:PersistentLevel.ThirdPersonExampleMap' with GeneratedClass '/Game/IronForgedGames/Core/Entity/Test/ThirdPersonCPP/Maps/ThirdPersonExampleMap.ThirdPersonExampleMap_C' with ClassGeneratedBy '/Game/IronForgedGames/Core/Entity/Test/ThirdPersonCPP/Maps/ThirdPersonExampleMap.ThirdPersonExampleMap:PersistentLevel.ThirdPersonExampleMap'
[2019.08.01-02.42.42:915][549]LogPlayLevel: PlayLevel: No blueprints needed recompiling
[2019.08.01-02.42.42:928][549]PIE: New page: PIE session: ThirdPersonExampleMap (Jul 31, 2019, 5:42:42 PM)
[2019.08.01-02.42.42:928][549]LogPlayLevel: Creating play world package: /Game/IronForgedGames/Core/Entity/Test/ThirdPersonCPP/Maps/UEDPIE_0_ThirdPersonExampleMap
[2019.08.01-02.42.42:953][549]LogPlayLevel: PIE: StaticDuplicateObject took: (0.024828s)
[2019.08.01-02.42.42:954][549]LogAIModule: Creating AISystem for world ThirdPersonExampleMap
[2019.08.01-02.42.42:955][549]LogPlayLevel: PIE: World Init took: (0.001023s)
[2019.08.01-02.42.42:955][549]LogPlayLevel: PIE: Created PIE world by copying editor world from /Game/IronForgedGames/Core/Entity/Test/ThirdPersonCPP/Maps/ThirdPersonExampleMap.ThirdPersonExampleMap to /Game/IronForgedGames/Core/Entity/Test/ThirdPersonCPP/Maps/UEDPIE_0_ThirdPersonExampleMap.ThirdPersonExampleMap (0.026498s)
[2019.08.01-02.42.43:027][549]LogInit: XAudio2 using 'Speakers (2- USB PnP Audio Device)' : 2 channels at 48 kHz using 16 bits per sample (channel mask 0x3)
[2019.08.01-02.42.43:035][549]LogInit: FAudioDevice initialized.
[2019.08.01-02.42.43:047][549]LogSlate: Updating window title bar state: overlay mode, drag disabled, window buttons hidden, title bar hidden
[2019.08.01-02.42.43:124][549]LogLoad: Game class is 'GameMode'
[2019.08.01-02.42.43:128][549]LogWorld: Bringing World /Game/IronForgedGames/Core/Entity/Test/ThirdPersonCPP/Maps/UEDPIE_0_ThirdPersonExampleMap.ThirdPersonExampleMap up for play (max tick rate 0) at 2019.07.31-22.42.43
[2019.08.01-02.42.43:129][549]LogWorld: Bringing up level for play took: 0.002892
[2019.08.01-02.42.43:142][549]LogGameMode: FindPlayerStart: PATHS NOT DEFINED or NO PLAYERSTART with positive rating
[2019.08.01-02.42.43:150][549]LogContentBrowser: Native class hierarchy updated for 'MovieSceneCapture' in 0.0010 seconds. Added 10 classes and 0 folders.
[2019.08.01-02.42.43:151][549]LogGameMode: Display: Match State Changed from EnteringMap to WaitingToStart
[2019.08.01-02.42.43:151][549]LogGameState: Match State Changed from EnteringMap to WaitingToStart
[2019.08.01-02.42.43:152][549]LogGameMode: Display: Match State Changed from WaitingToStart to InProgress
[2019.08.01-02.42.43:153][549]LogTemp: Error: Health stat was found, the Vitals will not work
[2019.08.01-02.42.43:153][549]LogGameState: Match State Changed from WaitingToStart to InProgress
[2019.08.01-02.42.43:157][549]PIE: Play in editor start time for /Game/IronForgedGames/Core/Entity/Test/ThirdPersonCPP/Maps/UEDPIE_0_ThirdPersonExampleMap 0.4
[2019.08.01-02.42.43:158][549]LogBlueprintUserMessages: Late PlayInEditor Detection: Level '/Game/IronForgedGames/Core/Entity/Test/ThirdPersonCPP/Maps/ThirdPersonExampleMap.ThirdPersonExampleMap:PersistentLevel' has LevelScriptBlueprint '/Game/IronForgedGames/Core/Entity/Test/ThirdPersonCPP/Maps/ThirdPersonExampleMap.ThirdPersonExampleMap:PersistentLevel.ThirdPersonExampleMap' with GeneratedClass '/Game/IronForgedGames/Core/Entity/Test/ThirdPersonCPP/Maps/ThirdPersonExampleMap.ThirdPersonExampleMap_C' with ClassGeneratedBy '/Game/IronForgedGames/Core/Entity/Test/ThirdPersonCPP/Maps/ThirdPersonExampleMap.ThirdPersonExampleMap:PersistentLevel.ThirdPersonExampleMap'
[2019.08.01-02.42.43:211][549]LogRenderer: Reallocating scene render targets to support 1292x756 Format 10 NumSamples 1 (Frame:1).
[2019.08.01-02.42.46:152][897]LogTemp: Warning: called
[2019.08.01-02.42.46:152][897]LogTemp: Warning: ah
[2019.08.01-02.42.46:152][897]LogTemp: Warning: ok
[2019.08.01-02.42.46:152][897]LogTemp: Warning: weapon
[2019.08.01-02.42.46:152][897]LogTemp: Warning: add
[2019.08.01-02.42.46:152][897]LogBlueprintUserMessages: [TopDownCharacter_2] Test Sword Tool
[2019.08.01-02.42.47:394][ 46]LogBlueprintUserMessages: Early EndPlayMap Detection: Level '/Game/IronForgedGames/Core/Entity/Test/ThirdPersonCPP/Maps/ThirdPersonExampleMap.ThirdPersonExampleMap:PersistentLevel' has LevelScriptBlueprint '/Game/IronForgedGames/Core/Entity/Test/ThirdPersonCPP/Maps/ThirdPersonExampleMap.ThirdPersonExampleMap:PersistentLevel.ThirdPersonExampleMap' with GeneratedClass '/Game/IronForgedGames/Core/Entity/Test/ThirdPersonCPP/Maps/ThirdPersonExampleMap.ThirdPersonExampleMap_C' with ClassGeneratedBy '/Game/IronForgedGames/Core/Entity/Test/ThirdPersonCPP/Maps/ThirdPersonExampleMap.ThirdPersonExampleMap:PersistentLevel.ThirdPersonExampleMap'
[2019.08.01-02.42.47:395][ 46]LogSlate: Updating window title bar state: overlay mode, drag disabled, window buttons hidden, title bar hidden
[2019.08.01-02.42.47:414][ 46]LogSlate: Window 'Project_Tether Game Preview Standalone (64-bit/PCD3D_SM5)' being destroyed
[2019.08.01-02.42.47:455][ 46]LogPlayLevel: Display: Shutting down PIE online subsystems
[2019.08.01-02.42.47:456][ 46]LogBlueprintUserMessages: Late EndPlayMap Detection: Level '/Game/IronForgedGames/Core/Entity/Test/ThirdPersonCPP/Maps/ThirdPersonExampleMap.ThirdPersonExampleMap:PersistentLevel' has LevelScriptBlueprint '/Game/IronForgedGames/Core/Entity/Test/ThirdPersonCPP/Maps/ThirdPersonExampleMap.ThirdPersonExampleMap:PersistentLevel.ThirdPersonExampleMap' with GeneratedClass '/Game/IronForgedGames/Core/Entity/Test/ThirdPersonCPP/Maps/ThirdPersonExampleMap.ThirdPersonExampleMap_C' with ClassGeneratedBy '/Game/IronForgedGames/Core/Entity/Test/ThirdPersonCPP/Maps/ThirdPersonExampleMap.ThirdPersonExampleMap:PersistentLevel.ThirdPersonExampleMap'
[2019.08.01-02.42.47:542][ 47]LogPlayLevel: Display: Destroying online subsystem :Context_7
[2019.08.01-02.42.51:820][543]LogSavePackage: Moving '../../../../../Projects/IronForgedGames/Project_Tether/Project_Tether/Saved/BaseToolPickup9A76625841E53560421DE88B6DCF7499.tmp' to '../../../../../Projects/IronForgedGames/Project_Tether/Project_Tether/Content/IronForgedGames/Implementation/Gameplay/System/Tool/Pickups/BaseToolPickup.uasset'
[2019.08.01-02.43.03:787][926]LogSavePackage: Moving '../../../../../Projects/IronForgedGames/Project_Tether/Project_Tether/Saved/BaseToolPickup6E9D1B45474EDF5A919EDCA3D3453A3B.tmp' to '../../../../../Projects/IronForgedGames/Project_Tether/Project_Tether/Content/IronForgedGames/Implementation/Gameplay/System/Tool/Pickups/BaseToolPickup.uasset'
[2019.08.01-02.43.17:352][519]BlueprintLog: New page: Compile BaseToolPickup
[2019.08.01-02.43.30:502][ 27]LogBlueprint: Warning: [Compiler CommonToolPickup] Found a member variable with a conflicting name (rarity) - changed to rarity_0.
[2019.08.01-02.43.30:504][ 27]LogClass: Warning: Type mismatch in rarity of CommonToolPickup_C - Previous (BoolProperty) Current(ByteProperty) for package:  FObjectReader
[2019.08.01-02.43.30:504][ 27]LogBlueprint: Warning: [Compiler CommonToolPickup] [0136.13] Compile of CommonToolPickup successful, but with 1 Warning(s) [in 2 ms] (/Game/IronForgedGames/Implementation/Gameplay/System/Tool/Pickups/CommonToolPickup.CommonToolPickup)
[2019.08.01-02.43.30:516][ 27]LogAssetEditorManager: Opening Asset editor for Blueprint /Game/IronForgedGames/Implementation/Gameplay/System/Tool/Pickups/CommonToolPickup.CommonToolPickup
[2019.08.01-02.44.03:232][674]BlueprintLog: New page: Compile CommonToolPickup
[2019.08.01-02.44.03:404][674]LogSavePackage: Moving '../../../../../Projects/IronForgedGames/Project_Tether/Project_Tether/Saved/CommonToolPickup24DA068C40D8FDC6DD90CCAC7BBA2BD7.tmp' to '../../../../../Projects/IronForgedGames/Project_Tether/Project_Tether/Content/IronForgedGames/Implementation/Gameplay/System/Tool/Pickups/CommonToolPickup.uasset'
[2019.08.01-02.44.13:026][736]LogEditorTransaction: Undo Move Node
[2019.08.01-02.44.13:298][760]LogEditorTransaction: Undo Move Node
[2019.08.01-02.44.13:550][782]LogEditorTransaction: Undo Move Node
[2019.08.01-02.44.13:892][820]LogEditorTransaction: Undo Move Node
[2019.08.01-02.44.14:201][854]LogEditorTransaction: Undo Comment Bubble Visibility
[2019.08.01-02.44.14:435][879]LogEditorTransaction: Undo Create Pin Link
[2019.08.01-02.44.14:804][920]LogEditorTransaction: Undo Move Node
[2019.08.01-02.44.20:213][531]BlueprintLog: New page: Compile CommonToolPickup
[2019.08.01-02.44.20:374][531]LogSavePackage: Moving '../../../../../Projects/IronForgedGames/Project_Tether/Project_Tether/Saved/CommonToolPickupE5C1CE2E49C2FAB41430F49AFEB47BF6.tmp' to '../../../../../Projects/IronForgedGames/Project_Tether/Project_Tether/Content/IronForgedGames/Implementation/Gameplay/System/Tool/Pickups/CommonToolPickup.uasset'
[2019.08.01-02.44.24:390][942]LogSlate: FSceneViewport::OnFocusLost() reason 0
[2019.08.01-02.44.24:481][953]LogTemp: Repeating last play command: Selected Viewport
[2019.08.01-02.44.24:503][953]LogBlueprintUserMessages: Early PlayInEditor Detection: Level '/Game/IronForgedGames/Core/Entity/Test/ThirdPersonCPP/Maps/ThirdPersonExampleMap.ThirdPersonExampleMap:PersistentLevel' has LevelScriptBlueprint '/Game/IronForgedGames/Core/Entity/Test/ThirdPersonCPP/Maps/ThirdPersonExampleMap.ThirdPersonExampleMap:PersistentLevel.ThirdPersonExampleMap' with GeneratedClass '/Game/IronForgedGames/Core/Entity/Test/ThirdPersonCPP/Maps/ThirdPersonExampleMap.ThirdPersonExampleMap_C' with ClassGeneratedBy '/Game/IronForgedGames/Core/Entity/Test/ThirdPersonCPP/Maps/ThirdPersonExampleMap.ThirdPersonExampleMap:PersistentLevel.ThirdPersonExampleMap'
[2019.08.01-02.44.24:505][953]LogPlayLevel: PlayLevel: No blueprints needed recompiling
[2019.08.01-02.44.24:505][953]PIE: New page: PIE session: ThirdPersonExampleMap (Jul 31, 2019, 5:44:24 PM)
[2019.08.01-02.44.24:505][953]LogPlayLevel: Creating play world package: /Game/IronForgedGames/Core/Entity/Test/ThirdPersonCPP/Maps/UEDPIE_0_ThirdPersonExampleMap
[2019.08.01-02.44.24:518][953]LogPlayLevel: PIE: StaticDuplicateObject took: (0.012314s)
[2019.08.01-02.44.24:518][953]LogAIModule: Creating AISystem for world ThirdPersonExampleMap
[2019.08.01-02.44.24:519][953]LogPlayLevel: PIE: World Init took: (0.000778s)
[2019.08.01-02.44.24:519][953]LogPlayLevel: PIE: Created PIE world by copying editor world from /Game/IronForgedGames/Core/Entity/Test/ThirdPersonCPP/Maps/ThirdPersonExampleMap.ThirdPersonExampleMap to /Game/IronForgedGames/Core/Entity/Test/ThirdPersonCPP/Maps/UEDPIE_0_ThirdPersonExampleMap.ThirdPersonExampleMap (0.013654s)
[2019.08.01-02.44.24:634][953]LogInit: XAudio2 using 'Speakers (2- USB PnP Audio Device)' : 2 channels at 48 kHz using 16 bits per sample (channel mask 0x3)
[2019.08.01-02.44.24:643][953]LogInit: FAudioDevice initialized.
[2019.08.01-02.44.24:676][953]LogLoad: Game class is 'GameMode'
[2019.08.01-02.44.24:678][953]LogWorld: Bringing World /Game/IronForgedGames/Core/Entity/Test/ThirdPersonCPP/Maps/UEDPIE_0_ThirdPersonExampleMap.ThirdPersonExampleMap up for play (max tick rate 0) at 2019.07.31-22.44.24
[2019.08.01-02.44.24:678][953]LogWorld: Bringing up level for play took: 0.001525
[2019.08.01-02.44.24:691][953]LogGameMode: Display: Match State Changed from EnteringMap to WaitingToStart
[2019.08.01-02.44.24:691][953]LogGameState: Match State Changed from EnteringMap to WaitingToStart
[2019.08.01-02.44.24:691][953]LogGameMode: Display: Match State Changed from WaitingToStart to InProgress
[2019.08.01-02.44.24:692][953]LogTemp: Error: Health stat was found, the Vitals will not work
[2019.08.01-02.44.24:692][953]LogGameState: Match State Changed from WaitingToStart to InProgress
[2019.08.01-02.44.24:692][953]PIE: Play in editor start time for /Game/IronForgedGames/Core/Entity/Test/ThirdPersonCPP/Maps/UEDPIE_0_ThirdPersonExampleMap -0.064
[2019.08.01-02.44.24:693][953]LogBlueprintUserMessages: Late PlayInEditor Detection: Level '/Game/IronForgedGames/Core/Entity/Test/ThirdPersonCPP/Maps/ThirdPersonExampleMap.ThirdPersonExampleMap:PersistentLevel' has LevelScriptBlueprint '/Game/IronForgedGames/Core/Entity/Test/ThirdPersonCPP/Maps/ThirdPersonExampleMap.ThirdPersonExampleMap:PersistentLevel.ThirdPersonExampleMap' with GeneratedClass '/Game/IronForgedGames/Core/Entity/Test/ThirdPersonCPP/Maps/ThirdPersonExampleMap.ThirdPersonExampleMap_C' with ClassGeneratedBy '/Game/IronForgedGames/Core/Entity/Test/ThirdPersonCPP/Maps/ThirdPersonExampleMap.ThirdPersonExampleMap:PersistentLevel.ThirdPersonExampleMap'
[2019.08.01-02.44.28:528][386]LogBlueprintUserMessages: Early EndPlayMap Detection: Level '/Game/IronForgedGames/Core/Entity/Test/ThirdPersonCPP/Maps/ThirdPersonExampleMap.ThirdPersonExampleMap:PersistentLevel' has LevelScriptBlueprint '/Game/IronForgedGames/Core/Entity/Test/ThirdPersonCPP/Maps/ThirdPersonExampleMap.ThirdPersonExampleMap:PersistentLevel.ThirdPersonExampleMap' with GeneratedClass '/Game/IronForgedGames/Core/Entity/Test/ThirdPersonCPP/Maps/ThirdPersonExampleMap.ThirdPersonExampleMap_C' with ClassGeneratedBy '/Game/IronForgedGames/Core/Entity/Test/ThirdPersonCPP/Maps/ThirdPersonExampleMap.ThirdPersonExampleMap:PersistentLevel.ThirdPersonExampleMap'
[2019.08.01-02.44.28:529][386]LogSlate: Updating window title bar state: overlay mode, drag disabled, window buttons hidden, title bar hidden
[2019.08.01-02.44.28:567][386]LogPlayLevel: Display: Shutting down PIE online subsystems
[2019.08.01-02.44.28:567][386]LogBlueprintUserMessages: Late EndPlayMap Detection: Level '/Game/IronForgedGames/Core/Entity/Test/ThirdPersonCPP/Maps/ThirdPersonExampleMap.ThirdPersonExampleMap:PersistentLevel' has LevelScriptBlueprint '/Game/IronForgedGames/Core/Entity/Test/ThirdPersonCPP/Maps/ThirdPersonExampleMap.ThirdPersonExampleMap:PersistentLevel.ThirdPersonExampleMap' with GeneratedClass '/Game/IronForgedGames/Core/Entity/Test/ThirdPersonCPP/Maps/ThirdPersonExampleMap.ThirdPersonExampleMap_C' with ClassGeneratedBy '/Game/IronForgedGames/Core/Entity/Test/ThirdPersonCPP/Maps/ThirdPersonExampleMap.ThirdPersonExampleMap:PersistentLevel.ThirdPersonExampleMap'
[2019.08.01-02.44.28:593][386]LogSlate: Updating window title bar state: overlay mode, drag disabled, window buttons hidden, title bar hidden
[2019.08.01-02.44.28:642][388]LogPlayLevel: Display: Destroying online subsystem :Context_10
[2019.08.01-02.44.33:048][857]LogSlate: FSceneViewport::OnFocusLost() reason 0
[2019.08.01-02.44.34:540][ 20]LogEditorViewport: Clicking on Actor (LMB): CommonToolPickup_C (CommonToolPickup)
[2019.08.01-02.44.36:660][248]LogSlate: FSceneViewport::OnFocusLost() reason 0
[2019.08.01-02.44.36:738][257]LogTemp: Repeating last play command: Selected Viewport
[2019.08.01-02.44.36:757][257]LogBlueprintUserMessages: Early PlayInEditor Detection: Level '/Game/IronForgedGames/Core/Entity/Test/ThirdPersonCPP/Maps/ThirdPersonExampleMap.ThirdPersonExampleMap:PersistentLevel' has LevelScriptBlueprint '/Game/IronForgedGames/Core/Entity/Test/ThirdPersonCPP/Maps/ThirdPersonExampleMap.ThirdPersonExampleMap:PersistentLevel.ThirdPersonExampleMap' with GeneratedClass '/Game/IronForgedGames/Core/Entity/Test/ThirdPersonCPP/Maps/ThirdPersonExampleMap.ThirdPersonExampleMap_C' with ClassGeneratedBy '/Game/IronForgedGames/Core/Entity/Test/ThirdPersonCPP/Maps/ThirdPersonExampleMap.ThirdPersonExampleMap:PersistentLevel.ThirdPersonExampleMap'
[2019.08.01-02.44.36:758][257]LogPlayLevel: PlayLevel: No blueprints needed recompiling
[2019.08.01-02.44.36:758][257]PIE: New page: PIE session: ThirdPersonExampleMap (Jul 31, 2019, 5:44:36 PM)
[2019.08.01-02.44.36:758][257]LogPlayLevel: Creating play world package: /Game/IronForgedGames/Core/Entity/Test/ThirdPersonCPP/Maps/UEDPIE_0_ThirdPersonExampleMap
[2019.08.01-02.44.36:772][257]LogPlayLevel: PIE: StaticDuplicateObject took: (0.013579s)
[2019.08.01-02.44.36:773][257]LogAIModule: Creating AISystem for world ThirdPersonExampleMap
[2019.08.01-02.44.36:773][257]LogPlayLevel: PIE: World Init took: (0.001157s)
[2019.08.01-02.44.36:773][257]LogPlayLevel: PIE: Created PIE world by copying editor world from /Game/IronForgedGames/Core/Entity/Test/ThirdPersonCPP/Maps/ThirdPersonExampleMap.ThirdPersonExampleMap to /Game/IronForgedGames/Core/Entity/Test/ThirdPersonCPP/Maps/UEDPIE_0_ThirdPersonExampleMap.ThirdPersonExampleMap (0.015386s)
[2019.08.01-02.44.36:836][257]LogInit: XAudio2 using 'Speakers (2- USB PnP Audio Device)' : 2 channels at 48 kHz using 16 bits per sample (channel mask 0x3)
[2019.08.01-02.44.36:844][257]LogInit: FAudioDevice initialized.
[2019.08.01-02.44.36:876][257]LogLoad: Game class is 'GameMode'
[2019.08.01-02.44.36:878][257]LogWorld: Bringing World /Game/IronForgedGames/Core/Entity/Test/ThirdPersonCPP/Maps/UEDPIE_0_ThirdPersonExampleMap.ThirdPersonExampleMap up for play (max tick rate 0) at 2019.07.31-22.44.36
[2019.08.01-02.44.36:879][257]LogWorld: Bringing up level for play took: 0.001547
[2019.08.01-02.44.36:891][257]LogGameMode: Display: Match State Changed from EnteringMap to WaitingToStart
[2019.08.01-02.44.36:891][257]LogGameState: Match State Changed from EnteringMap to WaitingToStart
[2019.08.01-02.44.36:891][257]LogGameMode: Display: Match State Changed from WaitingToStart to InProgress
[2019.08.01-02.44.36:892][257]LogTemp: Error: Health stat was found, the Vitals will not work
[2019.08.01-02.44.36:892][257]LogGameState: Match State Changed from WaitingToStart to InProgress
[2019.08.01-02.44.36:892][257]PIE: Play in editor start time for /Game/IronForgedGames/Core/Entity/Test/ThirdPersonCPP/Maps/UEDPIE_0_ThirdPersonExampleMap 0.135
[2019.08.01-02.44.36:892][257]LogBlueprintUserMessages: Late PlayInEditor Detection: Level '/Game/IronForgedGames/Core/Entity/Test/ThirdPersonCPP/Maps/ThirdPersonExampleMap.ThirdPersonExampleMap:PersistentLevel' has LevelScriptBlueprint '/Game/IronForgedGames/Core/Entity/Test/ThirdPersonCPP/Maps/ThirdPersonExampleMap.ThirdPersonExampleMap:PersistentLevel.ThirdPersonExampleMap' with GeneratedClass '/Game/IronForgedGames/Core/Entity/Test/ThirdPersonCPP/Maps/ThirdPersonExampleMap.ThirdPersonExampleMap_C' with ClassGeneratedBy '/Game/IronForgedGames/Core/Entity/Test/ThirdPersonCPP/Maps/ThirdPersonExampleMap.ThirdPersonExampleMap:PersistentLevel.ThirdPersonExampleMap'
[2019.08.01-02.44.40:060][617]LogTemp: Warning: called
[2019.08.01-02.44.40:060][617]LogTemp: Warning: ah
[2019.08.01-02.44.40:060][617]LogTemp: Warning: ok
[2019.08.01-02.44.40:060][617]LogTemp: Warning: weapon
[2019.08.01-02.44.40:060][617]LogTemp: Warning: add
[2019.08.01-02.44.40:060][617]LogBlueprintUserMessages: [TopDownCharacter_2] Test Sword Tool
[2019.08.01-02.44.40:889][712]LogBlueprintUserMessages: Early EndPlayMap Detection: Level '/Game/IronForgedGames/Core/Entity/Test/ThirdPersonCPP/Maps/ThirdPersonExampleMap.ThirdPersonExampleMap:PersistentLevel' has LevelScriptBlueprint '/Game/IronForgedGames/Core/Entity/Test/ThirdPersonCPP/Maps/ThirdPersonExampleMap.ThirdPersonExampleMap:PersistentLevel.ThirdPersonExampleMap' with GeneratedClass '/Game/IronForgedGames/Core/Entity/Test/ThirdPersonCPP/Maps/ThirdPersonExampleMap.ThirdPersonExampleMap_C' with ClassGeneratedBy '/Game/IronForgedGames/Core/Entity/Test/ThirdPersonCPP/Maps/ThirdPersonExampleMap.ThirdPersonExampleMap:PersistentLevel.ThirdPersonExampleMap'
[2019.08.01-02.44.40:890][712]LogSlate: Updating window title bar state: overlay mode, drag disabled, window buttons hidden, title bar hidden
[2019.08.01-02.44.40:927][712]LogPlayLevel: Display: Shutting down PIE online subsystems
[2019.08.01-02.44.40:927][712]LogBlueprintUserMessages: Late EndPlayMap Detection: Level '/Game/IronForgedGames/Core/Entity/Test/ThirdPersonCPP/Maps/ThirdPersonExampleMap.ThirdPersonExampleMap:PersistentLevel' has LevelScriptBlueprint '/Game/IronForgedGames/Core/Entity/Test/ThirdPersonCPP/Maps/ThirdPersonExampleMap.ThirdPersonExampleMap:PersistentLevel.ThirdPersonExampleMap' with GeneratedClass '/Game/IronForgedGames/Core/Entity/Test/ThirdPersonCPP/Maps/ThirdPersonExampleMap.ThirdPersonExampleMap_C' with ClassGeneratedBy '/Game/IronForgedGames/Core/Entity/Test/ThirdPersonCPP/Maps/ThirdPersonExampleMap.ThirdPersonExampleMap:PersistentLevel.ThirdPersonExampleMap'
[2019.08.01-02.44.40:968][712]LogSlate: Updating window title bar state: overlay mode, drag disabled, window buttons hidden, title bar hidden
[2019.08.01-02.44.41:004][713]LogPlayLevel: Display: Destroying online subsystem :Context_11
[2019.08.01-02.44.42:260][848]LogSlate: FSceneViewport::OnFocusLost() reason 0
[2019.08.01-02.44.43:914][ 27]LogSavePackage: Moving '../../../../../Projects/IronForgedGames/Project_Tether/Project_Tether/Saved/CommonToolPickupE7609FE64C436611DED60B82126F3657.tmp' to '../../../../../Projects/IronForgedGames/Project_Tether/Project_Tether/Content/IronForgedGames/Implementation/Gameplay/System/Tool/Pickups/CommonToolPickup.uasset'
[2019.08.01-02.45.18:570][971]BlueprintLog: New page: Compile BaseToolPickup
[2019.08.01-02.45.18:775][971]LogSavePackage: Moving '../../../../../Projects/IronForgedGames/Project_Tether/Project_Tether/Saved/BaseToolPickupE721837349230505F44BBE90D8381E34.tmp' to '../../../../../Projects/IronForgedGames/Project_Tether/Project_Tether/Content/IronForgedGames/Implementation/Gameplay/System/Tool/Pickups/BaseToolPickup.uasset'
[2019.08.01-02.45.19:679][ 75]LogTemp: Repeating last play command: Selected Viewport
[2019.08.01-02.45.19:709][ 75]LogBlueprintUserMessages: Early PlayInEditor Detection: Level '/Game/IronForgedGames/Core/Entity/Test/ThirdPersonCPP/Maps/ThirdPersonExampleMap.ThirdPersonExampleMap:PersistentLevel' has LevelScriptBlueprint '/Game/IronForgedGames/Core/Entity/Test/ThirdPersonCPP/Maps/ThirdPersonExampleMap.ThirdPersonExampleMap:PersistentLevel.ThirdPersonExampleMap' with GeneratedClass '/Game/IronForgedGames/Core/Entity/Test/ThirdPersonCPP/Maps/ThirdPersonExampleMap.ThirdPersonExampleMap_C' with ClassGeneratedBy '/Game/IronForgedGames/Core/Entity/Test/ThirdPersonCPP/Maps/ThirdPersonExampleMap.ThirdPersonExampleMap:PersistentLevel.ThirdPersonExampleMap'
[2019.08.01-02.45.19:709][ 75]LogPlayLevel: PlayLevel: No blueprints needed recompiling
[2019.08.01-02.45.19:710][ 75]PIE: New page: PIE session: ThirdPersonExampleMap (Jul 31, 2019, 5:45:19 PM)
[2019.08.01-02.45.19:710][ 75]LogPlayLevel: Creating play world package: /Game/IronForgedGames/Core/Entity/Test/ThirdPersonCPP/Maps/UEDPIE_0_ThirdPersonExampleMap
[2019.08.01-02.45.19:722][ 75]LogPlayLevel: PIE: StaticDuplicateObject took: (0.012308s)
[2019.08.01-02.45.19:723][ 75]LogAIModule: Creating AISystem for world ThirdPersonExampleMap
[2019.08.01-02.45.19:723][ 75]LogPlayLevel: PIE: World Init took: (0.000798s)
[2019.08.01-02.45.19:723][ 75]LogPlayLevel: PIE: Created PIE world by copying editor world from /Game/IronForgedGames/Core/Entity/Test/ThirdPersonCPP/Maps/ThirdPersonExampleMap.ThirdPersonExampleMap to /Game/IronForgedGames/Core/Entity/Test/ThirdPersonCPP/Maps/UEDPIE_0_ThirdPersonExampleMap.ThirdPersonExampleMap (0.013647s)
[2019.08.01-02.45.19:826][ 75]LogInit: XAudio2 using 'Speakers (2- USB PnP Audio Device)' : 2 channels at 48 kHz using 16 bits per sample (channel mask 0x3)
[2019.08.01-02.45.19:834][ 75]LogInit: FAudioDevice initialized.
[2019.08.01-02.45.19:844][ 75]LogSlate: Updating window title bar state: overlay mode, drag disabled, window buttons hidden, title bar hidden
[2019.08.01-02.45.19:888][ 75]LogLoad: Game class is 'GameMode'
[2019.08.01-02.45.19:890][ 75]LogWorld: Bringing World /Game/IronForgedGames/Core/Entity/Test/ThirdPersonCPP/Maps/UEDPIE_0_ThirdPersonExampleMap.ThirdPersonExampleMap up for play (max tick rate 0) at 2019.07.31-22.45.19
[2019.08.01-02.45.19:891][ 75]LogWorld: Bringing up level for play took: 0.001619
[2019.08.01-02.45.19:901][ 75]LogGameMode: FindPlayerStart: PATHS NOT DEFINED or NO PLAYERSTART with positive rating
[2019.08.01-02.45.19:901][ 75]LogGameMode: Display: Match State Changed from EnteringMap to WaitingToStart
[2019.08.01-02.45.19:902][ 75]LogGameState: Match State Changed from EnteringMap to WaitingToStart
[2019.08.01-02.45.19:902][ 75]LogGameMode: Display: Match State Changed from WaitingToStart to InProgress
[2019.08.01-02.45.19:902][ 75]LogTemp: Error: Health stat was found, the Vitals will not work
[2019.08.01-02.45.19:902][ 75]LogGameState: Match State Changed from WaitingToStart to InProgress
[2019.08.01-02.45.19:903][ 75]PIE: Play in editor start time for /Game/IronForgedGames/Core/Entity/Test/ThirdPersonCPP/Maps/UEDPIE_0_ThirdPersonExampleMap 1.147
[2019.08.01-02.45.19:904][ 75]LogBlueprintUserMessages: Late PlayInEditor Detection: Level '/Game/IronForgedGames/Core/Entity/Test/ThirdPersonCPP/Maps/ThirdPersonExampleMap.ThirdPersonExampleMap:PersistentLevel' has LevelScriptBlueprint '/Game/IronForgedGames/Core/Entity/Test/ThirdPersonCPP/Maps/ThirdPersonExampleMap.ThirdPersonExampleMap:PersistentLevel.ThirdPersonExampleMap' with GeneratedClass '/Game/IronForgedGames/Core/Entity/Test/ThirdPersonCPP/Maps/ThirdPersonExampleMap.ThirdPersonExampleMap_C' with ClassGeneratedBy '/Game/IronForgedGames/Core/Entity/Test/ThirdPersonCPP/Maps/ThirdPersonExampleMap.ThirdPersonExampleMap:PersistentLevel.ThirdPersonExampleMap'
[2019.08.01-02.45.21:245][227]LogBlueprintUserMessages: [CommonToolPickup_2] Hello
[2019.08.01-02.45.21:764][289]LogBlueprintUserMessages: Early EndPlayMap Detection: Level '/Game/IronForgedGames/Core/Entity/Test/ThirdPersonCPP/Maps/ThirdPersonExampleMap.ThirdPersonExampleMap:PersistentLevel' has LevelScriptBlueprint '/Game/IronForgedGames/Core/Entity/Test/ThirdPersonCPP/Maps/ThirdPersonExampleMap.ThirdPersonExampleMap:PersistentLevel.ThirdPersonExampleMap' with GeneratedClass '/Game/IronForgedGames/Core/Entity/Test/ThirdPersonCPP/Maps/ThirdPersonExampleMap.ThirdPersonExampleMap_C' with ClassGeneratedBy '/Game/IronForgedGames/Core/Entity/Test/ThirdPersonCPP/Maps/ThirdPersonExampleMap.ThirdPersonExampleMap:PersistentLevel.ThirdPersonExampleMap'
[2019.08.01-02.45.21:765][289]LogSlate: Updating window title bar state: overlay mode, drag disabled, window buttons hidden, title bar hidden
[2019.08.01-02.45.21:783][289]LogSlate: Window 'Project_Tether Game Preview Standalone (64-bit/PCD3D_SM5)' being destroyed
[2019.08.01-02.45.21:823][289]LogPlayLevel: Display: Shutting down PIE online subsystems
[2019.08.01-02.45.21:824][289]LogBlueprintUserMessages: Late EndPlayMap Detection: Level '/Game/IronForgedGames/Core/Entity/Test/ThirdPersonCPP/Maps/ThirdPersonExampleMap.ThirdPersonExampleMap:PersistentLevel' has LevelScriptBlueprint '/Game/IronForgedGames/Core/Entity/Test/ThirdPersonCPP/Maps/ThirdPersonExampleMap.ThirdPersonExampleMap:PersistentLevel.ThirdPersonExampleMap' with GeneratedClass '/Game/IronForgedGames/Core/Entity/Test/ThirdPersonCPP/Maps/ThirdPersonExampleMap.ThirdPersonExampleMap_C' with ClassGeneratedBy '/Game/IronForgedGames/Core/Entity/Test/ThirdPersonCPP/Maps/ThirdPersonExampleMap.ThirdPersonExampleMap:PersistentLevel.ThirdPersonExampleMap'
[2019.08.01-02.45.21:890][290]LogPlayLevel: Display: Destroying online subsystem :Context_12
[2019.08.01-02.45.30:908][337]LogEditorTransaction: Undo Create Pin Link
[2019.08.01-02.45.48:801][421]BlueprintLog: New page: Compile BaseToolPickup
[2019.08.01-02.45.49:001][421]LogSavePackage: Moving '../../../../../Projects/IronForgedGames/Project_Tether/Project_Tether/Saved/BaseToolPickup6190B2AA4149009D35788D9001850D9A.tmp' to '../../../../../Projects/IronForgedGames/Project_Tether/Project_Tether/Content/IronForgedGames/Implementation/Gameplay/System/Tool/Pickups/BaseToolPickup.uasset'
[2019.08.01-02.45.49:037][421]LogSavePackage: Moving '../../../../../Projects/IronForgedGames/Project_Tether/Project_Tether/Saved/CommonToolPickup6D238BE1450116B238AA12BE22732C0A.tmp' to '../../../../../Projects/IronForgedGames/Project_Tether/Project_Tether/Content/IronForgedGames/Implementation/Gameplay/System/Tool/Pickups/CommonToolPickup.uasset'
[2019.08.01-02.45.49:659][492]LogTemp: Repeating last play command: Selected Viewport
[2019.08.01-02.45.49:685][492]LogBlueprintUserMessages: Early PlayInEditor Detection: Level '/Game/IronForgedGames/Core/Entity/Test/ThirdPersonCPP/Maps/ThirdPersonExampleMap.ThirdPersonExampleMap:PersistentLevel' has LevelScriptBlueprint '/Game/IronForgedGames/Core/Entity/Test/ThirdPersonCPP/Maps/ThirdPersonExampleMap.ThirdPersonExampleMap:PersistentLevel.ThirdPersonExampleMap' with GeneratedClass '/Game/IronForgedGames/Core/Entity/Test/ThirdPersonCPP/Maps/ThirdPersonExampleMap.ThirdPersonExampleMap_C' with ClassGeneratedBy '/Game/IronForgedGames/Core/Entity/Test/ThirdPersonCPP/Maps/ThirdPersonExampleMap.ThirdPersonExampleMap:PersistentLevel.ThirdPersonExampleMap'
[2019.08.01-02.45.49:685][492]LogPlayLevel: PlayLevel: No blueprints needed recompiling
[2019.08.01-02.45.49:685][492]PIE: New page: PIE session: ThirdPersonExampleMap (Jul 31, 2019, 5:45:49 PM)
[2019.08.01-02.45.49:686][492]LogPlayLevel: Creating play world package: /Game/IronForgedGames/Core/Entity/Test/ThirdPersonCPP/Maps/UEDPIE_0_ThirdPersonExampleMap
[2019.08.01-02.45.49:700][492]LogPlayLevel: PIE: StaticDuplicateObject took: (0.013866s)
[2019.08.01-02.45.49:701][492]LogAIModule: Creating AISystem for world ThirdPersonExampleMap
[2019.08.01-02.45.49:701][492]LogPlayLevel: PIE: World Init took: (0.001023s)
[2019.08.01-02.45.49:701][492]LogPlayLevel: PIE: Created PIE world by copying editor world from /Game/IronForgedGames/Core/Entity/Test/ThirdPersonCPP/Maps/ThirdPersonExampleMap.ThirdPersonExampleMap to /Game/IronForgedGames/Core/Entity/Test/ThirdPersonCPP/Maps/UEDPIE_0_ThirdPersonExampleMap.ThirdPersonExampleMap (0.015371s)
[2019.08.01-02.45.49:788][492]LogInit: XAudio2 using 'Speakers (2- USB PnP Audio Device)' : 2 channels at 48 kHz using 16 bits per sample (channel mask 0x3)
[2019.08.01-02.45.49:796][492]LogInit: FAudioDevice initialized.
[2019.08.01-02.45.49:807][492]LogSlate: Updating window title bar state: overlay mode, drag disabled, window buttons hidden, title bar hidden
[2019.08.01-02.45.49:846][492]LogLoad: Game class is 'GameMode'
[2019.08.01-02.45.49:848][492]LogWorld: Bringing World /Game/IronForgedGames/Core/Entity/Test/ThirdPersonCPP/Maps/UEDPIE_0_ThirdPersonExampleMap.ThirdPersonExampleMap up for play (max tick rate 0) at 2019.07.31-22.45.49
[2019.08.01-02.45.49:848][492]LogWorld: Bringing up level for play took: 0.001709
[2019.08.01-02.45.49:860][492]LogGameMode: FindPlayerStart: PATHS NOT DEFINED or NO PLAYERSTART with positive rating
[2019.08.01-02.45.49:860][492]LogGameMode: Display: Match State Changed from EnteringMap to WaitingToStart
[2019.08.01-02.45.49:861][492]LogGameState: Match State Changed from EnteringMap to WaitingToStart
[2019.08.01-02.45.49:861][492]LogGameMode: Display: Match State Changed from WaitingToStart to InProgress
[2019.08.01-02.45.49:861][492]LogTemp: Error: Health stat was found, the Vitals will not work
[2019.08.01-02.45.49:861][492]LogGameState: Match State Changed from WaitingToStart to InProgress
[2019.08.01-02.45.49:862][492]PIE: Play in editor start time for /Game/IronForgedGames/Core/Entity/Test/ThirdPersonCPP/Maps/UEDPIE_0_ThirdPersonExampleMap 1.105
[2019.08.01-02.45.49:863][492]LogBlueprintUserMessages: Late PlayInEditor Detection: Level '/Game/IronForgedGames/Core/Entity/Test/ThirdPersonCPP/Maps/ThirdPersonExampleMap.ThirdPersonExampleMap:PersistentLevel' has LevelScriptBlueprint '/Game/IronForgedGames/Core/Entity/Test/ThirdPersonCPP/Maps/ThirdPersonExampleMap.ThirdPersonExampleMap:PersistentLevel.ThirdPersonExampleMap' with GeneratedClass '/Game/IronForgedGames/Core/Entity/Test/ThirdPersonCPP/Maps/ThirdPersonExampleMap.ThirdPersonExampleMap_C' with ClassGeneratedBy '/Game/IronForgedGames/Core/Entity/Test/ThirdPersonCPP/Maps/ThirdPersonExampleMap.ThirdPersonExampleMap:PersistentLevel.ThirdPersonExampleMap'
[2019.08.01-02.45.52:211][760]LogTemp: Warning: called
[2019.08.01-02.45.52:211][760]LogTemp: Warning: ah
[2019.08.01-02.45.52:211][760]LogTemp: Warning: ok
[2019.08.01-02.45.52:211][760]LogTemp: Warning: weapon
[2019.08.01-02.45.52:211][760]LogTemp: Warning: add
[2019.08.01-02.45.52:211][760]LogBlueprintUserMessages: [TopDownCharacter_2] Test Sword Tool
[2019.08.01-02.45.53:365][898]LogTemp: Warning: called
[2019.08.01-02.45.53:365][898]LogTemp: Warning: ah
[2019.08.01-02.45.53:365][898]LogTemp: Warning: ok
[2019.08.01-02.45.53:365][898]LogTemp: Warning: weapon
[2019.08.01-02.45.54:719][ 60]LogTemp: Warning: called
[2019.08.01-02.45.54:719][ 60]LogTemp: Warning: ah
[2019.08.01-02.45.54:719][ 60]LogTemp: Warning: ok
[2019.08.01-02.45.54:719][ 60]LogTemp: Warning: weapon
[2019.08.01-02.45.55:860][197]LogTemp: Warning: called
[2019.08.01-02.45.55:860][197]LogTemp: Warning: ah
[2019.08.01-02.45.55:860][197]LogTemp: Warning: ok
[2019.08.01-02.45.55:860][197]LogTemp: Warning: weapon
[2019.08.01-02.45.56:804][310]LogTemp: Warning: called
[2019.08.01-02.45.56:804][310]LogTemp: Warning: ah
[2019.08.01-02.45.56:804][310]LogTemp: Warning: ok
[2019.08.01-02.45.56:804][310]LogTemp: Warning: weapon
[2019.08.01-02.45.57:489][392]LogTemp: Warning: called
[2019.08.01-02.45.57:489][392]LogTemp: Warning: ah
[2019.08.01-02.45.57:490][392]LogTemp: Warning: ok
[2019.08.01-02.45.57:490][392]LogTemp: Warning: weapon
[2019.08.01-02.45.58:066][461]LogBlueprintUserMessages: Early EndPlayMap Detection: Level '/Game/IronForgedGames/Core/Entity/Test/ThirdPersonCPP/Maps/ThirdPersonExampleMap.ThirdPersonExampleMap:PersistentLevel' has LevelScriptBlueprint '/Game/IronForgedGames/Core/Entity/Test/ThirdPersonCPP/Maps/ThirdPersonExampleMap.ThirdPersonExampleMap:PersistentLevel.ThirdPersonExampleMap' with GeneratedClass '/Game/IronForgedGames/Core/Entity/Test/ThirdPersonCPP/Maps/ThirdPersonExampleMap.ThirdPersonExampleMap_C' with ClassGeneratedBy '/Game/IronForgedGames/Core/Entity/Test/ThirdPersonCPP/Maps/ThirdPersonExampleMap.ThirdPersonExampleMap:PersistentLevel.ThirdPersonExampleMap'
[2019.08.01-02.45.58:067][461]LogSlate: Updating window title bar state: overlay mode, drag disabled, window buttons hidden, title bar hidden
[2019.08.01-02.45.58:089][461]LogSlate: Window 'Project_Tether Game Preview Standalone (64-bit/PCD3D_SM5)' being destroyed
[2019.08.01-02.45.58:134][461]LogPlayLevel: Display: Shutting down PIE online subsystems
[2019.08.01-02.45.58:135][461]LogBlueprintUserMessages: Late EndPlayMap Detection: Level '/Game/IronForgedGames/Core/Entity/Test/ThirdPersonCPP/Maps/ThirdPersonExampleMap.ThirdPersonExampleMap:PersistentLevel' has LevelScriptBlueprint '/Game/IronForgedGames/Core/Entity/Test/ThirdPersonCPP/Maps/ThirdPersonExampleMap.ThirdPersonExampleMap:PersistentLevel.ThirdPersonExampleMap' with GeneratedClass '/Game/IronForgedGames/Core/Entity/Test/ThirdPersonCPP/Maps/ThirdPersonExampleMap.ThirdPersonExampleMap_C' with ClassGeneratedBy '/Game/IronForgedGames/Core/Entity/Test/ThirdPersonCPP/Maps/ThirdPersonExampleMap.ThirdPersonExampleMap:PersistentLevel.ThirdPersonExampleMap'
[2019.08.01-02.45.58:198][462]LogPlayLevel: Display: Destroying online subsystem :Context_13
[2019.08.01-02.47.03:683][121]BlueprintLog: New page: Compile BaseToolPickup
[2019.08.01-02.47.03:887][121]LogSavePackage: Moving '../../../../../Projects/IronForgedGames/Project_Tether/Project_Tether/Saved/BaseToolPickup2A8EAD51425534DCEC8BF6A287914A19.tmp' to '../../../../../Projects/IronForgedGames/Project_Tether/Project_Tether/Content/IronForgedGames/Implementation/Gameplay/System/Tool/Pickups/BaseToolPickup.uasset'
[2019.08.01-02.47.05:267][280]LogTemp: Repeating last play command: Selected Viewport
[2019.08.01-02.47.05:293][280]LogBlueprintUserMessages: Early PlayInEditor Detection: Level '/Game/IronForgedGames/Core/Entity/Test/ThirdPersonCPP/Maps/ThirdPersonExampleMap.ThirdPersonExampleMap:PersistentLevel' has LevelScriptBlueprint '/Game/IronForgedGames/Core/Entity/Test/ThirdPersonCPP/Maps/ThirdPersonExampleMap.ThirdPersonExampleMap:PersistentLevel.ThirdPersonExampleMap' with GeneratedClass '/Game/IronForgedGames/Core/Entity/Test/ThirdPersonCPP/Maps/ThirdPersonExampleMap.ThirdPersonExampleMap_C' with ClassGeneratedBy '/Game/IronForgedGames/Core/Entity/Test/ThirdPersonCPP/Maps/ThirdPersonExampleMap.ThirdPersonExampleMap:PersistentLevel.ThirdPersonExampleMap'
[2019.08.01-02.47.05:293][280]LogPlayLevel: PlayLevel: No blueprints needed recompiling
[2019.08.01-02.47.05:294][280]PIE: New page: PIE session: ThirdPersonExampleMap (Jul 31, 2019, 5:47:05 PM)
[2019.08.01-02.47.05:294][280]LogPlayLevel: Creating play world package: /Game/IronForgedGames/Core/Entity/Test/ThirdPersonCPP/Maps/UEDPIE_0_ThirdPersonExampleMap
[2019.08.01-02.47.05:305][280]LogPlayLevel: PIE: StaticDuplicateObject took: (0.010867s)
[2019.08.01-02.47.05:306][280]LogAIModule: Creating AISystem for world ThirdPersonExampleMap
[2019.08.01-02.47.05:306][280]LogPlayLevel: PIE: World Init took: (0.001011s)
[2019.08.01-02.47.05:306][280]LogPlayLevel: PIE: Created PIE world by copying editor world from /Game/IronForgedGames/Core/Entity/Test/ThirdPersonCPP/Maps/ThirdPersonExampleMap.ThirdPersonExampleMap to /Game/IronForgedGames/Core/Entity/Test/ThirdPersonCPP/Maps/UEDPIE_0_ThirdPersonExampleMap.ThirdPersonExampleMap (0.012417s)
[2019.08.01-02.47.05:410][280]LogInit: XAudio2 using 'Speakers (2- USB PnP Audio Device)' : 2 channels at 48 kHz using 16 bits per sample (channel mask 0x3)
[2019.08.01-02.47.05:418][280]LogInit: FAudioDevice initialized.
[2019.08.01-02.47.05:428][280]LogSlate: Updating window title bar state: overlay mode, drag disabled, window buttons hidden, title bar hidden
[2019.08.01-02.47.05:469][280]LogLoad: Game class is 'GameMode'
[2019.08.01-02.47.05:471][280]LogWorld: Bringing World /Game/IronForgedGames/Core/Entity/Test/ThirdPersonCPP/Maps/UEDPIE_0_ThirdPersonExampleMap.ThirdPersonExampleMap up for play (max tick rate 0) at 2019.07.31-22.47.05
[2019.08.01-02.47.05:471][280]LogWorld: Bringing up level for play took: 0.001711
[2019.08.01-02.47.05:483][280]LogGameMode: FindPlayerStart: PATHS NOT DEFINED or NO PLAYERSTART with positive rating
[2019.08.01-02.47.05:483][280]LogGameMode: Display: Match State Changed from EnteringMap to WaitingToStart
[2019.08.01-02.47.05:484][280]LogGameState: Match State Changed from EnteringMap to WaitingToStart
[2019.08.01-02.47.05:484][280]LogGameMode: Display: Match State Changed from WaitingToStart to InProgress
[2019.08.01-02.47.05:484][280]LogTemp: Error: Health stat was found, the Vitals will not work
[2019.08.01-02.47.05:484][280]LogGameState: Match State Changed from WaitingToStart to InProgress
[2019.08.01-02.47.05:485][280]PIE: Play in editor start time for /Game/IronForgedGames/Core/Entity/Test/ThirdPersonCPP/Maps/UEDPIE_0_ThirdPersonExampleMap 0.729
[2019.08.01-02.47.05:486][280]LogBlueprintUserMessages: Late PlayInEditor Detection: Level '/Game/IronForgedGames/Core/Entity/Test/ThirdPersonCPP/Maps/ThirdPersonExampleMap.ThirdPersonExampleMap:PersistentLevel' has LevelScriptBlueprint '/Game/IronForgedGames/Core/Entity/Test/ThirdPersonCPP/Maps/ThirdPersonExampleMap.ThirdPersonExampleMap:PersistentLevel.ThirdPersonExampleMap' with GeneratedClass '/Game/IronForgedGames/Core/Entity/Test/ThirdPersonCPP/Maps/ThirdPersonExampleMap.ThirdPersonExampleMap_C' with ClassGeneratedBy '/Game/IronForgedGames/Core/Entity/Test/ThirdPersonCPP/Maps/ThirdPersonExampleMap.ThirdPersonExampleMap:PersistentLevel.ThirdPersonExampleMap'
[2019.08.01-02.47.06:961][444]LogTemp: Warning: called
[2019.08.01-02.47.06:961][444]LogTemp: Warning: ah
[2019.08.01-02.47.06:961][444]LogTemp: Warning: ok
[2019.08.01-02.47.06:961][444]LogTemp: Warning: weapon
[2019.08.01-02.47.06:961][444]LogTemp: Warning: add
[2019.08.01-02.47.06:961][444]LogBlueprintUserMessages: [TopDownCharacter_2] Test Sword Tool
[2019.08.01-02.47.08:589][639]LogTemp: Warning: called
[2019.08.01-02.47.08:589][639]LogTemp: Warning: ah
[2019.08.01-02.47.08:589][639]LogTemp: Warning: ok
[2019.08.01-02.47.08:589][639]LogTemp: Warning: weapon
[2019.08.01-02.47.09:410][737]LogBlueprintUserMessages: Early EndPlayMap Detection: Level '/Game/IronForgedGames/Core/Entity/Test/ThirdPersonCPP/Maps/ThirdPersonExampleMap.ThirdPersonExampleMap:PersistentLevel' has LevelScriptBlueprint '/Game/IronForgedGames/Core/Entity/Test/ThirdPersonCPP/Maps/ThirdPersonExampleMap.ThirdPersonExampleMap:PersistentLevel.ThirdPersonExampleMap' with GeneratedClass '/Game/IronForgedGames/Core/Entity/Test/ThirdPersonCPP/Maps/ThirdPersonExampleMap.ThirdPersonExampleMap_C' with ClassGeneratedBy '/Game/IronForgedGames/Core/Entity/Test/ThirdPersonCPP/Maps/ThirdPersonExampleMap.ThirdPersonExampleMap:PersistentLevel.ThirdPersonExampleMap'
[2019.08.01-02.47.09:411][737]LogSlate: Updating window title bar state: overlay mode, drag disabled, window buttons hidden, title bar hidden
[2019.08.01-02.47.09:429][737]LogSlate: Window 'Project_Tether Game Preview Standalone (64-bit/PCD3D_SM5)' being destroyed
[2019.08.01-02.47.09:472][737]LogPlayLevel: Display: Shutting down PIE online subsystems
[2019.08.01-02.47.09:473][737]LogBlueprintUserMessages: Late EndPlayMap Detection: Level '/Game/IronForgedGames/Core/Entity/Test/ThirdPersonCPP/Maps/ThirdPersonExampleMap.ThirdPersonExampleMap:PersistentLevel' has LevelScriptBlueprint '/Game/IronForgedGames/Core/Entity/Test/ThirdPersonCPP/Maps/ThirdPersonExampleMap.ThirdPersonExampleMap:PersistentLevel.ThirdPersonExampleMap' with GeneratedClass '/Game/IronForgedGames/Core/Entity/Test/ThirdPersonCPP/Maps/ThirdPersonExampleMap.ThirdPersonExampleMap_C' with ClassGeneratedBy '/Game/IronForgedGames/Core/Entity/Test/ThirdPersonCPP/Maps/ThirdPersonExampleMap.ThirdPersonExampleMap:PersistentLevel.ThirdPersonExampleMap'
[2019.08.01-02.47.09:541][738]LogPlayLevel: Display: Destroying online subsystem :Context_14
[2019.08.01-02.47.10:410][831]LogSavePackage: Moving '../../../../../Projects/IronForgedGames/Project_Tether/Project_Tether/Saved/BaseToolPickupE8E1D4624D37C479BA5BAD9A69D5FAF4.tmp' to '../../../../../Projects/IronForgedGames/Project_Tether/Project_Tether/Content/IronForgedGames/Implementation/Gameplay/System/Tool/Pickups/BaseToolPickup.uasset'
[2019.08.01-02.47.30:624][210]LogSlate: Took 0.000172 seconds to synchronously load lazily loaded font '../../../Engine/Content/Slate/Fonts/Roboto-BoldCondensedItalic.ttf' (160K)
[2019.08.01-02.47.50:881][594]BlueprintLog: New page: Compile BaseToolPickup
[2019.08.01-02.47.51:096][594]LogSavePackage: Moving '../../../../../Projects/IronForgedGames/Project_Tether/Project_Tether/Saved/BaseToolPickup77D5F8854A88115653F281A917016226.tmp' to '../../../../../Projects/IronForgedGames/Project_Tether/Project_Tether/Content/IronForgedGames/Implementation/Gameplay/System/Tool/Pickups/BaseToolPickup.uasset'
[2019.08.01-02.47.51:132][594]LogSavePackage: Moving '../../../../../Projects/IronForgedGames/Project_Tether/Project_Tether/Saved/CommonToolPickup9EB3E268495618AD3758C5B74B857F4A.tmp' to '../../../../../Projects/IronForgedGames/Project_Tether/Project_Tether/Content/IronForgedGames/Implementation/Gameplay/System/Tool/Pickups/CommonToolPickup.uasset'
[2019.08.01-02.48.37:857][ 25]BlueprintLog: New page: Compile BaseToolPickup
[2019.08.01-02.48.38:070][ 25]LogSavePackage: Moving '../../../../../Projects/IronForgedGames/Project_Tether/Project_Tether/Saved/BaseToolPickup7DEAC612430127FBA7D99687CB0E8E7D.tmp' to '../../../../../Projects/IronForgedGames/Project_Tether/Project_Tether/Content/IronForgedGames/Implementation/Gameplay/System/Tool/Pickups/BaseToolPickup.uasset'
[2019.08.01-02.48.52:760][762]BlueprintLog: New page: Compile BaseToolPickup
[2019.08.01-02.48.52:969][762]LogSavePackage: Moving '../../../../../Projects/IronForgedGames/Project_Tether/Project_Tether/Saved/BaseToolPickup92BCF8CE46CD6CAA74904AB011960D49.tmp' to '../../../../../Projects/IronForgedGames/Project_Tether/Project_Tether/Content/IronForgedGames/Implementation/Gameplay/System/Tool/Pickups/BaseToolPickup.uasset'
[2019.08.01-02.48.54:111][882]LogTemp: Repeating last play command: Selected Viewport
[2019.08.01-02.48.54:138][882]LogBlueprintUserMessages: Early PlayInEditor Detection: Level '/Game/IronForgedGames/Core/Entity/Test/ThirdPersonCPP/Maps/ThirdPersonExampleMap.ThirdPersonExampleMap:PersistentLevel' has LevelScriptBlueprint '/Game/IronForgedGames/Core/Entity/Test/ThirdPersonCPP/Maps/ThirdPersonExampleMap.ThirdPersonExampleMap:PersistentLevel.ThirdPersonExampleMap' with GeneratedClass '/Game/IronForgedGames/Core/Entity/Test/ThirdPersonCPP/Maps/ThirdPersonExampleMap.ThirdPersonExampleMap_C' with ClassGeneratedBy '/Game/IronForgedGames/Core/Entity/Test/ThirdPersonCPP/Maps/ThirdPersonExampleMap.ThirdPersonExampleMap:PersistentLevel.ThirdPersonExampleMap'
[2019.08.01-02.48.54:139][882]LogPlayLevel: PlayLevel: No blueprints needed recompiling
[2019.08.01-02.48.54:139][882]PIE: New page: PIE session: ThirdPersonExampleMap (Jul 31, 2019, 5:48:54 PM)
[2019.08.01-02.48.54:139][882]LogPlayLevel: Creating play world package: /Game/IronForgedGames/Core/Entity/Test/ThirdPersonCPP/Maps/UEDPIE_0_ThirdPersonExampleMap
[2019.08.01-02.48.54:149][882]LogPlayLevel: PIE: StaticDuplicateObject took: (0.009445s)
[2019.08.01-02.48.54:149][882]LogAIModule: Creating AISystem for world ThirdPersonExampleMap
[2019.08.01-02.48.54:150][882]LogPlayLevel: PIE: World Init took: (0.000813s)
[2019.08.01-02.48.54:150][882]LogPlayLevel: PIE: Created PIE world by copying editor world from /Game/IronForgedGames/Core/Entity/Test/ThirdPersonCPP/Maps/ThirdPersonExampleMap.ThirdPersonExampleMap to /Game/IronForgedGames/Core/Entity/Test/ThirdPersonCPP/Maps/UEDPIE_0_ThirdPersonExampleMap.ThirdPersonExampleMap (0.010761s)
[2019.08.01-02.48.54:226][882]LogInit: XAudio2 using 'Speakers (2- USB PnP Audio Device)' : 2 channels at 48 kHz using 16 bits per sample (channel mask 0x3)
[2019.08.01-02.48.54:235][882]LogInit: FAudioDevice initialized.
[2019.08.01-02.48.54:263][882]LogLoad: Game class is 'GameMode'
[2019.08.01-02.48.54:265][882]LogWorld: Bringing World /Game/IronForgedGames/Core/Entity/Test/ThirdPersonCPP/Maps/UEDPIE_0_ThirdPersonExampleMap.ThirdPersonExampleMap up for play (max tick rate 0) at 2019.07.31-22.48.54
[2019.08.01-02.48.54:266][882]LogWorld: Bringing up level for play took: 0.001820
[2019.08.01-02.48.54:279][882]LogGameMode: Display: Match State Changed from EnteringMap to WaitingToStart
[2019.08.01-02.48.54:279][882]LogGameState: Match State Changed from EnteringMap to WaitingToStart
[2019.08.01-02.48.54:279][882]LogGameMode: Display: Match State Changed from WaitingToStart to InProgress
[2019.08.01-02.48.54:280][882]LogTemp: Error: Health stat was found, the Vitals will not work
[2019.08.01-02.48.54:280][882]LogGameState: Match State Changed from WaitingToStart to InProgress
[2019.08.01-02.48.54:280][882]PIE: Play in editor start time for /Game/IronForgedGames/Core/Entity/Test/ThirdPersonCPP/Maps/UEDPIE_0_ThirdPersonExampleMap -0.477
[2019.08.01-02.48.54:281][882]LogBlueprintUserMessages: Late PlayInEditor Detection: Level '/Game/IronForgedGames/Core/Entity/Test/ThirdPersonCPP/Maps/ThirdPersonExampleMap.ThirdPersonExampleMap:PersistentLevel' has LevelScriptBlueprint '/Game/IronForgedGames/Core/Entity/Test/ThirdPersonCPP/Maps/ThirdPersonExampleMap.ThirdPersonExampleMap:PersistentLevel.ThirdPersonExampleMap' with GeneratedClass '/Game/IronForgedGames/Core/Entity/Test/ThirdPersonCPP/Maps/ThirdPersonExampleMap.ThirdPersonExampleMap_C' with ClassGeneratedBy '/Game/IronForgedGames/Core/Entity/Test/ThirdPersonCPP/Maps/ThirdPersonExampleMap.ThirdPersonExampleMap:PersistentLevel.ThirdPersonExampleMap'
[2019.08.01-02.48.55:743][ 42]LogTemp: Warning: called
[2019.08.01-02.48.55:743][ 42]LogTemp: Warning: ah
[2019.08.01-02.48.55:743][ 42]LogTemp: Warning: ok
[2019.08.01-02.48.55:743][ 42]LogTemp: Warning: weapon
[2019.08.01-02.48.55:743][ 42]LogTemp: Warning: add
[2019.08.01-02.48.55:743][ 42]LogBlueprintUserMessages: [TopDownCharacter_2] Test Sword Tool
[2019.08.01-02.48.56:232][ 99]LogBlueprintUserMessages: Early EndPlayMap Detection: Level '/Game/IronForgedGames/Core/Entity/Test/ThirdPersonCPP/Maps/ThirdPersonExampleMap.ThirdPersonExampleMap:PersistentLevel' has LevelScriptBlueprint '/Game/IronForgedGames/Core/Entity/Test/ThirdPersonCPP/Maps/ThirdPersonExampleMap.ThirdPersonExampleMap:PersistentLevel.ThirdPersonExampleMap' with GeneratedClass '/Game/IronForgedGames/Core/Entity/Test/ThirdPersonCPP/Maps/ThirdPersonExampleMap.ThirdPersonExampleMap_C' with ClassGeneratedBy '/Game/IronForgedGames/Core/Entity/Test/ThirdPersonCPP/Maps/ThirdPersonExampleMap.ThirdPersonExampleMap:PersistentLevel.ThirdPersonExampleMap'
[2019.08.01-02.48.56:234][ 99]LogSlate: Updating window title bar state: overlay mode, drag disabled, window buttons hidden, title bar hidden
[2019.08.01-02.48.56:273][ 99]LogPlayLevel: Display: Shutting down PIE online subsystems
[2019.08.01-02.48.56:274][ 99]LogBlueprintUserMessages: Late EndPlayMap Detection: Level '/Game/IronForgedGames/Core/Entity/Test/ThirdPersonCPP/Maps/ThirdPersonExampleMap.ThirdPersonExampleMap:PersistentLevel' has LevelScriptBlueprint '/Game/IronForgedGames/Core/Entity/Test/ThirdPersonCPP/Maps/ThirdPersonExampleMap.ThirdPersonExampleMap:PersistentLevel.ThirdPersonExampleMap' with GeneratedClass '/Game/IronForgedGames/Core/Entity/Test/ThirdPersonCPP/Maps/ThirdPersonExampleMap.ThirdPersonExampleMap_C' with ClassGeneratedBy '/Game/IronForgedGames/Core/Entity/Test/ThirdPersonCPP/Maps/ThirdPersonExampleMap.ThirdPersonExampleMap:PersistentLevel.ThirdPersonExampleMap'
[2019.08.01-02.48.56:304][ 99]LogSlate: Updating window title bar state: overlay mode, drag disabled, window buttons hidden, title bar hidden
[2019.08.01-02.48.56:358][101]LogPlayLevel: Display: Destroying online subsystem :Context_15
[2019.08.01-02.48.56:954][168]LogSlate: FSceneViewport::OnFocusLost() reason 0
[2019.08.01-02.48.57:024][176]LogTemp: Repeating last play command: Selected Viewport
[2019.08.01-02.48.57:047][176]LogBlueprintUserMessages: Early PlayInEditor Detection: Level '/Game/IronForgedGames/Core/Entity/Test/ThirdPersonCPP/Maps/ThirdPersonExampleMap.ThirdPersonExampleMap:PersistentLevel' has LevelScriptBlueprint '/Game/IronForgedGames/Core/Entity/Test/ThirdPersonCPP/Maps/ThirdPersonExampleMap.ThirdPersonExampleMap:PersistentLevel.ThirdPersonExampleMap' with GeneratedClass '/Game/IronForgedGames/Core/Entity/Test/ThirdPersonCPP/Maps/ThirdPersonExampleMap.ThirdPersonExampleMap_C' with ClassGeneratedBy '/Game/IronForgedGames/Core/Entity/Test/ThirdPersonCPP/Maps/ThirdPersonExampleMap.ThirdPersonExampleMap:PersistentLevel.ThirdPersonExampleMap'
[2019.08.01-02.48.57:048][176]LogPlayLevel: PlayLevel: No blueprints needed recompiling
[2019.08.01-02.48.57:048][176]PIE: New page: PIE session: ThirdPersonExampleMap (Jul 31, 2019, 5:48:57 PM)
[2019.08.01-02.48.57:048][176]LogPlayLevel: Creating play world package: /Game/IronForgedGames/Core/Entity/Test/ThirdPersonCPP/Maps/UEDPIE_0_ThirdPersonExampleMap
[2019.08.01-02.48.57:059][176]LogPlayLevel: PIE: StaticDuplicateObject took: (0.010166s)
[2019.08.01-02.48.57:059][176]LogAIModule: Creating AISystem for world ThirdPersonExampleMap
[2019.08.01-02.48.57:060][176]LogPlayLevel: PIE: World Init took: (0.000918s)
[2019.08.01-02.48.57:060][176]LogPlayLevel: PIE: Created PIE world by copying editor world from /Game/IronForgedGames/Core/Entity/Test/ThirdPersonCPP/Maps/ThirdPersonExampleMap.ThirdPersonExampleMap to /Game/IronForgedGames/Core/Entity/Test/ThirdPersonCPP/Maps/UEDPIE_0_ThirdPersonExampleMap.ThirdPersonExampleMap (0.012032s)
[2019.08.01-02.48.57:110][176]LogInit: XAudio2 using 'Speakers (2- USB PnP Audio Device)' : 2 channels at 48 kHz using 16 bits per sample (channel mask 0x3)
[2019.08.01-02.48.57:118][176]LogInit: FAudioDevice initialized.
[2019.08.01-02.48.57:147][176]LogLoad: Game class is 'GameMode'
[2019.08.01-02.48.57:149][176]LogWorld: Bringing World /Game/IronForgedGames/Core/Entity/Test/ThirdPersonCPP/Maps/UEDPIE_0_ThirdPersonExampleMap.ThirdPersonExampleMap up for play (max tick rate 0) at 2019.07.31-22.48.57
[2019.08.01-02.48.57:150][176]LogWorld: Bringing up level for play took: 0.001735
[2019.08.01-02.48.57:162][176]LogGameMode: Display: Match State Changed from EnteringMap to WaitingToStart
[2019.08.01-02.48.57:162][176]LogGameState: Match State Changed from EnteringMap to WaitingToStart
[2019.08.01-02.48.57:162][176]LogGameMode: Display: Match State Changed from WaitingToStart to InProgress
[2019.08.01-02.48.57:163][176]LogTemp: Error: Health stat was found, the Vitals will not work
[2019.08.01-02.48.57:163][176]LogGameState: Match State Changed from WaitingToStart to InProgress
[2019.08.01-02.48.57:163][176]PIE: Play in editor start time for /Game/IronForgedGames/Core/Entity/Test/ThirdPersonCPP/Maps/UEDPIE_0_ThirdPersonExampleMap 0.405
[2019.08.01-02.48.57:163][176]LogBlueprintUserMessages: Late PlayInEditor Detection: Level '/Game/IronForgedGames/Core/Entity/Test/ThirdPersonCPP/Maps/ThirdPersonExampleMap.ThirdPersonExampleMap:PersistentLevel' has LevelScriptBlueprint '/Game/IronForgedGames/Core/Entity/Test/ThirdPersonCPP/Maps/ThirdPersonExampleMap.ThirdPersonExampleMap:PersistentLevel.ThirdPersonExampleMap' with GeneratedClass '/Game/IronForgedGames/Core/Entity/Test/ThirdPersonCPP/Maps/ThirdPersonExampleMap.ThirdPersonExampleMap_C' with ClassGeneratedBy '/Game/IronForgedGames/Core/Entity/Test/ThirdPersonCPP/Maps/ThirdPersonExampleMap.ThirdPersonExampleMap:PersistentLevel.ThirdPersonExampleMap'
[2019.08.01-02.48.58:593][339]LogTemp: Warning: called
[2019.08.01-02.48.59:731][339]LogWindows: Error: === Critical error: ===
[2019.08.01-02.48.59:731][339]LogWindows: Error: 
[2019.08.01-02.48.59:731][339]LogWindows: Error: Fatal error!
[2019.08.01-02.48.59:731][339]LogWindows: Error: 
[2019.08.01-02.48.59:731][339]LogWindows: Error: Unhandled Exception: EXCEPTION_ACCESS_VIOLATION reading address 0x00000068
[2019.08.01-02.48.59:731][339]LogWindows: Error: 
[2019.08.01-02.48.59:731][339]LogWindows: Error: [Callstack] 0x00007ffeb7d37a0b UE4Editor-Project_Tether.dll!UToolComponent::AddTool() [e:\projects\ironforgedgames\project_tether\project_tether\source\project_tether\private\implementation\gameplay\playercontroller\components\toolcomponent.cpp:60]
[2019.08.01-02.48.59:731][339]LogWindows: Error: [Callstack] 0x00007ffeb7d35ebb UE4Editor-Project_Tether.dll!UToolComponent::execAddTool() [e:\projects\ironforgedgames\project_tether\project_tether\source\project_tether\public\implementation\gameplay\playercontroller\components\toolcomponent.h:48]
[2019.08.01-02.48.59:731][339]LogWindows: Error: [Callstack] 0x00007ffef2546467 UE4Editor-CoreUObject.dll!UnknownFunction []
[2019.08.01-02.48.59:731][339]LogWindows: Error: [Callstack] 0x00007ffef27516ae UE4Editor-CoreUObject.dll!UnknownFunction []
[2019.08.01-02.48.59:731][339]LogWindows: Error: [Callstack] 0x00007ffef276f499 UE4Editor-CoreUObject.dll!UnknownFunction []
[2019.08.01-02.48.59:731][339]LogWindows: Error: [Callstack] 0x00007ffef27a1e77 UE4Editor-CoreUObject.dll!UnknownFunction []
[2019.08.01-02.48.59:731][339]LogWindows: Error: [Callstack] 0x00007ffef2771b96 UE4Editor-CoreUObject.dll!UnknownFunction []
[2019.08.01-02.48.59:731][339]LogWindows: Error: [Callstack] 0x00007ffef275205d UE4Editor-CoreUObject.dll!UnknownFunction []
[2019.08.01-02.48.59:731][339]LogWindows: Error: [Callstack] 0x00007ffef2771b96 UE4Editor-CoreUObject.dll!UnknownFunction []
[2019.08.01-02.48.59:731][339]LogWindows: Error: [Callstack] 0x00007ffef2546467 UE4Editor-CoreUObject.dll!UnknownFunction []
[2019.08.01-02.48.59:731][339]LogWindows: Error: [Callstack] 0x00007ffef2771133 UE4Editor-CoreUObject.dll!UnknownFunction []
[2019.08.01-02.48.59:731][339]LogWindows: Error: [Callstack] 0x00007ffec7998033 UE4Editor-Engine.dll!UnknownFunction []
[2019.08.01-02.48.59:731][339]LogWindows: Error: [Callstack] 0x00007ffec8ce7649 UE4Editor-Engine.dll!UnknownFunction []
[2019.08.01-02.48.59:731][339]LogWindows: Error: [Callstack] 0x00007ffec7dba377 UE4Editor-Engine.dll!UnknownFunction []
[2019.08.01-02.48.59:731][339]LogWindows: Error: [Callstack] 0x00007ffec7e04e3e UE4Editor-Engine.dll!UnknownFunction []
[2019.08.01-02.48.59:731][339]LogWindows: Error: [Callstack] 0x00007ffec7e347c7 UE4Editor-Engine.dll!UnknownFunction []
[2019.08.01-02.48.59:731][339]LogWindows: Error: [Callstack] 0x00007ffec7e193cb UE4Editor-Engine.dll!UnknownFunction []
[2019.08.01-02.48.59:731][339]LogWindows: Error: [Callstack] 0x00007ffec7d7f6d6 UE4Editor-Engine.dll!UnknownFunction []
[2019.08.01-02.48.59:731][339]LogWindows: Error: [Callstack] 0x00007ffec7d9e84d UE4Editor-Engine.dll!UnknownFunction []
[2019.08.01-02.48.59:731][339]LogWindows: Error: [Callstack] 0x00007ffec7ccec21 UE4Editor-Engine.dll!UnknownFunction []
[2019.08.01-02.48.59:731][339]LogWindows: Error: [Callstack] 0x00007ffec7d099c4 UE4Editor-Engine.dll!UnknownFunction []
[2019.08.01-02.48.59:731][339]LogWindows: Error: [Callstack] 0x00007ffec8b716bd UE4Editor-Engine.dll!UnknownFunction []
[2019.08.01-02.48.59:731][339]LogWindows: Error: [Callstack] 0x00007ffeca491f92 UE4Editor-Core.dll!UnknownFunction []
[2019.08.01-02.48.59:731][339]LogWindows: Error: [Callstack] 0x00007ffeca492456 UE4Editor-Core.dll!UnknownFunction []
[2019.08.01-02.48.59:731][339]LogWindows: Error: [Callstack] 0x00007ffeca4a6d25 UE4Editor-Core.dll!UnknownFunction []
[2019.08.01-02.48.59:731][339]LogWindows: Error: [Callstack] 0x00007ffec8bc5b04 UE4Editor-Engine.dll!UnknownFunction []
[2019.08.01-02.48.59:731][339]LogWindows: Error: [Callstack] 0x00007ffec8bd4d92 UE4Editor-Engine.dll!UnknownFunction []
[2019.08.01-02.48.59:731][339]LogWindows: Error: [Callstack] 0x00007ffec82d87e4 UE4Editor-Engine.dll!UnknownFunction []
[2019.08.01-02.48.59:731][339]LogWindows: Error: [Callstack] 0x00007ffec82e4003 UE4Editor-Engine.dll!UnknownFunction []
[2019.08.01-02.48.59:731][339]LogWindows: Error: [Callstack] 0x00007ffec64b7335 UE4Editor-UnrealEd.dll!UnknownFunction []
[2019.08.01-02.48.59:731][339]LogWindows: Error: [Callstack] 0x00007ffec6daf666 UE4Editor-UnrealEd.dll!UnknownFunction []
[2019.08.01-02.48.59:731][339]LogWindows: Error: [Callstack] 0x00007ff7ca075cbd UE4Editor.exe!UnknownFunction []
[2019.08.01-02.48.59:731][339]LogWindows: Error: [Callstack] 0x00007ff7ca085b3c UE4Editor.exe!UnknownFunction []
[2019.08.01-02.48.59:731][339]LogWindows: Error: [Callstack] 0x00007ff7ca085bba UE4Editor.exe!UnknownFunction []
[2019.08.01-02.48.59:731][339]LogWindows: Error: [Callstack] 0x00007ff7ca093dac UE4Editor.exe!UnknownFunction []
[2019.08.01-02.48.59:731][339]LogWindows: Error: [Callstack] 0x00007ff7ca095aaa UE4Editor.exe!UnknownFunction []
[2019.08.01-02.48.59:731][339]LogWindows: Error: [Callstack] 0x00007fff31ad4034 KERNEL32.DLL!UnknownFunction []
[2019.08.01-02.48.59:731][339]LogWindows: Error: [Callstack] 0x00007fff33323691 ntdll.dll!UnknownFunction []
[2019.08.01-02.48.59:731][339]LogWindows: Error: 
[2019.08.01-02.48.59:741][339]LogExit: Executing StaticShutdownAfterError
[2019.08.01-02.48.59:743][339]LogWindows: FPlatformMisc::RequestExit(1)
[2019.08.01-02.48.59:745][339]Log file closed, 07/31/19 22:48:59
