Log file open, 07/25/19 23:12:03
LogWindows: Failed to load 'aqProf.dll' (GetLastError=126)
LogWindows: File 'aqProf.dll' does not exist
LogWindows: Failed to load 'VtuneApi.dll' (GetLastError=126)
LogWindows: File 'VtuneApi.dll' does not exist
LogWindows: Failed to load 'VtuneApi32e.dll' (GetLastError=126)
LogWindows: File 'VtuneApi32e.dll' does not exist
LogInit: Display: Running engine for game: Project_Tether
LogPlatformFile: Not using cached read wrapper
LogTaskGraph: Started task graph with 5 named threads and 35 total threads with 3 sets of task threads.
LogStats: Stats thread started at 0.395998
LogD3D11RHI: Loaded GFSDK_Aftermath_Lib.x64.dll
LogICUInternationalization: Display: ICU TimeZone Detection - Raw Offset: -5:00, Platform Override: ''
LogPluginManager: Mounting plugin Paper2D
LogPluginManager: Mounting plugin AISupport
LogPluginManager: Mounting plugin LightPropagationVolume
LogPluginManager: Mounting plugin CLionSourceCodeAccess
LogPluginManager: Mounting plugin CodeLiteSourceCodeAccess
LogPluginManager: Mounting plugin GitSourceControl
LogPluginManager: Mounting plugin KDevelopSourceCodeAccess
LogPluginManager: Mounting plugin NullSourceCodeAccess
LogPluginManager: Mounting plugin PerforceSourceControl
LogPluginManager: Mounting plugin SubversionSourceControl
LogPluginManager: Mounting plugin UObjectPlugin
LogPluginManager: Mounting plugin VisualStudioCodeSourceCodeAccess
LogPluginManager: Mounting plugin VisualStudioSourceCodeAccess
LogPluginManager: Mounting plugin XCodeSourceCodeAccess
LogPluginManager: Mounting plugin AssetManagerEditor
LogPluginManager: Mounting plugin CryptoKeys
LogPluginManager: Mounting plugin DataValidation
LogPluginManager: Mounting plugin FacialAnimation
LogPluginManager: Mounting plugin GameplayTagsEditor
LogPluginManager: Mounting plugin MacGraphicsSwitching
LogPluginManager: Mounting plugin MeshEditor
LogPluginManager: Mounting plugin MobileLauncherProfileWizard
LogPluginManager: Mounting plugin PluginBrowser
LogPluginManager: Mounting plugin SpeedTreeImporter
LogPluginManager: Mounting plugin DatasmithContent
LogPluginManager: Mounting plugin AlembicImporter
LogPluginManager: Mounting plugin AppleImageUtils
LogPluginManager: Mounting plugin AppleVision
LogPluginManager: Mounting plugin BackChannel
LogPluginManager: Mounting plugin CharacterAI
LogPluginManager: Mounting plugin GeometryCache
LogPluginManager: Mounting plugin HTML5Networking
LogPluginManager: Mounting plugin ProxyLODPlugin
LogPluginManager: Mounting plugin MagicLeap
LogPluginManager: Mounting plugin MagicLeapEmulator
LogPluginManager: Mounting plugin MagicLeapMedia
LogPluginManager: Mounting plugin AndroidMedia
LogPluginManager: Mounting plugin AvfMedia
LogPluginManager: Mounting plugin ImgMedia
LogPluginManager: Mounting plugin LinearTimecode
LogPluginManager: Mounting plugin MediaCompositing
LogPluginManager: Mounting plugin MediaPlayerEditor
LogPluginManager: Mounting plugin WmfMedia
LogPluginManager: Mounting plugin TcpMessaging
LogPluginManager: Mounting plugin UdpMessaging
LogPluginManager: Mounting plugin ActorSequence
LogPluginManager: Mounting plugin LevelSequenceEditor
LogPluginManager: Mounting plugin MatineeToLevelSequence
LogPluginManager: Mounting plugin NetcodeUnitTest
LogPluginManager: Mounting plugin NUTUnrealEngine4
LogPluginManager: Mounting plugin OnlineSubsystemGooglePlay
LogPluginManager: Mounting plugin OnlineSubsystemIOS
LogPluginManager: Mounting plugin OnlineSubsystem
LogPluginManager: Mounting plugin OnlineSubsystemNull
LogPluginManager: Mounting plugin OnlineSubsystemUtils
LogPluginManager: Mounting plugin LauncherChunkInstaller
LogPluginManager: Mounting plugin AndroidDeviceProfileSelector
LogPluginManager: Mounting plugin AndroidMoviePlayer
LogPluginManager: Mounting plugin AndroidPermission
LogPluginManager: Mounting plugin AppleMoviePlayer
LogPluginManager: Mounting plugin ArchVisCharacter
LogPluginManager: Mounting plugin AudioCapture
LogPluginManager: Mounting plugin CableComponent
LogPluginManager: Mounting plugin CustomMeshComponent
LogPluginManager: Mounting plugin EditableMesh
LogPluginManager: Mounting plugin ExampleDeviceProfileSelector
LogPluginManager: Mounting plugin GoogleCloudMessaging
LogPluginManager: Mounting plugin ImmediatePhysics
LogPluginManager: Mounting plugin IOSDeviceProfileSelector
LogPluginManager: Mounting plugin LinuxDeviceProfileSelector
LogPluginManager: Mounting plugin LocationServicesBPLibrary
LogPluginManager: Mounting plugin MobilePatchingUtils
LogPluginManager: Mounting plugin OculusVR
LogPluginManager: Plugin shader directory ../../../Engine/Plugins/Runtime/Oculus/OculusVR/Shaders found
LogPluginManager: Mapping shader source directory ../../../Engine/Plugins/Runtime/Oculus/OculusVR/Shaders to virtual directory /Plugin/OculusVR
LogPluginManager: Mounting plugin PhysXVehicles
LogPluginManager: Mounting plugin ProceduralMeshComponent
LogPluginManager: Mounting plugin RuntimePhysXCooking
LogPluginManager: Mounting plugin SteamVR
LogPluginManager: Mounting plugin WindowsMoviePlayer
LogStreaming: Display: Took  0.062s to configure plugins.
LogInit: Using libcurl 7.55.1-DEV
LogInit:  - built for x86_64-pc-win32
LogInit:  - supports SSL with OpenSSL/1.0.2h
LogInit:  - supports HTTP deflate (compression) using libz 1.2.8
LogInit:  - other features:
LogInit:      CURL_VERSION_SSL
LogInit:      CURL_VERSION_LIBZ
LogInit:      CURL_VERSION_IPV6
LogInit:      CURL_VERSION_ASYNCHDNS
LogInit:      CURL_VERSION_LARGEFILE
LogInit:      CURL_VERSION_IDN
LogInit:  CurlRequestOptions (configurable via config and command line):
LogInit:  - bVerifyPeer = false  - Libcurl will NOT verify peer certificate
LogInit:  - bUseHttpProxy = false  - Libcurl will NOT use HTTP proxy
LogInit:  - bDontReuseConnections = false  - Libcurl will reuse connections
LogInit:  - CertBundlePath = nullptr  - Libcurl will use whatever was configured at build time.
LogInit:  - MaxHostConnections = 16  - Libcurl will limit the number of connections to a host
LogInit:  - LocalHostAddr = Default
LogInit:  - BufferSize = 65536
LogInit: WinSock: version 1.1 (2.2), MaxSocks=32767, MaxUdp=65467
LogInit: Build: ++UE4+Release-4.20-CL-4369336
LogInit: Engine Version: 4.20.3-4369336+++UE4+Release-4.20
LogInit: Compatible Engine Version: 4.20.0-4212847+++UE4+Release-4.20
LogInit: Net CL: 4212847
LogInit: OS: Windows 10 (), CPU: Intel(R) Core(TM) i7-8700K CPU @ 3.70GHz, GPU: NVIDIA GeForce GTX 1060 6GB
LogInit: Compiled (64-bit): Sep 17 2018 12:26:19
LogInit: Compiled with Visual C++: 19.13.26129.00
LogInit: Build Configuration: Development
LogInit: Branch Name: ++UE4+Release-4.20
LogInit: Command Line: 
LogInit: Base Directory: E:/Epic Games Games/UE_4.20/Engine/Binaries/Win64/
LogInit: Installed Engine Build: 1
LogDevObjectVersion: Number of dev versions registered: 20
LogDevObjectVersion:   Dev-Blueprints (B0D832E4-1F89-4F0D-ACCF-7EB736FD4AA2): 10
LogDevObjectVersion:   Dev-Build (E1C64328-A22C-4D53-A36C-8E866417BD8C): 0
LogDevObjectVersion:   Dev-Core (375EC13C-06E4-48FB-B500-84F0262A717E): 2
LogDevObjectVersion:   Dev-Editor (E4B068ED-F494-42E9-A231-DA0B2E46BB41): 24
LogDevObjectVersion:   Dev-Framework (CFFC743F-43B0-4480-9391-14DF171D2073): 34
LogDevObjectVersion:   Dev-Mobile (B02B49B5-BB20-44E9-A304-32B752E40360): 2
LogDevObjectVersion:   Dev-Networking (A4E4105C-59A1-49B5-A7C5-40C4547EDFEE): 0
LogDevObjectVersion:   Dev-Online (39C831C9-5AE6-47DC-9A44-9C173E1C8E7C): 0
LogDevObjectVersion:   Dev-Physics (78F01B33-EBEA-4F98-B9B4-84EACCB95AA2): 0
LogDevObjectVersion:   Dev-Platform (6631380F-2D4D-43E0-8009-CF276956A95A): 0
LogDevObjectVersion:   Dev-Rendering (12F88B9F-8875-4AFC-A67C-D90C383ABD29): 26
LogDevObjectVersion:   Dev-Sequencer (7B5AE74C-D270-4C10-A958-57980B212A5A): 9
LogDevObjectVersion:   Dev-VR (D7296918-1DD6-4BDD-9DE2-64A83CC13884): 2
LogDevObjectVersion:   Dev-LoadTimes (C2A15278-BFE7-4AFE-6C17-90FF531DF755): 1
LogDevObjectVersion:   Private-Geometry (6EACA3D4-40EC-4CC1-B786-8BED09428FC5): 3
LogDevObjectVersion:   Dev-AnimPhys (29E575DD-E0A3-4627-9D10-D276232CDCEA): 17
LogDevObjectVersion:   Dev-ReflectionCapture (6B266CEC-1EC7-4B8F-A30B-E4D90942FC07): 1
LogDevObjectVersion:   Dev-Automation (0DF73D61-A23F-47EA-B727-89E90C41499A): 1
LogDevObjectVersion:   FortniteMain (601D1886-AC64-4F84-AA16-D3DE0DEAC7D6): 12
LogDevObjectVersion:   Dev-Enterprise (9DFFBCD6-494F-0158-E221-12823C92A888): 1
LogStreaming: Display: Took  0.001s to delete old logs.
LogInit: Presizing for max 8388607 objects, including 0 objects not considered by GC, pre-allocating 0 bytes for permanent pool.
LogInit: Object subsystem initialized
[2019.07.26-03.12.03:729][  0]LogInit: Selected Device Profile: [Windows]
[2019.07.26-03.12.03:729][  0]LogInit: Applying CVar settings loaded from the selected device profile: [Windows]
[2019.07.26-03.12.03:739][  0]LogHAL: Display: Platform has ~ 16 GB [17121992704 / 17179869184 / 16], which maps to Larger [LargestMinGB=32, LargerMinGB=12, DefaultMinGB=8, SmallerMinGB=6, SmallestMinGB=0)
[2019.07.26-03.12.03:739][  0]LogInit: Setting Device Profile CVar: [[r.Vulkan.UseRealUBs:1]]
[2019.07.26-03.12.03:739][  0]LogInit: Going up to parent DeviceProfile []
[2019.07.26-03.12.03:739][  0]LogInit: Computer: AARONS-DESKTOP
[2019.07.26-03.12.03:739][  0]LogInit: User: AaronsDesktop
[2019.07.26-03.12.03:739][  0]LogInit: CPU Page size=4096, Cores=6
[2019.07.26-03.12.03:739][  0]LogInit: High frequency timer resolution =3.609376 MHz
[2019.07.26-03.12.03:739][  0]LogMemory: Memory total: Physical=15.9GB (16GB approx)
[2019.07.26-03.12.03:739][  0]LogMemory: Platform Memory Stats for Windows
[2019.07.26-03.12.03:739][  0]LogMemory: Process Physical Memory: 102.20 MB used, 102.20 MB peak
[2019.07.26-03.12.03:739][  0]LogMemory: Process Virtual Memory: 98.14 MB used, 98.14 MB peak
[2019.07.26-03.12.03:739][  0]LogMemory: Physical Memory: 6437.11 MB used,  9891.69 MB free, 16328.80 MB total
[2019.07.26-03.12.03:739][  0]LogMemory: Virtual Memory: 4669.73 MB used,  9891.69 MB free, 134217728.00 MB total
[2019.07.26-03.12.03:754][  0]LogInit: Using OS detected language (en-US).
[2019.07.26-03.12.03:754][  0]LogInit: Using OS detected locale (en-US).
[2019.07.26-03.12.03:755][  0]LogTextLocalizationManager: No specific localization for 'en-US' exists, so the 'en' localization will be used.
[2019.07.26-03.12.04:028][  0]LogStreaming: Display: Took  0.273s to InitEngineTextLocalization.
[2019.07.26-03.12.04:028][  0]LogInit: Setting process to per monitor DPI aware
[2019.07.26-03.12.04:055][  0]LogSlate: New Slate User Created.  User Index 0, Is Virtual User: 0
[2019.07.26-03.12.04:055][  0]LogSlate: Slate User Registered.  User Index 0, Is Virtual User: 0
[2019.07.26-03.12.04:203][  0]LogHMD: Failed to initialize OpenVR with code 110
[2019.07.26-03.12.04:203][  0]LogD3D11RHI: D3D11 adapters:
[2019.07.26-03.12.04:255][  0]LogD3D11RHI:    0. 'NVIDIA GeForce GTX 1060 6GB' (Feature Level 11_0)
[2019.07.26-03.12.04:255][  0]LogD3D11RHI:       6052/0/8164 MB DedicatedVideo/DedicatedSystem/SharedSystem, Outputs:2, VendorId:0x10de
[2019.07.26-03.12.04:257][  0]LogD3D11RHI:    1. 'Microsoft Basic Render Driver' (Feature Level 11_0)
[2019.07.26-03.12.04:257][  0]LogD3D11RHI:       0/0/8164 MB DedicatedVideo/DedicatedSystem/SharedSystem, Outputs:0, VendorId:0x1414
[2019.07.26-03.12.04:257][  0]LogD3D11RHI: Chosen D3D11 Adapter: 0
[2019.07.26-03.12.04:263][  0]LogD3D11RHI: Creating new Direct3DDevice
[2019.07.26-03.12.04:263][  0]LogD3D11RHI:     GPU DeviceId: 0x1c03 (for the marketing name, search the web for "GPU Device Id")
[2019.07.26-03.12.04:263][  0]LogWindows: EnumDisplayDevices:
[2019.07.26-03.12.04:263][  0]LogWindows:    0. 'NVIDIA GeForce GTX 1060 6GB' (P:1 D:1)
[2019.07.26-03.12.04:263][  0]LogWindows:    1. 'NVIDIA GeForce GTX 1060 6GB' (P:0 D:1)
[2019.07.26-03.12.04:264][  0]LogWindows:    2. 'NVIDIA GeForce GTX 1060 6GB' (P:0 D:0)
[2019.07.26-03.12.04:264][  0]LogWindows:    3. 'NVIDIA GeForce GTX 1060 6GB' (P:0 D:0)
[2019.07.26-03.12.04:264][  0]LogWindows: DebugString: FoundDriverCount:4 
[2019.07.26-03.12.04:264][  0]LogD3D11RHI:     Adapter Name: NVIDIA GeForce GTX 1060 6GB
[2019.07.26-03.12.04:264][  0]LogD3D11RHI:   Driver Version: 418.81 (internal:25.21.14.1881, unified:418.81)
[2019.07.26-03.12.04:264][  0]LogD3D11RHI:      Driver Date: 1-30-2019
[2019.07.26-03.12.04:264][  0]LogRHI: Texture pool is 4236 MB (70% of 6052 MB)
[2019.07.26-03.12.04:294][  0]LogD3D11RHI: Async texture creation enabled
[2019.07.26-03.12.04:314][  0]LogD3D11RHI: GPU Timing Frequency: 1000.000000 (Debug: 2 1)
[2019.07.26-03.12.04:413][  0]LogShaderCompilers: Guid format shader working directory is -14 characters bigger than the processId version (../../../../../Projects/IronForgedGames/Project_Tether/Project_Tether/Intermediate/Shaders/WorkingDirectory/17740/).
[2019.07.26-03.12.04:413][  0]LogShaderCompilers: Cleaned the shader compiler working directory 'C:/Users/Aaron's Desktop/AppData/Local/Temp/UnrealShaderWorkingDir/62E8A89245A7FF316EF221A8469CE7E1/'.
[2019.07.26-03.12.04:766][  0]LogTemp: Display: Loaded TP AllDesktopTargetPlatform
[2019.07.26-03.12.04:780][  0]LogTemp: Display: Loaded TP MacClientTargetPlatform
[2019.07.26-03.12.04:792][  0]LogTemp: Display: Loaded TP MacNoEditorTargetPlatform
[2019.07.26-03.12.04:805][  0]LogTemp: Display: Loaded TP MacServerTargetPlatform
[2019.07.26-03.12.04:816][  0]LogTemp: Display: Loaded TP MacTargetPlatform
[2019.07.26-03.12.04:826][  0]LogTemp: Display: Loaded TP WindowsClientTargetPlatform
[2019.07.26-03.12.04:835][  0]LogTemp: Display: Loaded TP WindowsNoEditorTargetPlatform
[2019.07.26-03.12.04:845][  0]LogTemp: Display: Loaded TP WindowsServerTargetPlatform
[2019.07.26-03.12.04:849][  0]LogTemp: Display: Loaded TP WindowsTargetPlatform
[2019.07.26-03.12.04:918][  0]LogTemp: Display: Loaded TP AndroidTargetPlatform
[2019.07.26-03.12.04:918][  0]LogTemp: Display: Loaded TP AndroidTargetPlatform
[2019.07.26-03.12.04:918][  0]LogTemp: Display: Loaded TP AndroidTargetPlatform
[2019.07.26-03.12.04:918][  0]LogTemp: Display: Loaded TP AndroidTargetPlatform
[2019.07.26-03.12.04:918][  0]LogTemp: Display: Loaded TP AndroidTargetPlatform
[2019.07.26-03.12.04:918][  0]LogTemp: Display: Loaded TP AndroidTargetPlatform
[2019.07.26-03.12.04:918][  0]LogTemp: Display: Loaded TP AndroidTargetPlatform
[2019.07.26-03.12.04:918][  0]LogTemp: Display: Loaded TP AndroidTargetPlatform
[2019.07.26-03.12.04:918][  0]LogTemp: Display: Loaded TP AndroidTargetPlatform
[2019.07.26-03.12.04:918][  0]LogTemp: Display: Loaded TP AndroidTargetPlatform
[2019.07.26-03.12.04:918][  0]LogTemp: Display: Loaded TP AndroidTargetPlatform
[2019.07.26-03.12.04:918][  0]LogTemp: Display: Loaded TP AndroidTargetPlatform
[2019.07.26-03.12.04:918][  0]LogTemp: Display: Loaded TP AndroidTargetPlatform
[2019.07.26-03.12.04:918][  0]LogTemp: Display: Loaded TP AndroidTargetPlatform
[2019.07.26-03.12.04:918][  0]LogTemp: Display: Loaded TP AndroidTargetPlatform
[2019.07.26-03.12.04:918][  0]LogTemp: Display: Loaded TP AndroidTargetPlatform
[2019.07.26-03.12.04:918][  0]LogTemp: Display: Loaded TP AndroidTargetPlatform
[2019.07.26-03.12.04:918][  0]LogTemp: Display: Loaded TP AndroidTargetPlatform
[2019.07.26-03.12.04:919][  0]LogTemp: Display: Loaded TP HTML5TargetPlatform
[2019.07.26-03.12.04:972][  0]LogTemp: Display: Loaded TP IOSTargetPlatform
[2019.07.26-03.12.04:972][  0]LogTemp: Display: Loaded TP IOSTargetPlatform
[2019.07.26-03.12.04:991][  0]LogTemp: Display: Loaded TP TVOSTargetPlatform
[2019.07.26-03.12.04:991][  0]LogTemp: Display: Loaded TP TVOSTargetPlatform
[2019.07.26-03.12.05:001][  0]LogTemp: Display: Loaded TP LinuxClientTargetPlatform
[2019.07.26-03.12.05:010][  0]LogTemp: Display: Loaded TP LinuxNoEditorTargetPlatform
[2019.07.26-03.12.05:019][  0]LogTemp: Display: Loaded TP LinuxServerTargetPlatform
[2019.07.26-03.12.05:029][  0]LogTemp: Display: Loaded TP LinuxTargetPlatform
[2019.07.26-03.12.05:036][  0]LogTemp: Display: Loaded TP LuminTargetPlatform
[2019.07.26-03.12.05:036][  0]LogTargetPlatformManager: Display: Building Assets For Windows
[2019.07.26-03.12.05:073][  0]LogXGEController: Cleaning working directory: C:/Users/Aaron's Desktop/AppData/Local/Temp/UnrealXGEWorkingDir/
[2019.07.26-03.12.05:073][  0]LogXGEController: Cannot use XGE Controller as Incredibuild is not installed on this machine.
[2019.07.26-03.12.05:073][  0]LogShaderCompilers: Cannot use XGE Shader Compiler as Incredibuild is not installed on this machine.
[2019.07.26-03.12.05:073][  0]LogShaderCompilers: Display: Using Local Shader Compiler.
[2019.07.26-03.12.05:647][  0]LogDerivedDataCache: Display: Max Cache Size: 512 MB
[2019.07.26-03.12.05:691][  0]LogDerivedDataCache: Loaded boot cache 0.04s 71MB C:/Users/Aaron's Desktop/AppData/Local/UnrealEngine/4.20/DerivedDataCache/Boot.ddc.
[2019.07.26-03.12.05:692][  0]LogDerivedDataCache: Display: Loaded Boot cache: C:/Users/Aaron's Desktop/AppData/Local/UnrealEngine/4.20/DerivedDataCache/Boot.ddc
[2019.07.26-03.12.05:692][  0]LogDerivedDataCache: FDerivedDataBackendGraph:  Pak pak cache file ../../../../../Projects/IronForgedGames/Project_Tether/Project_Tether/DerivedDataCache/DDC.ddp not found, will not use a pak cache.
[2019.07.26-03.12.05:692][  0]LogDerivedDataCache: Unable to find inner node Pak for hierarchical cache Hierarchy.
[2019.07.26-03.12.05:692][  0]LogDerivedDataCache: FDerivedDataBackendGraph:  CompressedPak pak cache file ../../../../../Projects/IronForgedGames/Project_Tether/Project_Tether/DerivedDataCache/Compressed.ddp not found, will not use a pak cache.
[2019.07.26-03.12.05:692][  0]LogDerivedDataCache: Unable to find inner node CompressedPak for hierarchical cache Hierarchy.
[2019.07.26-03.12.05:704][  0]LogDerivedDataCache: Display: Pak cache opened for reading ../../../Engine/DerivedDataCache/Compressed.ddp.
[2019.07.26-03.12.05:716][  0]LogDerivedDataCache: Using Local data cache path C:/Users/Aaron's Desktop/AppData/Local/UnrealEngine/Common/DerivedDataCache: Writable
[2019.07.26-03.12.05:716][  0]LogDerivedDataCache: Shared data cache path not found in *engine.ini, will not use an Shared cache.
[2019.07.26-03.12.05:716][  0]LogDerivedDataCache: Unable to find inner node Shared for hierarchical cache Hierarchy.
[2019.07.26-03.12.05:730][  0]LogMaterial: Verifying Global Shaders for PCD3D_SM5
[2019.07.26-03.12.05:731][  0]LogSlate: Using FreeType 2.6.0
[2019.07.26-03.12.05:732][  0]LogSlate: SlateFontServices - WITH_FREETYPE: 1, WITH_HARFBUZZ: 1
[2019.07.26-03.12.05:791][  0]LogAssetRegistry: FAssetRegistry took 0.0252 seconds to start up
[2019.07.26-03.12.06:028][  0]LogInit: Selected Device Profile: [Windows]
[2019.07.26-03.12.06:125][  0]LogSimplygon: Simplygon DLL not present - disabling.
[2019.07.26-03.12.06:127][  0]LogMeshReduction: Using SimplygonSwarm for distributed automatic mesh merging
[2019.07.26-03.12.06:127][  0]LogMeshReduction: Using ProxyLODMeshReduction for automatic mesh merging
[2019.07.26-03.12.06:127][  0]LogMeshReduction: Using QuadricMeshReduction for automatic static mesh reduction
[2019.07.26-03.12.06:127][  0]LogMeshReduction: No automatic skeletal mesh reduction module available
[2019.07.26-03.12.06:144][  0]LogNetVersion: Project_Tether 1.0.0, NetCL: 4212847, EngineNetVer: 5, GameNetVer: 0 (Checksum: 2290113244)
[2019.07.26-03.12.06:590][  0]LogPackageLocalizationCache: Processed 11 localized package path(s) for 2 prioritized culture(s) in 0.076863 seconds
[2019.07.26-03.12.06:596][  0]LogUObjectArray: 38425 objects as part of root set at end of initial load.
[2019.07.26-03.12.06:596][  0]LogUObjectAllocator: 6690872 out of 0 bytes used by permanent object pool.
[2019.07.26-03.12.06:596][  0]LogUObjectArray: CloseDisregardForGC: 0/0 objects in disregard for GC pool
[2019.07.26-03.12.07:227][  0]LogTcpMessaging: Initializing TcpMessaging bridge
[2019.07.26-03.12.07:240][  0]LogUdpMessaging: Initializing bridge on interface 0.0.0.0:0 to multicast group 230.0.0.1:6666.
[2019.07.26-03.12.07:342][  0]LogLinker: Warning: Can't find file '/Game/ThirdPersonCPP/Blueprints/ThirdPersonCharacter'
[2019.07.26-03.12.07:342][  0]LogLinker: Warning: Can't find file '/Game/ThirdPersonCPP/Blueprints/ThirdPersonCharacter'
[2019.07.26-03.12.07:342][  0]LogUObjectGlobals: Warning: Failed to find object 'Class /Game/ThirdPersonCPP/Blueprints/ThirdPersonCharacter.ThirdPersonCharacter_C'
[2019.07.26-03.12.07:342][  0]Error: CDO Constructor (Project_TetherGameMode): Failed to find /Game/ThirdPersonCPP/Blueprints/ThirdPersonCharacter.ThirdPersonCharacter_C

[2019.07.26-03.12.07:343][  0]LogUObjectBase: Warning: -------------- Default Property warnings and errors:
[2019.07.26-03.12.07:343][  0]LogUObjectBase: Warning: Error: CDO Constructor (Project_TetherGameMode): Failed to find /Game/ThirdPersonCPP/Blueprints/ThirdPersonCharacter.ThirdPersonCharacter_C

[2019.07.26-03.12.07:358][  0]LogWindowsTextInputMethodSystem: Display: IME system now deactivated.
[2019.07.26-03.12.08:823][  0]LogWindowsTextInputMethodSystem: Display: IME system now deactivated.
[2019.07.26-03.12.08:854][  0]SourceControl: Source control is disabled
[2019.07.26-03.12.08:854][  0]SourceControl: Source control is disabled
[2019.07.26-03.12.08:856][  0]SourceControl: Source control is disabled
[2019.07.26-03.12.08:857][  0]SourceControl: Source control is disabled
[2019.07.26-03.12.09:002][  0]LogAndroidPermission: UAndroidPermissionCallbackProxy::GetInstance
[2019.07.26-03.12.09:073][  0]LogOcInput: OculusInput pre-init called
[2019.07.26-03.12.09:118][  0]LogEngine: Initializing Engine...
[2019.07.26-03.12.09:118][  0]LogHMD: Failed to initialize OpenVR with code 110
[2019.07.26-03.12.09:119][  0]LogStats: UGameplayTagsManager::ConstructGameplayTagTree: ImportINI prefixes -  0.000 s
[2019.07.26-03.12.09:119][  0]LogStats: UGameplayTagsManager::ConstructGameplayTagTree: Construct from data asset -  0.000 s
[2019.07.26-03.12.09:119][  0]LogStats: UGameplayTagsManager::ConstructGameplayTagTree: ImportINI -  0.000 s
[2019.07.26-03.12.09:119][  0]LogStats: UGameplayTagsManager::ConstructGameplayTagTree: GameplayTagTreeChangedEvent.Broadcast -  0.000 s
[2019.07.26-03.12.09:278][  0]LogInit: Initializing FReadOnlyCVARCache
[2019.07.26-03.12.09:285][  0]LogAIModule: Creating AISystem for world Untitled
[2019.07.26-03.12.09:350][  0]LogInit: XAudio2 using 'G257HL (NVIDIA High Definition Audio)' : 2 channels at 48 kHz using 16 bits per sample (channel mask 0x3)
[2019.07.26-03.12.09:439][  0]LogInit: FAudioDevice initialized.
[2019.07.26-03.12.09:440][  0]LogNetVersion: Set ProjectVersion to 1.0.0.0. Version Checksum will be recalculated on next use.
[2019.07.26-03.12.09:532][  0]LogDerivedDataCache: Saved boot cache 0.09s 71MB C:/Users/Aaron's Desktop/AppData/Local/UnrealEngine/4.20/DerivedDataCache/Boot.ddc.
[2019.07.26-03.12.09:544][  0]LogInit: Texture streaming: Enabled
[2019.07.26-03.12.09:555][  0]LogEngineSessionManager: EngineSessionManager initialized
[2019.07.26-03.12.09:555][  0]LogEngineSessionManager: EngineSessionManager sent abnormal shutdown report. Type=Crashed, SessionId={77E5FD99-4A64-D87F-B0DE-11934C087C22}
[2019.07.26-03.12.09:563][  0]LogInit: Transaction tracking system initialized
[2019.07.26-03.12.09:574][  0]BlueprintLog: New page: Editor Load
[2019.07.26-03.12.09:614][  0]LocalizationService: Localization service is disabled
[2019.07.26-03.12.09:807][  0]LogCook: Display: Max memory allowance for cook 16384mb min free memory 0mb
[2019.07.26-03.12.09:807][  0]LogCook: Display: Mobile HDR setting 1
[2019.07.26-03.12.09:807][  0]LogGameplayTags: Display: UGameplayTagsManager::DoneAddingNativeTags. DelegateIsBound: 0
[2019.07.26-03.12.09:807][  0]LogStats: UGameplayTagsManager::ConstructGameplayTagTree: ImportINI prefixes -  0.000 s
[2019.07.26-03.12.09:807][  0]LogStats: UGameplayTagsManager::ConstructGameplayTagTree: Construct from data asset -  0.000 s
[2019.07.26-03.12.09:807][  0]LogStats: UGameplayTagsManager::ConstructGameplayTagTree: ImportINI -  0.000 s
[2019.07.26-03.12.09:807][  0]LogStats: UGameplayTagsManager::ConstructGameplayTagTree: GameplayTagTreeChangedEvent.Broadcast -  0.000 s
[2019.07.26-03.12.09:879][  0]LogFileCache: Scanning file cache for directory 'E:/Projects/IronForgedGames/Project_Tether/Project_Tether/Content/' took 0.02s
[2019.07.26-03.12.09:879][  0]SourceControl: Source control is disabled
[2019.07.26-03.12.09:879][  0]LightingResults: New page: Lighting Build
[2019.07.26-03.12.09:881][  0]MapCheck: New page: Map Check
[2019.07.26-03.12.09:881][  0]LightingResults: New page: Lighting Build
[2019.07.26-03.12.10:227][  0]LogAIModule: Creating AISystem for world ThirdPersonExampleMap
[2019.07.26-03.12.10:235][  0]LogEditorServer: Finished looking for orphan Actors (0.000 secs)
[2019.07.26-03.12.10:266][  0]Cmd: MAP CHECKDEP NOCLEARLOG
[2019.07.26-03.12.10:307][  0]MapCheck: Map check complete: 0 Error(s), 0 Warning(s), took 42.044ms to complete.
[2019.07.26-03.12.10:307][  0]LogFileHelpers: Loading map 'ThirdPersonExampleMap' took 0.429
[2019.07.26-03.12.10:377][  0]LogWindowsTextInputMethodSystem: Display: IME system now deactivated.
[2019.07.26-03.12.10:412][  0]LogSlate: Updating window title bar state: overlay mode, drag disabled, window buttons hidden, title bar hidden
[2019.07.26-03.12.10:419][  0]LogSlate: Updating window title bar state: overlay mode, drag disabled, window buttons hidden, title bar hidden
[2019.07.26-03.12.10:427][  0]LogSlate: Updating window title bar state: overlay mode, drag disabled, window buttons hidden, title bar hidden
[2019.07.26-03.12.10:433][  0]LogSlate: Updating window title bar state: overlay mode, drag disabled, window buttons hidden, title bar hidden
[2019.07.26-03.12.10:438][  0]LogCollectionManager: Loaded 0 collections in 0.000772 seconds
[2019.07.26-03.12.10:480][  0]LogFileCache: Scanning file cache for directory 'E:/Projects/IronForgedGames/Project_Tether/Project_Tether/Saved/Collections/' took 0.01s
[2019.07.26-03.12.10:480][  0]LogFileCache: Scanning file cache for directory 'E:/Projects/IronForgedGames/Project_Tether/Project_Tether/Content/Developers/AaronsDesktop/Collections/' took 0.01s
[2019.07.26-03.12.10:480][  0]LogFileCache: Scanning file cache for directory 'E:/Projects/IronForgedGames/Project_Tether/Project_Tether/Content/Collections/' took 0.01s
[2019.07.26-03.12.10:480][  0]LogCollectionManager: Rebuilt the GUID cache for 0 collections in 0.000000 seconds
[2019.07.26-03.12.10:487][  0]LogContentBrowser: Native class hierarchy populated in 0.0076 seconds. Added 2600 classes and 618 folders.
[2019.07.26-03.12.10:492][  0]LogContentBrowser: Native class hierarchy updated for 'WidgetCarousel' in 0.0003 seconds. Added 0 classes and 0 folders.
[2019.07.26-03.12.10:521][  0]LogContentBrowser: Native class hierarchy updated for 'AddContentDialog' in 0.0004 seconds. Added 0 classes and 0 folders.
[2019.07.26-03.12.10:526][  0]LogContentBrowser: Native class hierarchy updated for 'SceneOutliner' in 0.0003 seconds. Added 1 classes and 2 folders.
[2019.07.26-03.12.11:457][  0]LogSlate: Only BGRA pngs, bmps or icos are supported in by External Image Picker
[2019.07.26-03.12.11:482][  0]LogSlate: Took 0.000157 seconds to synchronously load lazily loaded font '../../../Engine/Content/Slate/Fonts/Roboto-Regular.ttf' (155K)
[2019.07.26-03.12.11:484][  0]LogSlate: Took 0.000183 seconds to synchronously load lazily loaded font '../../../Engine/Content/Slate/Fonts/Roboto-Bold.ttf' (160K)
[2019.07.26-03.12.11:492][  0]LogSlate: Took 0.000169 seconds to synchronously load lazily loaded font '../../../Engine/Content/Editor/Slate/Fonts/FontAwesome.ttf' (139K)
[2019.07.26-03.12.11:495][  0]LogSlate: Took 0.000130 seconds to synchronously load lazily loaded font '../../../Engine/Content/Slate/Fonts/DroidSansMono.ttf' (77K)
[2019.07.26-03.12.11:591][  0]LogTemp: Executing iPhonePackager certificates Engine -bundlename com.YourCompany.ProjectTether
[2019.07.26-03.12.11:591][  0]LogTemp: CWD: E:\Epic Games Games\UE_4.20\Engine\Binaries\DotNET\IOS
[2019.07.26-03.12.11:592][  0]LogTemp: Initial Dir: E:\Epic Games Games\UE_4.20
[2019.07.26-03.12.11:592][  0]LogTemp: Env CWD: E:\Epic Games Games\UE_4.20\Engine\Binaries\DotNET\IOS
[2019.07.26-03.12.11:592][  0]LogTemp: BranchPath = AARONS-DESKTOP/E/Epic Games Games/UE_4.20/Engine/Binaries --- GameBranchPath = AARONS-DESKTOP/E/Epic Games Games/UE_4.20/Engine/Binaries
[2019.07.26-03.12.11:592][  0]LogRenderer: Reallocating scene render targets to support 1232x584 Format 10 NumSamples 1 (Frame:1).
[2019.07.26-03.12.11:714][  0]LogTemp: IPP ERROR: Could not find provision directory 'C:\Users\Aaron's Desktop\AppData\Local/Apple Computer/MobileDevice/Provisioning Profiles/'.
[2019.07.26-03.12.11:728][  0]LogContentBrowser: Native class hierarchy updated for 'HierarchicalLODOutliner' in 0.0004 seconds. Added 0 classes and 0 folders.
[2019.07.26-03.12.11:728][  0]LogLoad: (Engine Initialization) Total time: 9.43 seconds
[2019.07.26-03.12.11:728][  0]LogLoad: (Engine Initialization) Total Blueprint compile time: 0.00 seconds
[2019.07.26-03.12.11:748][  0]Cmd: POLY SELECT MEMORY INTERSECTION
[2019.07.26-03.12.11:813][  0]LogContentStreaming: Texture pool size now 1000 MB
[2019.07.26-03.12.11:841][  0]LogSlate: Took 0.000142 seconds to synchronously load lazily loaded font '../../../Engine/Content/Slate/Fonts/Roboto-Light.ttf' (167K)
[2019.07.26-03.12.11:873][  1]LogAssetRegistry: Asset discovery search completed in 6.1050 seconds
[2019.07.26-03.12.11:875][  1]LogCollectionManager: Rebuilt the object cache for 0 collections in 0.000000 seconds (found 0 objects)
[2019.07.26-03.12.11:875][  1]LogCollectionManager: Fixed up redirectors for 0 collections in 0.000190 seconds (updated 0 objects)
[2019.07.26-03.12.11:926][  2]LogBlueprintUserMessages: [TopDownAnim_BP_C_0] Pawn does not have AnimBP hook
[2019.07.26-03.12.26:781][215]LogSlate: FSceneViewport::OnFocusLost() reason 0
[2019.07.26-03.12.29:172][496]LogAssetEditorManager: Opening Asset editor for Blueprint /Game/IronForgedGames/Implementation/Gameplay/PlayerController/Test_TopDown_Controller/Blueprints/TopDownCharacter_BP.TopDownCharacter_BP
[2019.07.26-03.12.29:523][496]LogContentBrowser: Native class hierarchy updated for 'BlueprintGraph' in 0.0006 seconds. Added 116 classes and 0 folders.
[2019.07.26-03.12.30:161][496]LogAssetEditorManager: Opening Asset editor for Blueprint /Game/IronForgedGames/Implementation/Gameplay/PlayerController/Test_TopDown_Controller/Blueprints/TestToolSword.TestToolSword
[2019.07.26-03.12.30:395][496]LogBlueprintUserMessages: [TopDownAnim_BP_C_0] Pawn does not have AnimBP hook
[2019.07.26-03.12.30:400][496]LogSlate: Took 0.000149 seconds to synchronously load lazily loaded font '../../../Engine/Content/Slate/Fonts/Roboto-BoldCondensed.ttf' (158K)
[2019.07.26-03.12.30:479][497]LogSlate: Took 0.000149 seconds to synchronously load lazily loaded font '../../../Engine/Content/Slate/Fonts/Roboto-Italic.ttf' (157K)
[2019.07.26-03.12.32:175][697]LogSlate: Window 'TopDownCharacter_BP' being destroyed
[2019.07.26-03.13.01:868][373]BlueprintLog: New page: Compile TopDownCharacter_BP
[2019.07.26-03.13.01:906][373]LogBlueprintUserMessages: [TopDownAnim_BP_C_0] Pawn does not have AnimBP hook
[2019.07.26-03.13.01:907][373]LogBlueprintUserMessages: [TopDownAnim_BP_C_1] Pawn does not have AnimBP hook
[2019.07.26-03.13.01:908][373]LogBlueprintUserMessages: [TopDownAnim_BP_C_0] Pawn does not have AnimBP hook
[2019.07.26-03.13.01:909][373]LogBlueprintUserMessages: [TopDownAnim_BP_C_1] Pawn does not have AnimBP hook
[2019.07.26-03.13.01:909][373]LogBlueprintUserMessages: [TopDownAnim_BP_C_0] Pawn does not have AnimBP hook
[2019.07.26-03.13.01:910][373]LogBlueprintUserMessages: [TopDownAnim_BP_C_1] Pawn does not have AnimBP hook
[2019.07.26-03.13.02:030][373]LogBlueprintUserMessages: [TopDownAnim_BP_C_0] Pawn does not have AnimBP hook
[2019.07.26-03.13.02:112][373]LogSavePackage: Moving '../../../../../Projects/IronForgedGames/Project_Tether/Project_Tether/Saved/TopDownCharacter_BPA740401B467A59B0DCD71CA7E3C1C0E7.tmp' to '../../../../../Projects/IronForgedGames/Project_Tether/Project_Tether/Content/IronForgedGames/Implementation/Gameplay/PlayerController/Test_TopDown_Controller/Blueprints/TopDownCharacter_BP.uasset'
[2019.07.26-03.13.02:856][451]LogTemp: Repeating last play command: Selected Viewport
[2019.07.26-03.13.02:882][451]LogBlueprintUserMessages: Early PlayInEditor Detection: Level '/Game/IronForgedGames/Core/Entity/Test/ThirdPersonCPP/Maps/ThirdPersonExampleMap.ThirdPersonExampleMap:PersistentLevel' has LevelScriptBlueprint '/Game/IronForgedGames/Core/Entity/Test/ThirdPersonCPP/Maps/ThirdPersonExampleMap.ThirdPersonExampleMap:PersistentLevel.ThirdPersonExampleMap' with GeneratedClass '/Game/IronForgedGames/Core/Entity/Test/ThirdPersonCPP/Maps/ThirdPersonExampleMap.ThirdPersonExampleMap_C' with ClassGeneratedBy '/Game/IronForgedGames/Core/Entity/Test/ThirdPersonCPP/Maps/ThirdPersonExampleMap.ThirdPersonExampleMap:PersistentLevel.ThirdPersonExampleMap'
[2019.07.26-03.13.02:882][451]LogPlayLevel: PlayLevel: No blueprints needed recompiling
[2019.07.26-03.13.02:894][451]PIE: New page: PIE session: ThirdPersonExampleMap (Jul 25, 2019, 6:13:02 PM)
[2019.07.26-03.13.02:894][451]LogPlayLevel: Creating play world package: /Game/IronForgedGames/Core/Entity/Test/ThirdPersonCPP/Maps/UEDPIE_0_ThirdPersonExampleMap
[2019.07.26-03.13.02:911][451]LogPlayLevel: PIE: StaticDuplicateObject took: (0.017195s)
[2019.07.26-03.13.02:912][451]LogAIModule: Creating AISystem for world ThirdPersonExampleMap
[2019.07.26-03.13.02:912][451]LogPlayLevel: PIE: World Init took: (0.000629s)
[2019.07.26-03.13.02:912][451]LogPlayLevel: PIE: Created PIE world by copying editor world from /Game/IronForgedGames/Core/Entity/Test/ThirdPersonCPP/Maps/ThirdPersonExampleMap.ThirdPersonExampleMap to /Game/IronForgedGames/Core/Entity/Test/ThirdPersonCPP/Maps/UEDPIE_0_ThirdPersonExampleMap.ThirdPersonExampleMap (0.017996s)
[2019.07.26-03.13.02:957][451]LogInit: XAudio2 using 'G257HL (NVIDIA High Definition Audio)' : 2 channels at 48 kHz using 16 bits per sample (channel mask 0x3)
[2019.07.26-03.13.02:965][451]LogInit: FAudioDevice initialized.
[2019.07.26-03.13.02:975][451]LogSlate: Updating window title bar state: overlay mode, drag disabled, window buttons hidden, title bar hidden
[2019.07.26-03.13.03:027][451]LogLoad: Game class is 'GameMode'
[2019.07.26-03.13.03:029][451]LogWorld: Bringing World /Game/IronForgedGames/Core/Entity/Test/ThirdPersonCPP/Maps/UEDPIE_0_ThirdPersonExampleMap.ThirdPersonExampleMap up for play (max tick rate 0) at 2019.07.25-23.13.03
[2019.07.26-03.13.03:029][451]LogWorld: Bringing up level for play took: 0.001298
[2019.07.26-03.13.03:041][451]LogGameMode: FindPlayerStart: PATHS NOT DEFINED or NO PLAYERSTART with positive rating
[2019.07.26-03.13.03:044][451]LogContentBrowser: Native class hierarchy updated for 'MovieSceneCapture' in 0.0003 seconds. Added 10 classes and 0 folders.
[2019.07.26-03.13.03:044][451]LogGameMode: Display: Match State Changed from EnteringMap to WaitingToStart
[2019.07.26-03.13.03:044][451]LogGameState: Match State Changed from EnteringMap to WaitingToStart
[2019.07.26-03.13.03:044][451]LogGameMode: Display: Match State Changed from WaitingToStart to InProgress
[2019.07.26-03.13.03:045][451]LogTemp: Error: Health stat was found, the Vitals will not work
[2019.07.26-03.13.03:045][451]LogGameState: Match State Changed from WaitingToStart to InProgress
[2019.07.26-03.13.03:045][451]PIE: Play in editor start time for /Game/IronForgedGames/Core/Entity/Test/ThirdPersonCPP/Maps/UEDPIE_0_ThirdPersonExampleMap 0.863
[2019.07.26-03.13.03:046][451]LogBlueprintUserMessages: Late PlayInEditor Detection: Level '/Game/IronForgedGames/Core/Entity/Test/ThirdPersonCPP/Maps/ThirdPersonExampleMap.ThirdPersonExampleMap:PersistentLevel' has LevelScriptBlueprint '/Game/IronForgedGames/Core/Entity/Test/ThirdPersonCPP/Maps/ThirdPersonExampleMap.ThirdPersonExampleMap:PersistentLevel.ThirdPersonExampleMap' with GeneratedClass '/Game/IronForgedGames/Core/Entity/Test/ThirdPersonCPP/Maps/ThirdPersonExampleMap.ThirdPersonExampleMap_C' with ClassGeneratedBy '/Game/IronForgedGames/Core/Entity/Test/ThirdPersonCPP/Maps/ThirdPersonExampleMap.ThirdPersonExampleMap:PersistentLevel.ThirdPersonExampleMap'
[2019.07.26-03.13.03:130][451]LogRenderer: Reallocating scene render targets to support 1292x756 Format 10 NumSamples 1 (Frame:1).
[2019.07.26-03.13.03:662][511]LogBlueprintUserMessages: [TopDownCharacter_2] Legendary
[2019.07.26-03.13.05:996][791]LogBlueprintUserMessages: [TopDownCharacter_2] Legendary
[2019.07.26-03.13.06:337][832]LogBlueprintUserMessages: [TopDownCharacter_2] Legendary
[2019.07.26-03.13.06:579][861]LogBlueprintUserMessages: [TopDownCharacter_2] Legendary
[2019.07.26-03.13.06:788][886]LogBlueprintUserMessages: [TopDownCharacter_2] Legendary
[2019.07.26-03.13.07:029][915]LogBlueprintUserMessages: [TopDownCharacter_2] Legendary
[2019.07.26-03.13.07:262][943]LogBlueprintUserMessages: [TopDownCharacter_2] Legendary
[2019.07.26-03.13.07:679][993]LogBlueprintUserMessages: [TopDownCharacter_2] Legendary
[2019.07.26-03.13.07:929][ 23]LogBlueprintUserMessages: [TopDownCharacter_2] Legendary
[2019.07.26-03.13.08:195][ 55]LogBlueprintUserMessages: [TopDownCharacter_2] Legendary
[2019.07.26-03.13.08:446][ 85]LogBlueprintUserMessages: [TopDownCharacter_2] Legendary
[2019.07.26-03.13.09:754][242]LogBlueprintUserMessages: [TopDownCharacter_2] Legendary
[2019.07.26-03.13.09:979][269]LogBlueprintUserMessages: [TopDownCharacter_2] Legendary
[2019.07.26-03.13.10:171][292]LogBlueprintUserMessages: [TopDownCharacter_2] Legendary
[2019.07.26-03.13.11:230][419]LogBlueprintUserMessages: [TopDownCharacter_2] Legendary
[2019.07.26-03.13.11:413][441]LogBlueprintUserMessages: [TopDownCharacter_2] Legendary
[2019.07.26-03.13.11:596][463]LogBlueprintUserMessages: [TopDownCharacter_2] Legendary
[2019.07.26-03.13.12:213][537]LogBlueprintUserMessages: [TopDownCharacter_2] Legendary
[2019.07.26-03.13.13:340][672]LogBlueprintUserMessages: Early EndPlayMap Detection: Level '/Game/IronForgedGames/Core/Entity/Test/ThirdPersonCPP/Maps/ThirdPersonExampleMap.ThirdPersonExampleMap:PersistentLevel' has LevelScriptBlueprint '/Game/IronForgedGames/Core/Entity/Test/ThirdPersonCPP/Maps/ThirdPersonExampleMap.ThirdPersonExampleMap:PersistentLevel.ThirdPersonExampleMap' with GeneratedClass '/Game/IronForgedGames/Core/Entity/Test/ThirdPersonCPP/Maps/ThirdPersonExampleMap.ThirdPersonExampleMap_C' with ClassGeneratedBy '/Game/IronForgedGames/Core/Entity/Test/ThirdPersonCPP/Maps/ThirdPersonExampleMap.ThirdPersonExampleMap:PersistentLevel.ThirdPersonExampleMap'
[2019.07.26-03.13.13:340][672]LogSlate: Updating window title bar state: overlay mode, drag disabled, window buttons hidden, title bar hidden
[2019.07.26-03.13.13:358][672]LogSlate: Window 'Project_Tether Game Preview Standalone (64-bit/PCD3D_SM5)' being destroyed
[2019.07.26-03.13.13:399][672]LogPlayLevel: Display: Shutting down PIE online subsystems
[2019.07.26-03.13.13:400][672]LogBlueprintUserMessages: Late EndPlayMap Detection: Level '/Game/IronForgedGames/Core/Entity/Test/ThirdPersonCPP/Maps/ThirdPersonExampleMap.ThirdPersonExampleMap:PersistentLevel' has LevelScriptBlueprint '/Game/IronForgedGames/Core/Entity/Test/ThirdPersonCPP/Maps/ThirdPersonExampleMap.ThirdPersonExampleMap:PersistentLevel.ThirdPersonExampleMap' with GeneratedClass '/Game/IronForgedGames/Core/Entity/Test/ThirdPersonCPP/Maps/ThirdPersonExampleMap.ThirdPersonExampleMap_C' with ClassGeneratedBy '/Game/IronForgedGames/Core/Entity/Test/ThirdPersonCPP/Maps/ThirdPersonExampleMap.ThirdPersonExampleMap:PersistentLevel.ThirdPersonExampleMap'
[2019.07.26-03.13.13:502][673]LogPlayLevel: Display: Destroying online subsystem :Context_8
[2019.07.26-03.13.55:866][872]LogSavePackage: Moving '../../../../../Projects/IronForgedGames/Project_Tether/Project_Tether/Saved/ThirdPersonExampleMapE91F89A64D2CB145207EC393818C4611.tmp' to '../../../../../Projects/IronForgedGames/Project_Tether/Project_Tether/Content/IronForgedGames/Core/Entity/Test/ThirdPersonCPP/Maps/ThirdPersonExampleMap.umap'
[2019.07.26-03.13.56:490][939]Candidate modules for hot reload:
[2019.07.26-03.13.56:490][939]  Project_Tether
[2019.07.26-03.13.56:490][939]Launching UnrealBuildTool... [E:/Epic Games Games/UE_4.20/Engine/Binaries/DotNET/UnrealBuildTool.exe  -ModuleWithSuffix=Project_Tether,6665 Win64 Development -TargetType=Editor -Project="../../../../../Projects/IronForgedGames/Project_Tether/Project_Tether/Project_Tether.uproject" -canskiplink "E:/Projects/IronForgedGames/Project_Tether/Project_Tether/Project_Tether.uproject" ]
[2019.07.26-03.13.56:493][939]Warning: Starting HotReload took  0.0s.
[2019.07.26-03.14.12:279][645]CompilerResultsLog: New page: Compilation - Jul 25, 2019, 6:14:12 PM
[2019.07.26-03.14.12:279][645]CompilerResultsLog: Using 'git status' to determine working set for adaptive non-unity build.
[2019.07.26-03.14.12:280][645]CompilerResultsLog: Creating makefile for hot reloading Project_TetherEditor (ini files are newer than UBTMakefile)
[2019.07.26-03.14.12:280][645]CompilerResultsLog: Compiling game modules for hot reload
[2019.07.26-03.14.12:280][645]CompilerResultsLog: Using Visual Studio 2017 14.16.27023 toolchain (C:\Program Files (x86)\Microsoft Visual Studio\2017\Community\VC\Tools\MSVC\14.16.27023) and Windows 10.0.17763.0 SDK (C:\Program Files (x86)\Windows Kits\10).
[2019.07.26-03.14.12:280][645]CompilerResultsLog: Parsing headers for Project_TetherEditor
[2019.07.26-03.14.12:280][645]CompilerResultsLog:   Running UnrealHeaderTool "E:\Projects\IronForgedGames\Project_Tether\Project_Tether\Project_Tether.uproject" "E:\Projects\IronForgedGames\Project_Tether\Project_Tether\Intermediate\Build\Win64\Project_TetherEditor\Development\Project_TetherEditor.uhtmanifest" -LogCmds="loginit warning, logexit warning, logdatabase error" -Unattended -WarningsAsErrors -installed
[2019.07.26-03.14.12:280][645]CompilerResultsLog: Reflection code generated for Project_TetherEditor in 7.5424718 seconds
[2019.07.26-03.14.12:280][645]CompilerResultsLog: Building 6 actions with 12 processes...
[2019.07.26-03.14.12:280][645]CompilerResultsLog:   [1/6] ToolComponent.cpp
[2019.07.26-03.14.12:280][645]CompilerResultsLog:   [2/6] TopDown_E_Character.gen.cpp
[2019.07.26-03.14.12:280][645]CompilerResultsLog:   [3/6] ToolComponent.gen.cpp
[2019.07.26-03.14.12:280][645]CompilerResultsLog:   [4/6] TopDown_E_Character.cpp
[2019.07.26-03.14.12:280][645]CompilerResultsLog:   [5/6] UE4Editor-Project_Tether-6665.lib
[2019.07.26-03.14.12:280][645]CompilerResultsLog:      Creating library E:\Projects\IronForgedGames\Project_Tether\Project_Tether\Intermediate\Build\Win64\UE4Editor\Development\Project_Tether\UE4Editor-Project_Tether-6665.lib and object E:\Projects\IronForgedGames\Project_Tether\Project_Tether\Intermediate\Build\Win64\UE4Editor\Development\Project_Tether\UE4Editor-Project_Tether-6665.exp
[2019.07.26-03.14.12:280][645]CompilerResultsLog:   [6/6] UE4Editor-Project_Tether-6665.dll
[2019.07.26-03.14.12:280][645]CompilerResultsLog:      Creating library E:\Projects\IronForgedGames\Project_Tether\Project_Tether\Intermediate\Build\Win64\UE4Editor\Development\Project_Tether\UE4Editor-Project_Tether-6665.suppressed.lib and object E:\Projects\IronForgedGames\Project_Tether\Project_Tether\Intermediate\Build\Win64\UE4Editor\Development\Project_Tether\UE4Editor-Project_Tether-6665.suppressed.exp
[2019.07.26-03.14.12:280][645]CompilerResultsLog: Total build time: 15.55 seconds (Parallel executor: 3.99 seconds)
[2019.07.26-03.14.12:280][645]LogMainFrame: MainFrame: Module compiling took 15.798 seconds
[2019.07.26-03.14.12:349][645]LogClass: ArmorSlot HotReload.
[2019.07.26-03.14.12:349][645]LogClass: Rarity HotReload.
[2019.07.26-03.14.12:349][645]LogClass: UsageType HotReload.
[2019.07.26-03.14.12:349][645]LogClass: Status HotReload.
[2019.07.26-03.14.12:349][645]LogClass: Slot HotReload.
[2019.07.26-03.14.12:349][645]LogClass: StatModifier HotReload.
[2019.07.26-03.14.12:349][645]LogClass: Stat HotReload.
[2019.07.26-03.14.12:349][645]LogClass: ResistanceModifier HotReload.
[2019.07.26-03.14.12:349][645]LogClass: HealInfo HotReload.
[2019.07.26-03.14.12:349][645]LogClass: DamageInfo HotReload.
[2019.07.26-03.14.12:354][645]Error: CDO Constructor (Project_TetherGameMode): Failed to find /Game/ThirdPersonCPP/Blueprints/ThirdPersonCharacter.ThirdPersonCharacter_C

[2019.07.26-03.14.12:356][645]LogContentBrowser: Native class hierarchy updated for 'Project_Tether' in 0.0004 seconds. Added 28 classes and 15 folders.
[2019.07.26-03.14.12:356][645]Warning: Some classes could not be reloaded:
Error: CDO Constructor (Project_TetherGameMode): Failed to find /Game/ThirdPersonCPP/Blueprints/ThirdPersonCharacter.ThirdPersonCharacter_C


[2019.07.26-03.14.12:359][645]Display: HotReload successful (58 functions remapped  6 scriptstructs remapped)
[2019.07.26-03.14.12:773][645]LogContentBrowser: Native class hierarchy populated in 0.0077 seconds. Added 2601 classes and 620 folders.
[2019.07.26-03.14.12:778][645]Display: HotReload took 16.3s.
[2019.07.26-03.14.52:711][342]BlueprintLog: New page: Compile TopDownCharacter_BP
[2019.07.26-03.14.52:732][342]LogBlueprintUserMessages: [TopDownAnim_BP_C_0] Pawn does not have AnimBP hook
[2019.07.26-03.14.52:734][342]LogBlueprintUserMessages: [TopDownAnim_BP_C_1] Pawn does not have AnimBP hook
[2019.07.26-03.14.52:735][342]LogBlueprintUserMessages: [TopDownAnim_BP_C_0] Pawn does not have AnimBP hook
[2019.07.26-03.14.52:736][342]LogBlueprintUserMessages: [TopDownAnim_BP_C_1] Pawn does not have AnimBP hook
[2019.07.26-03.14.52:737][342]LogBlueprintUserMessages: [TopDownAnim_BP_C_0] Pawn does not have AnimBP hook
[2019.07.26-03.14.52:738][342]LogBlueprintUserMessages: [TopDownAnim_BP_C_1] Pawn does not have AnimBP hook
[2019.07.26-03.14.52:892][342]LogBlueprintUserMessages: [TopDownAnim_BP_C_0] Pawn does not have AnimBP hook
[2019.07.26-03.14.52:979][342]LogSavePackage: Moving '../../../../../Projects/IronForgedGames/Project_Tether/Project_Tether/Saved/TopDownCharacter_BPC084D896405D8FAA668C8FAE5B0021E0.tmp' to '../../../../../Projects/IronForgedGames/Project_Tether/Project_Tether/Content/IronForgedGames/Implementation/Gameplay/PlayerController/Test_TopDown_Controller/Blueprints/TopDownCharacter_BP.uasset'
[2019.07.26-03.15.01:403][339]LogTemp: Repeating last play command: Selected Viewport
[2019.07.26-03.15.01:435][339]LogBlueprintUserMessages: Early PlayInEditor Detection: Level '/Game/IronForgedGames/Core/Entity/Test/ThirdPersonCPP/Maps/ThirdPersonExampleMap.ThirdPersonExampleMap:PersistentLevel' has LevelScriptBlueprint '/Game/IronForgedGames/Core/Entity/Test/ThirdPersonCPP/Maps/ThirdPersonExampleMap.ThirdPersonExampleMap:PersistentLevel.ThirdPersonExampleMap' with GeneratedClass '/Game/IronForgedGames/Core/Entity/Test/ThirdPersonCPP/Maps/ThirdPersonExampleMap.ThirdPersonExampleMap_C' with ClassGeneratedBy '/Game/IronForgedGames/Core/Entity/Test/ThirdPersonCPP/Maps/ThirdPersonExampleMap.ThirdPersonExampleMap:PersistentLevel.ThirdPersonExampleMap'
[2019.07.26-03.15.01:436][339]LogPlayLevel: PlayLevel: No blueprints needed recompiling
[2019.07.26-03.15.01:436][339]PIE: New page: PIE session: ThirdPersonExampleMap (Jul 25, 2019, 6:15:01 PM)
[2019.07.26-03.15.01:436][339]LogPlayLevel: Creating play world package: /Game/IronForgedGames/Core/Entity/Test/ThirdPersonCPP/Maps/UEDPIE_0_ThirdPersonExampleMap
[2019.07.26-03.15.01:452][339]LogPlayLevel: PIE: StaticDuplicateObject took: (0.015605s)
[2019.07.26-03.15.01:452][339]LogAIModule: Creating AISystem for world ThirdPersonExampleMap
[2019.07.26-03.15.01:453][339]LogPlayLevel: PIE: World Init took: (0.000944s)
[2019.07.26-03.15.01:453][339]LogPlayLevel: PIE: Created PIE world by copying editor world from /Game/IronForgedGames/Core/Entity/Test/ThirdPersonCPP/Maps/ThirdPersonExampleMap.ThirdPersonExampleMap to /Game/IronForgedGames/Core/Entity/Test/ThirdPersonCPP/Maps/UEDPIE_0_ThirdPersonExampleMap.ThirdPersonExampleMap (0.017246s)
[2019.07.26-03.15.01:520][339]LogInit: XAudio2 using 'G257HL (NVIDIA High Definition Audio)' : 2 channels at 48 kHz using 16 bits per sample (channel mask 0x3)
[2019.07.26-03.15.01:527][339]LogInit: FAudioDevice initialized.
[2019.07.26-03.15.01:557][339]LogLoad: Game class is 'GameMode'
[2019.07.26-03.15.01:558][339]LogWorld: Bringing World /Game/IronForgedGames/Core/Entity/Test/ThirdPersonCPP/Maps/UEDPIE_0_ThirdPersonExampleMap.ThirdPersonExampleMap up for play (max tick rate 0) at 2019.07.25-23.15.01
[2019.07.26-03.15.01:559][339]LogWorld: Bringing up level for play took: 0.001461
[2019.07.26-03.15.01:571][339]LogGameMode: Display: Match State Changed from EnteringMap to WaitingToStart
[2019.07.26-03.15.01:571][339]LogGameState: Match State Changed from EnteringMap to WaitingToStart
[2019.07.26-03.15.01:572][339]LogGameMode: Display: Match State Changed from WaitingToStart to InProgress
[2019.07.26-03.15.01:572][339]LogTemp: Error: Health stat was found, the Vitals will not work
[2019.07.26-03.15.01:572][339]LogGameState: Match State Changed from WaitingToStart to InProgress
[2019.07.26-03.15.01:572][339]PIE: Play in editor start time for /Game/IronForgedGames/Core/Entity/Test/ThirdPersonCPP/Maps/UEDPIE_0_ThirdPersonExampleMap -0.611
[2019.07.26-03.15.01:572][339]LogBlueprintUserMessages: Late PlayInEditor Detection: Level '/Game/IronForgedGames/Core/Entity/Test/ThirdPersonCPP/Maps/ThirdPersonExampleMap.ThirdPersonExampleMap:PersistentLevel' has LevelScriptBlueprint '/Game/IronForgedGames/Core/Entity/Test/ThirdPersonCPP/Maps/ThirdPersonExampleMap.ThirdPersonExampleMap:PersistentLevel.ThirdPersonExampleMap' with GeneratedClass '/Game/IronForgedGames/Core/Entity/Test/ThirdPersonCPP/Maps/ThirdPersonExampleMap.ThirdPersonExampleMap_C' with ClassGeneratedBy '/Game/IronForgedGames/Core/Entity/Test/ThirdPersonCPP/Maps/ThirdPersonExampleMap.ThirdPersonExampleMap:PersistentLevel.ThirdPersonExampleMap'
[2019.07.26-03.15.02:274][420]LogOutputDevice: Warning: 

Script Stack:
TopDownCharacter_BP_C.ExecuteUbergraph_TopDownCharacter_BP
TopDownCharacter_BP_C.InpActEvt_SpaceBar_K2Node_InputKeyEvent_0

[2019.07.26-03.15.02:275][420]LogWindows: Windows GetLastError: The operation completed successfully. (0)
[2019.07.26-03.15.03:232][420]LogWindows: Error: === Critical error: ===
[2019.07.26-03.15.03:232][420]LogWindows: Error: 
[2019.07.26-03.15.03:232][420]LogWindows: Error: Assertion failed: Child [File:D:\Build\++UE4\Sync\Engine\Source\Runtime\CoreUObject\Private\UObject\UObjectGlobals.cpp] [Line: 3106] 
[2019.07.26-03.15.03:232][420]LogWindows: Error: NewObject called with a nullptr class object
[2019.07.26-03.15.03:232][420]LogWindows: Error: 
[2019.07.26-03.15.03:232][420]LogWindows: Error: 
[2019.07.26-03.15.03:232][420]LogWindows: Error: [Callstack] 0x00007ffbd372a388 KERNELBASE.dll!UnknownFunction []
[2019.07.26-03.15.03:232][420]LogWindows: Error: [Callstack] 0x00007ffbaa2f6850 UE4Editor-ApplicationCore.dll!UnknownFunction []
[2019.07.26-03.15.03:232][420]LogWindows: Error: [Callstack] 0x00007ffb8fb262fc UE4Editor-Core.dll!UnknownFunction []
[2019.07.26-03.15.03:232][420]LogWindows: Error: [Callstack] 0x00007ffb8fab51db UE4Editor-Core.dll!UnknownFunction []
[2019.07.26-03.15.03:232][420]LogWindows: Error: [Callstack] 0x00007ffb93d5eae9 UE4Editor-CoreUObject.dll!UnknownFunction []
[2019.07.26-03.15.03:232][420]LogWindows: Error: [Callstack] 0x00007ffb59f73a36 UE4Editor-Project_Tether-6665.dll!UToolComponent::ToolPTR() [e:\projects\ironforgedgames\project_tether\project_tether\source\project_tether\public\implementation\gameplay\playercontroller\components\toolcomponent.h:39]
[2019.07.26-03.15.03:232][420]LogWindows: Error: [Callstack] 0x00007ffb59f73d33 UE4Editor-Project_Tether-6665.dll!UToolComponent::execToolPTR() [e:\projects\ironforgedgames\project_tether\project_tether\source\project_tether\public\implementation\gameplay\playercontroller\components\toolcomponent.h:15]
[2019.07.26-03.15.03:232][420]LogWindows: Error: [Callstack] 0x00007ffb93ae6467 UE4Editor-CoreUObject.dll!UnknownFunction []
[2019.07.26-03.15.03:232][420]LogWindows: Error: [Callstack] 0x00007ffb93cf16ae UE4Editor-CoreUObject.dll!UnknownFunction []
[2019.07.26-03.15.03:232][420]LogWindows: Error: [Callstack] 0x00007ffb93d0f499 UE4Editor-CoreUObject.dll!UnknownFunction []
[2019.07.26-03.15.03:232][420]LogWindows: Error: [Callstack] 0x00007ffb93d42266 UE4Editor-CoreUObject.dll!UnknownFunction []
[2019.07.26-03.15.03:232][420]LogWindows: Error: [Callstack] 0x00007ffb93d11b96 UE4Editor-CoreUObject.dll!UnknownFunction []
[2019.07.26-03.15.03:232][420]LogWindows: Error: [Callstack] 0x00007ffb93cf205d UE4Editor-CoreUObject.dll!UnknownFunction []
[2019.07.26-03.15.03:232][420]LogWindows: Error: [Callstack] 0x00007ffb93d11b96 UE4Editor-CoreUObject.dll!UnknownFunction []
[2019.07.26-03.15.03:232][420]LogWindows: Error: [Callstack] 0x00007ffb93ae6467 UE4Editor-CoreUObject.dll!UnknownFunction []
[2019.07.26-03.15.03:232][420]LogWindows: Error: [Callstack] 0x00007ffb93d11133 UE4Editor-CoreUObject.dll!UnknownFunction []
[2019.07.26-03.15.03:232][420]LogWindows: Error: [Callstack] 0x00007ffb864e8033 UE4Editor-Engine.dll!UnknownFunction []
[2019.07.26-03.15.03:233][420]LogWindows: Error: [Callstack] 0x00007ffb877923a0 UE4Editor-Engine.dll!UnknownFunction []
[2019.07.26-03.15.03:233][420]LogWindows: Error: [Callstack] 0x00007ffb877c3f52 UE4Editor-Engine.dll!UnknownFunction []
[2019.07.26-03.15.03:233][420]LogWindows: Error: [Callstack] 0x00007ffb8729017c UE4Editor-Engine.dll!UnknownFunction []
[2019.07.26-03.15.03:233][420]LogWindows: Error: [Callstack] 0x00007ffb872a4608 UE4Editor-Engine.dll!UnknownFunction []
[2019.07.26-03.15.03:233][420]LogWindows: Error: [Callstack] 0x00007ffb8728dbcb UE4Editor-Engine.dll!UnknownFunction []
[2019.07.26-03.15.03:233][420]LogWindows: Error: [Callstack] 0x00007ffb872a34c3 UE4Editor-Engine.dll!UnknownFunction []
[2019.07.26-03.15.03:233][420]LogWindows: Error: [Callstack] 0x00007ffb864c5630 UE4Editor-Engine.dll!UnknownFunction []
[2019.07.26-03.15.03:233][420]LogWindows: Error: [Callstack] 0x00007ffb876c16bd UE4Editor-Engine.dll!UnknownFunction []
[2019.07.26-03.15.03:233][420]LogWindows: Error: [Callstack] 0x00007ffb8f941f92 UE4Editor-Core.dll!UnknownFunction []
[2019.07.26-03.15.03:233][420]LogWindows: Error: [Callstack] 0x00007ffb8f942456 UE4Editor-Core.dll!UnknownFunction []
[2019.07.26-03.15.03:233][420]LogWindows: Error: [Callstack] 0x00007ffb8f956d25 UE4Editor-Core.dll!UnknownFunction []
[2019.07.26-03.15.03:233][420]LogWindows: Error: [Callstack] 0x00007ffb87715b04 UE4Editor-Engine.dll!UnknownFunction []
[2019.07.26-03.15.03:233][420]LogWindows: Error: [Callstack] 0x00007ffb87724d92 UE4Editor-Engine.dll!UnknownFunction []
[2019.07.26-03.15.03:233][420]LogWindows: Error: [Callstack] 0x00007ffb86e287e4 UE4Editor-Engine.dll!UnknownFunction []
[2019.07.26-03.15.03:233][420]LogWindows: Error: [Callstack] 0x00007ffb86e34003 UE4Editor-Engine.dll!UnknownFunction []
[2019.07.26-03.15.03:233][420]LogWindows: Error: [Callstack] 0x00007ffb8c987335 UE4Editor-UnrealEd.dll!UnknownFunction []
[2019.07.26-03.15.03:233][420]LogWindows: Error: [Callstack] 0x00007ffb8d27f666 UE4Editor-UnrealEd.dll!UnknownFunction []
[2019.07.26-03.15.03:233][420]LogWindows: Error: [Callstack] 0x00007ff762255cbd UE4Editor.exe!UnknownFunction []
[2019.07.26-03.15.03:233][420]LogWindows: Error: [Callstack] 0x00007ff762265b3c UE4Editor.exe!UnknownFunction []
[2019.07.26-03.15.03:233][420]LogWindows: Error: [Callstack] 0x00007ff762265bba UE4Editor.exe!UnknownFunction []
[2019.07.26-03.15.03:233][420]LogWindows: Error: [Callstack] 0x00007ff762273dac UE4Editor.exe!UnknownFunction []
[2019.07.26-03.15.03:233][420]LogWindows: Error: [Callstack] 0x00007ff762275aaa UE4Editor.exe!UnknownFunction []
[2019.07.26-03.15.03:233][420]LogWindows: Error: [Callstack] 0x00007ffbd6b64034 KERNEL32.DLL!UnknownFunction []
[2019.07.26-03.15.03:233][420]LogWindows: Error: [Callstack] 0x00007ffbd7043691 ntdll.dll!UnknownFunction []
[2019.07.26-03.15.03:233][420]LogWindows: Error: 
[2019.07.26-03.15.03:241][420]LogExit: Executing StaticShutdownAfterError
[2019.07.26-03.15.03:244][420]LogWindows: FPlatformMisc::RequestExit(1)
[2019.07.26-03.15.03:248][420]Log file closed, 07/25/19 23:15:03
