Log file open, 08/06/19 21:40:36
LogWindows: Failed to load 'aqProf.dll' (GetLastError=126)
LogWindows: File 'aqProf.dll' does not exist
LogWindows: Failed to load 'VtuneApi.dll' (GetLastError=126)
LogWindows: File 'VtuneApi.dll' does not exist
LogWindows: Failed to load 'VtuneApi32e.dll' (GetLastError=126)
LogWindows: File 'VtuneApi32e.dll' does not exist
LogInit: Display: Running engine for game: Project_Tether
LogPlatformFile: Not using cached read wrapper
LogTaskGraph: Started task graph with 5 named threads and 35 total threads with 3 sets of task threads.
LogStats: Stats thread started at 0.415309
LogD3D11RHI: Loaded GFSDK_Aftermath_Lib.x64.dll
LogICUInternationalization: Display: ICU TimeZone Detection - Raw Offset: -5:00, Platform Override: ''
LogPluginManager: Mounting plugin Paper2D
LogPluginManager: Mounting plugin AISupport
LogPluginManager: Mounting plugin LightPropagationVolume
LogPluginManager: Mounting plugin CLionSourceCodeAccess
LogPluginManager: Mounting plugin CodeLiteSourceCodeAccess
LogPluginManager: Mounting plugin GitSourceControl
LogPluginManager: Mounting plugin KDevelopSourceCodeAccess
LogPluginManager: Mounting plugin NullSourceCodeAccess
LogPluginManager: Mounting plugin PerforceSourceControl
LogPluginManager: Mounting plugin SubversionSourceControl
LogPluginManager: Mounting plugin UObjectPlugin
LogPluginManager: Mounting plugin VisualStudioCodeSourceCodeAccess
LogPluginManager: Mounting plugin VisualStudioSourceCodeAccess
LogPluginManager: Mounting plugin XCodeSourceCodeAccess
LogPluginManager: Mounting plugin AssetManagerEditor
LogPluginManager: Mounting plugin CryptoKeys
LogPluginManager: Mounting plugin DataValidation
LogPluginManager: Mounting plugin FacialAnimation
LogPluginManager: Mounting plugin GameplayTagsEditor
LogPluginManager: Mounting plugin MacGraphicsSwitching
LogPluginManager: Mounting plugin MeshEditor
LogPluginManager: Mounting plugin MobileLauncherProfileWizard
LogPluginManager: Mounting plugin PluginBrowser
LogPluginManager: Mounting plugin SpeedTreeImporter
LogPluginManager: Mounting plugin DatasmithContent
LogPluginManager: Mounting plugin AlembicImporter
LogPluginManager: Mounting plugin AppleImageUtils
LogPluginManager: Mounting plugin AppleVision
LogPluginManager: Mounting plugin BackChannel
LogPluginManager: Mounting plugin CharacterAI
LogPluginManager: Mounting plugin GeometryCache
LogPluginManager: Mounting plugin HTML5Networking
LogPluginManager: Mounting plugin ProxyLODPlugin
LogPluginManager: Mounting plugin MagicLeap
LogPluginManager: Mounting plugin MagicLeapEmulator
LogPluginManager: Mounting plugin MagicLeapMedia
LogPluginManager: Mounting plugin AndroidMedia
LogPluginManager: Mounting plugin AvfMedia
LogPluginManager: Mounting plugin ImgMedia
LogPluginManager: Mounting plugin LinearTimecode
LogPluginManager: Mounting plugin MediaCompositing
LogPluginManager: Mounting plugin MediaPlayerEditor
LogPluginManager: Mounting plugin WmfMedia
LogPluginManager: Mounting plugin TcpMessaging
LogPluginManager: Mounting plugin UdpMessaging
LogPluginManager: Mounting plugin ActorSequence
LogPluginManager: Mounting plugin LevelSequenceEditor
LogPluginManager: Mounting plugin MatineeToLevelSequence
LogPluginManager: Mounting plugin NetcodeUnitTest
LogPluginManager: Mounting plugin NUTUnrealEngine4
LogPluginManager: Mounting plugin OnlineSubsystemGooglePlay
LogPluginManager: Mounting plugin OnlineSubsystemIOS
LogPluginManager: Mounting plugin OnlineSubsystem
LogPluginManager: Mounting plugin OnlineSubsystemNull
LogPluginManager: Mounting plugin OnlineSubsystemUtils
LogPluginManager: Mounting plugin LauncherChunkInstaller
LogPluginManager: Mounting plugin AndroidDeviceProfileSelector
LogPluginManager: Mounting plugin AndroidMoviePlayer
LogPluginManager: Mounting plugin AndroidPermission
LogPluginManager: Mounting plugin AppleMoviePlayer
LogPluginManager: Mounting plugin ArchVisCharacter
LogPluginManager: Mounting plugin AudioCapture
LogPluginManager: Mounting plugin CableComponent
LogPluginManager: Mounting plugin CustomMeshComponent
LogPluginManager: Mounting plugin EditableMesh
LogPluginManager: Mounting plugin ExampleDeviceProfileSelector
LogPluginManager: Mounting plugin GoogleCloudMessaging
LogPluginManager: Mounting plugin ImmediatePhysics
LogPluginManager: Mounting plugin IOSDeviceProfileSelector
LogPluginManager: Mounting plugin LinuxDeviceProfileSelector
LogPluginManager: Mounting plugin LocationServicesBPLibrary
LogPluginManager: Mounting plugin MobilePatchingUtils
LogPluginManager: Mounting plugin OculusVR
LogPluginManager: Plugin shader directory ../../../Engine/Plugins/Runtime/Oculus/OculusVR/Shaders found
LogPluginManager: Mapping shader source directory ../../../Engine/Plugins/Runtime/Oculus/OculusVR/Shaders to virtual directory /Plugin/OculusVR
LogPluginManager: Mounting plugin PhysXVehicles
LogPluginManager: Mounting plugin ProceduralMeshComponent
LogPluginManager: Mounting plugin RuntimePhysXCooking
LogPluginManager: Mounting plugin SteamVR
LogPluginManager: Mounting plugin WindowsMoviePlayer
LogStreaming: Display: Took  0.068s to configure plugins.
LogInit: Using libcurl 7.55.1-DEV
LogInit:  - built for x86_64-pc-win32
LogInit:  - supports SSL with OpenSSL/1.0.2h
LogInit:  - supports HTTP deflate (compression) using libz 1.2.8
LogInit:  - other features:
LogInit:      CURL_VERSION_SSL
LogInit:      CURL_VERSION_LIBZ
LogInit:      CURL_VERSION_IPV6
LogInit:      CURL_VERSION_ASYNCHDNS
LogInit:      CURL_VERSION_LARGEFILE
LogInit:      CURL_VERSION_IDN
LogInit:  CurlRequestOptions (configurable via config and command line):
LogInit:  - bVerifyPeer = false  - Libcurl will NOT verify peer certificate
LogInit:  - bUseHttpProxy = false  - Libcurl will NOT use HTTP proxy
LogInit:  - bDontReuseConnections = false  - Libcurl will reuse connections
LogInit:  - CertBundlePath = nullptr  - Libcurl will use whatever was configured at build time.
LogInit:  - MaxHostConnections = 16  - Libcurl will limit the number of connections to a host
LogInit:  - LocalHostAddr = Default
LogInit:  - BufferSize = 65536
LogInit: WinSock: version 1.1 (2.2), MaxSocks=32767, MaxUdp=65467
LogInit: Build: ++UE4+Release-4.20-CL-4369336
LogInit: Engine Version: 4.20.3-4369336+++UE4+Release-4.20
LogInit: Compatible Engine Version: 4.20.0-4212847+++UE4+Release-4.20
LogInit: Net CL: 4212847
LogInit: OS: Windows 10 (), CPU: Intel(R) Core(TM) i7-8700K CPU @ 3.70GHz, GPU: NVIDIA GeForce GTX 1060 6GB
LogInit: Compiled (64-bit): Sep 17 2018 12:26:19
LogInit: Compiled with Visual C++: 19.13.26129.00
LogInit: Build Configuration: Development
LogInit: Branch Name: ++UE4+Release-4.20
LogInit: Command Line:  
LogInit: Base Directory: E:/Epic Games Games/UE_4.20/Engine/Binaries/Win64/
LogInit: Installed Engine Build: 1
LogDevObjectVersion: Number of dev versions registered: 20
LogDevObjectVersion:   Dev-Blueprints (B0D832E4-1F89-4F0D-ACCF-7EB736FD4AA2): 10
LogDevObjectVersion:   Dev-Build (E1C64328-A22C-4D53-A36C-8E866417BD8C): 0
LogDevObjectVersion:   Dev-Core (375EC13C-06E4-48FB-B500-84F0262A717E): 2
LogDevObjectVersion:   Dev-Editor (E4B068ED-F494-42E9-A231-DA0B2E46BB41): 24
LogDevObjectVersion:   Dev-Framework (CFFC743F-43B0-4480-9391-14DF171D2073): 34
LogDevObjectVersion:   Dev-Mobile (B02B49B5-BB20-44E9-A304-32B752E40360): 2
LogDevObjectVersion:   Dev-Networking (A4E4105C-59A1-49B5-A7C5-40C4547EDFEE): 0
LogDevObjectVersion:   Dev-Online (39C831C9-5AE6-47DC-9A44-9C173E1C8E7C): 0
LogDevObjectVersion:   Dev-Physics (78F01B33-EBEA-4F98-B9B4-84EACCB95AA2): 0
LogDevObjectVersion:   Dev-Platform (6631380F-2D4D-43E0-8009-CF276956A95A): 0
LogDevObjectVersion:   Dev-Rendering (12F88B9F-8875-4AFC-A67C-D90C383ABD29): 26
LogDevObjectVersion:   Dev-Sequencer (7B5AE74C-D270-4C10-A958-57980B212A5A): 9
LogDevObjectVersion:   Dev-VR (D7296918-1DD6-4BDD-9DE2-64A83CC13884): 2
LogDevObjectVersion:   Dev-LoadTimes (C2A15278-BFE7-4AFE-6C17-90FF531DF755): 1
LogDevObjectVersion:   Private-Geometry (6EACA3D4-40EC-4CC1-B786-8BED09428FC5): 3
LogDevObjectVersion:   Dev-AnimPhys (29E575DD-E0A3-4627-9D10-D276232CDCEA): 17
LogDevObjectVersion:   Dev-ReflectionCapture (6B266CEC-1EC7-4B8F-A30B-E4D90942FC07): 1
LogDevObjectVersion:   Dev-Automation (0DF73D61-A23F-47EA-B727-89E90C41499A): 1
LogDevObjectVersion:   FortniteMain (601D1886-AC64-4F84-AA16-D3DE0DEAC7D6): 12
LogDevObjectVersion:   Dev-Enterprise (9DFFBCD6-494F-0158-E221-12823C92A888): 1
LogStreaming: Display: Took  0.001s to delete old logs.
LogInit: Presizing for max 8388607 objects, including 0 objects not considered by GC, pre-allocating 0 bytes for permanent pool.
LogInit: Object subsystem initialized
[2019.08.07-01.40.36:520][  0]LogInit: Selected Device Profile: [Windows]
[2019.08.07-01.40.36:520][  0]LogInit: Applying CVar settings loaded from the selected device profile: [Windows]
[2019.08.07-01.40.36:554][  0]LogHAL: Display: Platform has ~ 16 GB [17121992704 / 17179869184 / 16], which maps to Larger [LargestMinGB=32, LargerMinGB=12, DefaultMinGB=8, SmallerMinGB=6, SmallestMinGB=0)
[2019.08.07-01.40.36:554][  0]LogInit: Setting Device Profile CVar: [[r.Vulkan.UseRealUBs:1]]
[2019.08.07-01.40.36:554][  0]LogInit: Going up to parent DeviceProfile []
[2019.08.07-01.40.36:554][  0]LogInit: Computer: AARONS-DESKTOP
[2019.08.07-01.40.36:554][  0]LogInit: User: AaronsDesktop
[2019.08.07-01.40.36:554][  0]LogInit: CPU Page size=4096, Cores=6
[2019.08.07-01.40.36:554][  0]LogInit: High frequency timer resolution =3.609376 MHz
[2019.08.07-01.40.36:555][  0]LogMemory: Memory total: Physical=15.9GB (16GB approx)
[2019.08.07-01.40.36:555][  0]LogMemory: Platform Memory Stats for Windows
[2019.08.07-01.40.36:555][  0]LogMemory: Process Physical Memory: 102.77 MB used, 102.77 MB peak
[2019.08.07-01.40.36:555][  0]LogMemory: Process Virtual Memory: 98.23 MB used, 98.23 MB peak
[2019.08.07-01.40.36:555][  0]LogMemory: Physical Memory: 6379.01 MB used,  9949.79 MB free, 16328.80 MB total
[2019.08.07-01.40.36:555][  0]LogMemory: Virtual Memory: 4669.73 MB used,  9949.79 MB free, 134217728.00 MB total
[2019.08.07-01.40.36:577][  0]LogInit: Using OS detected language (en-US).
[2019.08.07-01.40.36:577][  0]LogInit: Using OS detected locale (en-US).
[2019.08.07-01.40.36:578][  0]LogTextLocalizationManager: No specific localization for 'en-US' exists, so the 'en' localization will be used.
[2019.08.07-01.40.36:878][  0]LogStreaming: Display: Took  0.301s to InitEngineTextLocalization.
[2019.08.07-01.40.36:878][  0]LogInit: Setting process to per monitor DPI aware
[2019.08.07-01.40.36:904][  0]LogSlate: New Slate User Created.  User Index 0, Is Virtual User: 0
[2019.08.07-01.40.36:904][  0]LogSlate: Slate User Registered.  User Index 0, Is Virtual User: 0
[2019.08.07-01.40.38:554][  0]LogHMD: Failed to initialize OpenVR with code 110
[2019.08.07-01.40.38:554][  0]LogD3D11RHI: D3D11 adapters:
[2019.08.07-01.40.38:633][  0]LogD3D11RHI:    0. 'NVIDIA GeForce GTX 1060 6GB' (Feature Level 11_0)
[2019.08.07-01.40.38:634][  0]LogD3D11RHI:       6052/0/8164 MB DedicatedVideo/DedicatedSystem/SharedSystem, Outputs:2, VendorId:0x10de
[2019.08.07-01.40.38:636][  0]LogD3D11RHI:    1. 'Microsoft Basic Render Driver' (Feature Level 11_0)
[2019.08.07-01.40.38:636][  0]LogD3D11RHI:       0/0/8164 MB DedicatedVideo/DedicatedSystem/SharedSystem, Outputs:0, VendorId:0x1414
[2019.08.07-01.40.38:636][  0]LogD3D11RHI: Chosen D3D11 Adapter: 0
[2019.08.07-01.40.38:645][  0]LogD3D11RHI: Creating new Direct3DDevice
[2019.08.07-01.40.38:645][  0]LogD3D11RHI:     GPU DeviceId: 0x1c03 (for the marketing name, search the web for "GPU Device Id")
[2019.08.07-01.40.38:645][  0]LogWindows: EnumDisplayDevices:
[2019.08.07-01.40.38:645][  0]LogWindows:    0. 'NVIDIA GeForce GTX 1060 6GB' (P:1 D:1)
[2019.08.07-01.40.38:645][  0]LogWindows:    1. 'NVIDIA GeForce GTX 1060 6GB' (P:0 D:1)
[2019.08.07-01.40.38:646][  0]LogWindows:    2. 'NVIDIA GeForce GTX 1060 6GB' (P:0 D:0)
[2019.08.07-01.40.38:646][  0]LogWindows:    3. 'NVIDIA GeForce GTX 1060 6GB' (P:0 D:0)
[2019.08.07-01.40.38:646][  0]LogWindows: DebugString: FoundDriverCount:4 
[2019.08.07-01.40.38:646][  0]LogD3D11RHI:     Adapter Name: NVIDIA GeForce GTX 1060 6GB
[2019.08.07-01.40.38:646][  0]LogD3D11RHI:   Driver Version: 418.81 (internal:25.21.14.1881, unified:418.81)
[2019.08.07-01.40.38:646][  0]LogD3D11RHI:      Driver Date: 1-30-2019
[2019.08.07-01.40.38:646][  0]LogRHI: Texture pool is 4236 MB (70% of 6052 MB)
[2019.08.07-01.40.38:683][  0]LogD3D11RHI: Async texture creation enabled
[2019.08.07-01.40.38:707][  0]LogD3D11RHI: GPU Timing Frequency: 1000.000000 (Debug: 2 1)
[2019.08.07-01.40.38:811][  0]LogShaderCompilers: Guid format shader working directory is -13 characters bigger than the processId version (../../../../../Projects/IronForgedGames/Project_Tether/Project_Tether/Intermediate/Shaders/WorkingDirectory/7104/).
[2019.08.07-01.40.38:811][  0]LogShaderCompilers: Cleaned the shader compiler working directory 'C:/Users/Aaron's Desktop/AppData/Local/Temp/UnrealShaderWorkingDir/E1C9726E4359B754758666BA5BCA6F14/'.
[2019.08.07-01.40.39:140][  0]LogTemp: Display: Loaded TP AllDesktopTargetPlatform
[2019.08.07-01.40.39:151][  0]LogTemp: Display: Loaded TP MacClientTargetPlatform
[2019.08.07-01.40.39:162][  0]LogTemp: Display: Loaded TP MacNoEditorTargetPlatform
[2019.08.07-01.40.39:172][  0]LogTemp: Display: Loaded TP MacServerTargetPlatform
[2019.08.07-01.40.39:184][  0]LogTemp: Display: Loaded TP MacTargetPlatform
[2019.08.07-01.40.39:194][  0]LogTemp: Display: Loaded TP WindowsClientTargetPlatform
[2019.08.07-01.40.39:203][  0]LogTemp: Display: Loaded TP WindowsNoEditorTargetPlatform
[2019.08.07-01.40.39:213][  0]LogTemp: Display: Loaded TP WindowsServerTargetPlatform
[2019.08.07-01.40.39:217][  0]LogTemp: Display: Loaded TP WindowsTargetPlatform
[2019.08.07-01.40.39:280][  0]LogTemp: Display: Loaded TP AndroidTargetPlatform
[2019.08.07-01.40.39:280][  0]LogTemp: Display: Loaded TP AndroidTargetPlatform
[2019.08.07-01.40.39:280][  0]LogTemp: Display: Loaded TP AndroidTargetPlatform
[2019.08.07-01.40.39:280][  0]LogTemp: Display: Loaded TP AndroidTargetPlatform
[2019.08.07-01.40.39:280][  0]LogTemp: Display: Loaded TP AndroidTargetPlatform
[2019.08.07-01.40.39:280][  0]LogTemp: Display: Loaded TP AndroidTargetPlatform
[2019.08.07-01.40.39:280][  0]LogTemp: Display: Loaded TP AndroidTargetPlatform
[2019.08.07-01.40.39:280][  0]LogTemp: Display: Loaded TP AndroidTargetPlatform
[2019.08.07-01.40.39:280][  0]LogTemp: Display: Loaded TP AndroidTargetPlatform
[2019.08.07-01.40.39:280][  0]LogTemp: Display: Loaded TP AndroidTargetPlatform
[2019.08.07-01.40.39:280][  0]LogTemp: Display: Loaded TP AndroidTargetPlatform
[2019.08.07-01.40.39:280][  0]LogTemp: Display: Loaded TP AndroidTargetPlatform
[2019.08.07-01.40.39:280][  0]LogTemp: Display: Loaded TP AndroidTargetPlatform
[2019.08.07-01.40.39:280][  0]LogTemp: Display: Loaded TP AndroidTargetPlatform
[2019.08.07-01.40.39:280][  0]LogTemp: Display: Loaded TP AndroidTargetPlatform
[2019.08.07-01.40.39:280][  0]LogTemp: Display: Loaded TP AndroidTargetPlatform
[2019.08.07-01.40.39:280][  0]LogTemp: Display: Loaded TP AndroidTargetPlatform
[2019.08.07-01.40.39:280][  0]LogTemp: Display: Loaded TP AndroidTargetPlatform
[2019.08.07-01.40.39:281][  0]LogTemp: Display: Loaded TP HTML5TargetPlatform
[2019.08.07-01.40.39:344][  0]LogTemp: Display: Loaded TP IOSTargetPlatform
[2019.08.07-01.40.39:344][  0]LogTemp: Display: Loaded TP IOSTargetPlatform
[2019.08.07-01.40.39:379][  0]LogTemp: Display: Loaded TP TVOSTargetPlatform
[2019.08.07-01.40.39:379][  0]LogTemp: Display: Loaded TP TVOSTargetPlatform
[2019.08.07-01.40.39:391][  0]LogTemp: Display: Loaded TP LinuxClientTargetPlatform
[2019.08.07-01.40.39:402][  0]LogTemp: Display: Loaded TP LinuxNoEditorTargetPlatform
[2019.08.07-01.40.39:412][  0]LogTemp: Display: Loaded TP LinuxServerTargetPlatform
[2019.08.07-01.40.39:426][  0]LogTemp: Display: Loaded TP LinuxTargetPlatform
[2019.08.07-01.40.39:432][  0]LogTemp: Display: Loaded TP LuminTargetPlatform
[2019.08.07-01.40.39:432][  0]LogTargetPlatformManager: Display: Building Assets For Windows
[2019.08.07-01.40.39:465][  0]LogXGEController: Cleaning working directory: C:/Users/Aaron's Desktop/AppData/Local/Temp/UnrealXGEWorkingDir/
[2019.08.07-01.40.39:465][  0]LogXGEController: Cannot use XGE Controller as Incredibuild is not installed on this machine.
[2019.08.07-01.40.39:465][  0]LogShaderCompilers: Cannot use XGE Shader Compiler as Incredibuild is not installed on this machine.
[2019.08.07-01.40.39:465][  0]LogShaderCompilers: Display: Using Local Shader Compiler.
[2019.08.07-01.40.40:706][  0]LogDerivedDataCache: Display: Max Cache Size: 512 MB
[2019.08.07-01.40.40:756][  0]LogDerivedDataCache: Loaded boot cache 0.05s 71MB C:/Users/Aaron's Desktop/AppData/Local/UnrealEngine/4.20/DerivedDataCache/Boot.ddc.
[2019.08.07-01.40.40:756][  0]LogDerivedDataCache: Display: Loaded Boot cache: C:/Users/Aaron's Desktop/AppData/Local/UnrealEngine/4.20/DerivedDataCache/Boot.ddc
[2019.08.07-01.40.40:757][  0]LogDerivedDataCache: FDerivedDataBackendGraph:  Pak pak cache file ../../../../../Projects/IronForgedGames/Project_Tether/Project_Tether/DerivedDataCache/DDC.ddp not found, will not use a pak cache.
[2019.08.07-01.40.40:757][  0]LogDerivedDataCache: Unable to find inner node Pak for hierarchical cache Hierarchy.
[2019.08.07-01.40.40:757][  0]LogDerivedDataCache: FDerivedDataBackendGraph:  CompressedPak pak cache file ../../../../../Projects/IronForgedGames/Project_Tether/Project_Tether/DerivedDataCache/Compressed.ddp not found, will not use a pak cache.
[2019.08.07-01.40.40:757][  0]LogDerivedDataCache: Unable to find inner node CompressedPak for hierarchical cache Hierarchy.
[2019.08.07-01.40.40:772][  0]LogDerivedDataCache: Display: Pak cache opened for reading ../../../Engine/DerivedDataCache/Compressed.ddp.
[2019.08.07-01.40.40:784][  0]LogDerivedDataCache: Using Local data cache path C:/Users/Aaron's Desktop/AppData/Local/UnrealEngine/Common/DerivedDataCache: Writable
[2019.08.07-01.40.40:784][  0]LogDerivedDataCache: Shared data cache path not found in *engine.ini, will not use an Shared cache.
[2019.08.07-01.40.40:784][  0]LogDerivedDataCache: Unable to find inner node Shared for hierarchical cache Hierarchy.
[2019.08.07-01.40.40:798][  0]LogMaterial: Verifying Global Shaders for PCD3D_SM5
[2019.08.07-01.40.40:799][  0]LogSlate: Using FreeType 2.6.0
[2019.08.07-01.40.40:800][  0]LogSlate: SlateFontServices - WITH_FREETYPE: 1, WITH_HARFBUZZ: 1
[2019.08.07-01.40.40:883][  0]LogAssetRegistry: FAssetRegistry took 0.0276 seconds to start up
[2019.08.07-01.40.41:114][  0]LogInit: Selected Device Profile: [Windows]
[2019.08.07-01.40.41:261][  0]LogSimplygon: Simplygon DLL not present - disabling.
[2019.08.07-01.40.41:263][  0]LogMeshReduction: Using SimplygonSwarm for distributed automatic mesh merging
[2019.08.07-01.40.41:263][  0]LogMeshReduction: Using ProxyLODMeshReduction for automatic mesh merging
[2019.08.07-01.40.41:263][  0]LogMeshReduction: Using QuadricMeshReduction for automatic static mesh reduction
[2019.08.07-01.40.41:263][  0]LogMeshReduction: No automatic skeletal mesh reduction module available
[2019.08.07-01.40.41:289][  0]LogNetVersion: Project_Tether 1.0.0, NetCL: 4212847, EngineNetVer: 5, GameNetVer: 0 (Checksum: 2290113244)
[2019.08.07-01.40.42:054][  0]LogPackageLocalizationCache: Processed 11 localized package path(s) for 2 prioritized culture(s) in 0.090023 seconds
[2019.08.07-01.40.42:059][  0]LogUObjectArray: 38425 objects as part of root set at end of initial load.
[2019.08.07-01.40.42:059][  0]LogUObjectAllocator: 6690872 out of 0 bytes used by permanent object pool.
[2019.08.07-01.40.42:059][  0]LogUObjectArray: CloseDisregardForGC: 0/0 objects in disregard for GC pool
[2019.08.07-01.40.43:815][  0]LogTcpMessaging: Initializing TcpMessaging bridge
[2019.08.07-01.40.43:827][  0]LogUdpMessaging: Initializing bridge on interface 0.0.0.0:0 to multicast group 230.0.0.1:6666.
[2019.08.07-01.40.43:956][  0]LogLinker: Warning: Can't find file '/Game/ThirdPersonCPP/Blueprints/ThirdPersonCharacter'
[2019.08.07-01.40.43:956][  0]LogLinker: Warning: Can't find file '/Game/ThirdPersonCPP/Blueprints/ThirdPersonCharacter'
[2019.08.07-01.40.43:956][  0]LogUObjectGlobals: Warning: Failed to find object 'Class /Game/ThirdPersonCPP/Blueprints/ThirdPersonCharacter.ThirdPersonCharacter_C'
[2019.08.07-01.40.43:957][  0]Error: CDO Constructor (Project_TetherGameMode): Failed to find /Game/ThirdPersonCPP/Blueprints/ThirdPersonCharacter.ThirdPersonCharacter_C

[2019.08.07-01.40.43:957][  0]LogUObjectBase: Warning: -------------- Default Property warnings and errors:
[2019.08.07-01.40.43:957][  0]LogUObjectBase: Warning: Error: CDO Constructor (Project_TetherGameMode): Failed to find /Game/ThirdPersonCPP/Blueprints/ThirdPersonCharacter.ThirdPersonCharacter_C

[2019.08.07-01.40.58:017][  0]LogWindowsTextInputMethodSystem: Display: IME system now deactivated.
[2019.08.07-01.40.58:067][  0]SourceControl: Source control is disabled
[2019.08.07-01.40.58:067][  0]SourceControl: Source control is disabled
[2019.08.07-01.40.58:068][  0]SourceControl: Source control is disabled
[2019.08.07-01.40.58:068][  0]SourceControl: Source control is disabled
[2019.08.07-01.40.58:224][  0]LogAndroidPermission: UAndroidPermissionCallbackProxy::GetInstance
[2019.08.07-01.40.58:301][  0]LogOcInput: OculusInput pre-init called
[2019.08.07-01.40.58:366][  0]LogEngine: Initializing Engine...
[2019.08.07-01.40.58:367][  0]LogHMD: Failed to initialize OpenVR with code 110
[2019.08.07-01.40.58:368][  0]LogStats: UGameplayTagsManager::ConstructGameplayTagTree: ImportINI prefixes -  0.000 s
[2019.08.07-01.40.58:368][  0]LogStats: UGameplayTagsManager::ConstructGameplayTagTree: Construct from data asset -  0.000 s
[2019.08.07-01.40.58:368][  0]LogStats: UGameplayTagsManager::ConstructGameplayTagTree: ImportINI -  0.000 s
[2019.08.07-01.40.58:368][  0]LogStats: UGameplayTagsManager::ConstructGameplayTagTree: GameplayTagTreeChangedEvent.Broadcast -  0.000 s
[2019.08.07-01.40.58:628][  0]LogInit: Initializing FReadOnlyCVARCache
[2019.08.07-01.40.58:634][  0]LogAIModule: Creating AISystem for world Untitled
[2019.08.07-01.40.58:653][  0]LogInit: XAudio2 using 'G257HL (NVIDIA High Definition Audio)' : 2 channels at 48 kHz using 16 bits per sample (channel mask 0x3)
[2019.08.07-01.40.58:763][  0]LogInit: FAudioDevice initialized.
[2019.08.07-01.40.58:764][  0]LogNetVersion: Set ProjectVersion to 1.0.0.0. Version Checksum will be recalculated on next use.
[2019.08.07-01.40.58:825][  0]LogDerivedDataCache: Saved boot cache 0.06s 71MB C:/Users/Aaron's Desktop/AppData/Local/UnrealEngine/4.20/DerivedDataCache/Boot.ddc.
[2019.08.07-01.40.58:838][  0]LogInit: Texture streaming: Enabled
[2019.08.07-01.40.58:849][  0]LogEngineSessionManager: EngineSessionManager initialized
[2019.08.07-01.40.58:849][  0]LogEngineSessionManager: EngineSessionManager sent abnormal shutdown report. Type=Crashed, SessionId={6304E87E-4169-5001-8983-7685AC63EFBE}
[2019.08.07-01.40.58:858][  0]LogInit: Transaction tracking system initialized
[2019.08.07-01.40.58:871][  0]BlueprintLog: New page: Editor Load
[2019.08.07-01.40.58:911][  0]LocalizationService: Localization service is disabled
[2019.08.07-01.40.59:269][  0]LogCook: Display: Max memory allowance for cook 16384mb min free memory 0mb
[2019.08.07-01.40.59:269][  0]LogCook: Display: Mobile HDR setting 1
[2019.08.07-01.40.59:269][  0]LogGameplayTags: Display: UGameplayTagsManager::DoneAddingNativeTags. DelegateIsBound: 0
[2019.08.07-01.40.59:269][  0]LogStats: UGameplayTagsManager::ConstructGameplayTagTree: ImportINI prefixes -  0.000 s
[2019.08.07-01.40.59:269][  0]LogStats: UGameplayTagsManager::ConstructGameplayTagTree: Construct from data asset -  0.000 s
[2019.08.07-01.40.59:270][  0]LogStats: UGameplayTagsManager::ConstructGameplayTagTree: ImportINI -  0.000 s
[2019.08.07-01.40.59:270][  0]LogStats: UGameplayTagsManager::ConstructGameplayTagTree: GameplayTagTreeChangedEvent.Broadcast -  0.000 s
[2019.08.07-01.40.59:405][  0]LogFileCache: Scanning file cache for directory 'E:/Projects/IronForgedGames/Project_Tether/Project_Tether/Content/' took 0.02s
[2019.08.07-01.40.59:405][  0]SourceControl: Source control is disabled
[2019.08.07-01.40.59:405][  0]LightingResults: New page: Lighting Build
[2019.08.07-01.40.59:407][  0]MapCheck: New page: Map Check
[2019.08.07-01.40.59:407][  0]LightingResults: New page: Lighting Build
[2019.08.07-01.41.00:196][  0]LogAIModule: Creating AISystem for world ThirdPersonExampleMap
[2019.08.07-01.41.00:207][  0]LogMaterial: Warning: Material /Game/IronForgedGames/Implementation/Testing/Materials/Gold.Gold needed to have new flag set bUsedWithSkeletalMesh !
[2019.08.07-01.41.00:209][  0]LogMaterial: Display: Missing cached shader map for material Gold, compiling. 
[2019.08.07-01.41.00:259][  0]MapCheck: Warning: Gold Material /Game/IronForgedGames/Implementation/Testing/Materials/Gold.Gold was missing the usage flag bUsedWithSkeletalMesh. If the material asset is not re-saved, it may not render correctly when run outside the editor. Fix
[2019.08.07-01.41.00:273][  0]LogShaderCompilers: Display: Shaders left to compile 60
[2019.08.07-01.41.00:273][  0]LogShaderCompilers: Display: Shaders left to compile 50
[2019.08.07-01.41.00:273][  0]LogShaderCompilers: Display: Shaders left to compile 40
[2019.08.07-01.41.00:273][  0]LogShaderCompilers: Display: Shaders left to compile 30
[2019.08.07-01.41.00:273][  0]LogShaderCompilers: Display: Shaders left to compile 20
[2019.08.07-01.41.00:273][  0]LogShaderCompilers: Display: Shaders left to compile 10
[2019.08.07-01.41.00:273][  0]LogEditorServer: Finished looking for orphan Actors (0.000 secs)
[2019.08.07-01.41.00:296][  0]Cmd: MAP CHECKDEP NOCLEARLOG
[2019.08.07-01.41.00:342][  0]MapCheck: Map check complete: 0 Error(s), 1 Warning(s), took 45.973ms to complete.
[2019.08.07-01.41.00:359][  0]LogFileHelpers: Loading map 'ThirdPersonExampleMap' took 0.954
[2019.08.07-01.41.00:431][  0]LogWindowsTextInputMethodSystem: Display: IME system now deactivated.
[2019.08.07-01.41.00:468][  0]LogSlate: Updating window title bar state: overlay mode, drag disabled, window buttons hidden, title bar hidden
[2019.08.07-01.41.00:474][  0]LogCollectionManager: Loaded 0 collections in 0.000671 seconds
[2019.08.07-01.41.00:515][  0]LogFileCache: Scanning file cache for directory 'E:/Projects/IronForgedGames/Project_Tether/Project_Tether/Saved/Collections/' took 0.01s
[2019.08.07-01.41.00:515][  0]LogFileCache: Scanning file cache for directory 'E:/Projects/IronForgedGames/Project_Tether/Project_Tether/Content/Developers/AaronsDesktop/Collections/' took 0.01s
[2019.08.07-01.41.00:515][  0]LogFileCache: Scanning file cache for directory 'E:/Projects/IronForgedGames/Project_Tether/Project_Tether/Content/Collections/' took 0.01s
[2019.08.07-01.41.00:515][  0]LogCollectionManager: Rebuilt the GUID cache for 0 collections in 0.000000 seconds
[2019.08.07-01.41.00:523][  0]LogContentBrowser: Native class hierarchy populated in 0.0076 seconds. Added 2605 classes and 621 folders.
[2019.08.07-01.41.00:527][  0]LogContentBrowser: Native class hierarchy updated for 'WidgetCarousel' in 0.0003 seconds. Added 0 classes and 0 folders.
[2019.08.07-01.41.00:727][  0]LogContentBrowser: Native class hierarchy updated for 'AddContentDialog' in 0.0004 seconds. Added 0 classes and 0 folders.
[2019.08.07-01.41.00:731][  0]LogContentBrowser: Native class hierarchy updated for 'SceneOutliner' in 0.0003 seconds. Added 1 classes and 2 folders.
[2019.08.07-01.41.01:817][  0]LogSlate: Only BGRA pngs, bmps or icos are supported in by External Image Picker
[2019.08.07-01.41.01:854][  0]LogSlate: Took 0.000198 seconds to synchronously load lazily loaded font '../../../Engine/Content/Slate/Fonts/Roboto-Regular.ttf' (155K)
[2019.08.07-01.41.01:856][  0]LogSlate: Took 0.000183 seconds to synchronously load lazily loaded font '../../../Engine/Content/Slate/Fonts/Roboto-Bold.ttf' (160K)
[2019.08.07-01.41.01:868][  0]LogSlate: Took 0.005273 seconds to synchronously load lazily loaded font '../../../Engine/Content/Editor/Slate/Fonts/FontAwesome.ttf' (139K)
[2019.08.07-01.41.01:877][  0]LogTemp: Executing iPhonePackager certificates Engine -bundlename com.YourCompany.ProjectTether
[2019.08.07-01.41.01:877][  0]LogTemp: CWD: E:\Epic Games Games\UE_4.20\Engine\Binaries\DotNET\IOS
[2019.08.07-01.41.01:877][  0]LogTemp: Initial Dir: E:\Epic Games Games\UE_4.20
[2019.08.07-01.41.01:877][  0]LogTemp: Env CWD: E:\Epic Games Games\UE_4.20\Engine\Binaries\DotNET\IOS
[2019.08.07-01.41.01:877][  0]LogTemp: BranchPath = AARONS-DESKTOP/E/Epic Games Games/UE_4.20/Engine/Binaries --- GameBranchPath = AARONS-DESKTOP/E/Epic Games Games/UE_4.20/Engine/Binaries
[2019.08.07-01.41.01:877][  0]LogSlate: Took 0.005968 seconds to synchronously load lazily loaded font '../../../Engine/Content/Slate/Fonts/DroidSansMono.ttf' (77K)
[2019.08.07-01.41.02:053][  0]LogRenderer: Reallocating scene render targets to support 1164x568 Format 10 NumSamples 1 (Frame:1).
[2019.08.07-01.41.02:198][  0]LogContentBrowser: Native class hierarchy updated for 'HierarchicalLODOutliner' in 0.0006 seconds. Added 0 classes and 0 folders.
[2019.08.07-01.41.02:198][  0]LogLoad: (Engine Initialization) Total time: 27.34 seconds
[2019.08.07-01.41.02:198][  0]LogLoad: (Engine Initialization) Total Blueprint compile time: 0.00 seconds
[2019.08.07-01.41.02:235][  0]LogContentStreaming: Texture pool size now 1000 MB
[2019.08.07-01.41.02:286][  0]LogSlate: Took 0.005451 seconds to synchronously load lazily loaded font '../../../Engine/Content/Slate/Fonts/Roboto-Light.ttf' (167K)
[2019.08.07-01.41.02:303][  1]LogBlueprintUserMessages: [TopDownAnim_BP_C_0] Pawn does not have AnimBP hook
[2019.08.07-01.41.02:397][  2]LogAssetRegistry: Asset discovery search completed in 21.5379 seconds
[2019.08.07-01.41.02:401][  2]LogCollectionManager: Rebuilt the object cache for 0 collections in 0.000001 seconds (found 0 objects)
[2019.08.07-01.41.02:401][  2]LogCollectionManager: Fixed up redirectors for 0 collections in 0.000260 seconds (updated 0 objects)
[2019.08.07-01.41.03:727][146]LogSlate: FSceneViewport::OnFocusLost() reason 0
[2019.08.07-01.41.05:499][357]LogTemp: IPP ERROR: Could not find provision directory 'C:\Users\Aaron's Desktop\AppData\Local/Apple Computer/MobileDevice/Provisioning Profiles/'.
[2019.08.07-01.41.06:052][421]Candidate modules for hot reload:
[2019.08.07-01.41.06:052][421]  Project_Tether
[2019.08.07-01.41.06:052][421]Launching UnrealBuildTool... [E:/Epic Games Games/UE_4.20/Engine/Binaries/DotNET/UnrealBuildTool.exe  -ModuleWithSuffix=Project_Tether,3328 Win64 Development -TargetType=Editor -Project="../../../../../Projects/IronForgedGames/Project_Tether/Project_Tether/Project_Tether.uproject" -canskiplink "E:/Projects/IronForgedGames/Project_Tether/Project_Tether/Project_Tether.uproject" ]
[2019.08.07-01.41.06:054][421]Warning: Starting HotReload took  0.0s.
[2019.08.07-01.41.07:814][626]LogAssetEditorManager: Opening Asset editor for Blueprint /Game/IronForgedGames/Implementation/Gameplay/CharactersBP/PlayerCharacters/Base/TopDownCharacter_BP.TopDownCharacter_BP
[2019.08.07-01.41.08:250][626]LogContentBrowser: Native class hierarchy updated for 'BlueprintGraph' in 0.0006 seconds. Added 116 classes and 0 folders.
[2019.08.07-01.41.08:951][626]LogAssetEditorManager: Opening Asset editor for AnimBlueprint /Game/IronForgedGames/Implementation/Gameplay/CharactersBP/PlayerCharacters/Animation/TopDownAnim_BP.TopDownAnim_BP
[2019.08.07-01.41.08:961][626]LogContentBrowser: Native class hierarchy updated for 'SkeletonEditor' in 0.0003 seconds. Added 1 classes and 2 folders.
[2019.08.07-01.41.09:133][626]LogActorComponent: RegisterComponentWithWorld: (/Engine/Transient.World_4:PersistentLevel.AnimationEditorPreviewActor_0.DebugSkelMeshComponent_0) Already registered. Aborting.
[2019.08.07-01.41.09:135][626]LogContentBrowser: Native class hierarchy updated for 'PinnedCommandList' in 0.0003 seconds. Added 1 classes and 0 folders.
[2019.08.07-01.41.09:367][626]LogSkeletalMesh: USkeletalMeshComponent::InitArticulated : Bodies already created (/Engine/Transient.World_4:PersistentLevel.AnimationEditorPreviewActor_0.DebugSkelMeshComponent_0) - call TermArticulated first.
[2019.08.07-01.41.09:581][626]LogBlueprintUserMessages: [TopDownAnim_BP_C_0] Pawn does not have AnimBP hook
[2019.08.07-01.41.09:605][626]LogSlate: Took 0.002873 seconds to synchronously load lazily loaded font '../../../Engine/Content/Slate/Fonts/Roboto-BoldCondensed.ttf' (158K)
[2019.08.07-01.41.09:655][626]LogContentBrowser: Native class hierarchy updated for 'ClothingSystemEditorInterface' in 0.0004 seconds. Added 1 classes and 0 folders.
[2019.08.07-01.41.09:738][627]LogSlate: Took 0.000136 seconds to synchronously load lazily loaded font '../../../Engine/Content/Slate/Fonts/Roboto-Italic.ttf' (157K)
[2019.08.07-01.41.13:682][918]LogSlate: Window 'TopDownAnim_BP' being destroyed
[2019.08.07-01.41.16:465][251]CompilerResultsLog: New page: Compilation - Aug 6, 2019, 4:41:16 PM
[2019.08.07-01.41.16:466][251]CompilerResultsLog: Using 'git status' to determine working set for adaptive non-unity build.
[2019.08.07-01.41.16:466][251]CompilerResultsLog: Creating makefile for hot reloading Project_TetherEditor (working set of source files changed)
[2019.08.07-01.41.16:466][251]CompilerResultsLog: Compiling game modules for hot reload
[2019.08.07-01.41.16:466][251]CompilerResultsLog: Using Visual Studio 2017 14.16.27023 toolchain (C:\Program Files (x86)\Microsoft Visual Studio\2017\Community\VC\Tools\MSVC\14.16.27023) and Windows 10.0.17763.0 SDK (C:\Program Files (x86)\Windows Kits\10).
[2019.08.07-01.41.16:466][251]CompilerResultsLog: [Adaptive unity build] Disabling PCH for excluded files. Set bAdaptiveUnityDisablesPCH to false in BuildConfiguration.xml to change this behavior.
[2019.08.07-01.41.16:466][251]CompilerResultsLog: [Adaptive unity build] Excluded from Project_Tether unity file: PlayerComboComponent.cpp
[2019.08.07-01.41.16:467][251]CompilerResultsLog: Building 4 actions with 12 processes...
[2019.08.07-01.41.16:467][251]CompilerResultsLog:   [1/4] Module.Project_Tether.cpp
[2019.08.07-01.41.16:467][251]CompilerResultsLog:   [2/4] PlayerComboComponent.cpp
[2019.08.07-01.41.16:467][251]CompilerResultsLog:    E:\Projects\IronForgedGames\Project_Tether\Project_Tether\Source\Project_Tether\Public\Implementation\Gameplay\PlayerController\Components\PlayerComboComponent.h(24) : error C2143: syntax error: missing ';' before '*'
[2019.08.07-01.41.16:468][251]CompilerResultsLog:    E:\Projects\IronForgedGames\Project_Tether\Project_Tether\Source\Project_Tether\Public\Implementation\Gameplay\PlayerController\Components\PlayerComboComponent.h(24) : error C4430: missing type specifier - int assumed. Note: C++ does not support default-int
[2019.08.07-01.41.16:468][251]CompilerResultsLog:    E:\Projects\IronForgedGames\Project_Tether\Project_Tether\Source\Project_Tether\Public\Implementation\Gameplay\PlayerController\Components\PlayerComboComponent.h(24) : error C2238: unexpected token(s) preceding ';'
[2019.08.07-01.41.16:468][251]CompilerResultsLog:    E:\Projects\IronForgedGames\Project_Tether\Project_Tether\Source\Project_Tether\Private\Implementation\Gameplay\PlayerController\Components\PlayerComboComponent.cpp(16) : error C2065: 'owner': undeclared identifier
[2019.08.07-01.41.16:469][251]CompilerResultsLog:    E:\Projects\IronForgedGames\Project_Tether\Project_Tether\Source\Project_Tether\Private\Implementation\Gameplay\PlayerController\Components\PlayerComboComponent.cpp(17) : error C2065: 'owner': undeclared identifier
[2019.08.07-01.41.16:469][251]CompilerResultsLog:    E:\Projects\IronForgedGames\Project_Tether\Project_Tether\Source\Project_Tether\Private\Implementation\Gameplay\PlayerController\Components\PlayerComboComponent.cpp(19) : error C2065: 'owner': undeclared identifier
[2019.08.07-01.41.16:469][251]CompilerResultsLog: ERROR: UBT ERROR: Failed to produce item: E:\Projects\IronForgedGames\Project_Tether\Project_Tether\Binaries\Win64\UE4Editor-Project_Tether-3328.dll
[2019.08.07-01.41.16:470][251]CompilerResultsLog:        (see ../Programs/UnrealBuildTool/Log.txt for full exception trace)
[2019.08.07-01.41.16:470][251]CompilerResultsLog: Total build time: 10.21 seconds (Parallel executor: 0.00 seconds)
[2019.08.07-01.41.16:470][251]LogMainFrame: MainFrame: Module compiling took 10.425 seconds
[2019.08.07-01.41.16:470][251]Warning: HotReload failed, recompile failed
[2019.08.07-01.41.41:695][618]Candidate modules for hot reload:
[2019.08.07-01.41.41:695][618]  Project_Tether
[2019.08.07-01.41.41:696][618]Launching UnrealBuildTool... [E:/Epic Games Games/UE_4.20/Engine/Binaries/DotNET/UnrealBuildTool.exe  -ModuleWithSuffix=Project_Tether,7532 Win64 Development -TargetType=Editor -Project="../../../../../Projects/IronForgedGames/Project_Tether/Project_Tether/Project_Tether.uproject" -canskiplink "E:/Projects/IronForgedGames/Project_Tether/Project_Tether/Project_Tether.uproject" ]
[2019.08.07-01.41.41:697][618]Warning: Starting HotReload took  0.0s.
[2019.08.07-01.41.57:120][803]CompilerResultsLog: New page: Compilation - Aug 6, 2019, 4:41:57 PM
[2019.08.07-01.41.57:121][803]CompilerResultsLog: Using 'git status' to determine working set for adaptive non-unity build.
[2019.08.07-01.41.57:121][803]CompilerResultsLog: Compiling game modules for hot reload
[2019.08.07-01.41.57:121][803]CompilerResultsLog: Parsing headers for Project_TetherEditor
[2019.08.07-01.41.57:121][803]CompilerResultsLog:   Running UnrealHeaderTool "E:\Projects\IronForgedGames\Project_Tether\Project_Tether\Project_Tether.uproject" "E:\Projects\IronForgedGames\Project_Tether\Project_Tether\Intermediate\Build\Win64\Project_TetherEditor\Development\Project_TetherEditor.uhtmanifest" -LogCmds="loginit warning, logexit warning, logdatabase error" -Unattended -WarningsAsErrors -installed
[2019.08.07-01.41.57:121][803]CompilerResultsLog: Reflection code generated for Project_TetherEditor in 8.267854 seconds
[2019.08.07-01.41.57:122][803]CompilerResultsLog: Building 4 actions with 12 processes...
[2019.08.07-01.41.57:122][803]CompilerResultsLog:   [1/4] Module.Project_Tether.gen.cpp
[2019.08.07-01.41.57:122][803]CompilerResultsLog:   [2/4] PlayerComboComponent.cpp
[2019.08.07-01.41.57:122][803]CompilerResultsLog:    E:\Projects\IronForgedGames\Project_Tether\Project_Tether\Source\Project_Tether\Public\Implementation\Gameplay\PlayerController\Components\PlayerComboComponent.h(24) : error C2143: syntax error: missing ';' before '*'
[2019.08.07-01.41.57:122][803]CompilerResultsLog:    E:\Projects\IronForgedGames\Project_Tether\Project_Tether\Source\Project_Tether\Public\Implementation\Gameplay\PlayerController\Components\PlayerComboComponent.h(24) : error C4430: missing type specifier - int assumed. Note: C++ does not support default-int
[2019.08.07-01.41.57:122][803]CompilerResultsLog:    E:\Projects\IronForgedGames\Project_Tether\Project_Tether\Source\Project_Tether\Public\Implementation\Gameplay\PlayerController\Components\PlayerComboComponent.h(24) : error C2238: unexpected token(s) preceding ';'
[2019.08.07-01.41.57:122][803]CompilerResultsLog:    E:\Projects\IronForgedGames\Project_Tether\Project_Tether\Source\Project_Tether\Private\Implementation\Gameplay\PlayerController\Components\PlayerComboComponent.cpp(16) : error C2065: 'owner': undeclared identifier
[2019.08.07-01.41.57:122][803]CompilerResultsLog:    E:\Projects\IronForgedGames\Project_Tether\Project_Tether\Source\Project_Tether\Private\Implementation\Gameplay\PlayerController\Components\PlayerComboComponent.cpp(17) : error C2065: 'owner': undeclared identifier
[2019.08.07-01.41.57:123][803]CompilerResultsLog:    E:\Projects\IronForgedGames\Project_Tether\Project_Tether\Source\Project_Tether\Private\Implementation\Gameplay\PlayerController\Components\PlayerComboComponent.cpp(19) : error C2065: 'owner': undeclared identifier
[2019.08.07-01.41.57:123][803]CompilerResultsLog: ERROR: UBT ERROR: Failed to produce item: E:\Projects\IronForgedGames\Project_Tether\Project_Tether\Binaries\Win64\UE4Editor-Project_Tether-7532.dll
[2019.08.07-01.41.57:123][803]CompilerResultsLog:        (see ../Programs/UnrealBuildTool/Log.txt for full exception trace)
[2019.08.07-01.41.57:124][803]CompilerResultsLog: Total build time: 14.95 seconds (Parallel executor: 0.00 seconds)
[2019.08.07-01.41.57:124][803]LogMainFrame: MainFrame: Module compiling took 15.435 seconds
[2019.08.07-01.41.57:124][803]Warning: HotReload failed, recompile failed
[2019.08.07-01.42.43:080][137]Candidate modules for hot reload:
[2019.08.07-01.42.43:080][137]  Project_Tether
[2019.08.07-01.42.43:081][137]Launching UnrealBuildTool... [E:/Epic Games Games/UE_4.20/Engine/Binaries/DotNET/UnrealBuildTool.exe  -ModuleWithSuffix=Project_Tether,2865 Win64 Development -TargetType=Editor -Project="../../../../../Projects/IronForgedGames/Project_Tether/Project_Tether/Project_Tether.uproject" -canskiplink "E:/Projects/IronForgedGames/Project_Tether/Project_Tether/Project_Tether.uproject" ]
[2019.08.07-01.42.43:083][137]Warning: Starting HotReload took  0.0s.
[2019.08.07-01.42.57:914][916]CompilerResultsLog: New page: Compilation - Aug 6, 2019, 4:42:57 PM
[2019.08.07-01.42.57:915][916]CompilerResultsLog: Using 'git status' to determine working set for adaptive non-unity build.
[2019.08.07-01.42.57:915][916]CompilerResultsLog: Compiling game modules for hot reload
[2019.08.07-01.42.57:915][916]CompilerResultsLog: Parsing headers for Project_TetherEditor
[2019.08.07-01.42.57:915][916]CompilerResultsLog:   Running UnrealHeaderTool "E:\Projects\IronForgedGames\Project_Tether\Project_Tether\Project_Tether.uproject" "E:\Projects\IronForgedGames\Project_Tether\Project_Tether\Intermediate\Build\Win64\Project_TetherEditor\Development\Project_TetherEditor.uhtmanifest" -LogCmds="loginit warning, logexit warning, logdatabase error" -Unattended -WarningsAsErrors -installed
[2019.08.07-01.42.57:915][916]CompilerResultsLog: Reflection code generated for Project_TetherEditor in 7.8993773 seconds
[2019.08.07-01.42.57:915][916]CompilerResultsLog: Building 4 actions with 12 processes...
[2019.08.07-01.42.57:915][916]CompilerResultsLog:   [1/4] Module.Project_Tether.gen.cpp
[2019.08.07-01.42.57:915][916]CompilerResultsLog:   [2/4] PlayerComboComponent.cpp
[2019.08.07-01.42.57:915][916]CompilerResultsLog:    E:\Projects\IronForgedGames\Project_Tether\Project_Tether\Source\Project_Tether\Public\Implementation\Gameplay\PlayerController\Components\PlayerComboComponent.h(24) : error C2143: syntax error: missing ';' before '*'
[2019.08.07-01.42.57:915][916]CompilerResultsLog:    E:\Projects\IronForgedGames\Project_Tether\Project_Tether\Source\Project_Tether\Public\Implementation\Gameplay\PlayerController\Components\PlayerComboComponent.h(24) : error C4430: missing type specifier - int assumed. Note: C++ does not support default-int
[2019.08.07-01.42.57:915][916]CompilerResultsLog:    E:\Projects\IronForgedGames\Project_Tether\Project_Tether\Source\Project_Tether\Public\Implementation\Gameplay\PlayerController\Components\PlayerComboComponent.h(24) : error C2238: unexpected token(s) preceding ';'
[2019.08.07-01.42.57:915][916]CompilerResultsLog:    E:\Projects\IronForgedGames\Project_Tether\Project_Tether\Source\Project_Tether\Private\Implementation\Gameplay\PlayerController\Components\PlayerComboComponent.cpp(16) : error C2065: 'owner': undeclared identifier
[2019.08.07-01.42.57:915][916]CompilerResultsLog:    E:\Projects\IronForgedGames\Project_Tether\Project_Tether\Source\Project_Tether\Private\Implementation\Gameplay\PlayerController\Components\PlayerComboComponent.cpp(17) : error C2065: 'owner': undeclared identifier
[2019.08.07-01.42.57:915][916]CompilerResultsLog:    E:\Projects\IronForgedGames\Project_Tether\Project_Tether\Source\Project_Tether\Private\Implementation\Gameplay\PlayerController\Components\PlayerComboComponent.cpp(19) : error C2065: 'owner': undeclared identifier
[2019.08.07-01.42.57:915][916]CompilerResultsLog: ERROR: UBT ERROR: Failed to produce item: E:\Projects\IronForgedGames\Project_Tether\Project_Tether\Binaries\Win64\UE4Editor-Project_Tether-2865.dll
[2019.08.07-01.42.57:915][916]CompilerResultsLog:        (see ../Programs/UnrealBuildTool/Log.txt for full exception trace)
[2019.08.07-01.42.57:915][916]CompilerResultsLog: Total build time: 14.63 seconds (Parallel executor: 0.00 seconds)
[2019.08.07-01.42.57:915][916]LogMainFrame: MainFrame: Module compiling took 14.841 seconds
[2019.08.07-01.42.57:915][916]Warning: HotReload failed, recompile failed
[2019.08.07-01.43.04:571][654]LogSlate: Window 'Project_Tether - Unreal Editor' being destroyed
[2019.08.07-01.43.04:572][654]LogWindowsTextInputMethodSystem: Display: IME system now deactivated.
[2019.08.07-01.43.04:679][655]Cmd: QUIT_EDITOR
[2019.08.07-01.43.04:722][655]LogExit: Preparing to exit.
[2019.08.07-01.43.04:945][655]LogExit: Editor shut down
[2019.08.07-01.43.04:945][655]LogExit: Transaction tracking system shut down
[2019.08.07-01.43.05:794][655]LogExit: Object subsystem successfully closed.
[2019.08.07-01.43.05:812][655]LogShaderCompilers: Display: Shaders left to compile 0
[2019.08.07-01.43.05:818][655]LogD3D11RHI: Shutdown
[2019.08.07-01.43.05:819][655]LogD3D11RHI: CleanupD3DDevice
[2019.08.07-01.43.05:820][655]LogD3D11RHI: ~FD3D11DynamicRHI
[2019.08.07-01.43.06:191][655]LogModuleManager: Shutting down and abandoning module ClothingSystemEditorInterface (624)
[2019.08.07-01.43.06:191][655]LogModuleManager: Shutting down and abandoning module PinnedCommandList (622)
[2019.08.07-01.43.06:191][655]LogModuleManager: Shutting down and abandoning module SkeletonEditor (620)
[2019.08.07-01.43.06:191][655]LogModuleManager: Shutting down and abandoning module AnimationBlueprintEditor (618)
[2019.08.07-01.43.06:191][655]LogModuleManager: Shutting down and abandoning module BlueprintGraph (616)
[2019.08.07-01.43.06:191][655]LogModuleManager: Shutting down and abandoning module HierarchicalLODOutliner (614)
[2019.08.07-01.43.06:191][655]LogModuleManager: Shutting down and abandoning module ExternalImagePicker (612)
[2019.08.07-01.43.06:191][655]LogModuleManager: Shutting down and abandoning module SceneOutliner (610)
[2019.08.07-01.43.06:191][655]LogModuleManager: Shutting down and abandoning module AddContentDialog (608)
[2019.08.07-01.43.06:192][655]LogModuleManager: Shutting down and abandoning module WidgetCarousel (607)
[2019.08.07-01.43.06:192][655]LogModuleManager: Shutting down and abandoning module EditorWidgets (604)
[2019.08.07-01.43.06:192][655]LogModuleManager: Shutting down and abandoning module CollectionManager (602)
[2019.08.07-01.43.06:192][655]LogModuleManager: Shutting down and abandoning module StatsViewer (600)
[2019.08.07-01.43.06:192][655]LogModuleManager: Shutting down and abandoning module FoliageEdit (598)
[2019.08.07-01.43.06:192][655]LogModuleManager: Shutting down and abandoning module LandscapeEditor (596)
[2019.08.07-01.43.06:205][655]LogModuleManager: Shutting down and abandoning module MeshPaintMode (594)
[2019.08.07-01.43.06:205][655]LogModuleManager: Shutting down and abandoning module SceneDepthPickerMode (592)
[2019.08.07-01.43.06:205][655]LogModuleManager: Shutting down and abandoning module ActorPickerMode (590)
[2019.08.07-01.43.06:205][655]LogModuleManager: Shutting down and abandoning module GeometryMode (588)
[2019.08.07-01.43.06:205][655]LogModuleManager: Shutting down and abandoning module TextureAlignMode (586)
[2019.08.07-01.43.06:205][655]LogModuleManager: Shutting down and abandoning module BspMode (584)
[2019.08.07-01.43.06:205][655]LogModuleManager: Shutting down and abandoning module PIEPreviewDeviceProfileSelector (582)
[2019.08.07-01.43.06:205][655]LogModuleManager: Shutting down and abandoning module SequenceRecorderSections (580)
[2019.08.07-01.43.06:213][655]LogModuleManager: Shutting down and abandoning module AutomationWorker (578)
[2019.08.07-01.43.06:213][655]LogModuleManager: Shutting down and abandoning module AudioCaptureEditor (576)
[2019.08.07-01.43.06:213][655]LogModuleManager: Shutting down and abandoning module SequenceRecorder (575)
[2019.08.07-01.43.06:213][655]LogModuleManager: Shutting down and abandoning module MatineeToLevelSequence (572)
[2019.08.07-01.43.06:213][655]LogModuleManager: Shutting down and abandoning module LevelSequenceEditor (570)
[2019.08.07-01.43.06:221][655]LogModuleManager: Shutting down and abandoning module PlacementMode (569)
[2019.08.07-01.43.06:221][655]LogModuleManager: Shutting down and abandoning module MaterialEditor (568)
[2019.08.07-01.43.06:240][655]LogModuleManager: Shutting down and abandoning module WmfMediaFactory (564)
[2019.08.07-01.43.06:240][655]LogModuleManager: Shutting down and abandoning module WmfMediaEditor (562)
[2019.08.07-01.43.06:240][655]LogModuleManager: Shutting down and abandoning module MediaPlayerEditor (560)
[2019.08.07-01.43.06:240][655]LogModuleManager: Shutting down and abandoning module OpenExrWrapper (558)
[2019.08.07-01.43.06:240][655]LogModuleManager: Shutting down and abandoning module ImgMediaFactory (556)
[2019.08.07-01.43.06:240][655]LogModuleManager: Shutting down and abandoning module ImgMediaEditor (554)
[2019.08.07-01.43.06:240][655]LogModuleManager: Shutting down and abandoning module AvfMediaFactory (552)
[2019.08.07-01.43.06:240][655]LogModuleManager: Shutting down and abandoning module AvfMediaEditor (550)
[2019.08.07-01.43.06:240][655]LogModuleManager: Shutting down and abandoning module AndroidMediaFactory (548)
[2019.08.07-01.43.06:240][655]LogModuleManager: Shutting down and abandoning module AndroidMediaEditor (546)
[2019.08.07-01.43.06:240][655]LogModuleManager: Shutting down and abandoning module MagicLeapCameraPreviewFactory (544)
[2019.08.07-01.43.06:240][655]LogModuleManager: Shutting down and abandoning module MagicLeapMediaFactory (542)
[2019.08.07-01.43.06:240][655]LogModuleManager: Shutting down and abandoning module MagicLeapMediaEditor (540)
[2019.08.07-01.43.06:241][655]LogModuleManager: Shutting down and abandoning module CharacterAI (538)
[2019.08.07-01.43.06:241][655]LogModuleManager: Shutting down and abandoning module SmartSnapping (536)
[2019.08.07-01.43.06:241][655]LogModuleManager: Shutting down and abandoning module SessionServices (534)
[2019.08.07-01.43.06:241][655]LogModuleManager: Shutting down and abandoning module ViewportSnapping (532)
[2019.08.07-01.43.06:241][655]LogModuleManager: Shutting down and abandoning module ViewportInteraction (530)
[2019.08.07-01.43.06:252][655]LogModuleManager: Shutting down and abandoning module ClothPainter (528)
[2019.08.07-01.43.06:252][655]LogModuleManager: Shutting down and abandoning module SkeletalMeshEditor (527)
[2019.08.07-01.43.06:272][655]LogModuleManager: Shutting down and abandoning module LogVisualizer (524)
[2019.08.07-01.43.06:277][655]LogModuleManager: Shutting down and abandoning module IntroTutorials (522)
[2019.08.07-01.43.06:277][655]LogModuleManager: Shutting down and abandoning module GameProjectGeneration (521)
[2019.08.07-01.43.06:277][655]LogModuleManager: Shutting down and abandoning module LuminPlatformEditor (518)
[2019.08.07-01.43.06:278][655]LogModuleManager: Shutting down and abandoning module IOSPlatformEditor (516)
[2019.08.07-01.43.06:278][655]LogModuleManager: Shutting down and abandoning module HTML5PlatformEditor (514)
[2019.08.07-01.43.06:278][655]LogModuleManager: Shutting down and abandoning module AndroidPlatformEditor (512)
[2019.08.07-01.43.06:278][655]LogModuleManager: Shutting down and abandoning module AndroidDeviceDetection (511)
[2019.08.07-01.43.07:014][655]LogModuleManager: Shutting down and abandoning module WindowsPlatformEditor (508)
[2019.08.07-01.43.07:014][655]LogModuleManager: Shutting down and abandoning module LuminRuntimeSettings (506)
[2019.08.07-01.43.07:014][655]LogModuleManager: Shutting down and abandoning module IOSRuntimeSettings (504)
[2019.08.07-01.43.07:014][655]LogModuleManager: Shutting down and abandoning module AndroidRuntimeSettings (502)
[2019.08.07-01.43.07:014][655]LogModuleManager: Shutting down and abandoning module InputBindingEditor (500)
[2019.08.07-01.43.07:142][655]LogModuleManager: Shutting down and abandoning module MergeActors (498)
[2019.08.07-01.43.07:142][655]LogModuleManager: Shutting down and abandoning module LocalizationDashboard (496)
[2019.08.07-01.43.07:151][655]LogModuleManager: Shutting down and abandoning module LocalizationService (495)
[2019.08.07-01.43.07:152][655]LogModuleManager: Shutting down and abandoning module HardwareTargeting (492)
[2019.08.07-01.43.07:152][655]LogModuleManager: Shutting down and abandoning module DeviceProfileEditor (490)
[2019.08.07-01.43.07:152][655]LogModuleManager: Shutting down and abandoning module UndoHistory (488)
[2019.08.07-01.43.07:152][655]LogModuleManager: Shutting down and abandoning module XmlParser (486)
[2019.08.07-01.43.07:152][655]LogModuleManager: Shutting down and abandoning module Blutility (484)
[2019.08.07-01.43.07:152][655]LogModuleManager: Shutting down and abandoning module ProjectSettingsViewer (482)
[2019.08.07-01.43.07:152][655]LogModuleManager: Shutting down and abandoning module ProjectTargetPlatformEditor (481)
[2019.08.07-01.43.07:152][655]LogModuleManager: Shutting down and abandoning module EditorSettingsViewer (478)
[2019.08.07-01.43.07:153][655]LogModuleManager: Shutting down and abandoning module SettingsEditor (476)
[2019.08.07-01.43.07:153][655]LogModuleManager: Shutting down and abandoning module ProjectLauncher (474)
[2019.08.07-01.43.07:161][655]LogModuleManager: Shutting down and abandoning module SessionFrontend (472)
[2019.08.07-01.43.07:162][655]LogModuleManager: Shutting down and abandoning module ProfilerClient (470)
[2019.08.07-01.43.07:165][655]LogModuleManager: Shutting down and abandoning module DeviceManager (468)
[2019.08.07-01.43.07:165][655]LogModuleManager: Shutting down and abandoning module TargetDeviceServices (467)
[2019.08.07-01.43.07:220][655]LogModuleManager: Shutting down and abandoning module AutomationController (464)
[2019.08.07-01.43.07:220][655]LogModuleManager: Shutting down and abandoning module AutomationWindow (462)
[2019.08.07-01.43.07:238][655]LogModuleManager: Shutting down and abandoning module Layers (460)
[2019.08.07-01.43.07:254][655]LogModuleManager: Shutting down and abandoning module ComponentVisualizers (458)
[2019.08.07-01.43.07:255][655]LogModuleManager: Shutting down and abandoning module DetailCustomizations (456)
[2019.08.07-01.43.07:255][655]LogModuleManager: Shutting down and abandoning module PackagesDialog (454)
[2019.08.07-01.43.07:255][655]LogModuleManager: Shutting down and abandoning module Persona (452)
[2019.08.07-01.43.07:255][655]LogModuleManager: Shutting down and abandoning module AdvancedPreviewScene (451)
[2019.08.07-01.43.07:255][655]LogModuleManager: Shutting down and abandoning module AnimGraph (449)
[2019.08.07-01.43.07:255][655]LogModuleManager: Shutting down and abandoning module Kismet (446)
[2019.08.07-01.43.07:258][655]LogModuleManager: Shutting down and abandoning module GraphEditor (444)
[2019.08.07-01.43.07:258][655]LogModuleManager: Shutting down and abandoning module ClassViewer (442)
[2019.08.07-01.43.07:258][655]LogModuleManager: Shutting down and abandoning module Toolbox (440)
[2019.08.07-01.43.07:258][655]LogModuleManager: Shutting down and abandoning module DesktopPlatform (439)
[2019.08.07-01.43.07:263][655]LogModuleManager: Shutting down and abandoning module ModuleUI (436)
[2019.08.07-01.43.07:268][655]LogModuleManager: Shutting down and abandoning module MovieSceneTools (434)
[2019.08.07-01.43.07:268][655]LogModuleManager: Shutting down and abandoning module OutputLog (432)
[2019.08.07-01.43.07:268][655]LogModuleManager: Shutting down and abandoning module GammaUI (430)
[2019.08.07-01.43.07:274][655]LogModuleManager: Shutting down and abandoning module Documentation (428)
[2019.08.07-01.43.07:274][655]LogModuleManager: Shutting down and abandoning module MovieSceneTracks (426)
[2019.08.07-01.43.07:274][655]LogModuleManager: Shutting down and abandoning module MovieScene (424)
[2019.08.07-01.43.07:274][655]LogModuleManager: Shutting down and abandoning module StreamingPauseRendering (422)
[2019.08.07-01.43.07:275][655]LogModuleManager: Shutting down and abandoning module LauncherPlatform (420)
[2019.08.07-01.43.07:275][655]LogModuleManager: Shutting down and abandoning module AnalyticsET (418)
[2019.08.07-01.43.07:275][655]LogModuleManager: Shutting down and abandoning module PortalServices (416)
[2019.08.07-01.43.07:275][655]LogModuleManager: Shutting down and abandoning module PortalRpc (414)
[2019.08.07-01.43.07:275][655]LogModuleManager: Shutting down and abandoning module MessagingRpc (412)
[2019.08.07-01.43.07:275][655]LogModuleManager: Shutting down and abandoning module AIModule (410)
[2019.08.07-01.43.07:275][655]LogModuleManager: Shutting down and abandoning module GameplayDebugger (409)
[2019.08.07-01.43.07:275][655]LogModuleManager: Shutting down and abandoning module AITestSuite (407)
[2019.08.07-01.43.07:275][655]LogModuleManager: Shutting down and abandoning module NavigationSystem (405)
[2019.08.07-01.43.07:275][655]LogModuleManager: Shutting down and abandoning module ProfilerService (402)
[2019.08.07-01.43.07:308][655]LogModuleManager: Shutting down and abandoning module TaskGraph (400)
[2019.08.07-01.43.07:308][655]LogModuleManager: Shutting down and abandoning module SteamVRController (398)
[2019.08.07-01.43.07:308][655]LogModuleManager: Shutting down and abandoning module ProceduralMeshComponentEditor (396)
[2019.08.07-01.43.07:308][655]LogModuleManager: Shutting down and abandoning module ProceduralMeshComponent (394)
[2019.08.07-01.43.07:308][655]LogModuleManager: Shutting down and abandoning module OculusInput (392)
[2019.08.07-01.43.07:308][655]LogModuleManager: Shutting down and abandoning module MobilePatchingUtils (390)
[2019.08.07-01.43.07:308][655]LogModuleManager: Shutting down and abandoning module EditableMesh (388)
[2019.08.07-01.43.07:308][655]LogModuleManager: Shutting down and abandoning module CustomMeshComponent (386)
[2019.08.07-01.43.07:308][655]LogModuleManager: Shutting down and abandoning module CableComponent (384)
[2019.08.07-01.43.07:308][655]LogModuleManager: Shutting down and abandoning module AudioCapture (382)
[2019.08.07-01.43.07:308][655]LogModuleManager: Shutting down and abandoning module ArchVisCharacter (380)
[2019.08.07-01.43.07:308][655]LogModuleManager: Shutting down and abandoning module AndroidPermission (378)
[2019.08.07-01.43.07:308][655]LogModuleManager: Shutting down and abandoning module NUTUnrealEngine4 (376)
[2019.08.07-01.43.07:308][655]LogModuleManager: Shutting down and abandoning module NetcodeUnitTest (374)
[2019.08.07-01.43.07:315][655]LogModuleManager: Shutting down and abandoning module MediaCompositingEditor (372)
[2019.08.07-01.43.07:315][655]LogModuleManager: Shutting down and abandoning module MediaCompositing (370)
[2019.08.07-01.43.07:315][655]LogModuleManager: Shutting down and abandoning module LinearTimecode (368)
[2019.08.07-01.43.07:315][655]LogModuleManager: Shutting down and abandoning module ImgMedia (366)
[2019.08.07-01.43.07:330][655]LogModuleManager: Shutting down and abandoning module HTML5Networking (364)
[2019.08.07-01.43.07:331][655]LogModuleManager: Shutting down and abandoning module GeometryCacheTracks (362)
[2019.08.07-01.43.07:331][655]LogModuleManager: Shutting down and abandoning module GeometryCacheSequencer (360)
[2019.08.07-01.43.07:331][655]LogModuleManager: Shutting down and abandoning module BackChannel (358)
[2019.08.07-01.43.07:351][655]LogModuleManager: Shutting down and abandoning module AppleVision (356)
[2019.08.07-01.43.07:351][655]LogModuleManager: Shutting down and abandoning module AppleImageUtils (354)
[2019.08.07-01.43.07:351][655]LogModuleManager: Shutting down and abandoning module AlembicImporter (352)
[2019.08.07-01.43.07:351][655]LogModuleManager: Shutting down and abandoning module AlembicLibrary (351)
[2019.08.07-01.43.07:351][655]LogModuleManager: Shutting down and abandoning module GeometryCache (350)
[2019.08.07-01.43.07:351][655]LogModuleManager: Shutting down and abandoning module GeometryCacheEd (349)
[2019.08.07-01.43.07:351][655]LogModuleManager: Shutting down and abandoning module DatasmithContentEditor (344)
[2019.08.07-01.43.07:358][655]LogModuleManager: Shutting down and abandoning module DatasmithContent (342)
[2019.08.07-01.43.07:358][655]LogModuleManager: Shutting down and abandoning module SpeedTreeImporter (340)
[2019.08.07-01.43.07:358][655]LogModuleManager: Shutting down and abandoning module PluginBrowser (338)
[2019.08.07-01.43.07:366][655]LogModuleManager: Shutting down and abandoning module MobileLauncherProfileWizard (336)
[2019.08.07-01.43.07:371][655]LogModuleManager: Shutting down and abandoning module PolygonModeling (334)
[2019.08.07-01.43.07:371][655]LogModuleManager: Shutting down and abandoning module MeshEditor (332)
[2019.08.07-01.43.07:371][655]LogModuleManager: Shutting down and abandoning module CryptoKeysOpenSSL (330)
[2019.08.07-01.43.07:371][655]LogModuleManager: Shutting down and abandoning module CryptoKeys (328)
[2019.08.07-01.43.07:371][655]LogModuleManager: Shutting down and abandoning module VisualStudioSourceCodeAccess (326)
[2019.08.07-01.43.07:371][655]LogModuleManager: Shutting down and abandoning module VisualStudioCodeSourceCodeAccess (324)
[2019.08.07-01.43.07:371][655]LogModuleManager: Shutting down and abandoning module UObjectPlugin (322)
[2019.08.07-01.43.07:371][655]LogModuleManager: Shutting down and abandoning module SubversionSourceControl (320)
[2019.08.07-01.43.07:371][655]LogModuleManager: Shutting down and abandoning module PerforceSourceControl (318)
[2019.08.07-01.43.07:384][655]LogModuleManager: Shutting down and abandoning module GitSourceControl (316)
[2019.08.07-01.43.07:384][655]LogModuleManager: Shutting down and abandoning module SourceControl (315)
[2019.08.07-01.43.07:394][655]LogModuleManager: Shutting down and abandoning module CLionSourceCodeAccess (312)
[2019.08.07-01.43.07:395][655]LogModuleManager: Shutting down and abandoning module LightPropagationVolumeEditor (310)
[2019.08.07-01.43.07:395][655]LogModuleManager: Shutting down and abandoning module PaperTiledImporter (308)
[2019.08.07-01.43.07:395][655]LogModuleManager: Shutting down and abandoning module PaperSpriteSheetImporter (306)
[2019.08.07-01.43.07:395][655]LogModuleManager: Shutting down and abandoning module Paper2DEditor (304)
[2019.08.07-01.43.07:405][655]LogModuleManager: Shutting down and abandoning module MeshPaint (303)
[2019.08.07-01.43.07:412][655]LogModuleManager: Shutting down and abandoning module Project_Tether (300)
[2019.08.07-01.43.07:412][655]LogModuleManager: Shutting down and abandoning module RuntimePhysXCooking (298)
[2019.08.07-01.43.07:412][655]LogModuleManager: Shutting down and abandoning module PhysXVehiclesEditor (296)
[2019.08.07-01.43.07:412][655]LogModuleManager: Shutting down and abandoning module PhysXVehicles (294)
[2019.08.07-01.43.07:412][655]LogModuleManager: Shutting down and abandoning module OculusEditor (292)
[2019.08.07-01.43.07:412][655]LogModuleManager: Shutting down and abandoning module LocationServicesBPLibrary (290)
[2019.08.07-01.43.07:412][655]LogModuleManager: Shutting down and abandoning module ImmediatePhysicsEditor (288)
[2019.08.07-01.43.07:412][655]LogModuleManager: Shutting down and abandoning module ImmediatePhysics (286)
[2019.08.07-01.43.07:425][655]LogModuleManager: Shutting down and abandoning module ActorSequence (284)
[2019.08.07-01.43.07:425][655]LogModuleManager: Shutting down and abandoning module UdpMessaging (282)
[2019.08.07-01.43.07:526][655]LogModuleManager: Shutting down and abandoning module TcpMessaging (280)
[2019.08.07-01.43.07:627][655]LogModuleManager: Shutting down and abandoning module MagicLeapAudio (278)
[2019.08.07-01.43.07:627][655]LogModuleManager: Shutting down and abandoning module GameplayTagsEditor (276)
[2019.08.07-01.43.07:627][655]LogModuleManager: Shutting down and abandoning module FacialAnimationEditor (274)
[2019.08.07-01.43.07:627][655]LogModuleManager: Shutting down and abandoning module FacialAnimation (272)
[2019.08.07-01.43.07:627][655]LogModuleManager: Shutting down and abandoning module DataValidation (270)
[2019.08.07-01.43.07:627][655]LogModuleManager: Shutting down and abandoning module AssetManagerEditor (268)
[2019.08.07-01.43.07:646][655]LogModuleManager: Shutting down and abandoning module LevelEditor (267)
[2019.08.07-01.43.07:647][655]LogModuleManager: Shutting down and abandoning module PixelInspectorModule (266)
[2019.08.07-01.43.07:647][655]LogModuleManager: Shutting down and abandoning module CommonMenuExtensions (264)
[2019.08.07-01.43.07:647][655]LogModuleManager: Shutting down and abandoning module MainFrame (262)
[2019.08.07-01.43.07:647][655]LogModuleManager: Shutting down and abandoning module HotReload (261)
[2019.08.07-01.43.07:647][655]LogModuleManager: Shutting down and abandoning module ContentBrowser (257)
[2019.08.07-01.43.07:648][655]LogModuleManager: Shutting down and abandoning module TreeMap (255)
[2019.08.07-01.43.07:648][655]LogModuleManager: Shutting down and abandoning module LightPropagationVolumeRuntime (252)
[2019.08.07-01.43.07:648][655]LogModuleManager: Shutting down and abandoning module AISupportModule (250)
[2019.08.07-01.43.07:648][655]LogModuleManager: Shutting down and abandoning module Paper2D (248)
[2019.08.07-01.43.07:648][655]LogModuleManager: Shutting down and abandoning module WindowsMoviePlayer (246)
[2019.08.07-01.43.07:662][655]LogModuleManager: Shutting down and abandoning module WmfMedia (244)
[2019.08.07-01.43.07:674][655]LogModuleManager: Shutting down and abandoning module Media (243)
[2019.08.07-01.43.07:680][655]LogModuleManager: Shutting down and abandoning module PacketHandler (240)
[2019.08.07-01.43.07:680][655]LogModuleManager: Shutting down and abandoning module ClothingSystemEditor (238)
[2019.08.07-01.43.07:680][655]LogModuleManager: Shutting down and abandoning module ClothingSystemRuntime (236)
[2019.08.07-01.43.07:712][655]LogModuleManager: Shutting down and abandoning module MediaAssets (234)
[2019.08.07-01.43.07:712][655]LogModuleManager: Shutting down and abandoning module Overlay (232)
[2019.08.07-01.43.07:712][655]LogModuleManager: Shutting down and abandoning module OverlayEditor (231)
[2019.08.07-01.43.07:712][655]LogModuleManager: Shutting down and abandoning module VREditor (228)
[2019.08.07-01.43.07:719][655]LogModuleManager: Shutting down and abandoning module StringTableEditor (226)
[2019.08.07-01.43.07:719][655]LogModuleManager: Shutting down and abandoning module GameplayTasksEditor (224)
[2019.08.07-01.43.07:719][655]LogModuleManager: Shutting down and abandoning module BehaviorTreeEditor (222)
[2019.08.07-01.43.07:727][655]LogModuleManager: Shutting down and abandoning module FunctionalTesting (220)
[2019.08.07-01.43.07:727][655]LogModuleManager: Shutting down and abandoning module CollisionAnalyzer (218)
[2019.08.07-01.43.07:727][655]LogModuleManager: Shutting down and abandoning module WorkspaceMenuStructure (217)
[2019.08.07-01.43.07:727][655]LogModuleManager: Shutting down and abandoning module UMG (214)
[2019.08.07-01.43.07:737][655]LogModuleManager: Shutting down and abandoning module UMGEditor (213)
[2019.08.07-01.43.07:747][655]LogModuleManager: Shutting down and abandoning module Sequencer (212)
[2019.08.07-01.43.07:764][655]LogModuleManager: Shutting down and abandoning module MessageLog (209)
[2019.08.07-01.43.07:764][655]LogModuleManager: Shutting down and abandoning module SlateReflector (204)
[2019.08.07-01.43.07:786][655]LogModuleManager: Shutting down and abandoning module Slate (202)
[2019.08.07-01.43.07:786][655]LogModuleManager: Shutting down and abandoning module EditorStyle (200)
[2019.08.07-01.43.07:787][655]LogModuleManager: Shutting down and abandoning module MRMesh (198)
[2019.08.07-01.43.07:799][655]LogModuleManager: Shutting down and abandoning module SourceCodeAccess (196)
[2019.08.07-01.43.07:799][655]LogModuleManager: Shutting down and abandoning module HeadMountedDisplay (194)
[2019.08.07-01.43.07:799][655]LogModuleManager: Shutting down and abandoning module XAudio2 (192)
[2019.08.07-01.43.07:799][655]LogModuleManager: Shutting down and abandoning module Networking (190)
[2019.08.07-01.43.07:799][655]LogModuleManager: Shutting down and abandoning module Core (188)
[2019.08.07-01.43.07:799][655]LogModuleManager: Shutting down and abandoning module LevelSequence (186)
[2019.08.07-01.43.07:799][655]LogModuleManager: Shutting down and abandoning module KismetCompiler (184)
[2019.08.07-01.43.07:799][655]LogModuleManager: Shutting down and abandoning module MeshUtilities (182)
[2019.08.07-01.43.07:799][655]LogModuleManager: Shutting down and abandoning module MeshMergeUtilities (181)
[2019.08.07-01.43.07:799][655]LogModuleManager: Shutting down and abandoning module MeshReductionInterface (180)
[2019.08.07-01.43.07:799][655]LogModuleManager: Shutting down and abandoning module SimplygonSwarm (179)
[2019.08.07-01.43.07:806][655]LogModuleManager: Shutting down and abandoning module ProxyLODMeshReduction (177)
[2019.08.07-01.43.07:824][655]LogModuleManager: Shutting down and abandoning module SimplygonMeshReduction (175)
[2019.08.07-01.43.07:824][655]LogModuleManager: Shutting down and abandoning module QuadricMeshReduction (173)
[2019.08.07-01.43.07:840][655]LogModuleManager: Shutting down and abandoning module MaterialBaking (169)
[2019.08.07-01.43.07:848][655]LogModuleManager: Shutting down and abandoning module DirectoryWatcher (165)
[2019.08.07-01.43.07:848][655]LogModuleManager: Shutting down and abandoning module DerivedDataCache (162)
[2019.08.07-01.43.07:856][655]LogDerivedDataCache: Shutdown
[2019.08.07-01.43.07:856][655]LogModuleManager: Shutting down and abandoning module XGEController (160)
[2019.08.07-01.43.07:856][655]LogXGEController: Cleaning working directory: C:/Users/Aaron's Desktop/AppData/Local/Temp/UnrealXGEWorkingDir/
[2019.08.07-01.43.07:865][655]LogModuleManager: Shutting down and abandoning module TargetPlatform (158)
[2019.08.07-01.43.07:865][655]LogModuleManager: Shutting down and abandoning module VulkanShaderFormat (157)
[2019.08.07-01.43.07:865][655]LogModuleManager: Shutting down and abandoning module ShaderFormatVectorVM (155)
[2019.08.07-01.43.07:875][655]LogModuleManager: Shutting down and abandoning module ShaderFormatOpenGL (153)
[2019.08.07-01.43.07:883][655]LogModuleManager: Shutting down and abandoning module ShaderFormatD3D (151)
[2019.08.07-01.43.07:883][655]LogModuleManager: Shutting down and abandoning module MetalShaderFormat (149)
[2019.08.07-01.43.07:890][655]LogModuleManager: Shutting down and abandoning module TextureFormatUncompressed (147)
[2019.08.07-01.43.07:890][655]LogModuleManager: Shutting down and abandoning module TextureFormatPVR (145)
[2019.08.07-01.43.07:890][655]LogModuleManager: Shutting down and abandoning module TextureFormatDXT (143)
[2019.08.07-01.43.07:898][655]LogModuleManager: Shutting down and abandoning module TextureFormatIntelISPCTexComp (141)
[2019.08.07-01.43.07:899][655]LogModuleManager: Shutting down and abandoning module TextureFormatASTC (139)
[2019.08.07-01.43.07:899][655]LogModuleManager: Shutting down and abandoning module ImageWrapper (138)
[2019.08.07-01.43.07:899][655]LogModuleManager: Shutting down and abandoning module TextureFormatAndroid (135)
[2019.08.07-01.43.07:899][655]LogModuleManager: Shutting down and abandoning module AudioFormatOpus (133)
[2019.08.07-01.43.07:899][655]LogModuleManager: Shutting down and abandoning module AudioFormatOgg (131)
[2019.08.07-01.43.07:899][655]LogModuleManager: Shutting down and abandoning module AudioFormatADPCM (129)
[2019.08.07-01.43.07:899][655]LogModuleManager: Shutting down and abandoning module LuminTargetPlatform (127)
[2019.08.07-01.43.07:899][655]LogModuleManager: Shutting down and abandoning module LinuxTargetPlatform (125)
[2019.08.07-01.43.07:899][655]LogModuleManager: Shutting down and abandoning module LinuxServerTargetPlatform (123)
[2019.08.07-01.43.07:899][655]LogModuleManager: Shutting down and abandoning module LinuxNoEditorTargetPlatform (121)
[2019.08.07-01.43.07:899][655]LogModuleManager: Shutting down and abandoning module LinuxClientTargetPlatform (119)
[2019.08.07-01.43.07:899][655]LogModuleManager: Shutting down and abandoning module TVOSTargetPlatform (117)
[2019.08.07-01.43.07:900][655]LogModuleManager: Shutting down and abandoning module Messaging (115)
[2019.08.07-01.43.07:900][655]LogModuleManager: Shutting down and abandoning module IOSTargetPlatform (113)
[2019.08.07-01.43.07:900][655]LogModuleManager: Shutting down and abandoning module HTML5TargetPlatform (111)
[2019.08.07-01.43.07:900][655]LogModuleManager: Shutting down and abandoning module AndroidTargetPlatform (109)
[2019.08.07-01.43.07:905][655]LogModuleManager: Shutting down and abandoning module WindowsTargetPlatform (107)
[2019.08.07-01.43.07:905][655]LogModuleManager: Shutting down and abandoning module WindowsServerTargetPlatform (105)
[2019.08.07-01.43.07:905][655]LogModuleManager: Shutting down and abandoning module WindowsNoEditorTargetPlatform (103)
[2019.08.07-01.43.07:905][655]LogModuleManager: Shutting down and abandoning module WindowsClientTargetPlatform (101)
[2019.08.07-01.43.07:905][655]LogModuleManager: Shutting down and abandoning module MacTargetPlatform (99)
[2019.08.07-01.43.07:905][655]LogModuleManager: Shutting down and abandoning module MacServerTargetPlatform (97)
[2019.08.07-01.43.07:905][655]LogModuleManager: Shutting down and abandoning module MacNoEditorTargetPlatform (95)
[2019.08.07-01.43.07:905][655]LogModuleManager: Shutting down and abandoning module MacClientTargetPlatform (93)
[2019.08.07-01.43.07:905][655]LogModuleManager: Shutting down and abandoning module AllDesktopTargetPlatform (91)
[2019.08.07-01.43.07:905][655]LogModuleManager: Shutting down and abandoning module InputCore (88)
[2019.08.07-01.43.07:905][655]LogModuleManager: Shutting down and abandoning module Settings (86)
[2019.08.07-01.43.07:905][655]LogModuleManager: Shutting down and abandoning module PhysXCooking (84)
[2019.08.07-01.43.07:905][655]LogModuleManager: Shutting down and abandoning module SteamVR (82)
[2019.08.07-01.43.07:905][655]LogModuleManager: Shutting down and abandoning module OculusHMD (80)
[2019.08.07-01.43.07:905][655]LogModuleManager: Shutting down and abandoning module ExampleDeviceProfileSelector (78)
[2019.08.07-01.43.07:905][655]LogModuleManager: Shutting down and abandoning module LauncherChunkInstaller (76)
[2019.08.07-01.43.07:905][655]LogModuleManager: Shutting down and abandoning module OnlineBlueprintSupport (74)
[2019.08.07-01.43.07:905][655]LogModuleManager: Shutting down and abandoning module OnlineSubsystem (70)
[2019.08.07-01.43.07:906][655]LogModuleManager: Shutting down and abandoning module XMPP (65)
[2019.08.07-01.43.07:927][655]LogModuleManager: Shutting down and abandoning module WebSockets (64)
[2019.08.07-01.43.07:982][655]LogModuleManager: Shutting down and abandoning module HTTP (61)
[2019.08.07-01.43.07:982][655]LogHttp: Display: Http module shutting down, but needs to wait on 1 outstanding Http requests:
[2019.08.07-01.43.07:982][655]LogHttp: Display: 	verb=[POST] url=[https://datarouter.ol.epicgames.com/datarouter/api/v1/public/data?SessionID=%7B37FB8610-40E9-45D7-F31E-9D9BB8648792%7D&AppID=UEEditor.Rocket.Release&AppVersion=4.20.3-4369336%2B%2B%2BUE4%2BRelease-4.20&UserID=fffd5b9e4c9290f2f3f0769658e4954d%7C5e0c94b460c94235a6f9d9aa0432c0f9%7Ce69b9451-45eb-4241-b5dd-357878922232&AppEnvironment=datacollector-binary&UploadType=eteventstream] status=Processing
[2019.08.07-01.43.07:986][655]LogModuleManager: Shutting down and abandoning module SSL (60)
[2019.08.07-01.43.07:986][655]LogModuleManager: Shutting down and abandoning module MagicLeapEmulator (56)
[2019.08.07-01.43.07:987][655]LogModuleManager: Shutting down and abandoning module MagicLeapPrivileges (54)
[2019.08.07-01.43.07:987][655]LogModuleManager: Shutting down and abandoning module MagicLeapIdentity (52)
[2019.08.07-01.43.07:987][655]LogModuleManager: Shutting down and abandoning module MagicLeapHelperVulkan (50)
[2019.08.07-01.43.07:987][655]LogModuleManager: Shutting down and abandoning module MagicLeapHelperOpenGL (48)
[2019.08.07-01.43.07:987][655]LogModuleManager: Shutting down and abandoning module MagicLeapSecureStorage (46)
[2019.08.07-01.43.07:987][655]LogModuleManager: Shutting down and abandoning module MagicLeapGestures (44)
[2019.08.07-01.43.07:987][655]LogModuleManager: Shutting down and abandoning module MagicLeapEyeTracker (42)
[2019.08.07-01.43.07:987][655]LogModuleManager: Shutting down and abandoning module MagicLeapController (40)
[2019.08.07-01.43.07:987][655]LogSlate: Slate User Destroyed.  User Index 0, Is Virtual User: 0
[2019.08.07-01.43.07:987][655]LogModuleManager: Shutting down and abandoning module MagicLeap (38)
[2019.08.07-01.43.07:987][655]LogModuleManager: Shutting down and abandoning module AnimationModifiers (36)
[2019.08.07-01.43.07:987][655]LogModuleManager: Shutting down and abandoning module PropertyEditor (35)
[2019.08.07-01.43.07:987][655]LogModuleManager: Shutting down and abandoning module AudioEditor (32)
[2019.08.07-01.43.07:997][655]LogModuleManager: Shutting down and abandoning module TextureCompressor (30)
[2019.08.07-01.43.08:004][655]LogModuleManager: Shutting down and abandoning module ShaderCore (28)
[2019.08.07-01.43.08:004][655]LogModuleManager: Shutting down and abandoning module Landscape (26)
[2019.08.07-01.43.08:004][655]LogModuleManager: Shutting down and abandoning module SlateRHIRenderer (24)
[2019.08.07-01.43.08:010][655]LogModuleManager: Shutting down and abandoning module OpenGLDrv (22)
[2019.08.07-01.43.08:017][655]LogModuleManager: Shutting down and abandoning module D3D11RHI (20)
[2019.08.07-01.43.08:017][655]LogModuleManager: Shutting down and abandoning module AnimGraphRuntime (18)
[2019.08.07-01.43.08:017][655]LogModuleManager: Shutting down and abandoning module Renderer (16)
[2019.08.07-01.43.08:017][655]LogModuleManager: Shutting down and abandoning module Engine (14)
[2019.08.07-01.43.08:017][655]LogModuleManager: Shutting down and abandoning module CoreUObject (12)
[2019.08.07-01.43.08:017][655]LogModuleManager: Shutting down and abandoning module NetworkFile (10)
[2019.08.07-01.43.08:029][655]LogModuleManager: Shutting down and abandoning module CookedIterativeFile (8)
[2019.08.07-01.43.08:029][655]LogModuleManager: Shutting down and abandoning module StreamingFile (6)
[2019.08.07-01.43.08:030][655]LogModuleManager: Shutting down and abandoning module SandboxFile (4)
[2019.08.07-01.43.08:030][655]LogModuleManager: Shutting down and abandoning module PakFile (2)
[2019.08.07-01.43.08:039][655]LogExit: Exiting.
[2019.08.07-01.43.08:042][655]Log file closed, 08/06/19 21:43:08
