Log file open, 08/06/19 21:33:04
LogWindows: Failed to load 'aqProf.dll' (GetLastError=126)
LogWindows: File 'aqProf.dll' does not exist
LogWindows: Failed to load 'VtuneApi.dll' (GetLastError=126)
LogWindows: File 'VtuneApi.dll' does not exist
LogWindows: Failed to load 'VtuneApi32e.dll' (GetLastError=126)
LogWindows: File 'VtuneApi32e.dll' does not exist
LogInit: Display: Running engine for game: Project_Tether
LogPlatformFile: Not using cached read wrapper
LogTaskGraph: Started task graph with 5 named threads and 35 total threads with 3 sets of task threads.
LogStats: Stats thread started at 0.393507
LogD3D11RHI: Loaded GFSDK_Aftermath_Lib.x64.dll
LogICUInternationalization: Display: ICU TimeZone Detection - Raw Offset: -5:00, Platform Override: ''
LogPluginManager: Mounting plugin Paper2D
LogPluginManager: Mounting plugin AISupport
LogPluginManager: Mounting plugin LightPropagationVolume
LogPluginManager: Mounting plugin CLionSourceCodeAccess
LogPluginManager: Mounting plugin CodeLiteSourceCodeAccess
LogPluginManager: Mounting plugin GitSourceControl
LogPluginManager: Mounting plugin KDevelopSourceCodeAccess
LogPluginManager: Mounting plugin NullSourceCodeAccess
LogPluginManager: Mounting plugin PerforceSourceControl
LogPluginManager: Mounting plugin SubversionSourceControl
LogPluginManager: Mounting plugin UObjectPlugin
LogPluginManager: Mounting plugin VisualStudioCodeSourceCodeAccess
LogPluginManager: Mounting plugin VisualStudioSourceCodeAccess
LogPluginManager: Mounting plugin XCodeSourceCodeAccess
LogPluginManager: Mounting plugin AssetManagerEditor
LogPluginManager: Mounting plugin CryptoKeys
LogPluginManager: Mounting plugin DataValidation
LogPluginManager: Mounting plugin FacialAnimation
LogPluginManager: Mounting plugin GameplayTagsEditor
LogPluginManager: Mounting plugin MacGraphicsSwitching
LogPluginManager: Mounting plugin MeshEditor
LogPluginManager: Mounting plugin MobileLauncherProfileWizard
LogPluginManager: Mounting plugin PluginBrowser
LogPluginManager: Mounting plugin SpeedTreeImporter
LogPluginManager: Mounting plugin DatasmithContent
LogPluginManager: Mounting plugin AlembicImporter
LogPluginManager: Mounting plugin AppleImageUtils
LogPluginManager: Mounting plugin AppleVision
LogPluginManager: Mounting plugin BackChannel
LogPluginManager: Mounting plugin CharacterAI
LogPluginManager: Mounting plugin GeometryCache
LogPluginManager: Mounting plugin HTML5Networking
LogPluginManager: Mounting plugin ProxyLODPlugin
LogPluginManager: Mounting plugin MagicLeap
LogPluginManager: Mounting plugin MagicLeapEmulator
LogPluginManager: Mounting plugin MagicLeapMedia
LogPluginManager: Mounting plugin AndroidMedia
LogPluginManager: Mounting plugin AvfMedia
LogPluginManager: Mounting plugin ImgMedia
LogPluginManager: Mounting plugin LinearTimecode
LogPluginManager: Mounting plugin MediaCompositing
LogPluginManager: Mounting plugin MediaPlayerEditor
LogPluginManager: Mounting plugin WmfMedia
LogPluginManager: Mounting plugin TcpMessaging
LogPluginManager: Mounting plugin UdpMessaging
LogPluginManager: Mounting plugin ActorSequence
LogPluginManager: Mounting plugin LevelSequenceEditor
LogPluginManager: Mounting plugin MatineeToLevelSequence
LogPluginManager: Mounting plugin NetcodeUnitTest
LogPluginManager: Mounting plugin NUTUnrealEngine4
LogPluginManager: Mounting plugin OnlineSubsystemGooglePlay
LogPluginManager: Mounting plugin OnlineSubsystemIOS
LogPluginManager: Mounting plugin OnlineSubsystem
LogPluginManager: Mounting plugin OnlineSubsystemNull
LogPluginManager: Mounting plugin OnlineSubsystemUtils
LogPluginManager: Mounting plugin LauncherChunkInstaller
LogPluginManager: Mounting plugin AndroidDeviceProfileSelector
LogPluginManager: Mounting plugin AndroidMoviePlayer
LogPluginManager: Mounting plugin AndroidPermission
LogPluginManager: Mounting plugin AppleMoviePlayer
LogPluginManager: Mounting plugin ArchVisCharacter
LogPluginManager: Mounting plugin AudioCapture
LogPluginManager: Mounting plugin CableComponent
LogPluginManager: Mounting plugin CustomMeshComponent
LogPluginManager: Mounting plugin EditableMesh
LogPluginManager: Mounting plugin ExampleDeviceProfileSelector
LogPluginManager: Mounting plugin GoogleCloudMessaging
LogPluginManager: Mounting plugin ImmediatePhysics
LogPluginManager: Mounting plugin IOSDeviceProfileSelector
LogPluginManager: Mounting plugin LinuxDeviceProfileSelector
LogPluginManager: Mounting plugin LocationServicesBPLibrary
LogPluginManager: Mounting plugin MobilePatchingUtils
LogPluginManager: Mounting plugin OculusVR
LogPluginManager: Plugin shader directory ../../../Engine/Plugins/Runtime/Oculus/OculusVR/Shaders found
LogPluginManager: Mapping shader source directory ../../../Engine/Plugins/Runtime/Oculus/OculusVR/Shaders to virtual directory /Plugin/OculusVR
LogPluginManager: Mounting plugin PhysXVehicles
LogPluginManager: Mounting plugin ProceduralMeshComponent
LogPluginManager: Mounting plugin RuntimePhysXCooking
LogPluginManager: Mounting plugin SteamVR
LogPluginManager: Mounting plugin WindowsMoviePlayer
LogStreaming: Display: Took  0.064s to configure plugins.
LogInit: Using libcurl 7.55.1-DEV
LogInit:  - built for x86_64-pc-win32
LogInit:  - supports SSL with OpenSSL/1.0.2h
LogInit:  - supports HTTP deflate (compression) using libz 1.2.8
LogInit:  - other features:
LogInit:      CURL_VERSION_SSL
LogInit:      CURL_VERSION_LIBZ
LogInit:      CURL_VERSION_IPV6
LogInit:      CURL_VERSION_ASYNCHDNS
LogInit:      CURL_VERSION_LARGEFILE
LogInit:      CURL_VERSION_IDN
LogInit:  CurlRequestOptions (configurable via config and command line):
LogInit:  - bVerifyPeer = false  - Libcurl will NOT verify peer certificate
LogInit:  - bUseHttpProxy = false  - Libcurl will NOT use HTTP proxy
LogInit:  - bDontReuseConnections = false  - Libcurl will reuse connections
LogInit:  - CertBundlePath = nullptr  - Libcurl will use whatever was configured at build time.
LogInit:  - MaxHostConnections = 16  - Libcurl will limit the number of connections to a host
LogInit:  - LocalHostAddr = Default
LogInit:  - BufferSize = 65536
LogInit: WinSock: version 1.1 (2.2), MaxSocks=32767, MaxUdp=65467
LogInit: Build: ++UE4+Release-4.20-CL-4369336
LogInit: Engine Version: 4.20.3-4369336+++UE4+Release-4.20
LogInit: Compatible Engine Version: 4.20.0-4212847+++UE4+Release-4.20
LogInit: Net CL: 4212847
LogInit: OS: Windows 10 (), CPU: Intel(R) Core(TM) i7-8700K CPU @ 3.70GHz, GPU: NVIDIA GeForce GTX 1060 6GB
LogInit: Compiled (64-bit): Sep 17 2018 12:26:19
LogInit: Compiled with Visual C++: 19.13.26129.00
LogInit: Build Configuration: Development
LogInit: Branch Name: ++UE4+Release-4.20
LogInit: Command Line:  
LogInit: Base Directory: E:/Epic Games Games/UE_4.20/Engine/Binaries/Win64/
LogInit: Installed Engine Build: 1
LogDevObjectVersion: Number of dev versions registered: 20
LogDevObjectVersion:   Dev-Blueprints (B0D832E4-1F89-4F0D-ACCF-7EB736FD4AA2): 10
LogDevObjectVersion:   Dev-Build (E1C64328-A22C-4D53-A36C-8E866417BD8C): 0
LogDevObjectVersion:   Dev-Core (375EC13C-06E4-48FB-B500-84F0262A717E): 2
LogDevObjectVersion:   Dev-Editor (E4B068ED-F494-42E9-A231-DA0B2E46BB41): 24
LogDevObjectVersion:   Dev-Framework (CFFC743F-43B0-4480-9391-14DF171D2073): 34
LogDevObjectVersion:   Dev-Mobile (B02B49B5-BB20-44E9-A304-32B752E40360): 2
LogDevObjectVersion:   Dev-Networking (A4E4105C-59A1-49B5-A7C5-40C4547EDFEE): 0
LogDevObjectVersion:   Dev-Online (39C831C9-5AE6-47DC-9A44-9C173E1C8E7C): 0
LogDevObjectVersion:   Dev-Physics (78F01B33-EBEA-4F98-B9B4-84EACCB95AA2): 0
LogDevObjectVersion:   Dev-Platform (6631380F-2D4D-43E0-8009-CF276956A95A): 0
LogDevObjectVersion:   Dev-Rendering (12F88B9F-8875-4AFC-A67C-D90C383ABD29): 26
LogDevObjectVersion:   Dev-Sequencer (7B5AE74C-D270-4C10-A958-57980B212A5A): 9
LogDevObjectVersion:   Dev-VR (D7296918-1DD6-4BDD-9DE2-64A83CC13884): 2
LogDevObjectVersion:   Dev-LoadTimes (C2A15278-BFE7-4AFE-6C17-90FF531DF755): 1
LogDevObjectVersion:   Private-Geometry (6EACA3D4-40EC-4CC1-B786-8BED09428FC5): 3
LogDevObjectVersion:   Dev-AnimPhys (29E575DD-E0A3-4627-9D10-D276232CDCEA): 17
LogDevObjectVersion:   Dev-ReflectionCapture (6B266CEC-1EC7-4B8F-A30B-E4D90942FC07): 1
LogDevObjectVersion:   Dev-Automation (0DF73D61-A23F-47EA-B727-89E90C41499A): 1
LogDevObjectVersion:   FortniteMain (601D1886-AC64-4F84-AA16-D3DE0DEAC7D6): 12
LogDevObjectVersion:   Dev-Enterprise (9DFFBCD6-494F-0158-E221-12823C92A888): 1
LogStreaming: Display: Took  0.001s to delete old logs.
LogInit: Presizing for max 8388607 objects, including 0 objects not considered by GC, pre-allocating 0 bytes for permanent pool.
LogInit: Object subsystem initialized
[2019.08.07-01.33.04:463][  0]LogInit: Selected Device Profile: [Windows]
[2019.08.07-01.33.04:463][  0]LogInit: Applying CVar settings loaded from the selected device profile: [Windows]
[2019.08.07-01.33.04:472][  0]LogHAL: Display: Platform has ~ 16 GB [17121992704 / 17179869184 / 16], which maps to Larger [LargestMinGB=32, LargerMinGB=12, DefaultMinGB=8, SmallerMinGB=6, SmallestMinGB=0)
[2019.08.07-01.33.04:472][  0]LogInit: Setting Device Profile CVar: [[r.Vulkan.UseRealUBs:1]]
[2019.08.07-01.33.04:472][  0]LogInit: Going up to parent DeviceProfile []
[2019.08.07-01.33.04:473][  0]LogInit: Computer: AARONS-DESKTOP
[2019.08.07-01.33.04:473][  0]LogInit: User: AaronsDesktop
[2019.08.07-01.33.04:473][  0]LogInit: CPU Page size=4096, Cores=6
[2019.08.07-01.33.04:473][  0]LogInit: High frequency timer resolution =3.609376 MHz
[2019.08.07-01.33.04:473][  0]LogMemory: Memory total: Physical=15.9GB (16GB approx)
[2019.08.07-01.33.04:473][  0]LogMemory: Platform Memory Stats for Windows
[2019.08.07-01.33.04:473][  0]LogMemory: Process Physical Memory: 102.88 MB used, 102.88 MB peak
[2019.08.07-01.33.04:473][  0]LogMemory: Process Virtual Memory: 96.44 MB used, 96.44 MB peak
[2019.08.07-01.33.04:473][  0]LogMemory: Physical Memory: 6653.50 MB used,  9675.30 MB free, 16328.80 MB total
[2019.08.07-01.33.04:473][  0]LogMemory: Virtual Memory: 4668.17 MB used,  9675.30 MB free, 134217728.00 MB total
[2019.08.07-01.33.04:488][  0]LogInit: Using OS detected language (en-US).
[2019.08.07-01.33.04:488][  0]LogInit: Using OS detected locale (en-US).
[2019.08.07-01.33.04:489][  0]LogTextLocalizationManager: No specific localization for 'en-US' exists, so the 'en' localization will be used.
[2019.08.07-01.33.04:759][  0]LogStreaming: Display: Took  0.271s to InitEngineTextLocalization.
[2019.08.07-01.33.04:759][  0]LogInit: Setting process to per monitor DPI aware
[2019.08.07-01.33.04:781][  0]LogSlate: New Slate User Created.  User Index 0, Is Virtual User: 0
[2019.08.07-01.33.04:781][  0]LogSlate: Slate User Registered.  User Index 0, Is Virtual User: 0
[2019.08.07-01.33.04:933][  0]LogHMD: Failed to initialize OpenVR with code 110
[2019.08.07-01.33.04:933][  0]LogD3D11RHI: D3D11 adapters:
[2019.08.07-01.33.04:976][  0]LogD3D11RHI:    0. 'NVIDIA GeForce GTX 1060 6GB' (Feature Level 11_0)
[2019.08.07-01.33.04:976][  0]LogD3D11RHI:       6052/0/8164 MB DedicatedVideo/DedicatedSystem/SharedSystem, Outputs:2, VendorId:0x10de
[2019.08.07-01.33.04:977][  0]LogD3D11RHI:    1. 'Microsoft Basic Render Driver' (Feature Level 11_0)
[2019.08.07-01.33.04:977][  0]LogD3D11RHI:       0/0/8164 MB DedicatedVideo/DedicatedSystem/SharedSystem, Outputs:0, VendorId:0x1414
[2019.08.07-01.33.04:977][  0]LogD3D11RHI: Chosen D3D11 Adapter: 0
[2019.08.07-01.33.04:983][  0]LogD3D11RHI: Creating new Direct3DDevice
[2019.08.07-01.33.04:983][  0]LogD3D11RHI:     GPU DeviceId: 0x1c03 (for the marketing name, search the web for "GPU Device Id")
[2019.08.07-01.33.04:983][  0]LogWindows: EnumDisplayDevices:
[2019.08.07-01.33.04:983][  0]LogWindows:    0. 'NVIDIA GeForce GTX 1060 6GB' (P:1 D:1)
[2019.08.07-01.33.04:983][  0]LogWindows:    1. 'NVIDIA GeForce GTX 1060 6GB' (P:0 D:1)
[2019.08.07-01.33.04:983][  0]LogWindows:    2. 'NVIDIA GeForce GTX 1060 6GB' (P:0 D:0)
[2019.08.07-01.33.04:983][  0]LogWindows:    3. 'NVIDIA GeForce GTX 1060 6GB' (P:0 D:0)
[2019.08.07-01.33.04:983][  0]LogWindows: DebugString: FoundDriverCount:4 
[2019.08.07-01.33.04:983][  0]LogD3D11RHI:     Adapter Name: NVIDIA GeForce GTX 1060 6GB
[2019.08.07-01.33.04:983][  0]LogD3D11RHI:   Driver Version: 418.81 (internal:25.21.14.1881, unified:418.81)
[2019.08.07-01.33.04:983][  0]LogD3D11RHI:      Driver Date: 1-30-2019
[2019.08.07-01.33.04:983][  0]LogRHI: Texture pool is 4236 MB (70% of 6052 MB)
[2019.08.07-01.33.05:013][  0]LogD3D11RHI: Async texture creation enabled
[2019.08.07-01.33.05:027][  0]LogD3D11RHI: GPU Timing Frequency: 1000.000000 (Debug: 2 1)
[2019.08.07-01.33.05:124][  0]LogShaderCompilers: Guid format shader working directory is -14 characters bigger than the processId version (../../../../../Projects/IronForgedGames/Project_Tether/Project_Tether/Intermediate/Shaders/WorkingDirectory/18036/).
[2019.08.07-01.33.05:124][  0]LogShaderCompilers: Cleaned the shader compiler working directory 'C:/Users/Aaron's Desktop/AppData/Local/Temp/UnrealShaderWorkingDir/16227FDD4CB2FC89881404AFDFD887D4/'.
[2019.08.07-01.33.05:355][  0]LogTemp: Display: Loaded TP AllDesktopTargetPlatform
[2019.08.07-01.33.05:364][  0]LogTemp: Display: Loaded TP MacClientTargetPlatform
[2019.08.07-01.33.05:374][  0]LogTemp: Display: Loaded TP MacNoEditorTargetPlatform
[2019.08.07-01.33.05:383][  0]LogTemp: Display: Loaded TP MacServerTargetPlatform
[2019.08.07-01.33.05:393][  0]LogTemp: Display: Loaded TP MacTargetPlatform
[2019.08.07-01.33.05:402][  0]LogTemp: Display: Loaded TP WindowsClientTargetPlatform
[2019.08.07-01.33.05:412][  0]LogTemp: Display: Loaded TP WindowsNoEditorTargetPlatform
[2019.08.07-01.33.05:422][  0]LogTemp: Display: Loaded TP WindowsServerTargetPlatform
[2019.08.07-01.33.05:426][  0]LogTemp: Display: Loaded TP WindowsTargetPlatform
[2019.08.07-01.33.05:486][  0]LogTemp: Display: Loaded TP AndroidTargetPlatform
[2019.08.07-01.33.05:486][  0]LogTemp: Display: Loaded TP AndroidTargetPlatform
[2019.08.07-01.33.05:486][  0]LogTemp: Display: Loaded TP AndroidTargetPlatform
[2019.08.07-01.33.05:486][  0]LogTemp: Display: Loaded TP AndroidTargetPlatform
[2019.08.07-01.33.05:486][  0]LogTemp: Display: Loaded TP AndroidTargetPlatform
[2019.08.07-01.33.05:486][  0]LogTemp: Display: Loaded TP AndroidTargetPlatform
[2019.08.07-01.33.05:486][  0]LogTemp: Display: Loaded TP AndroidTargetPlatform
[2019.08.07-01.33.05:486][  0]LogTemp: Display: Loaded TP AndroidTargetPlatform
[2019.08.07-01.33.05:486][  0]LogTemp: Display: Loaded TP AndroidTargetPlatform
[2019.08.07-01.33.05:487][  0]LogTemp: Display: Loaded TP AndroidTargetPlatform
[2019.08.07-01.33.05:487][  0]LogTemp: Display: Loaded TP AndroidTargetPlatform
[2019.08.07-01.33.05:487][  0]LogTemp: Display: Loaded TP AndroidTargetPlatform
[2019.08.07-01.33.05:487][  0]LogTemp: Display: Loaded TP AndroidTargetPlatform
[2019.08.07-01.33.05:487][  0]LogTemp: Display: Loaded TP AndroidTargetPlatform
[2019.08.07-01.33.05:487][  0]LogTemp: Display: Loaded TP AndroidTargetPlatform
[2019.08.07-01.33.05:487][  0]LogTemp: Display: Loaded TP AndroidTargetPlatform
[2019.08.07-01.33.05:487][  0]LogTemp: Display: Loaded TP AndroidTargetPlatform
[2019.08.07-01.33.05:487][  0]LogTemp: Display: Loaded TP AndroidTargetPlatform
[2019.08.07-01.33.05:487][  0]LogTemp: Display: Loaded TP HTML5TargetPlatform
[2019.08.07-01.33.05:540][  0]LogTemp: Display: Loaded TP IOSTargetPlatform
[2019.08.07-01.33.05:540][  0]LogTemp: Display: Loaded TP IOSTargetPlatform
[2019.08.07-01.33.05:558][  0]LogTemp: Display: Loaded TP TVOSTargetPlatform
[2019.08.07-01.33.05:558][  0]LogTemp: Display: Loaded TP TVOSTargetPlatform
[2019.08.07-01.33.05:567][  0]LogTemp: Display: Loaded TP LinuxClientTargetPlatform
[2019.08.07-01.33.05:576][  0]LogTemp: Display: Loaded TP LinuxNoEditorTargetPlatform
[2019.08.07-01.33.05:585][  0]LogTemp: Display: Loaded TP LinuxServerTargetPlatform
[2019.08.07-01.33.05:594][  0]LogTemp: Display: Loaded TP LinuxTargetPlatform
[2019.08.07-01.33.05:601][  0]LogTemp: Display: Loaded TP LuminTargetPlatform
[2019.08.07-01.33.05:601][  0]LogTargetPlatformManager: Display: Building Assets For Windows
[2019.08.07-01.33.05:634][  0]LogXGEController: Cleaning working directory: C:/Users/Aaron's Desktop/AppData/Local/Temp/UnrealXGEWorkingDir/
[2019.08.07-01.33.05:635][  0]LogXGEController: Cannot use XGE Controller as Incredibuild is not installed on this machine.
[2019.08.07-01.33.05:635][  0]LogShaderCompilers: Cannot use XGE Shader Compiler as Incredibuild is not installed on this machine.
[2019.08.07-01.33.05:635][  0]LogShaderCompilers: Display: Using Local Shader Compiler.
[2019.08.07-01.33.06:181][  0]LogDerivedDataCache: Display: Max Cache Size: 512 MB
[2019.08.07-01.33.06:232][  0]LogDerivedDataCache: Loaded boot cache 0.05s 71MB C:/Users/Aaron's Desktop/AppData/Local/UnrealEngine/4.20/DerivedDataCache/Boot.ddc.
[2019.08.07-01.33.06:233][  0]LogDerivedDataCache: Display: Loaded Boot cache: C:/Users/Aaron's Desktop/AppData/Local/UnrealEngine/4.20/DerivedDataCache/Boot.ddc
[2019.08.07-01.33.06:233][  0]LogDerivedDataCache: FDerivedDataBackendGraph:  Pak pak cache file ../../../../../Projects/IronForgedGames/Project_Tether/Project_Tether/DerivedDataCache/DDC.ddp not found, will not use a pak cache.
[2019.08.07-01.33.06:233][  0]LogDerivedDataCache: Unable to find inner node Pak for hierarchical cache Hierarchy.
[2019.08.07-01.33.06:233][  0]LogDerivedDataCache: FDerivedDataBackendGraph:  CompressedPak pak cache file ../../../../../Projects/IronForgedGames/Project_Tether/Project_Tether/DerivedDataCache/Compressed.ddp not found, will not use a pak cache.
[2019.08.07-01.33.06:233][  0]LogDerivedDataCache: Unable to find inner node CompressedPak for hierarchical cache Hierarchy.
[2019.08.07-01.33.06:244][  0]LogDerivedDataCache: Display: Pak cache opened for reading ../../../Engine/DerivedDataCache/Compressed.ddp.
[2019.08.07-01.33.06:256][  0]LogDerivedDataCache: Using Local data cache path C:/Users/Aaron's Desktop/AppData/Local/UnrealEngine/Common/DerivedDataCache: Writable
[2019.08.07-01.33.06:256][  0]LogDerivedDataCache: Shared data cache path not found in *engine.ini, will not use an Shared cache.
[2019.08.07-01.33.06:256][  0]LogDerivedDataCache: Unable to find inner node Shared for hierarchical cache Hierarchy.
[2019.08.07-01.33.06:270][  0]LogMaterial: Verifying Global Shaders for PCD3D_SM5
[2019.08.07-01.33.06:271][  0]LogSlate: Using FreeType 2.6.0
[2019.08.07-01.33.06:271][  0]LogSlate: SlateFontServices - WITH_FREETYPE: 1, WITH_HARFBUZZ: 1
[2019.08.07-01.33.06:336][  0]LogAssetRegistry: FAssetRegistry took 0.0248 seconds to start up
[2019.08.07-01.33.06:571][  0]LogInit: Selected Device Profile: [Windows]
[2019.08.07-01.33.06:665][  0]LogSimplygon: Simplygon DLL not present - disabling.
[2019.08.07-01.33.06:667][  0]LogMeshReduction: Using SimplygonSwarm for distributed automatic mesh merging
[2019.08.07-01.33.06:667][  0]LogMeshReduction: Using ProxyLODMeshReduction for automatic mesh merging
[2019.08.07-01.33.06:667][  0]LogMeshReduction: Using QuadricMeshReduction for automatic static mesh reduction
[2019.08.07-01.33.06:667][  0]LogMeshReduction: No automatic skeletal mesh reduction module available
[2019.08.07-01.33.06:680][  0]LogNetVersion: Project_Tether 1.0.0, NetCL: 4212847, EngineNetVer: 5, GameNetVer: 0 (Checksum: 2290113244)
[2019.08.07-01.33.07:056][  0]LogPackageLocalizationCache: Processed 11 localized package path(s) for 2 prioritized culture(s) in 0.075415 seconds
[2019.08.07-01.33.07:060][  0]LogUObjectArray: 38425 objects as part of root set at end of initial load.
[2019.08.07-01.33.07:061][  0]LogUObjectAllocator: 6690872 out of 0 bytes used by permanent object pool.
[2019.08.07-01.33.07:061][  0]LogUObjectArray: CloseDisregardForGC: 0/0 objects in disregard for GC pool
[2019.08.07-01.33.07:678][  0]LogTcpMessaging: Initializing TcpMessaging bridge
[2019.08.07-01.33.07:690][  0]LogUdpMessaging: Initializing bridge on interface 0.0.0.0:0 to multicast group 230.0.0.1:6666.
[2019.08.07-01.33.07:862][  0]LogLinker: Warning: Can't find file '/Game/ThirdPersonCPP/Blueprints/ThirdPersonCharacter'
[2019.08.07-01.33.07:862][  0]LogLinker: Warning: Can't find file '/Game/ThirdPersonCPP/Blueprints/ThirdPersonCharacter'
[2019.08.07-01.33.07:862][  0]LogUObjectGlobals: Warning: Failed to find object 'Class /Game/ThirdPersonCPP/Blueprints/ThirdPersonCharacter.ThirdPersonCharacter_C'
[2019.08.07-01.33.07:862][  0]Error: CDO Constructor (Project_TetherGameMode): Failed to find /Game/ThirdPersonCPP/Blueprints/ThirdPersonCharacter.ThirdPersonCharacter_C

[2019.08.07-01.33.07:862][  0]LogUObjectBase: Warning: -------------- Default Property warnings and errors:
[2019.08.07-01.33.07:862][  0]LogUObjectBase: Warning: Error: CDO Constructor (Project_TetherGameMode): Failed to find /Game/ThirdPersonCPP/Blueprints/ThirdPersonCharacter.ThirdPersonCharacter_C

[2019.08.07-01.33.09:880][  0]LogWindowsTextInputMethodSystem: Display: IME system now deactivated.
[2019.08.07-01.33.09:907][  0]SourceControl: Source control is disabled
[2019.08.07-01.33.09:907][  0]SourceControl: Source control is disabled
[2019.08.07-01.33.09:908][  0]SourceControl: Source control is disabled
[2019.08.07-01.33.09:908][  0]SourceControl: Source control is disabled
[2019.08.07-01.33.10:052][  0]LogAndroidPermission: UAndroidPermissionCallbackProxy::GetInstance
[2019.08.07-01.33.10:115][  0]LogOcInput: OculusInput pre-init called
[2019.08.07-01.33.10:160][  0]LogEngine: Initializing Engine...
[2019.08.07-01.33.10:160][  0]LogHMD: Failed to initialize OpenVR with code 110
[2019.08.07-01.33.10:161][  0]LogStats: UGameplayTagsManager::ConstructGameplayTagTree: ImportINI prefixes -  0.000 s
[2019.08.07-01.33.10:161][  0]LogStats: UGameplayTagsManager::ConstructGameplayTagTree: Construct from data asset -  0.000 s
[2019.08.07-01.33.10:161][  0]LogStats: UGameplayTagsManager::ConstructGameplayTagTree: ImportINI -  0.000 s
[2019.08.07-01.33.10:161][  0]LogStats: UGameplayTagsManager::ConstructGameplayTagTree: GameplayTagTreeChangedEvent.Broadcast -  0.000 s
[2019.08.07-01.33.10:319][  0]LogInit: Initializing FReadOnlyCVARCache
[2019.08.07-01.33.10:327][  0]LogAIModule: Creating AISystem for world Untitled
[2019.08.07-01.33.10:394][  0]LogInit: XAudio2 using 'G257HL (NVIDIA High Definition Audio)' : 2 channels at 48 kHz using 16 bits per sample (channel mask 0x3)
[2019.08.07-01.33.10:422][  0]LogInit: FAudioDevice initialized.
[2019.08.07-01.33.10:422][  0]LogNetVersion: Set ProjectVersion to 1.0.0.0. Version Checksum will be recalculated on next use.
[2019.08.07-01.33.10:472][  0]LogDerivedDataCache: Saved boot cache 0.05s 71MB C:/Users/Aaron's Desktop/AppData/Local/UnrealEngine/4.20/DerivedDataCache/Boot.ddc.
[2019.08.07-01.33.10:479][  0]LogInit: Texture streaming: Enabled
[2019.08.07-01.33.10:489][  0]LogEngineSessionManager: EngineSessionManager initialized
[2019.08.07-01.33.10:498][  0]LogInit: Transaction tracking system initialized
[2019.08.07-01.33.10:512][  0]BlueprintLog: New page: Editor Load
[2019.08.07-01.33.10:553][  0]LocalizationService: Localization service is disabled
[2019.08.07-01.33.10:743][  0]LogCook: Display: Max memory allowance for cook 16384mb min free memory 0mb
[2019.08.07-01.33.10:743][  0]LogCook: Display: Mobile HDR setting 1
[2019.08.07-01.33.10:743][  0]LogGameplayTags: Display: UGameplayTagsManager::DoneAddingNativeTags. DelegateIsBound: 0
[2019.08.07-01.33.10:743][  0]LogStats: UGameplayTagsManager::ConstructGameplayTagTree: ImportINI prefixes -  0.000 s
[2019.08.07-01.33.10:743][  0]LogStats: UGameplayTagsManager::ConstructGameplayTagTree: Construct from data asset -  0.000 s
[2019.08.07-01.33.10:743][  0]LogStats: UGameplayTagsManager::ConstructGameplayTagTree: ImportINI -  0.000 s
[2019.08.07-01.33.10:743][  0]LogStats: UGameplayTagsManager::ConstructGameplayTagTree: GameplayTagTreeChangedEvent.Broadcast -  0.000 s
[2019.08.07-01.33.10:817][  0]LogFileCache: Scanning file cache for directory 'E:/Projects/IronForgedGames/Project_Tether/Project_Tether/Content/' took 0.02s
[2019.08.07-01.33.10:817][  0]SourceControl: Source control is disabled
[2019.08.07-01.33.10:818][  0]LightingResults: New page: Lighting Build
[2019.08.07-01.33.10:819][  0]MapCheck: New page: Map Check
[2019.08.07-01.33.10:819][  0]LightingResults: New page: Lighting Build
[2019.08.07-01.33.10:946][  0]LogLinker: Error: HOTRELOADED_PlayerComboComponent_0 has an inappropriate outermost, it was probably saved with a deprecated outer (file: ../../../../../Projects/IronForgedGames/Project_Tether/Project_Tether/Content/IronForgedGames/Implementation/Gameplay/CharactersBP/PlayerCharacters/Base/TopDownCharacter_BP.uasset)
[2019.08.07-01.33.10:947][  0]LogLinker: Error: HOTRELOADED_PlayerComboComponent_0 has an inappropriate outermost, it was probably saved with a deprecated outer (file: ../../../../../Projects/IronForgedGames/Project_Tether/Project_Tether/Content/IronForgedGames/Implementation/Gameplay/CharactersBP/PlayerCharacters/Base/TopDownCharacter_BP.uasset)
[2019.08.07-01.33.10:983][  0]LogLinker: Error: HOTRELOADED_PlayerComboComponent_0 has an inappropriate outermost, it was probably saved with a deprecated outer (file: ../../../../../Projects/IronForgedGames/Project_Tether/Project_Tether/Content/IronForgedGames/Implementation/Gameplay/CharactersBP/PlayerCharacters/Base/TopDownCharacter_BP.uasset)
[2019.08.07-01.33.10:985][  0]LogLinker: Error: HOTRELOADED_PlayerComboComponent_0 has an inappropriate outermost, it was probably saved with a deprecated outer (file: ../../../../../Projects/IronForgedGames/Project_Tether/Project_Tether/Content/IronForgedGames/Implementation/Gameplay/CharactersBP/PlayerCharacters/Base/TopDownCharacter_BP.uasset)
[2019.08.07-01.33.11:251][  0]LogAIModule: Creating AISystem for world ThirdPersonExampleMap
[2019.08.07-01.33.11:259][  0]LogMaterial: Warning: Material /Game/IronForgedGames/Implementation/Testing/Materials/Gold.Gold needed to have new flag set bUsedWithSkeletalMesh !
[2019.08.07-01.33.11:262][  0]LogMaterial: Display: Missing cached shader map for material Gold, compiling. 
[2019.08.07-01.33.11:315][  0]MapCheck: Warning: Gold Material /Game/IronForgedGames/Implementation/Testing/Materials/Gold.Gold was missing the usage flag bUsedWithSkeletalMesh. If the material asset is not re-saved, it may not render correctly when run outside the editor. Fix
[2019.08.07-01.33.11:330][  0]LogShaderCompilers: Display: Shaders left to compile 60
[2019.08.07-01.33.11:330][  0]LogShaderCompilers: Display: Shaders left to compile 50
[2019.08.07-01.33.11:330][  0]LogShaderCompilers: Display: Shaders left to compile 40
[2019.08.07-01.33.11:330][  0]LogShaderCompilers: Display: Shaders left to compile 30
[2019.08.07-01.33.11:330][  0]LogShaderCompilers: Display: Shaders left to compile 20
[2019.08.07-01.33.11:330][  0]LogShaderCompilers: Display: Shaders left to compile 10
[2019.08.07-01.33.11:330][  0]LogEditorServer: Finished looking for orphan Actors (0.000 secs)
[2019.08.07-01.33.11:356][  0]Cmd: MAP CHECKDEP NOCLEARLOG
[2019.08.07-01.33.11:415][  0]MapCheck: Map check complete: 0 Error(s), 1 Warning(s), took 59.239ms to complete.
[2019.08.07-01.33.11:432][  0]LogFileHelpers: Loading map 'ThirdPersonExampleMap' took 0.615
[2019.08.07-01.33.11:501][  0]LogWindowsTextInputMethodSystem: Display: IME system now deactivated.
[2019.08.07-01.33.11:531][  0]LogSlate: Updating window title bar state: overlay mode, drag disabled, window buttons hidden, title bar hidden
[2019.08.07-01.33.11:536][  0]LogCollectionManager: Loaded 0 collections in 0.001276 seconds
[2019.08.07-01.33.11:576][  0]LogFileCache: Scanning file cache for directory 'E:/Projects/IronForgedGames/Project_Tether/Project_Tether/Saved/Collections/' took 0.01s
[2019.08.07-01.33.11:576][  0]LogFileCache: Scanning file cache for directory 'E:/Projects/IronForgedGames/Project_Tether/Project_Tether/Content/Developers/AaronsDesktop/Collections/' took 0.01s
[2019.08.07-01.33.11:576][  0]LogFileCache: Scanning file cache for directory 'E:/Projects/IronForgedGames/Project_Tether/Project_Tether/Content/Collections/' took 0.01s
[2019.08.07-01.33.11:576][  0]LogCollectionManager: Rebuilt the GUID cache for 0 collections in 0.000000 seconds
[2019.08.07-01.33.11:584][  0]LogContentBrowser: Native class hierarchy populated in 0.0078 seconds. Added 2605 classes and 621 folders.
[2019.08.07-01.33.11:591][  0]LogContentBrowser: Native class hierarchy updated for 'WidgetCarousel' in 0.0004 seconds. Added 0 classes and 0 folders.
[2019.08.07-01.33.11:629][  0]LogContentBrowser: Native class hierarchy updated for 'AddContentDialog' in 0.0005 seconds. Added 0 classes and 0 folders.
[2019.08.07-01.33.11:634][  0]LogContentBrowser: Native class hierarchy updated for 'SceneOutliner' in 0.0004 seconds. Added 1 classes and 2 folders.
[2019.08.07-01.33.12:930][  0]LogSlate: Only BGRA pngs, bmps or icos are supported in by External Image Picker
[2019.08.07-01.33.12:960][  0]LogSlate: Took 0.000247 seconds to synchronously load lazily loaded font '../../../Engine/Content/Slate/Fonts/Roboto-Regular.ttf' (155K)
[2019.08.07-01.33.12:963][  0]LogSlate: Took 0.000294 seconds to synchronously load lazily loaded font '../../../Engine/Content/Slate/Fonts/Roboto-Bold.ttf' (160K)
[2019.08.07-01.33.12:971][  0]LogSlate: Took 0.000326 seconds to synchronously load lazily loaded font '../../../Engine/Content/Editor/Slate/Fonts/FontAwesome.ttf' (139K)
[2019.08.07-01.33.12:975][  0]LogTemp: Executing iPhonePackager certificates Engine -bundlename com.YourCompany.ProjectTether
[2019.08.07-01.33.12:975][  0]LogTemp: CWD: E:\Epic Games Games\UE_4.20\Engine\Binaries\DotNET\IOS
[2019.08.07-01.33.12:975][  0]LogTemp: Initial Dir: E:\Epic Games Games\UE_4.20
[2019.08.07-01.33.12:975][  0]LogTemp: Env CWD: E:\Epic Games Games\UE_4.20\Engine\Binaries\DotNET\IOS
[2019.08.07-01.33.12:975][  0]LogSlate: Took 0.000243 seconds to synchronously load lazily loaded font '../../../Engine/Content/Slate/Fonts/DroidSansMono.ttf' (77K)
[2019.08.07-01.33.13:104][  0]LogTemp: BranchPath = AARONS-DESKTOP/E/Epic Games Games/UE_4.20/Engine/Binaries --- GameBranchPath = AARONS-DESKTOP/E/Epic Games Games/UE_4.20/Engine/Binaries
[2019.08.07-01.33.13:105][  0]LogRenderer: Reallocating scene render targets to support 1164x568 Format 10 NumSamples 1 (Frame:1).
[2019.08.07-01.33.13:224][  0]LogTemp: IPP ERROR: Could not find provision directory 'C:\Users\Aaron's Desktop\AppData\Local/Apple Computer/MobileDevice/Provisioning Profiles/'.
[2019.08.07-01.33.13:240][  0]LogContentBrowser: Native class hierarchy updated for 'HierarchicalLODOutliner' in 0.0006 seconds. Added 0 classes and 0 folders.
[2019.08.07-01.33.13:241][  0]LogLoad: (Engine Initialization) Total time: 10.15 seconds
[2019.08.07-01.33.13:241][  0]LogLoad: (Engine Initialization) Total Blueprint compile time: 0.00 seconds
[2019.08.07-01.33.13:291][  0]LogContentStreaming: Texture pool size now 1000 MB
[2019.08.07-01.33.13:342][  0]LogSlate: Took 0.000225 seconds to synchronously load lazily loaded font '../../../Engine/Content/Slate/Fonts/Roboto-Light.ttf' (167K)
[2019.08.07-01.33.13:359][  1]LogBlueprintUserMessages: [TopDownAnim_BP_C_0] Pawn does not have AnimBP hook
[2019.08.07-01.33.13:405][  2]LogAssetRegistry: Asset discovery search completed in 7.0916 seconds
[2019.08.07-01.33.13:408][  2]LogCollectionManager: Rebuilt the object cache for 0 collections in 0.000001 seconds (found 0 objects)
[2019.08.07-01.33.13:409][  2]LogCollectionManager: Fixed up redirectors for 0 collections in 0.000289 seconds (updated 0 objects)
[2019.08.07-01.34.08:976][937]LogSlate: FSceneViewport::OnFocusLost() reason 0
[2019.08.07-01.34.11:778][205]LogAssetEditorManager: Opening Asset editor for Blueprint /Game/IronForgedGames/Implementation/Gameplay/CharactersBP/PlayerCharacters/Base/TopDownCharacter_BP.TopDownCharacter_BP
[2019.08.07-01.34.12:409][205]LogContentBrowser: Native class hierarchy updated for 'BlueprintGraph' in 0.0006 seconds. Added 116 classes and 0 folders.
[2019.08.07-01.34.13:371][205]LogBlueprintUserMessages: [TopDownAnim_BP_C_0] Pawn does not have AnimBP hook
[2019.08.07-01.34.13:395][205]LogSlate: Took 0.016009 seconds to synchronously load lazily loaded font '../../../Engine/Content/Slate/Fonts/Roboto-BoldCondensed.ttf' (158K)
[2019.08.07-01.34.13:636][206]LogSlate: Took 0.005354 seconds to synchronously load lazily loaded font '../../../Engine/Content/Slate/Fonts/Roboto-Italic.ttf' (157K)
[2019.08.07-01.34.15:172][300]LogSlate: FSceneViewport::OnFocusLost() reason 2
[2019.08.07-01.34.16:688][439]LogSlate: Window 'TopDownCharacter_BP' being destroyed
[2019.08.07-01.34.27:771][449]BlueprintLog: New page: Compile TopDownCharacter_BP
[2019.08.07-01.34.27:863][449]LogBlueprintUserMessages: [TopDownAnim_BP_C_0] Pawn does not have AnimBP hook
[2019.08.07-01.34.27:939][449]LogBlueprintUserMessages: [TopDownAnim_BP_C_1] Pawn does not have AnimBP hook
[2019.08.07-01.34.27:989][449]LogBlueprintUserMessages: [TopDownAnim_BP_C_0] Pawn does not have AnimBP hook
[2019.08.07-01.34.27:990][449]LogBlueprintUserMessages: [TopDownAnim_BP_C_1] Pawn does not have AnimBP hook
[2019.08.07-01.34.27:991][449]LogBlueprintUserMessages: [TopDownAnim_BP_C_0] Pawn does not have AnimBP hook
[2019.08.07-01.34.27:993][449]LogBlueprintUserMessages: [TopDownAnim_BP_C_1] Pawn does not have AnimBP hook
[2019.08.07-01.34.28:243][449]LogBlueprintUserMessages: [TopDownAnim_BP_C_0] Pawn does not have AnimBP hook
[2019.08.07-01.34.28:499][449]LogSavePackage: Moving '../../../../../Projects/IronForgedGames/Project_Tether/Project_Tether/Saved/TopDownCharacter_BP291A6C04406D4062C74E588685028939.tmp' to '../../../../../Projects/IronForgedGames/Project_Tether/Project_Tether/Content/IronForgedGames/Implementation/Gameplay/CharactersBP/PlayerCharacters/Base/TopDownCharacter_BP.uasset'
[2019.08.07-01.34.35:597][251]LogAssetEditorManager: Opening Asset editor for AnimBlueprint /Game/IronForgedGames/Implementation/Gameplay/CharactersBP/PlayerCharacters/Animation/TopDownAnim_BP.TopDownAnim_BP
[2019.08.07-01.34.35:683][251]LogContentBrowser: Native class hierarchy updated for 'SkeletonEditor' in 0.0004 seconds. Added 1 classes and 2 folders.
[2019.08.07-01.34.35:994][251]LogActorComponent: RegisterComponentWithWorld: (/Engine/Transient.World_7:PersistentLevel.AnimationEditorPreviewActor_0.DebugSkelMeshComponent_0) Already registered. Aborting.
[2019.08.07-01.34.36:014][251]LogContentBrowser: Native class hierarchy updated for 'PinnedCommandList' in 0.0004 seconds. Added 1 classes and 0 folders.
[2019.08.07-01.34.36:277][251]LogSkeletalMesh: USkeletalMeshComponent::InitArticulated : Bodies already created (/Engine/Transient.World_7:PersistentLevel.AnimationEditorPreviewActor_0.DebugSkelMeshComponent_0) - call TermArticulated first.
[2019.08.07-01.34.36:617][251]LogContentBrowser: Native class hierarchy updated for 'ClothingSystemEditorInterface' in 0.0003 seconds. Added 1 classes and 0 folders.
[2019.08.07-01.35.43:723][202]LogSavePackage: Moving '../../../../../Projects/IronForgedGames/Project_Tether/Project_Tether/Saved/TopDownAnim_BP7A3EC45E4007A9CAF83B488F6E56A4A3.tmp' to '../../../../../Projects/IronForgedGames/Project_Tether/Project_Tether/Content/IronForgedGames/Implementation/Gameplay/CharactersBP/PlayerCharacters/Animation/TopDownAnim_BP.uasset'
[2019.08.07-01.35.47:356][637]BlueprintLog: New page: Compile TopDownAnim_BP
[2019.08.07-01.35.47:559][637]LogSavePackage: Moving '../../../../../Projects/IronForgedGames/Project_Tether/Project_Tether/Saved/TopDownAnim_BPBC86E0114DBC14FDDC336AA1BC90F2BB.tmp' to '../../../../../Projects/IronForgedGames/Project_Tether/Project_Tether/Content/IronForgedGames/Implementation/Gameplay/CharactersBP/PlayerCharacters/Animation/TopDownAnim_BP.uasset'
[2019.08.07-01.36.10:130][326]LogEditorTransaction: Undo Move Node
[2019.08.07-01.36.10:223][326]LogActorComponent: RegisterComponentWithWorld: (/Engine/Transient.World_7:PersistentLevel.AnimationEditorPreviewActor_0.DebugSkelMeshComponent_0) Already registered. Aborting.
[2019.08.07-01.36.28:094][444]LogSavePackage: Moving '../../../../../Projects/IronForgedGames/Project_Tether/Project_Tether/Saved/TopDownCharacter_BP1C70DBD64D0D262B62AF1A85536228F9.tmp' to '../../../../../Projects/IronForgedGames/Project_Tether/Project_Tether/Content/IronForgedGames/Implementation/Gameplay/CharactersBP/PlayerCharacters/Base/TopDownCharacter_BP.uasset'
[2019.08.07-01.36.29:192][575]BlueprintLog: New page: Compile TopDownCharacter_BP
[2019.08.07-01.36.29:262][575]LogBlueprintUserMessages: [TopDownAnim_BP_C_0] Pawn does not have AnimBP hook
[2019.08.07-01.36.29:332][575]LogBlueprintUserMessages: [TopDownAnim_BP_C_1] Pawn does not have AnimBP hook
[2019.08.07-01.36.29:361][575]LogBlueprintUserMessages: [TopDownAnim_BP_C_0] Pawn does not have AnimBP hook
[2019.08.07-01.36.29:362][575]LogBlueprintUserMessages: [TopDownAnim_BP_C_1] Pawn does not have AnimBP hook
[2019.08.07-01.36.29:363][575]LogBlueprintUserMessages: [TopDownAnim_BP_C_0] Pawn does not have AnimBP hook
[2019.08.07-01.36.29:364][575]LogBlueprintUserMessages: [TopDownAnim_BP_C_1] Pawn does not have AnimBP hook
[2019.08.07-01.36.29:553][575]LogBlueprintUserMessages: [TopDownAnim_BP_C_0] Pawn does not have AnimBP hook
[2019.08.07-01.37.11:624][537]LogSavePackage: Moving '../../../../../Projects/IronForgedGames/Project_Tether/Project_Tether/Saved/ThirdPersonExampleMap230860D846A90735949416B5D908ED71.tmp' to '../../../../../Projects/IronForgedGames/Project_Tether/Project_Tether/Content/IronForgedGames/Core/Entity/Test/ThirdPersonCPP/Maps/ThirdPersonExampleMap.umap'
[2019.08.07-01.37.38:079][638]BlueprintLog: New page: Compile TopDownCharacter_BP
[2019.08.07-01.37.38:153][638]LogBlueprintUserMessages: [TopDownAnim_BP_C_0] Pawn does not have AnimBP hook
[2019.08.07-01.37.38:218][638]LogBlueprintUserMessages: [TopDownAnim_BP_C_1] Pawn does not have AnimBP hook
[2019.08.07-01.37.38:248][638]LogBlueprintUserMessages: [TopDownAnim_BP_C_0] Pawn does not have AnimBP hook
[2019.08.07-01.37.38:249][638]LogBlueprintUserMessages: [TopDownAnim_BP_C_1] Pawn does not have AnimBP hook
[2019.08.07-01.37.38:250][638]LogBlueprintUserMessages: [TopDownAnim_BP_C_0] Pawn does not have AnimBP hook
[2019.08.07-01.37.38:251][638]LogBlueprintUserMessages: [TopDownAnim_BP_C_1] Pawn does not have AnimBP hook
[2019.08.07-01.37.38:434][638]LogBlueprintUserMessages: [TopDownAnim_BP_C_0] Pawn does not have AnimBP hook
[2019.08.07-01.37.38:557][638]LogSavePackage: Moving '../../../../../Projects/IronForgedGames/Project_Tether/Project_Tether/Saved/TopDownCharacter_BP37DF593E44D8890F6DC8E7828228EFA3.tmp' to '../../../../../Projects/IronForgedGames/Project_Tether/Project_Tether/Content/IronForgedGames/Implementation/Gameplay/CharactersBP/PlayerCharacters/Base/TopDownCharacter_BP.uasset'
[2019.08.07-01.37.42:027][ 48]LogTemp: Repeating last play command: Selected Viewport
[2019.08.07-01.37.42:081][ 48]LogBlueprintUserMessages: Early PlayInEditor Detection: Level '/Game/IronForgedGames/Core/Entity/Test/ThirdPersonCPP/Maps/ThirdPersonExampleMap.ThirdPersonExampleMap:PersistentLevel' has LevelScriptBlueprint '/Game/IronForgedGames/Core/Entity/Test/ThirdPersonCPP/Maps/ThirdPersonExampleMap.ThirdPersonExampleMap:PersistentLevel.ThirdPersonExampleMap' with GeneratedClass '/Game/IronForgedGames/Core/Entity/Test/ThirdPersonCPP/Maps/ThirdPersonExampleMap.ThirdPersonExampleMap_C' with ClassGeneratedBy '/Game/IronForgedGames/Core/Entity/Test/ThirdPersonCPP/Maps/ThirdPersonExampleMap.ThirdPersonExampleMap:PersistentLevel.ThirdPersonExampleMap'
[2019.08.07-01.37.42:082][ 48]LogPlayLevel: PlayLevel: No blueprints needed recompiling
[2019.08.07-01.37.42:160][ 48]PIE: New page: PIE session: ThirdPersonExampleMap (Aug 6, 2019, 4:37:42 PM)
[2019.08.07-01.37.42:160][ 48]LogPlayLevel: Creating play world package: /Game/IronForgedGames/Core/Entity/Test/ThirdPersonCPP/Maps/UEDPIE_0_ThirdPersonExampleMap
[2019.08.07-01.37.42:209][ 48]LogPlayLevel: PIE: StaticDuplicateObject took: (0.047595s)
[2019.08.07-01.37.42:209][ 48]LogAIModule: Creating AISystem for world ThirdPersonExampleMap
[2019.08.07-01.37.42:210][ 48]LogPlayLevel: PIE: World Init took: (0.000665s)
[2019.08.07-01.37.42:210][ 48]LogPlayLevel: PIE: Created PIE world by copying editor world from /Game/IronForgedGames/Core/Entity/Test/ThirdPersonCPP/Maps/ThirdPersonExampleMap.ThirdPersonExampleMap to /Game/IronForgedGames/Core/Entity/Test/ThirdPersonCPP/Maps/UEDPIE_0_ThirdPersonExampleMap.ThirdPersonExampleMap (0.048722s)
[2019.08.07-01.37.42:283][ 48]LogInit: XAudio2 using 'G257HL (NVIDIA High Definition Audio)' : 2 channels at 48 kHz using 16 bits per sample (channel mask 0x3)
[2019.08.07-01.37.42:291][ 48]LogInit: FAudioDevice initialized.
[2019.08.07-01.37.42:300][ 48]LogSlate: Updating window title bar state: overlay mode, drag disabled, window buttons hidden, title bar hidden
[2019.08.07-01.37.42:355][ 48]LogLoad: Game class is 'GameMode'
[2019.08.07-01.37.42:369][ 48]LogWorld: Bringing World /Game/IronForgedGames/Core/Entity/Test/ThirdPersonCPP/Maps/UEDPIE_0_ThirdPersonExampleMap.ThirdPersonExampleMap up for play (max tick rate 0) at 2019.08.06-21.37.42
[2019.08.07-01.37.42:385][ 48]LogWorld: Bringing up level for play took: 0.029720
[2019.08.07-01.37.42:398][ 48]LogGameMode: FindPlayerStart: PATHS NOT DEFINED or NO PLAYERSTART with positive rating
[2019.08.07-01.37.42:481][ 48]LogContentBrowser: Native class hierarchy updated for 'MovieSceneCapture' in 0.0004 seconds. Added 10 classes and 0 folders.
[2019.08.07-01.37.42:482][ 48]LogGameMode: Display: Match State Changed from EnteringMap to WaitingToStart
[2019.08.07-01.37.42:482][ 48]LogGameState: Match State Changed from EnteringMap to WaitingToStart
[2019.08.07-01.37.42:482][ 48]LogGameMode: Display: Match State Changed from WaitingToStart to InProgress
[2019.08.07-01.37.42:482][ 48]LogTemp: Error: Health stat was found, the Vitals will not work
[2019.08.07-01.37.42:483][ 48]LogBlueprintUserMessages: [TopDownCharacter_BP_5] Test Sword Tool was added
[2019.08.07-01.37.42:483][ 48]LogBlueprintUserMessages: [TopDownCharacter_BP_5] Sword Tool 2 was added
[2019.08.07-01.37.42:483][ 48]LogBlueprintUserMessages: [TopDownCharacter_BP_5] Test Sword Tool 3 was added
[2019.08.07-01.37.42:483][ 48]LogBlueprintUserMessages: [TopDownCharacter_BP_5] Test Shield 1 was added
[2019.08.07-01.37.42:483][ 48]LogBlueprintUserMessages: [TopDownCharacter_BP_5] Test Shield 2 was added
[2019.08.07-01.37.42:483][ 48]LogBlueprintUserMessages: [TopDownCharacter_BP_5] Test Shield 3 was added
[2019.08.07-01.37.42:483][ 48]LogTemp: Warning: Is initialized
[2019.08.07-01.37.42:484][ 48]LogBlueprintUserMessages: [TopDownCharacter_BP_5] Test Shield 1 was equipped 
[2019.08.07-01.37.42:484][ 48]LogBlueprintUserMessages: [TopDownCharacter_BP_5] Test Sword Tool was equipped 
[2019.08.07-01.37.42:484][ 48]LogGameState: Match State Changed from WaitingToStart to InProgress
[2019.08.07-01.37.42:485][ 48]PIE: Play in editor start time for /Game/IronForgedGames/Core/Entity/Test/ThirdPersonCPP/Maps/UEDPIE_0_ThirdPersonExampleMap 0.929
[2019.08.07-01.37.42:485][ 48]LogBlueprintUserMessages: Late PlayInEditor Detection: Level '/Game/IronForgedGames/Core/Entity/Test/ThirdPersonCPP/Maps/ThirdPersonExampleMap.ThirdPersonExampleMap:PersistentLevel' has LevelScriptBlueprint '/Game/IronForgedGames/Core/Entity/Test/ThirdPersonCPP/Maps/ThirdPersonExampleMap.ThirdPersonExampleMap:PersistentLevel.ThirdPersonExampleMap' with GeneratedClass '/Game/IronForgedGames/Core/Entity/Test/ThirdPersonCPP/Maps/ThirdPersonExampleMap.ThirdPersonExampleMap_C' with ClassGeneratedBy '/Game/IronForgedGames/Core/Entity/Test/ThirdPersonCPP/Maps/ThirdPersonExampleMap.ThirdPersonExampleMap:PersistentLevel.ThirdPersonExampleMap'
[2019.08.07-01.37.42:615][ 48]LogRenderer: Reallocating scene render targets to support 1292x756 Format 10 NumSamples 1 (Frame:1).
[2019.08.07-01.37.43:410][136]LogTemp: Warning: Can not transition
[2019.08.07-01.37.45:262][358]LogTemp: Warning: Can not transition
[2019.08.07-01.37.46:319][485]LogBlueprintUserMessages: [TopDownCharacter_BP_5] Test Sword Tool was unequipped 
[2019.08.07-01.37.46:320][485]LogBlueprintUserMessages: [TopDownCharacter_BP_5] Sword Tool 2 was equipped 
[2019.08.07-01.37.46:320][485]LogBlueprintUserMessages: [TopDownCharacter_BP_5] Test Shield 1 was unequipped 
[2019.08.07-01.37.46:320][485]LogBlueprintUserMessages: [TopDownCharacter_BP_5] Test Shield 2 was equipped 
[2019.08.07-01.37.47:121][581]LogTemp: Warning: Can not transition
[2019.08.07-01.37.47:287][601]LogTemp: Warning: Can not transition
[2019.08.07-01.37.47:462][622]LogTemp: Warning: Can not transition
[2019.08.07-01.37.47:837][667]LogTemp: Warning: Can not transition
[2019.08.07-01.37.48:012][688]LogTemp: Warning: Can not transition
[2019.08.07-01.37.48:170][707]LogTemp: Warning: Can not transition
[2019.08.07-01.37.48:495][746]LogBlueprintUserMessages: Early EndPlayMap Detection: Level '/Game/IronForgedGames/Core/Entity/Test/ThirdPersonCPP/Maps/ThirdPersonExampleMap.ThirdPersonExampleMap:PersistentLevel' has LevelScriptBlueprint '/Game/IronForgedGames/Core/Entity/Test/ThirdPersonCPP/Maps/ThirdPersonExampleMap.ThirdPersonExampleMap:PersistentLevel.ThirdPersonExampleMap' with GeneratedClass '/Game/IronForgedGames/Core/Entity/Test/ThirdPersonCPP/Maps/ThirdPersonExampleMap.ThirdPersonExampleMap_C' with ClassGeneratedBy '/Game/IronForgedGames/Core/Entity/Test/ThirdPersonCPP/Maps/ThirdPersonExampleMap.ThirdPersonExampleMap:PersistentLevel.ThirdPersonExampleMap'
[2019.08.07-01.37.48:496][746]LogSlate: Updating window title bar state: overlay mode, drag disabled, window buttons hidden, title bar hidden
[2019.08.07-01.37.48:516][746]LogSlate: Window 'Project_Tether Game Preview Standalone (64-bit/PCD3D_SM5)' being destroyed
[2019.08.07-01.37.48:563][746]LogPlayLevel: Display: Shutting down PIE online subsystems
[2019.08.07-01.37.48:563][746]LogBlueprintUserMessages: Late EndPlayMap Detection: Level '/Game/IronForgedGames/Core/Entity/Test/ThirdPersonCPP/Maps/ThirdPersonExampleMap.ThirdPersonExampleMap:PersistentLevel' has LevelScriptBlueprint '/Game/IronForgedGames/Core/Entity/Test/ThirdPersonCPP/Maps/ThirdPersonExampleMap.ThirdPersonExampleMap:PersistentLevel.ThirdPersonExampleMap' with GeneratedClass '/Game/IronForgedGames/Core/Entity/Test/ThirdPersonCPP/Maps/ThirdPersonExampleMap.ThirdPersonExampleMap_C' with ClassGeneratedBy '/Game/IronForgedGames/Core/Entity/Test/ThirdPersonCPP/Maps/ThirdPersonExampleMap.ThirdPersonExampleMap:PersistentLevel.ThirdPersonExampleMap'
[2019.08.07-01.37.48:644][747]LogPlayLevel: Display: Destroying online subsystem :Context_11
[2019.08.07-01.38.02:114][ 22]Candidate modules for hot reload:
[2019.08.07-01.38.02:114][ 22]  Project_Tether
[2019.08.07-01.38.02:115][ 22]Launching UnrealBuildTool... [E:/Epic Games Games/UE_4.20/Engine/Binaries/DotNET/UnrealBuildTool.exe  -ModuleWithSuffix=Project_Tether,1710 Win64 Development -TargetType=Editor -Project="../../../../../Projects/IronForgedGames/Project_Tether/Project_Tether/Project_Tether.uproject" -canskiplink "E:/Projects/IronForgedGames/Project_Tether/Project_Tether/Project_Tether.uproject" ]
[2019.08.07-01.38.02:183][ 22]Warning: Starting HotReload took  0.3s.
[2019.08.07-01.38.38:487][  8]CompilerResultsLog: New page: Compilation - Aug 6, 2019, 4:38:38 PM
[2019.08.07-01.38.38:487][  8]CompilerResultsLog: Using 'git status' to determine working set for adaptive non-unity build.
[2019.08.07-01.38.38:487][  8]CompilerResultsLog: Creating makefile for hot reloading Project_TetherEditor (game project files are newer)
[2019.08.07-01.38.38:487][  8]CompilerResultsLog: Compiling game modules for hot reload
[2019.08.07-01.38.38:487][  8]CompilerResultsLog: Using Visual Studio 2017 14.16.27023 toolchain (C:\Program Files (x86)\Microsoft Visual Studio\2017\Community\VC\Tools\MSVC\14.16.27023) and Windows 10.0.17763.0 SDK (C:\Program Files (x86)\Windows Kits\10).
[2019.08.07-01.38.38:487][  8]CompilerResultsLog: Parsing headers for Project_TetherEditor
[2019.08.07-01.38.38:487][  8]CompilerResultsLog:   Running UnrealHeaderTool "E:\Projects\IronForgedGames\Project_Tether\Project_Tether\Project_Tether.uproject" "E:\Projects\IronForgedGames\Project_Tether\Project_Tether\Intermediate\Build\Win64\Project_TetherEditor\Development\Project_TetherEditor.uhtmanifest" -LogCmds="loginit warning, logexit warning, logdatabase error" -Unattended -WarningsAsErrors -installed
[2019.08.07-01.38.38:487][  8]CompilerResultsLog: Reflection code generated for Project_TetherEditor in 7.7242617 seconds
[2019.08.07-01.38.38:487][  8]CompilerResultsLog: Building 4 actions with 12 processes...
[2019.08.07-01.38.38:487][  8]CompilerResultsLog:   [1/4] Module.Project_Tether.gen.cpp
[2019.08.07-01.38.38:487][  8]CompilerResultsLog:   [2/4] Module.Project_Tether.cpp
[2019.08.07-01.38.38:487][  8]CompilerResultsLog:   [3/4] UE4Editor-Project_Tether-1710.lib
[2019.08.07-01.38.38:487][  8]CompilerResultsLog:      Creating library E:\Projects\IronForgedGames\Project_Tether\Project_Tether\Intermediate\Build\Win64\UE4Editor\Development\Project_Tether\UE4Editor-Project_Tether-1710.lib and object E:\Projects\IronForgedGames\Project_Tether\Project_Tether\Intermediate\Build\Win64\UE4Editor\Development\Project_Tether\UE4Editor-Project_Tether-1710.exp
[2019.08.07-01.38.38:487][  8]CompilerResultsLog:   [4/4] UE4Editor-Project_Tether-1710.dll
[2019.08.07-01.38.38:487][  8]CompilerResultsLog:      Creating library E:\Projects\IronForgedGames\Project_Tether\Project_Tether\Intermediate\Build\Win64\UE4Editor\Development\Project_Tether\UE4Editor-Project_Tether-1710.suppressed.lib and object E:\Projects\IronForgedGames\Project_Tether\Project_Tether\Intermediate\Build\Win64\UE4Editor\Development\Project_Tether\UE4Editor-Project_Tether-1710.suppressed.exp
[2019.08.07-01.38.38:487][  8]CompilerResultsLog: Total build time: 36.00 seconds (Parallel executor: 3.78 seconds)
[2019.08.07-01.38.38:487][  8]LogMainFrame: MainFrame: Module compiling took 36.385 seconds
[2019.08.07-01.38.38:557][  8]LogClass: StatModifier HotReload.
[2019.08.07-01.38.38:557][  8]LogClass: ToolData HotReload.
[2019.08.07-01.38.38:557][  8]LogClass: FHandedness HotReload.
[2019.08.07-01.38.38:557][  8]LogClass: FArmorSlot HotReload.
[2019.08.07-01.38.38:557][  8]LogClass: FRarity HotReload.
[2019.08.07-01.38.38:557][  8]LogClass: FUsageType HotReload.
[2019.08.07-01.38.38:557][  8]LogClass: Status HotReload.
[2019.08.07-01.38.38:557][  8]LogClass: Slot HotReload.
[2019.08.07-01.38.38:557][  8]LogClass: Stat HotReload.
[2019.08.07-01.38.38:557][  8]LogClass: ToolDataKey HotReload.
[2019.08.07-01.38.38:557][  8]LogClass: ToolDataSlot HotReload.
[2019.08.07-01.38.38:557][  8]LogClass: ResistanceModifier HotReload.
[2019.08.07-01.38.38:557][  8]LogClass: HealInfo HotReload.
[2019.08.07-01.38.38:557][  8]LogClass: DamageInfo HotReload.
[2019.08.07-01.38.38:561][  8]Error: CDO Constructor (Project_TetherGameMode): Failed to find /Game/ThirdPersonCPP/Blueprints/ThirdPersonCharacter.ThirdPersonCharacter_C

[2019.08.07-01.38.38:564][  8]LogContentBrowser: Native class hierarchy updated for 'Project_Tether' in 0.0004 seconds. Added 33 classes and 18 folders.
[2019.08.07-01.38.38:564][  8]Warning: Some classes could not be reloaded:
Error: CDO Constructor (Project_TetherGameMode): Failed to find /Game/ThirdPersonCPP/Blueprints/ThirdPersonCharacter.ThirdPersonCharacter_C


[2019.08.07-01.38.38:567][  8]Display: HotReload successful (64 functions remapped  9 scriptstructs remapped)
[2019.08.07-01.38.38:953][  8]LogContentBrowser: Native class hierarchy populated in 0.0072 seconds. Added 2607 classes and 625 folders.
[2019.08.07-01.38.39:024][  8]Display: HotReload took 37.2s.
[2019.08.07-01.40.17:585][302]LogTemp: Repeating last play command: Selected Viewport
[2019.08.07-01.40.17:645][302]LogBlueprintUserMessages: Early PlayInEditor Detection: Level '/Game/IronForgedGames/Core/Entity/Test/ThirdPersonCPP/Maps/ThirdPersonExampleMap.ThirdPersonExampleMap:PersistentLevel' has LevelScriptBlueprint '/Game/IronForgedGames/Core/Entity/Test/ThirdPersonCPP/Maps/ThirdPersonExampleMap.ThirdPersonExampleMap:PersistentLevel.ThirdPersonExampleMap' with GeneratedClass '/Game/IronForgedGames/Core/Entity/Test/ThirdPersonCPP/Maps/ThirdPersonExampleMap.ThirdPersonExampleMap_C' with ClassGeneratedBy '/Game/IronForgedGames/Core/Entity/Test/ThirdPersonCPP/Maps/ThirdPersonExampleMap.ThirdPersonExampleMap:PersistentLevel.ThirdPersonExampleMap'
[2019.08.07-01.40.17:648][302]LogPlayLevel: PlayLevel: No blueprints needed recompiling
[2019.08.07-01.40.17:649][302]PIE: New page: PIE session: ThirdPersonExampleMap (Aug 6, 2019, 4:40:17 PM)
[2019.08.07-01.40.17:650][302]LogPlayLevel: Creating play world package: /Game/IronForgedGames/Core/Entity/Test/ThirdPersonCPP/Maps/UEDPIE_0_ThirdPersonExampleMap
[2019.08.07-01.40.17:677][302]LogPlayLevel: PIE: StaticDuplicateObject took: (0.026357s)
[2019.08.07-01.40.17:678][302]LogAIModule: Creating AISystem for world ThirdPersonExampleMap
[2019.08.07-01.40.17:678][302]LogPlayLevel: PIE: World Init took: (0.001230s)
[2019.08.07-01.40.17:678][302]LogPlayLevel: PIE: Created PIE world by copying editor world from /Game/IronForgedGames/Core/Entity/Test/ThirdPersonCPP/Maps/ThirdPersonExampleMap.ThirdPersonExampleMap to /Game/IronForgedGames/Core/Entity/Test/ThirdPersonCPP/Maps/UEDPIE_0_ThirdPersonExampleMap.ThirdPersonExampleMap (0.028746s)
[2019.08.07-01.40.17:740][302]LogInit: XAudio2 using 'G257HL (NVIDIA High Definition Audio)' : 2 channels at 48 kHz using 16 bits per sample (channel mask 0x3)
[2019.08.07-01.40.17:747][302]LogInit: FAudioDevice initialized.
[2019.08.07-01.40.17:775][302]LogLoad: Game class is 'GameMode'
[2019.08.07-01.40.17:777][302]LogWorld: Bringing World /Game/IronForgedGames/Core/Entity/Test/ThirdPersonCPP/Maps/UEDPIE_0_ThirdPersonExampleMap.ThirdPersonExampleMap up for play (max tick rate 0) at 2019.08.06-21.40.17
[2019.08.07-01.40.17:778][302]LogWorld: Bringing up level for play took: 0.002089
[2019.08.07-01.40.17:790][302]LogGameMode: Display: Match State Changed from EnteringMap to WaitingToStart
[2019.08.07-01.40.17:790][302]LogGameState: Match State Changed from EnteringMap to WaitingToStart
[2019.08.07-01.40.17:791][302]LogGameMode: Display: Match State Changed from WaitingToStart to InProgress
[2019.08.07-01.40.17:792][302]LogTemp: Error: Health stat was found, the Vitals will not work
[2019.08.07-01.40.17:792][302]LogBlueprintUserMessages: [TopDownCharacter_BP_5] Test Sword Tool was added
[2019.08.07-01.40.17:792][302]LogBlueprintUserMessages: [TopDownCharacter_BP_5] Sword Tool 2 was added
[2019.08.07-01.40.17:793][302]LogBlueprintUserMessages: [TopDownCharacter_BP_5] Test Sword Tool 3 was added
[2019.08.07-01.40.17:793][302]LogBlueprintUserMessages: [TopDownCharacter_BP_5] Test Shield 1 was added
[2019.08.07-01.40.17:793][302]LogBlueprintUserMessages: [TopDownCharacter_BP_5] Test Shield 2 was added
[2019.08.07-01.40.17:793][302]LogBlueprintUserMessages: [TopDownCharacter_BP_5] Test Shield 3 was added
[2019.08.07-01.40.17:794][302]LogTemp: Warning: Is initialized
[2019.08.07-01.40.17:794][302]LogBlueprintUserMessages: [TopDownCharacter_BP_5] Test Shield 1 was equipped 
[2019.08.07-01.40.17:794][302]LogBlueprintUserMessages: [TopDownCharacter_BP_5] Test Sword Tool was equipped 
[2019.08.07-01.40.17:795][302]LogGameState: Match State Changed from WaitingToStart to InProgress
[2019.08.07-01.40.17:795][302]PIE: Play in editor start time for /Game/IronForgedGames/Core/Entity/Test/ThirdPersonCPP/Maps/UEDPIE_0_ThirdPersonExampleMap 0.239
[2019.08.07-01.40.17:796][302]LogBlueprintUserMessages: Late PlayInEditor Detection: Level '/Game/IronForgedGames/Core/Entity/Test/ThirdPersonCPP/Maps/ThirdPersonExampleMap.ThirdPersonExampleMap:PersistentLevel' has LevelScriptBlueprint '/Game/IronForgedGames/Core/Entity/Test/ThirdPersonCPP/Maps/ThirdPersonExampleMap.ThirdPersonExampleMap:PersistentLevel.ThirdPersonExampleMap' with GeneratedClass '/Game/IronForgedGames/Core/Entity/Test/ThirdPersonCPP/Maps/ThirdPersonExampleMap.ThirdPersonExampleMap_C' with ClassGeneratedBy '/Game/IronForgedGames/Core/Entity/Test/ThirdPersonCPP/Maps/ThirdPersonExampleMap.ThirdPersonExampleMap:PersistentLevel.ThirdPersonExampleMap'
[2019.08.07-01.40.18:637][398]LogOutputDevice: Warning: 

Script Stack:
TopDownCharacter_BP_C.ExecuteUbergraph_TopDownCharacter_BP
TopDownCharacter_BP_C.InpActEvt_Attack_K2Node_InputActionEvent_0

[2019.08.07-01.40.18:638][398]LogWindows: Windows GetLastError: The operation completed successfully. (0)
[2019.08.07-01.40.24:740][398]LogWindows: Error: === Critical error: ===
[2019.08.07-01.40.24:740][398]LogWindows: Error: 
[2019.08.07-01.40.24:741][398]LogWindows: Error: Assertion failed: (Index >= 0) & (Index < ArrayNum) [File:E:\Epic Games Games\UE_4.20\Engine\Source\Runtime\Core\Public\Containers/Array.h] [Line: 611] 
[2019.08.07-01.40.24:741][398]LogWindows: Error: Array index out of bounds: 0 from an array of size 0
[2019.08.07-01.40.24:741][398]LogWindows: Error: 
[2019.08.07-01.40.24:741][398]LogWindows: Error: 
[2019.08.07-01.40.24:741][398]LogWindows: Error: [Callstack] 0x00007ffad3a3a388 KERNELBASE.dll!UnknownFunction []
[2019.08.07-01.40.24:741][398]LogWindows: Error: [Callstack] 0x00007ffaa5416850 UE4Editor-ApplicationCore.dll!UnknownFunction []
[2019.08.07-01.40.24:741][398]LogWindows: Error: [Callstack] 0x00007ffa74bd62fc UE4Editor-Core.dll!UnknownFunction []
[2019.08.07-01.40.24:741][398]LogWindows: Error: [Callstack] 0x00007ffa74b651db UE4Editor-Core.dll!UnknownFunction []
[2019.08.07-01.40.24:741][398]LogWindows: Error: [Callstack] 0x00007ffab3e9349e UE4Editor-Project_Tether-1710.dll!UPlayerComboComponent::OnInputRecieved() [e:\projects\ironforgedgames\project_tether\project_tether\source\project_tether\private\implementation\gameplay\playercontroller\components\playercombocomponent.cpp:43]
[2019.08.07-01.40.24:741][398]LogWindows: Error: [Callstack] 0x00007ffa8a846467 UE4Editor-CoreUObject.dll!UnknownFunction []
[2019.08.07-01.40.24:741][398]LogWindows: Error: [Callstack] 0x00007ffa8aa516ae UE4Editor-CoreUObject.dll!UnknownFunction []
[2019.08.07-01.40.24:741][398]LogWindows: Error: [Callstack] 0x00007ffa8aa6f499 UE4Editor-CoreUObject.dll!UnknownFunction []
[2019.08.07-01.40.24:741][398]LogWindows: Error: [Callstack] 0x00007ffa8aa71b96 UE4Editor-CoreUObject.dll!UnknownFunction []
[2019.08.07-01.40.24:741][398]LogWindows: Error: [Callstack] 0x00007ffa8aa5205d UE4Editor-CoreUObject.dll!UnknownFunction []
[2019.08.07-01.40.24:741][398]LogWindows: Error: [Callstack] 0x00007ffa8aa71b96 UE4Editor-CoreUObject.dll!UnknownFunction []
[2019.08.07-01.40.24:741][398]LogWindows: Error: [Callstack] 0x00007ffa8a846467 UE4Editor-CoreUObject.dll!UnknownFunction []
[2019.08.07-01.40.24:741][398]LogWindows: Error: [Callstack] 0x00007ffa8aa71133 UE4Editor-CoreUObject.dll!UnknownFunction []
[2019.08.07-01.40.24:741][398]LogWindows: Error: [Callstack] 0x00007ffa71ef8033 UE4Editor-Engine.dll!UnknownFunction []
[2019.08.07-01.40.24:741][398]LogWindows: Error: [Callstack] 0x00007ffa731a23a0 UE4Editor-Engine.dll!UnknownFunction []
[2019.08.07-01.40.24:741][398]LogWindows: Error: [Callstack] 0x00007ffa731d3f52 UE4Editor-Engine.dll!UnknownFunction []
[2019.08.07-01.40.24:741][398]LogWindows: Error: [Callstack] 0x00007ffa72ca017c UE4Editor-Engine.dll!UnknownFunction []
[2019.08.07-01.40.24:741][398]LogWindows: Error: [Callstack] 0x00007ffa72cb4608 UE4Editor-Engine.dll!UnknownFunction []
[2019.08.07-01.40.24:741][398]LogWindows: Error: [Callstack] 0x00007ffa72c9dbcb UE4Editor-Engine.dll!UnknownFunction []
[2019.08.07-01.40.24:741][398]LogWindows: Error: [Callstack] 0x00007ffa72cb34c3 UE4Editor-Engine.dll!UnknownFunction []
[2019.08.07-01.40.24:741][398]LogWindows: Error: [Callstack] 0x00007ffa71ed5630 UE4Editor-Engine.dll!UnknownFunction []
[2019.08.07-01.40.24:741][398]LogWindows: Error: [Callstack] 0x00007ffa730d16bd UE4Editor-Engine.dll!UnknownFunction []
[2019.08.07-01.40.24:741][398]LogWindows: Error: [Callstack] 0x00007ffa749f1f92 UE4Editor-Core.dll!UnknownFunction []
[2019.08.07-01.40.24:742][398]LogWindows: Error: [Callstack] 0x00007ffa749f2456 UE4Editor-Core.dll!UnknownFunction []
[2019.08.07-01.40.24:742][398]LogWindows: Error: [Callstack] 0x00007ffa74a06d25 UE4Editor-Core.dll!UnknownFunction []
[2019.08.07-01.40.24:742][398]LogWindows: Error: [Callstack] 0x00007ffa73125b04 UE4Editor-Engine.dll!UnknownFunction []
[2019.08.07-01.40.24:742][398]LogWindows: Error: [Callstack] 0x00007ffa73134d92 UE4Editor-Engine.dll!UnknownFunction []
[2019.08.07-01.40.24:742][398]LogWindows: Error: [Callstack] 0x00007ffa728387e4 UE4Editor-Engine.dll!UnknownFunction []
[2019.08.07-01.40.24:742][398]LogWindows: Error: [Callstack] 0x00007ffa72844003 UE4Editor-Engine.dll!UnknownFunction []
[2019.08.07-01.40.24:742][398]LogWindows: Error: [Callstack] 0x00007ffa70a17335 UE4Editor-UnrealEd.dll!UnknownFunction []
[2019.08.07-01.40.24:742][398]LogWindows: Error: [Callstack] 0x00007ffa7130f666 UE4Editor-UnrealEd.dll!UnknownFunction []
[2019.08.07-01.40.24:742][398]LogWindows: Error: [Callstack] 0x00007ff7b4205cbd UE4Editor.exe!UnknownFunction []
[2019.08.07-01.40.24:742][398]LogWindows: Error: [Callstack] 0x00007ff7b4215b3c UE4Editor.exe!UnknownFunction []
[2019.08.07-01.40.24:742][398]LogWindows: Error: [Callstack] 0x00007ff7b4215bba UE4Editor.exe!UnknownFunction []
[2019.08.07-01.40.24:742][398]LogWindows: Error: [Callstack] 0x00007ff7b4223dac UE4Editor.exe!UnknownFunction []
[2019.08.07-01.40.24:742][398]LogWindows: Error: [Callstack] 0x00007ff7b4225aaa UE4Editor.exe!UnknownFunction []
[2019.08.07-01.40.24:742][398]LogWindows: Error: [Callstack] 0x00007ffad6d34034 KERNEL32.DLL!UnknownFunction []
[2019.08.07-01.40.24:742][398]LogWindows: Error: [Callstack] 0x00007ffad75f3691 ntdll.dll!UnknownFunction []
[2019.08.07-01.40.24:742][398]LogWindows: Error: 
[2019.08.07-01.40.24:769][398]LogExit: Executing StaticShutdownAfterError
[2019.08.07-01.40.25:135][398]LogWindows: FPlatformMisc::RequestExit(1)
[2019.08.07-01.40.25:137][398]Log file closed, 08/06/19 21:40:25
