Log file open, 07/25/19 19:15:41
LogWindows: Failed to load 'aqProf.dll' (GetLastError=126)
LogWindows: File 'aqProf.dll' does not exist
LogWindows: Failed to load 'VtuneApi.dll' (GetLastError=126)
LogWindows: File 'VtuneApi.dll' does not exist
LogWindows: Failed to load 'VtuneApi32e.dll' (GetLastError=126)
LogWindows: File 'VtuneApi32e.dll' does not exist
LogInit: Display: Running engine for game: Project_Tether
LogPlatformFile: Not using cached read wrapper
LogTaskGraph: Started task graph with 5 named threads and 35 total threads with 3 sets of task threads.
LogStats: Stats thread started at 0.715413
LogD3D11RHI: Loaded GFSDK_Aftermath_Lib.x64.dll
LogICUInternationalization: Display: ICU TimeZone Detection - Raw Offset: -5:00, Platform Override: ''
LogPluginManager: Mounting plugin Paper2D
LogPluginManager: Mounting plugin AISupport
LogPluginManager: Mounting plugin LightPropagationVolume
LogPluginManager: Mounting plugin CLionSourceCodeAccess
LogPluginManager: Mounting plugin CodeLiteSourceCodeAccess
LogPluginManager: Mounting plugin GitSourceControl
LogPluginManager: Mounting plugin KDevelopSourceCodeAccess
LogPluginManager: Mounting plugin NullSourceCodeAccess
LogPluginManager: Mounting plugin PerforceSourceControl
LogPluginManager: Mounting plugin SubversionSourceControl
LogPluginManager: Mounting plugin UObjectPlugin
LogPluginManager: Mounting plugin VisualStudioCodeSourceCodeAccess
LogPluginManager: Mounting plugin VisualStudioSourceCodeAccess
LogPluginManager: Mounting plugin XCodeSourceCodeAccess
LogPluginManager: Mounting plugin AssetManagerEditor
LogPluginManager: Mounting plugin CryptoKeys
LogPluginManager: Mounting plugin DataValidation
LogPluginManager: Mounting plugin FacialAnimation
LogPluginManager: Mounting plugin GameplayTagsEditor
LogPluginManager: Mounting plugin MacGraphicsSwitching
LogPluginManager: Mounting plugin MeshEditor
LogPluginManager: Mounting plugin MobileLauncherProfileWizard
LogPluginManager: Mounting plugin PluginBrowser
LogPluginManager: Mounting plugin SpeedTreeImporter
LogPluginManager: Mounting plugin DatasmithContent
LogPluginManager: Mounting plugin AlembicImporter
LogPluginManager: Mounting plugin AppleImageUtils
LogPluginManager: Mounting plugin AppleVision
LogPluginManager: Mounting plugin BackChannel
LogPluginManager: Mounting plugin CharacterAI
LogPluginManager: Mounting plugin GeometryCache
LogPluginManager: Mounting plugin HTML5Networking
LogPluginManager: Mounting plugin ProxyLODPlugin
LogPluginManager: Mounting plugin MagicLeap
LogPluginManager: Mounting plugin MagicLeapEmulator
LogPluginManager: Mounting plugin MagicLeapMedia
LogPluginManager: Mounting plugin AndroidMedia
LogPluginManager: Mounting plugin AvfMedia
LogPluginManager: Mounting plugin ImgMedia
LogPluginManager: Mounting plugin LinearTimecode
LogPluginManager: Mounting plugin MediaCompositing
LogPluginManager: Mounting plugin MediaPlayerEditor
LogPluginManager: Mounting plugin WmfMedia
LogPluginManager: Mounting plugin TcpMessaging
LogPluginManager: Mounting plugin UdpMessaging
LogPluginManager: Mounting plugin ActorSequence
LogPluginManager: Mounting plugin LevelSequenceEditor
LogPluginManager: Mounting plugin MatineeToLevelSequence
LogPluginManager: Mounting plugin NetcodeUnitTest
LogPluginManager: Mounting plugin NUTUnrealEngine4
LogPluginManager: Mounting plugin OnlineSubsystemGooglePlay
LogPluginManager: Mounting plugin OnlineSubsystemIOS
LogPluginManager: Mounting plugin OnlineSubsystem
LogPluginManager: Mounting plugin OnlineSubsystemNull
LogPluginManager: Mounting plugin OnlineSubsystemUtils
LogPluginManager: Mounting plugin LauncherChunkInstaller
LogPluginManager: Mounting plugin AndroidDeviceProfileSelector
LogPluginManager: Mounting plugin AndroidMoviePlayer
LogPluginManager: Mounting plugin AndroidPermission
LogPluginManager: Mounting plugin AppleMoviePlayer
LogPluginManager: Mounting plugin ArchVisCharacter
LogPluginManager: Mounting plugin AudioCapture
LogPluginManager: Mounting plugin CableComponent
LogPluginManager: Mounting plugin CustomMeshComponent
LogPluginManager: Mounting plugin EditableMesh
LogPluginManager: Mounting plugin ExampleDeviceProfileSelector
LogPluginManager: Mounting plugin GoogleCloudMessaging
LogPluginManager: Mounting plugin ImmediatePhysics
LogPluginManager: Mounting plugin IOSDeviceProfileSelector
LogPluginManager: Mounting plugin LinuxDeviceProfileSelector
LogPluginManager: Mounting plugin LocationServicesBPLibrary
LogPluginManager: Mounting plugin MobilePatchingUtils
LogPluginManager: Mounting plugin OculusVR
LogPluginManager: Plugin shader directory ../../../Engine/Plugins/Runtime/Oculus/OculusVR/Shaders found
LogPluginManager: Mapping shader source directory ../../../Engine/Plugins/Runtime/Oculus/OculusVR/Shaders to virtual directory /Plugin/OculusVR
LogPluginManager: Mounting plugin PhysXVehicles
LogPluginManager: Mounting plugin ProceduralMeshComponent
LogPluginManager: Mounting plugin RuntimePhysXCooking
LogPluginManager: Mounting plugin SteamVR
LogPluginManager: Mounting plugin WindowsMoviePlayer
LogStreaming: Display: Took  0.092s to configure plugins.
LogInit: Using libcurl 7.55.1-DEV
LogInit:  - built for x86_64-pc-win32
LogInit:  - supports SSL with OpenSSL/1.0.2h
LogInit:  - supports HTTP deflate (compression) using libz 1.2.8
LogInit:  - other features:
LogInit:      CURL_VERSION_SSL
LogInit:      CURL_VERSION_LIBZ
LogInit:      CURL_VERSION_IPV6
LogInit:      CURL_VERSION_ASYNCHDNS
LogInit:      CURL_VERSION_LARGEFILE
LogInit:      CURL_VERSION_IDN
LogInit:  CurlRequestOptions (configurable via config and command line):
LogInit:  - bVerifyPeer = false  - Libcurl will NOT verify peer certificate
LogInit:  - bUseHttpProxy = false  - Libcurl will NOT use HTTP proxy
LogInit:  - bDontReuseConnections = false  - Libcurl will reuse connections
LogInit:  - CertBundlePath = nullptr  - Libcurl will use whatever was configured at build time.
LogInit:  - MaxHostConnections = 16  - Libcurl will limit the number of connections to a host
LogInit:  - LocalHostAddr = Default
LogInit:  - BufferSize = 65536
LogInit: WinSock: version 1.1 (2.2), MaxSocks=32767, MaxUdp=65467
LogInit: Build: ++UE4+Release-4.20-CL-4369336
LogInit: Engine Version: 4.20.3-4369336+++UE4+Release-4.20
LogInit: Compatible Engine Version: 4.20.0-4212847+++UE4+Release-4.20
LogInit: Net CL: 4212847
LogInit: OS: Windows 10 (), CPU: Intel(R) Core(TM) i7-8700K CPU @ 3.70GHz, GPU: NVIDIA GeForce GTX 1060 6GB
LogInit: Compiled (64-bit): Sep 17 2018 12:26:19
LogInit: Compiled with Visual C++: 19.13.26129.00
LogInit: Build Configuration: Development
LogInit: Branch Name: ++UE4+Release-4.20
LogInit: Command Line:  -skipcompile
LogInit: Base Directory: E:/Epic Games Games/UE_4.20/Engine/Binaries/Win64/
LogInit: Installed Engine Build: 1
LogDevObjectVersion: Number of dev versions registered: 20
LogDevObjectVersion:   Dev-Blueprints (B0D832E4-1F89-4F0D-ACCF-7EB736FD4AA2): 10
LogDevObjectVersion:   Dev-Build (E1C64328-A22C-4D53-A36C-8E866417BD8C): 0
LogDevObjectVersion:   Dev-Core (375EC13C-06E4-48FB-B500-84F0262A717E): 2
LogDevObjectVersion:   Dev-Editor (E4B068ED-F494-42E9-A231-DA0B2E46BB41): 24
LogDevObjectVersion:   Dev-Framework (CFFC743F-43B0-4480-9391-14DF171D2073): 34
LogDevObjectVersion:   Dev-Mobile (B02B49B5-BB20-44E9-A304-32B752E40360): 2
LogDevObjectVersion:   Dev-Networking (A4E4105C-59A1-49B5-A7C5-40C4547EDFEE): 0
LogDevObjectVersion:   Dev-Online (39C831C9-5AE6-47DC-9A44-9C173E1C8E7C): 0
LogDevObjectVersion:   Dev-Physics (78F01B33-EBEA-4F98-B9B4-84EACCB95AA2): 0
LogDevObjectVersion:   Dev-Platform (6631380F-2D4D-43E0-8009-CF276956A95A): 0
LogDevObjectVersion:   Dev-Rendering (12F88B9F-8875-4AFC-A67C-D90C383ABD29): 26
LogDevObjectVersion:   Dev-Sequencer (7B5AE74C-D270-4C10-A958-57980B212A5A): 9
LogDevObjectVersion:   Dev-VR (D7296918-1DD6-4BDD-9DE2-64A83CC13884): 2
LogDevObjectVersion:   Dev-LoadTimes (C2A15278-BFE7-4AFE-6C17-90FF531DF755): 1
LogDevObjectVersion:   Private-Geometry (6EACA3D4-40EC-4CC1-B786-8BED09428FC5): 3
LogDevObjectVersion:   Dev-AnimPhys (29E575DD-E0A3-4627-9D10-D276232CDCEA): 17
LogDevObjectVersion:   Dev-ReflectionCapture (6B266CEC-1EC7-4B8F-A30B-E4D90942FC07): 1
LogDevObjectVersion:   Dev-Automation (0DF73D61-A23F-47EA-B727-89E90C41499A): 1
LogDevObjectVersion:   FortniteMain (601D1886-AC64-4F84-AA16-D3DE0DEAC7D6): 12
LogDevObjectVersion:   Dev-Enterprise (9DFFBCD6-494F-0158-E221-12823C92A888): 1
LogStreaming: Display: Took  0.015s to delete old logs.
LogInit: Presizing for max 8388607 objects, including 0 objects not considered by GC, pre-allocating 0 bytes for permanent pool.
LogInit: Object subsystem initialized
[2019.07.25-23.15.42:929][  0]LogInit: Selected Device Profile: [Windows]
[2019.07.25-23.15.42:929][  0]LogInit: Applying CVar settings loaded from the selected device profile: [Windows]
[2019.07.25-23.15.42:949][  0]LogHAL: Display: Platform has ~ 16 GB [17121992704 / 17179869184 / 16], which maps to Larger [LargestMinGB=32, LargerMinGB=12, DefaultMinGB=8, SmallerMinGB=6, SmallestMinGB=0)
[2019.07.25-23.15.42:949][  0]LogInit: Setting Device Profile CVar: [[r.Vulkan.UseRealUBs:1]]
[2019.07.25-23.15.42:950][  0]LogInit: Going up to parent DeviceProfile []
[2019.07.25-23.15.42:950][  0]LogInit: Computer: AARONS-DESKTOP
[2019.07.25-23.15.42:950][  0]LogInit: User: AaronsDesktop
[2019.07.25-23.15.42:950][  0]LogInit: CPU Page size=4096, Cores=6
[2019.07.25-23.15.42:950][  0]LogInit: High frequency timer resolution =3.609376 MHz
[2019.07.25-23.15.42:951][  0]LogMemory: Memory total: Physical=15.9GB (16GB approx)
[2019.07.25-23.15.42:951][  0]LogMemory: Platform Memory Stats for Windows
[2019.07.25-23.15.42:951][  0]LogMemory: Process Physical Memory: 103.27 MB used, 103.27 MB peak
[2019.07.25-23.15.42:951][  0]LogMemory: Process Virtual Memory: 98.04 MB used, 98.04 MB peak
[2019.07.25-23.15.42:951][  0]LogMemory: Physical Memory: 6653.29 MB used,  9675.52 MB free, 16328.80 MB total
[2019.07.25-23.15.42:951][  0]LogMemory: Virtual Memory: 4669.73 MB used,  9675.52 MB free, 134217728.00 MB total
[2019.07.25-23.15.43:868][  0]LogInit: Using OS detected language (en-US).
[2019.07.25-23.15.43:869][  0]LogInit: Using OS detected locale (en-US).
[2019.07.25-23.15.43:881][  0]LogTextLocalizationManager: No specific localization for 'en-US' exists, so the 'en' localization will be used.
[2019.07.25-23.15.44:420][  0]LogStreaming: Display: Took  0.552s to InitEngineTextLocalization.
[2019.07.25-23.15.44:421][  0]LogInit: Setting process to per monitor DPI aware
[2019.07.25-23.15.44:642][  0]LogSlate: New Slate User Created.  User Index 0, Is Virtual User: 0
[2019.07.25-23.15.44:642][  0]LogSlate: Slate User Registered.  User Index 0, Is Virtual User: 0
[2019.07.25-23.15.46:227][  0]LogHMD: Failed to initialize OpenVR with code 110
[2019.07.25-23.15.46:227][  0]LogD3D11RHI: D3D11 adapters:
[2019.07.25-23.15.46:309][  0]LogD3D11RHI:    0. 'NVIDIA GeForce GTX 1060 6GB' (Feature Level 11_0)
[2019.07.25-23.15.46:309][  0]LogD3D11RHI:       6052/0/8164 MB DedicatedVideo/DedicatedSystem/SharedSystem, Outputs:2, VendorId:0x10de
[2019.07.25-23.15.46:320][  0]LogD3D11RHI:    1. 'Microsoft Basic Render Driver' (Feature Level 11_0)
[2019.07.25-23.15.46:320][  0]LogD3D11RHI:       0/0/8164 MB DedicatedVideo/DedicatedSystem/SharedSystem, Outputs:0, VendorId:0x1414
[2019.07.25-23.15.46:320][  0]LogD3D11RHI: Chosen D3D11 Adapter: 0
[2019.07.25-23.15.46:327][  0]LogD3D11RHI: Creating new Direct3DDevice
[2019.07.25-23.15.46:327][  0]LogD3D11RHI:     GPU DeviceId: 0x1c03 (for the marketing name, search the web for "GPU Device Id")
[2019.07.25-23.15.46:327][  0]LogWindows: EnumDisplayDevices:
[2019.07.25-23.15.46:328][  0]LogWindows:    0. 'NVIDIA GeForce GTX 1060 6GB' (P:1 D:1)
[2019.07.25-23.15.46:329][  0]LogWindows:    1. 'NVIDIA GeForce GTX 1060 6GB' (P:0 D:1)
[2019.07.25-23.15.46:329][  0]LogWindows:    2. 'NVIDIA GeForce GTX 1060 6GB' (P:0 D:0)
[2019.07.25-23.15.46:330][  0]LogWindows:    3. 'NVIDIA GeForce GTX 1060 6GB' (P:0 D:0)
[2019.07.25-23.15.46:330][  0]LogWindows: DebugString: FoundDriverCount:4 
[2019.07.25-23.15.46:330][  0]LogD3D11RHI:     Adapter Name: NVIDIA GeForce GTX 1060 6GB
[2019.07.25-23.15.46:331][  0]LogD3D11RHI:   Driver Version: 418.81 (internal:25.21.14.1881, unified:418.81)
[2019.07.25-23.15.46:331][  0]LogD3D11RHI:      Driver Date: 1-30-2019
[2019.07.25-23.15.46:331][  0]LogRHI: Texture pool is 4236 MB (70% of 6052 MB)
[2019.07.25-23.15.46:400][  0]LogD3D11RHI: Async texture creation enabled
[2019.07.25-23.15.46:427][  0]LogD3D11RHI: GPU Timing Frequency: 1000.000000 (Debug: 2 1)
[2019.07.25-23.15.46:526][  0]LogShaderCompilers: Guid format shader working directory is -13 characters bigger than the processId version (../../../../../Projects/IronForgedGames/Project_Tether/Project_Tether/Intermediate/Shaders/WorkingDirectory/5380/).
[2019.07.25-23.15.46:527][  0]LogShaderCompilers: Cleaned the shader compiler working directory 'C:/Users/Aaron's Desktop/AppData/Local/Temp/UnrealShaderWorkingDir/F6A477F542CEE94E4080E7AF55E97602/'.
[2019.07.25-23.15.46:820][  0]LogTemp: Display: Loaded TP AllDesktopTargetPlatform
[2019.07.25-23.15.46:855][  0]LogTemp: Display: Loaded TP MacClientTargetPlatform
[2019.07.25-23.15.46:888][  0]LogTemp: Display: Loaded TP MacNoEditorTargetPlatform
[2019.07.25-23.15.46:910][  0]LogTemp: Display: Loaded TP MacServerTargetPlatform
[2019.07.25-23.15.46:941][  0]LogTemp: Display: Loaded TP MacTargetPlatform
[2019.07.25-23.15.46:970][  0]LogTemp: Display: Loaded TP WindowsClientTargetPlatform
[2019.07.25-23.15.47:000][  0]LogTemp: Display: Loaded TP WindowsNoEditorTargetPlatform
[2019.07.25-23.15.47:021][  0]LogTemp: Display: Loaded TP WindowsServerTargetPlatform
[2019.07.25-23.15.47:046][  0]LogTemp: Display: Loaded TP WindowsTargetPlatform
[2019.07.25-23.15.47:138][  0]LogTemp: Display: Loaded TP AndroidTargetPlatform
[2019.07.25-23.15.47:138][  0]LogTemp: Display: Loaded TP AndroidTargetPlatform
[2019.07.25-23.15.47:139][  0]LogTemp: Display: Loaded TP AndroidTargetPlatform
[2019.07.25-23.15.47:139][  0]LogTemp: Display: Loaded TP AndroidTargetPlatform
[2019.07.25-23.15.47:139][  0]LogTemp: Display: Loaded TP AndroidTargetPlatform
[2019.07.25-23.15.47:139][  0]LogTemp: Display: Loaded TP AndroidTargetPlatform
[2019.07.25-23.15.47:139][  0]LogTemp: Display: Loaded TP AndroidTargetPlatform
[2019.07.25-23.15.47:139][  0]LogTemp: Display: Loaded TP AndroidTargetPlatform
[2019.07.25-23.15.47:139][  0]LogTemp: Display: Loaded TP AndroidTargetPlatform
[2019.07.25-23.15.47:139][  0]LogTemp: Display: Loaded TP AndroidTargetPlatform
[2019.07.25-23.15.47:139][  0]LogTemp: Display: Loaded TP AndroidTargetPlatform
[2019.07.25-23.15.47:140][  0]LogTemp: Display: Loaded TP AndroidTargetPlatform
[2019.07.25-23.15.47:140][  0]LogTemp: Display: Loaded TP AndroidTargetPlatform
[2019.07.25-23.15.47:140][  0]LogTemp: Display: Loaded TP AndroidTargetPlatform
[2019.07.25-23.15.47:140][  0]LogTemp: Display: Loaded TP AndroidTargetPlatform
[2019.07.25-23.15.47:140][  0]LogTemp: Display: Loaded TP AndroidTargetPlatform
[2019.07.25-23.15.47:140][  0]LogTemp: Display: Loaded TP AndroidTargetPlatform
[2019.07.25-23.15.47:140][  0]LogTemp: Display: Loaded TP AndroidTargetPlatform
[2019.07.25-23.15.47:156][  0]LogTemp: Display: Loaded TP HTML5TargetPlatform
[2019.07.25-23.15.47:273][  0]LogTemp: Display: Loaded TP IOSTargetPlatform
[2019.07.25-23.15.47:273][  0]LogTemp: Display: Loaded TP IOSTargetPlatform
[2019.07.25-23.15.47:406][  0]LogTemp: Display: Loaded TP TVOSTargetPlatform
[2019.07.25-23.15.47:406][  0]LogTemp: Display: Loaded TP TVOSTargetPlatform
[2019.07.25-23.15.47:426][  0]LogTemp: Display: Loaded TP LinuxClientTargetPlatform
[2019.07.25-23.15.47:447][  0]LogTemp: Display: Loaded TP LinuxNoEditorTargetPlatform
[2019.07.25-23.15.47:482][  0]LogTemp: Display: Loaded TP LinuxServerTargetPlatform
[2019.07.25-23.15.47:539][  0]LogTemp: Display: Loaded TP LinuxTargetPlatform
[2019.07.25-23.15.47:561][  0]LogTemp: Display: Loaded TP LuminTargetPlatform
[2019.07.25-23.15.47:562][  0]LogTargetPlatformManager: Display: Building Assets For Windows
[2019.07.25-23.15.48:263][  0]LogXGEController: Cleaning working directory: C:/Users/Aaron's Desktop/AppData/Local/Temp/UnrealXGEWorkingDir/
[2019.07.25-23.15.48:263][  0]LogXGEController: Cannot use XGE Controller as Incredibuild is not installed on this machine.
[2019.07.25-23.15.48:264][  0]LogShaderCompilers: Cannot use XGE Shader Compiler as Incredibuild is not installed on this machine.
[2019.07.25-23.15.48:264][  0]LogShaderCompilers: Display: Using Local Shader Compiler.
[2019.07.25-23.15.49:868][  0]LogDerivedDataCache: Display: Max Cache Size: 512 MB
[2019.07.25-23.15.50:536][  0]LogDerivedDataCache: Loaded boot cache 0.67s 71MB C:/Users/Aaron's Desktop/AppData/Local/UnrealEngine/4.20/DerivedDataCache/Boot.ddc.
[2019.07.25-23.15.50:537][  0]LogDerivedDataCache: Display: Loaded Boot cache: C:/Users/Aaron's Desktop/AppData/Local/UnrealEngine/4.20/DerivedDataCache/Boot.ddc
[2019.07.25-23.15.50:537][  0]LogDerivedDataCache: FDerivedDataBackendGraph:  Pak pak cache file ../../../../../Projects/IronForgedGames/Project_Tether/Project_Tether/DerivedDataCache/DDC.ddp not found, will not use a pak cache.
[2019.07.25-23.15.50:538][  0]LogDerivedDataCache: Unable to find inner node Pak for hierarchical cache Hierarchy.
[2019.07.25-23.15.50:538][  0]LogDerivedDataCache: FDerivedDataBackendGraph:  CompressedPak pak cache file ../../../../../Projects/IronForgedGames/Project_Tether/Project_Tether/DerivedDataCache/Compressed.ddp not found, will not use a pak cache.
[2019.07.25-23.15.50:538][  0]LogDerivedDataCache: Unable to find inner node CompressedPak for hierarchical cache Hierarchy.
[2019.07.25-23.15.50:577][  0]LogDerivedDataCache: Display: Pak cache opened for reading ../../../Engine/DerivedDataCache/Compressed.ddp.
[2019.07.25-23.15.50:591][  0]LogDerivedDataCache: Using Local data cache path C:/Users/Aaron's Desktop/AppData/Local/UnrealEngine/Common/DerivedDataCache: Writable
[2019.07.25-23.15.50:591][  0]LogDerivedDataCache: Shared data cache path not found in *engine.ini, will not use an Shared cache.
[2019.07.25-23.15.50:591][  0]LogDerivedDataCache: Unable to find inner node Shared for hierarchical cache Hierarchy.
[2019.07.25-23.15.50:617][  0]LogMaterial: Verifying Global Shaders for PCD3D_SM5
[2019.07.25-23.15.50:618][  0]LogSlate: Using FreeType 2.6.0
[2019.07.25-23.15.50:632][  0]LogSlate: SlateFontServices - WITH_FREETYPE: 1, WITH_HARFBUZZ: 1
[2019.07.25-23.15.50:908][  0]LogAssetRegistry: FAssetRegistry took 0.0278 seconds to start up
[2019.07.25-23.15.52:304][  0]LogInit: Selected Device Profile: [Windows]
[2019.07.25-23.15.53:318][  0]LogSimplygon: Simplygon DLL not present - disabling.
[2019.07.25-23.15.53:462][  0]LogMeshReduction: Using SimplygonSwarm for distributed automatic mesh merging
[2019.07.25-23.15.53:462][  0]LogMeshReduction: Using ProxyLODMeshReduction for automatic mesh merging
[2019.07.25-23.15.53:462][  0]LogMeshReduction: Using QuadricMeshReduction for automatic static mesh reduction
[2019.07.25-23.15.53:462][  0]LogMeshReduction: No automatic skeletal mesh reduction module available
[2019.07.25-23.15.53:514][  0]LogNetVersion: Project_Tether 1.0.0, NetCL: 4212847, EngineNetVer: 5, GameNetVer: 0 (Checksum: 2290113244)
[2019.07.25-23.15.54:133][  0]LogPackageLocalizationCache: Processed 11 localized package path(s) for 2 prioritized culture(s) in 0.076193 seconds
[2019.07.25-23.15.54:139][  0]LogUObjectArray: 38425 objects as part of root set at end of initial load.
[2019.07.25-23.15.54:139][  0]LogUObjectAllocator: 6690864 out of 0 bytes used by permanent object pool.
[2019.07.25-23.15.54:140][  0]LogUObjectArray: CloseDisregardForGC: 0/0 objects in disregard for GC pool
[2019.07.25-23.16.03:402][  0]LogTcpMessaging: Initializing TcpMessaging bridge
[2019.07.25-23.16.03:445][  0]LogUdpMessaging: Initializing bridge on interface 0.0.0.0:0 to multicast group 230.0.0.1:6666.
[2019.07.25-23.16.03:897][  0]LogLinker: Warning: Can't find file '/Game/ThirdPersonCPP/Blueprints/ThirdPersonCharacter'
[2019.07.25-23.16.03:898][  0]LogLinker: Warning: Can't find file '/Game/ThirdPersonCPP/Blueprints/ThirdPersonCharacter'
[2019.07.25-23.16.03:898][  0]LogUObjectGlobals: Warning: Failed to find object 'Class /Game/ThirdPersonCPP/Blueprints/ThirdPersonCharacter.ThirdPersonCharacter_C'
[2019.07.25-23.16.03:898][  0]Error: CDO Constructor (Project_TetherGameMode): Failed to find /Game/ThirdPersonCPP/Blueprints/ThirdPersonCharacter.ThirdPersonCharacter_C

[2019.07.25-23.16.03:898][  0]LogUObjectBase: Warning: -------------- Default Property warnings and errors:
[2019.07.25-23.16.03:898][  0]LogUObjectBase: Warning: Error: CDO Constructor (Project_TetherGameMode): Failed to find /Game/ThirdPersonCPP/Blueprints/ThirdPersonCharacter.ThirdPersonCharacter_C

[2019.07.25-23.16.06:691][  0]LogWindowsTextInputMethodSystem: Display: IME system now deactivated.
[2019.07.25-23.16.07:360][  0]SourceControl: Source control is disabled
[2019.07.25-23.16.07:361][  0]SourceControl: Source control is disabled
[2019.07.25-23.16.07:554][  0]SourceControl: Source control is disabled
[2019.07.25-23.16.07:584][  0]SourceControl: Source control is disabled
[2019.07.25-23.16.09:719][  0]LogAndroidPermission: UAndroidPermissionCallbackProxy::GetInstance
[2019.07.25-23.16.10:022][  0]LogOcInput: OculusInput pre-init called
[2019.07.25-23.16.10:467][  0]LogEngine: Initializing Engine...
[2019.07.25-23.16.10:482][  0]LogHMD: Failed to initialize OpenVR with code 110
[2019.07.25-23.16.10:484][  0]LogStats: UGameplayTagsManager::ConstructGameplayTagTree: ImportINI prefixes -  0.000 s
[2019.07.25-23.16.10:484][  0]LogStats: UGameplayTagsManager::ConstructGameplayTagTree: Construct from data asset -  0.000 s
[2019.07.25-23.16.10:491][  0]LogStats: UGameplayTagsManager::ConstructGameplayTagTree: ImportINI -  0.007 s
[2019.07.25-23.16.10:491][  0]LogStats: UGameplayTagsManager::ConstructGameplayTagTree: GameplayTagTreeChangedEvent.Broadcast -  0.000 s
[2019.07.25-23.16.10:674][  0]LogInit: Initializing FReadOnlyCVARCache
[2019.07.25-23.16.10:744][  0]LogAIModule: Creating AISystem for world Untitled
[2019.07.25-23.16.10:794][  0]LogInit: XAudio2 using 'G257HL (NVIDIA High Definition Audio)' : 2 channels at 48 kHz using 16 bits per sample (channel mask 0x3)
[2019.07.25-23.16.10:811][  0]LogInit: FAudioDevice initialized.
[2019.07.25-23.16.10:811][  0]LogNetVersion: Set ProjectVersion to 1.0.0.0. Version Checksum will be recalculated on next use.
[2019.07.25-23.16.10:864][  0]LogDerivedDataCache: Saved boot cache 0.05s 71MB C:/Users/Aaron's Desktop/AppData/Local/UnrealEngine/4.20/DerivedDataCache/Boot.ddc.
[2019.07.25-23.16.10:874][  0]LogInit: Texture streaming: Enabled
[2019.07.25-23.16.11:117][  0]LogEngineSessionManager: EngineSessionManager initialized
[2019.07.25-23.16.11:240][  0]LogInit: Transaction tracking system initialized
[2019.07.25-23.16.11:855][  0]BlueprintLog: New page: Editor Load
[2019.07.25-23.16.13:833][  0]LocalizationService: Localization service is disabled
[2019.07.25-23.16.15:311][  0]LogCook: Display: Max memory allowance for cook 16384mb min free memory 0mb
[2019.07.25-23.16.15:312][  0]LogCook: Display: Mobile HDR setting 1
[2019.07.25-23.16.15:331][  0]LogFileCache: Scanning file cache for directory 'E:/Projects/IronForgedGames/Project_Tether/Project_Tether/Content/' took 0.02s
[2019.07.25-23.16.15:331][  0]LogGameplayTags: Display: UGameplayTagsManager::DoneAddingNativeTags. DelegateIsBound: 0
[2019.07.25-23.16.15:331][  0]LogStats: UGameplayTagsManager::ConstructGameplayTagTree: ImportINI prefixes -  0.000 s
[2019.07.25-23.16.15:331][  0]LogStats: UGameplayTagsManager::ConstructGameplayTagTree: Construct from data asset -  0.000 s
[2019.07.25-23.16.15:332][  0]LogStats: UGameplayTagsManager::ConstructGameplayTagTree: ImportINI -  0.000 s
[2019.07.25-23.16.15:332][  0]LogStats: UGameplayTagsManager::ConstructGameplayTagTree: GameplayTagTreeChangedEvent.Broadcast -  0.000 s
[2019.07.25-23.16.17:376][  0]SourceControl: Source control is disabled
[2019.07.25-23.16.17:385][  0]LightingResults: New page: Lighting Build
[2019.07.25-23.16.17:388][  0]MapCheck: New page: Map Check
[2019.07.25-23.16.17:388][  0]LightingResults: New page: Lighting Build
[2019.07.25-23.16.18:929][  0]LogStaticMesh: Building static mesh StaticMeshSword...
[2019.07.25-23.16.19:206][  0]LogStaticMesh: Built static mesh [0.28s] /Game/IronForgedGames/Content/Assets/Animations/Sword/Original/Weapon/StaticMeshSword.StaticMeshSword
[2019.07.25-23.16.19:299][  0]LogStaticMesh: Building static mesh StaticMeshShield...
[2019.07.25-23.16.19:305][  0]LogStaticMesh: Built static mesh [0.01s] /Game/IronForgedGames/Content/Assets/Animations/Sword/Original/Weapon/StaticMeshShield.StaticMeshShield
[2019.07.25-23.16.19:735][  0]LogAIModule: Creating AISystem for world ThirdPersonExampleMap
[2019.07.25-23.16.19:758][  0]LogEditorServer: Finished looking for orphan Actors (0.000 secs)
[2019.07.25-23.16.19:785][  0]Cmd: MAP CHECKDEP NOCLEARLOG
[2019.07.25-23.16.19:830][  0]MapCheck: Map check complete: 0 Error(s), 0 Warning(s), took 44.722ms to complete.
[2019.07.25-23.16.19:830][  0]LogFileHelpers: Loading map 'ThirdPersonExampleMap' took 2.453
[2019.07.25-23.16.19:916][  0]LogWindowsTextInputMethodSystem: Display: IME system now deactivated.
[2019.07.25-23.16.20:138][  0]LogSlate: Updating window title bar state: overlay mode, drag disabled, window buttons hidden, title bar hidden
[2019.07.25-23.16.20:146][  0]LogSlate: Updating window title bar state: overlay mode, drag disabled, window buttons hidden, title bar hidden
[2019.07.25-23.16.20:154][  0]LogSlate: Updating window title bar state: overlay mode, drag disabled, window buttons hidden, title bar hidden
[2019.07.25-23.16.20:162][  0]LogSlate: Updating window title bar state: overlay mode, drag disabled, window buttons hidden, title bar hidden
[2019.07.25-23.16.20:190][  0]LogCollectionManager: Loaded 0 collections in 0.000738 seconds
[2019.07.25-23.16.20:277][  0]LogFileCache: Scanning file cache for directory 'E:/Projects/IronForgedGames/Project_Tether/Project_Tether/Saved/Collections/' took 0.01s
[2019.07.25-23.16.20:277][  0]LogFileCache: Scanning file cache for directory 'E:/Projects/IronForgedGames/Project_Tether/Project_Tether/Content/Developers/AaronsDesktop/Collections/' took 0.01s
[2019.07.25-23.16.20:277][  0]LogFileCache: Scanning file cache for directory 'E:/Projects/IronForgedGames/Project_Tether/Project_Tether/Content/Collections/' took 0.01s
[2019.07.25-23.16.20:277][  0]LogCollectionManager: Rebuilt the GUID cache for 0 collections in 0.000001 seconds
[2019.07.25-23.16.20:285][  0]LogContentBrowser: Native class hierarchy populated in 0.0077 seconds. Added 2598 classes and 617 folders.
[2019.07.25-23.16.20:338][  0]LogContentBrowser: Native class hierarchy updated for 'WidgetCarousel' in 0.0004 seconds. Added 0 classes and 0 folders.
[2019.07.25-23.16.21:681][  0]LogContentBrowser: Native class hierarchy updated for 'AddContentDialog' in 0.0004 seconds. Added 0 classes and 0 folders.
[2019.07.25-23.16.21:734][  0]LogContentBrowser: Native class hierarchy updated for 'SceneOutliner' in 0.0004 seconds. Added 1 classes and 2 folders.
[2019.07.25-23.16.23:777][  0]LogSlate: Only BGRA pngs, bmps or icos are supported in by External Image Picker
[2019.07.25-23.16.23:813][  0]LogTemp: Executing iPhonePackager certificates Engine -bundlename com.YourCompany.ProjectTether
[2019.07.25-23.16.23:813][  0]LogTemp: CWD: E:\Epic Games Games\UE_4.20\Engine\Binaries\DotNET\IOS
[2019.07.25-23.16.23:813][  0]LogTemp: Initial Dir: E:\Epic Games Games\UE_4.20
[2019.07.25-23.16.23:813][  0]LogTemp: Env CWD: E:\Epic Games Games\UE_4.20\Engine\Binaries\DotNET\IOS
[2019.07.25-23.16.23:813][  0]LogTemp: BranchPath = AARONS-DESKTOP/E/Epic Games Games/UE_4.20/Engine/Binaries --- GameBranchPath = AARONS-DESKTOP/E/Epic Games Games/UE_4.20/Engine/Binaries
[2019.07.25-23.16.23:814][  0]LogSlate: Took 0.009194 seconds to synchronously load lazily loaded font '../../../Engine/Content/Slate/Fonts/Roboto-Regular.ttf' (155K)
[2019.07.25-23.16.23:833][  0]LogSlate: Took 0.013593 seconds to synchronously load lazily loaded font '../../../Engine/Content/Slate/Fonts/Roboto-Bold.ttf' (160K)
[2019.07.25-23.16.23:845][  0]LogSlate: Took 0.008403 seconds to synchronously load lazily loaded font '../../../Engine/Content/Editor/Slate/Fonts/FontAwesome.ttf' (139K)
[2019.07.25-23.16.23:851][  0]LogSlate: Took 0.004311 seconds to synchronously load lazily loaded font '../../../Engine/Content/Slate/Fonts/DroidSansMono.ttf' (77K)
[2019.07.25-23.16.23:996][  0]LogTemp: IPP ERROR: Could not find provision directory 'C:\Users\Aaron's Desktop\AppData\Local/Apple Computer/MobileDevice/Provisioning Profiles/'.
[2019.07.25-23.16.23:996][  0]LogRenderer: Reallocating scene render targets to support 1232x372 Format 10 NumSamples 1 (Frame:1).
[2019.07.25-23.16.24:171][  0]LogContentBrowser: Native class hierarchy updated for 'HierarchicalLODOutliner' in 0.0006 seconds. Added 0 classes and 0 folders.
[2019.07.25-23.16.24:172][  0]LogLoad: (Engine Initialization) Total time: 45.50 seconds
[2019.07.25-23.16.24:172][  0]LogLoad: (Engine Initialization) Total Blueprint compile time: 0.00 seconds
[2019.07.25-23.16.24:216][  0]LogContentStreaming: Texture pool size now 1000 MB
[2019.07.25-23.16.24:290][  0]LogSlate: Took 0.007500 seconds to synchronously load lazily loaded font '../../../Engine/Content/Slate/Fonts/Roboto-Light.ttf' (167K)
[2019.07.25-23.16.24:308][  1]LogBlueprintUserMessages: [TopDownAnim_BP_C_0] Pawn does not have AnimBP hook
[2019.07.25-23.16.24:372][  2]LogAssetRegistry: Asset discovery search completed in 33.4891 seconds
[2019.07.25-23.16.24:374][  2]LogCollectionManager: Rebuilt the object cache for 0 collections in 0.000000 seconds (found 0 objects)
[2019.07.25-23.16.24:374][  2]LogCollectionManager: Fixed up redirectors for 0 collections in 0.000311 seconds (updated 0 objects)
[2019.07.25-23.16.26:348][229]LogSlate: FSceneViewport::OnFocusLost() reason 0
[2019.07.25-23.16.26:482][240]LogRenderer: Reallocating scene render targets to support 1232x380 Format 10 NumSamples 1 (Frame:231).
[2019.07.25-23.16.26:526][241]LogRenderer: Reallocating scene render targets to support 1232x404 Format 10 NumSamples 1 (Frame:233).
[2019.07.25-23.16.26:572][242]LogRenderer: Reallocating scene render targets to support 1232x460 Format 10 NumSamples 1 (Frame:235).
[2019.07.25-23.16.26:622][243]LogRenderer: Reallocating scene render targets to support 1232x524 Format 10 NumSamples 1 (Frame:237).
[2019.07.25-23.16.26:664][244]LogRenderer: Reallocating scene render targets to support 1232x560 Format 10 NumSamples 1 (Frame:239).
[2019.07.25-23.16.26:708][245]LogRenderer: Reallocating scene render targets to support 1232x580 Format 10 NumSamples 1 (Frame:241).
[2019.07.25-23.16.26:753][246]LogRenderer: Reallocating scene render targets to support 1232x584 Format 10 NumSamples 1 (Frame:243).
[2019.07.25-23.16.29:138][523]LogEditorViewport: Clicking on Actor (LMB): TopDownCharacter_BP_C (TopDownCharacter)
[2019.07.25-23.16.30:011][584]LogEditorViewport: Clicking on Actor (LMB): TopDownCharacter_BP_C (TopDownCharacter)
[2019.07.25-23.16.30:927][692]LogEditorViewport: Clicking on Actor (LMB): TopDownCharacter_BP_C (TopDownCharacter)
[2019.07.25-23.16.31:382][745]LogEditorViewport: Clicking on Actor (LMB): TopDownCharacter_BP_C (TopDownCharacter)
[2019.07.25-23.16.31:470][754]LogEditorViewport: Clicking on Component (LMB): StaticMeshComponent (StaticSheild_1)
[2019.07.25-23.16.33:470][989]LogEditorViewport: Clicking on Component (LMB): StaticMeshComponent (StaticSheild_1)
[2019.07.25-23.16.34:293][ 86]LogEditorViewport: Clicking on Component (LMB): StaticMeshComponent (StaticSheild_1)
[2019.07.25-23.16.34:423][100]LogEditorViewport: Clicking on Actor (double click): TopDownCharacter_BP_C (TopDownCharacter)
[2019.07.25-23.16.35:187][183]LogEditorViewport: Clicking on Actor (LMB): TopDownCharacter_BP_C (TopDownCharacter)
[2019.07.25-23.16.35:250][189]LogEditorViewport: Clicking on Component (LMB): StaticMeshComponent (StaticSheild_1)
[2019.07.25-23.16.37:035][401]LogEditorViewport: Clicking on Component (LMB): StaticMeshComponent (StaticSword_2)
[2019.07.25-23.16.37:121][408]LogEditorViewport: Clicking on Actor (double click): TopDownCharacter_BP_C (TopDownCharacter)
[2019.07.25-23.16.37:764][476]LogEditorViewport: Clicking on Actor (LMB): TopDownCharacter_BP_C (TopDownCharacter)
[2019.07.25-23.16.38:136][519]LogEditorViewport: Clicking on Component (LMB): StaticMeshComponent (StaticSword_2)
[2019.07.25-23.16.40:608][806]Cmd: TRANSACTION UNDO
[2019.07.25-23.16.40:608][806]LogEditorTransaction: Undo Move Components
[2019.07.25-23.16.43:532][135]LogSlate: FSceneViewport::OnFocusLost() reason 0
[2019.07.25-23.16.44:860][144]LogSlate: Window 'Save Content' being destroyed
[2019.07.25-23.16.44:955][144]LogSlate: Window 'Project_Tether - Unreal Editor' being destroyed
[2019.07.25-23.16.45:346][145]Cmd: QUIT_EDITOR
[2019.07.25-23.16.45:407][145]LogWindowsTextInputMethodSystem: Display: IME system now deactivated.
[2019.07.25-23.16.45:418][145]LogExit: Preparing to exit.
[2019.07.25-23.16.46:017][145]LogExit: Editor shut down
[2019.07.25-23.16.46:017][145]LogExit: Transaction tracking system shut down
[2019.07.25-23.16.46:543][145]LogExit: Object subsystem successfully closed.
[2019.07.25-23.16.46:704][145]LogShaderCompilers: Display: Shaders left to compile 0
[2019.07.25-23.16.46:707][145]LogD3D11RHI: Shutdown
[2019.07.25-23.16.46:707][145]LogD3D11RHI: CleanupD3DDevice
[2019.07.25-23.16.46:723][145]LogD3D11RHI: ~FD3D11DynamicRHI
[2019.07.25-23.16.46:732][145]LogModuleManager: Shutting down and abandoning module HierarchicalLODOutliner (616)
[2019.07.25-23.16.46:732][145]LogModuleManager: Shutting down and abandoning module ExternalImagePicker (614)
[2019.07.25-23.16.46:733][145]LogModuleManager: Shutting down and abandoning module SceneOutliner (612)
[2019.07.25-23.16.46:733][145]LogModuleManager: Shutting down and abandoning module AddContentDialog (610)
[2019.07.25-23.16.46:733][145]LogModuleManager: Shutting down and abandoning module WidgetCarousel (609)
[2019.07.25-23.16.46:733][145]LogModuleManager: Shutting down and abandoning module EditorWidgets (606)
[2019.07.25-23.16.46:733][145]LogModuleManager: Shutting down and abandoning module CollectionManager (604)
[2019.07.25-23.16.46:734][145]LogModuleManager: Shutting down and abandoning module MeshBuilder (602)
[2019.07.25-23.16.46:734][145]LogModuleManager: Shutting down and abandoning module StatsViewer (600)
[2019.07.25-23.16.46:734][145]LogModuleManager: Shutting down and abandoning module FoliageEdit (598)
[2019.07.25-23.16.46:734][145]LogModuleManager: Shutting down and abandoning module LandscapeEditor (596)
[2019.07.25-23.16.46:734][145]LogModuleManager: Shutting down and abandoning module MeshPaintMode (594)
[2019.07.25-23.16.46:734][145]LogModuleManager: Shutting down and abandoning module SceneDepthPickerMode (592)
[2019.07.25-23.16.46:735][145]LogModuleManager: Shutting down and abandoning module ActorPickerMode (590)
[2019.07.25-23.16.46:735][145]LogModuleManager: Shutting down and abandoning module GeometryMode (588)
[2019.07.25-23.16.46:735][145]LogModuleManager: Shutting down and abandoning module TextureAlignMode (586)
[2019.07.25-23.16.46:735][145]LogModuleManager: Shutting down and abandoning module BspMode (584)
[2019.07.25-23.16.46:735][145]LogModuleManager: Shutting down and abandoning module PIEPreviewDeviceProfileSelector (582)
[2019.07.25-23.16.46:735][145]LogModuleManager: Shutting down and abandoning module SequenceRecorderSections (580)
[2019.07.25-23.16.46:735][145]LogModuleManager: Shutting down and abandoning module AutomationWorker (578)
[2019.07.25-23.16.46:735][145]LogModuleManager: Shutting down and abandoning module AudioCaptureEditor (576)
[2019.07.25-23.16.46:735][145]LogModuleManager: Shutting down and abandoning module SequenceRecorder (575)
[2019.07.25-23.16.46:736][145]LogModuleManager: Shutting down and abandoning module MatineeToLevelSequence (572)
[2019.07.25-23.16.46:736][145]LogModuleManager: Shutting down and abandoning module LevelSequenceEditor (570)
[2019.07.25-23.16.46:736][145]LogModuleManager: Shutting down and abandoning module PlacementMode (569)
[2019.07.25-23.16.46:736][145]LogModuleManager: Shutting down and abandoning module MaterialEditor (568)
[2019.07.25-23.16.46:736][145]LogModuleManager: Shutting down and abandoning module WmfMediaFactory (564)
[2019.07.25-23.16.46:736][145]LogModuleManager: Shutting down and abandoning module WmfMediaEditor (562)
[2019.07.25-23.16.46:736][145]LogModuleManager: Shutting down and abandoning module MediaPlayerEditor (560)
[2019.07.25-23.16.46:736][145]LogModuleManager: Shutting down and abandoning module OpenExrWrapper (558)
[2019.07.25-23.16.46:736][145]LogModuleManager: Shutting down and abandoning module ImgMediaFactory (556)
[2019.07.25-23.16.46:736][145]LogModuleManager: Shutting down and abandoning module ImgMediaEditor (554)
[2019.07.25-23.16.46:737][145]LogModuleManager: Shutting down and abandoning module AvfMediaFactory (552)
[2019.07.25-23.16.46:737][145]LogModuleManager: Shutting down and abandoning module AvfMediaEditor (550)
[2019.07.25-23.16.46:737][145]LogModuleManager: Shutting down and abandoning module AndroidMediaFactory (548)
[2019.07.25-23.16.46:737][145]LogModuleManager: Shutting down and abandoning module AndroidMediaEditor (546)
[2019.07.25-23.16.46:737][145]LogModuleManager: Shutting down and abandoning module MagicLeapCameraPreviewFactory (544)
[2019.07.25-23.16.46:737][145]LogModuleManager: Shutting down and abandoning module MagicLeapMediaFactory (542)
[2019.07.25-23.16.46:737][145]LogModuleManager: Shutting down and abandoning module MagicLeapMediaEditor (540)
[2019.07.25-23.16.46:737][145]LogModuleManager: Shutting down and abandoning module CharacterAI (538)
[2019.07.25-23.16.46:737][145]LogModuleManager: Shutting down and abandoning module SmartSnapping (536)
[2019.07.25-23.16.46:737][145]LogModuleManager: Shutting down and abandoning module SessionServices (534)
[2019.07.25-23.16.46:737][145]LogModuleManager: Shutting down and abandoning module ViewportSnapping (532)
[2019.07.25-23.16.46:737][145]LogModuleManager: Shutting down and abandoning module ViewportInteraction (530)
[2019.07.25-23.16.46:737][145]LogModuleManager: Shutting down and abandoning module ClothPainter (528)
[2019.07.25-23.16.46:737][145]LogModuleManager: Shutting down and abandoning module SkeletalMeshEditor (527)
[2019.07.25-23.16.46:737][145]LogModuleManager: Shutting down and abandoning module LogVisualizer (524)
[2019.07.25-23.16.46:738][145]LogModuleManager: Shutting down and abandoning module IntroTutorials (522)
[2019.07.25-23.16.46:738][145]LogModuleManager: Shutting down and abandoning module GameProjectGeneration (521)
[2019.07.25-23.16.46:738][145]LogModuleManager: Shutting down and abandoning module LuminPlatformEditor (518)
[2019.07.25-23.16.46:738][145]LogModuleManager: Shutting down and abandoning module IOSPlatformEditor (516)
[2019.07.25-23.16.46:738][145]LogModuleManager: Shutting down and abandoning module HTML5PlatformEditor (514)
[2019.07.25-23.16.46:738][145]LogModuleManager: Shutting down and abandoning module AndroidPlatformEditor (512)
[2019.07.25-23.16.46:738][145]LogModuleManager: Shutting down and abandoning module AndroidDeviceDetection (511)
