Log file open, 07/24/19 20:32:45
LogWindows: Failed to load 'aqProf.dll' (GetLastError=126)
LogWindows: File 'aqProf.dll' does not exist
LogWindows: Failed to load 'VtuneApi.dll' (GetLastError=126)
LogWindows: File 'VtuneApi.dll' does not exist
LogWindows: Failed to load 'VtuneApi32e.dll' (GetLastError=126)
LogWindows: File 'VtuneApi32e.dll' does not exist
LogInit: Display: Running engine for game: Project_Tether
LogPlatformFile: Not using cached read wrapper
LogTaskGraph: Started task graph with 5 named threads and 35 total threads with 3 sets of task threads.
LogStats: Stats thread started at 0.395543
LogD3D11RHI: Loaded GFSDK_Aftermath_Lib.x64.dll
LogICUInternationalization: Display: ICU TimeZone Detection - Raw Offset: -5:00, Platform Override: ''
LogPluginManager: Mounting plugin Paper2D
LogPluginManager: Mounting plugin AISupport
LogPluginManager: Mounting plugin LightPropagationVolume
LogPluginManager: Mounting plugin CLionSourceCodeAccess
LogPluginManager: Mounting plugin CodeLiteSourceCodeAccess
LogPluginManager: Mounting plugin GitSourceControl
LogPluginManager: Mounting plugin KDevelopSourceCodeAccess
LogPluginManager: Mounting plugin NullSourceCodeAccess
LogPluginManager: Mounting plugin PerforceSourceControl
LogPluginManager: Mounting plugin SubversionSourceControl
LogPluginManager: Mounting plugin UObjectPlugin
LogPluginManager: Mounting plugin VisualStudioCodeSourceCodeAccess
LogPluginManager: Mounting plugin VisualStudioSourceCodeAccess
LogPluginManager: Mounting plugin XCodeSourceCodeAccess
LogPluginManager: Mounting plugin AssetManagerEditor
LogPluginManager: Mounting plugin CryptoKeys
LogPluginManager: Mounting plugin DataValidation
LogPluginManager: Mounting plugin FacialAnimation
LogPluginManager: Mounting plugin GameplayTagsEditor
LogPluginManager: Mounting plugin MacGraphicsSwitching
LogPluginManager: Mounting plugin MeshEditor
LogPluginManager: Mounting plugin MobileLauncherProfileWizard
LogPluginManager: Mounting plugin PluginBrowser
LogPluginManager: Mounting plugin SpeedTreeImporter
LogPluginManager: Mounting plugin DatasmithContent
LogPluginManager: Mounting plugin AlembicImporter
LogPluginManager: Mounting plugin AppleImageUtils
LogPluginManager: Mounting plugin AppleVision
LogPluginManager: Mounting plugin BackChannel
LogPluginManager: Mounting plugin CharacterAI
LogPluginManager: Mounting plugin GeometryCache
LogPluginManager: Mounting plugin HTML5Networking
LogPluginManager: Mounting plugin ProxyLODPlugin
LogPluginManager: Mounting plugin MagicLeap
LogPluginManager: Mounting plugin MagicLeapEmulator
LogPluginManager: Mounting plugin MagicLeapMedia
LogPluginManager: Mounting plugin AndroidMedia
LogPluginManager: Mounting plugin AvfMedia
LogPluginManager: Mounting plugin ImgMedia
LogPluginManager: Mounting plugin LinearTimecode
LogPluginManager: Mounting plugin MediaCompositing
LogPluginManager: Mounting plugin MediaPlayerEditor
LogPluginManager: Mounting plugin WmfMedia
LogPluginManager: Mounting plugin TcpMessaging
LogPluginManager: Mounting plugin UdpMessaging
LogPluginManager: Mounting plugin ActorSequence
LogPluginManager: Mounting plugin LevelSequenceEditor
LogPluginManager: Mounting plugin MatineeToLevelSequence
LogPluginManager: Mounting plugin NetcodeUnitTest
LogPluginManager: Mounting plugin NUTUnrealEngine4
LogPluginManager: Mounting plugin OnlineSubsystemGooglePlay
LogPluginManager: Mounting plugin OnlineSubsystemIOS
LogPluginManager: Mounting plugin OnlineSubsystem
LogPluginManager: Mounting plugin OnlineSubsystemNull
LogPluginManager: Mounting plugin OnlineSubsystemUtils
LogPluginManager: Mounting plugin LauncherChunkInstaller
LogPluginManager: Mounting plugin AndroidDeviceProfileSelector
LogPluginManager: Mounting plugin AndroidMoviePlayer
LogPluginManager: Mounting plugin AndroidPermission
LogPluginManager: Mounting plugin AppleMoviePlayer
LogPluginManager: Mounting plugin ArchVisCharacter
LogPluginManager: Mounting plugin AudioCapture
LogPluginManager: Mounting plugin CableComponent
LogPluginManager: Mounting plugin CustomMeshComponent
LogPluginManager: Mounting plugin EditableMesh
LogPluginManager: Mounting plugin ExampleDeviceProfileSelector
LogPluginManager: Mounting plugin GoogleCloudMessaging
LogPluginManager: Mounting plugin ImmediatePhysics
LogPluginManager: Mounting plugin IOSDeviceProfileSelector
LogPluginManager: Mounting plugin LinuxDeviceProfileSelector
LogPluginManager: Mounting plugin LocationServicesBPLibrary
LogPluginManager: Mounting plugin MobilePatchingUtils
LogPluginManager: Mounting plugin OculusVR
LogPluginManager: Plugin shader directory ../../../Engine/Plugins/Runtime/Oculus/OculusVR/Shaders found
LogPluginManager: Mapping shader source directory ../../../Engine/Plugins/Runtime/Oculus/OculusVR/Shaders to virtual directory /Plugin/OculusVR
LogPluginManager: Mounting plugin PhysXVehicles
LogPluginManager: Mounting plugin ProceduralMeshComponent
LogPluginManager: Mounting plugin RuntimePhysXCooking
LogPluginManager: Mounting plugin SteamVR
LogPluginManager: Mounting plugin WindowsMoviePlayer
LogStreaming: Display: Took  0.079s to configure plugins.
LogInit: Using libcurl 7.55.1-DEV
LogInit:  - built for x86_64-pc-win32
LogInit:  - supports SSL with OpenSSL/1.0.2h
LogInit:  - supports HTTP deflate (compression) using libz 1.2.8
LogInit:  - other features:
LogInit:      CURL_VERSION_SSL
LogInit:      CURL_VERSION_LIBZ
LogInit:      CURL_VERSION_IPV6
LogInit:      CURL_VERSION_ASYNCHDNS
LogInit:      CURL_VERSION_LARGEFILE
LogInit:      CURL_VERSION_IDN
LogInit:  CurlRequestOptions (configurable via config and command line):
LogInit:  - bVerifyPeer = false  - Libcurl will NOT verify peer certificate
LogInit:  - bUseHttpProxy = false  - Libcurl will NOT use HTTP proxy
LogInit:  - bDontReuseConnections = false  - Libcurl will reuse connections
LogInit:  - CertBundlePath = nullptr  - Libcurl will use whatever was configured at build time.
LogInit:  - MaxHostConnections = 16  - Libcurl will limit the number of connections to a host
LogInit:  - LocalHostAddr = Default
LogInit:  - BufferSize = 65536
LogInit: WinSock: version 1.1 (2.2), MaxSocks=32767, MaxUdp=65467
LogInit: Build: ++UE4+Release-4.20-CL-4369336
LogInit: Engine Version: 4.20.3-4369336+++UE4+Release-4.20
LogInit: Compatible Engine Version: 4.20.0-4212847+++UE4+Release-4.20
LogInit: Net CL: 4212847
LogInit: OS: Windows 10 (), CPU: Intel(R) Core(TM) i7-8700K CPU @ 3.70GHz, GPU: NVIDIA GeForce GTX 1060 6GB
LogInit: Compiled (64-bit): Sep 17 2018 12:26:19
LogInit: Compiled with Visual C++: 19.13.26129.00
LogInit: Build Configuration: Development
LogInit: Branch Name: ++UE4+Release-4.20
LogInit: Command Line: 
LogInit: Base Directory: E:/Epic Games Games/UE_4.20/Engine/Binaries/Win64/
LogInit: Installed Engine Build: 1
LogDevObjectVersion: Number of dev versions registered: 20
LogDevObjectVersion:   Dev-Blueprints (B0D832E4-1F89-4F0D-ACCF-7EB736FD4AA2): 10
LogDevObjectVersion:   Dev-Build (E1C64328-A22C-4D53-A36C-8E866417BD8C): 0
LogDevObjectVersion:   Dev-Core (375EC13C-06E4-48FB-B500-84F0262A717E): 2
LogDevObjectVersion:   Dev-Editor (E4B068ED-F494-42E9-A231-DA0B2E46BB41): 24
LogDevObjectVersion:   Dev-Framework (CFFC743F-43B0-4480-9391-14DF171D2073): 34
LogDevObjectVersion:   Dev-Mobile (B02B49B5-BB20-44E9-A304-32B752E40360): 2
LogDevObjectVersion:   Dev-Networking (A4E4105C-59A1-49B5-A7C5-40C4547EDFEE): 0
LogDevObjectVersion:   Dev-Online (39C831C9-5AE6-47DC-9A44-9C173E1C8E7C): 0
LogDevObjectVersion:   Dev-Physics (78F01B33-EBEA-4F98-B9B4-84EACCB95AA2): 0
LogDevObjectVersion:   Dev-Platform (6631380F-2D4D-43E0-8009-CF276956A95A): 0
LogDevObjectVersion:   Dev-Rendering (12F88B9F-8875-4AFC-A67C-D90C383ABD29): 26
LogDevObjectVersion:   Dev-Sequencer (7B5AE74C-D270-4C10-A958-57980B212A5A): 9
LogDevObjectVersion:   Dev-VR (D7296918-1DD6-4BDD-9DE2-64A83CC13884): 2
LogDevObjectVersion:   Dev-LoadTimes (C2A15278-BFE7-4AFE-6C17-90FF531DF755): 1
LogDevObjectVersion:   Private-Geometry (6EACA3D4-40EC-4CC1-B786-8BED09428FC5): 3
LogDevObjectVersion:   Dev-AnimPhys (29E575DD-E0A3-4627-9D10-D276232CDCEA): 17
LogDevObjectVersion:   Dev-ReflectionCapture (6B266CEC-1EC7-4B8F-A30B-E4D90942FC07): 1
LogDevObjectVersion:   Dev-Automation (0DF73D61-A23F-47EA-B727-89E90C41499A): 1
LogDevObjectVersion:   FortniteMain (601D1886-AC64-4F84-AA16-D3DE0DEAC7D6): 12
LogDevObjectVersion:   Dev-Enterprise (9DFFBCD6-494F-0158-E221-12823C92A888): 1
LogStreaming: Display: Took  0.002s to delete old logs.
LogInit: Presizing for max 8388607 objects, including 0 objects not considered by GC, pre-allocating 0 bytes for permanent pool.
LogInit: Object subsystem initialized
[2019.07.25-00.32.45:832][  0]LogInit: Selected Device Profile: [Windows]
[2019.07.25-00.32.45:832][  0]LogInit: Applying CVar settings loaded from the selected device profile: [Windows]
[2019.07.25-00.32.45:846][  0]LogHAL: Display: Platform has ~ 16 GB [17121992704 / 17179869184 / 16], which maps to Larger [LargestMinGB=32, LargerMinGB=12, DefaultMinGB=8, SmallerMinGB=6, SmallestMinGB=0)
[2019.07.25-00.32.45:846][  0]LogInit: Setting Device Profile CVar: [[r.Vulkan.UseRealUBs:1]]
[2019.07.25-00.32.45:846][  0]LogInit: Going up to parent DeviceProfile []
[2019.07.25-00.32.45:846][  0]LogInit: Computer: AARONS-DESKTOP
[2019.07.25-00.32.45:846][  0]LogInit: User: AaronsDesktop
[2019.07.25-00.32.45:846][  0]LogInit: CPU Page size=4096, Cores=6
[2019.07.25-00.32.45:846][  0]LogInit: High frequency timer resolution =3.609382 MHz
[2019.07.25-00.32.45:846][  0]LogMemory: Memory total: Physical=15.9GB (16GB approx)
[2019.07.25-00.32.45:846][  0]LogMemory: Platform Memory Stats for Windows
[2019.07.25-00.32.45:846][  0]LogMemory: Process Physical Memory: 102.36 MB used, 102.36 MB peak
[2019.07.25-00.32.45:846][  0]LogMemory: Process Virtual Memory: 98.34 MB used, 98.34 MB peak
[2019.07.25-00.32.45:846][  0]LogMemory: Physical Memory: 7220.06 MB used,  9108.74 MB free, 16328.80 MB total
[2019.07.25-00.32.45:846][  0]LogMemory: Virtual Memory: 4669.73 MB used,  9108.74 MB free, 134217728.00 MB total
[2019.07.25-00.32.45:864][  0]LogInit: Using OS detected language (en-US).
[2019.07.25-00.32.45:864][  0]LogInit: Using OS detected locale (en-US).
[2019.07.25-00.32.45:864][  0]LogTextLocalizationManager: No specific localization for 'en-US' exists, so the 'en' localization will be used.
[2019.07.25-00.32.46:163][  0]LogStreaming: Display: Took  0.299s to InitEngineTextLocalization.
[2019.07.25-00.32.46:163][  0]LogInit: Setting process to per monitor DPI aware
[2019.07.25-00.32.46:187][  0]LogSlate: New Slate User Created.  User Index 0, Is Virtual User: 0
[2019.07.25-00.32.46:187][  0]LogSlate: Slate User Registered.  User Index 0, Is Virtual User: 0
[2019.07.25-00.32.46:321][  0]LogHMD: Failed to initialize OpenVR with code 110
[2019.07.25-00.32.46:321][  0]LogD3D11RHI: D3D11 adapters:
[2019.07.25-00.32.46:376][  0]LogD3D11RHI:    0. 'NVIDIA GeForce GTX 1060 6GB' (Feature Level 11_0)
[2019.07.25-00.32.46:376][  0]LogD3D11RHI:       6052/0/8164 MB DedicatedVideo/DedicatedSystem/SharedSystem, Outputs:2, VendorId:0x10de
[2019.07.25-00.32.46:378][  0]LogD3D11RHI:    1. 'Microsoft Basic Render Driver' (Feature Level 11_0)
[2019.07.25-00.32.46:378][  0]LogD3D11RHI:       0/0/8164 MB DedicatedVideo/DedicatedSystem/SharedSystem, Outputs:0, VendorId:0x1414
[2019.07.25-00.32.46:378][  0]LogD3D11RHI: Chosen D3D11 Adapter: 0
[2019.07.25-00.32.46:384][  0]LogD3D11RHI: Creating new Direct3DDevice
[2019.07.25-00.32.46:384][  0]LogD3D11RHI:     GPU DeviceId: 0x1c03 (for the marketing name, search the web for "GPU Device Id")
[2019.07.25-00.32.46:384][  0]LogWindows: EnumDisplayDevices:
[2019.07.25-00.32.46:384][  0]LogWindows:    0. 'NVIDIA GeForce GTX 1060 6GB' (P:1 D:1)
[2019.07.25-00.32.46:384][  0]LogWindows:    1. 'NVIDIA GeForce GTX 1060 6GB' (P:0 D:1)
[2019.07.25-00.32.46:384][  0]LogWindows:    2. 'NVIDIA GeForce GTX 1060 6GB' (P:0 D:0)
[2019.07.25-00.32.46:384][  0]LogWindows:    3. 'NVIDIA GeForce GTX 1060 6GB' (P:0 D:0)
[2019.07.25-00.32.46:384][  0]LogWindows: DebugString: FoundDriverCount:4 
[2019.07.25-00.32.46:384][  0]LogD3D11RHI:     Adapter Name: NVIDIA GeForce GTX 1060 6GB
[2019.07.25-00.32.46:384][  0]LogD3D11RHI:   Driver Version: 418.81 (internal:25.21.14.1881, unified:418.81)
[2019.07.25-00.32.46:384][  0]LogD3D11RHI:      Driver Date: 1-30-2019
[2019.07.25-00.32.46:385][  0]LogRHI: Texture pool is 4236 MB (70% of 6052 MB)
[2019.07.25-00.32.46:416][  0]LogD3D11RHI: Async texture creation enabled
[2019.07.25-00.32.46:440][  0]LogD3D11RHI: GPU Timing Frequency: 1000.000000 (Debug: 2 1)
[2019.07.25-00.32.46:542][  0]LogShaderCompilers: Guid format shader working directory is -14 characters bigger than the processId version (../../../../../Projects/IronForgedGames/Project_Tether/Project_Tether/Intermediate/Shaders/WorkingDirectory/13708/).
[2019.07.25-00.32.46:542][  0]LogShaderCompilers: Cleaned the shader compiler working directory 'C:/Users/Aaron's Desktop/AppData/Local/Temp/UnrealShaderWorkingDir/9EE7B30240E14097ED9571A597041285/'.
[2019.07.25-00.32.46:799][  0]LogTemp: Display: Loaded TP AllDesktopTargetPlatform
[2019.07.25-00.32.46:809][  0]LogTemp: Display: Loaded TP MacClientTargetPlatform
[2019.07.25-00.32.46:819][  0]LogTemp: Display: Loaded TP MacNoEditorTargetPlatform
[2019.07.25-00.32.46:829][  0]LogTemp: Display: Loaded TP MacServerTargetPlatform
[2019.07.25-00.32.46:838][  0]LogTemp: Display: Loaded TP MacTargetPlatform
[2019.07.25-00.32.46:848][  0]LogTemp: Display: Loaded TP WindowsClientTargetPlatform
[2019.07.25-00.32.46:858][  0]LogTemp: Display: Loaded TP WindowsNoEditorTargetPlatform
[2019.07.25-00.32.46:868][  0]LogTemp: Display: Loaded TP WindowsServerTargetPlatform
[2019.07.25-00.32.46:872][  0]LogTemp: Display: Loaded TP WindowsTargetPlatform
[2019.07.25-00.32.46:958][  0]LogTemp: Display: Loaded TP AndroidTargetPlatform
[2019.07.25-00.32.46:958][  0]LogTemp: Display: Loaded TP AndroidTargetPlatform
[2019.07.25-00.32.46:958][  0]LogTemp: Display: Loaded TP AndroidTargetPlatform
[2019.07.25-00.32.46:958][  0]LogTemp: Display: Loaded TP AndroidTargetPlatform
[2019.07.25-00.32.46:958][  0]LogTemp: Display: Loaded TP AndroidTargetPlatform
[2019.07.25-00.32.46:958][  0]LogTemp: Display: Loaded TP AndroidTargetPlatform
[2019.07.25-00.32.46:958][  0]LogTemp: Display: Loaded TP AndroidTargetPlatform
[2019.07.25-00.32.46:958][  0]LogTemp: Display: Loaded TP AndroidTargetPlatform
[2019.07.25-00.32.46:958][  0]LogTemp: Display: Loaded TP AndroidTargetPlatform
[2019.07.25-00.32.46:958][  0]LogTemp: Display: Loaded TP AndroidTargetPlatform
[2019.07.25-00.32.46:958][  0]LogTemp: Display: Loaded TP AndroidTargetPlatform
[2019.07.25-00.32.46:958][  0]LogTemp: Display: Loaded TP AndroidTargetPlatform
[2019.07.25-00.32.46:958][  0]LogTemp: Display: Loaded TP AndroidTargetPlatform
[2019.07.25-00.32.46:958][  0]LogTemp: Display: Loaded TP AndroidTargetPlatform
[2019.07.25-00.32.46:958][  0]LogTemp: Display: Loaded TP AndroidTargetPlatform
[2019.07.25-00.32.46:958][  0]LogTemp: Display: Loaded TP AndroidTargetPlatform
[2019.07.25-00.32.46:958][  0]LogTemp: Display: Loaded TP AndroidTargetPlatform
[2019.07.25-00.32.46:958][  0]LogTemp: Display: Loaded TP AndroidTargetPlatform
[2019.07.25-00.32.46:959][  0]LogTemp: Display: Loaded TP HTML5TargetPlatform
[2019.07.25-00.32.47:012][  0]LogTemp: Display: Loaded TP IOSTargetPlatform
[2019.07.25-00.32.47:012][  0]LogTemp: Display: Loaded TP IOSTargetPlatform
[2019.07.25-00.32.47:046][  0]LogTemp: Display: Loaded TP TVOSTargetPlatform
[2019.07.25-00.32.47:047][  0]LogTemp: Display: Loaded TP TVOSTargetPlatform
[2019.07.25-00.32.47:058][  0]LogTemp: Display: Loaded TP LinuxClientTargetPlatform
[2019.07.25-00.32.47:068][  0]LogTemp: Display: Loaded TP LinuxNoEditorTargetPlatform
[2019.07.25-00.32.47:078][  0]LogTemp: Display: Loaded TP LinuxServerTargetPlatform
[2019.07.25-00.32.47:088][  0]LogTemp: Display: Loaded TP LinuxTargetPlatform
[2019.07.25-00.32.47:096][  0]LogTemp: Display: Loaded TP LuminTargetPlatform
[2019.07.25-00.32.47:096][  0]LogTargetPlatformManager: Display: Building Assets For Windows
[2019.07.25-00.32.47:132][  0]LogXGEController: Cleaning working directory: C:/Users/Aaron's Desktop/AppData/Local/Temp/UnrealXGEWorkingDir/
[2019.07.25-00.32.47:132][  0]LogXGEController: Cannot use XGE Controller as Incredibuild is not installed on this machine.
[2019.07.25-00.32.47:132][  0]LogShaderCompilers: Cannot use XGE Shader Compiler as Incredibuild is not installed on this machine.
[2019.07.25-00.32.47:132][  0]LogShaderCompilers: Display: Using Local Shader Compiler.
[2019.07.25-00.32.47:729][  0]LogDerivedDataCache: Display: Max Cache Size: 512 MB
[2019.07.25-00.32.47:774][  0]LogDerivedDataCache: Loaded boot cache 0.04s 71MB C:/Users/Aaron's Desktop/AppData/Local/UnrealEngine/4.20/DerivedDataCache/Boot.ddc.
[2019.07.25-00.32.47:774][  0]LogDerivedDataCache: Display: Loaded Boot cache: C:/Users/Aaron's Desktop/AppData/Local/UnrealEngine/4.20/DerivedDataCache/Boot.ddc
[2019.07.25-00.32.47:774][  0]LogDerivedDataCache: FDerivedDataBackendGraph:  Pak pak cache file ../../../../../Projects/IronForgedGames/Project_Tether/Project_Tether/DerivedDataCache/DDC.ddp not found, will not use a pak cache.
[2019.07.25-00.32.47:774][  0]LogDerivedDataCache: Unable to find inner node Pak for hierarchical cache Hierarchy.
[2019.07.25-00.32.47:774][  0]LogDerivedDataCache: FDerivedDataBackendGraph:  CompressedPak pak cache file ../../../../../Projects/IronForgedGames/Project_Tether/Project_Tether/DerivedDataCache/Compressed.ddp not found, will not use a pak cache.
[2019.07.25-00.32.47:774][  0]LogDerivedDataCache: Unable to find inner node CompressedPak for hierarchical cache Hierarchy.
[2019.07.25-00.32.47:786][  0]LogDerivedDataCache: Display: Pak cache opened for reading ../../../Engine/DerivedDataCache/Compressed.ddp.
[2019.07.25-00.32.47:798][  0]LogDerivedDataCache: Using Local data cache path C:/Users/Aaron's Desktop/AppData/Local/UnrealEngine/Common/DerivedDataCache: Writable
[2019.07.25-00.32.47:798][  0]LogDerivedDataCache: Shared data cache path not found in *engine.ini, will not use an Shared cache.
[2019.07.25-00.32.47:798][  0]LogDerivedDataCache: Unable to find inner node Shared for hierarchical cache Hierarchy.
[2019.07.25-00.32.47:813][  0]LogMaterial: Verifying Global Shaders for PCD3D_SM5
[2019.07.25-00.32.47:814][  0]LogSlate: Using FreeType 2.6.0
[2019.07.25-00.32.47:815][  0]LogSlate: SlateFontServices - WITH_FREETYPE: 1, WITH_HARFBUZZ: 1
[2019.07.25-00.32.47:879][  0]LogAssetRegistry: FAssetRegistry took 0.0258 seconds to start up
[2019.07.25-00.32.48:128][  0]LogInit: Selected Device Profile: [Windows]
[2019.07.25-00.32.48:227][  0]LogSimplygon: Simplygon DLL not present - disabling.
[2019.07.25-00.32.48:229][  0]LogMeshReduction: Using SimplygonSwarm for distributed automatic mesh merging
[2019.07.25-00.32.48:229][  0]LogMeshReduction: Using ProxyLODMeshReduction for automatic mesh merging
[2019.07.25-00.32.48:229][  0]LogMeshReduction: Using QuadricMeshReduction for automatic static mesh reduction
[2019.07.25-00.32.48:229][  0]LogMeshReduction: No automatic skeletal mesh reduction module available
[2019.07.25-00.32.48:247][  0]LogNetVersion: Project_Tether 1.0.0, NetCL: 4212847, EngineNetVer: 5, GameNetVer: 0 (Checksum: 2290113244)
[2019.07.25-00.32.48:688][  0]LogPackageLocalizationCache: Processed 11 localized package path(s) for 2 prioritized culture(s) in 0.085195 seconds
[2019.07.25-00.32.48:694][  0]LogUObjectArray: 38425 objects as part of root set at end of initial load.
[2019.07.25-00.32.48:694][  0]LogUObjectAllocator: 6690872 out of 0 bytes used by permanent object pool.
[2019.07.25-00.32.48:694][  0]LogUObjectArray: CloseDisregardForGC: 0/0 objects in disregard for GC pool
[2019.07.25-00.32.49:436][  0]LogTcpMessaging: Initializing TcpMessaging bridge
[2019.07.25-00.32.49:449][  0]LogUdpMessaging: Initializing bridge on interface 0.0.0.0:0 to multicast group 230.0.0.1:6666.
[2019.07.25-00.32.49:566][  0]LogLinker: Warning: Can't find file '/Game/ThirdPersonCPP/Blueprints/ThirdPersonCharacter'
[2019.07.25-00.32.49:566][  0]LogLinker: Warning: Can't find file '/Game/ThirdPersonCPP/Blueprints/ThirdPersonCharacter'
[2019.07.25-00.32.49:566][  0]LogUObjectGlobals: Warning: Failed to find object 'Class /Game/ThirdPersonCPP/Blueprints/ThirdPersonCharacter.ThirdPersonCharacter_C'
[2019.07.25-00.32.49:566][  0]Error: CDO Constructor (Project_TetherGameMode): Failed to find /Game/ThirdPersonCPP/Blueprints/ThirdPersonCharacter.ThirdPersonCharacter_C

[2019.07.25-00.32.49:566][  0]LogUObjectBase: Warning: -------------- Default Property warnings and errors:
[2019.07.25-00.32.49:566][  0]LogUObjectBase: Warning: Error: CDO Constructor (Project_TetherGameMode): Failed to find /Game/ThirdPersonCPP/Blueprints/ThirdPersonCharacter.ThirdPersonCharacter_C

[2019.07.25-00.33.13:505][  0]LogWindowsTextInputMethodSystem: Display: IME system now deactivated.
[2019.07.25-00.33.13:535][  0]SourceControl: Source control is disabled
[2019.07.25-00.33.13:535][  0]SourceControl: Source control is disabled
[2019.07.25-00.33.13:536][  0]SourceControl: Source control is disabled
[2019.07.25-00.33.13:537][  0]SourceControl: Source control is disabled
[2019.07.25-00.33.13:704][  0]LogAndroidPermission: UAndroidPermissionCallbackProxy::GetInstance
[2019.07.25-00.33.13:809][  0]LogOcInput: OculusInput pre-init called
[2019.07.25-00.33.13:858][  0]LogEngine: Initializing Engine...
[2019.07.25-00.33.13:858][  0]LogHMD: Failed to initialize OpenVR with code 110
[2019.07.25-00.33.13:859][  0]LogStats: UGameplayTagsManager::ConstructGameplayTagTree: ImportINI prefixes -  0.000 s
[2019.07.25-00.33.13:859][  0]LogStats: UGameplayTagsManager::ConstructGameplayTagTree: Construct from data asset -  0.000 s
[2019.07.25-00.33.13:860][  0]LogStats: UGameplayTagsManager::ConstructGameplayTagTree: ImportINI -  0.000 s
[2019.07.25-00.33.13:860][  0]LogStats: UGameplayTagsManager::ConstructGameplayTagTree: GameplayTagTreeChangedEvent.Broadcast -  0.000 s
[2019.07.25-00.33.14:041][  0]LogInit: Initializing FReadOnlyCVARCache
[2019.07.25-00.33.14:049][  0]LogAIModule: Creating AISystem for world Untitled
[2019.07.25-00.33.14:111][  0]LogInit: XAudio2 using 'G257HL (NVIDIA High Definition Audio)' : 2 channels at 48 kHz using 16 bits per sample (channel mask 0x3)
[2019.07.25-00.33.14:122][  0]LogInit: FAudioDevice initialized.
[2019.07.25-00.33.14:123][  0]LogNetVersion: Set ProjectVersion to 1.0.0.0. Version Checksum will be recalculated on next use.
[2019.07.25-00.33.14:185][  0]LogDerivedDataCache: Saved boot cache 0.06s 71MB C:/Users/Aaron's Desktop/AppData/Local/UnrealEngine/4.20/DerivedDataCache/Boot.ddc.
[2019.07.25-00.33.14:191][  0]LogInit: Texture streaming: Enabled
[2019.07.25-00.33.14:207][  0]LogEngineSessionManager: EngineSessionManager initialized
[2019.07.25-00.33.14:207][  0]LogEngineSessionManager: EngineSessionManager sent abnormal shutdown report. Type=Crashed, SessionId={58E0C180-4AB4-2B49-674A-6CAD57EA3819}
[2019.07.25-00.33.14:216][  0]LogInit: Transaction tracking system initialized
[2019.07.25-00.33.14:228][  0]BlueprintLog: New page: Editor Load
[2019.07.25-00.33.14:271][  0]LocalizationService: Localization service is disabled
[2019.07.25-00.33.14:471][  0]LogCook: Display: Max memory allowance for cook 16384mb min free memory 0mb
[2019.07.25-00.33.14:471][  0]LogCook: Display: Mobile HDR setting 1
[2019.07.25-00.33.14:471][  0]LogGameplayTags: Display: UGameplayTagsManager::DoneAddingNativeTags. DelegateIsBound: 0
[2019.07.25-00.33.14:471][  0]LogStats: UGameplayTagsManager::ConstructGameplayTagTree: ImportINI prefixes -  0.000 s
[2019.07.25-00.33.14:471][  0]LogStats: UGameplayTagsManager::ConstructGameplayTagTree: Construct from data asset -  0.000 s
[2019.07.25-00.33.14:471][  0]LogStats: UGameplayTagsManager::ConstructGameplayTagTree: ImportINI -  0.000 s
[2019.07.25-00.33.14:471][  0]LogStats: UGameplayTagsManager::ConstructGameplayTagTree: GameplayTagTreeChangedEvent.Broadcast -  0.000 s
[2019.07.25-00.33.14:515][  0]LogFileCache: Scanning file cache for directory 'E:/Projects/IronForgedGames/Project_Tether/Project_Tether/Content/' took 0.02s
[2019.07.25-00.33.14:543][  0]SourceControl: Source control is disabled
[2019.07.25-00.33.14:543][  0]LightingResults: New page: Lighting Build
[2019.07.25-00.33.14:545][  0]MapCheck: New page: Map Check
[2019.07.25-00.33.14:545][  0]LightingResults: New page: Lighting Build
[2019.07.25-00.33.14:838][  0]LogAIModule: Creating AISystem for world ThirdPersonExampleMap
[2019.07.25-00.33.14:845][  0]LogEditorServer: Finished looking for orphan Actors (0.000 secs)
[2019.07.25-00.33.14:868][  0]Cmd: MAP CHECKDEP NOCLEARLOG
[2019.07.25-00.33.14:914][  0]MapCheck: Map check complete: 0 Error(s), 0 Warning(s), took 45.816ms to complete.
[2019.07.25-00.33.14:914][  0]LogFileHelpers: Loading map 'ThirdPersonExampleMap' took 0.371
[2019.07.25-00.33.14:982][  0]LogWindowsTextInputMethodSystem: Display: IME system now deactivated.
[2019.07.25-00.33.15:013][  0]LogSlate: Updating window title bar state: overlay mode, drag disabled, window buttons hidden, title bar hidden
[2019.07.25-00.33.15:020][  0]LogSlate: Updating window title bar state: overlay mode, drag disabled, window buttons hidden, title bar hidden
[2019.07.25-00.33.15:026][  0]LogSlate: Updating window title bar state: overlay mode, drag disabled, window buttons hidden, title bar hidden
[2019.07.25-00.33.15:032][  0]LogSlate: Updating window title bar state: overlay mode, drag disabled, window buttons hidden, title bar hidden
[2019.07.25-00.33.15:035][  0]LogCollectionManager: Loaded 0 collections in 0.000613 seconds
[2019.07.25-00.33.15:088][  0]LogFileCache: Scanning file cache for directory 'E:/Projects/IronForgedGames/Project_Tether/Project_Tether/Saved/Collections/' took 0.01s
[2019.07.25-00.33.15:088][  0]LogFileCache: Scanning file cache for directory 'E:/Projects/IronForgedGames/Project_Tether/Project_Tether/Content/Developers/AaronsDesktop/Collections/' took 0.01s
[2019.07.25-00.33.15:089][  0]LogFileCache: Scanning file cache for directory 'E:/Projects/IronForgedGames/Project_Tether/Project_Tether/Content/Collections/' took 0.01s
[2019.07.25-00.33.15:089][  0]LogCollectionManager: Rebuilt the GUID cache for 0 collections in 0.000001 seconds
[2019.07.25-00.33.15:117][  0]LogContentBrowser: Native class hierarchy populated in 0.0276 seconds. Added 2596 classes and 616 folders.
[2019.07.25-00.33.15:126][  0]LogContentBrowser: Native class hierarchy updated for 'WidgetCarousel' in 0.0005 seconds. Added 0 classes and 0 folders.
[2019.07.25-00.33.15:163][  0]LogContentBrowser: Native class hierarchy updated for 'AddContentDialog' in 0.0003 seconds. Added 0 classes and 0 folders.
[2019.07.25-00.33.15:167][  0]LogContentBrowser: Native class hierarchy updated for 'SceneOutliner' in 0.0003 seconds. Added 1 classes and 2 folders.
[2019.07.25-00.33.16:175][  0]LogSlate: Only BGRA pngs, bmps or icos are supported in by External Image Picker
[2019.07.25-00.33.16:212][  0]LogSlate: Took 0.000254 seconds to synchronously load lazily loaded font '../../../Engine/Content/Slate/Fonts/Roboto-Regular.ttf' (155K)
[2019.07.25-00.33.16:218][  0]LogSlate: Took 0.000282 seconds to synchronously load lazily loaded font '../../../Engine/Content/Slate/Fonts/Roboto-Bold.ttf' (160K)
[2019.07.25-00.33.16:221][  0]LogSlate: Took 0.000240 seconds to synchronously load lazily loaded font '../../../Engine/Content/Editor/Slate/Fonts/FontAwesome.ttf' (139K)
[2019.07.25-00.33.16:225][  0]LogSlate: Took 0.000224 seconds to synchronously load lazily loaded font '../../../Engine/Content/Slate/Fonts/DroidSansMono.ttf' (77K)
[2019.07.25-00.33.16:307][  0]LogTemp: Executing iPhonePackager certificates Engine -bundlename com.YourCompany.ProjectTether
[2019.07.25-00.33.16:308][  0]LogTemp: CWD: E:\Epic Games Games\UE_4.20\Engine\Binaries\DotNET\IOS
[2019.07.25-00.33.16:308][  0]LogTemp: Initial Dir: E:\Epic Games Games\UE_4.20
[2019.07.25-00.33.16:308][  0]LogTemp: Env CWD: E:\Epic Games Games\UE_4.20\Engine\Binaries\DotNET\IOS
[2019.07.25-00.33.16:308][  0]LogTemp: BranchPath = AARONS-DESKTOP/E/Epic Games Games/UE_4.20/Engine/Binaries --- GameBranchPath = AARONS-DESKTOP/E/Epic Games Games/UE_4.20/Engine/Binaries
[2019.07.25-00.33.16:308][  0]LogRenderer: Reallocating scene render targets to support 1232x520 Format 10 NumSamples 1 (Frame:1).
[2019.07.25-00.33.16:440][  0]LogTemp: IPP ERROR: Could not find provision directory 'C:\Users\Aaron's Desktop\AppData\Local/Apple Computer/MobileDevice/Provisioning Profiles/'.
[2019.07.25-00.33.16:454][  0]LogContentBrowser: Native class hierarchy updated for 'HierarchicalLODOutliner' in 0.0004 seconds. Added 0 classes and 0 folders.
[2019.07.25-00.33.16:454][  0]LogLoad: (Engine Initialization) Total time: 32.13 seconds
[2019.07.25-00.33.16:454][  0]LogLoad: (Engine Initialization) Total Blueprint compile time: 0.00 seconds
[2019.07.25-00.33.16:490][  0]LogContentStreaming: Texture pool size now 1000 MB
[2019.07.25-00.33.16:555][  0]LogSlate: Took 0.000127 seconds to synchronously load lazily loaded font '../../../Engine/Content/Slate/Fonts/Roboto-Light.ttf' (167K)
[2019.07.25-00.33.16:568][  1]LogBlueprintUserMessages: [TopDownAnim_BP_C_0] Pawn does not have AnimBP hook
[2019.07.25-00.33.16:584][  1]LogAssetRegistry: Asset discovery search completed in 28.7276 seconds
[2019.07.25-00.33.16:586][  1]LogCollectionManager: Rebuilt the object cache for 0 collections in 0.000000 seconds (found 0 objects)
[2019.07.25-00.33.16:586][  1]LogCollectionManager: Fixed up redirectors for 0 collections in 0.000170 seconds (updated 0 objects)
[2019.07.25-00.33.19:728][368]LogSlate: FSceneViewport::OnFocusLost() reason 0
[2019.07.25-00.33.19:831][377]LogAssetEditorManager: Opening Asset editor for Blueprint /Game/IronForgedGames/Implementation/Gameplay/PlayerController/Test_TopDown_Controller/Blueprints/TopDownCharacter_BP.TopDownCharacter_BP
[2019.07.25-00.33.20:186][377]LogContentBrowser: Native class hierarchy updated for 'BlueprintGraph' in 0.0006 seconds. Added 116 classes and 0 folders.
[2019.07.25-00.33.20:839][377]LogBlueprintUserMessages: [TopDownAnim_BP_C_0] Pawn does not have AnimBP hook
[2019.07.25-00.33.20:844][377]LogSlate: Took 0.000185 seconds to synchronously load lazily loaded font '../../../Engine/Content/Slate/Fonts/Roboto-BoldCondensed.ttf' (158K)
[2019.07.25-00.33.20:924][378]LogSlate: Took 0.000198 seconds to synchronously load lazily loaded font '../../../Engine/Content/Slate/Fonts/Roboto-Italic.ttf' (157K)
[2019.07.25-00.33.22:930][595]LogVSAccessor: Warning: Couldn't save all documents
[2019.07.25-00.33.22:957][595]Candidate modules for hot reload:
[2019.07.25-00.33.22:958][595]  Project_Tether
[2019.07.25-00.33.22:958][595]Launching UnrealBuildTool... [E:/Epic Games Games/UE_4.20/Engine/Binaries/DotNET/UnrealBuildTool.exe  -ModuleWithSuffix=Project_Tether,1959 Win64 Development -TargetType=Editor -Project="../../../../../Projects/IronForgedGames/Project_Tether/Project_Tether/Project_Tether.uproject" -canskiplink "E:/Projects/IronForgedGames/Project_Tether/Project_Tether/Project_Tether.uproject" ]
[2019.07.25-00.33.22:960][595]Warning: Starting HotReload took  0.1s.
[2019.07.25-00.33.37:021][900]CompilerResultsLog: New page: Compilation - Jul 24, 2019, 3:33:37 PM
[2019.07.25-00.33.37:022][900]CompilerResultsLog: Using 'git status' to determine working set for adaptive non-unity build.
[2019.07.25-00.33.37:022][900]CompilerResultsLog: Creating makefile for hot reloading Project_TetherEditor (game project files are newer)
[2019.07.25-00.33.37:022][900]CompilerResultsLog: Compiling game modules for hot reload
[2019.07.25-00.33.37:022][900]CompilerResultsLog: Using Visual Studio 2017 14.16.27023 toolchain (C:\Program Files (x86)\Microsoft Visual Studio\2017\Community\VC\Tools\MSVC\14.16.27023) and Windows 10.0.17763.0 SDK (C:\Program Files (x86)\Windows Kits\10).
[2019.07.25-00.33.37:022][900]CompilerResultsLog: Parsing headers for Project_TetherEditor
[2019.07.25-00.33.37:023][900]CompilerResultsLog:   Running UnrealHeaderTool "E:\Projects\IronForgedGames\Project_Tether\Project_Tether\Project_Tether.uproject" "E:\Projects\IronForgedGames\Project_Tether\Project_Tether\Intermediate\Build\Win64\Project_TetherEditor\Development\Project_TetherEditor.uhtmanifest" -LogCmds="loginit warning, logexit warning, logdatabase error" -Unattended -WarningsAsErrors -installed
[2019.07.25-00.33.37:023][900]CompilerResultsLog: Reflection code generated for Project_TetherEditor in 8.0726938 seconds
[2019.07.25-00.33.37:023][900]CompilerResultsLog: Building 5 actions with 12 processes...
[2019.07.25-00.33.37:023][900]CompilerResultsLog:   [1/5] InventoryComponent.cpp
[2019.07.25-00.33.37:023][900]CompilerResultsLog:   [2/5] InventoryComponent.gen.cpp
[2019.07.25-00.33.37:023][900]CompilerResultsLog:   [3/5] E_Character.cpp
[2019.07.25-00.33.37:024][900]CompilerResultsLog:   [4/5] UE4Editor-Project_Tether-1959.lib
[2019.07.25-00.33.37:024][900]CompilerResultsLog:      Creating library E:\Projects\IronForgedGames\Project_Tether\Project_Tether\Intermediate\Build\Win64\UE4Editor\Development\Project_Tether\UE4Editor-Project_Tether-1959.lib and object E:\Projects\IronForgedGames\Project_Tether\Project_Tether\Intermediate\Build\Win64\UE4Editor\Development\Project_Tether\UE4Editor-Project_Tether-1959.exp
[2019.07.25-00.33.37:024][900]CompilerResultsLog:   [5/5] UE4Editor-Project_Tether-1959.dll
[2019.07.25-00.33.37:024][900]CompilerResultsLog:      Creating library E:\Projects\IronForgedGames\Project_Tether\Project_Tether\Intermediate\Build\Win64\UE4Editor\Development\Project_Tether\UE4Editor-Project_Tether-1959.suppressed.lib and object E:\Projects\IronForgedGames\Project_Tether\Project_Tether\Intermediate\Build\Win64\UE4Editor\Development\Project_Tether\UE4Editor-Project_Tether-1959.suppressed.exp
[2019.07.25-00.33.37:025][900]CompilerResultsLog: Total build time: 13.84 seconds (Parallel executor: 1.72 seconds)
[2019.07.25-00.33.37:025][900]LogMainFrame: MainFrame: Module compiling took 14.095 seconds
[2019.07.25-00.33.37:101][900]LogClass: Status HotReload.
[2019.07.25-00.33.37:101][900]LogClass: Slot HotReload.
[2019.07.25-00.33.37:101][900]LogClass: StatModifier HotReload.
[2019.07.25-00.33.37:101][900]LogClass: Stat HotReload.
[2019.07.25-00.33.37:101][900]LogClass: ResistanceModifier HotReload.
[2019.07.25-00.33.37:101][900]LogClass: HealInfo HotReload.
[2019.07.25-00.33.37:101][900]LogClass: DamageInfo HotReload.
[2019.07.25-00.33.37:105][900]Error: CDO Constructor (Project_TetherGameMode): Failed to find /Game/ThirdPersonCPP/Blueprints/ThirdPersonCharacter.ThirdPersonCharacter_C

[2019.07.25-00.33.37:107][900]LogContentBrowser: Native class hierarchy updated for 'Project_Tether' in 0.0004 seconds. Added 24 classes and 13 folders.
[2019.07.25-00.33.37:107][900]Warning: Some classes could not be reloaded:
Error: CDO Constructor (Project_TetherGameMode): Failed to find /Game/ThirdPersonCPP/Blueprints/ThirdPersonCharacter.ThirdPersonCharacter_C


[2019.07.25-00.33.37:111][900]Display: HotReload successful (45 functions remapped  6 scriptstructs remapped)
[2019.07.25-00.33.37:563][900]LogContentBrowser: Native class hierarchy populated in 0.0076 seconds. Added 2597 classes and 618 folders.
[2019.07.25-00.33.37:584][900]Display: HotReload took 14.7s.
[2019.07.25-00.33.42:229][385]LogSlate: FSceneViewport::OnFocusLost() reason 0
[2019.07.25-00.33.42:298][393]LogTemp: Repeating last play command: Selected Viewport
[2019.07.25-00.33.42:316][393]LogBlueprintUserMessages: Early PlayInEditor Detection: Level '/Game/IronForgedGames/Core/Entity/Test/ThirdPersonCPP/Maps/ThirdPersonExampleMap.ThirdPersonExampleMap:PersistentLevel' has LevelScriptBlueprint '/Game/IronForgedGames/Core/Entity/Test/ThirdPersonCPP/Maps/ThirdPersonExampleMap.ThirdPersonExampleMap:PersistentLevel.ThirdPersonExampleMap' with GeneratedClass '/Game/IronForgedGames/Core/Entity/Test/ThirdPersonCPP/Maps/ThirdPersonExampleMap.ThirdPersonExampleMap_C' with ClassGeneratedBy '/Game/IronForgedGames/Core/Entity/Test/ThirdPersonCPP/Maps/ThirdPersonExampleMap.ThirdPersonExampleMap:PersistentLevel.ThirdPersonExampleMap'
[2019.07.25-00.33.42:317][393]LogPlayLevel: PlayLevel: No blueprints needed recompiling
[2019.07.25-00.33.42:329][393]PIE: New page: PIE session: ThirdPersonExampleMap (Jul 24, 2019, 3:33:42 PM)
[2019.07.25-00.33.42:329][393]LogPlayLevel: Creating play world package: /Game/IronForgedGames/Core/Entity/Test/ThirdPersonCPP/Maps/UEDPIE_0_ThirdPersonExampleMap
[2019.07.25-00.33.42:349][393]LogPlayLevel: PIE: StaticDuplicateObject took: (0.019364s)
[2019.07.25-00.33.42:349][393]LogAIModule: Creating AISystem for world ThirdPersonExampleMap
[2019.07.25-00.33.42:350][393]LogPlayLevel: PIE: World Init took: (0.000948s)
[2019.07.25-00.33.42:350][393]LogPlayLevel: PIE: Created PIE world by copying editor world from /Game/IronForgedGames/Core/Entity/Test/ThirdPersonCPP/Maps/ThirdPersonExampleMap.ThirdPersonExampleMap to /Game/IronForgedGames/Core/Entity/Test/ThirdPersonCPP/Maps/UEDPIE_0_ThirdPersonExampleMap.ThirdPersonExampleMap (0.020927s)
[2019.07.25-00.33.42:414][393]LogInit: XAudio2 using 'G257HL (NVIDIA High Definition Audio)' : 2 channels at 48 kHz using 16 bits per sample (channel mask 0x3)
[2019.07.25-00.33.42:421][393]LogInit: FAudioDevice initialized.
[2019.07.25-00.33.42:461][393]LogLoad: Game class is 'GameMode'
[2019.07.25-00.33.42:465][393]LogWorld: Bringing World /Game/IronForgedGames/Core/Entity/Test/ThirdPersonCPP/Maps/UEDPIE_0_ThirdPersonExampleMap.ThirdPersonExampleMap up for play (max tick rate 0) at 2019.07.24-20.33.42
[2019.07.25-00.33.42:466][393]LogWorld: Bringing up level for play took: 0.002557
[2019.07.25-00.33.42:520][393]LogContentBrowser: Native class hierarchy updated for 'MovieSceneCapture' in 0.0008 seconds. Added 10 classes and 0 folders.
[2019.07.25-00.33.42:521][393]LogGameMode: Display: Match State Changed from EnteringMap to WaitingToStart
[2019.07.25-00.33.42:521][393]LogGameState: Match State Changed from EnteringMap to WaitingToStart
[2019.07.25-00.33.42:522][393]LogGameMode: Display: Match State Changed from WaitingToStart to InProgress
[2019.07.25-00.33.42:522][393]LogTemp: Error: Health stat was found, the Vitals will not work
[2019.07.25-00.33.42:523][393]LogGameState: Match State Changed from WaitingToStart to InProgress
[2019.07.25-00.33.42:523][393]PIE: Play in editor start time for /Game/IronForgedGames/Core/Entity/Test/ThirdPersonCPP/Maps/UEDPIE_0_ThirdPersonExampleMap 0.677
[2019.07.25-00.33.42:524][393]LogBlueprintUserMessages: Late PlayInEditor Detection: Level '/Game/IronForgedGames/Core/Entity/Test/ThirdPersonCPP/Maps/ThirdPersonExampleMap.ThirdPersonExampleMap:PersistentLevel' has LevelScriptBlueprint '/Game/IronForgedGames/Core/Entity/Test/ThirdPersonCPP/Maps/ThirdPersonExampleMap.ThirdPersonExampleMap:PersistentLevel.ThirdPersonExampleMap' with GeneratedClass '/Game/IronForgedGames/Core/Entity/Test/ThirdPersonCPP/Maps/ThirdPersonExampleMap.ThirdPersonExampleMap_C' with ClassGeneratedBy '/Game/IronForgedGames/Core/Entity/Test/ThirdPersonCPP/Maps/ThirdPersonExampleMap.ThirdPersonExampleMap:PersistentLevel.ThirdPersonExampleMap'
[2019.07.25-00.33.44:011][551]LogBlueprintUserMessages: [TopDownCharacter_2] 2
[2019.07.25-00.33.44:344][589]LogBlueprintUserMessages: [TopDownCharacter_2] 4
[2019.07.25-00.33.44:564][615]LogBlueprintUserMessages: [TopDownCharacter_2] 6
[2019.07.25-00.33.44:693][630]LogBlueprintUserMessages: [TopDownCharacter_2] 8
[2019.07.25-00.33.44:834][647]LogBlueprintUserMessages: [TopDownCharacter_2] 10
[2019.07.25-00.33.44:996][666]LogBlueprintUserMessages: [TopDownCharacter_2] 12
[2019.07.25-00.33.45:114][680]LogBlueprintUserMessages: [TopDownCharacter_2] 14
[2019.07.25-00.33.45:251][696]LogBlueprintUserMessages: [TopDownCharacter_2] 16
[2019.07.25-00.33.45:382][711]LogBlueprintUserMessages: [TopDownCharacter_2] 18
[2019.07.25-00.33.46:560][846]LogBlueprintUserMessages: Early EndPlayMap Detection: Level '/Game/IronForgedGames/Core/Entity/Test/ThirdPersonCPP/Maps/ThirdPersonExampleMap.ThirdPersonExampleMap:PersistentLevel' has LevelScriptBlueprint '/Game/IronForgedGames/Core/Entity/Test/ThirdPersonCPP/Maps/ThirdPersonExampleMap.ThirdPersonExampleMap:PersistentLevel.ThirdPersonExampleMap' with GeneratedClass '/Game/IronForgedGames/Core/Entity/Test/ThirdPersonCPP/Maps/ThirdPersonExampleMap.ThirdPersonExampleMap_C' with ClassGeneratedBy '/Game/IronForgedGames/Core/Entity/Test/ThirdPersonCPP/Maps/ThirdPersonExampleMap.ThirdPersonExampleMap:PersistentLevel.ThirdPersonExampleMap'
[2019.07.25-00.33.46:588][846]LogSlate: Updating window title bar state: overlay mode, drag disabled, window buttons hidden, title bar hidden
[2019.07.25-00.33.46:637][846]LogPlayLevel: Display: Shutting down PIE online subsystems
[2019.07.25-00.33.46:638][846]LogBlueprintUserMessages: Late EndPlayMap Detection: Level '/Game/IronForgedGames/Core/Entity/Test/ThirdPersonCPP/Maps/ThirdPersonExampleMap.ThirdPersonExampleMap:PersistentLevel' has LevelScriptBlueprint '/Game/IronForgedGames/Core/Entity/Test/ThirdPersonCPP/Maps/ThirdPersonExampleMap.ThirdPersonExampleMap:PersistentLevel.ThirdPersonExampleMap' with GeneratedClass '/Game/IronForgedGames/Core/Entity/Test/ThirdPersonCPP/Maps/ThirdPersonExampleMap.ThirdPersonExampleMap_C' with ClassGeneratedBy '/Game/IronForgedGames/Core/Entity/Test/ThirdPersonCPP/Maps/ThirdPersonExampleMap.ThirdPersonExampleMap:PersistentLevel.ThirdPersonExampleMap'
[2019.07.25-00.33.46:702][846]LogSlate: Updating window title bar state: overlay mode, drag disabled, window buttons hidden, title bar hidden
[2019.07.25-00.33.46:768][847]LogPlayLevel: Display: Destroying online subsystem :Context_6
[2019.07.25-00.33.46:787][848]Cmd: SELECT NONE
[2019.07.25-00.33.48:796][ 53]LogSlate: FSceneViewport::OnFocusLost() reason 0
[2019.07.25-00.33.49:593][141]LogSlate: Window 'TopDownCharacter_BP' being destroyed
[2019.07.25-00.33.52:207][421]LogSlate: FSceneViewport::OnFocusLost() reason 0
[2019.07.25-00.33.53:695][596]LogAssetEditorManager: Opening Asset editor for Class /Script/Project_Tether.Item
[2019.07.25-00.34.13:137][632]LogSlate: Window 'Delete Assets' being destroyed
[2019.07.25-00.34.18:674][831]LogSlate: Window 'Pick Parent Class' being destroyed
[2019.07.25-00.34.21:766][176]LogSavePackage: Moving '../../../../../Projects/IronForgedGames/Project_Tether/Project_Tether/Saved/testitem7EEE1E2247CEE5829C666ABF600C2672.tmp' to '../../../../../Projects/IronForgedGames/Project_Tether/Project_Tether/Content/IronForgedGames/Implementation/Gameplay/PlayerController/Test_TopDown_Controller/Blueprints/testitem.uasset'
[2019.07.25-00.34.23:975][436]LogSlate: Prevented a slow task dialog from being summoned while a context menu was open
[2019.07.25-00.34.26:025][664]BlueprintLog: New page: Compile TopDownCharacter_BP
[2019.07.25-00.34.26:052][664]LogBlueprintUserMessages: [TopDownAnim_BP_C_0] Pawn does not have AnimBP hook
[2019.07.25-00.34.26:056][664]LogBlueprintUserMessages: [TopDownAnim_BP_C_1] Pawn does not have AnimBP hook
[2019.07.25-00.34.26:057][664]LogBlueprintUserMessages: [TopDownAnim_BP_C_0] Pawn does not have AnimBP hook
[2019.07.25-00.34.26:058][664]LogBlueprintUserMessages: [TopDownAnim_BP_C_1] Pawn does not have AnimBP hook
[2019.07.25-00.34.26:058][664]LogBlueprintUserMessages: [TopDownAnim_BP_C_0] Pawn does not have AnimBP hook
[2019.07.25-00.34.26:060][664]LogBlueprintUserMessages: [TopDownAnim_BP_C_1] Pawn does not have AnimBP hook
[2019.07.25-00.34.26:290][664]LogBlueprintUserMessages: [TopDownAnim_BP_C_0] Pawn does not have AnimBP hook
[2019.07.25-00.34.26:385][664]LogSavePackage: Moving '../../../../../Projects/IronForgedGames/Project_Tether/Project_Tether/Saved/TopDownCharacter_BPD749CD564A29BACB213A70B84EDFB76D.tmp' to '../../../../../Projects/IronForgedGames/Project_Tether/Project_Tether/Content/IronForgedGames/Implementation/Gameplay/PlayerController/Test_TopDown_Controller/Blueprints/TopDownCharacter_BP.uasset'
[2019.07.25-00.34.35:089][656]LogTemp: Repeating last play command: Selected Viewport
[2019.07.25-00.34.35:115][656]LogBlueprintUserMessages: Early PlayInEditor Detection: Level '/Game/IronForgedGames/Core/Entity/Test/ThirdPersonCPP/Maps/ThirdPersonExampleMap.ThirdPersonExampleMap:PersistentLevel' has LevelScriptBlueprint '/Game/IronForgedGames/Core/Entity/Test/ThirdPersonCPP/Maps/ThirdPersonExampleMap.ThirdPersonExampleMap:PersistentLevel.ThirdPersonExampleMap' with GeneratedClass '/Game/IronForgedGames/Core/Entity/Test/ThirdPersonCPP/Maps/ThirdPersonExampleMap.ThirdPersonExampleMap_C' with ClassGeneratedBy '/Game/IronForgedGames/Core/Entity/Test/ThirdPersonCPP/Maps/ThirdPersonExampleMap.ThirdPersonExampleMap:PersistentLevel.ThirdPersonExampleMap'
[2019.07.25-00.34.35:116][656]LogPlayLevel: PlayLevel: No blueprints needed recompiling
[2019.07.25-00.34.35:116][656]PIE: New page: PIE session: ThirdPersonExampleMap (Jul 24, 2019, 3:34:35 PM)
[2019.07.25-00.34.35:116][656]LogPlayLevel: Creating play world package: /Game/IronForgedGames/Core/Entity/Test/ThirdPersonCPP/Maps/UEDPIE_0_ThirdPersonExampleMap
[2019.07.25-00.34.35:130][656]LogPlayLevel: PIE: StaticDuplicateObject took: (0.013569s)
[2019.07.25-00.34.35:131][656]LogAIModule: Creating AISystem for world ThirdPersonExampleMap
[2019.07.25-00.34.35:131][656]LogPlayLevel: PIE: World Init took: (0.001169s)
[2019.07.25-00.34.35:131][656]LogPlayLevel: PIE: Created PIE world by copying editor world from /Game/IronForgedGames/Core/Entity/Test/ThirdPersonCPP/Maps/ThirdPersonExampleMap.ThirdPersonExampleMap to /Game/IronForgedGames/Core/Entity/Test/ThirdPersonCPP/Maps/UEDPIE_0_ThirdPersonExampleMap.ThirdPersonExampleMap (0.015374s)
[2019.07.25-00.34.35:182][656]LogInit: XAudio2 using 'G257HL (NVIDIA High Definition Audio)' : 2 channels at 48 kHz using 16 bits per sample (channel mask 0x3)
[2019.07.25-00.34.35:190][656]LogInit: FAudioDevice initialized.
[2019.07.25-00.34.35:222][656]LogLoad: Game class is 'GameMode'
[2019.07.25-00.34.35:225][656]LogWorld: Bringing World /Game/IronForgedGames/Core/Entity/Test/ThirdPersonCPP/Maps/UEDPIE_0_ThirdPersonExampleMap.ThirdPersonExampleMap up for play (max tick rate 0) at 2019.07.24-20.34.35
[2019.07.25-00.34.35:226][656]LogWorld: Bringing up level for play took: 0.002521
[2019.07.25-00.34.35:237][656]LogGameMode: Display: Match State Changed from EnteringMap to WaitingToStart
[2019.07.25-00.34.35:238][656]LogGameState: Match State Changed from EnteringMap to WaitingToStart
[2019.07.25-00.34.35:238][656]LogGameMode: Display: Match State Changed from WaitingToStart to InProgress
[2019.07.25-00.34.35:239][656]LogTemp: Error: Health stat was found, the Vitals will not work
[2019.07.25-00.34.35:239][656]LogGameState: Match State Changed from WaitingToStart to InProgress
[2019.07.25-00.34.35:239][656]PIE: Play in editor start time for /Game/IronForgedGames/Core/Entity/Test/ThirdPersonCPP/Maps/UEDPIE_0_ThirdPersonExampleMap -0.607
[2019.07.25-00.34.35:240][656]LogBlueprintUserMessages: Late PlayInEditor Detection: Level '/Game/IronForgedGames/Core/Entity/Test/ThirdPersonCPP/Maps/ThirdPersonExampleMap.ThirdPersonExampleMap:PersistentLevel' has LevelScriptBlueprint '/Game/IronForgedGames/Core/Entity/Test/ThirdPersonCPP/Maps/ThirdPersonExampleMap.ThirdPersonExampleMap:PersistentLevel.ThirdPersonExampleMap' with GeneratedClass '/Game/IronForgedGames/Core/Entity/Test/ThirdPersonCPP/Maps/ThirdPersonExampleMap.ThirdPersonExampleMap_C' with ClassGeneratedBy '/Game/IronForgedGames/Core/Entity/Test/ThirdPersonCPP/Maps/ThirdPersonExampleMap.ThirdPersonExampleMap:PersistentLevel.ThirdPersonExampleMap'
[2019.07.25-00.34.36:133][756]LogBlueprintUserMessages: [TopDownCharacter_2] 2
[2019.07.25-00.34.36:374][785]LogBlueprintUserMessages: [TopDownCharacter_2] 4
[2019.07.25-00.34.36:567][808]LogBlueprintUserMessages: [TopDownCharacter_2] 6
[2019.07.25-00.34.36:741][829]LogBlueprintUserMessages: [TopDownCharacter_2] 8
[2019.07.25-00.34.36:909][849]LogBlueprintUserMessages: [TopDownCharacter_2] 10
[2019.07.25-00.34.37:076][869]LogBlueprintUserMessages: [TopDownCharacter_2] 12
[2019.07.25-00.34.37:418][910]LogBlueprintUserMessages: [TopDownCharacter_2] 14
[2019.07.25-00.34.37:618][932]LogBlueprintUserMessages: [TopDownCharacter_2] 16
[2019.07.25-00.34.37:784][951]LogBlueprintUserMessages: [TopDownCharacter_2] 18
[2019.07.25-00.34.38:534][ 39]LogBlueprintUserMessages: Early EndPlayMap Detection: Level '/Game/IronForgedGames/Core/Entity/Test/ThirdPersonCPP/Maps/ThirdPersonExampleMap.ThirdPersonExampleMap:PersistentLevel' has LevelScriptBlueprint '/Game/IronForgedGames/Core/Entity/Test/ThirdPersonCPP/Maps/ThirdPersonExampleMap.ThirdPersonExampleMap:PersistentLevel.ThirdPersonExampleMap' with GeneratedClass '/Game/IronForgedGames/Core/Entity/Test/ThirdPersonCPP/Maps/ThirdPersonExampleMap.ThirdPersonExampleMap_C' with ClassGeneratedBy '/Game/IronForgedGames/Core/Entity/Test/ThirdPersonCPP/Maps/ThirdPersonExampleMap.ThirdPersonExampleMap:PersistentLevel.ThirdPersonExampleMap'
[2019.07.25-00.34.38:535][ 39]LogSlate: Updating window title bar state: overlay mode, drag disabled, window buttons hidden, title bar hidden
[2019.07.25-00.34.38:570][ 39]LogPlayLevel: Display: Shutting down PIE online subsystems
[2019.07.25-00.34.38:571][ 39]LogBlueprintUserMessages: Late EndPlayMap Detection: Level '/Game/IronForgedGames/Core/Entity/Test/ThirdPersonCPP/Maps/ThirdPersonExampleMap.ThirdPersonExampleMap:PersistentLevel' has LevelScriptBlueprint '/Game/IronForgedGames/Core/Entity/Test/ThirdPersonCPP/Maps/ThirdPersonExampleMap.ThirdPersonExampleMap:PersistentLevel.ThirdPersonExampleMap' with GeneratedClass '/Game/IronForgedGames/Core/Entity/Test/ThirdPersonCPP/Maps/ThirdPersonExampleMap.ThirdPersonExampleMap_C' with ClassGeneratedBy '/Game/IronForgedGames/Core/Entity/Test/ThirdPersonCPP/Maps/ThirdPersonExampleMap.ThirdPersonExampleMap:PersistentLevel.ThirdPersonExampleMap'
[2019.07.25-00.34.38:597][ 39]LogSlate: Updating window title bar state: overlay mode, drag disabled, window buttons hidden, title bar hidden
[2019.07.25-00.34.38:640][ 42]LogPlayLevel: Display: Destroying online subsystem :Context_7
[2019.07.25-00.34.39:418][133]LogSlate: FSceneViewport::OnFocusLost() reason 0
[2019.07.25-00.36.56:374][398]LogAssetEditorManager: Opening Asset editor for Blueprint /Game/IronForgedGames/Implementation/Gameplay/PlayerController/Test_TopDown_Controller/Blueprints/testitem.testitem
[2019.07.25-00.36.58:608][619]LogSlate: Prevented a slow task dialog from being summoned while a context menu was open
[2019.07.25-00.37.05:498][121]LogSlate: Window 'Pick Parent Class' being destroyed
[2019.07.25-00.37.12:131][888]LogSavePackage: Moving '../../../../../Projects/IronForgedGames/Project_Tether/Project_Tether/Saved/testitemcategoryE6FEBFA14C9C68AF9271A1B8A76DA638.tmp' to '../../../../../Projects/IronForgedGames/Project_Tether/Project_Tether/Content/IronForgedGames/Implementation/Gameplay/PlayerController/Test_TopDown_Controller/Blueprints/testitemcategory.uasset'
[2019.07.25-00.37.14:454][162]LogSlate: Prevented a slow task dialog from being summoned while a context menu was open
[2019.07.25-00.37.20:902][922]LogSavePackage: Moving '../../../../../Projects/IronForgedGames/Project_Tether/Project_Tether/Saved/testitem87545CF347BB4987C534AB86666D0DC0.tmp' to '../../../../../Projects/IronForgedGames/Project_Tether/Project_Tether/Content/IronForgedGames/Implementation/Gameplay/PlayerController/Test_TopDown_Controller/Blueprints/testitem.uasset'
[2019.07.25-00.37.22:669][133]BlueprintLog: New page: Compile testitem
[2019.07.25-00.37.41:942][549]LogSavePackage: Moving '../../../../../Projects/IronForgedGames/Project_Tether/Project_Tether/Saved/ThirdPersonExampleMap0A046EA14CAADAED6BECBB8506767876.tmp' to '../../../../../Projects/IronForgedGames/Project_Tether/Project_Tether/Content/IronForgedGames/Core/Entity/Test/ThirdPersonCPP/Maps/ThirdPersonExampleMap.umap'
[2019.07.25-00.37.57:105][804]LogVSAccessor: Warning: Couldn't save all documents
[2019.07.25-00.37.57:114][804]Candidate modules for hot reload:
[2019.07.25-00.37.57:114][804]  Project_Tether
[2019.07.25-00.37.57:114][804]Launching UnrealBuildTool... [E:/Epic Games Games/UE_4.20/Engine/Binaries/DotNET/UnrealBuildTool.exe  -ModuleWithSuffix=Project_Tether,4474 Win64 Development -TargetType=Editor -Project="../../../../../Projects/IronForgedGames/Project_Tether/Project_Tether/Project_Tether.uproject" -canskiplink "E:/Projects/IronForgedGames/Project_Tether/Project_Tether/Project_Tether.uproject" ]
[2019.07.25-00.37.57:115][804]Warning: Starting HotReload took  0.0s.
[2019.07.25-00.38.15:234][710]CompilerResultsLog: New page: Compilation - Jul 24, 2019, 3:38:15 PM
[2019.07.25-00.38.15:234][710]CompilerResultsLog: Using 'git status' to determine working set for adaptive non-unity build.
[2019.07.25-00.38.15:234][710]CompilerResultsLog: Compiling game modules for hot reload
[2019.07.25-00.38.15:234][710]CompilerResultsLog: Parsing headers for Project_TetherEditor
[2019.07.25-00.38.15:234][710]CompilerResultsLog:   Running UnrealHeaderTool "E:\Projects\IronForgedGames\Project_Tether\Project_Tether\Project_Tether.uproject" "E:\Projects\IronForgedGames\Project_Tether\Project_Tether\Intermediate\Build\Win64\Project_TetherEditor\Development\Project_TetherEditor.uhtmanifest" -LogCmds="loginit warning, logexit warning, logdatabase error" -Unattended -WarningsAsErrors -installed
[2019.07.25-00.38.15:235][710]CompilerResultsLog: Reflection code generated for Project_TetherEditor in 8.939504 seconds
[2019.07.25-00.38.15:235][710]CompilerResultsLog: Building 5 actions with 12 processes...
[2019.07.25-00.38.15:235][710]CompilerResultsLog:   [1/5] InventoryComponent.cpp
[2019.07.25-00.38.15:235][710]CompilerResultsLog:   [2/5] E_Character.cpp
[2019.07.25-00.38.15:235][710]CompilerResultsLog:   [3/5] InventoryComponent.gen.cpp
[2019.07.25-00.38.15:235][710]CompilerResultsLog:   [4/5] UE4Editor-Project_Tether-4474.lib
[2019.07.25-00.38.15:235][710]CompilerResultsLog:      Creating library E:\Projects\IronForgedGames\Project_Tether\Project_Tether\Intermediate\Build\Win64\UE4Editor\Development\Project_Tether\UE4Editor-Project_Tether-4474.lib and object E:\Projects\IronForgedGames\Project_Tether\Project_Tether\Intermediate\Build\Win64\UE4Editor\Development\Project_Tether\UE4Editor-Project_Tether-4474.exp
[2019.07.25-00.38.15:235][710]CompilerResultsLog:   [5/5] UE4Editor-Project_Tether-4474.dll
[2019.07.25-00.38.15:236][710]CompilerResultsLog:      Creating library E:\Projects\IronForgedGames\Project_Tether\Project_Tether\Intermediate\Build\Win64\UE4Editor\Development\Project_Tether\UE4Editor-Project_Tether-4474.suppressed.lib and object E:\Projects\IronForgedGames\Project_Tether\Project_Tether\Intermediate\Build\Win64\UE4Editor\Development\Project_Tether\UE4Editor-Project_Tether-4474.suppressed.exp
[2019.07.25-00.38.15:236][710]CompilerResultsLog: Total build time: 17.86 seconds (Parallel executor: 7.57 seconds)
[2019.07.25-00.38.15:236][710]LogMainFrame: MainFrame: Module compiling took 18.129 seconds
[2019.07.25-00.38.15:322][710]LogClass: Status HotReload.
[2019.07.25-00.38.15:322][710]LogClass: Slot HotReload.
[2019.07.25-00.38.15:322][710]LogClass: StatModifier HotReload.
[2019.07.25-00.38.15:322][710]LogClass: Stat HotReload.
[2019.07.25-00.38.15:322][710]LogClass: ResistanceModifier HotReload.
[2019.07.25-00.38.15:322][710]LogClass: HealInfo HotReload.
[2019.07.25-00.38.15:322][710]LogClass: DamageInfo HotReload.
[2019.07.25-00.38.15:327][710]Error: CDO Constructor (Project_TetherGameMode): Failed to find /Game/ThirdPersonCPP/Blueprints/ThirdPersonCharacter.ThirdPersonCharacter_C

[2019.07.25-00.38.15:330][710]LogContentBrowser: Native class hierarchy updated for 'Project_Tether' in 0.0005 seconds. Added 24 classes and 13 folders.
[2019.07.25-00.38.15:330][710]Warning: Some classes could not be reloaded:
Error: CDO Constructor (Project_TetherGameMode): Failed to find /Game/ThirdPersonCPP/Blueprints/ThirdPersonCharacter.ThirdPersonCharacter_C


[2019.07.25-00.38.15:334][710]Display: HotReload successful (45 functions remapped  6 scriptstructs remapped)
[2019.07.25-00.38.15:606][710]LogContentBrowser: Native class hierarchy populated in 0.0075 seconds. Added 2597 classes and 618 folders.
[2019.07.25-00.38.15:610][710]Display: HotReload took 18.5s.
[2019.07.25-00.38.25:156][596]LogSlate: Window 'TopDownCharacter_BP' being destroyed
[2019.07.25-00.39.04:403][857]LogTemp: Repeating last play command: Selected Viewport
[2019.07.25-00.39.04:427][857]LogBlueprintUserMessages: Early PlayInEditor Detection: Level '/Game/IronForgedGames/Core/Entity/Test/ThirdPersonCPP/Maps/ThirdPersonExampleMap.ThirdPersonExampleMap:PersistentLevel' has LevelScriptBlueprint '/Game/IronForgedGames/Core/Entity/Test/ThirdPersonCPP/Maps/ThirdPersonExampleMap.ThirdPersonExampleMap:PersistentLevel.ThirdPersonExampleMap' with GeneratedClass '/Game/IronForgedGames/Core/Entity/Test/ThirdPersonCPP/Maps/ThirdPersonExampleMap.ThirdPersonExampleMap_C' with ClassGeneratedBy '/Game/IronForgedGames/Core/Entity/Test/ThirdPersonCPP/Maps/ThirdPersonExampleMap.ThirdPersonExampleMap:PersistentLevel.ThirdPersonExampleMap'
[2019.07.25-00.39.04:428][857]LogPlayLevel: PlayLevel: No blueprints needed recompiling
[2019.07.25-00.39.04:428][857]PIE: New page: PIE session: ThirdPersonExampleMap (Jul 24, 2019, 3:39:04 PM)
[2019.07.25-00.39.04:428][857]LogPlayLevel: Creating play world package: /Game/IronForgedGames/Core/Entity/Test/ThirdPersonCPP/Maps/UEDPIE_0_ThirdPersonExampleMap
[2019.07.25-00.39.04:444][857]LogPlayLevel: PIE: StaticDuplicateObject took: (0.016046s)
[2019.07.25-00.39.04:445][857]LogAIModule: Creating AISystem for world ThirdPersonExampleMap
[2019.07.25-00.39.04:446][857]LogPlayLevel: PIE: World Init took: (0.000961s)
[2019.07.25-00.39.04:446][857]LogPlayLevel: PIE: Created PIE world by copying editor world from /Game/IronForgedGames/Core/Entity/Test/ThirdPersonCPP/Maps/ThirdPersonExampleMap.ThirdPersonExampleMap to /Game/IronForgedGames/Core/Entity/Test/ThirdPersonCPP/Maps/UEDPIE_0_ThirdPersonExampleMap.ThirdPersonExampleMap (0.017539s)
[2019.07.25-00.39.04:511][857]LogInit: XAudio2 using 'G257HL (NVIDIA High Definition Audio)' : 2 channels at 48 kHz using 16 bits per sample (channel mask 0x3)
[2019.07.25-00.39.04:518][857]LogInit: FAudioDevice initialized.
[2019.07.25-00.39.04:548][857]LogLoad: Game class is 'GameMode'
[2019.07.25-00.39.04:550][857]LogWorld: Bringing World /Game/IronForgedGames/Core/Entity/Test/ThirdPersonCPP/Maps/UEDPIE_0_ThirdPersonExampleMap.ThirdPersonExampleMap up for play (max tick rate 0) at 2019.07.24-20.39.04
[2019.07.25-00.39.04:551][857]LogWorld: Bringing up level for play took: 0.001400
[2019.07.25-00.39.04:563][857]LogGameMode: Display: Match State Changed from EnteringMap to WaitingToStart
[2019.07.25-00.39.04:563][857]LogGameState: Match State Changed from EnteringMap to WaitingToStart
[2019.07.25-00.39.04:563][857]LogGameMode: Display: Match State Changed from WaitingToStart to InProgress
[2019.07.25-00.39.04:564][857]LogTemp: Error: Health stat was found, the Vitals will not work
[2019.07.25-00.39.04:564][857]LogGameState: Match State Changed from WaitingToStart to InProgress
[2019.07.25-00.39.04:564][857]PIE: Play in editor start time for /Game/IronForgedGames/Core/Entity/Test/ThirdPersonCPP/Maps/UEDPIE_0_ThirdPersonExampleMap 0.718
[2019.07.25-00.39.04:565][857]LogBlueprintUserMessages: Late PlayInEditor Detection: Level '/Game/IronForgedGames/Core/Entity/Test/ThirdPersonCPP/Maps/ThirdPersonExampleMap.ThirdPersonExampleMap:PersistentLevel' has LevelScriptBlueprint '/Game/IronForgedGames/Core/Entity/Test/ThirdPersonCPP/Maps/ThirdPersonExampleMap.ThirdPersonExampleMap:PersistentLevel.ThirdPersonExampleMap' with GeneratedClass '/Game/IronForgedGames/Core/Entity/Test/ThirdPersonCPP/Maps/ThirdPersonExampleMap.ThirdPersonExampleMap_C' with ClassGeneratedBy '/Game/IronForgedGames/Core/Entity/Test/ThirdPersonCPP/Maps/ThirdPersonExampleMap.ThirdPersonExampleMap:PersistentLevel.ThirdPersonExampleMap'
[2019.07.25-00.39.05:565][969]LogBlueprintUserMessages: [TopDownCharacter_2] 2
[2019.07.25-00.39.05:899][  9]LogBlueprintUserMessages: [TopDownCharacter_2] 4
[2019.07.25-00.39.06:074][ 30]LogBlueprintUserMessages: [TopDownCharacter_2] 6
[2019.07.25-00.39.06:241][ 50]LogBlueprintUserMessages: [TopDownCharacter_2] 8
[2019.07.25-00.39.06:369][ 65]LogBlueprintUserMessages: [TopDownCharacter_2] 10
[2019.07.25-00.39.06:494][ 80]LogBlueprintUserMessages: [TopDownCharacter_2] 12
[2019.07.25-00.39.06:966][129]LogBlueprintUserMessages: Early EndPlayMap Detection: Level '/Game/IronForgedGames/Core/Entity/Test/ThirdPersonCPP/Maps/ThirdPersonExampleMap.ThirdPersonExampleMap:PersistentLevel' has LevelScriptBlueprint '/Game/IronForgedGames/Core/Entity/Test/ThirdPersonCPP/Maps/ThirdPersonExampleMap.ThirdPersonExampleMap:PersistentLevel.ThirdPersonExampleMap' with GeneratedClass '/Game/IronForgedGames/Core/Entity/Test/ThirdPersonCPP/Maps/ThirdPersonExampleMap.ThirdPersonExampleMap_C' with ClassGeneratedBy '/Game/IronForgedGames/Core/Entity/Test/ThirdPersonCPP/Maps/ThirdPersonExampleMap.ThirdPersonExampleMap:PersistentLevel.ThirdPersonExampleMap'
[2019.07.25-00.39.06:968][129]LogSlate: Updating window title bar state: overlay mode, drag disabled, window buttons hidden, title bar hidden
[2019.07.25-00.39.07:019][129]LogPlayLevel: Display: Shutting down PIE online subsystems
[2019.07.25-00.39.07:020][129]LogBlueprintUserMessages: Late EndPlayMap Detection: Level '/Game/IronForgedGames/Core/Entity/Test/ThirdPersonCPP/Maps/ThirdPersonExampleMap.ThirdPersonExampleMap:PersistentLevel' has LevelScriptBlueprint '/Game/IronForgedGames/Core/Entity/Test/ThirdPersonCPP/Maps/ThirdPersonExampleMap.ThirdPersonExampleMap:PersistentLevel.ThirdPersonExampleMap' with GeneratedClass '/Game/IronForgedGames/Core/Entity/Test/ThirdPersonCPP/Maps/ThirdPersonExampleMap.ThirdPersonExampleMap_C' with ClassGeneratedBy '/Game/IronForgedGames/Core/Entity/Test/ThirdPersonCPP/Maps/ThirdPersonExampleMap.ThirdPersonExampleMap:PersistentLevel.ThirdPersonExampleMap'
[2019.07.25-00.39.07:056][129]LogSlate: Updating window title bar state: overlay mode, drag disabled, window buttons hidden, title bar hidden
[2019.07.25-00.39.07:075][130]LogPlayLevel: Display: Destroying online subsystem :Context_9
[2019.07.25-00.39.07:468][176]Cmd: SELECT NONE
[2019.07.25-00.39.08:496][269]Cmd: SELECT NONE
[2019.07.25-00.39.08:654][288]Cmd: SELECT NONE
[2019.07.25-00.39.09:509][390]LogSlate: FSceneViewport::OnFocusLost() reason 0
[2019.07.25-00.39.12:432][729]BlueprintLog: New page: Compile TopDownCharacter_BP
[2019.07.25-00.39.12:448][729]LogBlueprintUserMessages: [TopDownAnim_BP_C_0] Pawn does not have AnimBP hook
[2019.07.25-00.39.12:449][729]LogBlueprintUserMessages: [TopDownAnim_BP_C_1] Pawn does not have AnimBP hook
[2019.07.25-00.39.12:450][729]LogBlueprintUserMessages: [TopDownAnim_BP_C_0] Pawn does not have AnimBP hook
[2019.07.25-00.39.12:451][729]LogBlueprintUserMessages: [TopDownAnim_BP_C_1] Pawn does not have AnimBP hook
[2019.07.25-00.39.12:452][729]LogBlueprintUserMessages: [TopDownAnim_BP_C_0] Pawn does not have AnimBP hook
[2019.07.25-00.39.12:453][729]LogBlueprintUserMessages: [TopDownAnim_BP_C_1] Pawn does not have AnimBP hook
[2019.07.25-00.39.12:601][729]LogBlueprintUserMessages: [TopDownAnim_BP_C_0] Pawn does not have AnimBP hook
[2019.07.25-00.39.12:669][729]LogSavePackage: Moving '../../../../../Projects/IronForgedGames/Project_Tether/Project_Tether/Saved/TopDownCharacter_BP33E8088444584C88D5F8D3BB45D7AB0F.tmp' to '../../../../../Projects/IronForgedGames/Project_Tether/Project_Tether/Content/IronForgedGames/Implementation/Gameplay/PlayerController/Test_TopDown_Controller/Blueprints/TopDownCharacter_BP.uasset'
[2019.07.25-00.39.18:069][837]LogSlate: Window 'Save Content' being destroyed
[2019.07.25-00.39.18:337][837]LogSavePackage: Moving '../../../../../Projects/IronForgedGames/Project_Tether/Project_Tether/Saved/ThirdPersonExampleMapFEE7F9184396EB9BCE86278D10792FCE.tmp' to '../../../../../Projects/IronForgedGames/Project_Tether/Project_Tether/Content/IronForgedGames/Core/Entity/Test/ThirdPersonCPP/Maps/ThirdPersonExampleMap.umap'
[2019.07.25-00.39.18:369][837]LogFileHelpers: Saving map 'ThirdPersonExampleMap' took 0.281
[2019.07.25-00.39.18:585][837]LogSlate: Window 'Project_Tether - Unreal Editor' being destroyed
[2019.07.25-00.39.18:586][837]LogWindowsTextInputMethodSystem: Display: IME system now deactivated.
[2019.07.25-00.39.18:841][838]Cmd: QUIT_EDITOR
[2019.07.25-00.39.19:075][838]LogExit: Preparing to exit.
[2019.07.25-00.39.19:798][838]LogExit: Editor shut down
[2019.07.25-00.39.19:798][838]LogExit: Transaction tracking system shut down
[2019.07.25-00.39.20:210][838]LogExit: Object subsystem successfully closed.
[2019.07.25-00.39.20:247][838]LogShaderCompilers: Display: Shaders left to compile 0
[2019.07.25-00.39.20:252][838]LogD3D11RHI: Shutdown
[2019.07.25-00.39.20:252][838]LogD3D11RHI: CleanupD3DDevice
[2019.07.25-00.39.20:283][838]LogD3D11RHI: ~FD3D11DynamicRHI
[2019.07.25-00.39.20:326][838]LogModuleManager: Shutting down and abandoning module Project_Tether (622)
[2019.07.25-00.39.20:326][838]LogModuleManager: Shutting down and abandoning module MovieSceneCapture (621)
[2019.07.25-00.39.20:326][838]LogModuleManager: Shutting down and abandoning module Voice (619)
[2019.07.25-00.39.20:326][838]LogModuleManager: Shutting down and abandoning module BlueprintGraph (616)
[2019.07.25-00.39.20:326][838]LogModuleManager: Shutting down and abandoning module HierarchicalLODOutliner (614)
[2019.07.25-00.39.20:326][838]LogModuleManager: Shutting down and abandoning module ExternalImagePicker (612)
[2019.07.25-00.39.20:326][838]LogModuleManager: Shutting down and abandoning module SceneOutliner (610)
[2019.07.25-00.39.20:327][838]LogModuleManager: Shutting down and abandoning module AddContentDialog (608)
[2019.07.25-00.39.20:330][838]LogModuleManager: Shutting down and abandoning module WidgetCarousel (607)
[2019.07.25-00.39.20:330][838]LogModuleManager: Shutting down and abandoning module EditorWidgets (604)
[2019.07.25-00.39.20:330][838]LogModuleManager: Shutting down and abandoning module CollectionManager (602)
[2019.07.25-00.39.20:331][838]LogModuleManager: Shutting down and abandoning module StatsViewer (600)
[2019.07.25-00.39.20:331][838]LogModuleManager: Shutting down and abandoning module FoliageEdit (598)
[2019.07.25-00.39.20:331][838]LogModuleManager: Shutting down and abandoning module LandscapeEditor (596)
[2019.07.25-00.39.20:331][838]LogModuleManager: Shutting down and abandoning module MeshPaintMode (594)
[2019.07.25-00.39.20:331][838]LogModuleManager: Shutting down and abandoning module SceneDepthPickerMode (592)
[2019.07.25-00.39.20:331][838]LogModuleManager: Shutting down and abandoning module ActorPickerMode (590)
[2019.07.25-00.39.20:331][838]LogModuleManager: Shutting down and abandoning module GeometryMode (588)
[2019.07.25-00.39.20:331][838]LogModuleManager: Shutting down and abandoning module TextureAlignMode (586)
[2019.07.25-00.39.20:331][838]LogModuleManager: Shutting down and abandoning module BspMode (584)
[2019.07.25-00.39.20:331][838]LogModuleManager: Shutting down and abandoning module PIEPreviewDeviceProfileSelector (582)
[2019.07.25-00.39.20:332][838]LogModuleManager: Shutting down and abandoning module SequenceRecorderSections (580)
[2019.07.25-00.39.20:332][838]LogModuleManager: Shutting down and abandoning module AutomationWorker (578)
[2019.07.25-00.39.20:332][838]LogModuleManager: Shutting down and abandoning module AudioCaptureEditor (576)
[2019.07.25-00.39.20:332][838]LogModuleManager: Shutting down and abandoning module SequenceRecorder (575)
[2019.07.25-00.39.20:332][838]LogModuleManager: Shutting down and abandoning module MatineeToLevelSequence (572)
[2019.07.25-00.39.20:332][838]LogModuleManager: Shutting down and abandoning module LevelSequenceEditor (570)
[2019.07.25-00.39.20:332][838]LogModuleManager: Shutting down and abandoning module PlacementMode (569)
[2019.07.25-00.39.20:332][838]LogModuleManager: Shutting down and abandoning module MaterialEditor (568)
[2019.07.25-00.39.20:332][838]LogModuleManager: Shutting down and abandoning module WmfMediaFactory (564)
[2019.07.25-00.39.20:332][838]LogModuleManager: Shutting down and abandoning module WmfMediaEditor (562)
[2019.07.25-00.39.20:332][838]LogModuleManager: Shutting down and abandoning module MediaPlayerEditor (560)
[2019.07.25-00.39.20:332][838]LogModuleManager: Shutting down and abandoning module OpenExrWrapper (558)
[2019.07.25-00.39.20:333][838]LogModuleManager: Shutting down and abandoning module ImgMediaFactory (556)
[2019.07.25-00.39.20:333][838]LogModuleManager: Shutting down and abandoning module ImgMediaEditor (554)
[2019.07.25-00.39.20:333][838]LogModuleManager: Shutting down and abandoning module AvfMediaFactory (552)
[2019.07.25-00.39.20:333][838]LogModuleManager: Shutting down and abandoning module AvfMediaEditor (550)
[2019.07.25-00.39.20:333][838]LogModuleManager: Shutting down and abandoning module AndroidMediaFactory (548)
[2019.07.25-00.39.20:333][838]LogModuleManager: Shutting down and abandoning module AndroidMediaEditor (546)
[2019.07.25-00.39.20:333][838]LogModuleManager: Shutting down and abandoning module MagicLeapCameraPreviewFactory (544)
[2019.07.25-00.39.20:333][838]LogModuleManager: Shutting down and abandoning module MagicLeapMediaFactory (542)
[2019.07.25-00.39.20:333][838]LogModuleManager: Shutting down and abandoning module MagicLeapMediaEditor (540)
[2019.07.25-00.39.20:333][838]LogModuleManager: Shutting down and abandoning module CharacterAI (538)
[2019.07.25-00.39.20:333][838]LogModuleManager: Shutting down and abandoning module SmartSnapping (536)
[2019.07.25-00.39.20:333][838]LogModuleManager: Shutting down and abandoning module SessionServices (534)
[2019.07.25-00.39.20:333][838]LogModuleManager: Shutting down and abandoning module ViewportSnapping (532)
[2019.07.25-00.39.20:333][838]LogModuleManager: Shutting down and abandoning module ViewportInteraction (530)
[2019.07.25-00.39.20:333][838]LogModuleManager: Shutting down and abandoning module ClothPainter (528)
[2019.07.25-00.39.20:334][838]LogModuleManager: Shutting down and abandoning module SkeletalMeshEditor (527)
[2019.07.25-00.39.20:334][838]LogModuleManager: Shutting down and abandoning module LogVisualizer (524)
[2019.07.25-00.39.20:334][838]LogModuleManager: Shutting down and abandoning module IntroTutorials (522)
[2019.07.25-00.39.20:334][838]LogModuleManager: Shutting down and abandoning module GameProjectGeneration (521)
[2019.07.25-00.39.20:334][838]LogModuleManager: Shutting down and abandoning module LuminPlatformEditor (518)
[2019.07.25-00.39.20:334][838]LogModuleManager: Shutting down and abandoning module IOSPlatformEditor (516)
[2019.07.25-00.39.20:334][838]LogModuleManager: Shutting down and abandoning module HTML5PlatformEditor (514)
[2019.07.25-00.39.20:334][838]LogModuleManager: Shutting down and abandoning module AndroidPlatformEditor (512)
[2019.07.25-00.39.20:334][838]LogModuleManager: Shutting down and abandoning module AndroidDeviceDetection (511)
[2019.07.25-00.39.20:511][838]LogModuleManager: Shutting down and abandoning module WindowsPlatformEditor (508)
[2019.07.25-00.39.20:512][838]LogModuleManager: Shutting down and abandoning module LuminRuntimeSettings (506)
[2019.07.25-00.39.20:512][838]LogModuleManager: Shutting down and abandoning module IOSRuntimeSettings (504)
[2019.07.25-00.39.20:512][838]LogModuleManager: Shutting down and abandoning module AndroidRuntimeSettings (502)
[2019.07.25-00.39.20:512][838]LogModuleManager: Shutting down and abandoning module InputBindingEditor (500)
[2019.07.25-00.39.20:512][838]LogModuleManager: Shutting down and abandoning module MergeActors (498)
[2019.07.25-00.39.20:512][838]LogModuleManager: Shutting down and abandoning module LocalizationDashboard (496)
[2019.07.25-00.39.20:512][838]LogModuleManager: Shutting down and abandoning module LocalizationService (495)
[2019.07.25-00.39.20:512][838]LogModuleManager: Shutting down and abandoning module HardwareTargeting (492)
[2019.07.25-00.39.20:512][838]LogModuleManager: Shutting down and abandoning module DeviceProfileEditor (490)
[2019.07.25-00.39.20:512][838]LogModuleManager: Shutting down and abandoning module UndoHistory (488)
[2019.07.25-00.39.20:512][838]LogModuleManager: Shutting down and abandoning module XmlParser (486)
[2019.07.25-00.39.20:512][838]LogModuleManager: Shutting down and abandoning module Blutility (484)
[2019.07.25-00.39.20:512][838]LogModuleManager: Shutting down and abandoning module ProjectSettingsViewer (482)
[2019.07.25-00.39.20:512][838]LogModuleManager: Shutting down and abandoning module ProjectTargetPlatformEditor (481)
[2019.07.25-00.39.20:512][838]LogModuleManager: Shutting down and abandoning module EditorSettingsViewer (478)
[2019.07.25-00.39.20:513][838]LogModuleManager: Shutting down and abandoning module SettingsEditor (476)
[2019.07.25-00.39.20:513][838]LogModuleManager: Shutting down and abandoning module ProjectLauncher (474)
[2019.07.25-00.39.20:513][838]LogModuleManager: Shutting down and abandoning module SessionFrontend (472)
[2019.07.25-00.39.20:513][838]LogModuleManager: Shutting down and abandoning module ProfilerClient (470)
[2019.07.25-00.39.20:513][838]LogModuleManager: Shutting down and abandoning module DeviceManager (468)
[2019.07.25-00.39.20:513][838]LogModuleManager: Shutting down and abandoning module TargetDeviceServices (467)
[2019.07.25-00.39.20:568][838]LogModuleManager: Shutting down and abandoning module AutomationController (464)
[2019.07.25-00.39.20:568][838]LogModuleManager: Shutting down and abandoning module AutomationWindow (462)
[2019.07.25-00.39.20:568][838]LogModuleManager: Shutting down and abandoning module Layers (460)
[2019.07.25-00.39.20:568][838]LogModuleManager: Shutting down and abandoning module ComponentVisualizers (458)
[2019.07.25-00.39.20:568][838]LogModuleManager: Shutting down and abandoning module DetailCustomizations (456)
[2019.07.25-00.39.20:568][838]LogModuleManager: Shutting down and abandoning module PackagesDialog (454)
[2019.07.25-00.39.20:569][838]LogModuleManager: Shutting down and abandoning module Persona (452)
[2019.07.25-00.39.20:569][838]LogModuleManager: Shutting down and abandoning module AdvancedPreviewScene (451)
[2019.07.25-00.39.20:569][838]LogModuleManager: Shutting down and abandoning module AnimGraph (449)
[2019.07.25-00.39.20:569][838]LogModuleManager: Shutting down and abandoning module Kismet (446)
[2019.07.25-00.39.20:601][838]LogModuleManager: Shutting down and abandoning module GraphEditor (444)
[2019.07.25-00.39.20:601][838]LogModuleManager: Shutting down and abandoning module ClassViewer (442)
[2019.07.25-00.39.20:606][838]LogModuleManager: Shutting down and abandoning module Toolbox (440)
[2019.07.25-00.39.20:606][838]LogModuleManager: Shutting down and abandoning module DesktopPlatform (439)
[2019.07.25-00.39.20:606][838]LogModuleManager: Shutting down and abandoning module ModuleUI (436)
[2019.07.25-00.39.20:606][838]LogModuleManager: Shutting down and abandoning module MovieSceneTools (434)
[2019.07.25-00.39.20:606][838]LogModuleManager: Shutting down and abandoning module OutputLog (432)
[2019.07.25-00.39.20:606][838]LogModuleManager: Shutting down and abandoning module GammaUI (430)
[2019.07.25-00.39.20:606][838]LogModuleManager: Shutting down and abandoning module Documentation (428)
[2019.07.25-00.39.20:607][838]LogModuleManager: Shutting down and abandoning module MovieSceneTracks (426)
[2019.07.25-00.39.20:607][838]LogModuleManager: Shutting down and abandoning module MovieScene (424)
[2019.07.25-00.39.20:607][838]LogModuleManager: Shutting down and abandoning module StreamingPauseRendering (422)
[2019.07.25-00.39.20:607][838]LogModuleManager: Shutting down and abandoning module LauncherPlatform (420)
[2019.07.25-00.39.20:607][838]LogModuleManager: Shutting down and abandoning module AnalyticsET (418)
[2019.07.25-00.39.20:607][838]LogModuleManager: Shutting down and abandoning module PortalServices (416)
[2019.07.25-00.39.20:607][838]LogModuleManager: Shutting down and abandoning module PortalRpc (414)
[2019.07.25-00.39.20:608][838]LogModuleManager: Shutting down and abandoning module MessagingRpc (412)
[2019.07.25-00.39.20:608][838]LogModuleManager: Shutting down and abandoning module AIModule (410)
[2019.07.25-00.39.20:608][838]LogModuleManager: Shutting down and abandoning module GameplayDebugger (409)
[2019.07.25-00.39.20:608][838]LogModuleManager: Shutting down and abandoning module AITestSuite (407)
[2019.07.25-00.39.20:608][838]LogModuleManager: Shutting down and abandoning module NavigationSystem (405)
[2019.07.25-00.39.20:608][838]LogModuleManager: Shutting down and abandoning module ProfilerService (402)
[2019.07.25-00.39.20:712][838]LogModuleManager: Shutting down and abandoning module TaskGraph (400)
[2019.07.25-00.39.20:712][838]LogModuleManager: Shutting down and abandoning module SteamVRController (398)
[2019.07.25-00.39.20:712][838]LogModuleManager: Shutting down and abandoning module ProceduralMeshComponentEditor (396)
[2019.07.25-00.39.20:712][838]LogModuleManager: Shutting down and abandoning module ProceduralMeshComponent (394)
[2019.07.25-00.39.20:713][838]LogModuleManager: Shutting down and abandoning module OculusInput (392)
[2019.07.25-00.39.20:713][838]LogModuleManager: Shutting down and abandoning module MobilePatchingUtils (390)
[2019.07.25-00.39.20:713][838]LogModuleManager: Shutting down and abandoning module EditableMesh (388)
[2019.07.25-00.39.20:713][838]LogModuleManager: Shutting down and abandoning module CustomMeshComponent (386)
[2019.07.25-00.39.20:713][838]LogModuleManager: Shutting down and abandoning module CableComponent (384)
[2019.07.25-00.39.20:713][838]LogModuleManager: Shutting down and abandoning module AudioCapture (382)
[2019.07.25-00.39.20:713][838]LogModuleManager: Shutting down and abandoning module ArchVisCharacter (380)
[2019.07.25-00.39.20:713][838]LogModuleManager: Shutting down and abandoning module AndroidPermission (378)
[2019.07.25-00.39.20:713][838]LogModuleManager: Shutting down and abandoning module NUTUnrealEngine4 (376)
[2019.07.25-00.39.20:713][838]LogModuleManager: Shutting down and abandoning module NetcodeUnitTest (374)
[2019.07.25-00.39.20:713][838]LogModuleManager: Shutting down and abandoning module MediaCompositingEditor (372)
[2019.07.25-00.39.20:714][838]LogModuleManager: Shutting down and abandoning module MediaCompositing (370)
[2019.07.25-00.39.20:714][838]LogModuleManager: Shutting down and abandoning module LinearTimecode (368)
[2019.07.25-00.39.20:714][838]LogModuleManager: Shutting down and abandoning module ImgMedia (366)
[2019.07.25-00.39.20:725][838]LogModuleManager: Shutting down and abandoning module HTML5Networking (364)
[2019.07.25-00.39.20:725][838]LogModuleManager: Shutting down and abandoning module GeometryCacheTracks (362)
[2019.07.25-00.39.20:725][838]LogModuleManager: Shutting down and abandoning module GeometryCacheSequencer (360)
[2019.07.25-00.39.20:725][838]LogModuleManager: Shutting down and abandoning module BackChannel (358)
[2019.07.25-00.39.20:725][838]LogModuleManager: Shutting down and abandoning module AppleVision (356)
[2019.07.25-00.39.20:725][838]LogModuleManager: Shutting down and abandoning module AppleImageUtils (354)
[2019.07.25-00.39.20:725][838]LogModuleManager: Shutting down and abandoning module AlembicImporter (352)
[2019.07.25-00.39.20:725][838]LogModuleManager: Shutting down and abandoning module AlembicLibrary (351)
[2019.07.25-00.39.20:726][838]LogModuleManager: Shutting down and abandoning module GeometryCache (350)
[2019.07.25-00.39.20:726][838]LogModuleManager: Shutting down and abandoning module GeometryCacheEd (349)
[2019.07.25-00.39.20:726][838]LogModuleManager: Shutting down and abandoning module DatasmithContentEditor (344)
[2019.07.25-00.39.20:726][838]LogModuleManager: Shutting down and abandoning module DatasmithContent (342)
[2019.07.25-00.39.20:727][838]LogModuleManager: Shutting down and abandoning module SpeedTreeImporter (340)
[2019.07.25-00.39.20:727][838]LogModuleManager: Shutting down and abandoning module PluginBrowser (338)
[2019.07.25-00.39.20:727][838]LogModuleManager: Shutting down and abandoning module MobileLauncherProfileWizard (336)
[2019.07.25-00.39.20:727][838]LogModuleManager: Shutting down and abandoning module PolygonModeling (334)
[2019.07.25-00.39.20:727][838]LogModuleManager: Shutting down and abandoning module MeshEditor (332)
[2019.07.25-00.39.20:728][838]LogModuleManager: Shutting down and abandoning module CryptoKeysOpenSSL (330)
[2019.07.25-00.39.20:728][838]LogModuleManager: Shutting down and abandoning module CryptoKeys (328)
[2019.07.25-00.39.20:728][838]LogModuleManager: Shutting down and abandoning module VisualStudioSourceCodeAccess (326)
[2019.07.25-00.39.20:728][838]LogModuleManager: Shutting down and abandoning module VisualStudioCodeSourceCodeAccess (324)
[2019.07.25-00.39.20:728][838]LogModuleManager: Shutting down and abandoning module UObjectPlugin (322)
[2019.07.25-00.39.20:728][838]LogModuleManager: Shutting down and abandoning module SubversionSourceControl (320)
[2019.07.25-00.39.20:728][838]LogModuleManager: Shutting down and abandoning module PerforceSourceControl (318)
[2019.07.25-00.39.20:728][838]LogModuleManager: Shutting down and abandoning module GitSourceControl (316)
[2019.07.25-00.39.20:728][838]LogModuleManager: Shutting down and abandoning module SourceControl (315)
[2019.07.25-00.39.20:729][838]LogModuleManager: Shutting down and abandoning module CLionSourceCodeAccess (312)
[2019.07.25-00.39.20:729][838]LogModuleManager: Shutting down and abandoning module LightPropagationVolumeEditor (310)
[2019.07.25-00.39.20:729][838]LogModuleManager: Shutting down and abandoning module PaperTiledImporter (308)
[2019.07.25-00.39.20:729][838]LogModuleManager: Shutting down and abandoning module PaperSpriteSheetImporter (306)
[2019.07.25-00.39.20:729][838]LogModuleManager: Shutting down and abandoning module Paper2DEditor (304)
[2019.07.25-00.39.20:729][838]LogModuleManager: Shutting down and abandoning module MeshPaint (303)
[2019.07.25-00.39.20:729][838]LogModuleManager: Shutting down and abandoning module RuntimePhysXCooking (298)
[2019.07.25-00.39.20:729][838]LogModuleManager: Shutting down and abandoning module PhysXVehiclesEditor (296)
[2019.07.25-00.39.20:729][838]LogModuleManager: Shutting down and abandoning module PhysXVehicles (294)
[2019.07.25-00.39.20:730][838]LogModuleManager: Shutting down and abandoning module OculusEditor (292)
[2019.07.25-00.39.20:730][838]LogModuleManager: Shutting down and abandoning module LocationServicesBPLibrary (290)
[2019.07.25-00.39.20:730][838]LogModuleManager: Shutting down and abandoning module ImmediatePhysicsEditor (288)
[2019.07.25-00.39.20:730][838]LogModuleManager: Shutting down and abandoning module ImmediatePhysics (286)
[2019.07.25-00.39.20:730][838]LogModuleManager: Shutting down and abandoning module ActorSequence (284)
[2019.07.25-00.39.20:730][838]LogModuleManager: Shutting down and abandoning module UdpMessaging (282)
[2019.07.25-00.39.20:830][838]LogModuleManager: Shutting down and abandoning module TcpMessaging (280)
[2019.07.25-00.39.20:931][838]LogModuleManager: Shutting down and abandoning module MagicLeapAudio (278)
[2019.07.25-00.39.20:931][838]LogModuleManager: Shutting down and abandoning module GameplayTagsEditor (276)
[2019.07.25-00.39.20:931][838]LogModuleManager: Shutting down and abandoning module FacialAnimationEditor (274)
[2019.07.25-00.39.20:931][838]LogModuleManager: Shutting down and abandoning module FacialAnimation (272)
[2019.07.25-00.39.20:931][838]LogModuleManager: Shutting down and abandoning module DataValidation (270)
[2019.07.25-00.39.20:931][838]LogModuleManager: Shutting down and abandoning module AssetManagerEditor (268)
[2019.07.25-00.39.20:931][838]LogModuleManager: Shutting down and abandoning module LevelEditor (267)
[2019.07.25-00.39.20:934][838]LogModuleManager: Shutting down and abandoning module PixelInspectorModule (266)
[2019.07.25-00.39.20:934][838]LogModuleManager: Shutting down and abandoning module CommonMenuExtensions (264)
[2019.07.25-00.39.20:934][838]LogModuleManager: Shutting down and abandoning module MainFrame (262)
[2019.07.25-00.39.20:935][838]LogModuleManager: Shutting down and abandoning module HotReload (261)
[2019.07.25-00.39.20:936][838]LogModuleManager: Shutting down and abandoning module ContentBrowser (257)
[2019.07.25-00.39.20:939][838]LogModuleManager: Shutting down and abandoning module TreeMap (255)
[2019.07.25-00.39.20:939][838]LogModuleManager: Shutting down and abandoning module LightPropagationVolumeRuntime (252)
[2019.07.25-00.39.20:939][838]LogModuleManager: Shutting down and abandoning module AISupportModule (250)
[2019.07.25-00.39.20:939][838]LogModuleManager: Shutting down and abandoning module Paper2D (248)
[2019.07.25-00.39.20:939][838]LogModuleManager: Shutting down and abandoning module WindowsMoviePlayer (246)
[2019.07.25-00.39.20:939][838]LogModuleManager: Shutting down and abandoning module WmfMedia (244)
[2019.07.25-00.39.20:944][838]LogModuleManager: Shutting down and abandoning module Media (243)
[2019.07.25-00.39.20:951][838]LogModuleManager: Shutting down and abandoning module PacketHandler (240)
[2019.07.25-00.39.20:951][838]LogModuleManager: Shutting down and abandoning module ClothingSystemEditor (238)
[2019.07.25-00.39.20:951][838]LogModuleManager: Shutting down and abandoning module ClothingSystemRuntime (236)
[2019.07.25-00.39.20:952][838]LogModuleManager: Shutting down and abandoning module MediaAssets (234)
[2019.07.25-00.39.20:952][838]LogModuleManager: Shutting down and abandoning module Overlay (232)
[2019.07.25-00.39.20:952][838]LogModuleManager: Shutting down and abandoning module OverlayEditor (231)
[2019.07.25-00.39.20:952][838]LogModuleManager: Shutting down and abandoning module VREditor (228)
[2019.07.25-00.39.20:952][838]LogModuleManager: Shutting down and abandoning module StringTableEditor (226)
[2019.07.25-00.39.20:952][838]LogModuleManager: Shutting down and abandoning module GameplayTasksEditor (224)
[2019.07.25-00.39.20:952][838]LogModuleManager: Shutting down and abandoning module BehaviorTreeEditor (222)
[2019.07.25-00.39.20:952][838]LogModuleManager: Shutting down and abandoning module FunctionalTesting (220)
[2019.07.25-00.39.20:952][838]LogModuleManager: Shutting down and abandoning module CollisionAnalyzer (218)
[2019.07.25-00.39.20:952][838]LogModuleManager: Shutting down and abandoning module WorkspaceMenuStructure (217)
[2019.07.25-00.39.20:952][838]LogModuleManager: Shutting down and abandoning module UMG (214)
[2019.07.25-00.39.20:953][838]LogModuleManager: Shutting down and abandoning module UMGEditor (213)
[2019.07.25-00.39.20:953][838]LogModuleManager: Shutting down and abandoning module Sequencer (212)
[2019.07.25-00.39.20:953][838]LogModuleManager: Shutting down and abandoning module MessageLog (209)
[2019.07.25-00.39.20:953][838]LogModuleManager: Shutting down and abandoning module SlateReflector (204)
[2019.07.25-00.39.20:953][838]LogModuleManager: Shutting down and abandoning module Slate (202)
[2019.07.25-00.39.20:953][838]LogModuleManager: Shutting down and abandoning module EditorStyle (200)
[2019.07.25-00.39.20:959][838]LogModuleManager: Shutting down and abandoning module MRMesh (198)
[2019.07.25-00.39.20:960][838]LogModuleManager: Shutting down and abandoning module SourceCodeAccess (196)
[2019.07.25-00.39.20:960][838]LogModuleManager: Shutting down and abandoning module HeadMountedDisplay (194)
[2019.07.25-00.39.20:960][838]LogModuleManager: Shutting down and abandoning module XAudio2 (192)
[2019.07.25-00.39.20:960][838]LogModuleManager: Shutting down and abandoning module Networking (190)
[2019.07.25-00.39.20:960][838]LogModuleManager: Shutting down and abandoning module Core (188)
[2019.07.25-00.39.20:960][838]LogModuleManager: Shutting down and abandoning module LevelSequence (186)
[2019.07.25-00.39.20:960][838]LogModuleManager: Shutting down and abandoning module KismetCompiler (184)
[2019.07.25-00.39.20:960][838]LogModuleManager: Shutting down and abandoning module MeshUtilities (182)
[2019.07.25-00.39.20:961][838]LogModuleManager: Shutting down and abandoning module MeshMergeUtilities (181)
[2019.07.25-00.39.20:961][838]LogModuleManager: Shutting down and abandoning module MeshReductionInterface (180)
[2019.07.25-00.39.20:961][838]LogModuleManager: Shutting down and abandoning module SimplygonSwarm (179)
[2019.07.25-00.39.20:961][838]LogModuleManager: Shutting down and abandoning module ProxyLODMeshReduction (177)
[2019.07.25-00.39.20:961][838]LogModuleManager: Shutting down and abandoning module SimplygonMeshReduction (175)
[2019.07.25-00.39.20:961][838]LogModuleManager: Shutting down and abandoning module QuadricMeshReduction (173)
[2019.07.25-00.39.20:961][838]LogModuleManager: Shutting down and abandoning module MaterialBaking (169)
[2019.07.25-00.39.20:962][838]LogModuleManager: Shutting down and abandoning module DirectoryWatcher (165)
[2019.07.25-00.39.20:962][838]LogModuleManager: Shutting down and abandoning module DerivedDataCache (162)
[2019.07.25-00.39.21:002][838]LogDerivedDataCache: Shutdown
[2019.07.25-00.39.21:002][838]LogModuleManager: Shutting down and abandoning module XGEController (160)
[2019.07.25-00.39.21:002][838]LogXGEController: Cleaning working directory: C:/Users/Aaron's Desktop/AppData/Local/Temp/UnrealXGEWorkingDir/
[2019.07.25-00.39.21:002][838]LogModuleManager: Shutting down and abandoning module TargetPlatform (158)
[2019.07.25-00.39.21:002][838]LogModuleManager: Shutting down and abandoning module VulkanShaderFormat (157)
[2019.07.25-00.39.21:002][838]LogModuleManager: Shutting down and abandoning module ShaderFormatVectorVM (155)
[2019.07.25-00.39.21:002][838]LogModuleManager: Shutting down and abandoning module ShaderFormatOpenGL (153)
[2019.07.25-00.39.21:002][838]LogModuleManager: Shutting down and abandoning module ShaderFormatD3D (151)
[2019.07.25-00.39.21:002][838]LogModuleManager: Shutting down and abandoning module MetalShaderFormat (149)
[2019.07.25-00.39.21:002][838]LogModuleManager: Shutting down and abandoning module TextureFormatUncompressed (147)
[2019.07.25-00.39.21:002][838]LogModuleManager: Shutting down and abandoning module TextureFormatPVR (145)
[2019.07.25-00.39.21:002][838]LogModuleManager: Shutting down and abandoning module TextureFormatDXT (143)
[2019.07.25-00.39.21:003][838]LogModuleManager: Shutting down and abandoning module TextureFormatIntelISPCTexComp (141)
[2019.07.25-00.39.21:003][838]LogModuleManager: Shutting down and abandoning module TextureFormatASTC (139)
[2019.07.25-00.39.21:003][838]LogModuleManager: Shutting down and abandoning module ImageWrapper (138)
[2019.07.25-00.39.21:003][838]LogModuleManager: Shutting down and abandoning module TextureFormatAndroid (135)
[2019.07.25-00.39.21:003][838]LogModuleManager: Shutting down and abandoning module AudioFormatOpus (133)
[2019.07.25-00.39.21:003][838]LogModuleManager: Shutting down and abandoning module AudioFormatOgg (131)
[2019.07.25-00.39.21:003][838]LogModuleManager: Shutting down and abandoning module AudioFormatADPCM (129)
[2019.07.25-00.39.21:003][838]LogModuleManager: Shutting down and abandoning module LuminTargetPlatform (127)
[2019.07.25-00.39.21:003][838]LogModuleManager: Shutting down and abandoning module LinuxTargetPlatform (125)
[2019.07.25-00.39.21:003][838]LogModuleManager: Shutting down and abandoning module LinuxServerTargetPlatform (123)
[2019.07.25-00.39.21:003][838]LogModuleManager: Shutting down and abandoning module LinuxNoEditorTargetPlatform (121)
[2019.07.25-00.39.21:003][838]LogModuleManager: Shutting down and abandoning module LinuxClientTargetPlatform (119)
[2019.07.25-00.39.21:003][838]LogModuleManager: Shutting down and abandoning module TVOSTargetPlatform (117)
[2019.07.25-00.39.21:004][838]LogModuleManager: Shutting down and abandoning module Messaging (115)
[2019.07.25-00.39.21:005][838]LogModuleManager: Shutting down and abandoning module IOSTargetPlatform (113)
[2019.07.25-00.39.21:006][838]LogModuleManager: Shutting down and abandoning module HTML5TargetPlatform (111)
[2019.07.25-00.39.21:006][838]LogModuleManager: Shutting down and abandoning module AndroidTargetPlatform (109)
[2019.07.25-00.39.21:018][838]LogModuleManager: Shutting down and abandoning module WindowsTargetPlatform (107)
[2019.07.25-00.39.21:018][838]LogModuleManager: Shutting down and abandoning module WindowsServerTargetPlatform (105)
[2019.07.25-00.39.21:018][838]LogModuleManager: Shutting down and abandoning module WindowsNoEditorTargetPlatform (103)
[2019.07.25-00.39.21:018][838]LogModuleManager: Shutting down and abandoning module WindowsClientTargetPlatform (101)
[2019.07.25-00.39.21:018][838]LogModuleManager: Shutting down and abandoning module MacTargetPlatform (99)
[2019.07.25-00.39.21:018][838]LogModuleManager: Shutting down and abandoning module MacServerTargetPlatform (97)
[2019.07.25-00.39.21:018][838]LogModuleManager: Shutting down and abandoning module MacNoEditorTargetPlatform (95)
[2019.07.25-00.39.21:018][838]LogModuleManager: Shutting down and abandoning module MacClientTargetPlatform (93)
[2019.07.25-00.39.21:018][838]LogModuleManager: Shutting down and abandoning module AllDesktopTargetPlatform (91)
[2019.07.25-00.39.21:018][838]LogModuleManager: Shutting down and abandoning module InputCore (88)
[2019.07.25-00.39.21:018][838]LogModuleManager: Shutting down and abandoning module Settings (86)
[2019.07.25-00.39.21:018][838]LogModuleManager: Shutting down and abandoning module PhysXCooking (84)
[2019.07.25-00.39.21:018][838]LogModuleManager: Shutting down and abandoning module SteamVR (82)
[2019.07.25-00.39.21:018][838]LogModuleManager: Shutting down and abandoning module OculusHMD (80)
[2019.07.25-00.39.21:018][838]LogModuleManager: Shutting down and abandoning module ExampleDeviceProfileSelector (78)
[2019.07.25-00.39.21:018][838]LogModuleManager: Shutting down and abandoning module LauncherChunkInstaller (76)
[2019.07.25-00.39.21:018][838]LogModuleManager: Shutting down and abandoning module OnlineBlueprintSupport (74)
[2019.07.25-00.39.21:019][838]LogModuleManager: Shutting down and abandoning module OnlineSubsystem (70)
[2019.07.25-00.39.21:020][838]LogModuleManager: Shutting down and abandoning module XMPP (65)
[2019.07.25-00.39.21:020][838]LogModuleManager: Shutting down and abandoning module WebSockets (64)
[2019.07.25-00.39.21:053][838]LogModuleManager: Shutting down and abandoning module HTTP (61)
[2019.07.25-00.39.21:053][838]LogHttp: Display: Http module shutting down, but needs to wait on 1 outstanding Http requests:
[2019.07.25-00.39.21:053][838]LogHttp: Display: 	verb=[POST] url=[https://datarouter.ol.epicgames.com/datarouter/api/v1/public/data?SessionID=%7BA8BA1F5C-4F7E-B89C-FD0B-E293D5B635F2%7D&AppID=UEEditor.Rocket.Release&AppVersion=4.20.3-4369336%2B%2B%2BUE4%2BRelease-4.20&UserID=fffd5b9e4c9290f2f3f0769658e4954d%7C5e0c94b460c94235a6f9d9aa0432c0f9%7Ce69b9451-45eb-4241-b5dd-357878922232&AppEnvironment=datacollector-binary&UploadType=eteventstream] status=Processing
[2019.07.25-00.39.21:064][838]LogModuleManager: Shutting down and abandoning module SSL (60)
[2019.07.25-00.39.21:067][838]LogModuleManager: Shutting down and abandoning module MagicLeapEmulator (56)
[2019.07.25-00.39.21:067][838]LogModuleManager: Shutting down and abandoning module MagicLeapPrivileges (54)
[2019.07.25-00.39.21:067][838]LogModuleManager: Shutting down and abandoning module MagicLeapIdentity (52)
[2019.07.25-00.39.21:067][838]LogModuleManager: Shutting down and abandoning module MagicLeapHelperVulkan (50)
[2019.07.25-00.39.21:067][838]LogModuleManager: Shutting down and abandoning module MagicLeapHelperOpenGL (48)
[2019.07.25-00.39.21:067][838]LogModuleManager: Shutting down and abandoning module MagicLeapSecureStorage (46)
[2019.07.25-00.39.21:067][838]LogModuleManager: Shutting down and abandoning module MagicLeapGestures (44)
[2019.07.25-00.39.21:068][838]LogModuleManager: Shutting down and abandoning module MagicLeapEyeTracker (42)
[2019.07.25-00.39.21:068][838]LogModuleManager: Shutting down and abandoning module MagicLeapController (40)
[2019.07.25-00.39.21:068][838]LogSlate: Slate User Destroyed.  User Index 0, Is Virtual User: 0
[2019.07.25-00.39.21:068][838]LogModuleManager: Shutting down and abandoning module MagicLeap (38)
[2019.07.25-00.39.21:068][838]LogModuleManager: Shutting down and abandoning module AnimationModifiers (36)
[2019.07.25-00.39.21:068][838]LogModuleManager: Shutting down and abandoning module PropertyEditor (35)
[2019.07.25-00.39.21:069][838]LogModuleManager: Shutting down and abandoning module AudioEditor (32)
[2019.07.25-00.39.21:069][838]LogModuleManager: Shutting down and abandoning module TextureCompressor (30)
[2019.07.25-00.39.21:076][838]LogModuleManager: Shutting down and abandoning module ShaderCore (28)
[2019.07.25-00.39.21:076][838]LogModuleManager: Shutting down and abandoning module Landscape (26)
[2019.07.25-00.39.21:076][838]LogModuleManager: Shutting down and abandoning module SlateRHIRenderer (24)
[2019.07.25-00.39.21:078][838]LogModuleManager: Shutting down and abandoning module OpenGLDrv (22)
[2019.07.25-00.39.21:079][838]LogModuleManager: Shutting down and abandoning module D3D11RHI (20)
[2019.07.25-00.39.21:079][838]LogModuleManager: Shutting down and abandoning module AnimGraphRuntime (18)
[2019.07.25-00.39.21:079][838]LogModuleManager: Shutting down and abandoning module Renderer (16)
[2019.07.25-00.39.21:079][838]LogModuleManager: Shutting down and abandoning module Engine (14)
[2019.07.25-00.39.21:079][838]LogModuleManager: Shutting down and abandoning module CoreUObject (12)
[2019.07.25-00.39.21:079][838]LogModuleManager: Shutting down and abandoning module NetworkFile (10)
[2019.07.25-00.39.21:079][838]LogModuleManager: Shutting down and abandoning module CookedIterativeFile (8)
[2019.07.25-00.39.21:079][838]LogModuleManager: Shutting down and abandoning module StreamingFile (6)
[2019.07.25-00.39.21:079][838]LogModuleManager: Shutting down and abandoning module SandboxFile (4)
[2019.07.25-00.39.21:079][838]LogModuleManager: Shutting down and abandoning module PakFile (2)
[2019.07.25-00.39.21:117][838]LogExit: Exiting.
[2019.07.25-00.39.21:142][838]Log file closed, 07/24/19 20:39:21
