Log file open, 07/31/19 08:49:13
LogWindows: Failed to load 'aqProf.dll' (GetLastError=126)
LogWindows: File 'aqProf.dll' does not exist
LogWindows: Failed to load 'VSPerf140.dll' (GetLastError=126)
LogWindows: File 'VSPerf140.dll' does not exist
LogWindows: Failed to load 'VtuneApi.dll' (GetLastError=126)
LogWindows: File 'VtuneApi.dll' does not exist
LogWindows: Failed to load 'VtuneApi32e.dll' (GetLastError=126)
LogWindows: File 'VtuneApi32e.dll' does not exist
LogInit: Display: Running engine for game: Project_Tether
LogPlatformFile: Not using cached read wrapper
LogTaskGraph: Started task graph with 5 named threads and 23 total threads with 3 sets of task threads.
LogStats: Stats thread started at 0.392194
LogD3D11RHI: Loaded GFSDK_Aftermath_Lib.x64.dll
LogICUInternationalization: Display: ICU TimeZone Detection - Raw Offset: -5:00, Platform Override: ''
LogPluginManager: Mounting plugin Paper2D
LogPluginManager: Mounting plugin AISupport
LogPluginManager: Mounting plugin LightPropagationVolume
LogPluginManager: Mounting plugin CLionSourceCodeAccess
LogPluginManager: Mounting plugin CodeLiteSourceCodeAccess
LogPluginManager: Mounting plugin GitSourceControl
LogPluginManager: Mounting plugin KDevelopSourceCodeAccess
LogPluginManager: Mounting plugin NullSourceCodeAccess
LogPluginManager: Mounting plugin PerforceSourceControl
LogPluginManager: Mounting plugin SubversionSourceControl
LogPluginManager: Mounting plugin UObjectPlugin
LogPluginManager: Mounting plugin VisualStudioCodeSourceCodeAccess
LogPluginManager: Mounting plugin VisualStudioSourceCodeAccess
LogPluginManager: Mounting plugin XCodeSourceCodeAccess
LogPluginManager: Mounting plugin AssetManagerEditor
LogPluginManager: Mounting plugin CryptoKeys
LogPluginManager: Mounting plugin DataValidation
LogPluginManager: Mounting plugin FacialAnimation
LogPluginManager: Mounting plugin GameplayTagsEditor
LogPluginManager: Mounting plugin MacGraphicsSwitching
LogPluginManager: Mounting plugin MeshEditor
LogPluginManager: Mounting plugin MobileLauncherProfileWizard
LogPluginManager: Mounting plugin PluginBrowser
LogPluginManager: Mounting plugin SpeedTreeImporter
LogPluginManager: Mounting plugin DatasmithContent
LogPluginManager: Mounting plugin AlembicImporter
LogPluginManager: Mounting plugin AppleImageUtils
LogPluginManager: Mounting plugin AppleVision
LogPluginManager: Mounting plugin BackChannel
LogPluginManager: Mounting plugin CharacterAI
LogPluginManager: Mounting plugin GeometryCache
LogPluginManager: Mounting plugin HTML5Networking
LogPluginManager: Mounting plugin ProxyLODPlugin
LogPluginManager: Mounting plugin MagicLeap
LogPluginManager: Mounting plugin MagicLeapEmulator
LogPluginManager: Mounting plugin MagicLeapMedia
LogPluginManager: Mounting plugin AndroidMedia
LogPluginManager: Mounting plugin AvfMedia
LogPluginManager: Mounting plugin ImgMedia
LogPluginManager: Mounting plugin LinearTimecode
LogPluginManager: Mounting plugin MediaCompositing
LogPluginManager: Mounting plugin MediaPlayerEditor
LogPluginManager: Mounting plugin WmfMedia
LogPluginManager: Mounting plugin TcpMessaging
LogPluginManager: Mounting plugin UdpMessaging
LogPluginManager: Mounting plugin ActorSequence
LogPluginManager: Mounting plugin LevelSequenceEditor
LogPluginManager: Mounting plugin MatineeToLevelSequence
LogPluginManager: Mounting plugin NetcodeUnitTest
LogPluginManager: Mounting plugin NUTUnrealEngine4
LogPluginManager: Mounting plugin OnlineSubsystemGooglePlay
LogPluginManager: Mounting plugin OnlineSubsystemIOS
LogPluginManager: Mounting plugin OnlineSubsystem
LogPluginManager: Mounting plugin OnlineSubsystemNull
LogPluginManager: Mounting plugin OnlineSubsystemUtils
LogPluginManager: Mounting plugin LauncherChunkInstaller
LogPluginManager: Mounting plugin AndroidDeviceProfileSelector
LogPluginManager: Mounting plugin AndroidMoviePlayer
LogPluginManager: Mounting plugin AndroidPermission
LogPluginManager: Mounting plugin AppleMoviePlayer
LogPluginManager: Mounting plugin ArchVisCharacter
LogPluginManager: Mounting plugin AudioCapture
LogPluginManager: Mounting plugin CableComponent
LogPluginManager: Mounting plugin CustomMeshComponent
LogPluginManager: Mounting plugin EditableMesh
LogPluginManager: Mounting plugin ExampleDeviceProfileSelector
LogPluginManager: Mounting plugin GoogleCloudMessaging
LogPluginManager: Mounting plugin ImmediatePhysics
LogPluginManager: Mounting plugin IOSDeviceProfileSelector
LogPluginManager: Mounting plugin LinuxDeviceProfileSelector
LogPluginManager: Mounting plugin LocationServicesBPLibrary
LogPluginManager: Mounting plugin MobilePatchingUtils
LogPluginManager: Mounting plugin OculusVR
LogPluginManager: Plugin shader directory ../../../Engine/Plugins/Runtime/Oculus/OculusVR/Shaders found
LogPluginManager: Mapping shader source directory ../../../Engine/Plugins/Runtime/Oculus/OculusVR/Shaders to virtual directory /Plugin/OculusVR
LogPluginManager: Mounting plugin PhysXVehicles
LogPluginManager: Mounting plugin ProceduralMeshComponent
LogPluginManager: Mounting plugin RuntimePhysXCooking
LogPluginManager: Mounting plugin SteamVR
LogPluginManager: Mounting plugin WindowsMoviePlayer
LogStreaming: Display: Took  0.107s to configure plugins.
LogInit: Using libcurl 7.55.1-DEV
LogInit:  - built for x86_64-pc-win32
LogInit:  - supports SSL with OpenSSL/1.0.2h
LogInit:  - supports HTTP deflate (compression) using libz 1.2.8
LogInit:  - other features:
LogInit:      CURL_VERSION_SSL
LogInit:      CURL_VERSION_LIBZ
LogInit:      CURL_VERSION_IPV6
LogInit:      CURL_VERSION_ASYNCHDNS
LogInit:      CURL_VERSION_LARGEFILE
LogInit:      CURL_VERSION_IDN
LogInit:  CurlRequestOptions (configurable via config and command line):
LogInit:  - bVerifyPeer = false  - Libcurl will NOT verify peer certificate
LogInit:  - bUseHttpProxy = false  - Libcurl will NOT use HTTP proxy
LogInit:  - bDontReuseConnections = false  - Libcurl will reuse connections
LogInit:  - CertBundlePath = nullptr  - Libcurl will use whatever was configured at build time.
LogInit:  - MaxHostConnections = 16  - Libcurl will limit the number of connections to a host
LogInit:  - LocalHostAddr = Default
LogInit:  - BufferSize = 65536
LogInit: WinSock: version 1.1 (2.2), MaxSocks=32767, MaxUdp=65467
LogInit: Build: ++UE4+Release-4.20-CL-4369336
LogInit: Engine Version: 4.20.3-4369336+++UE4+Release-4.20
LogInit: Compatible Engine Version: 4.20.0-4212847+++UE4+Release-4.20
LogInit: Net CL: 4212847
LogInit: OS: Windows 10 (), CPU: Intel(R) Core(TM) i7-6700 CPU @ 3.40GHz, GPU: NVIDIA GeForce GTX 1060 6GB
LogInit: Compiled (64-bit): Sep 17 2018 12:26:19
LogInit: Compiled with Visual C++: 19.13.26129.00
LogInit: Build Configuration: Development
LogInit: Branch Name: ++UE4+Release-4.20
LogInit: Command Line:  -skipcompile
LogInit: Base Directory: E:/Epic Games/UE_4.20/Engine/Binaries/Win64/
LogInit: Installed Engine Build: 1
LogDevObjectVersion: Number of dev versions registered: 20
LogDevObjectVersion:   Dev-Blueprints (B0D832E4-1F89-4F0D-ACCF-7EB736FD4AA2): 10
LogDevObjectVersion:   Dev-Build (E1C64328-A22C-4D53-A36C-8E866417BD8C): 0
LogDevObjectVersion:   Dev-Core (375EC13C-06E4-48FB-B500-84F0262A717E): 2
LogDevObjectVersion:   Dev-Editor (E4B068ED-F494-42E9-A231-DA0B2E46BB41): 24
LogDevObjectVersion:   Dev-Framework (CFFC743F-43B0-4480-9391-14DF171D2073): 34
LogDevObjectVersion:   Dev-Mobile (B02B49B5-BB20-44E9-A304-32B752E40360): 2
LogDevObjectVersion:   Dev-Networking (A4E4105C-59A1-49B5-A7C5-40C4547EDFEE): 0
LogDevObjectVersion:   Dev-Online (39C831C9-5AE6-47DC-9A44-9C173E1C8E7C): 0
LogDevObjectVersion:   Dev-Physics (78F01B33-EBEA-4F98-B9B4-84EACCB95AA2): 0
LogDevObjectVersion:   Dev-Platform (6631380F-2D4D-43E0-8009-CF276956A95A): 0
LogDevObjectVersion:   Dev-Rendering (12F88B9F-8875-4AFC-A67C-D90C383ABD29): 26
LogDevObjectVersion:   Dev-Sequencer (7B5AE74C-D270-4C10-A958-57980B212A5A): 9
LogDevObjectVersion:   Dev-VR (D7296918-1DD6-4BDD-9DE2-64A83CC13884): 2
LogDevObjectVersion:   Dev-LoadTimes (C2A15278-BFE7-4AFE-6C17-90FF531DF755): 1
LogDevObjectVersion:   Private-Geometry (6EACA3D4-40EC-4CC1-B786-8BED09428FC5): 3
LogDevObjectVersion:   Dev-AnimPhys (29E575DD-E0A3-4627-9D10-D276232CDCEA): 17
LogDevObjectVersion:   Dev-ReflectionCapture (6B266CEC-1EC7-4B8F-A30B-E4D90942FC07): 1
LogDevObjectVersion:   Dev-Automation (0DF73D61-A23F-47EA-B727-89E90C41499A): 1
LogDevObjectVersion:   FortniteMain (601D1886-AC64-4F84-AA16-D3DE0DEAC7D6): 12
LogDevObjectVersion:   Dev-Enterprise (9DFFBCD6-494F-0158-E221-12823C92A888): 1
LogStreaming: Display: Took  0.002s to delete old logs.
LogInit: Presizing for max 8388607 objects, including 0 objects not considered by GC, pre-allocating 0 bytes for permanent pool.
LogInit: Object subsystem initialized
[2019.07.31-12.49.14:513][  0]LogInit: Selected Device Profile: [Windows]
[2019.07.31-12.49.14:514][  0]LogInit: Applying CVar settings loaded from the selected device profile: [Windows]
[2019.07.31-12.49.14:522][  0]LogHAL: Display: Platform has ~ 32 GB [34316865536 / 34359738368 / 32], which maps to Largest [LargestMinGB=32, LargerMinGB=12, DefaultMinGB=8, SmallerMinGB=6, SmallestMinGB=0)
[2019.07.31-12.49.14:522][  0]LogInit: Setting Device Profile CVar: [[r.Vulkan.UseRealUBs:1]]
[2019.07.31-12.49.14:522][  0]LogInit: Going up to parent DeviceProfile []
[2019.07.31-12.49.14:522][  0]LogInit: Computer: WSROLLER45
[2019.07.31-12.49.14:522][  0]LogInit: User: aaronhines
[2019.07.31-12.49.14:522][  0]LogInit: CPU Page size=4096, Cores=4
[2019.07.31-12.49.14:522][  0]LogInit: High frequency timer resolution =10.000000 MHz
[2019.07.31-12.49.14:523][  0]LogMemory: Memory total: Physical=32.0GB (32GB approx)
[2019.07.31-12.49.14:523][  0]LogMemory: Platform Memory Stats for Windows
[2019.07.31-12.49.14:523][  0]LogMemory: Process Physical Memory: 102.68 MB used, 102.68 MB peak
[2019.07.31-12.49.14:523][  0]LogMemory: Process Virtual Memory: 93.38 MB used, 93.38 MB peak
[2019.07.31-12.49.14:523][  0]LogMemory: Physical Memory: 10537.43 MB used,  22189.69 MB free, 32727.11 MB total
[2019.07.31-12.49.14:524][  0]LogMemory: Virtual Memory: 4616.47 MB used,  22189.69 MB free, 134217728.00 MB total
[2019.07.31-12.49.14:997][  0]LogInit: Using OS detected language (en-US).
[2019.07.31-12.49.14:997][  0]LogInit: Using OS detected locale (en-US).
[2019.07.31-12.49.14:999][  0]LogTextLocalizationManager: No specific localization for 'en-US' exists, so the 'en' localization will be used.
[2019.07.31-12.49.15:353][  0]LogStreaming: Display: Took  0.355s to InitEngineTextLocalization.
[2019.07.31-12.49.15:354][  0]LogInit: Setting process to per monitor DPI aware
[2019.07.31-12.49.15:447][  0]LogSlate: New Slate User Created.  User Index 0, Is Virtual User: 0
[2019.07.31-12.49.15:447][  0]LogSlate: Slate User Registered.  User Index 0, Is Virtual User: 0
[2019.07.31-12.49.15:688][  0]LogHMD: Failed to initialize OpenVR with code 126
[2019.07.31-12.49.15:689][  0]LogD3D11RHI: D3D11 adapters:
[2019.07.31-12.49.15:776][  0]LogD3D11RHI:    0. 'NVIDIA GeForce GTX 1060 6GB' (Feature Level 11_0)
[2019.07.31-12.49.15:776][  0]LogD3D11RHI:       6052/0/16363 MB DedicatedVideo/DedicatedSystem/SharedSystem, Outputs:2, VendorId:0x10de
[2019.07.31-12.49.15:785][  0]LogD3D11RHI:    1. 'Microsoft Basic Render Driver' (Feature Level 11_0)
[2019.07.31-12.49.15:786][  0]LogD3D11RHI:       0/0/16363 MB DedicatedVideo/DedicatedSystem/SharedSystem, Outputs:0, VendorId:0x1414
[2019.07.31-12.49.15:786][  0]LogD3D11RHI: Chosen D3D11 Adapter: 0
[2019.07.31-12.49.15:793][  0]LogD3D11RHI: Creating new Direct3DDevice
[2019.07.31-12.49.15:794][  0]LogD3D11RHI:     GPU DeviceId: 0x1c03 (for the marketing name, search the web for "GPU Device Id")
[2019.07.31-12.49.15:794][  0]LogWindows: EnumDisplayDevices:
[2019.07.31-12.49.15:794][  0]LogWindows:    0. 'NVIDIA GeForce GTX 1060 6GB' (P:1 D:1)
[2019.07.31-12.49.15:795][  0]LogWindows:    1. 'NVIDIA GeForce GTX 1060 6GB' (P:0 D:1)
[2019.07.31-12.49.15:795][  0]LogWindows:    2. 'NVIDIA GeForce GTX 1060 6GB' (P:0 D:0)
[2019.07.31-12.49.15:796][  0]LogWindows:    3. 'NVIDIA GeForce GTX 1060 6GB' (P:0 D:0)
[2019.07.31-12.49.15:796][  0]LogWindows: DebugString: FoundDriverCount:4 
[2019.07.31-12.49.15:796][  0]LogD3D11RHI:     Adapter Name: NVIDIA GeForce GTX 1060 6GB
[2019.07.31-12.49.15:796][  0]LogD3D11RHI:   Driver Version: 425.31 (internal:25.21.14.2531, unified:425.31)
[2019.07.31-12.49.15:796][  0]LogD3D11RHI:      Driver Date: 4-9-2019
[2019.07.31-12.49.15:796][  0]LogRHI: Texture pool is 4236 MB (70% of 6052 MB)
[2019.07.31-12.49.15:839][  0]LogD3D11RHI: Async texture creation enabled
[2019.07.31-12.49.15:851][  0]LogD3D11RHI: GPU Timing Frequency: 1000.000000 (Debug: 2 1)
[2019.07.31-12.49.15:952][  0]LogShaderCompilers: Guid format shader working directory is 0 characters bigger than the processId version (../../../../../Tether/Project_Tether/Project_Tether/Intermediate/Shaders/WorkingDirectory/16232/).
[2019.07.31-12.49.15:952][  0]LogShaderCompilers: Cleaned the shader compiler working directory 'C:/Users/aaron.hines/AppData/Local/Temp/UnrealShaderWorkingDir/3E2A33FC466E43AA1B665CB2E40212A8/'.
[2019.07.31-12.49.16:265][  0]LogTemp: Display: Loaded TP AllDesktopTargetPlatform
[2019.07.31-12.49.16:284][  0]LogTemp: Display: Loaded TP MacClientTargetPlatform
[2019.07.31-12.49.16:308][  0]LogTemp: Display: Loaded TP MacNoEditorTargetPlatform
[2019.07.31-12.49.16:323][  0]LogTemp: Display: Loaded TP MacServerTargetPlatform
[2019.07.31-12.49.16:338][  0]LogTemp: Display: Loaded TP MacTargetPlatform
[2019.07.31-12.49.16:419][  0]LogTemp: Display: Loaded TP WindowsClientTargetPlatform
[2019.07.31-12.49.16:486][  0]LogTemp: Display: Loaded TP WindowsNoEditorTargetPlatform
[2019.07.31-12.49.16:511][  0]LogTemp: Display: Loaded TP WindowsServerTargetPlatform
[2019.07.31-12.49.16:519][  0]LogTemp: Display: Loaded TP WindowsTargetPlatform
[2019.07.31-12.49.16:605][  0]LogTemp: Display: Loaded TP AndroidTargetPlatform
[2019.07.31-12.49.16:605][  0]LogTemp: Display: Loaded TP AndroidTargetPlatform
[2019.07.31-12.49.16:605][  0]LogTemp: Display: Loaded TP AndroidTargetPlatform
[2019.07.31-12.49.16:606][  0]LogTemp: Display: Loaded TP AndroidTargetPlatform
[2019.07.31-12.49.16:606][  0]LogTemp: Display: Loaded TP AndroidTargetPlatform
[2019.07.31-12.49.16:606][  0]LogTemp: Display: Loaded TP AndroidTargetPlatform
[2019.07.31-12.49.16:606][  0]LogTemp: Display: Loaded TP AndroidTargetPlatform
[2019.07.31-12.49.16:606][  0]LogTemp: Display: Loaded TP AndroidTargetPlatform
[2019.07.31-12.49.16:606][  0]LogTemp: Display: Loaded TP AndroidTargetPlatform
[2019.07.31-12.49.16:606][  0]LogTemp: Display: Loaded TP AndroidTargetPlatform
[2019.07.31-12.49.16:606][  0]LogTemp: Display: Loaded TP AndroidTargetPlatform
[2019.07.31-12.49.16:606][  0]LogTemp: Display: Loaded TP AndroidTargetPlatform
[2019.07.31-12.49.16:606][  0]LogTemp: Display: Loaded TP AndroidTargetPlatform
[2019.07.31-12.49.16:607][  0]LogTemp: Display: Loaded TP AndroidTargetPlatform
[2019.07.31-12.49.16:607][  0]LogTemp: Display: Loaded TP AndroidTargetPlatform
[2019.07.31-12.49.16:607][  0]LogTemp: Display: Loaded TP AndroidTargetPlatform
[2019.07.31-12.49.16:607][  0]LogTemp: Display: Loaded TP AndroidTargetPlatform
[2019.07.31-12.49.16:607][  0]LogTemp: Display: Loaded TP AndroidTargetPlatform
[2019.07.31-12.49.16:617][  0]LogTemp: Display: Loaded TP HTML5TargetPlatform
[2019.07.31-12.49.16:711][  0]LogTemp: Display: Loaded TP IOSTargetPlatform
[2019.07.31-12.49.16:711][  0]LogTemp: Display: Loaded TP IOSTargetPlatform
[2019.07.31-12.49.16:739][  0]LogTemp: Display: Loaded TP TVOSTargetPlatform
[2019.07.31-12.49.16:740][  0]LogTemp: Display: Loaded TP TVOSTargetPlatform
[2019.07.31-12.49.16:763][  0]LogTemp: Display: Loaded TP LinuxClientTargetPlatform
[2019.07.31-12.49.16:777][  0]LogTemp: Display: Loaded TP LinuxNoEditorTargetPlatform
[2019.07.31-12.49.16:800][  0]LogTemp: Display: Loaded TP LinuxServerTargetPlatform
[2019.07.31-12.49.16:815][  0]LogTemp: Display: Loaded TP LinuxTargetPlatform
[2019.07.31-12.49.16:827][  0]LogTemp: Display: Loaded TP LuminTargetPlatform
[2019.07.31-12.49.16:827][  0]LogTargetPlatformManager: Display: Building Assets For Windows
[2019.07.31-12.49.17:067][  0]LogXGEController: Cleaning working directory: C:/Users/aaron.hines/AppData/Local/Temp/UnrealXGEWorkingDir/
[2019.07.31-12.49.17:067][  0]LogXGEController: Cannot use XGE Controller as Incredibuild is not installed on this machine.
[2019.07.31-12.49.17:068][  0]LogShaderCompilers: Cannot use XGE Shader Compiler as Incredibuild is not installed on this machine.
[2019.07.31-12.49.17:068][  0]LogShaderCompilers: Display: Using Local Shader Compiler.
[2019.07.31-12.49.17:803][  0]LogDerivedDataCache: Display: Max Cache Size: 512 MB
[2019.07.31-12.49.17:856][  0]LogDerivedDataCache: Loaded boot cache 0.05s 71MB C:/Users/aaron.hines/AppData/Local/UnrealEngine/4.20/DerivedDataCache/Boot.ddc.
[2019.07.31-12.49.17:856][  0]LogDerivedDataCache: Display: Loaded Boot cache: C:/Users/aaron.hines/AppData/Local/UnrealEngine/4.20/DerivedDataCache/Boot.ddc
[2019.07.31-12.49.17:856][  0]LogDerivedDataCache: FDerivedDataBackendGraph:  Pak pak cache file ../../../../../Tether/Project_Tether/Project_Tether/DerivedDataCache/DDC.ddp not found, will not use a pak cache.
[2019.07.31-12.49.17:856][  0]LogDerivedDataCache: Unable to find inner node Pak for hierarchical cache Hierarchy.
[2019.07.31-12.49.17:857][  0]LogDerivedDataCache: FDerivedDataBackendGraph:  CompressedPak pak cache file ../../../../../Tether/Project_Tether/Project_Tether/DerivedDataCache/Compressed.ddp not found, will not use a pak cache.
[2019.07.31-12.49.17:857][  0]LogDerivedDataCache: Unable to find inner node CompressedPak for hierarchical cache Hierarchy.
[2019.07.31-12.49.17:871][  0]LogDerivedDataCache: Display: Pak cache opened for reading ../../../Engine/DerivedDataCache/Compressed.ddp.
[2019.07.31-12.49.17:885][  0]LogDerivedDataCache: Using Local data cache path C:/Users/aaron.hines/AppData/Local/UnrealEngine/Common/DerivedDataCache: Writable
[2019.07.31-12.49.17:885][  0]LogDerivedDataCache: Shared data cache path not found in *engine.ini, will not use an Shared cache.
[2019.07.31-12.49.17:885][  0]LogDerivedDataCache: Unable to find inner node Shared for hierarchical cache Hierarchy.
[2019.07.31-12.49.17:903][  0]LogMaterial: Verifying Global Shaders for PCD3D_SM5
[2019.07.31-12.49.17:905][  0]LogSlate: Using FreeType 2.6.0
[2019.07.31-12.49.17:906][  0]LogSlate: SlateFontServices - WITH_FREETYPE: 1, WITH_HARFBUZZ: 1
[2019.07.31-12.49.17:984][  0]LogAssetRegistry: FAssetRegistry took 0.0287 seconds to start up
[2019.07.31-12.49.18:302][  0]LogInit: Selected Device Profile: [Windows]
[2019.07.31-12.49.18:407][  0]LogSimplygon: Simplygon DLL not present - disabling.
[2019.07.31-12.49.18:444][  0]LogMeshReduction: Using SimplygonSwarm for distributed automatic mesh merging
[2019.07.31-12.49.18:444][  0]LogMeshReduction: Using ProxyLODMeshReduction for automatic mesh merging
[2019.07.31-12.49.18:444][  0]LogMeshReduction: Using QuadricMeshReduction for automatic static mesh reduction
[2019.07.31-12.49.18:444][  0]LogMeshReduction: No automatic skeletal mesh reduction module available
[2019.07.31-12.49.18:539][  0]LogNetVersion: Project_Tether 1.0.0, NetCL: 4212847, EngineNetVer: 5, GameNetVer: 0 (Checksum: 2290113244)
[2019.07.31-12.49.19:001][  0]LogPackageLocalizationCache: Processed 11 localized package path(s) for 2 prioritized culture(s) in 0.083112 seconds
[2019.07.31-12.49.19:008][  0]LogUObjectArray: 38425 objects as part of root set at end of initial load.
[2019.07.31-12.49.19:008][  0]LogUObjectAllocator: 6690864 out of 0 bytes used by permanent object pool.
[2019.07.31-12.49.19:008][  0]LogUObjectArray: CloseDisregardForGC: 0/0 objects in disregard for GC pool
[2019.07.31-12.49.20:351][  0]LogTcpMessaging: Initializing TcpMessaging bridge
[2019.07.31-12.49.20:376][  0]LogUdpMessaging: Initializing bridge on interface 0.0.0.0:0 to multicast group 230.0.0.1:6666.
[2019.07.31-12.49.20:848][  0]LogLinker: Warning: Can't find file '/Game/ThirdPersonCPP/Blueprints/ThirdPersonCharacter'
[2019.07.31-12.49.20:849][  0]LogLinker: Warning: Can't find file '/Game/ThirdPersonCPP/Blueprints/ThirdPersonCharacter'
[2019.07.31-12.49.20:849][  0]LogUObjectGlobals: Warning: Failed to find object 'Class /Game/ThirdPersonCPP/Blueprints/ThirdPersonCharacter.ThirdPersonCharacter_C'
[2019.07.31-12.49.20:849][  0]Error: CDO Constructor (Project_TetherGameMode): Failed to find /Game/ThirdPersonCPP/Blueprints/ThirdPersonCharacter.ThirdPersonCharacter_C

[2019.07.31-12.49.20:849][  0]LogUObjectBase: Warning: -------------- Default Property warnings and errors:
[2019.07.31-12.49.20:850][  0]LogUObjectBase: Warning: Error: CDO Constructor (Project_TetherGameMode): Failed to find /Game/ThirdPersonCPP/Blueprints/ThirdPersonCharacter.ThirdPersonCharacter_C

[2019.07.31-12.49.22:091][  0]LogWindowsTextInputMethodSystem: Display: IME system now deactivated.
[2019.07.31-12.49.22:093][  0]LogWindowsTextInputMethodSystem: Display: IME system now deactivated.
[2019.07.31-12.49.22:243][  0]SourceControl: Source control is disabled
[2019.07.31-12.49.22:243][  0]SourceControl: Source control is disabled
[2019.07.31-12.49.22:257][  0]SourceControl: Source control is disabled
[2019.07.31-12.49.22:270][  0]SourceControl: Source control is disabled
[2019.07.31-12.49.22:826][  0]LogAndroidPermission: UAndroidPermissionCallbackProxy::GetInstance
[2019.07.31-12.49.23:034][  0]LogOcInput: OculusInput pre-init called
[2019.07.31-12.49.23:140][  0]LogEngine: Initializing Engine...
[2019.07.31-12.49.23:182][  0]LogHMD: Failed to initialize OpenVR with code 126
[2019.07.31-12.49.23:184][  0]LogStats: UGameplayTagsManager::ConstructGameplayTagTree: ImportINI prefixes -  0.000 s
[2019.07.31-12.49.23:184][  0]LogStats: UGameplayTagsManager::ConstructGameplayTagTree: Construct from data asset -  0.000 s
[2019.07.31-12.49.23:184][  0]LogStats: UGameplayTagsManager::ConstructGameplayTagTree: ImportINI -  0.000 s
[2019.07.31-12.49.23:184][  0]LogStats: UGameplayTagsManager::ConstructGameplayTagTree: GameplayTagTreeChangedEvent.Broadcast -  0.000 s
[2019.07.31-12.49.23:399][  0]LogInit: Initializing FReadOnlyCVARCache
[2019.07.31-12.49.23:420][  0]LogAIModule: Creating AISystem for world Untitled
[2019.07.31-12.49.23:458][  0]LogInit: XAudio2 using 'Speakers (2- Logitech G430 Gaming Headset)' : 2 channels at 48 kHz using 16 bits per sample (channel mask 0x3)
[2019.07.31-12.49.23:491][  0]LogInit: FAudioDevice initialized.
[2019.07.31-12.49.23:492][  0]LogNetVersion: Set ProjectVersion to 1.0.0.0. Version Checksum will be recalculated on next use.
[2019.07.31-12.49.23:574][  0]LogDerivedDataCache: Saved boot cache 0.08s 71MB C:/Users/aaron.hines/AppData/Local/UnrealEngine/4.20/DerivedDataCache/Boot.ddc.
[2019.07.31-12.49.23:579][  0]LogInit: Texture streaming: Enabled
[2019.07.31-12.49.23:626][  0]LogEngineSessionManager: EngineSessionManager initialized
[2019.07.31-12.49.23:627][  0]LogEngineSessionManager: EngineSessionManager sent abnormal shutdown report. Type=AbnormalShutdown, SessionId={99B0674D-4B79-65B6-4F52-C8BE8CA75AC5}
[2019.07.31-12.49.23:648][  0]LogInit: Transaction tracking system initialized
[2019.07.31-12.49.23:729][  0]BlueprintLog: New page: Editor Load
[2019.07.31-12.49.24:043][  0]LocalizationService: Localization service is disabled
[2019.07.31-12.49.24:450][  0]LogCook: Display: Max memory allowance for cook 16384mb min free memory 0mb
[2019.07.31-12.49.24:450][  0]LogCook: Display: Mobile HDR setting 1
[2019.07.31-12.49.24:451][  0]LogGameplayTags: Display: UGameplayTagsManager::DoneAddingNativeTags. DelegateIsBound: 0
[2019.07.31-12.49.24:451][  0]LogStats: UGameplayTagsManager::ConstructGameplayTagTree: ImportINI prefixes -  0.000 s
[2019.07.31-12.49.24:451][  0]LogStats: UGameplayTagsManager::ConstructGameplayTagTree: Construct from data asset -  0.000 s
[2019.07.31-12.49.24:451][  0]LogStats: UGameplayTagsManager::ConstructGameplayTagTree: ImportINI -  0.000 s
[2019.07.31-12.49.24:451][  0]LogStats: UGameplayTagsManager::ConstructGameplayTagTree: GameplayTagTreeChangedEvent.Broadcast -  0.000 s
[2019.07.31-12.49.24:973][  0]LogFileCache: Scanning file cache for directory 'E:/Tether/Project_Tether/Project_Tether/Content/' took 0.02s
[2019.07.31-12.49.24:973][  0]SourceControl: Source control is disabled
[2019.07.31-12.49.24:973][  0]Cmd: MAP LOAD FILE="../../../../../Tether/Project_Tether/Project_Tether/Content/IronForgedGames/Core/Entity/Test/ThirdPersonCPP/Maps/ThirdPersonExampleMap.umap" TEMPLATE=0 SHOWPROGRESS=1 FEATURELEVEL=3
[2019.07.31-12.49.24:974][  0]LightingResults: New page: Lighting Build
[2019.07.31-12.49.24:977][  0]MapCheck: New page: Map Check
[2019.07.31-12.49.24:978][  0]LightingResults: New page: Lighting Build
[2019.07.31-12.49.25:434][  0]LogAIModule: Creating AISystem for world ThirdPersonExampleMap
[2019.07.31-12.49.25:446][  0]LogEditorServer: Finished looking for orphan Actors (0.000 secs)
[2019.07.31-12.49.25:470][  0]Cmd: MAP CHECKDEP NOCLEARLOG
[2019.07.31-12.49.25:535][  0]MapCheck: Map check complete: 0 Error(s), 0 Warning(s), took 65.242ms to complete.
[2019.07.31-12.49.25:536][  0]LogFileHelpers: Loading map 'ThirdPersonExampleMap' took 0.562
[2019.07.31-12.49.25:659][  0]LogSlate: Updating window title bar state: overlay mode, drag disabled, window buttons hidden, title bar hidden
[2019.07.31-12.49.25:668][  0]LogSlate: Updating window title bar state: overlay mode, drag disabled, window buttons hidden, title bar hidden
[2019.07.31-12.49.25:675][  0]LogSlate: Updating window title bar state: overlay mode, drag disabled, window buttons hidden, title bar hidden
[2019.07.31-12.49.25:684][  0]LogSlate: Updating window title bar state: overlay mode, drag disabled, window buttons hidden, title bar hidden
[2019.07.31-12.49.25:704][  0]LogCollectionManager: Loaded 0 collections in 0.001625 seconds
[2019.07.31-12.49.25:753][  0]LogFileCache: Scanning file cache for directory 'E:/Tether/Project_Tether/Project_Tether/Saved/Collections/' took 0.01s
[2019.07.31-12.49.25:753][  0]LogFileCache: Scanning file cache for directory 'E:/Tether/Project_Tether/Project_Tether/Content/Developers/aaronhines/Collections/' took 0.01s
[2019.07.31-12.49.25:753][  0]LogFileCache: Scanning file cache for directory 'E:/Tether/Project_Tether/Project_Tether/Content/Collections/' took 0.01s
[2019.07.31-12.49.25:753][  0]LogCollectionManager: Rebuilt the GUID cache for 0 collections in 0.000000 seconds
[2019.07.31-12.49.25:763][  0]LogContentBrowser: Native class hierarchy populated in 0.0100 seconds. Added 2601 classes and 618 folders.
[2019.07.31-12.49.25:770][  0]LogContentBrowser: Native class hierarchy updated for 'WidgetCarousel' in 0.0007 seconds. Added 0 classes and 0 folders.
[2019.07.31-12.49.25:829][  0]LogContentBrowser: Native class hierarchy updated for 'AddContentDialog' in 0.0007 seconds. Added 0 classes and 0 folders.
[2019.07.31-12.49.25:849][  0]LogContentBrowser: Native class hierarchy updated for 'SceneOutliner' in 0.0010 seconds. Added 1 classes and 2 folders.
[2019.07.31-12.49.26:805][  0]LogSlate: Only BGRA pngs, bmps or icos are supported in by External Image Picker
[2019.07.31-12.49.26:882][  0]LogContentBrowser: Native class hierarchy updated for 'HierarchicalLODOutliner' in 0.0010 seconds. Added 0 classes and 0 folders.
[2019.07.31-12.49.26:882][  0]LogLoad: (Engine Initialization) Total time: 14.69 seconds
[2019.07.31-12.49.26:882][  0]LogLoad: (Engine Initialization) Total Blueprint compile time: 0.00 seconds
[2019.07.31-12.49.26:902][  0]LogTemp: Executing iPhonePackager certificates Engine -bundlename com.YourCompany.ProjectTether
[2019.07.31-12.49.26:902][  0]LogTemp: CWD: E:\Epic Games\UE_4.20\Engine\Binaries\DotNET\IOS
[2019.07.31-12.49.26:902][  0]LogTemp: Initial Dir: E:\Epic Games\UE_4.20
[2019.07.31-12.49.26:902][  0]LogTemp: Env CWD: E:\Epic Games\UE_4.20\Engine\Binaries\DotNET\IOS
[2019.07.31-12.49.26:903][  0]LogTemp: BranchPath = WSROLLER45/E/Epic Games/UE_4.20/Engine/Binaries --- GameBranchPath = WSROLLER45/E/Epic Games/UE_4.20/Engine/Binaries
[2019.07.31-12.49.26:931][  0]LogTemp: IPP ERROR: Could not find provision directory 'C:\Users\aaron.hines\AppData\Local/Apple Computer/MobileDevice/Provisioning Profiles/'.
[2019.07.31-12.49.26:931][  0]LogContentStreaming: Texture pool size now 1000 MB
[2019.07.31-12.49.26:933][  0]LogSlate: Took 0.000340 seconds to synchronously load lazily loaded font '../../../Engine/Content/Slate/Fonts/Roboto-Regular.ttf' (155K)
[2019.07.31-12.49.26:935][  0]LogSlate: Took 0.000173 seconds to synchronously load lazily loaded font '../../../Engine/Content/Slate/Fonts/Roboto-Bold.ttf' (160K)
[2019.07.31-12.49.26:939][  0]LogSlate: Took 0.000182 seconds to synchronously load lazily loaded font '../../../Engine/Content/Editor/Slate/Fonts/FontAwesome.ttf' (139K)
[2019.07.31-12.49.26:941][  0]LogRenderer: Reallocating scene render targets to support 64x64 Format 10 NumSamples 1 (Frame:1).
[2019.07.31-12.49.26:941][  0]LogSlate: Took 0.000163 seconds to synchronously load lazily loaded font '../../../Engine/Content/Slate/Fonts/DroidSansMono.ttf' (77K)
[2019.07.31-12.49.27:075][  0]LogRenderer: Reallocating scene render targets to support 652x232 Format 10 NumSamples 1 (Frame:1).
[2019.07.31-12.49.27:076][  0]LogSlate: Took 0.000445 seconds to synchronously load lazily loaded font '../../../Engine/Content/Slate/Fonts/Roboto-Light.ttf' (167K)
[2019.07.31-12.49.27:156][  2]LogAssetRegistry: Asset discovery search completed in 9.1964 seconds
[2019.07.31-12.49.27:159][  2]LogCollectionManager: Rebuilt the object cache for 0 collections in 0.000000 seconds (found 0 objects)
[2019.07.31-12.49.27:159][  2]LogCollectionManager: Fixed up redirectors for 0 collections in 0.000370 seconds (updated 0 objects)
[2019.07.31-12.51.21:974][702]LogRenderer: Reallocating scene render targets to support 652x240 Format 10 NumSamples 1 (Frame:373).
[2019.07.31-12.51.22:027][702]LogRenderer: Reallocating scene render targets to support 652x248 Format 10 NumSamples 1 (Frame:374).
[2019.07.31-12.51.23:521][873]LogSlate: FSceneViewport::OnFocusLost() reason 0
[2019.07.31-12.51.23:593][880]LogAssetEditorManager: Opening Asset editor for Blueprint /Game/IronForgedGames/Implementation/Gameplay/PlayerController/Test_TopDown_Controller/Blueprints/TopDownCharacter_BP.TopDownCharacter_BP
[2019.07.31-12.51.24:516][880]LogContentBrowser: Native class hierarchy updated for 'BlueprintGraph' in 0.0010 seconds. Added 116 classes and 0 folders.
[2019.07.31-12.51.25:675][880]LogBlueprintUserMessages: [TopDownAnim_BP_C_0] Pawn does not have AnimBP hook
[2019.07.31-12.51.25:697][880]LogSlate: Took 0.000178 seconds to synchronously load lazily loaded font '../../../Engine/Content/Slate/Fonts/Roboto-BoldCondensed.ttf' (158K)
[2019.07.31-12.51.27:188][ 16]LogSlate: Took 0.016727 seconds to synchronously load lazily loaded font '../../../Engine/Content/Slate/Fonts/Roboto-Italic.ttf' (157K)
[2019.07.31-12.51.38:986][254]BlueprintLog: New page: Compile TopDownCharacter_BP
[2019.07.31-12.51.39:027][254]LogBlueprintUserMessages: [TopDownAnim_BP_C_0] Pawn does not have AnimBP hook
[2019.07.31-12.51.39:029][254]LogBlueprintUserMessages: [TopDownAnim_BP_C_1] Pawn does not have AnimBP hook
[2019.07.31-12.51.39:048][254]LogBlueprintUserMessages: [TopDownAnim_BP_C_0] Pawn does not have AnimBP hook
[2019.07.31-12.51.39:050][254]LogBlueprintUserMessages: [TopDownAnim_BP_C_1] Pawn does not have AnimBP hook
[2019.07.31-12.51.39:260][254]LogBlueprintUserMessages: [TopDownAnim_BP_C_0] Pawn does not have AnimBP hook
[2019.07.31-12.51.39:263][254]LogRenderer: Reallocating scene render targets to support 652x256 Format 10 NumSamples 1 (Frame:1).
[2019.07.31-12.51.39:365][254]LogSavePackage: Moving '../../../../../Tether/Project_Tether/Project_Tether/Saved/TopDownCharacter_BPDC95739D44AF9F5E8D517AA732DE53C3.tmp' to '../../../../../Tether/Project_Tether/Project_Tether/Content/IronForgedGames/Implementation/Gameplay/PlayerController/Test_TopDown_Controller/Blueprints/TopDownCharacter_BP.uasset'
[2019.07.31-12.52.06:463][226]LogSlate: Window 'Delete Assets' being destroyed
[2019.07.31-12.52.14:587][668]LogSlate: Window 'Pick Data Asset Class' being destroyed
[2019.07.31-12.52.21:175][443]LogSavePackage: Moving '../../../../../Tether/Project_Tether/Project_Tether/Saved/PhysicalDamage87CEDD5B4996C2A1F671AB9442E2F0B4.tmp' to '../../../../../Tether/Project_Tether/Project_Tether/Content/IronForgedGames/Implementation/Gameplay/System/Vitals/DamageType/PhysicalDamage.uasset'
[2019.07.31-12.52.28:613][325]BlueprintLog: New page: Compile TopDownCharacter_BP
[2019.07.31-12.52.28:660][325]LogBlueprintUserMessages: [TopDownAnim_BP_C_0] Pawn does not have AnimBP hook
[2019.07.31-12.52.28:663][325]LogBlueprintUserMessages: [TopDownAnim_BP_C_1] Pawn does not have AnimBP hook
[2019.07.31-12.52.28:665][325]LogBlueprintUserMessages: [TopDownAnim_BP_C_0] Pawn does not have AnimBP hook
[2019.07.31-12.52.28:667][325]LogBlueprintUserMessages: [TopDownAnim_BP_C_1] Pawn does not have AnimBP hook
[2019.07.31-12.52.28:669][325]LogBlueprintUserMessages: [TopDownAnim_BP_C_0] Pawn does not have AnimBP hook
[2019.07.31-12.52.28:670][325]LogBlueprintUserMessages: [TopDownAnim_BP_C_1] Pawn does not have AnimBP hook
[2019.07.31-12.52.28:794][325]LogBlueprintUserMessages: [TopDownAnim_BP_C_0] Pawn does not have AnimBP hook
[2019.07.31-12.52.28:885][325]LogSavePackage: Moving '../../../../../Tether/Project_Tether/Project_Tether/Saved/TopDownCharacter_BPC523363948316BD9499D8F9CB38D866C.tmp' to '../../../../../Tether/Project_Tether/Project_Tether/Content/IronForgedGames/Implementation/Gameplay/PlayerController/Test_TopDown_Controller/Blueprints/TopDownCharacter_BP.uasset'
[2019.07.31-12.52.38:651][187]LogSavePackage: Moving '../../../../../Tether/Project_Tether/Project_Tether/Saved/ThirdPersonExampleMap7FB91BE444FB140D9763EC890C646C1A.tmp' to '../../../../../Tether/Project_Tether/Project_Tether/Content/IronForgedGames/Core/Entity/Test/ThirdPersonCPP/Maps/ThirdPersonExampleMap.umap'
[2019.07.31-12.52.44:942][930]LogSlate: FSceneViewport::OnFocusLost() reason 0
[2019.07.31-12.52.45:235][942]LogSlate: Window 'Project_Tether - Unreal Editor' being destroyed
[2019.07.31-12.52.45:237][942]LogWindowsTextInputMethodSystem: Display: IME system now deactivated.
[2019.07.31-12.52.45:433][943]Cmd: QUIT_EDITOR
[2019.07.31-12.52.45:474][943]LogExit: Preparing to exit.
[2019.07.31-12.52.46:341][943]LogExit: Editor shut down
[2019.07.31-12.52.46:341][943]LogExit: Transaction tracking system shut down
[2019.07.31-12.52.46:973][943]LogExit: Object subsystem successfully closed.
[2019.07.31-12.52.47:001][943]LogShaderCompilers: Display: Shaders left to compile 0
[2019.07.31-12.52.47:005][943]LogD3D11RHI: Shutdown
[2019.07.31-12.52.47:005][943]LogD3D11RHI: CleanupD3DDevice
[2019.07.31-12.52.47:007][943]LogD3D11RHI: ~FD3D11DynamicRHI
[2019.07.31-12.52.47:016][943]LogModuleManager: Shutting down and abandoning module BlueprintGraph (616)
[2019.07.31-12.52.47:016][943]LogModuleManager: Shutting down and abandoning module HierarchicalLODOutliner (614)
[2019.07.31-12.52.47:016][943]LogModuleManager: Shutting down and abandoning module ExternalImagePicker (612)
[2019.07.31-12.52.47:016][943]LogModuleManager: Shutting down and abandoning module SceneOutliner (610)
[2019.07.31-12.52.47:016][943]LogModuleManager: Shutting down and abandoning module AddContentDialog (608)
[2019.07.31-12.52.47:017][943]LogModuleManager: Shutting down and abandoning module WidgetCarousel (607)
[2019.07.31-12.52.47:017][943]LogModuleManager: Shutting down and abandoning module EditorWidgets (604)
[2019.07.31-12.52.47:017][943]LogModuleManager: Shutting down and abandoning module CollectionManager (602)
[2019.07.31-12.52.47:018][943]LogModuleManager: Shutting down and abandoning module StatsViewer (600)
[2019.07.31-12.52.47:018][943]LogModuleManager: Shutting down and abandoning module FoliageEdit (598)
[2019.07.31-12.52.47:018][943]LogModuleManager: Shutting down and abandoning module LandscapeEditor (596)
[2019.07.31-12.52.47:018][943]LogModuleManager: Shutting down and abandoning module MeshPaintMode (594)
[2019.07.31-12.52.47:018][943]LogModuleManager: Shutting down and abandoning module SceneDepthPickerMode (592)
[2019.07.31-12.52.47:018][943]LogModuleManager: Shutting down and abandoning module ActorPickerMode (590)
[2019.07.31-12.52.47:018][943]LogModuleManager: Shutting down and abandoning module GeometryMode (588)
[2019.07.31-12.52.47:018][943]LogModuleManager: Shutting down and abandoning module TextureAlignMode (586)
[2019.07.31-12.52.47:018][943]LogModuleManager: Shutting down and abandoning module BspMode (584)
[2019.07.31-12.52.47:019][943]LogModuleManager: Shutting down and abandoning module PIEPreviewDeviceProfileSelector (582)
[2019.07.31-12.52.47:019][943]LogModuleManager: Shutting down and abandoning module SequenceRecorderSections (580)
[2019.07.31-12.52.47:019][943]LogModuleManager: Shutting down and abandoning module AutomationWorker (578)
[2019.07.31-12.52.47:019][943]LogModuleManager: Shutting down and abandoning module AudioCaptureEditor (576)
[2019.07.31-12.52.47:019][943]LogModuleManager: Shutting down and abandoning module SequenceRecorder (575)
[2019.07.31-12.52.47:019][943]LogModuleManager: Shutting down and abandoning module MatineeToLevelSequence (572)
[2019.07.31-12.52.47:019][943]LogModuleManager: Shutting down and abandoning module LevelSequenceEditor (570)
[2019.07.31-12.52.47:019][943]LogModuleManager: Shutting down and abandoning module PlacementMode (569)
[2019.07.31-12.52.47:019][943]LogModuleManager: Shutting down and abandoning module MaterialEditor (568)
[2019.07.31-12.52.47:020][943]LogModuleManager: Shutting down and abandoning module WmfMediaFactory (564)
[2019.07.31-12.52.47:020][943]LogModuleManager: Shutting down and abandoning module WmfMediaEditor (562)
[2019.07.31-12.52.47:020][943]LogModuleManager: Shutting down and abandoning module MediaPlayerEditor (560)
[2019.07.31-12.52.47:020][943]LogModuleManager: Shutting down and abandoning module OpenExrWrapper (558)
[2019.07.31-12.52.47:020][943]LogModuleManager: Shutting down and abandoning module ImgMediaFactory (556)
[2019.07.31-12.52.47:020][943]LogModuleManager: Shutting down and abandoning module ImgMediaEditor (554)
[2019.07.31-12.52.47:020][943]LogModuleManager: Shutting down and abandoning module AvfMediaFactory (552)
[2019.07.31-12.52.47:020][943]LogModuleManager: Shutting down and abandoning module AvfMediaEditor (550)
[2019.07.31-12.52.47:020][943]LogModuleManager: Shutting down and abandoning module AndroidMediaFactory (548)
[2019.07.31-12.52.47:020][943]LogModuleManager: Shutting down and abandoning module AndroidMediaEditor (546)
[2019.07.31-12.52.47:020][943]LogModuleManager: Shutting down and abandoning module MagicLeapCameraPreviewFactory (544)
[2019.07.31-12.52.47:021][943]LogModuleManager: Shutting down and abandoning module MagicLeapMediaFactory (542)
[2019.07.31-12.52.47:021][943]LogModuleManager: Shutting down and abandoning module MagicLeapMediaEditor (540)
[2019.07.31-12.52.47:021][943]LogModuleManager: Shutting down and abandoning module CharacterAI (538)
[2019.07.31-12.52.47:021][943]LogModuleManager: Shutting down and abandoning module SmartSnapping (536)
[2019.07.31-12.52.47:021][943]LogModuleManager: Shutting down and abandoning module SessionServices (534)
[2019.07.31-12.52.47:021][943]LogModuleManager: Shutting down and abandoning module ViewportSnapping (532)
[2019.07.31-12.52.47:021][943]LogModuleManager: Shutting down and abandoning module ViewportInteraction (530)
[2019.07.31-12.52.47:021][943]LogModuleManager: Shutting down and abandoning module ClothPainter (528)
[2019.07.31-12.52.47:021][943]LogModuleManager: Shutting down and abandoning module SkeletalMeshEditor (527)
[2019.07.31-12.52.47:021][943]LogModuleManager: Shutting down and abandoning module LogVisualizer (524)
[2019.07.31-12.52.47:022][943]LogModuleManager: Shutting down and abandoning module IntroTutorials (522)
[2019.07.31-12.52.47:022][943]LogModuleManager: Shutting down and abandoning module GameProjectGeneration (521)
[2019.07.31-12.52.47:022][943]LogModuleManager: Shutting down and abandoning module LuminPlatformEditor (518)
[2019.07.31-12.52.47:022][943]LogModuleManager: Shutting down and abandoning module IOSPlatformEditor (516)
[2019.07.31-12.52.47:022][943]LogModuleManager: Shutting down and abandoning module HTML5PlatformEditor (514)
[2019.07.31-12.52.47:022][943]LogModuleManager: Shutting down and abandoning module AndroidPlatformEditor (512)
[2019.07.31-12.52.47:022][943]LogModuleManager: Shutting down and abandoning module AndroidDeviceDetection (511)
[2019.07.31-12.52.47:898][943]LogModuleManager: Shutting down and abandoning module WindowsPlatformEditor (508)
[2019.07.31-12.52.47:898][943]LogModuleManager: Shutting down and abandoning module LuminRuntimeSettings (506)
[2019.07.31-12.52.47:899][943]LogModuleManager: Shutting down and abandoning module IOSRuntimeSettings (504)
[2019.07.31-12.52.47:899][943]LogModuleManager: Shutting down and abandoning module AndroidRuntimeSettings (502)
[2019.07.31-12.52.47:899][943]LogModuleManager: Shutting down and abandoning module InputBindingEditor (500)
[2019.07.31-12.52.47:899][943]LogModuleManager: Shutting down and abandoning module MergeActors (498)
[2019.07.31-12.52.47:899][943]LogModuleManager: Shutting down and abandoning module LocalizationDashboard (496)
[2019.07.31-12.52.47:899][943]LogModuleManager: Shutting down and abandoning module LocalizationService (495)
[2019.07.31-12.52.47:900][943]LogModuleManager: Shutting down and abandoning module HardwareTargeting (492)
[2019.07.31-12.52.47:900][943]LogModuleManager: Shutting down and abandoning module DeviceProfileEditor (490)
[2019.07.31-12.52.47:900][943]LogModuleManager: Shutting down and abandoning module UndoHistory (488)
[2019.07.31-12.52.47:900][943]LogModuleManager: Shutting down and abandoning module XmlParser (486)
[2019.07.31-12.52.47:900][943]LogModuleManager: Shutting down and abandoning module Blutility (484)
[2019.07.31-12.52.47:900][943]LogModuleManager: Shutting down and abandoning module ProjectSettingsViewer (482)
[2019.07.31-12.52.47:900][943]LogModuleManager: Shutting down and abandoning module ProjectTargetPlatformEditor (481)
[2019.07.31-12.52.47:900][943]LogModuleManager: Shutting down and abandoning module EditorSettingsViewer (478)
[2019.07.31-12.52.47:901][943]LogModuleManager: Shutting down and abandoning module SettingsEditor (476)
[2019.07.31-12.52.47:901][943]LogModuleManager: Shutting down and abandoning module ProjectLauncher (474)
[2019.07.31-12.52.47:901][943]LogModuleManager: Shutting down and abandoning module SessionFrontend (472)
[2019.07.31-12.52.47:901][943]LogModuleManager: Shutting down and abandoning module ProfilerClient (470)
[2019.07.31-12.52.47:901][943]LogModuleManager: Shutting down and abandoning module DeviceManager (468)
[2019.07.31-12.52.47:901][943]LogModuleManager: Shutting down and abandoning module TargetDeviceServices (467)
[2019.07.31-12.52.47:955][943]LogModuleManager: Shutting down and abandoning module AutomationController (464)
[2019.07.31-12.52.47:955][943]LogModuleManager: Shutting down and abandoning module AutomationWindow (462)
[2019.07.31-12.52.47:955][943]LogModuleManager: Shutting down and abandoning module Layers (460)
[2019.07.31-12.52.47:955][943]LogModuleManager: Shutting down and abandoning module ComponentVisualizers (458)
[2019.07.31-12.52.47:955][943]LogModuleManager: Shutting down and abandoning module DetailCustomizations (456)
[2019.07.31-12.52.47:956][943]LogModuleManager: Shutting down and abandoning module PackagesDialog (454)
[2019.07.31-12.52.47:956][943]LogModuleManager: Shutting down and abandoning module Persona (452)
[2019.07.31-12.52.47:956][943]LogModuleManager: Shutting down and abandoning module AdvancedPreviewScene (451)
[2019.07.31-12.52.47:956][943]LogModuleManager: Shutting down and abandoning module AnimGraph (449)
[2019.07.31-12.52.47:957][943]LogModuleManager: Shutting down and abandoning module Kismet (446)
[2019.07.31-12.52.47:961][943]LogModuleManager: Shutting down and abandoning module GraphEditor (444)
[2019.07.31-12.52.47:961][943]LogModuleManager: Shutting down and abandoning module ClassViewer (442)
[2019.07.31-12.52.47:962][943]LogModuleManager: Shutting down and abandoning module Toolbox (440)
[2019.07.31-12.52.47:962][943]LogModuleManager: Shutting down and abandoning module DesktopPlatform (439)
[2019.07.31-12.52.47:963][943]LogModuleManager: Shutting down and abandoning module ModuleUI (436)
[2019.07.31-12.52.47:963][943]LogModuleManager: Shutting down and abandoning module MovieSceneTools (434)
[2019.07.31-12.52.47: