Log file open, 08/01/19 12:32:40
LogWindows: Failed to load 'aqProf.dll' (GetLastError=126)
LogWindows: File 'aqProf.dll' does not exist
LogWindows: Failed to load 'VSPerf140.dll' (GetLastError=126)
LogWindows: File 'VSPerf140.dll' does not exist
LogWindows: Failed to load 'VtuneApi.dll' (GetLastError=126)
LogWindows: File 'VtuneApi.dll' does not exist
LogWindows: Failed to load 'VtuneApi32e.dll' (GetLastError=126)
LogWindows: File 'VtuneApi32e.dll' does not exist
LogInit: Display: Running engine for game: Project_Tether
LogPlatformFile: Not using cached read wrapper
LogTaskGraph: Started task graph with 5 named threads and 23 total threads with 3 sets of task threads.
LogStats: Stats thread started at 0.276550
LogD3D11RHI: Loaded GFSDK_Aftermath_Lib.x64.dll
LogICUInternationalization: Display: ICU TimeZone Detection - Raw Offset: -5:00, Platform Override: ''
LogPluginManager: Mounting plugin Paper2D
LogPluginManager: Mounting plugin AISupport
LogPluginManager: Mounting plugin LightPropagationVolume
LogPluginManager: Mounting plugin CLionSourceCodeAccess
LogPluginManager: Mounting plugin CodeLiteSourceCodeAccess
LogPluginManager: Mounting plugin GitSourceControl
LogPluginManager: Mounting plugin KDevelopSourceCodeAccess
LogPluginManager: Mounting plugin NullSourceCodeAccess
LogPluginManager: Mounting plugin PerforceSourceControl
LogPluginManager: Mounting plugin SubversionSourceControl
LogPluginManager: Mounting plugin UObjectPlugin
LogPluginManager: Mounting plugin VisualStudioCodeSourceCodeAccess
LogPluginManager: Mounting plugin VisualStudioSourceCodeAccess
LogPluginManager: Mounting plugin XCodeSourceCodeAccess
LogPluginManager: Mounting plugin AssetManagerEditor
LogPluginManager: Mounting plugin CryptoKeys
LogPluginManager: Mounting plugin DataValidation
LogPluginManager: Mounting plugin FacialAnimation
LogPluginManager: Mounting plugin GameplayTagsEditor
LogPluginManager: Mounting plugin MacGraphicsSwitching
LogPluginManager: Mounting plugin MeshEditor
LogPluginManager: Mounting plugin MobileLauncherProfileWizard
LogPluginManager: Mounting plugin PluginBrowser
LogPluginManager: Mounting plugin SpeedTreeImporter
LogPluginManager: Mounting plugin DatasmithContent
LogPluginManager: Mounting plugin AlembicImporter
LogPluginManager: Mounting plugin AppleImageUtils
LogPluginManager: Mounting plugin AppleVision
LogPluginManager: Mounting plugin BackChannel
LogPluginManager: Mounting plugin CharacterAI
LogPluginManager: Mounting plugin GeometryCache
LogPluginManager: Mounting plugin HTML5Networking
LogPluginManager: Mounting plugin ProxyLODPlugin
LogPluginManager: Mounting plugin MagicLeap
LogPluginManager: Mounting plugin MagicLeapEmulator
LogPluginManager: Mounting plugin MagicLeapMedia
LogPluginManager: Mounting plugin AndroidMedia
LogPluginManager: Mounting plugin AvfMedia
LogPluginManager: Mounting plugin ImgMedia
LogPluginManager: Mounting plugin LinearTimecode
LogPluginManager: Mounting plugin MediaCompositing
LogPluginManager: Mounting plugin MediaPlayerEditor
LogPluginManager: Mounting plugin WmfMedia
LogPluginManager: Mounting plugin TcpMessaging
LogPluginManager: Mounting plugin UdpMessaging
LogPluginManager: Mounting plugin ActorSequence
LogPluginManager: Mounting plugin LevelSequenceEditor
LogPluginManager: Mounting plugin MatineeToLevelSequence
LogPluginManager: Mounting plugin NetcodeUnitTest
LogPluginManager: Mounting plugin NUTUnrealEngine4
LogPluginManager: Mounting plugin OnlineSubsystemGooglePlay
LogPluginManager: Mounting plugin OnlineSubsystemIOS
LogPluginManager: Mounting plugin OnlineSubsystem
LogPluginManager: Mounting plugin OnlineSubsystemNull
LogPluginManager: Mounting plugin OnlineSubsystemUtils
LogPluginManager: Mounting plugin LauncherChunkInstaller
LogPluginManager: Mounting plugin AndroidDeviceProfileSelector
LogPluginManager: Mounting plugin AndroidMoviePlayer
LogPluginManager: Mounting plugin AndroidPermission
LogPluginManager: Mounting plugin AppleMoviePlayer
LogPluginManager: Mounting plugin ArchVisCharacter
LogPluginManager: Mounting plugin AudioCapture
LogPluginManager: Mounting plugin CableComponent
LogPluginManager: Mounting plugin CustomMeshComponent
LogPluginManager: Mounting plugin EditableMesh
LogPluginManager: Mounting plugin ExampleDeviceProfileSelector
LogPluginManager: Mounting plugin GoogleCloudMessaging
LogPluginManager: Mounting plugin ImmediatePhysics
LogPluginManager: Mounting plugin IOSDeviceProfileSelector
LogPluginManager: Mounting plugin LinuxDeviceProfileSelector
LogPluginManager: Mounting plugin LocationServicesBPLibrary
LogPluginManager: Mounting plugin MobilePatchingUtils
LogPluginManager: Mounting plugin OculusVR
LogPluginManager: Plugin shader directory ../../../Engine/Plugins/Runtime/Oculus/OculusVR/Shaders found
LogPluginManager: Mapping shader source directory ../../../Engine/Plugins/Runtime/Oculus/OculusVR/Shaders to virtual directory /Plugin/OculusVR
LogPluginManager: Mounting plugin PhysXVehicles
LogPluginManager: Mounting plugin ProceduralMeshComponent
LogPluginManager: Mounting plugin RuntimePhysXCooking
LogPluginManager: Mounting plugin SteamVR
LogPluginManager: Mounting plugin WindowsMoviePlayer
LogStreaming: Display: Took  0.093s to configure plugins.
LogInit: Using libcurl 7.55.1-DEV
LogInit:  - built for x86_64-pc-win32
LogInit:  - supports SSL with OpenSSL/1.0.2h
LogInit:  - supports HTTP deflate (compression) using libz 1.2.8
LogInit:  - other features:
LogInit:      CURL_VERSION_SSL
LogInit:      CURL_VERSION_LIBZ
LogInit:      CURL_VERSION_IPV6
LogInit:      CURL_VERSION_ASYNCHDNS
LogInit:      CURL_VERSION_LARGEFILE
LogInit:      CURL_VERSION_IDN
LogInit:  CurlRequestOptions (configurable via config and command line):
LogInit:  - bVerifyPeer = false  - Libcurl will NOT verify peer certificate
LogInit:  - bUseHttpProxy = false  - Libcurl will NOT use HTTP proxy
LogInit:  - bDontReuseConnections = false  - Libcurl will reuse connections
LogInit:  - CertBundlePath = nullptr  - Libcurl will use whatever was configured at build time.
LogInit:  - MaxHostConnections = 16  - Libcurl will limit the number of connections to a host
LogInit:  - LocalHostAddr = Default
LogInit:  - BufferSize = 65536
LogInit: WinSock: version 1.1 (2.2), MaxSocks=32767, MaxUdp=65467
LogInit: Build: ++UE4+Release-4.20-CL-4369336
LogInit: Engine Version: 4.20.3-4369336+++UE4+Release-4.20
LogInit: Compatible Engine Version: 4.20.0-4212847+++UE4+Release-4.20
LogInit: Net CL: 4212847
LogInit: OS: Windows 10 (), CPU: Intel(R) Core(TM) i7-6700 CPU @ 3.40GHz, GPU: NVIDIA GeForce GTX 1060 6GB
LogInit: Compiled (64-bit): Sep 17 2018 12:26:19
LogInit: Compiled with Visual C++: 19.13.26129.00
LogInit: Build Configuration: Development
LogInit: Branch Name: ++UE4+Release-4.20
LogInit: Command Line:  
LogInit: Base Directory: E:/Epic Games/UE_4.20/Engine/Binaries/Win64/
LogInit: Installed Engine Build: 1
LogDevObjectVersion: Number of dev versions registered: 20
LogDevObjectVersion:   Dev-Blueprints (B0D832E4-1F89-4F0D-ACCF-7EB736FD4AA2): 10
LogDevObjectVersion:   Dev-Build (E1C64328-A22C-4D53-A36C-8E866417BD8C): 0
LogDevObjectVersion:   Dev-Core (375EC13C-06E4-48FB-B500-84F0262A717E): 2
LogDevObjectVersion:   Dev-Editor (E4B068ED-F494-42E9-A231-DA0B2E46BB41): 24
LogDevObjectVersion:   Dev-Framework (CFFC743F-43B0-4480-9391-14DF171D2073): 34
LogDevObjectVersion:   Dev-Mobile (B02B49B5-BB20-44E9-A304-32B752E40360): 2
LogDevObjectVersion:   Dev-Networking (A4E4105C-59A1-49B5-A7C5-40C4547EDFEE): 0
LogDevObjectVersion:   Dev-Online (39C831C9-5AE6-47DC-9A44-9C173E1C8E7C): 0
LogDevObjectVersion:   Dev-Physics (78F01B33-EBEA-4F98-B9B4-84EACCB95AA2): 0
LogDevObjectVersion:   Dev-Platform (6631380F-2D4D-43E0-8009-CF276956A95A): 0
LogDevObjectVersion:   Dev-Rendering (12F88B9F-8875-4AFC-A67C-D90C383ABD29): 26
LogDevObjectVersion:   Dev-Sequencer (7B5AE74C-D270-4C10-A958-57980B212A5A): 9
LogDevObjectVersion:   Dev-VR (D7296918-1DD6-4BDD-9DE2-64A83CC13884): 2
LogDevObjectVersion:   Dev-LoadTimes (C2A15278-BFE7-4AFE-6C17-90FF531DF755): 1
LogDevObjectVersion:   Private-Geometry (6EACA3D4-40EC-4CC1-B786-8BED09428FC5): 3
LogDevObjectVersion:   Dev-AnimPhys (29E575DD-E0A3-4627-9D10-D276232CDCEA): 17
LogDevObjectVersion:   Dev-ReflectionCapture (6B266CEC-1EC7-4B8F-A30B-E4D90942FC07): 1
LogDevObjectVersion:   Dev-Automation (0DF73D61-A23F-47EA-B727-89E90C41499A): 1
LogDevObjectVersion:   FortniteMain (601D1886-AC64-4F84-AA16-D3DE0DEAC7D6): 12
LogDevObjectVersion:   Dev-Enterprise (9DFFBCD6-494F-0158-E221-12823C92A888): 1
LogStreaming: Display: Took  0.002s to delete old logs.
LogInit: Presizing for max 8388607 objects, including 0 objects not considered by GC, pre-allocating 0 bytes for permanent pool.
LogInit: Object subsystem initialized
[2019.08.01-16.32.40:549][  0]LogInit: Selected Device Profile: [Windows]
[2019.08.01-16.32.40:549][  0]LogInit: Applying CVar settings loaded from the selected device profile: [Windows]
[2019.08.01-16.32.40:557][  0]LogHAL: Display: Platform has ~ 32 GB [34316865536 / 34359738368 / 32], which maps to Largest [LargestMinGB=32, LargerMinGB=12, DefaultMinGB=8, SmallerMinGB=6, SmallestMinGB=0)
[2019.08.01-16.32.40:557][  0]LogInit: Setting Device Profile CVar: [[r.Vulkan.UseRealUBs:1]]
[2019.08.01-16.32.40:557][  0]LogInit: Going up to parent DeviceProfile []
[2019.08.01-16.32.40:558][  0]LogInit: Computer: WSROLLER45
[2019.08.01-16.32.40:558][  0]LogInit: User: aaronhines
[2019.08.01-16.32.40:558][  0]LogInit: CPU Page size=4096, Cores=4
[2019.08.01-16.32.40:558][  0]LogInit: High frequency timer resolution =10.000000 MHz
[2019.08.01-16.32.40:558][  0]LogMemory: Memory total: Physical=32.0GB (32GB approx)
[2019.08.01-16.32.40:558][  0]LogMemory: Platform Memory Stats for Windows
[2019.08.01-16.32.40:558][  0]LogMemory: Process Physical Memory: 102.21 MB used, 102.22 MB peak
[2019.08.01-16.32.40:558][  0]LogMemory: Process Virtual Memory: 85.91 MB used, 85.91 MB peak
[2019.08.01-16.32.40:558][  0]LogMemory: Physical Memory: 12469.88 MB used,  20257.23 MB free, 32727.11 MB total
[2019.08.01-16.32.40:558][  0]LogMemory: Virtual Memory: 4609.09 MB used,  20257.23 MB free, 134217728.00 MB total
[2019.08.01-16.32.40:582][  0]LogInit: Using OS detected language (en-US).
[2019.08.01-16.32.40:582][  0]LogInit: Using OS detected locale (en-US).
[2019.08.01-16.32.40:583][  0]LogTextLocalizationManager: No specific localization for 'en-US' exists, so the 'en' localization will be used.
[2019.08.01-16.32.40:928][  0]LogStreaming: Display: Took  0.346s to InitEngineTextLocalization.
[2019.08.01-16.32.40:928][  0]LogInit: Setting process to per monitor DPI aware
[2019.08.01-16.32.40:967][  0]LogSlate: New Slate User Created.  User Index 0, Is Virtual User: 0
[2019.08.01-16.32.40:967][  0]LogSlate: Slate User Registered.  User Index 0, Is Virtual User: 0
[2019.08.01-16.32.41:205][  0]LogHMD: Failed to initialize OpenVR with code 126
[2019.08.01-16.32.41:205][  0]LogD3D11RHI: D3D11 adapters:
[2019.08.01-16.32.41:270][  0]LogD3D11RHI:    0. 'NVIDIA GeForce GTX 1060 6GB' (Feature Level 11_0)
[2019.08.01-16.32.41:270][  0]LogD3D11RHI:       6052/0/16363 MB DedicatedVideo/DedicatedSystem/SharedSystem, Outputs:2, VendorId:0x10de
[2019.08.01-16.32.41:273][  0]LogD3D11RHI:    1. 'Microsoft Basic Render Driver' (Feature Level 11_0)
[2019.08.01-16.32.41:273][  0]LogD3D11RHI:       0/0/16363 MB DedicatedVideo/DedicatedSystem/SharedSystem, Outputs:0, VendorId:0x1414
[2019.08.01-16.32.41:273][  0]LogD3D11RHI: Chosen D3D11 Adapter: 0
[2019.08.01-16.32.41:281][  0]LogD3D11RHI: Creating new Direct3DDevice
[2019.08.01-16.32.41:281][  0]LogD3D11RHI:     GPU DeviceId: 0x1c03 (for the marketing name, search the web for "GPU Device Id")
[2019.08.01-16.32.41:281][  0]LogWindows: EnumDisplayDevices:
[2019.08.01-16.32.41:281][  0]LogWindows:    0. 'NVIDIA GeForce GTX 1060 6GB' (P:1 D:1)
[2019.08.01-16.32.41:282][  0]LogWindows:    1. 'NVIDIA GeForce GTX 1060 6GB' (P:0 D:1)
[2019.08.01-16.32.41:282][  0]LogWindows:    2. 'NVIDIA GeForce GTX 1060 6GB' (P:0 D:0)
[2019.08.01-16.32.41:283][  0]LogWindows:    3. 'NVIDIA GeForce GTX 1060 6GB' (P:0 D:0)
[2019.08.01-16.32.41:283][  0]LogWindows: DebugString: FoundDriverCount:4 
[2019.08.01-16.32.41:283][  0]LogD3D11RHI:     Adapter Name: NVIDIA GeForce GTX 1060 6GB
[2019.08.01-16.32.41:283][  0]LogD3D11RHI:   Driver Version: 425.31 (internal:25.21.14.2531, unified:425.31)
[2019.08.01-16.32.41:283][  0]LogD3D11RHI:      Driver Date: 4-9-2019
[2019.08.01-16.32.41:283][  0]LogRHI: Texture pool is 4236 MB (70% of 6052 MB)
[2019.08.01-16.32.41:325][  0]LogD3D11RHI: Async texture creation enabled
[2019.08.01-16.32.41:338][  0]LogD3D11RHI: GPU Timing Frequency: 1000.000000 (Debug: 2 1)
[2019.08.01-16.32.41:438][  0]LogShaderCompilers: Guid format shader working directory is 0 characters bigger than the processId version (../../../../../Tether/Project_Tether/Project_Tether/Intermediate/Shaders/WorkingDirectory/17064/).
[2019.08.01-16.32.41:438][  0]LogShaderCompilers: Cleaned the shader compiler working directory 'C:/Users/aaron.hines/AppData/Local/Temp/UnrealShaderWorkingDir/2539ACB24BB8929801F7AA8A31C1553E/'.
[2019.08.01-16.32.41:739][  0]LogTemp: Display: Loaded TP AllDesktopTargetPlatform
[2019.08.01-16.32.41:751][  0]LogTemp: Display: Loaded TP MacClientTargetPlatform
[2019.08.01-16.32.41:766][  0]LogTemp: Display: Loaded TP MacNoEditorTargetPlatform
[2019.08.01-16.32.41:780][  0]LogTemp: Display: Loaded TP MacServerTargetPlatform
[2019.08.01-16.32.41:792][  0]LogTemp: Display: Loaded TP MacTargetPlatform
[2019.08.01-16.32.41:804][  0]LogTemp: Display: Loaded TP WindowsClientTargetPlatform
[2019.08.01-16.32.41:820][  0]LogTemp: Display: Loaded TP WindowsNoEditorTargetPlatform
[2019.08.01-16.32.41:838][  0]LogTemp: Display: Loaded TP WindowsServerTargetPlatform
[2019.08.01-16.32.41:844][  0]LogTemp: Display: Loaded TP WindowsTargetPlatform
[2019.08.01-16.32.41:925][  0]LogTemp: Display: Loaded TP AndroidTargetPlatform
[2019.08.01-16.32.41:925][  0]LogTemp: Display: Loaded TP AndroidTargetPlatform
[2019.08.01-16.32.41:925][  0]LogTemp: Display: Loaded TP AndroidTargetPlatform
[2019.08.01-16.32.41:925][  0]LogTemp: Display: Loaded TP AndroidTargetPlatform
[2019.08.01-16.32.41:925][  0]LogTemp: Display: Loaded TP AndroidTargetPlatform
[2019.08.01-16.32.41:925][  0]LogTemp: Display: Loaded TP AndroidTargetPlatform
[2019.08.01-16.32.41:925][  0]LogTemp: Display: Loaded TP AndroidTargetPlatform
[2019.08.01-16.32.41:925][  0]LogTemp: Display: Loaded TP AndroidTargetPlatform
[2019.08.01-16.32.41:925][  0]LogTemp: Display: Loaded TP AndroidTargetPlatform
[2019.08.01-16.32.41:925][  0]LogTemp: Display: Loaded TP AndroidTargetPlatform
[2019.08.01-16.32.41:925][  0]LogTemp: Display: Loaded TP AndroidTargetPlatform
[2019.08.01-16.32.41:925][  0]LogTemp: Display: Loaded TP AndroidTargetPlatform
[2019.08.01-16.32.41:925][  0]LogTemp: Display: Loaded TP AndroidTargetPlatform
[2019.08.01-16.32.41:925][  0]LogTemp: Display: Loaded TP AndroidTargetPlatform
[2019.08.01-16.32.41:925][  0]LogTemp: Display: Loaded TP AndroidTargetPlatform
[2019.08.01-16.32.41:925][  0]LogTemp: Display: Loaded TP AndroidTargetPlatform
[2019.08.01-16.32.41:925][  0]LogTemp: Display: Loaded TP AndroidTargetPlatform
[2019.08.01-16.32.41:925][  0]LogTemp: Display: Loaded TP AndroidTargetPlatform
[2019.08.01-16.32.41:926][  0]LogTemp: Display: Loaded TP HTML5TargetPlatform
[2019.08.01-16.32.41:985][  0]LogTemp: Display: Loaded TP IOSTargetPlatform
[2019.08.01-16.32.41:985][  0]LogTemp: Display: Loaded TP IOSTargetPlatform
[2019.08.01-16.32.42:008][  0]LogTemp: Display: Loaded TP TVOSTargetPlatform
[2019.08.01-16.32.42:008][  0]LogTemp: Display: Loaded TP TVOSTargetPlatform
[2019.08.01-16.32.42:020][  0]LogTemp: Display: Loaded TP LinuxClientTargetPlatform
[2019.08.01-16.32.42:032][  0]LogTemp: Display: Loaded TP LinuxNoEditorTargetPlatform
[2019.08.01-16.32.42:049][  0]LogTemp: Display: Loaded TP LinuxServerTargetPlatform
[2019.08.01-16.32.42:062][  0]LogTemp: Display: Loaded TP LinuxTargetPlatform
[2019.08.01-16.32.42:070][  0]LogTemp: Display: Loaded TP LuminTargetPlatform
[2019.08.01-16.32.42:070][  0]LogTargetPlatformManager: Display: Building Assets For Windows
[2019.08.01-16.32.42:121][  0]LogXGEController: Cleaning working directory: C:/Users/aaron.hines/AppData/Local/Temp/UnrealXGEWorkingDir/
[2019.08.01-16.32.42:121][  0]LogXGEController: Cannot use XGE Controller as Incredibuild is not installed on this machine.
[2019.08.01-16.32.42:121][  0]LogShaderCompilers: Cannot use XGE Shader Compiler as Incredibuild is not installed on this machine.
[2019.08.01-16.32.42:121][  0]LogShaderCompilers: Display: Using Local Shader Compiler.
[2019.08.01-16.32.42:834][  0]LogDerivedDataCache: Display: Max Cache Size: 512 MB
[2019.08.01-16.32.42:883][  0]LogDerivedDataCache: Loaded boot cache 0.05s 71MB C:/Users/aaron.hines/AppData/Local/UnrealEngine/4.20/DerivedDataCache/Boot.ddc.
[2019.08.01-16.32.42:884][  0]LogDerivedDataCache: Display: Loaded Boot cache: C:/Users/aaron.hines/AppData/Local/UnrealEngine/4.20/DerivedDataCache/Boot.ddc
[2019.08.01-16.32.42:884][  0]LogDerivedDataCache: FDerivedDataBackendGraph:  Pak pak cache file ../../../../../Tether/Project_Tether/Project_Tether/DerivedDataCache/DDC.ddp not found, will not use a pak cache.
[2019.08.01-16.32.42:884][  0]LogDerivedDataCache: Unable to find inner node Pak for hierarchical cache Hierarchy.
[2019.08.01-16.32.42:884][  0]LogDerivedDataCache: FDerivedDataBackendGraph:  CompressedPak pak cache file ../../../../../Tether/Project_Tether/Project_Tether/DerivedDataCache/Compressed.ddp not found, will not use a pak cache.
[2019.08.01-16.32.42:884][  0]LogDerivedDataCache: Unable to find inner node CompressedPak for hierarchical cache Hierarchy.
[2019.08.01-16.32.42:899][  0]LogDerivedDataCache: Display: Pak cache opened for reading ../../../Engine/DerivedDataCache/Compressed.ddp.
[2019.08.01-16.32.42:912][  0]LogDerivedDataCache: Using Local data cache path C:/Users/aaron.hines/AppData/Local/UnrealEngine/Common/DerivedDataCache: Writable
[2019.08.01-16.32.42:912][  0]LogDerivedDataCache: Shared data cache path not found in *engine.ini, will not use an Shared cache.
[2019.08.01-16.32.42:912][  0]LogDerivedDataCache: Unable to find inner node Shared for hierarchical cache Hierarchy.
[2019.08.01-16.32.42:931][  0]LogMaterial: Verifying Global Shaders for PCD3D_SM5
[2019.08.01-16.32.42:932][  0]LogSlate: Using FreeType 2.6.0
[2019.08.01-16.32.42:933][  0]LogSlate: SlateFontServices - WITH_FREETYPE: 1, WITH_HARFBUZZ: 1
[2019.08.01-16.32.43:009][  0]LogAssetRegistry: FAssetRegistry took 0.0257 seconds to start up
[2019.08.01-16.32.43:335][  0]LogInit: Selected Device Profile: [Windows]
[2019.08.01-16.32.43:455][  0]LogSimplygon: Simplygon DLL not present - disabling.
[2019.08.01-16.32.43:457][  0]LogMeshReduction: Using SimplygonSwarm for distributed automatic mesh merging
[2019.08.01-16.32.43:458][  0]LogMeshReduction: Using ProxyLODMeshReduction for automatic mesh merging
[2019.08.01-16.32.43:458][  0]LogMeshReduction: Using QuadricMeshReduction for automatic static mesh reduction
[2019.08.01-16.32.43:458][  0]LogMeshReduction: No automatic skeletal mesh reduction module available
[2019.08.01-16.32.43:480][  0]LogNetVersion: Project_Tether 1.0.0, NetCL: 4212847, EngineNetVer: 5, GameNetVer: 0 (Checksum: 2290113244)
[2019.08.01-16.32.43:933][  0]LogPackageLocalizationCache: Processed 11 localized package path(s) for 2 prioritized culture(s) in 0.082466 seconds
[2019.08.01-16.32.43:938][  0]LogUObjectArray: 38425 objects as part of root set at end of initial load.
[2019.08.01-16.32.43:938][  0]LogUObjectAllocator: 6690872 out of 0 bytes used by permanent object pool.
[2019.08.01-16.32.43:938][  0]LogUObjectArray: CloseDisregardForGC: 0/0 objects in disregard for GC pool
[2019.08.01-16.32.44:820][  0]LogTcpMessaging: Initializing TcpMessaging bridge
[2019.08.01-16.32.44:833][  0]LogUdpMessaging: Initializing bridge on interface 0.0.0.0:0 to multicast group 230.0.0.1:6666.
[2019.08.01-16.32.44:937][  0]LogLinker: Warning: Can't find file '/Game/ThirdPersonCPP/Blueprints/ThirdPersonCharacter'
[2019.08.01-16.32.44:937][  0]LogLinker: Warning: Can't find file '/Game/ThirdPersonCPP/Blueprints/ThirdPersonCharacter'
[2019.08.01-16.32.44:937][  0]LogUObjectGlobals: Warning: Failed to find object 'Class /Game/ThirdPersonCPP/Blueprints/ThirdPersonCharacter.ThirdPersonCharacter_C'
[2019.08.01-16.32.44:937][  0]Error: CDO Constructor (Project_TetherGameMode): Failed to find /Game/ThirdPersonCPP/Blueprints/ThirdPersonCharacter.ThirdPersonCharacter_C

[2019.08.01-16.32.44:937][  0]LogUObjectBase: Warning: -------------- Default Property warnings and errors:
[2019.08.01-16.32.44:937][  0]LogUObjectBase: Warning: Error: CDO Constructor (Project_TetherGameMode): Failed to find /Game/ThirdPersonCPP/Blueprints/ThirdPersonCharacter.ThirdPersonCharacter_C

[2019.08.01-16.32.46:802][  0]LogWindowsTextInputMethodSystem: Display: IME system now deactivated.
[2019.08.01-16.32.46:847][  0]SourceControl: Source control is disabled
[2019.08.01-16.32.46:847][  0]SourceControl: Source control is disabled
[2019.08.01-16.32.46:848][  0]SourceControl: Source control is disabled
[2019.08.01-16.32.46:849][  0]SourceControl: Source control is disabled
[2019.08.01-16.32.47:004][  0]LogAndroidPermission: UAndroidPermissionCallbackProxy::GetInstance
[2019.08.01-16.32.47:101][  0]LogOcInput: OculusInput pre-init called
[2019.08.01-16.32.47:158][  0]LogEngine: Initializing Engine...
[2019.08.01-16.32.47:182][  0]LogHMD: Failed to initialize OpenVR with code 126
[2019.08.01-16.32.47:183][  0]LogStats: UGameplayTagsManager::ConstructGameplayTagTree: ImportINI prefixes -  0.000 s
[2019.08.01-16.32.47:183][  0]LogStats: UGameplayTagsManager::ConstructGameplayTagTree: Construct from data asset -  0.000 s
[2019.08.01-16.32.47:183][  0]LogStats: UGameplayTagsManager::ConstructGameplayTagTree: ImportINI -  0.000 s
[2019.08.01-16.32.47:183][  0]LogStats: UGameplayTagsManager::ConstructGameplayTagTree: GameplayTagTreeChangedEvent.Broadcast -  0.000 s
[2019.08.01-16.32.47:381][  0]LogInit: Initializing FReadOnlyCVARCache
[2019.08.01-16.32.47:393][  0]LogAIModule: Creating AISystem for world Untitled
[2019.08.01-16.32.47:424][  0]LogInit: XAudio2 using 'Speakers (2- Logitech G430 Gaming Headset)' : 2 channels at 48 kHz using 16 bits per sample (channel mask 0x3)
[2019.08.01-16.32.47:447][  0]LogInit: FAudioDevice initialized.
[2019.08.01-16.32.47:447][  0]LogNetVersion: Set ProjectVersion to 1.0.0.0. Version Checksum will be recalculated on next use.
[2019.08.01-16.32.47:532][  0]LogDerivedDataCache: Saved boot cache 0.08s 71MB C:/Users/aaron.hines/AppData/Local/UnrealEngine/4.20/DerivedDataCache/Boot.ddc.
[2019.08.01-16.32.47:536][  0]LogInit: Texture streaming: Enabled
[2019.08.01-16.32.47:554][  0]LogEngineSessionManager: EngineSessionManager initialized
[2019.08.01-16.32.47:554][  0]LogEngineSessionManager: EngineSessionManager sent abnormal shutdown report. Type=Crashed, SessionId={528B49FC-4B85-C288-B339-1583819AFF50}
[2019.08.01-16.32.47:566][  0]LogInit: Transaction tracking system initialized
[2019.08.01-16.32.47:588][  0]BlueprintLog: New page: Editor Load
[2019.08.01-16.32.47:654][  0]LocalizationService: Localization service is disabled
[2019.08.01-16.32.47:878][  0]LogCook: Display: Max memory allowance for cook 16384mb min free memory 0mb
[2019.08.01-16.32.47:878][  0]LogCook: Display: Mobile HDR setting 1
[2019.08.01-16.32.47:878][  0]LogGameplayTags: Display: UGameplayTagsManager::DoneAddingNativeTags. DelegateIsBound: 0
[2019.08.01-16.32.47:878][  0]LogStats: UGameplayTagsManager::ConstructGameplayTagTree: ImportINI prefixes -  0.000 s
[2019.08.01-16.32.47:878][  0]LogStats: UGameplayTagsManager::ConstructGameplayTagTree: Construct from data asset -  0.000 s
[2019.08.01-16.32.47:878][  0]LogStats: UGameplayTagsManager::ConstructGameplayTagTree: ImportINI -  0.000 s
[2019.08.01-16.32.47:878][  0]LogStats: UGameplayTagsManager::ConstructGameplayTagTree: GameplayTagTreeChangedEvent.Broadcast -  0.000 s
[2019.08.01-16.32.47:979][  0]LogFileCache: Scanning file cache for directory 'E:/Tether/Project_Tether/Project_Tether/Content/' took 0.03s
[2019.08.01-16.32.47:986][  0]SourceControl: Source control is disabled
[2019.08.01-16.32.47:986][  0]Cmd: MAP LOAD FILE="../../../../../Tether/Project_Tether/Project_Tether/Content/IronForgedGames/Core/Entity/Test/ThirdPersonCPP/Maps/ThirdPersonExampleMap.umap" TEMPLATE=0 SHOWPROGRESS=1 FEATURELEVEL=3
[2019.08.01-16.32.47:986][  0]LightingResults: New page: Lighting Build
[2019.08.01-16.32.47:989][  0]MapCheck: New page: Map Check
[2019.08.01-16.32.47:989][  0]LightingResults: New page: Lighting Build
[2019.08.01-16.32.48:413][  0]LogAIModule: Creating AISystem for world ThirdPersonExampleMap
[2019.08.01-16.32.48:421][  0]LogEditorServer: Finished looking for orphan Actors (0.000 secs)
[2019.08.01-16.32.48:441][  0]Cmd: MAP CHECKDEP NOCLEARLOG
[2019.08.01-16.32.48:502][  0]MapCheck: Map check complete: 0 Error(s), 0 Warning(s), took 60.994ms to complete.
[2019.08.01-16.32.48:502][  0]LogFileHelpers: Loading map 'ThirdPersonExampleMap' took 0.516
[2019.08.01-16.32.48:578][  0]LogWindowsTextInputMethodSystem: Display: IME system now deactivated.
[2019.08.01-16.32.48:613][  0]LogSlate: Updating window title bar state: overlay mode, drag disabled, window buttons hidden, title bar hidden
[2019.08.01-16.32.48:620][  0]LogSlate: Updating window title bar state: overlay mode, drag disabled, window buttons hidden, title bar hidden
[2019.08.01-16.32.48:627][  0]LogSlate: Updating window title bar state: overlay mode, drag disabled, window buttons hidden, title bar hidden
[2019.08.01-16.32.48:633][  0]LogSlate: Updating window title bar state: overlay mode, drag disabled, window buttons hidden, title bar hidden
[2019.08.01-16.32.48:639][  0]LogCollectionManager: Loaded 0 collections in 0.001504 seconds
[2019.08.01-16.32.48:683][  0]LogFileCache: Scanning file cache for directory 'E:/Tether/Project_Tether/Project_Tether/Saved/Collections/' took 0.01s
[2019.08.01-16.32.48:683][  0]LogFileCache: Scanning file cache for directory 'E:/Tether/Project_Tether/Project_Tether/Content/Developers/aaronhines/Collections/' took 0.01s
[2019.08.01-16.32.48:683][  0]LogFileCache: Scanning file cache for directory 'E:/Tether/Project_Tether/Project_Tether/Content/Collections/' took 0.01s
[2019.08.01-16.32.48:683][  0]LogCollectionManager: Rebuilt the GUID cache for 0 collections in 0.000000 seconds
[2019.08.01-16.32.48:693][  0]LogContentBrowser: Native class hierarchy populated in 0.0099 seconds. Added 2602 classes and 621 folders.
[2019.08.01-16.32.48:698][  0]LogContentBrowser: Native class hierarchy updated for 'WidgetCarousel' in 0.0006 seconds. Added 0 classes and 0 folders.
[2019.08.01-16.32.48:754][  0]LogContentBrowser: Native class hierarchy updated for 'AddContentDialog' in 0.0005 seconds. Added 0 classes and 0 folders.
[2019.08.01-16.32.48:761][  0]LogContentBrowser: Native class hierarchy updated for 'SceneOutliner' in 0.0006 seconds. Added 1 classes and 2 folders.
[2019.08.01-16.32.49:671][  0]LogSlate: Only BGRA pngs, bmps or icos are supported in by External Image Picker
[2019.08.01-16.32.49:710][  0]LogSlate: Took 0.000249 seconds to synchronously load lazily loaded font '../../../Engine/Content/Slate/Fonts/Roboto-Regular.ttf' (155K)
[2019.08.01-16.32.49:713][  0]LogSlate: Took 0.000256 seconds to synchronously load lazily loaded font '../../../Engine/Content/Slate/Fonts/Roboto-Bold.ttf' (160K)
[2019.08.01-16.32.49:720][  0]LogSlate: Took 0.000206 seconds to synchronously load lazily loaded font '../../../Engine/Content/Editor/Slate/Fonts/FontAwesome.ttf' (139K)
[2019.08.01-16.32.49:722][  0]LogSlate: Took 0.000147 seconds to synchronously load lazily loaded font '../../../Engine/Content/Slate/Fonts/DroidSansMono.ttf' (77K)
[2019.08.01-16.32.49:827][  0]LogTemp: Executing iPhonePackager certificates Engine -bundlename com.YourCompany.ProjectTether
[2019.08.01-16.32.49:827][  0]LogTemp: CWD: E:\Epic Games\UE_4.20\Engine\Binaries\DotNET\IOS
[2019.08.01-16.32.49:828][  0]LogTemp: Initial Dir: E:\Epic Games\UE_4.20
[2019.08.01-16.32.49:828][  0]LogTemp: Env CWD: E:\Epic Games\UE_4.20\Engine\Binaries\DotNET\IOS
[2019.08.01-16.32.49:828][  0]LogTemp: BranchPath = WSROLLER45/E/Epic Games/UE_4.20/Engine/Binaries --- GameBranchPath = WSROLLER45/E/Epic Games/UE_4.20/Engine/Binaries
[2019.08.01-16.32.49:828][  0]LogTemp: IPP ERROR: Could not find provision directory 'C:\Users\aaron.hines\AppData\Local/Apple Computer/MobileDevice/Provisioning Profiles/'.
[2019.08.01-16.32.49:828][  0]LogRenderer: Reallocating scene render targets to support 1208x512 Format 10 NumSamples 1 (Frame:1).
[2019.08.01-16.32.49:944][  0]LogContentBrowser: Native class hierarchy updated for 'HierarchicalLODOutliner' in 0.0006 seconds. Added 0 classes and 0 folders.
[2019.08.01-16.32.49:945][  0]LogLoad: (Engine Initialization) Total time: 11.37 seconds
[2019.08.01-16.32.49:945][  0]LogLoad: (Engine Initialization) Total Blueprint compile time: 0.00 seconds
[2019.08.01-16.32.49:983][  0]LogContentStreaming: Texture pool size now 1000 MB
[2019.08.01-16.32.50:015][  0]LogSlate: Took 0.000180 seconds to synchronously load lazily loaded font '../../../Engine/Content/Slate/Fonts/Roboto-Light.ttf' (167K)
[2019.08.01-16.32.50:065][  2]LogAssetRegistry: Asset discovery search completed in 7.0789 seconds
[2019.08.01-16.32.50:068][  2]LogCollectionManager: Rebuilt the object cache for 0 collections in 0.000000 seconds (found 0 objects)
[2019.08.01-16.32.50:068][  2]LogCollectionManager: Fixed up redirectors for 0 collections in 0.000304 seconds (updated 0 objects)
[2019.08.01-16.32.51:072][112]LogSlate: FSceneViewport::OnFocusLost() reason 0
[2019.08.01-16.32.55:190][590]LogAssetEditorManager: Opening Asset editor for Blueprint /Game/IronForgedGames/Implementation/Gameplay/System/Tool/Pickups/LegendaryPickup.LegendaryPickup
[2019.08.01-16.32.55:635][590]LogContentBrowser: Native class hierarchy updated for 'BlueprintGraph' in 0.0009 seconds. Added 116 classes and 0 folders.
[2019.08.01-16.32.56:452][590]LogAssetEditorManager: Opening Asset editor for Blueprint /Game/IronForgedGames/Implementation/Gameplay/System/Tool/Pickups/RarePickup.RarePickup
[2019.08.01-16.32.56:792][590]LogAssetEditorManager: Opening Asset editor for Blueprint /Game/IronForgedGames/Implementation/Gameplay/System/Tool/Pickups/CommonPickup.CommonPickup
[2019.08.01-16.32.57:139][590]LogAssetEditorManager: Opening Asset editor for Blueprint /Game/IronForgedGames/Implementation/Gameplay/System/Tool/Pickups/UncommonPickup.UncommonPickup
[2019.08.01-16.32.57:498][590]LogScript: Warning: Accessed None trying to read property CallFunc_GetComponentByClass_ReturnValue
	LegendaryPickup_C /Engine/Transient.World_1:PersistentLevel.LegendaryPickup_C_0
	Function /Game/IronForgedGames/Implementation/Gameplay/System/Tool/Pickups/LegendaryPickup.LegendaryPickup_C:ExecuteUbergraph_LegendaryPickup:0221
[2019.08.01-16.32.57:498][590]LogScript: Warning: Accessed None trying to read property CallFunc_GetComponentByClass_ReturnValue
	LegendaryPickup_C /Engine/Transient.World_1:PersistentLevel.LegendaryPickup_C_0
	Function /Game/IronForgedGames/Implementation/Gameplay/System/Tool/Pickups/LegendaryPickup.LegendaryPickup_C:ExecuteUbergraph_LegendaryPickup:0221
[2019.08.01-16.32.57:499][590]LogScript: Warning: Accessed None trying to read property CallFunc_GetComponentByClass_ReturnValue
	RarePickup_C /Engine/Transient.World_2:PersistentLevel.RarePickup_C_0
	Function /Game/IronForgedGames/Implementation/Gameplay/System/Tool/Pickups/RarePickup.RarePickup_C:ExecuteUbergraph_RarePickup:0221
[2019.08.01-16.32.57:499][590]LogScript: Warning: Accessed None trying to read property CallFunc_GetComponentByClass_ReturnValue
	RarePickup_C /Engine/Transient.World_2:PersistentLevel.RarePickup_C_0
	Function /Game/IronForgedGames/Implementation/Gameplay/System/Tool/Pickups/RarePickup.RarePickup_C:ExecuteUbergraph_RarePickup:0221
[2019.08.01-16.32.57:500][590]LogScript: Warning: Accessed None trying to read property CallFunc_GetComponentByClass_ReturnValue
	CommonPickup_C /Engine/Transient.World_3:PersistentLevel.CommonPickup_C_0
	Function /Game/IronForgedGames/Implementation/Gameplay/System/Tool/Pickups/CommonPickup.CommonPickup_C:ExecuteUbergraph_CommonPickup:0221
[2019.08.01-16.32.57:500][590]LogScript: Warning: Accessed None trying to read property CallFunc_GetComponentByClass_ReturnValue
	CommonPickup_C /Engine/Transient.World_3:PersistentLevel.CommonPickup_C_0
	Function /Game/IronForgedGames/Implementation/Gameplay/System/Tool/Pickups/CommonPickup.CommonPickup_C:ExecuteUbergraph_CommonPickup:0221
[2019.08.01-16.32.57:500][590]LogScript: Warning: Accessed None trying to read property CallFunc_GetComponentByClass_ReturnValue
	UncommonPickup_C /Engine/Transient.World_4:PersistentLevel.UncommonPickup_C_0
	Function /Game/IronForgedGames/Implementation/Gameplay/System/Tool/Pickups/UncommonPickup.UncommonPickup_C:ExecuteUbergraph_UncommonPickup:0221
[2019.08.01-16.32.57:500][590]LogScript: Warning: Accessed None trying to read property CallFunc_GetComponentByClass_ReturnValue
	UncommonPickup_C /Engine/Transient.World_4:PersistentLevel.UncommonPickup_C_0
	Function /Game/IronForgedGames/Implementation/Gameplay/System/Tool/Pickups/UncommonPickup.UncommonPickup_C:ExecuteUbergraph_UncommonPickup:0221
[2019.08.01-16.32.57:514][590]LogSlate: Took 0.000195 seconds to synchronously load lazily loaded font '../../../Engine/Content/Slate/Fonts/Roboto-BoldCondensed.ttf' (158K)
[2019.08.01-16.32.57:598][591]LogSlate: Took 0.000205 seconds to synchronously load lazily loaded font '../../../Engine/Content/Slate/Fonts/Roboto-Italic.ttf' (157K)
[2019.08.01-16.33.13:113][194]LogSlate: Window 'UncommonPickup' being destroyed
[2019.08.01-16.33.13:120][194]LogSlate: Window 'UncommonPickup' being destroyed
[2019.08.01-16.33.13:186][194]LogActorComponent: UnregisterComponent: (/Engine/Transient.EditorFloorComp) Not registered. Aborting.
[2019.08.01-16.33.13:248][194]LogActorComponent: UnregisterComponent: (/Engine/Transient.EditorFloorComp) Not registered. Aborting.
[2019.08.01-16.33.13:310][194]LogActorComponent: UnregisterComponent: (/Engine/Transient.EditorFloorComp) Not registered. Aborting.
[2019.08.01-16.33.15:935][493]LogAssetEditorManager: Opening Asset editor for Blueprint /Game/IronForgedGames/Implementation/Gameplay/System/Tool/Pickups/BaseToolPickup.BaseToolPickup
[2019.08.01-16.33.16:231][493]LogScript: Warning: Accessed None trying to read property CallFunc_GetComponentByClass_ReturnValue
	BaseToolPickup_C /Engine/Transient.World_9:PersistentLevel.BaseToolPickup_C_0
	Function /Game/IronForgedGames/Implementation/Gameplay/System/Tool/Pickups/BaseToolPickup.BaseToolPickup_C:ExecuteUbergraph_BaseToolPickup:0221
[2019.08.01-16.33.16:232][493]LogScript: Warning: Accessed None trying to read property CallFunc_GetComponentByClass_ReturnValue
	BaseToolPickup_C /Engine/Transient.World_9:PersistentLevel.BaseToolPickup_C_0
	Function /Game/IronForgedGames/Implementation/Gameplay/System/Tool/Pickups/BaseToolPickup.BaseToolPickup_C:ExecuteUbergraph_BaseToolPickup:0221
[2019.08.01-16.33.29:952][ 79]LogSavePackage: Moving '../../../../../Tether/Project_Tether/Project_Tether/Saved/BaseToolPickup3156FF2C499A224F24745EA1C57C06F5.tmp' to '../../../../../Tether/Project_Tether/Project_Tether/Content/IronForgedGames/Implementation/Gameplay/System/Tool/Pickups/BaseToolPickup.uasset'
[2019.08.01-16.34.02:444][914]BlueprintLog: New page: Compile BaseToolPickup
[2019.08.01-16.34.02:688][914]LogSavePackage: Moving '../../../../../Tether/Project_Tether/Project_Tether/Saved/BaseToolPickup37A5A9F94FA48E649DC119A9419FC53D.tmp' to '../../../../../Tether/Project_Tether/Project_Tether/Content/IronForgedGames/Implementation/Gameplay/System/Tool/Pickups/BaseToolPickup.uasset'
[2019.08.01-16.34.19:971][963]LogAssetEditorManager: Opening Asset editor for Blueprint /Game/IronForgedGames/Implementation/Gameplay/System/Tool/Pickups/LegendaryPickup.LegendaryPickup
[2019.08.01-16.34.20:294][963]LogScript: Warning: Accessed None trying to read property CallFunc_GetComponentByClass_ReturnValue
	LegendaryPickup_C /Engine/Transient.World_11:PersistentLevel.LegendaryPickup_C_0
	Function /Game/IronForgedGames/Implementation/Gameplay/System/Tool/Pickups/LegendaryPickup.LegendaryPickup_C:ExecuteUbergraph_LegendaryPickup:0221
[2019.08.01-16.34.20:294][963]LogScript: Warning: Accessed None trying to read property CallFunc_GetComponentByClass_ReturnValue
	LegendaryPickup_C /Engine/Transient.World_11:PersistentLevel.LegendaryPickup_C_0
	Function /Game/IronForgedGames/Implementation/Gameplay/System/Tool/Pickups/LegendaryPickup.LegendaryPickup_C:ExecuteUbergraph_LegendaryPickup:0221
[2019.08.01-16.34.22:545][210]LogSlate: Window 'LegendaryPickup' being destroyed
[2019.08.01-16.34.24:811][475]LogAssetEditorManager: Opening Asset editor for Blueprint /Game/IronForgedGames/Implementation/Gameplay/System/Tool/Pickups/CommonPickup.CommonPickup
[2019.08.01-16.34.25:126][475]LogScript: Warning: Accessed None trying to read property CallFunc_GetComponentByClass_ReturnValue
	CommonPickup_C /Engine/Transient.World_12:PersistentLevel.CommonPickup_C_0
	Function /Game/IronForgedGames/Implementation/Gameplay/System/Tool/Pickups/CommonPickup.CommonPickup_C:ExecuteUbergraph_CommonPickup:0221
[2019.08.01-16.34.25:127][475]LogScript: Warning: Accessed None trying to read property CallFunc_GetComponentByClass_ReturnValue
	CommonPickup_C /Engine/Transient.World_12:PersistentLevel.CommonPickup_C_0
	Function /Game/IronForgedGames/Implementation/Gameplay/System/Tool/Pickups/CommonPickup.CommonPickup_C:ExecuteUbergraph_CommonPickup:0221
[2019.08.01-16.34.30:858][148]LogBlueprint: Warning: [Compiler ] Pasted node  CustomEvent   conflicted with  Event ActorBeginOverlap  and was replaced as a Custom Event!
[2019.08.01-16.34.44:660][733]LogEditorTransaction: Undo Move Nodes
[2019.08.01-16.34.45:201][793]LogEditorTransaction: Undo Delete current selection
[2019.08.01-16.35.04:158][989]LogSavePackage: Moving '../../../../../Tether/Project_Tether/Project_Tether/Saved/CommonPickup4F276F1A4906934784213EB56AAA4230.tmp' to '../../../../../Tether/Project_Tether/Project_Tether/Content/IronForgedGames/Implementation/Gameplay/System/Tool/Pickups/CommonPickup.uasset'
[2019.08.01-16.35.18:623][688]BlueprintLog: New page: Compile CommonPickup
[2019.08.01-16.35.18:857][688]LogSavePackage: Moving '../../../../../Tether/Project_Tether/Project_Tether/Saved/CommonPickupF6EA146E4B9D6AC19FD099B697BB8897.tmp' to '../../../../../Tether/Project_Tether/Project_Tether/Content/IronForgedGames/Implementation/Gameplay/System/Tool/Pickups/CommonPickup.uasset'
[2019.08.01-16.35.25:762][503]LogAssetEditorManager: Opening Asset editor for Blueprint /Game/IronForgedGames/Implementation/Gameplay/System/Tool/Pickups/RarePickup.RarePickup
[2019.08.01-16.35.26:072][503]LogScript: Warning: Accessed None trying to read property CallFunc_GetComponentByClass_ReturnValue
	RarePickup_C /Engine/Transient.World_13:PersistentLevel.RarePickup_C_0
	Function /Game/IronForgedGames/Implementation/Gameplay/System/Tool/Pickups/RarePickup.RarePickup_C:ExecuteUbergraph_RarePickup:0221
[2019.08.01-16.35.26:073][503]LogScript: Warning: Accessed None trying to read property CallFunc_GetComponentByClass_ReturnValue
	RarePickup_C /Engine/Transient.World_13:PersistentLevel.RarePickup_C_0
	Function /Game/IronForgedGames/Implementation/Gameplay/System/Tool/Pickups/RarePickup.RarePickup_C:ExecuteUbergraph_RarePickup:0221
[2019.08.01-16.35.30:790][ 55]LogAssetEditorManager: Opening Asset editor for Blueprint /Game/IronForgedGames/Implementation/Gameplay/System/Tool/Pickups/UncommonPickup.UncommonPickup
[2019.08.01-16.35.31:095][ 55]LogScript: Warning: Accessed None trying to read property CallFunc_GetComponentByClass_ReturnValue
	UncommonPickup_C /Engine/Transient.World_14:PersistentLevel.UncommonPickup_C_0
	Function /Game/IronForgedGames/Implementation/Gameplay/System/Tool/Pickups/UncommonPickup.UncommonPickup_C:ExecuteUbergraph_UncommonPickup:0221
[2019.08.01-16.35.31:096][ 55]LogScript: Warning: Accessed None trying to read property CallFunc_GetComponentByClass_ReturnValue
	UncommonPickup_C /Engine/Transient.World_14:PersistentLevel.UncommonPickup_C_0
	Function /Game/IronForgedGames/Implementation/Gameplay/System/Tool/Pickups/UncommonPickup.UncommonPickup_C:ExecuteUbergraph_UncommonPickup:0221
[2019.08.01-16.36.25:459][479]BlueprintLog: New page: Compile UncommonPickup
[2019.08.01-16.36.25:692][479]LogSavePackage: Moving '../../../../../Tether/Project_Tether/Project_Tether/Saved/UncommonPickup15A258A34E8315C095EAAEB13D9AF2C1.tmp' to '../../../../../Tether/Project_Tether/Project_Tether/Content/IronForgedGames/Implementation/Gameplay/System/Tool/Pickups/UncommonPickup.uasset'
[2019.08.01-16.36.46:192][896]BlueprintLog: New page: Compile RarePickup
[2019.08.01-16.36.46:430][896]LogSavePackage: Moving '../../../../../Tether/Project_Tether/Project_Tether/Saved/RarePickupC32870D64552AE7AC16932825CDDEE80.tmp' to '../../../../../Tether/Project_Tether/Project_Tether/Content/IronForgedGames/Implementation/Gameplay/System/Tool/Pickups/RarePickup.uasset'
[2019.08.01-16.36.52:676][615]LogSlate: FSceneViewport::OnFocusLost() reason 0
[2019.08.01-16.36.52:734][622]LogTemp: Repeating last play command: Selected Viewport
[2019.08.01-16.36.52:768][622]LogBlueprintUserMessages: Early PlayInEditor Detection: Level '/Game/IronForgedGames/Core/Entity/Test/ThirdPersonCPP/Maps/ThirdPersonExampleMap.ThirdPersonExampleMap:PersistentLevel' has LevelScriptBlueprint '/Game/IronForgedGames/Core/Entity/Test/ThirdPersonCPP/Maps/ThirdPersonExampleMap.ThirdPersonExampleMap:PersistentLevel.ThirdPersonExampleMap' with GeneratedClass '/Game/IronForgedGames/Core/Entity/Test/ThirdPersonCPP/Maps/ThirdPersonExampleMap.ThirdPersonExampleMap_C' with ClassGeneratedBy '/Game/IronForgedGames/Core/Entity/Test/ThirdPersonCPP/Maps/ThirdPersonExampleMap.ThirdPersonExampleMap:PersistentLevel.ThirdPersonExampleMap'
[2019.08.01-16.36.52:770][622]LogPlayLevel: PlayLevel: No blueprints needed recompiling
[2019.08.01-16.36.52:782][622]PIE: New page: PIE session: ThirdPersonExampleMap (Aug 1, 2019, 8:36:52 AM)
[2019.08.01-16.36.52:782][622]LogPlayLevel: Creating play world package: /Game/IronForgedGames/Core/Entity/Test/ThirdPersonCPP/Maps/UEDPIE_0_ThirdPersonExampleMap
[2019.08.01-16.36.52:795][622]LogPlayLevel: PIE: StaticDuplicateObject took: (0.012181s)
[2019.08.01-16.36.52:796][622]LogAIModule: Creating AISystem for world ThirdPersonExampleMap
[2019.08.01-16.36.52:796][622]LogPlayLevel: PIE: World Init took: (0.001078s)
[2019.08.01-16.36.52:796][622]LogPlayLevel: PIE: Created PIE world by copying editor world from /Game/IronForgedGames/Core/Entity/Test/ThirdPersonCPP/Maps/ThirdPersonExampleMap.ThirdPersonExampleMap to /Game/IronForgedGames/Core/Entity/Test/ThirdPersonCPP/Maps/UEDPIE_0_ThirdPersonExampleMap.ThirdPersonExampleMap (0.013900s)
[2019.08.01-16.36.52:853][622]LogInit: XAudio2 using 'Speakers (2- Logitech G430 Gaming Headset)' : 2 channels at 48 kHz using 16 bits per sample (channel mask 0x3)
[2019.08.01-16.36.52:868][622]LogInit: FAudioDevice initialized.
[2019.08.01-16.36.52:908][622]LogLoad: Game class is 'GameMode'
[2019.08.01-16.36.52:910][622]LogWorld: Bringing World /Game/IronForgedGames/Core/Entity/Test/ThirdPersonCPP/Maps/UEDPIE_0_ThirdPersonExampleMap.ThirdPersonExampleMap up for play (max tick rate 0) at 2019.08.01-12.36.52
[2019.08.01-16.36.52:912][622]LogWorld: Bringing up level for play took: 0.002243
[2019.08.01-16.36.52:933][622]LogContentBrowser: Native class hierarchy updated for 'MovieSceneCapture' in 0.0007 seconds. Added 10 classes and 0 folders.
[2019.08.01-16.36.52:934][622]LogGameMode: Display: Match State Changed from EnteringMap to WaitingToStart
[2019.08.01-16.36.52:934][622]LogGameState: Match State Changed from EnteringMap to WaitingToStart
[2019.08.01-16.36.52:934][622]LogGameMode: Display: Match State Changed from WaitingToStart to InProgress
[2019.08.01-16.36.52:934][622]LogTemp: Error: Health stat was found, the Vitals will not work
[2019.08.01-16.36.52:934][622]LogGameState: Match State Changed from WaitingToStart to InProgress
[2019.08.01-16.36.52:935][622]PIE: Play in editor start time for /Game/IronForgedGames/Core/Entity/Test/ThirdPersonCPP/Maps/UEDPIE_0_ThirdPersonExampleMap 0.074
[2019.08.01-16.36.52:935][622]LogBlueprintUserMessages: Late PlayInEditor Detection: Level '/Game/IronForgedGames/Core/Entity/Test/ThirdPersonCPP/Maps/ThirdPersonExampleMap.ThirdPersonExampleMap:PersistentLevel' has LevelScriptBlueprint '/Game/IronForgedGames/Core/Entity/Test/ThirdPersonCPP/Maps/ThirdPersonExampleMap.ThirdPersonExampleMap:PersistentLevel.ThirdPersonExampleMap' with GeneratedClass '/Game/IronForgedGames/Core/Entity/Test/ThirdPersonCPP/Maps/ThirdPersonExampleMap.ThirdPersonExampleMap_C' with ClassGeneratedBy '/Game/IronForgedGames/Core/Entity/Test/ThirdPersonCPP/Maps/ThirdPersonExampleMap.ThirdPersonExampleMap:PersistentLevel.ThirdPersonExampleMap'
[2019.08.01-16.36.56:258][808]LogWindows: Error: === Critical error: ===
[2019.08.01-16.36.56:258][808]LogWindows: Error: 
[2019.08.01-16.36.56:258][808]LogWindows: Error: Fatal error!
[2019.08.01-16.36.56:258][808]LogWindows: Error: 
[2019.08.01-16.36.56:258][808]LogWindows: Error: Unhandled Exception: EXCEPTION_ACCESS_VIOLATION reading address 0x00000068
[2019.08.01-16.36.56:258][808]LogWindows: Error: 
[2019.08.01-16.36.56:258][808]LogWindows: Error: [Callstack] 0x00007ffc8d78790d UE4Editor-Project_Tether-4520.dll!UToolComponent::AddTool() [E:\Tether\Project_Tether\Project_Tether\Source\Project_Tether\Private\Implementation\Gameplay\PlayerController\Components\ToolComponent.cpp:59]
[2019.08.01-16.36.56:258][808]LogWindows: Error: [Callstack] 0x00007ffc8d785e1b UE4Editor-Project_Tether-4520.dll!UToolComponent::execAddTool() [E:\Tether\Project_Tether\Project_Tether\Source\Project_Tether\Public\Implementation\Gameplay\PlayerController\Components\ToolComponent.h:48]
[2019.08.01-16.36.56:258][808]LogWindows: Error: [Callstack] 0x00007ffca79b6467 UE4Editor-CoreUObject.dll!UnknownFunction []
[2019.08.01-16.36.56:258][808]LogWindows: Error: [Callstack] 0x00007ffca7bc16ae UE4Editor-CoreUObject.dll!UnknownFunction []
[2019.08.01-16.36.56:258][808]LogWindows: Error: [Callstack] 0x00007ffca7bdf499 UE4Editor-CoreUObject.dll!UnknownFunction []
[2019.08.01-16.36.56:259][808]LogWindows: Error: [Callstack] 0x00007ffca7c11e77 UE4Editor-CoreUObject.dll!UnknownFunction []
[2019.08.01-16.36.56:259][808]LogWindows: Error: [Callstack] 0x00007ffca7be1b96 UE4Editor-CoreUObject.dll!UnknownFunction []
[2019.08.01-16.36.56:259][808]LogWindows: Error: [Callstack] 0x00007ffca7bc205d UE4Editor-CoreUObject.dll!UnknownFunction []
[2019.08.01-16.36.56:259][808]LogWindows: Error: [Callstack] 0x00007ffca7be1b96 UE4Editor-CoreUObject.dll!UnknownFunction []
[2019.08.01-16.36.56:259][808]LogWindows: Error: [Callstack] 0x00007ffca79b6467 UE4Editor-CoreUObject.dll!UnknownFunction []
[2019.08.01-16.36.56:259][808]LogWindows: Error: [Callstack] 0x00007ffca7be1133 UE4Editor-CoreUObject.dll!UnknownFunction []
[2019.08.01-16.36.56:259][808]LogWindows: Error: [Callstack] 0x00007ffca4e08033 UE4Editor-Engine.dll!UnknownFunction []
[2019.08.01-16.36.56:259][808]LogWindows: Error: [Callstack] 0x00007ffca6157649 UE4Editor-Engine.dll!UnknownFunction []
[2019.08.01-16.36.56:259][808]LogWindows: Error: [Callstack] 0x00007ffca522a377 UE4Editor-Engine.dll!UnknownFunction []
[2019.08.01-16.36.56:259][808]LogWindows: Error: [Callstack] 0x00007ffca5274e3e UE4Editor-Engine.dll!UnknownFunction []
[2019.08.01-16.36.56:259][808]LogWindows: Error: [Callstack] 0x00007ffca52a47c7 UE4Editor-Engine.dll!UnknownFunction []
[2019.08.01-16.36.56:259][808]LogWindows: Error: [Callstack] 0x00007ffca52893cb UE4Editor-Engine.dll!UnknownFunction []
[2019.08.01-16.36.56:259][808]LogWindows: Error: [Callstack] 0x00007ffca51ef6d6 UE4Editor-Engine.dll!UnknownFunction []
[2019.08.01-16.36.56:259][808]LogWindows: Error: [Callstack] 0x00007ffca520e84d UE4Editor-Engine.dll!UnknownFunction []
[2019.08.01-16.36.56:259][808]LogWindows: Error: [Callstack] 0x00007ffca513ec21 UE4Editor-Engine.dll!UnknownFunction []
[2019.08.01-16.36.56:259][808]LogWindows: Error: [Callstack] 0x00007ffca51799c4 UE4Editor-Engine.dll!UnknownFunction []
[2019.08.01-16.36.56:259][808]LogWindows: Error: [Callstack] 0x00007ffca5fe16bd UE4Editor-Engine.dll!UnknownFunction []
[2019.08.01-16.36.56:259][808]LogWindows: Error: [Callstack] 0x00007ffca7f91f92 UE4Editor-Core.dll!UnknownFunction []
[2019.08.01-16.36.56:259][808]LogWindows: Error: [Callstack] 0x00007ffca7f92456 UE4Editor-Core.dll!UnknownFunction []
[2019.08.01-16.36.56:259][808]LogWindows: Error: [Callstack] 0x00007ffca7fa6d25 UE4Editor-Core.dll!UnknownFunction []
[2019.08.01-16.36.56:259][808]LogWindows: Error: [Callstack] 0x00007ffca6035b04 UE4Editor-Engine.dll!UnknownFunction []
[2019.08.01-16.36.56:259][808]LogWindows: Error: [Callstack] 0x00007ffca6044d92 UE4Editor-Engine.dll!UnknownFunction []
[2019.08.01-16.36.56:259][808]LogWindows: Error: [Callstack] 0x00007ffca57487e4 UE4Editor-Engine.dll!UnknownFunction []
[2019.08.01-16.36.56:259][808]LogWindows: Error: [Callstack] 0x00007ffca5754003 UE4Editor-Engine.dll!UnknownFunction []
[2019.08.01-16.36.56:259][808]LogWindows: Error: [Callstack] 0x00007ffca0147335 UE4Editor-UnrealEd.dll!UnknownFunction []
[2019.08.01-16.36.56:259][808]LogWindows: Error: [Callstack] 0x00007ffca0a3f666 UE4Editor-UnrealEd.dll!UnknownFunction []
[2019.08.01-16.36.56:259][808]LogWindows: Error: [Callstack] 0x00007ff763e05cbd UE4Editor.exe!UnknownFunction []
[2019.08.01-16.36.56:259][808]LogWindows: Error: [Callstack] 0x00007ff763e15b3c UE4Editor.exe!UnknownFunction []
[2019.08.01-16.36.56:259][808]LogWindows: Error: [Callstack] 0x00007ff763e15bba UE4Editor.exe!UnknownFunction []
[2019.08.01-16.36.56:259][808]LogWindows: Error: [Callstack] 0x00007ff763e23dac UE4Editor.exe!UnknownFunction []
[2019.08.01-16.36.56:259][808]LogWindows: Error: [Callstack] 0x00007ff763e25aaa UE4Editor.exe!UnknownFunction []
[2019.08.01-16.36.56:259][808]LogWindows: Error: [Callstack] 0x00007ffd29c37bd4 KERNEL32.DLL!UnknownFunction []
[2019.08.01-16.36.56:259][808]LogWindows: Error: [Callstack] 0x00007ffd2a36ce71 ntdll.dll!UnknownFunction []
[2019.08.01-16.36.56:259][808]LogWindows: Error: 
[2019.08.01-16.36.56:275][808]LogExit: Executing StaticShutdownAfterError
[2019.08.01-16.36.56:280][808]LogWindows: FPlatformMisc::RequestExit(1)
[2019.08.01-16.36.56:290][808]Log file closed, 08/01/19 12:36:56
